[2024-04-20T12:19:09.584+0700] {processor.py:161} INFO - Started process (PID=5433) to work on /home/newrey/airflow/airflow-env/lib/python3.10/site-packages/airflow/example_dags/plugins/decreasing_priority_weight_strategy.py
[2024-04-20T12:19:09.587+0700] {processor.py:830} INFO - Processing file /home/newrey/airflow/airflow-env/lib/python3.10/site-packages/airflow/example_dags/plugins/decreasing_priority_weight_strategy.py for tasks to queue
[2024-04-20T12:19:09.593+0700] {logging_mixin.py:188} INFO - [2024-04-20T12:19:09.592+0700] {dagbag.py:540} INFO - Filling up the DagBag from /home/newrey/airflow/airflow-env/lib/python3.10/site-packages/airflow/example_dags/plugins/decreasing_priority_weight_strategy.py
[2024-04-20T12:19:09.597+0700] {processor.py:842} WARNING - No viable dags retrieved from /home/newrey/airflow/airflow-env/lib/python3.10/site-packages/airflow/example_dags/plugins/decreasing_priority_weight_strategy.py
[2024-04-20T12:19:09.627+0700] {processor.py:183} INFO - Processing /home/newrey/airflow/airflow-env/lib/python3.10/site-packages/airflow/example_dags/plugins/decreasing_priority_weight_strategy.py took 0.055 seconds
[2024-04-20T12:20:46.669+0700] {processor.py:161} INFO - Started process (PID=6334) to work on /home/newrey/airflow/airflow-env/lib/python3.10/site-packages/airflow/example_dags/plugins/decreasing_priority_weight_strategy.py
[2024-04-20T12:20:46.673+0700] {processor.py:830} INFO - Processing file /home/newrey/airflow/airflow-env/lib/python3.10/site-packages/airflow/example_dags/plugins/decreasing_priority_weight_strategy.py for tasks to queue
[2024-04-20T12:20:46.677+0700] {logging_mixin.py:188} INFO - [2024-04-20T12:20:46.676+0700] {dagbag.py:540} INFO - Filling up the DagBag from /home/newrey/airflow/airflow-env/lib/python3.10/site-packages/airflow/example_dags/plugins/decreasing_priority_weight_strategy.py
[2024-04-20T12:20:46.684+0700] {processor.py:842} WARNING - No viable dags retrieved from /home/newrey/airflow/airflow-env/lib/python3.10/site-packages/airflow/example_dags/plugins/decreasing_priority_weight_strategy.py
[2024-04-20T12:20:46.708+0700] {processor.py:183} INFO - Processing /home/newrey/airflow/airflow-env/lib/python3.10/site-packages/airflow/example_dags/plugins/decreasing_priority_weight_strategy.py took 0.055 seconds
[2024-04-20T12:22:07.624+0700] {processor.py:161} INFO - Started process (PID=6980) to work on /home/newrey/airflow/airflow-env/lib/python3.10/site-packages/airflow/example_dags/plugins/decreasing_priority_weight_strategy.py
[2024-04-20T12:22:07.626+0700] {processor.py:830} INFO - Processing file /home/newrey/airflow/airflow-env/lib/python3.10/site-packages/airflow/example_dags/plugins/decreasing_priority_weight_strategy.py for tasks to queue
[2024-04-20T12:22:07.629+0700] {logging_mixin.py:188} INFO - [2024-04-20T12:22:07.629+0700] {dagbag.py:540} INFO - Filling up the DagBag from /home/newrey/airflow/airflow-env/lib/python3.10/site-packages/airflow/example_dags/plugins/decreasing_priority_weight_strategy.py
[2024-04-20T12:22:07.633+0700] {processor.py:842} WARNING - No viable dags retrieved from /home/newrey/airflow/airflow-env/lib/python3.10/site-packages/airflow/example_dags/plugins/decreasing_priority_weight_strategy.py
[2024-04-20T12:22:07.659+0700] {processor.py:183} INFO - Processing /home/newrey/airflow/airflow-env/lib/python3.10/site-packages/airflow/example_dags/plugins/decreasing_priority_weight_strategy.py took 0.043 seconds
[2024-04-20T12:24:00.161+0700] {processor.py:161} INFO - Started process (PID=8403) to work on /home/newrey/airflow/airflow-env/lib/python3.10/site-packages/airflow/example_dags/plugins/decreasing_priority_weight_strategy.py
[2024-04-20T12:24:00.188+0700] {processor.py:830} INFO - Processing file /home/newrey/airflow/airflow-env/lib/python3.10/site-packages/airflow/example_dags/plugins/decreasing_priority_weight_strategy.py for tasks to queue
[2024-04-20T12:24:00.195+0700] {logging_mixin.py:188} INFO - [2024-04-20T12:24:00.193+0700] {dagbag.py:540} INFO - Filling up the DagBag from /home/newrey/airflow/airflow-env/lib/python3.10/site-packages/airflow/example_dags/plugins/decreasing_priority_weight_strategy.py
[2024-04-20T12:24:00.205+0700] {processor.py:842} WARNING - No viable dags retrieved from /home/newrey/airflow/airflow-env/lib/python3.10/site-packages/airflow/example_dags/plugins/decreasing_priority_weight_strategy.py
[2024-04-20T12:24:00.268+0700] {processor.py:183} INFO - Processing /home/newrey/airflow/airflow-env/lib/python3.10/site-packages/airflow/example_dags/plugins/decreasing_priority_weight_strategy.py took 0.188 seconds
[2024-04-20T12:25:25.208+0700] {processor.py:161} INFO - Started process (PID=9244) to work on /home/newrey/airflow/airflow-env/lib/python3.10/site-packages/airflow/example_dags/plugins/decreasing_priority_weight_strategy.py
[2024-04-20T12:25:25.211+0700] {processor.py:830} INFO - Processing file /home/newrey/airflow/airflow-env/lib/python3.10/site-packages/airflow/example_dags/plugins/decreasing_priority_weight_strategy.py for tasks to queue
[2024-04-20T12:25:25.215+0700] {logging_mixin.py:188} INFO - [2024-04-20T12:25:25.214+0700] {dagbag.py:540} INFO - Filling up the DagBag from /home/newrey/airflow/airflow-env/lib/python3.10/site-packages/airflow/example_dags/plugins/decreasing_priority_weight_strategy.py
[2024-04-20T12:25:25.218+0700] {processor.py:842} WARNING - No viable dags retrieved from /home/newrey/airflow/airflow-env/lib/python3.10/site-packages/airflow/example_dags/plugins/decreasing_priority_weight_strategy.py
[2024-04-20T12:25:25.234+0700] {processor.py:183} INFO - Processing /home/newrey/airflow/airflow-env/lib/python3.10/site-packages/airflow/example_dags/plugins/decreasing_priority_weight_strategy.py took 0.045 seconds
[2024-04-20T12:26:54.204+0700] {processor.py:161} INFO - Started process (PID=10218) to work on /home/newrey/airflow/airflow-env/lib/python3.10/site-packages/airflow/example_dags/plugins/decreasing_priority_weight_strategy.py
[2024-04-20T12:26:54.208+0700] {processor.py:830} INFO - Processing file /home/newrey/airflow/airflow-env/lib/python3.10/site-packages/airflow/example_dags/plugins/decreasing_priority_weight_strategy.py for tasks to queue
[2024-04-20T12:26:54.214+0700] {logging_mixin.py:188} INFO - [2024-04-20T12:26:54.212+0700] {dagbag.py:540} INFO - Filling up the DagBag from /home/newrey/airflow/airflow-env/lib/python3.10/site-packages/airflow/example_dags/plugins/decreasing_priority_weight_strategy.py
[2024-04-20T12:26:54.220+0700] {processor.py:842} WARNING - No viable dags retrieved from /home/newrey/airflow/airflow-env/lib/python3.10/site-packages/airflow/example_dags/plugins/decreasing_priority_weight_strategy.py
[2024-04-20T12:26:54.251+0700] {processor.py:183} INFO - Processing /home/newrey/airflow/airflow-env/lib/python3.10/site-packages/airflow/example_dags/plugins/decreasing_priority_weight_strategy.py took 0.074 seconds
[2024-04-20T12:28:32.302+0700] {processor.py:161} INFO - Started process (PID=11498) to work on /home/newrey/airflow/airflow-env/lib/python3.10/site-packages/airflow/example_dags/plugins/decreasing_priority_weight_strategy.py
[2024-04-20T12:28:32.306+0700] {processor.py:830} INFO - Processing file /home/newrey/airflow/airflow-env/lib/python3.10/site-packages/airflow/example_dags/plugins/decreasing_priority_weight_strategy.py for tasks to queue
[2024-04-20T12:28:32.309+0700] {logging_mixin.py:188} INFO - [2024-04-20T12:28:32.309+0700] {dagbag.py:540} INFO - Filling up the DagBag from /home/newrey/airflow/airflow-env/lib/python3.10/site-packages/airflow/example_dags/plugins/decreasing_priority_weight_strategy.py
[2024-04-20T12:28:32.313+0700] {processor.py:842} WARNING - No viable dags retrieved from /home/newrey/airflow/airflow-env/lib/python3.10/site-packages/airflow/example_dags/plugins/decreasing_priority_weight_strategy.py
[2024-04-20T12:28:32.331+0700] {processor.py:183} INFO - Processing /home/newrey/airflow/airflow-env/lib/python3.10/site-packages/airflow/example_dags/plugins/decreasing_priority_weight_strategy.py took 0.055 seconds
[2024-04-20T12:30:51.795+0700] {processor.py:161} INFO - Started process (PID=13615) to work on /home/newrey/airflow/airflow-env/lib/python3.10/site-packages/airflow/example_dags/plugins/decreasing_priority_weight_strategy.py
[2024-04-20T12:30:51.799+0700] {processor.py:830} INFO - Processing file /home/newrey/airflow/airflow-env/lib/python3.10/site-packages/airflow/example_dags/plugins/decreasing_priority_weight_strategy.py for tasks to queue
[2024-04-20T12:30:51.801+0700] {logging_mixin.py:188} INFO - [2024-04-20T12:30:51.801+0700] {dagbag.py:540} INFO - Filling up the DagBag from /home/newrey/airflow/airflow-env/lib/python3.10/site-packages/airflow/example_dags/plugins/decreasing_priority_weight_strategy.py
[2024-04-20T12:30:51.809+0700] {processor.py:842} WARNING - No viable dags retrieved from /home/newrey/airflow/airflow-env/lib/python3.10/site-packages/airflow/example_dags/plugins/decreasing_priority_weight_strategy.py
[2024-04-20T12:30:51.832+0700] {processor.py:183} INFO - Processing /home/newrey/airflow/airflow-env/lib/python3.10/site-packages/airflow/example_dags/plugins/decreasing_priority_weight_strategy.py took 0.061 seconds
[2024-04-20T12:32:26.589+0700] {processor.py:161} INFO - Started process (PID=14686) to work on /home/newrey/airflow/airflow-env/lib/python3.10/site-packages/airflow/example_dags/plugins/decreasing_priority_weight_strategy.py
[2024-04-20T12:32:26.594+0700] {processor.py:830} INFO - Processing file /home/newrey/airflow/airflow-env/lib/python3.10/site-packages/airflow/example_dags/plugins/decreasing_priority_weight_strategy.py for tasks to queue
[2024-04-20T12:32:26.596+0700] {logging_mixin.py:188} INFO - [2024-04-20T12:32:26.595+0700] {dagbag.py:540} INFO - Filling up the DagBag from /home/newrey/airflow/airflow-env/lib/python3.10/site-packages/airflow/example_dags/plugins/decreasing_priority_weight_strategy.py
[2024-04-20T12:32:26.602+0700] {processor.py:842} WARNING - No viable dags retrieved from /home/newrey/airflow/airflow-env/lib/python3.10/site-packages/airflow/example_dags/plugins/decreasing_priority_weight_strategy.py
[2024-04-20T12:32:26.635+0700] {processor.py:183} INFO - Processing /home/newrey/airflow/airflow-env/lib/python3.10/site-packages/airflow/example_dags/plugins/decreasing_priority_weight_strategy.py took 0.064 seconds
[2024-04-20T12:33:43.832+0700] {processor.py:161} INFO - Started process (PID=15228) to work on /home/newrey/airflow/airflow-env/lib/python3.10/site-packages/airflow/example_dags/plugins/decreasing_priority_weight_strategy.py
[2024-04-20T12:33:43.834+0700] {processor.py:830} INFO - Processing file /home/newrey/airflow/airflow-env/lib/python3.10/site-packages/airflow/example_dags/plugins/decreasing_priority_weight_strategy.py for tasks to queue
[2024-04-20T12:33:43.836+0700] {logging_mixin.py:188} INFO - [2024-04-20T12:33:43.835+0700] {dagbag.py:540} INFO - Filling up the DagBag from /home/newrey/airflow/airflow-env/lib/python3.10/site-packages/airflow/example_dags/plugins/decreasing_priority_weight_strategy.py
[2024-04-20T12:33:43.839+0700] {processor.py:842} WARNING - No viable dags retrieved from /home/newrey/airflow/airflow-env/lib/python3.10/site-packages/airflow/example_dags/plugins/decreasing_priority_weight_strategy.py
[2024-04-20T12:33:43.865+0700] {processor.py:183} INFO - Processing /home/newrey/airflow/airflow-env/lib/python3.10/site-packages/airflow/example_dags/plugins/decreasing_priority_weight_strategy.py took 0.061 seconds
[2024-04-20T12:35:24.716+0700] {processor.py:161} INFO - Started process (PID=16396) to work on /home/newrey/airflow/airflow-env/lib/python3.10/site-packages/airflow/example_dags/plugins/decreasing_priority_weight_strategy.py
[2024-04-20T12:35:24.720+0700] {processor.py:830} INFO - Processing file /home/newrey/airflow/airflow-env/lib/python3.10/site-packages/airflow/example_dags/plugins/decreasing_priority_weight_strategy.py for tasks to queue
[2024-04-20T12:35:24.722+0700] {logging_mixin.py:188} INFO - [2024-04-20T12:35:24.721+0700] {dagbag.py:540} INFO - Filling up the DagBag from /home/newrey/airflow/airflow-env/lib/python3.10/site-packages/airflow/example_dags/plugins/decreasing_priority_weight_strategy.py
[2024-04-20T12:35:24.727+0700] {processor.py:842} WARNING - No viable dags retrieved from /home/newrey/airflow/airflow-env/lib/python3.10/site-packages/airflow/example_dags/plugins/decreasing_priority_weight_strategy.py
[2024-04-20T12:35:24.751+0700] {processor.py:183} INFO - Processing /home/newrey/airflow/airflow-env/lib/python3.10/site-packages/airflow/example_dags/plugins/decreasing_priority_weight_strategy.py took 0.055 seconds
[2024-04-20T12:36:48.506+0700] {processor.py:161} INFO - Started process (PID=17103) to work on /home/newrey/airflow/airflow-env/lib/python3.10/site-packages/airflow/example_dags/plugins/decreasing_priority_weight_strategy.py
[2024-04-20T12:36:48.509+0700] {processor.py:830} INFO - Processing file /home/newrey/airflow/airflow-env/lib/python3.10/site-packages/airflow/example_dags/plugins/decreasing_priority_weight_strategy.py for tasks to queue
[2024-04-20T12:36:48.512+0700] {logging_mixin.py:188} INFO - [2024-04-20T12:36:48.511+0700] {dagbag.py:540} INFO - Filling up the DagBag from /home/newrey/airflow/airflow-env/lib/python3.10/site-packages/airflow/example_dags/plugins/decreasing_priority_weight_strategy.py
[2024-04-20T12:36:48.518+0700] {processor.py:842} WARNING - No viable dags retrieved from /home/newrey/airflow/airflow-env/lib/python3.10/site-packages/airflow/example_dags/plugins/decreasing_priority_weight_strategy.py
[2024-04-20T12:36:48.546+0700] {processor.py:183} INFO - Processing /home/newrey/airflow/airflow-env/lib/python3.10/site-packages/airflow/example_dags/plugins/decreasing_priority_weight_strategy.py took 0.075 seconds
[2024-04-20T12:38:04.077+0700] {processor.py:161} INFO - Started process (PID=17820) to work on /home/newrey/airflow/airflow-env/lib/python3.10/site-packages/airflow/example_dags/plugins/decreasing_priority_weight_strategy.py
[2024-04-20T12:38:04.079+0700] {processor.py:830} INFO - Processing file /home/newrey/airflow/airflow-env/lib/python3.10/site-packages/airflow/example_dags/plugins/decreasing_priority_weight_strategy.py for tasks to queue
[2024-04-20T12:38:04.081+0700] {logging_mixin.py:188} INFO - [2024-04-20T12:38:04.080+0700] {dagbag.py:540} INFO - Filling up the DagBag from /home/newrey/airflow/airflow-env/lib/python3.10/site-packages/airflow/example_dags/plugins/decreasing_priority_weight_strategy.py
[2024-04-20T12:38:04.085+0700] {processor.py:842} WARNING - No viable dags retrieved from /home/newrey/airflow/airflow-env/lib/python3.10/site-packages/airflow/example_dags/plugins/decreasing_priority_weight_strategy.py
[2024-04-20T12:38:04.102+0700] {processor.py:183} INFO - Processing /home/newrey/airflow/airflow-env/lib/python3.10/site-packages/airflow/example_dags/plugins/decreasing_priority_weight_strategy.py took 0.039 seconds
[2024-04-20T12:39:24.816+0700] {processor.py:161} INFO - Started process (PID=18448) to work on /home/newrey/airflow/airflow-env/lib/python3.10/site-packages/airflow/example_dags/plugins/decreasing_priority_weight_strategy.py
[2024-04-20T12:39:24.818+0700] {processor.py:830} INFO - Processing file /home/newrey/airflow/airflow-env/lib/python3.10/site-packages/airflow/example_dags/plugins/decreasing_priority_weight_strategy.py for tasks to queue
[2024-04-20T12:39:24.820+0700] {logging_mixin.py:188} INFO - [2024-04-20T12:39:24.819+0700] {dagbag.py:540} INFO - Filling up the DagBag from /home/newrey/airflow/airflow-env/lib/python3.10/site-packages/airflow/example_dags/plugins/decreasing_priority_weight_strategy.py
[2024-04-20T12:39:24.825+0700] {processor.py:842} WARNING - No viable dags retrieved from /home/newrey/airflow/airflow-env/lib/python3.10/site-packages/airflow/example_dags/plugins/decreasing_priority_weight_strategy.py
[2024-04-20T12:39:24.849+0700] {processor.py:183} INFO - Processing /home/newrey/airflow/airflow-env/lib/python3.10/site-packages/airflow/example_dags/plugins/decreasing_priority_weight_strategy.py took 0.053 seconds
[2024-04-20T12:40:34.217+0700] {processor.py:161} INFO - Started process (PID=18959) to work on /home/newrey/airflow/airflow-env/lib/python3.10/site-packages/airflow/example_dags/plugins/decreasing_priority_weight_strategy.py
[2024-04-20T12:40:34.220+0700] {processor.py:830} INFO - Processing file /home/newrey/airflow/airflow-env/lib/python3.10/site-packages/airflow/example_dags/plugins/decreasing_priority_weight_strategy.py for tasks to queue
[2024-04-20T12:40:34.222+0700] {logging_mixin.py:188} INFO - [2024-04-20T12:40:34.222+0700] {dagbag.py:540} INFO - Filling up the DagBag from /home/newrey/airflow/airflow-env/lib/python3.10/site-packages/airflow/example_dags/plugins/decreasing_priority_weight_strategy.py
[2024-04-20T12:40:34.227+0700] {processor.py:842} WARNING - No viable dags retrieved from /home/newrey/airflow/airflow-env/lib/python3.10/site-packages/airflow/example_dags/plugins/decreasing_priority_weight_strategy.py
[2024-04-20T12:40:34.247+0700] {processor.py:183} INFO - Processing /home/newrey/airflow/airflow-env/lib/python3.10/site-packages/airflow/example_dags/plugins/decreasing_priority_weight_strategy.py took 0.049 seconds
[2024-04-20T12:41:35.852+0700] {processor.py:161} INFO - Started process (PID=19411) to work on /home/newrey/airflow/airflow-env/lib/python3.10/site-packages/airflow/example_dags/plugins/decreasing_priority_weight_strategy.py
[2024-04-20T12:41:35.854+0700] {processor.py:830} INFO - Processing file /home/newrey/airflow/airflow-env/lib/python3.10/site-packages/airflow/example_dags/plugins/decreasing_priority_weight_strategy.py for tasks to queue
[2024-04-20T12:41:35.856+0700] {logging_mixin.py:188} INFO - [2024-04-20T12:41:35.855+0700] {dagbag.py:540} INFO - Filling up the DagBag from /home/newrey/airflow/airflow-env/lib/python3.10/site-packages/airflow/example_dags/plugins/decreasing_priority_weight_strategy.py
[2024-04-20T12:41:35.860+0700] {processor.py:842} WARNING - No viable dags retrieved from /home/newrey/airflow/airflow-env/lib/python3.10/site-packages/airflow/example_dags/plugins/decreasing_priority_weight_strategy.py
[2024-04-20T12:41:35.883+0700] {processor.py:183} INFO - Processing /home/newrey/airflow/airflow-env/lib/python3.10/site-packages/airflow/example_dags/plugins/decreasing_priority_weight_strategy.py took 0.053 seconds
[2024-04-20T12:42:35.146+0700] {processor.py:161} INFO - Started process (PID=19912) to work on /home/newrey/airflow/airflow-env/lib/python3.10/site-packages/airflow/example_dags/plugins/decreasing_priority_weight_strategy.py
[2024-04-20T12:42:35.156+0700] {processor.py:830} INFO - Processing file /home/newrey/airflow/airflow-env/lib/python3.10/site-packages/airflow/example_dags/plugins/decreasing_priority_weight_strategy.py for tasks to queue
[2024-04-20T12:42:35.157+0700] {logging_mixin.py:188} INFO - [2024-04-20T12:42:35.157+0700] {dagbag.py:540} INFO - Filling up the DagBag from /home/newrey/airflow/airflow-env/lib/python3.10/site-packages/airflow/example_dags/plugins/decreasing_priority_weight_strategy.py
[2024-04-20T12:42:35.159+0700] {processor.py:842} WARNING - No viable dags retrieved from /home/newrey/airflow/airflow-env/lib/python3.10/site-packages/airflow/example_dags/plugins/decreasing_priority_weight_strategy.py
[2024-04-20T12:42:35.171+0700] {processor.py:183} INFO - Processing /home/newrey/airflow/airflow-env/lib/python3.10/site-packages/airflow/example_dags/plugins/decreasing_priority_weight_strategy.py took 0.041 seconds
[2024-04-20T12:43:40.201+0700] {processor.py:161} INFO - Started process (PID=20400) to work on /home/newrey/airflow/airflow-env/lib/python3.10/site-packages/airflow/example_dags/plugins/decreasing_priority_weight_strategy.py
[2024-04-20T12:43:40.208+0700] {processor.py:830} INFO - Processing file /home/newrey/airflow/airflow-env/lib/python3.10/site-packages/airflow/example_dags/plugins/decreasing_priority_weight_strategy.py for tasks to queue
[2024-04-20T12:43:40.211+0700] {logging_mixin.py:188} INFO - [2024-04-20T12:43:40.210+0700] {dagbag.py:540} INFO - Filling up the DagBag from /home/newrey/airflow/airflow-env/lib/python3.10/site-packages/airflow/example_dags/plugins/decreasing_priority_weight_strategy.py
[2024-04-20T12:43:40.216+0700] {processor.py:842} WARNING - No viable dags retrieved from /home/newrey/airflow/airflow-env/lib/python3.10/site-packages/airflow/example_dags/plugins/decreasing_priority_weight_strategy.py
[2024-04-20T12:43:40.244+0700] {processor.py:183} INFO - Processing /home/newrey/airflow/airflow-env/lib/python3.10/site-packages/airflow/example_dags/plugins/decreasing_priority_weight_strategy.py took 0.071 seconds
[2024-04-20T12:44:39.441+0700] {processor.py:161} INFO - Started process (PID=20841) to work on /home/newrey/airflow/airflow-env/lib/python3.10/site-packages/airflow/example_dags/plugins/decreasing_priority_weight_strategy.py
[2024-04-20T12:44:39.443+0700] {processor.py:830} INFO - Processing file /home/newrey/airflow/airflow-env/lib/python3.10/site-packages/airflow/example_dags/plugins/decreasing_priority_weight_strategy.py for tasks to queue
[2024-04-20T12:44:39.446+0700] {logging_mixin.py:188} INFO - [2024-04-20T12:44:39.445+0700] {dagbag.py:540} INFO - Filling up the DagBag from /home/newrey/airflow/airflow-env/lib/python3.10/site-packages/airflow/example_dags/plugins/decreasing_priority_weight_strategy.py
[2024-04-20T12:44:39.450+0700] {processor.py:842} WARNING - No viable dags retrieved from /home/newrey/airflow/airflow-env/lib/python3.10/site-packages/airflow/example_dags/plugins/decreasing_priority_weight_strategy.py
[2024-04-20T12:44:39.470+0700] {processor.py:183} INFO - Processing /home/newrey/airflow/airflow-env/lib/python3.10/site-packages/airflow/example_dags/plugins/decreasing_priority_weight_strategy.py took 0.052 seconds
[2024-04-20T12:45:36.824+0700] {processor.py:161} INFO - Started process (PID=21271) to work on /home/newrey/airflow/airflow-env/lib/python3.10/site-packages/airflow/example_dags/plugins/decreasing_priority_weight_strategy.py
[2024-04-20T12:45:36.828+0700] {processor.py:830} INFO - Processing file /home/newrey/airflow/airflow-env/lib/python3.10/site-packages/airflow/example_dags/plugins/decreasing_priority_weight_strategy.py for tasks to queue
[2024-04-20T12:45:36.830+0700] {logging_mixin.py:188} INFO - [2024-04-20T12:45:36.829+0700] {dagbag.py:540} INFO - Filling up the DagBag from /home/newrey/airflow/airflow-env/lib/python3.10/site-packages/airflow/example_dags/plugins/decreasing_priority_weight_strategy.py
[2024-04-20T12:45:36.834+0700] {processor.py:842} WARNING - No viable dags retrieved from /home/newrey/airflow/airflow-env/lib/python3.10/site-packages/airflow/example_dags/plugins/decreasing_priority_weight_strategy.py
[2024-04-20T12:45:36.856+0700] {processor.py:183} INFO - Processing /home/newrey/airflow/airflow-env/lib/python3.10/site-packages/airflow/example_dags/plugins/decreasing_priority_weight_strategy.py took 0.052 seconds
[2024-04-20T12:46:37.025+0700] {processor.py:161} INFO - Started process (PID=21719) to work on /home/newrey/airflow/airflow-env/lib/python3.10/site-packages/airflow/example_dags/plugins/decreasing_priority_weight_strategy.py
[2024-04-20T12:46:37.029+0700] {processor.py:830} INFO - Processing file /home/newrey/airflow/airflow-env/lib/python3.10/site-packages/airflow/example_dags/plugins/decreasing_priority_weight_strategy.py for tasks to queue
[2024-04-20T12:46:37.031+0700] {logging_mixin.py:188} INFO - [2024-04-20T12:46:37.030+0700] {dagbag.py:540} INFO - Filling up the DagBag from /home/newrey/airflow/airflow-env/lib/python3.10/site-packages/airflow/example_dags/plugins/decreasing_priority_weight_strategy.py
[2024-04-20T12:46:37.035+0700] {processor.py:842} WARNING - No viable dags retrieved from /home/newrey/airflow/airflow-env/lib/python3.10/site-packages/airflow/example_dags/plugins/decreasing_priority_weight_strategy.py
[2024-04-20T12:46:37.049+0700] {processor.py:183} INFO - Processing /home/newrey/airflow/airflow-env/lib/python3.10/site-packages/airflow/example_dags/plugins/decreasing_priority_weight_strategy.py took 0.044 seconds
[2024-04-20T12:47:40.195+0700] {processor.py:161} INFO - Started process (PID=22249) to work on /home/newrey/airflow/airflow-env/lib/python3.10/site-packages/airflow/example_dags/plugins/decreasing_priority_weight_strategy.py
[2024-04-20T12:47:40.205+0700] {processor.py:830} INFO - Processing file /home/newrey/airflow/airflow-env/lib/python3.10/site-packages/airflow/example_dags/plugins/decreasing_priority_weight_strategy.py for tasks to queue
[2024-04-20T12:47:40.207+0700] {logging_mixin.py:188} INFO - [2024-04-20T12:47:40.206+0700] {dagbag.py:540} INFO - Filling up the DagBag from /home/newrey/airflow/airflow-env/lib/python3.10/site-packages/airflow/example_dags/plugins/decreasing_priority_weight_strategy.py
[2024-04-20T12:47:40.211+0700] {processor.py:842} WARNING - No viable dags retrieved from /home/newrey/airflow/airflow-env/lib/python3.10/site-packages/airflow/example_dags/plugins/decreasing_priority_weight_strategy.py
[2024-04-20T12:47:40.233+0700] {processor.py:183} INFO - Processing /home/newrey/airflow/airflow-env/lib/python3.10/site-packages/airflow/example_dags/plugins/decreasing_priority_weight_strategy.py took 0.056 seconds
[2024-04-20T12:48:45.478+0700] {processor.py:161} INFO - Started process (PID=22742) to work on /home/newrey/airflow/airflow-env/lib/python3.10/site-packages/airflow/example_dags/plugins/decreasing_priority_weight_strategy.py
[2024-04-20T12:48:45.482+0700] {processor.py:830} INFO - Processing file /home/newrey/airflow/airflow-env/lib/python3.10/site-packages/airflow/example_dags/plugins/decreasing_priority_weight_strategy.py for tasks to queue
[2024-04-20T12:48:45.484+0700] {logging_mixin.py:188} INFO - [2024-04-20T12:48:45.483+0700] {dagbag.py:540} INFO - Filling up the DagBag from /home/newrey/airflow/airflow-env/lib/python3.10/site-packages/airflow/example_dags/plugins/decreasing_priority_weight_strategy.py
[2024-04-20T12:48:45.488+0700] {processor.py:842} WARNING - No viable dags retrieved from /home/newrey/airflow/airflow-env/lib/python3.10/site-packages/airflow/example_dags/plugins/decreasing_priority_weight_strategy.py
[2024-04-20T12:48:45.501+0700] {processor.py:183} INFO - Processing /home/newrey/airflow/airflow-env/lib/python3.10/site-packages/airflow/example_dags/plugins/decreasing_priority_weight_strategy.py took 0.040 seconds
