[2024-04-20T12:19:08.191+0700] {processor.py:161} INFO - Started process (PID=5427) to work on /home/newrey/airflow/airflow-env/lib/python3.10/site-packages/airflow/example_dags/plugins/listener_plugin.py
[2024-04-20T12:19:08.211+0700] {processor.py:830} INFO - Processing file /home/newrey/airflow/airflow-env/lib/python3.10/site-packages/airflow/example_dags/plugins/listener_plugin.py for tasks to queue
[2024-04-20T12:19:08.219+0700] {logging_mixin.py:188} INFO - [2024-04-20T12:19:08.215+0700] {dagbag.py:540} INFO - Filling up the DagBag from /home/newrey/airflow/airflow-env/lib/python3.10/site-packages/airflow/example_dags/plugins/listener_plugin.py
[2024-04-20T12:19:08.236+0700] {processor.py:842} WARNING - No viable dags retrieved from /home/newrey/airflow/airflow-env/lib/python3.10/site-packages/airflow/example_dags/plugins/listener_plugin.py
[2024-04-20T12:19:08.318+0700] {processor.py:183} INFO - Processing /home/newrey/airflow/airflow-env/lib/python3.10/site-packages/airflow/example_dags/plugins/listener_plugin.py took 0.162 seconds
[2024-04-20T12:20:46.049+0700] {processor.py:161} INFO - Started process (PID=6321) to work on /home/newrey/airflow/airflow-env/lib/python3.10/site-packages/airflow/example_dags/plugins/listener_plugin.py
[2024-04-20T12:20:46.052+0700] {processor.py:830} INFO - Processing file /home/newrey/airflow/airflow-env/lib/python3.10/site-packages/airflow/example_dags/plugins/listener_plugin.py for tasks to queue
[2024-04-20T12:20:46.056+0700] {logging_mixin.py:188} INFO - [2024-04-20T12:20:46.055+0700] {dagbag.py:540} INFO - Filling up the DagBag from /home/newrey/airflow/airflow-env/lib/python3.10/site-packages/airflow/example_dags/plugins/listener_plugin.py
[2024-04-20T12:20:46.061+0700] {processor.py:842} WARNING - No viable dags retrieved from /home/newrey/airflow/airflow-env/lib/python3.10/site-packages/airflow/example_dags/plugins/listener_plugin.py
[2024-04-20T12:20:46.082+0700] {processor.py:183} INFO - Processing /home/newrey/airflow/airflow-env/lib/python3.10/site-packages/airflow/example_dags/plugins/listener_plugin.py took 0.045 seconds
[2024-04-20T12:22:06.480+0700] {processor.py:161} INFO - Started process (PID=6975) to work on /home/newrey/airflow/airflow-env/lib/python3.10/site-packages/airflow/example_dags/plugins/listener_plugin.py
[2024-04-20T12:22:06.485+0700] {processor.py:830} INFO - Processing file /home/newrey/airflow/airflow-env/lib/python3.10/site-packages/airflow/example_dags/plugins/listener_plugin.py for tasks to queue
[2024-04-20T12:22:06.488+0700] {logging_mixin.py:188} INFO - [2024-04-20T12:22:06.488+0700] {dagbag.py:540} INFO - Filling up the DagBag from /home/newrey/airflow/airflow-env/lib/python3.10/site-packages/airflow/example_dags/plugins/listener_plugin.py
[2024-04-20T12:22:06.494+0700] {processor.py:842} WARNING - No viable dags retrieved from /home/newrey/airflow/airflow-env/lib/python3.10/site-packages/airflow/example_dags/plugins/listener_plugin.py
[2024-04-20T12:22:06.518+0700] {processor.py:183} INFO - Processing /home/newrey/airflow/airflow-env/lib/python3.10/site-packages/airflow/example_dags/plugins/listener_plugin.py took 0.053 seconds
[2024-04-20T12:23:58.410+0700] {processor.py:161} INFO - Started process (PID=8396) to work on /home/newrey/airflow/airflow-env/lib/python3.10/site-packages/airflow/example_dags/plugins/listener_plugin.py
[2024-04-20T12:23:58.418+0700] {processor.py:830} INFO - Processing file /home/newrey/airflow/airflow-env/lib/python3.10/site-packages/airflow/example_dags/plugins/listener_plugin.py for tasks to queue
[2024-04-20T12:23:58.424+0700] {logging_mixin.py:188} INFO - [2024-04-20T12:23:58.422+0700] {dagbag.py:540} INFO - Filling up the DagBag from /home/newrey/airflow/airflow-env/lib/python3.10/site-packages/airflow/example_dags/plugins/listener_plugin.py
[2024-04-20T12:23:58.453+0700] {processor.py:842} WARNING - No viable dags retrieved from /home/newrey/airflow/airflow-env/lib/python3.10/site-packages/airflow/example_dags/plugins/listener_plugin.py
[2024-04-20T12:23:58.514+0700] {processor.py:183} INFO - Processing /home/newrey/airflow/airflow-env/lib/python3.10/site-packages/airflow/example_dags/plugins/listener_plugin.py took 0.130 seconds
[2024-04-20T12:25:24.033+0700] {processor.py:161} INFO - Started process (PID=9232) to work on /home/newrey/airflow/airflow-env/lib/python3.10/site-packages/airflow/example_dags/plugins/listener_plugin.py
[2024-04-20T12:25:24.035+0700] {processor.py:830} INFO - Processing file /home/newrey/airflow/airflow-env/lib/python3.10/site-packages/airflow/example_dags/plugins/listener_plugin.py for tasks to queue
[2024-04-20T12:25:24.039+0700] {logging_mixin.py:188} INFO - [2024-04-20T12:25:24.038+0700] {dagbag.py:540} INFO - Filling up the DagBag from /home/newrey/airflow/airflow-env/lib/python3.10/site-packages/airflow/example_dags/plugins/listener_plugin.py
[2024-04-20T12:25:24.046+0700] {processor.py:842} WARNING - No viable dags retrieved from /home/newrey/airflow/airflow-env/lib/python3.10/site-packages/airflow/example_dags/plugins/listener_plugin.py
[2024-04-20T12:25:24.068+0700] {processor.py:183} INFO - Processing /home/newrey/airflow/airflow-env/lib/python3.10/site-packages/airflow/example_dags/plugins/listener_plugin.py took 0.057 seconds
[2024-04-20T12:26:52.907+0700] {processor.py:161} INFO - Started process (PID=10212) to work on /home/newrey/airflow/airflow-env/lib/python3.10/site-packages/airflow/example_dags/plugins/listener_plugin.py
[2024-04-20T12:26:52.912+0700] {processor.py:830} INFO - Processing file /home/newrey/airflow/airflow-env/lib/python3.10/site-packages/airflow/example_dags/plugins/listener_plugin.py for tasks to queue
[2024-04-20T12:26:52.917+0700] {logging_mixin.py:188} INFO - [2024-04-20T12:26:52.915+0700] {dagbag.py:540} INFO - Filling up the DagBag from /home/newrey/airflow/airflow-env/lib/python3.10/site-packages/airflow/example_dags/plugins/listener_plugin.py
[2024-04-20T12:26:52.926+0700] {processor.py:842} WARNING - No viable dags retrieved from /home/newrey/airflow/airflow-env/lib/python3.10/site-packages/airflow/example_dags/plugins/listener_plugin.py
[2024-04-20T12:26:52.982+0700] {processor.py:183} INFO - Processing /home/newrey/airflow/airflow-env/lib/python3.10/site-packages/airflow/example_dags/plugins/listener_plugin.py took 0.104 seconds
[2024-04-20T12:28:31.123+0700] {processor.py:161} INFO - Started process (PID=11492) to work on /home/newrey/airflow/airflow-env/lib/python3.10/site-packages/airflow/example_dags/plugins/listener_plugin.py
[2024-04-20T12:28:31.126+0700] {processor.py:830} INFO - Processing file /home/newrey/airflow/airflow-env/lib/python3.10/site-packages/airflow/example_dags/plugins/listener_plugin.py for tasks to queue
[2024-04-20T12:28:31.131+0700] {logging_mixin.py:188} INFO - [2024-04-20T12:28:31.129+0700] {dagbag.py:540} INFO - Filling up the DagBag from /home/newrey/airflow/airflow-env/lib/python3.10/site-packages/airflow/example_dags/plugins/listener_plugin.py
[2024-04-20T12:28:31.136+0700] {processor.py:842} WARNING - No viable dags retrieved from /home/newrey/airflow/airflow-env/lib/python3.10/site-packages/airflow/example_dags/plugins/listener_plugin.py
[2024-04-20T12:28:31.158+0700] {processor.py:183} INFO - Processing /home/newrey/airflow/airflow-env/lib/python3.10/site-packages/airflow/example_dags/plugins/listener_plugin.py took 0.065 seconds
[2024-04-20T12:30:50.537+0700] {processor.py:161} INFO - Started process (PID=13610) to work on /home/newrey/airflow/airflow-env/lib/python3.10/site-packages/airflow/example_dags/plugins/listener_plugin.py
[2024-04-20T12:30:50.541+0700] {processor.py:830} INFO - Processing file /home/newrey/airflow/airflow-env/lib/python3.10/site-packages/airflow/example_dags/plugins/listener_plugin.py for tasks to queue
[2024-04-20T12:30:50.543+0700] {logging_mixin.py:188} INFO - [2024-04-20T12:30:50.542+0700] {dagbag.py:540} INFO - Filling up the DagBag from /home/newrey/airflow/airflow-env/lib/python3.10/site-packages/airflow/example_dags/plugins/listener_plugin.py
[2024-04-20T12:30:50.548+0700] {processor.py:842} WARNING - No viable dags retrieved from /home/newrey/airflow/airflow-env/lib/python3.10/site-packages/airflow/example_dags/plugins/listener_plugin.py
[2024-04-20T12:30:50.574+0700] {processor.py:183} INFO - Processing /home/newrey/airflow/airflow-env/lib/python3.10/site-packages/airflow/example_dags/plugins/listener_plugin.py took 0.058 seconds
[2024-04-20T12:32:25.313+0700] {processor.py:161} INFO - Started process (PID=14674) to work on /home/newrey/airflow/airflow-env/lib/python3.10/site-packages/airflow/example_dags/plugins/listener_plugin.py
[2024-04-20T12:32:25.318+0700] {processor.py:830} INFO - Processing file /home/newrey/airflow/airflow-env/lib/python3.10/site-packages/airflow/example_dags/plugins/listener_plugin.py for tasks to queue
[2024-04-20T12:32:25.321+0700] {logging_mixin.py:188} INFO - [2024-04-20T12:32:25.320+0700] {dagbag.py:540} INFO - Filling up the DagBag from /home/newrey/airflow/airflow-env/lib/python3.10/site-packages/airflow/example_dags/plugins/listener_plugin.py
[2024-04-20T12:32:25.328+0700] {processor.py:842} WARNING - No viable dags retrieved from /home/newrey/airflow/airflow-env/lib/python3.10/site-packages/airflow/example_dags/plugins/listener_plugin.py
[2024-04-20T12:32:25.356+0700] {processor.py:183} INFO - Processing /home/newrey/airflow/airflow-env/lib/python3.10/site-packages/airflow/example_dags/plugins/listener_plugin.py took 0.073 seconds
[2024-04-20T12:33:42.601+0700] {processor.py:161} INFO - Started process (PID=15222) to work on /home/newrey/airflow/airflow-env/lib/python3.10/site-packages/airflow/example_dags/plugins/listener_plugin.py
[2024-04-20T12:33:42.605+0700] {processor.py:830} INFO - Processing file /home/newrey/airflow/airflow-env/lib/python3.10/site-packages/airflow/example_dags/plugins/listener_plugin.py for tasks to queue
[2024-04-20T12:33:42.606+0700] {logging_mixin.py:188} INFO - [2024-04-20T12:33:42.606+0700] {dagbag.py:540} INFO - Filling up the DagBag from /home/newrey/airflow/airflow-env/lib/python3.10/site-packages/airflow/example_dags/plugins/listener_plugin.py
[2024-04-20T12:33:42.612+0700] {processor.py:842} WARNING - No viable dags retrieved from /home/newrey/airflow/airflow-env/lib/python3.10/site-packages/airflow/example_dags/plugins/listener_plugin.py
[2024-04-20T12:33:42.636+0700] {processor.py:183} INFO - Processing /home/newrey/airflow/airflow-env/lib/python3.10/site-packages/airflow/example_dags/plugins/listener_plugin.py took 0.054 seconds
[2024-04-20T12:35:24.393+0700] {processor.py:161} INFO - Started process (PID=16394) to work on /home/newrey/airflow/airflow-env/lib/python3.10/site-packages/airflow/example_dags/plugins/listener_plugin.py
[2024-04-20T12:35:24.397+0700] {processor.py:830} INFO - Processing file /home/newrey/airflow/airflow-env/lib/python3.10/site-packages/airflow/example_dags/plugins/listener_plugin.py for tasks to queue
[2024-04-20T12:35:24.399+0700] {logging_mixin.py:188} INFO - [2024-04-20T12:35:24.398+0700] {dagbag.py:540} INFO - Filling up the DagBag from /home/newrey/airflow/airflow-env/lib/python3.10/site-packages/airflow/example_dags/plugins/listener_plugin.py
[2024-04-20T12:35:24.404+0700] {processor.py:842} WARNING - No viable dags retrieved from /home/newrey/airflow/airflow-env/lib/python3.10/site-packages/airflow/example_dags/plugins/listener_plugin.py
[2024-04-20T12:35:24.428+0700] {processor.py:183} INFO - Processing /home/newrey/airflow/airflow-env/lib/python3.10/site-packages/airflow/example_dags/plugins/listener_plugin.py took 0.055 seconds
[2024-04-20T12:36:47.928+0700] {processor.py:161} INFO - Started process (PID=17059) to work on /home/newrey/airflow/airflow-env/lib/python3.10/site-packages/airflow/example_dags/plugins/listener_plugin.py
[2024-04-20T12:36:47.933+0700] {processor.py:830} INFO - Processing file /home/newrey/airflow/airflow-env/lib/python3.10/site-packages/airflow/example_dags/plugins/listener_plugin.py for tasks to queue
[2024-04-20T12:36:47.935+0700] {logging_mixin.py:188} INFO - [2024-04-20T12:36:47.934+0700] {dagbag.py:540} INFO - Filling up the DagBag from /home/newrey/airflow/airflow-env/lib/python3.10/site-packages/airflow/example_dags/plugins/listener_plugin.py
[2024-04-20T12:36:47.940+0700] {processor.py:842} WARNING - No viable dags retrieved from /home/newrey/airflow/airflow-env/lib/python3.10/site-packages/airflow/example_dags/plugins/listener_plugin.py
[2024-04-20T12:36:47.965+0700] {processor.py:183} INFO - Processing /home/newrey/airflow/airflow-env/lib/python3.10/site-packages/airflow/example_dags/plugins/listener_plugin.py took 0.057 seconds
[2024-04-20T12:38:03.433+0700] {processor.py:161} INFO - Started process (PID=17816) to work on /home/newrey/airflow/airflow-env/lib/python3.10/site-packages/airflow/example_dags/plugins/listener_plugin.py
[2024-04-20T12:38:03.437+0700] {processor.py:830} INFO - Processing file /home/newrey/airflow/airflow-env/lib/python3.10/site-packages/airflow/example_dags/plugins/listener_plugin.py for tasks to queue
[2024-04-20T12:38:03.440+0700] {logging_mixin.py:188} INFO - [2024-04-20T12:38:03.439+0700] {dagbag.py:540} INFO - Filling up the DagBag from /home/newrey/airflow/airflow-env/lib/python3.10/site-packages/airflow/example_dags/plugins/listener_plugin.py
[2024-04-20T12:38:03.445+0700] {processor.py:842} WARNING - No viable dags retrieved from /home/newrey/airflow/airflow-env/lib/python3.10/site-packages/airflow/example_dags/plugins/listener_plugin.py
[2024-04-20T12:38:03.473+0700] {processor.py:183} INFO - Processing /home/newrey/airflow/airflow-env/lib/python3.10/site-packages/airflow/example_dags/plugins/listener_plugin.py took 0.061 seconds
[2024-04-20T12:39:23.635+0700] {processor.py:161} INFO - Started process (PID=18443) to work on /home/newrey/airflow/airflow-env/lib/python3.10/site-packages/airflow/example_dags/plugins/listener_plugin.py
[2024-04-20T12:39:23.638+0700] {processor.py:830} INFO - Processing file /home/newrey/airflow/airflow-env/lib/python3.10/site-packages/airflow/example_dags/plugins/listener_plugin.py for tasks to queue
[2024-04-20T12:39:23.641+0700] {logging_mixin.py:188} INFO - [2024-04-20T12:39:23.640+0700] {dagbag.py:540} INFO - Filling up the DagBag from /home/newrey/airflow/airflow-env/lib/python3.10/site-packages/airflow/example_dags/plugins/listener_plugin.py
[2024-04-20T12:39:23.647+0700] {processor.py:842} WARNING - No viable dags retrieved from /home/newrey/airflow/airflow-env/lib/python3.10/site-packages/airflow/example_dags/plugins/listener_plugin.py
[2024-04-20T12:39:23.670+0700] {processor.py:183} INFO - Processing /home/newrey/airflow/airflow-env/lib/python3.10/site-packages/airflow/example_dags/plugins/listener_plugin.py took 0.057 seconds
[2024-04-20T12:40:33.055+0700] {processor.py:161} INFO - Started process (PID=18953) to work on /home/newrey/airflow/airflow-env/lib/python3.10/site-packages/airflow/example_dags/plugins/listener_plugin.py
[2024-04-20T12:40:33.058+0700] {processor.py:830} INFO - Processing file /home/newrey/airflow/airflow-env/lib/python3.10/site-packages/airflow/example_dags/plugins/listener_plugin.py for tasks to queue
[2024-04-20T12:40:33.060+0700] {logging_mixin.py:188} INFO - [2024-04-20T12:40:33.059+0700] {dagbag.py:540} INFO - Filling up the DagBag from /home/newrey/airflow/airflow-env/lib/python3.10/site-packages/airflow/example_dags/plugins/listener_plugin.py
[2024-04-20T12:40:33.067+0700] {processor.py:842} WARNING - No viable dags retrieved from /home/newrey/airflow/airflow-env/lib/python3.10/site-packages/airflow/example_dags/plugins/listener_plugin.py
[2024-04-20T12:40:33.091+0700] {processor.py:183} INFO - Processing /home/newrey/airflow/airflow-env/lib/python3.10/site-packages/airflow/example_dags/plugins/listener_plugin.py took 0.055 seconds
[2024-04-20T12:41:34.682+0700] {processor.py:161} INFO - Started process (PID=19405) to work on /home/newrey/airflow/airflow-env/lib/python3.10/site-packages/airflow/example_dags/plugins/listener_plugin.py
[2024-04-20T12:41:34.686+0700] {processor.py:830} INFO - Processing file /home/newrey/airflow/airflow-env/lib/python3.10/site-packages/airflow/example_dags/plugins/listener_plugin.py for tasks to queue
[2024-04-20T12:41:34.689+0700] {logging_mixin.py:188} INFO - [2024-04-20T12:41:34.688+0700] {dagbag.py:540} INFO - Filling up the DagBag from /home/newrey/airflow/airflow-env/lib/python3.10/site-packages/airflow/example_dags/plugins/listener_plugin.py
[2024-04-20T12:41:34.694+0700] {processor.py:842} WARNING - No viable dags retrieved from /home/newrey/airflow/airflow-env/lib/python3.10/site-packages/airflow/example_dags/plugins/listener_plugin.py
[2024-04-20T12:41:34.712+0700] {processor.py:183} INFO - Processing /home/newrey/airflow/airflow-env/lib/python3.10/site-packages/airflow/example_dags/plugins/listener_plugin.py took 0.045 seconds
[2024-04-20T12:42:33.969+0700] {processor.py:161} INFO - Started process (PID=19900) to work on /home/newrey/airflow/airflow-env/lib/python3.10/site-packages/airflow/example_dags/plugins/listener_plugin.py
[2024-04-20T12:42:33.972+0700] {processor.py:830} INFO - Processing file /home/newrey/airflow/airflow-env/lib/python3.10/site-packages/airflow/example_dags/plugins/listener_plugin.py for tasks to queue
[2024-04-20T12:42:33.974+0700] {logging_mixin.py:188} INFO - [2024-04-20T12:42:33.973+0700] {dagbag.py:540} INFO - Filling up the DagBag from /home/newrey/airflow/airflow-env/lib/python3.10/site-packages/airflow/example_dags/plugins/listener_plugin.py
[2024-04-20T12:42:33.979+0700] {processor.py:842} WARNING - No viable dags retrieved from /home/newrey/airflow/airflow-env/lib/python3.10/site-packages/airflow/example_dags/plugins/listener_plugin.py
[2024-04-20T12:42:34.005+0700] {processor.py:183} INFO - Processing /home/newrey/airflow/airflow-env/lib/python3.10/site-packages/airflow/example_dags/plugins/listener_plugin.py took 0.056 seconds
[2024-04-20T12:43:39.448+0700] {processor.py:161} INFO - Started process (PID=20396) to work on /home/newrey/airflow/airflow-env/lib/python3.10/site-packages/airflow/example_dags/plugins/listener_plugin.py
[2024-04-20T12:43:39.452+0700] {processor.py:830} INFO - Processing file /home/newrey/airflow/airflow-env/lib/python3.10/site-packages/airflow/example_dags/plugins/listener_plugin.py for tasks to queue
[2024-04-20T12:43:39.454+0700] {logging_mixin.py:188} INFO - [2024-04-20T12:43:39.454+0700] {dagbag.py:540} INFO - Filling up the DagBag from /home/newrey/airflow/airflow-env/lib/python3.10/site-packages/airflow/example_dags/plugins/listener_plugin.py
[2024-04-20T12:43:39.459+0700] {processor.py:842} WARNING - No viable dags retrieved from /home/newrey/airflow/airflow-env/lib/python3.10/site-packages/airflow/example_dags/plugins/listener_plugin.py
[2024-04-20T12:43:39.480+0700] {processor.py:183} INFO - Processing /home/newrey/airflow/airflow-env/lib/python3.10/site-packages/airflow/example_dags/plugins/listener_plugin.py took 0.052 seconds
[2024-04-20T12:44:38.471+0700] {processor.py:161} INFO - Started process (PID=20836) to work on /home/newrey/airflow/airflow-env/lib/python3.10/site-packages/airflow/example_dags/plugins/listener_plugin.py
[2024-04-20T12:44:38.474+0700] {processor.py:830} INFO - Processing file /home/newrey/airflow/airflow-env/lib/python3.10/site-packages/airflow/example_dags/plugins/listener_plugin.py for tasks to queue
[2024-04-20T12:44:38.476+0700] {logging_mixin.py:188} INFO - [2024-04-20T12:44:38.475+0700] {dagbag.py:540} INFO - Filling up the DagBag from /home/newrey/airflow/airflow-env/lib/python3.10/site-packages/airflow/example_dags/plugins/listener_plugin.py
[2024-04-20T12:44:38.482+0700] {processor.py:842} WARNING - No viable dags retrieved from /home/newrey/airflow/airflow-env/lib/python3.10/site-packages/airflow/example_dags/plugins/listener_plugin.py
[2024-04-20T12:44:38.502+0700] {processor.py:183} INFO - Processing /home/newrey/airflow/airflow-env/lib/python3.10/site-packages/airflow/example_dags/plugins/listener_plugin.py took 0.051 seconds
[2024-04-20T12:45:35.950+0700] {processor.py:161} INFO - Started process (PID=21267) to work on /home/newrey/airflow/airflow-env/lib/python3.10/site-packages/airflow/example_dags/plugins/listener_plugin.py
[2024-04-20T12:45:35.953+0700] {processor.py:830} INFO - Processing file /home/newrey/airflow/airflow-env/lib/python3.10/site-packages/airflow/example_dags/plugins/listener_plugin.py for tasks to queue
[2024-04-20T12:45:35.954+0700] {logging_mixin.py:188} INFO - [2024-04-20T12:45:35.954+0700] {dagbag.py:540} INFO - Filling up the DagBag from /home/newrey/airflow/airflow-env/lib/python3.10/site-packages/airflow/example_dags/plugins/listener_plugin.py
[2024-04-20T12:45:35.956+0700] {processor.py:842} WARNING - No viable dags retrieved from /home/newrey/airflow/airflow-env/lib/python3.10/site-packages/airflow/example_dags/plugins/listener_plugin.py
[2024-04-20T12:45:35.968+0700] {processor.py:183} INFO - Processing /home/newrey/airflow/airflow-env/lib/python3.10/site-packages/airflow/example_dags/plugins/listener_plugin.py took 0.038 seconds
[2024-04-20T12:46:35.852+0700] {processor.py:161} INFO - Started process (PID=21714) to work on /home/newrey/airflow/airflow-env/lib/python3.10/site-packages/airflow/example_dags/plugins/listener_plugin.py
[2024-04-20T12:46:35.856+0700] {processor.py:830} INFO - Processing file /home/newrey/airflow/airflow-env/lib/python3.10/site-packages/airflow/example_dags/plugins/listener_plugin.py for tasks to queue
[2024-04-20T12:46:35.859+0700] {logging_mixin.py:188} INFO - [2024-04-20T12:46:35.858+0700] {dagbag.py:540} INFO - Filling up the DagBag from /home/newrey/airflow/airflow-env/lib/python3.10/site-packages/airflow/example_dags/plugins/listener_plugin.py
[2024-04-20T12:46:35.866+0700] {processor.py:842} WARNING - No viable dags retrieved from /home/newrey/airflow/airflow-env/lib/python3.10/site-packages/airflow/example_dags/plugins/listener_plugin.py
[2024-04-20T12:46:35.881+0700] {processor.py:183} INFO - Processing /home/newrey/airflow/airflow-env/lib/python3.10/site-packages/airflow/example_dags/plugins/listener_plugin.py took 0.052 seconds
[2024-04-20T12:47:39.002+0700] {processor.py:161} INFO - Started process (PID=22243) to work on /home/newrey/airflow/airflow-env/lib/python3.10/site-packages/airflow/example_dags/plugins/listener_plugin.py
[2024-04-20T12:47:39.005+0700] {processor.py:830} INFO - Processing file /home/newrey/airflow/airflow-env/lib/python3.10/site-packages/airflow/example_dags/plugins/listener_plugin.py for tasks to queue
[2024-04-20T12:47:39.007+0700] {logging_mixin.py:188} INFO - [2024-04-20T12:47:39.006+0700] {dagbag.py:540} INFO - Filling up the DagBag from /home/newrey/airflow/airflow-env/lib/python3.10/site-packages/airflow/example_dags/plugins/listener_plugin.py
[2024-04-20T12:47:39.012+0700] {processor.py:842} WARNING - No viable dags retrieved from /home/newrey/airflow/airflow-env/lib/python3.10/site-packages/airflow/example_dags/plugins/listener_plugin.py
[2024-04-20T12:47:39.033+0700] {processor.py:183} INFO - Processing /home/newrey/airflow/airflow-env/lib/python3.10/site-packages/airflow/example_dags/plugins/listener_plugin.py took 0.051 seconds
[2024-04-20T12:48:44.832+0700] {processor.py:161} INFO - Started process (PID=22738) to work on /home/newrey/airflow/airflow-env/lib/python3.10/site-packages/airflow/example_dags/plugins/listener_plugin.py
[2024-04-20T12:48:44.836+0700] {processor.py:830} INFO - Processing file /home/newrey/airflow/airflow-env/lib/python3.10/site-packages/airflow/example_dags/plugins/listener_plugin.py for tasks to queue
[2024-04-20T12:48:44.839+0700] {logging_mixin.py:188} INFO - [2024-04-20T12:48:44.838+0700] {dagbag.py:540} INFO - Filling up the DagBag from /home/newrey/airflow/airflow-env/lib/python3.10/site-packages/airflow/example_dags/plugins/listener_plugin.py
[2024-04-20T12:48:44.851+0700] {processor.py:842} WARNING - No viable dags retrieved from /home/newrey/airflow/airflow-env/lib/python3.10/site-packages/airflow/example_dags/plugins/listener_plugin.py
[2024-04-20T12:48:44.876+0700] {processor.py:183} INFO - Processing /home/newrey/airflow/airflow-env/lib/python3.10/site-packages/airflow/example_dags/plugins/listener_plugin.py took 0.065 seconds
