[2024-04-20T12:19:06.497+0700] {processor.py:161} INFO - Started process (PID=5416) to work on /home/newrey/airflow/airflow-env/lib/python3.10/site-packages/airflow/example_dags/plugins/workday.py
[2024-04-20T12:19:06.499+0700] {processor.py:830} INFO - Processing file /home/newrey/airflow/airflow-env/lib/python3.10/site-packages/airflow/example_dags/plugins/workday.py for tasks to queue
[2024-04-20T12:19:06.503+0700] {logging_mixin.py:188} INFO - [2024-04-20T12:19:06.502+0700] {dagbag.py:540} INFO - Filling up the DagBag from /home/newrey/airflow/airflow-env/lib/python3.10/site-packages/airflow/example_dags/plugins/workday.py
[2024-04-20T12:19:07.410+0700] {processor.py:842} WARNING - No viable dags retrieved from /home/newrey/airflow/airflow-env/lib/python3.10/site-packages/airflow/example_dags/plugins/workday.py
[2024-04-20T12:19:07.428+0700] {processor.py:183} INFO - Processing /home/newrey/airflow/airflow-env/lib/python3.10/site-packages/airflow/example_dags/plugins/workday.py took 0.945 seconds
[2024-04-20T12:20:43.332+0700] {processor.py:161} INFO - Started process (PID=6276) to work on /home/newrey/airflow/airflow-env/lib/python3.10/site-packages/airflow/example_dags/plugins/workday.py
[2024-04-20T12:20:43.336+0700] {processor.py:830} INFO - Processing file /home/newrey/airflow/airflow-env/lib/python3.10/site-packages/airflow/example_dags/plugins/workday.py for tasks to queue
[2024-04-20T12:20:43.342+0700] {logging_mixin.py:188} INFO - [2024-04-20T12:20:43.341+0700] {dagbag.py:540} INFO - Filling up the DagBag from /home/newrey/airflow/airflow-env/lib/python3.10/site-packages/airflow/example_dags/plugins/workday.py
[2024-04-20T12:20:44.877+0700] {processor.py:842} WARNING - No viable dags retrieved from /home/newrey/airflow/airflow-env/lib/python3.10/site-packages/airflow/example_dags/plugins/workday.py
[2024-04-20T12:20:44.896+0700] {processor.py:183} INFO - Processing /home/newrey/airflow/airflow-env/lib/python3.10/site-packages/airflow/example_dags/plugins/workday.py took 1.586 seconds
[2024-04-20T12:22:04.904+0700] {processor.py:161} INFO - Started process (PID=6965) to work on /home/newrey/airflow/airflow-env/lib/python3.10/site-packages/airflow/example_dags/plugins/workday.py
[2024-04-20T12:22:04.908+0700] {processor.py:830} INFO - Processing file /home/newrey/airflow/airflow-env/lib/python3.10/site-packages/airflow/example_dags/plugins/workday.py for tasks to queue
[2024-04-20T12:22:04.912+0700] {logging_mixin.py:188} INFO - [2024-04-20T12:22:04.911+0700] {dagbag.py:540} INFO - Filling up the DagBag from /home/newrey/airflow/airflow-env/lib/python3.10/site-packages/airflow/example_dags/plugins/workday.py
[2024-04-20T12:22:05.394+0700] {processor.py:842} WARNING - No viable dags retrieved from /home/newrey/airflow/airflow-env/lib/python3.10/site-packages/airflow/example_dags/plugins/workday.py
[2024-04-20T12:22:05.412+0700] {processor.py:183} INFO - Processing /home/newrey/airflow/airflow-env/lib/python3.10/site-packages/airflow/example_dags/plugins/workday.py took 0.522 seconds
[2024-04-20T12:23:56.093+0700] {processor.py:161} INFO - Started process (PID=8382) to work on /home/newrey/airflow/airflow-env/lib/python3.10/site-packages/airflow/example_dags/plugins/workday.py
[2024-04-20T12:23:56.107+0700] {processor.py:830} INFO - Processing file /home/newrey/airflow/airflow-env/lib/python3.10/site-packages/airflow/example_dags/plugins/workday.py for tasks to queue
[2024-04-20T12:23:56.111+0700] {logging_mixin.py:188} INFO - [2024-04-20T12:23:56.110+0700] {dagbag.py:540} INFO - Filling up the DagBag from /home/newrey/airflow/airflow-env/lib/python3.10/site-packages/airflow/example_dags/plugins/workday.py
[2024-04-20T12:23:57.121+0700] {processor.py:842} WARNING - No viable dags retrieved from /home/newrey/airflow/airflow-env/lib/python3.10/site-packages/airflow/example_dags/plugins/workday.py
[2024-04-20T12:23:57.155+0700] {processor.py:183} INFO - Processing /home/newrey/airflow/airflow-env/lib/python3.10/site-packages/airflow/example_dags/plugins/workday.py took 1.139 seconds
[2024-04-20T12:25:21.968+0700] {processor.py:161} INFO - Started process (PID=9219) to work on /home/newrey/airflow/airflow-env/lib/python3.10/site-packages/airflow/example_dags/plugins/workday.py
[2024-04-20T12:25:21.972+0700] {processor.py:830} INFO - Processing file /home/newrey/airflow/airflow-env/lib/python3.10/site-packages/airflow/example_dags/plugins/workday.py for tasks to queue
[2024-04-20T12:25:21.976+0700] {logging_mixin.py:188} INFO - [2024-04-20T12:25:21.975+0700] {dagbag.py:540} INFO - Filling up the DagBag from /home/newrey/airflow/airflow-env/lib/python3.10/site-packages/airflow/example_dags/plugins/workday.py
[2024-04-20T12:25:22.823+0700] {processor.py:842} WARNING - No viable dags retrieved from /home/newrey/airflow/airflow-env/lib/python3.10/site-packages/airflow/example_dags/plugins/workday.py
[2024-04-20T12:25:22.844+0700] {processor.py:183} INFO - Processing /home/newrey/airflow/airflow-env/lib/python3.10/site-packages/airflow/example_dags/plugins/workday.py took 0.895 seconds
[2024-04-20T12:26:52.073+0700] {processor.py:161} INFO - Started process (PID=10204) to work on /home/newrey/airflow/airflow-env/lib/python3.10/site-packages/airflow/example_dags/plugins/workday.py
[2024-04-20T12:26:52.076+0700] {processor.py:830} INFO - Processing file /home/newrey/airflow/airflow-env/lib/python3.10/site-packages/airflow/example_dags/plugins/workday.py for tasks to queue
[2024-04-20T12:26:52.080+0700] {logging_mixin.py:188} INFO - [2024-04-20T12:26:52.079+0700] {dagbag.py:540} INFO - Filling up the DagBag from /home/newrey/airflow/airflow-env/lib/python3.10/site-packages/airflow/example_dags/plugins/workday.py
[2024-04-20T12:26:52.674+0700] {processor.py:842} WARNING - No viable dags retrieved from /home/newrey/airflow/airflow-env/lib/python3.10/site-packages/airflow/example_dags/plugins/workday.py
[2024-04-20T12:26:52.688+0700] {processor.py:183} INFO - Processing /home/newrey/airflow/airflow-env/lib/python3.10/site-packages/airflow/example_dags/plugins/workday.py took 0.649 seconds
[2024-04-20T12:28:28.579+0700] {processor.py:161} INFO - Started process (PID=11409) to work on /home/newrey/airflow/airflow-env/lib/python3.10/site-packages/airflow/example_dags/plugins/workday.py
[2024-04-20T12:28:28.593+0700] {processor.py:830} INFO - Processing file /home/newrey/airflow/airflow-env/lib/python3.10/site-packages/airflow/example_dags/plugins/workday.py for tasks to queue
[2024-04-20T12:28:28.608+0700] {logging_mixin.py:188} INFO - [2024-04-20T12:28:28.607+0700] {dagbag.py:540} INFO - Filling up the DagBag from /home/newrey/airflow/airflow-env/lib/python3.10/site-packages/airflow/example_dags/plugins/workday.py
[2024-04-20T12:28:30.085+0700] {processor.py:842} WARNING - No viable dags retrieved from /home/newrey/airflow/airflow-env/lib/python3.10/site-packages/airflow/example_dags/plugins/workday.py
[2024-04-20T12:28:30.096+0700] {processor.py:183} INFO - Processing /home/newrey/airflow/airflow-env/lib/python3.10/site-packages/airflow/example_dags/plugins/workday.py took 1.569 seconds
[2024-04-20T12:30:49.239+0700] {processor.py:161} INFO - Started process (PID=13600) to work on /home/newrey/airflow/airflow-env/lib/python3.10/site-packages/airflow/example_dags/plugins/workday.py
[2024-04-20T12:30:49.243+0700] {processor.py:830} INFO - Processing file /home/newrey/airflow/airflow-env/lib/python3.10/site-packages/airflow/example_dags/plugins/workday.py for tasks to queue
[2024-04-20T12:30:49.245+0700] {logging_mixin.py:188} INFO - [2024-04-20T12:30:49.244+0700] {dagbag.py:540} INFO - Filling up the DagBag from /home/newrey/airflow/airflow-env/lib/python3.10/site-packages/airflow/example_dags/plugins/workday.py
[2024-04-20T12:30:50.003+0700] {processor.py:842} WARNING - No viable dags retrieved from /home/newrey/airflow/airflow-env/lib/python3.10/site-packages/airflow/example_dags/plugins/workday.py
[2024-04-20T12:30:50.017+0700] {processor.py:183} INFO - Processing /home/newrey/airflow/airflow-env/lib/python3.10/site-packages/airflow/example_dags/plugins/workday.py took 0.797 seconds
[2024-04-20T12:32:22.634+0700] {processor.py:161} INFO - Started process (PID=14659) to work on /home/newrey/airflow/airflow-env/lib/python3.10/site-packages/airflow/example_dags/plugins/workday.py
[2024-04-20T12:32:22.643+0700] {processor.py:830} INFO - Processing file /home/newrey/airflow/airflow-env/lib/python3.10/site-packages/airflow/example_dags/plugins/workday.py for tasks to queue
[2024-04-20T12:32:22.648+0700] {logging_mixin.py:188} INFO - [2024-04-20T12:32:22.647+0700] {dagbag.py:540} INFO - Filling up the DagBag from /home/newrey/airflow/airflow-env/lib/python3.10/site-packages/airflow/example_dags/plugins/workday.py
[2024-04-20T12:32:24.061+0700] {processor.py:842} WARNING - No viable dags retrieved from /home/newrey/airflow/airflow-env/lib/python3.10/site-packages/airflow/example_dags/plugins/workday.py
[2024-04-20T12:32:24.099+0700] {processor.py:183} INFO - Processing /home/newrey/airflow/airflow-env/lib/python3.10/site-packages/airflow/example_dags/plugins/workday.py took 1.500 seconds
[2024-04-20T12:33:40.375+0700] {processor.py:161} INFO - Started process (PID=15209) to work on /home/newrey/airflow/airflow-env/lib/python3.10/site-packages/airflow/example_dags/plugins/workday.py
[2024-04-20T12:33:40.377+0700] {processor.py:830} INFO - Processing file /home/newrey/airflow/airflow-env/lib/python3.10/site-packages/airflow/example_dags/plugins/workday.py for tasks to queue
[2024-04-20T12:33:40.380+0700] {logging_mixin.py:188} INFO - [2024-04-20T12:33:40.379+0700] {dagbag.py:540} INFO - Filling up the DagBag from /home/newrey/airflow/airflow-env/lib/python3.10/site-packages/airflow/example_dags/plugins/workday.py
[2024-04-20T12:33:41.345+0700] {processor.py:842} WARNING - No viable dags retrieved from /home/newrey/airflow/airflow-env/lib/python3.10/site-packages/airflow/example_dags/plugins/workday.py
[2024-04-20T12:33:41.363+0700] {processor.py:183} INFO - Processing /home/newrey/airflow/airflow-env/lib/python3.10/site-packages/airflow/example_dags/plugins/workday.py took 1.013 seconds
[2024-04-20T12:35:22.120+0700] {processor.py:161} INFO - Started process (PID=16380) to work on /home/newrey/airflow/airflow-env/lib/python3.10/site-packages/airflow/example_dags/plugins/workday.py
[2024-04-20T12:35:22.122+0700] {processor.py:830} INFO - Processing file /home/newrey/airflow/airflow-env/lib/python3.10/site-packages/airflow/example_dags/plugins/workday.py for tasks to queue
[2024-04-20T12:35:22.124+0700] {logging_mixin.py:188} INFO - [2024-04-20T12:35:22.124+0700] {dagbag.py:540} INFO - Filling up the DagBag from /home/newrey/airflow/airflow-env/lib/python3.10/site-packages/airflow/example_dags/plugins/workday.py
[2024-04-20T12:35:23.215+0700] {processor.py:842} WARNING - No viable dags retrieved from /home/newrey/airflow/airflow-env/lib/python3.10/site-packages/airflow/example_dags/plugins/workday.py
[2024-04-20T12:35:23.229+0700] {processor.py:183} INFO - Processing /home/newrey/airflow/airflow-env/lib/python3.10/site-packages/airflow/example_dags/plugins/workday.py took 1.131 seconds
[2024-04-20T12:36:45.040+0700] {processor.py:161} INFO - Started process (PID=17018) to work on /home/newrey/airflow/airflow-env/lib/python3.10/site-packages/airflow/example_dags/plugins/workday.py
[2024-04-20T12:36:45.047+0700] {processor.py:830} INFO - Processing file /home/newrey/airflow/airflow-env/lib/python3.10/site-packages/airflow/example_dags/plugins/workday.py for tasks to queue
[2024-04-20T12:36:45.052+0700] {logging_mixin.py:188} INFO - [2024-04-20T12:36:45.051+0700] {dagbag.py:540} INFO - Filling up the DagBag from /home/newrey/airflow/airflow-env/lib/python3.10/site-packages/airflow/example_dags/plugins/workday.py
[2024-04-20T12:36:46.758+0700] {processor.py:842} WARNING - No viable dags retrieved from /home/newrey/airflow/airflow-env/lib/python3.10/site-packages/airflow/example_dags/plugins/workday.py
[2024-04-20T12:36:46.773+0700] {processor.py:183} INFO - Processing /home/newrey/airflow/airflow-env/lib/python3.10/site-packages/airflow/example_dags/plugins/workday.py took 1.780 seconds
[2024-04-20T12:38:01.213+0700] {processor.py:161} INFO - Started process (PID=17803) to work on /home/newrey/airflow/airflow-env/lib/python3.10/site-packages/airflow/example_dags/plugins/workday.py
[2024-04-20T12:38:01.217+0700] {processor.py:830} INFO - Processing file /home/newrey/airflow/airflow-env/lib/python3.10/site-packages/airflow/example_dags/plugins/workday.py for tasks to queue
[2024-04-20T12:38:01.221+0700] {logging_mixin.py:188} INFO - [2024-04-20T12:38:01.219+0700] {dagbag.py:540} INFO - Filling up the DagBag from /home/newrey/airflow/airflow-env/lib/python3.10/site-packages/airflow/example_dags/plugins/workday.py
[2024-04-20T12:38:02.673+0700] {processor.py:842} WARNING - No viable dags retrieved from /home/newrey/airflow/airflow-env/lib/python3.10/site-packages/airflow/example_dags/plugins/workday.py
[2024-04-20T12:38:02.688+0700] {processor.py:183} INFO - Processing /home/newrey/airflow/airflow-env/lib/python3.10/site-packages/airflow/example_dags/plugins/workday.py took 1.496 seconds
[2024-04-20T12:39:21.427+0700] {processor.py:161} INFO - Started process (PID=18429) to work on /home/newrey/airflow/airflow-env/lib/python3.10/site-packages/airflow/example_dags/plugins/workday.py
[2024-04-20T12:39:21.430+0700] {processor.py:830} INFO - Processing file /home/newrey/airflow/airflow-env/lib/python3.10/site-packages/airflow/example_dags/plugins/workday.py for tasks to queue
[2024-04-20T12:39:21.436+0700] {logging_mixin.py:188} INFO - [2024-04-20T12:39:21.434+0700] {dagbag.py:540} INFO - Filling up the DagBag from /home/newrey/airflow/airflow-env/lib/python3.10/site-packages/airflow/example_dags/plugins/workday.py
[2024-04-20T12:39:22.411+0700] {processor.py:842} WARNING - No viable dags retrieved from /home/newrey/airflow/airflow-env/lib/python3.10/site-packages/airflow/example_dags/plugins/workday.py
[2024-04-20T12:39:22.423+0700] {processor.py:183} INFO - Processing /home/newrey/airflow/airflow-env/lib/python3.10/site-packages/airflow/example_dags/plugins/workday.py took 1.021 seconds
[2024-04-20T12:40:31.289+0700] {processor.py:161} INFO - Started process (PID=18941) to work on /home/newrey/airflow/airflow-env/lib/python3.10/site-packages/airflow/example_dags/plugins/workday.py
[2024-04-20T12:40:31.292+0700] {processor.py:830} INFO - Processing file /home/newrey/airflow/airflow-env/lib/python3.10/site-packages/airflow/example_dags/plugins/workday.py for tasks to queue
[2024-04-20T12:40:31.294+0700] {logging_mixin.py:188} INFO - [2024-04-20T12:40:31.293+0700] {dagbag.py:540} INFO - Filling up the DagBag from /home/newrey/airflow/airflow-env/lib/python3.10/site-packages/airflow/example_dags/plugins/workday.py
[2024-04-20T12:40:31.944+0700] {processor.py:842} WARNING - No viable dags retrieved from /home/newrey/airflow/airflow-env/lib/python3.10/site-packages/airflow/example_dags/plugins/workday.py
[2024-04-20T12:40:31.951+0700] {processor.py:183} INFO - Processing /home/newrey/airflow/airflow-env/lib/python3.10/site-packages/airflow/example_dags/plugins/workday.py took 0.681 seconds
[2024-04-20T12:41:32.891+0700] {processor.py:161} INFO - Started process (PID=19387) to work on /home/newrey/airflow/airflow-env/lib/python3.10/site-packages/airflow/example_dags/plugins/workday.py
[2024-04-20T12:41:32.894+0700] {processor.py:830} INFO - Processing file /home/newrey/airflow/airflow-env/lib/python3.10/site-packages/airflow/example_dags/plugins/workday.py for tasks to queue
[2024-04-20T12:41:32.897+0700] {logging_mixin.py:188} INFO - [2024-04-20T12:41:32.896+0700] {dagbag.py:540} INFO - Filling up the DagBag from /home/newrey/airflow/airflow-env/lib/python3.10/site-packages/airflow/example_dags/plugins/workday.py
[2024-04-20T12:41:33.493+0700] {processor.py:842} WARNING - No viable dags retrieved from /home/newrey/airflow/airflow-env/lib/python3.10/site-packages/airflow/example_dags/plugins/workday.py
[2024-04-20T12:41:33.500+0700] {processor.py:183} INFO - Processing /home/newrey/airflow/airflow-env/lib/python3.10/site-packages/airflow/example_dags/plugins/workday.py took 0.635 seconds
[2024-04-20T12:42:32.192+0700] {processor.py:161} INFO - Started process (PID=19888) to work on /home/newrey/airflow/airflow-env/lib/python3.10/site-packages/airflow/example_dags/plugins/workday.py
[2024-04-20T12:42:32.199+0700] {processor.py:830} INFO - Processing file /home/newrey/airflow/airflow-env/lib/python3.10/site-packages/airflow/example_dags/plugins/workday.py for tasks to queue
[2024-04-20T12:42:32.201+0700] {logging_mixin.py:188} INFO - [2024-04-20T12:42:32.200+0700] {dagbag.py:540} INFO - Filling up the DagBag from /home/newrey/airflow/airflow-env/lib/python3.10/site-packages/airflow/example_dags/plugins/workday.py
[2024-04-20T12:42:32.861+0700] {processor.py:842} WARNING - No viable dags retrieved from /home/newrey/airflow/airflow-env/lib/python3.10/site-packages/airflow/example_dags/plugins/workday.py
[2024-04-20T12:42:32.872+0700] {processor.py:183} INFO - Processing /home/newrey/airflow/airflow-env/lib/python3.10/site-packages/airflow/example_dags/plugins/workday.py took 0.698 seconds
[2024-04-20T12:43:37.664+0700] {processor.py:161} INFO - Started process (PID=20385) to work on /home/newrey/airflow/airflow-env/lib/python3.10/site-packages/airflow/example_dags/plugins/workday.py
[2024-04-20T12:43:37.668+0700] {processor.py:830} INFO - Processing file /home/newrey/airflow/airflow-env/lib/python3.10/site-packages/airflow/example_dags/plugins/workday.py for tasks to queue
[2024-04-20T12:43:37.670+0700] {logging_mixin.py:188} INFO - [2024-04-20T12:43:37.669+0700] {dagbag.py:540} INFO - Filling up the DagBag from /home/newrey/airflow/airflow-env/lib/python3.10/site-packages/airflow/example_dags/plugins/workday.py
[2024-04-20T12:43:38.288+0700] {processor.py:842} WARNING - No viable dags retrieved from /home/newrey/airflow/airflow-env/lib/python3.10/site-packages/airflow/example_dags/plugins/workday.py
[2024-04-20T12:43:38.301+0700] {processor.py:183} INFO - Processing /home/newrey/airflow/airflow-env/lib/python3.10/site-packages/airflow/example_dags/plugins/workday.py took 0.655 seconds
[2024-04-20T12:44:36.704+0700] {processor.py:161} INFO - Started process (PID=20825) to work on /home/newrey/airflow/airflow-env/lib/python3.10/site-packages/airflow/example_dags/plugins/workday.py
[2024-04-20T12:44:36.708+0700] {processor.py:830} INFO - Processing file /home/newrey/airflow/airflow-env/lib/python3.10/site-packages/airflow/example_dags/plugins/workday.py for tasks to queue
[2024-04-20T12:44:36.710+0700] {logging_mixin.py:188} INFO - [2024-04-20T12:44:36.709+0700] {dagbag.py:540} INFO - Filling up the DagBag from /home/newrey/airflow/airflow-env/lib/python3.10/site-packages/airflow/example_dags/plugins/workday.py
[2024-04-20T12:44:37.329+0700] {processor.py:842} WARNING - No viable dags retrieved from /home/newrey/airflow/airflow-env/lib/python3.10/site-packages/airflow/example_dags/plugins/workday.py
[2024-04-20T12:44:37.335+0700] {processor.py:183} INFO - Processing /home/newrey/airflow/airflow-env/lib/python3.10/site-packages/airflow/example_dags/plugins/workday.py took 0.649 seconds
[2024-04-20T12:45:34.196+0700] {processor.py:161} INFO - Started process (PID=21249) to work on /home/newrey/airflow/airflow-env/lib/python3.10/site-packages/airflow/example_dags/plugins/workday.py
[2024-04-20T12:45:34.199+0700] {processor.py:830} INFO - Processing file /home/newrey/airflow/airflow-env/lib/python3.10/site-packages/airflow/example_dags/plugins/workday.py for tasks to queue
[2024-04-20T12:45:34.201+0700] {logging_mixin.py:188} INFO - [2024-04-20T12:45:34.200+0700] {dagbag.py:540} INFO - Filling up the DagBag from /home/newrey/airflow/airflow-env/lib/python3.10/site-packages/airflow/example_dags/plugins/workday.py
[2024-04-20T12:45:34.828+0700] {processor.py:842} WARNING - No viable dags retrieved from /home/newrey/airflow/airflow-env/lib/python3.10/site-packages/airflow/example_dags/plugins/workday.py
[2024-04-20T12:45:34.839+0700] {processor.py:183} INFO - Processing /home/newrey/airflow/airflow-env/lib/python3.10/site-packages/airflow/example_dags/plugins/workday.py took 0.661 seconds
[2024-04-20T12:46:34.060+0700] {processor.py:161} INFO - Started process (PID=21702) to work on /home/newrey/airflow/airflow-env/lib/python3.10/site-packages/airflow/example_dags/plugins/workday.py
[2024-04-20T12:46:34.062+0700] {processor.py:830} INFO - Processing file /home/newrey/airflow/airflow-env/lib/python3.10/site-packages/airflow/example_dags/plugins/workday.py for tasks to queue
[2024-04-20T12:46:34.064+0700] {logging_mixin.py:188} INFO - [2024-04-20T12:46:34.063+0700] {dagbag.py:540} INFO - Filling up the DagBag from /home/newrey/airflow/airflow-env/lib/python3.10/site-packages/airflow/example_dags/plugins/workday.py
[2024-04-20T12:46:34.658+0700] {processor.py:842} WARNING - No viable dags retrieved from /home/newrey/airflow/airflow-env/lib/python3.10/site-packages/airflow/example_dags/plugins/workday.py
[2024-04-20T12:46:34.666+0700] {processor.py:183} INFO - Processing /home/newrey/airflow/airflow-env/lib/python3.10/site-packages/airflow/example_dags/plugins/workday.py took 0.624 seconds
[2024-04-20T12:47:37.551+0700] {processor.py:161} INFO - Started process (PID=22233) to work on /home/newrey/airflow/airflow-env/lib/python3.10/site-packages/airflow/example_dags/plugins/workday.py
[2024-04-20T12:47:37.554+0700] {processor.py:830} INFO - Processing file /home/newrey/airflow/airflow-env/lib/python3.10/site-packages/airflow/example_dags/plugins/workday.py for tasks to queue
[2024-04-20T12:47:37.556+0700] {logging_mixin.py:188} INFO - [2024-04-20T12:47:37.555+0700] {dagbag.py:540} INFO - Filling up the DagBag from /home/newrey/airflow/airflow-env/lib/python3.10/site-packages/airflow/example_dags/plugins/workday.py
[2024-04-20T12:47:38.172+0700] {processor.py:842} WARNING - No viable dags retrieved from /home/newrey/airflow/airflow-env/lib/python3.10/site-packages/airflow/example_dags/plugins/workday.py
[2024-04-20T12:47:38.179+0700] {processor.py:183} INFO - Processing /home/newrey/airflow/airflow-env/lib/python3.10/site-packages/airflow/example_dags/plugins/workday.py took 0.640 seconds
[2024-04-20T12:48:43.061+0700] {processor.py:161} INFO - Started process (PID=22727) to work on /home/newrey/airflow/airflow-env/lib/python3.10/site-packages/airflow/example_dags/plugins/workday.py
[2024-04-20T12:48:43.064+0700] {processor.py:830} INFO - Processing file /home/newrey/airflow/airflow-env/lib/python3.10/site-packages/airflow/example_dags/plugins/workday.py for tasks to queue
[2024-04-20T12:48:43.066+0700] {logging_mixin.py:188} INFO - [2024-04-20T12:48:43.066+0700] {dagbag.py:540} INFO - Filling up the DagBag from /home/newrey/airflow/airflow-env/lib/python3.10/site-packages/airflow/example_dags/plugins/workday.py
[2024-04-20T12:48:43.659+0700] {processor.py:842} WARNING - No viable dags retrieved from /home/newrey/airflow/airflow-env/lib/python3.10/site-packages/airflow/example_dags/plugins/workday.py
[2024-04-20T12:48:43.672+0700] {processor.py:183} INFO - Processing /home/newrey/airflow/airflow-env/lib/python3.10/site-packages/airflow/example_dags/plugins/workday.py took 0.631 seconds
