[2024-04-29T15:34:53.165+0700] {local_task_job_runner.py:120} INFO - ::group::Pre task execution logs
[2024-04-29T15:34:53.196+0700] {taskinstance.py:2073} INFO - Dependencies all met for dep_context=non-requeueable deps ti=<TaskInstance: DAG_Code-Competance-2.execute_data_transform manual__2024-04-29T08:30:05.304457+00:00 [queued]>
[2024-04-29T15:34:53.203+0700] {taskinstance.py:2073} INFO - Dependencies all met for dep_context=requeueable deps ti=<TaskInstance: DAG_Code-Competance-2.execute_data_transform manual__2024-04-29T08:30:05.304457+00:00 [queued]>
[2024-04-29T15:34:53.204+0700] {taskinstance.py:2303} INFO - Starting attempt 2 of 3
[2024-04-29T15:34:53.226+0700] {taskinstance.py:2327} INFO - Executing <Task(PythonOperator): execute_data_transform> on 2024-04-29 08:30:05.304457+00:00
[2024-04-29T15:34:53.230+0700] {standard_task_runner.py:63} INFO - Started process 125247 to run task
[2024-04-29T15:34:53.234+0700] {standard_task_runner.py:90} INFO - Running: ['airflow', 'tasks', 'run', 'DAG_Code-Competance-2', 'execute_data_transform', 'manual__2024-04-29T08:30:05.304457+00:00', '--job-id', '79', '--raw', '--subdir', 'DAGS_FOLDER/DAG_ETL_Code-Competance-2.py', '--cfg-path', '/tmp/tmp4zsfg6ky']
[2024-04-29T15:34:53.235+0700] {standard_task_runner.py:91} INFO - Job 79: Subtask execute_data_transform
[2024-04-29T15:34:53.279+0700] {task_command.py:426} INFO - Running <TaskInstance: DAG_Code-Competance-2.execute_data_transform manual__2024-04-29T08:30:05.304457+00:00 [running]> on host LAPTOP-984VLCTV.
[2024-04-29T15:34:53.351+0700] {taskinstance.py:2644} INFO - Exporting env vars: AIRFLOW_CTX_DAG_OWNER='nuri' AIRFLOW_CTX_DAG_ID='DAG_Code-Competance-2' AIRFLOW_CTX_TASK_ID='execute_data_transform' AIRFLOW_CTX_EXECUTION_DATE='2024-04-29T08:30:05.304457+00:00' AIRFLOW_CTX_TRY_NUMBER='2' AIRFLOW_CTX_DAG_RUN_ID='manual__2024-04-29T08:30:05.304457+00:00'
[2024-04-29T15:34:53.352+0700] {taskinstance.py:430} INFO - ::endgroup::
[2024-04-29T15:34:53.511+0700] {logging_mixin.py:188} WARNING - 2024-04-29 15:34:53,511 - INFO - Data berhasil dimuat dari events.parquet
[2024-04-29T15:34:53.511+0700] {data_transformation.py:37} INFO - Data berhasil dimuat dari events.parquet
[2024-04-29T15:34:53.518+0700] {logging_mixin.py:188} WARNING - 2024-04-29 15:34:53,518 - INFO - Data berhasil dimuat dari customers.parquet
[2024-04-29T15:34:53.518+0700] {data_transformation.py:37} INFO - Data berhasil dimuat dari customers.parquet
[2024-04-29T15:34:53.527+0700] {logging_mixin.py:188} WARNING - 2024-04-29 15:34:53,526 - INFO - Data berhasil dimuat dari tickets.parquet
[2024-04-29T15:34:53.526+0700] {data_transformation.py:37} INFO - Data berhasil dimuat dari tickets.parquet
[2024-04-29T15:34:53.536+0700] {logging_mixin.py:188} WARNING - 2024-04-29 15:34:53,536 - INFO - Data berhasil dimuat dari transactions.parquet
[2024-04-29T15:34:53.536+0700] {data_transformation.py:37} INFO - Data berhasil dimuat dari transactions.parquet
[2024-04-29T15:34:53.544+0700] {logging_mixin.py:188} WARNING - 2024-04-29 15:34:53,544 - INFO - Data berhasil dimuat dari customer_feedback.parquet
[2024-04-29T15:34:53.544+0700] {data_transformation.py:37} INFO - Data berhasil dimuat dari customer_feedback.parquet
[2024-04-29T15:34:53.614+0700] {logging_mixin.py:188} WARNING - 2024-04-29 15:34:53,614 - INFO - Berhasil Menghitung Rata-rata rating per-Acara
[2024-04-29T15:34:53.614+0700] {data_transformation.py:60} INFO - Berhasil Menghitung Rata-rata rating per-Acara
[2024-04-29T15:34:53.623+0700] {logging_mixin.py:188} WARNING - 2024-04-29 15:34:53,622 - INFO - Berikut adalah Rata-rata Rating per-Acara: 
   feedback_id  rating
0            1     5.0
1            2     4.0
2            3     3.0
3            4     5.0
4            5     4.0
5            6     3.0
6            7     2.0
7            8     5.0
8            9     4.0
9           10     3.0
[2024-04-29T15:34:53.622+0700] {data_transformation.py:61} INFO - Berikut adalah Rata-rata Rating per-Acara: 
   feedback_id  rating
0            1     5.0
1            2     4.0
2            3     3.0
3            4     5.0
4            5     4.0
5            6     3.0
6            7     2.0
7            8     5.0
8            9     4.0
9           10     3.0
[2024-04-29T15:34:53.626+0700] {python.py:237} INFO - Done. Returned value was: None
[2024-04-29T15:34:53.628+0700] {taskinstance.py:441} INFO - ::group::Post task execution logs
[2024-04-29T15:34:53.636+0700] {taskinstance.py:1205} INFO - Marking task as SUCCESS. dag_id=DAG_Code-Competance-2, task_id=execute_data_transform, execution_date=20240429T083005, start_date=20240429T083453, end_date=20240429T083453
[2024-04-29T15:34:53.689+0700] {local_task_job_runner.py:240} INFO - Task exited with return code 0
[2024-04-29T15:34:53.710+0700] {taskinstance.py:3482} INFO - 1 downstream tasks scheduled from follow-on schedule check
[2024-04-29T15:34:53.714+0700] {local_task_job_runner.py:222} INFO - ::endgroup::
