[2024-04-09T14:51:36.662+0000] {local_task_job_runner.py:120} INFO - ::group::Pre task execution logs
[2024-04-09T14:51:36.729+0000] {taskinstance.py:2073} INFO - Dependencies all met for dep_context=non-requeueable deps ti=<TaskInstance: fakestore_dag.write_to_csv manual__2024-04-09T14:51:17.604455+00:00 [queued]>
[2024-04-09T14:51:36.761+0000] {taskinstance.py:2073} INFO - Dependencies all met for dep_context=requeueable deps ti=<TaskInstance: fakestore_dag.write_to_csv manual__2024-04-09T14:51:17.604455+00:00 [queued]>
[2024-04-09T14:51:36.763+0000] {taskinstance.py:2303} INFO - Starting attempt 1 of 4
[2024-04-09T14:51:36.810+0000] {taskinstance.py:2327} INFO - Executing <Task(PythonOperator): write_to_csv> on 2024-04-09 14:51:17.604455+00:00
[2024-04-09T14:51:36.827+0000] {warnings.py:110} WARNING - /home/***/.local/lib/python3.12/site-packages/***/task/task_runner/standard_task_runner.py:61: DeprecationWarning: This process (pid=2641) is multi-threaded, use of fork() may lead to deadlocks in the child.
  pid = os.fork()

[2024-04-09T14:51:36.827+0000] {standard_task_runner.py:90} INFO - Running: ['***', 'tasks', 'run', 'fakestore_dag', 'write_to_csv', 'manual__2024-04-09T14:51:17.604455+00:00', '--job-id', '156', '--raw', '--subdir', 'DAGS_FOLDER/get_write_data_from_api.py', '--cfg-path', '/tmp/tmpwgpz7e_r']
[2024-04-09T14:51:36.829+0000] {standard_task_runner.py:63} INFO - Started process 2645 to run task
[2024-04-09T14:51:36.829+0000] {standard_task_runner.py:91} INFO - Job 156: Subtask write_to_csv
[2024-04-09T14:51:36.934+0000] {task_command.py:426} INFO - Running <TaskInstance: fakestore_dag.write_to_csv manual__2024-04-09T14:51:17.604455+00:00 [running]> on host a05b73ef9a4b
[2024-04-09T14:51:37.707+0000] {taskinstance.py:2644} INFO - Exporting env vars: AIRFLOW_CTX_DAG_OWNER='***' AIRFLOW_CTX_DAG_ID='fakestore_dag' AIRFLOW_CTX_TASK_ID='write_to_csv' AIRFLOW_CTX_EXECUTION_DATE='2024-04-09T14:51:17.604455+00:00' AIRFLOW_CTX_TRY_NUMBER='1' AIRFLOW_CTX_DAG_RUN_ID='manual__2024-04-09T14:51:17.604455+00:00'
[2024-04-09T14:51:37.724+0000] {taskinstance.py:430} INFO - ::endgroup::
[2024-04-09T14:51:37.962+0000] {get_write_data_from_api.py:47} INFO - Data written to CSV file: 15_Workflow-Orchestration-with-Apache-Airflow/Praktikum/Prioritas-2/data.csv
[2024-04-09T14:51:37.980+0000] {python.py:237} INFO - Done. Returned value was: None
[2024-04-09T14:51:37.989+0000] {taskinstance.py:441} INFO - ::group::Post task execution logs
[2024-04-09T14:51:38.109+0000] {taskinstance.py:1205} INFO - Marking task as SUCCESS. dag_id=fakestore_dag, task_id=write_to_csv, execution_date=20240409T145117, start_date=20240409T145136, end_date=20240409T145138
[2024-04-09T14:51:38.274+0000] {local_task_job_runner.py:240} INFO - Task exited with return code 0
[2024-04-09T14:51:38.575+0000] {taskinstance.py:3482} INFO - 0 downstream tasks scheduled from follow-on schedule check
[2024-04-09T14:51:38.621+0000] {local_task_job_runner.py:222} INFO - ::endgroup::
