[2024-04-09T18:37:17.134+0000] {local_task_job_runner.py:120} INFO - ::group::Pre task execution logs
[2024-04-09T18:37:17.202+0000] {taskinstance.py:2073} INFO - Dependencies all met for dep_context=non-requeueable deps ti=<TaskInstance: fruits_dag.insert_fruit_data manual__2024-04-09T17:13:22.198669+00:00 [queued]>
[2024-04-09T18:37:17.231+0000] {taskinstance.py:2073} INFO - Dependencies all met for dep_context=requeueable deps ti=<TaskInstance: fruits_dag.insert_fruit_data manual__2024-04-09T17:13:22.198669+00:00 [queued]>
[2024-04-09T18:37:17.232+0000] {taskinstance.py:2303} INFO - Starting attempt 2 of 3
[2024-04-09T18:37:17.267+0000] {taskinstance.py:2327} INFO - Executing <Task(PythonOperator): insert_fruit_data> on 2024-04-09 17:13:22.198669+00:00
[2024-04-09T18:37:17.282+0000] {warnings.py:110} WARNING - /home/***/.local/lib/python3.12/site-packages/***/task/task_runner/standard_task_runner.py:61: DeprecationWarning: This process (pid=2204) is multi-threaded, use of fork() may lead to deadlocks in the child.
  pid = os.fork()

[2024-04-09T18:37:17.284+0000] {standard_task_runner.py:63} INFO - Started process 2209 to run task
[2024-04-09T18:37:17.285+0000] {standard_task_runner.py:90} INFO - Running: ['***', 'tasks', 'run', 'fruits_dag', 'insert_fruit_data', 'manual__2024-04-09T17:13:22.198669+00:00', '--job-id', '206', '--raw', '--subdir', 'DAGS_FOLDER/fruit_table_dag.py', '--cfg-path', '/tmp/tmpu4csahqm']
[2024-04-09T18:37:17.289+0000] {standard_task_runner.py:91} INFO - Job 206: Subtask insert_fruit_data
[2024-04-09T18:37:17.360+0000] {task_command.py:426} INFO - Running <TaskInstance: fruits_dag.insert_fruit_data manual__2024-04-09T17:13:22.198669+00:00 [running]> on host fd38698150f5
[2024-04-09T18:37:17.548+0000] {taskinstance.py:2644} INFO - Exporting env vars: AIRFLOW_CTX_DAG_OWNER='***' AIRFLOW_CTX_DAG_ID='fruits_dag' AIRFLOW_CTX_TASK_ID='insert_fruit_data' AIRFLOW_CTX_EXECUTION_DATE='2024-04-09T17:13:22.198669+00:00' AIRFLOW_CTX_TRY_NUMBER='2' AIRFLOW_CTX_DAG_RUN_ID='manual__2024-04-09T17:13:22.198669+00:00'
[2024-04-09T18:37:17.551+0000] {taskinstance.py:430} INFO - ::endgroup::
[2024-04-09T18:37:17.563+0000] {taskinstance.py:441} INFO - ::group::Post task execution logs
[2024-04-09T18:37:17.564+0000] {taskinstance.py:2890} ERROR - Task failed with exception
Traceback (most recent call last):
  File "/home/airflow/.local/lib/python3.12/site-packages/airflow/models/taskinstance.py", line 465, in _execute_task
    result = _execute_callable(context=context, **execute_callable_kwargs)
             ^^^^^^^^^^^^^^^^^^^^^^^^^^^^^^^^^^^^^^^^^^^^^^^^^^^^^^^^^^^^^
  File "/home/airflow/.local/lib/python3.12/site-packages/airflow/models/taskinstance.py", line 432, in _execute_callable
    return execute_callable(context=context, **execute_callable_kwargs)
           ^^^^^^^^^^^^^^^^^^^^^^^^^^^^^^^^^^^^^^^^^^^^^^^^^^^^^^^^^^^^
  File "/home/airflow/.local/lib/python3.12/site-packages/airflow/models/baseoperator.py", line 400, in wrapper
    return func(self, *args, **kwargs)
           ^^^^^^^^^^^^^^^^^^^^^^^^^^^
  File "/home/airflow/.local/lib/python3.12/site-packages/airflow/operators/python.py", line 235, in execute
    return_value = self.execute_callable()
                   ^^^^^^^^^^^^^^^^^^^^^^^
  File "/home/airflow/.local/lib/python3.12/site-packages/airflow/operators/python.py", line 252, in execute_callable
    return self.python_callable(*self.op_args, **self.op_kwargs)
           ^^^^^^^^^^^^^^^^^^^^^^^^^^^^^^^^^^^^^^^^^^^^^^^^^^^^^
  File "/opt/airflow/dags/fruit_table_dag.py", line 12, in insert_fruit_data_into_db
    conn = Variable.get('eskplorasi_postgres')
           ^^^^^^^^^^^^^^^^^^^^^^^^^^^^^^^^^^^
  File "/home/airflow/.local/lib/python3.12/site-packages/airflow/models/variable.py", line 143, in get
    raise KeyError(f"Variable {key} does not exist")
KeyError: 'Variable eskplorasi_postgres does not exist'
[2024-04-09T18:37:17.581+0000] {taskinstance.py:1205} INFO - Marking task as UP_FOR_RETRY. dag_id=fruits_dag, task_id=insert_fruit_data, execution_date=20240409T171322, start_date=20240409T183717, end_date=20240409T183717
[2024-04-09T18:37:17.599+0000] {standard_task_runner.py:110} ERROR - Failed to execute job 206 for task insert_fruit_data ('Variable eskplorasi_postgres does not exist'; 2209)
[2024-04-09T18:37:17.624+0000] {local_task_job_runner.py:240} INFO - Task exited with return code 1
[2024-04-09T18:37:17.648+0000] {taskinstance.py:3482} INFO - 0 downstream tasks scheduled from follow-on schedule check
[2024-04-09T18:37:17.650+0000] {local_task_job_runner.py:222} INFO - ::endgroup::
