[2024-04-09T18:31:17.226+0000] {local_task_job_runner.py:120} INFO - ::group::Pre task execution logs
[2024-04-09T18:31:17.500+0000] {taskinstance.py:2073} INFO - Dependencies all met for dep_context=non-requeueable deps ti=<TaskInstance: fruits_dag.create_fruits_table manual__2024-04-09T17:16:03.415568+00:00 [queued]>
[2024-04-09T18:31:17.672+0000] {taskinstance.py:2073} INFO - Dependencies all met for dep_context=requeueable deps ti=<TaskInstance: fruits_dag.create_fruits_table manual__2024-04-09T17:16:03.415568+00:00 [queued]>
[2024-04-09T18:31:17.683+0000] {taskinstance.py:2303} INFO - Starting attempt 15 of 15
[2024-04-09T18:31:18.325+0000] {taskinstance.py:2327} INFO - Executing <Task(PostgresOperator): create_fruits_table> on 2024-04-09 17:16:03.415568+00:00
[2024-04-09T18:31:18.375+0000] {warnings.py:110} WARNING - /home/***/.local/lib/python3.12/site-packages/***/task/task_runner/standard_task_runner.py:61: DeprecationWarning: This process (pid=1953) is multi-threaded, use of fork() may lead to deadlocks in the child.
  pid = os.fork()

[2024-04-09T18:31:18.383+0000] {standard_task_runner.py:63} INFO - Started process 2015 to run task
[2024-04-09T18:31:18.398+0000] {standard_task_runner.py:90} INFO - Running: ['***', 'tasks', 'run', 'fruits_dag', 'create_fruits_table', 'manual__2024-04-09T17:16:03.415568+00:00', '--job-id', '164', '--raw', '--subdir', 'DAGS_FOLDER/fruit_table_dag.py', '--cfg-path', '/tmp/tmpi14k3n9t']
[2024-04-09T18:31:18.407+0000] {standard_task_runner.py:91} INFO - Job 164: Subtask create_fruits_table
[2024-04-09T18:31:18.829+0000] {task_command.py:426} INFO - Running <TaskInstance: fruits_dag.create_fruits_table manual__2024-04-09T17:16:03.415568+00:00 [running]> on host fd38698150f5
[2024-04-09T18:31:19.712+0000] {taskinstance.py:2644} INFO - Exporting env vars: AIRFLOW_CTX_DAG_OWNER='***' AIRFLOW_CTX_DAG_ID='fruits_dag' AIRFLOW_CTX_TASK_ID='create_fruits_table' AIRFLOW_CTX_EXECUTION_DATE='2024-04-09T17:16:03.415568+00:00' AIRFLOW_CTX_TRY_NUMBER='15' AIRFLOW_CTX_DAG_RUN_ID='manual__2024-04-09T17:16:03.415568+00:00'
[2024-04-09T18:31:19.747+0000] {taskinstance.py:430} INFO - ::endgroup::
[2024-04-09T18:31:19.798+0000] {sql.py:276} INFO - Executing: 
        CREATE TABLE IF NOT EXISTS fruits (
            id SERIAL PRIMARY KEY,
            name VARCHAR(50) NOT NULL,
            family VARCHAR(50) NOT NULL,
            type VARCHAR(50) NOT NULL,
            color VARCHAR(50) NOT NULL
        );
    
[2024-04-09T18:31:19.897+0000] {base.py:84} INFO - Using connection ID 'eksplorasi_postgres' for task execution.
[2024-04-09T18:31:19.976+0000] {base.py:84} INFO - Using connection ID 'eksplorasi_postgres' for task execution.
[2024-04-09T18:31:20.019+0000] {sql.py:457} INFO - Running statement: 
        CREATE TABLE IF NOT EXISTS fruits (
            id SERIAL PRIMARY KEY,
            name VARCHAR(50) NOT NULL,
            family VARCHAR(50) NOT NULL,
            type VARCHAR(50) NOT NULL,
            color VARCHAR(50) NOT NULL
        );
    , parameters: None
[2024-04-09T18:31:20.031+0000] {warnings.py:110} WARNING - /home/***/.local/lib/python3.12/site-packages/***/providers/common/sql/hooks/sql.py:407: AirflowProviderDeprecationWarning: Call to deprecated method _make_common_data_structure. (The `_make_serializable` method is deprecated and support will be removed in a future version of the common.sql provider. Please update the DbApiHook's provider to a version based on common.sql >= 1.9.1.)
  result = self._make_common_data_structure(handler(cur))

[2024-04-09T18:31:20.035+0000] {taskinstance.py:441} INFO - ::group::Post task execution logs
[2024-04-09T18:31:20.071+0000] {taskinstance.py:1205} INFO - Marking task as SUCCESS. dag_id=fruits_dag, task_id=create_fruits_table, execution_date=20240409T171603, start_date=20240409T183117, end_date=20240409T183120
[2024-04-09T18:31:20.435+0000] {local_task_job_runner.py:240} INFO - Task exited with return code 0
[2024-04-09T18:31:20.581+0000] {warnings.py:110} WARNING - /home/***/.local/lib/python3.12/site-packages/***/models/baseoperator.py:1296: AirflowProviderDeprecationWarning: Call to deprecated class PostgresOperator. (Please use `***.providers.common.sql.operators.sql.SQLExecuteQueryOperator`.Also, you can provide `hook_params={'schema': <database>}`.)
  result = cls.__new__(cls)

[2024-04-09T18:31:20.704+0000] {taskinstance.py:3482} INFO - 1 downstream tasks scheduled from follow-on schedule check
[2024-04-09T18:31:20.732+0000] {local_task_job_runner.py:222} INFO - ::endgroup::
