[2024-04-09T12:34:48.747+0000] {local_task_job_runner.py:120} INFO - ::group::Pre task execution logs
[2024-04-09T12:34:48.794+0000] {taskinstance.py:2073} INFO - Dependencies all met for dep_context=non-requeueable deps ti=<TaskInstance: fakestore_api_dag.write_to_csv scheduled__2024-04-08T00:00:00+00:00 [queued]>
[2024-04-09T12:34:48.820+0000] {taskinstance.py:2073} INFO - Dependencies all met for dep_context=requeueable deps ti=<TaskInstance: fakestore_api_dag.write_to_csv scheduled__2024-04-08T00:00:00+00:00 [queued]>
[2024-04-09T12:34:48.823+0000] {taskinstance.py:2303} INFO - Starting attempt 1 of 4
[2024-04-09T12:34:48.880+0000] {taskinstance.py:2327} INFO - Executing <Task(PythonOperator): write_to_csv> on 2024-04-08 00:00:00+00:00
[2024-04-09T12:34:48.896+0000] {standard_task_runner.py:90} INFO - Running: ['***', 'tasks', 'run', 'fakestore_api_dag', 'write_to_csv', 'scheduled__2024-04-08T00:00:00+00:00', '--job-id', '20', '--raw', '--subdir', 'DAGS_FOLDER/get_write_data_from_api.py', '--cfg-path', '/tmp/tmpxu3j0845']
[2024-04-09T12:34:48.896+0000] {warnings.py:110} WARNING - /home/***/.local/lib/python3.12/site-packages/***/task/task_runner/standard_task_runner.py:61: DeprecationWarning: This process (pid=676) is multi-threaded, use of fork() may lead to deadlocks in the child.
  pid = os.fork()

[2024-04-09T12:34:48.904+0000] {standard_task_runner.py:91} INFO - Job 20: Subtask write_to_csv
[2024-04-09T12:34:48.904+0000] {standard_task_runner.py:63} INFO - Started process 687 to run task
[2024-04-09T12:34:49.130+0000] {task_command.py:426} INFO - Running <TaskInstance: fakestore_api_dag.write_to_csv scheduled__2024-04-08T00:00:00+00:00 [running]> on host a05b73ef9a4b
[2024-04-09T12:34:49.470+0000] {taskinstance.py:2644} INFO - Exporting env vars: AIRFLOW_CTX_DAG_OWNER='***' AIRFLOW_CTX_DAG_ID='fakestore_api_dag' AIRFLOW_CTX_TASK_ID='write_to_csv' AIRFLOW_CTX_EXECUTION_DATE='2024-04-08T00:00:00+00:00' AIRFLOW_CTX_TRY_NUMBER='1' AIRFLOW_CTX_DAG_RUN_ID='scheduled__2024-04-08T00:00:00+00:00'
[2024-04-09T12:34:49.474+0000] {taskinstance.py:430} INFO - ::endgroup::
[2024-04-09T12:34:49.507+0000] {taskinstance.py:441} INFO - ::group::Post task execution logs
[2024-04-09T12:34:49.511+0000] {taskinstance.py:2890} ERROR - Task failed with exception
Traceback (most recent call last):
  File "/home/airflow/.local/lib/python3.12/site-packages/airflow/models/taskinstance.py", line 465, in _execute_task
    result = _execute_callable(context=context, **execute_callable_kwargs)
             ^^^^^^^^^^^^^^^^^^^^^^^^^^^^^^^^^^^^^^^^^^^^^^^^^^^^^^^^^^^^^
  File "/home/airflow/.local/lib/python3.12/site-packages/airflow/models/taskinstance.py", line 432, in _execute_callable
    return execute_callable(context=context, **execute_callable_kwargs)
           ^^^^^^^^^^^^^^^^^^^^^^^^^^^^^^^^^^^^^^^^^^^^^^^^^^^^^^^^^^^^
  File "/home/airflow/.local/lib/python3.12/site-packages/airflow/models/baseoperator.py", line 400, in wrapper
    return func(self, *args, **kwargs)
           ^^^^^^^^^^^^^^^^^^^^^^^^^^^
  File "/home/airflow/.local/lib/python3.12/site-packages/airflow/operators/python.py", line 235, in execute
    return_value = self.execute_callable()
                   ^^^^^^^^^^^^^^^^^^^^^^^
  File "/home/airflow/.local/lib/python3.12/site-packages/airflow/operators/python.py", line 252, in execute_callable
    return self.python_callable(*self.op_args, **self.op_kwargs)
           ^^^^^^^^^^^^^^^^^^^^^^^^^^^^^^^^^^^^^^^^^^^^^^^^^^^^^
  File "/opt/airflow/dags/get_write_data_from_api.py", line 39, in write_to_csv
    with open("/path/to/output/data.csv", "w", newline="") as csv_file:
         ^^^^^^^^^^^^^^^^^^^^^^^^^^^^^^^^^^^^^^^^^^^^^^^^^
FileNotFoundError: [Errno 2] No such file or directory: '/path/to/output/data.csv'
[2024-04-09T12:34:49.537+0000] {taskinstance.py:1205} INFO - Marking task as UP_FOR_RETRY. dag_id=fakestore_api_dag, task_id=write_to_csv, execution_date=20240408T000000, start_date=20240409T123448, end_date=20240409T123449
[2024-04-09T12:34:49.594+0000] {standard_task_runner.py:110} ERROR - Failed to execute job 20 for task write_to_csv ([Errno 2] No such file or directory: '/path/to/output/data.csv'; 687)
[2024-04-09T12:34:49.642+0000] {local_task_job_runner.py:240} INFO - Task exited with return code 1
[2024-04-09T12:34:49.728+0000] {taskinstance.py:3482} INFO - 0 downstream tasks scheduled from follow-on schedule check
[2024-04-09T12:34:49.736+0000] {local_task_job_runner.py:222} INFO - ::endgroup::
[2024-04-09T12:40:29.879+0000] {local_task_job_runner.py:120} INFO - ::group::Pre task execution logs
[2024-04-09T12:40:29.902+0000] {taskinstance.py:2073} INFO - Dependencies all met for dep_context=non-requeueable deps ti=<TaskInstance: fakestore_api_dag.write_to_csv scheduled__2024-04-08T00:00:00+00:00 [queued]>
[2024-04-09T12:40:29.915+0000] {taskinstance.py:2073} INFO - Dependencies all met for dep_context=requeueable deps ti=<TaskInstance: fakestore_api_dag.write_to_csv scheduled__2024-04-08T00:00:00+00:00 [queued]>
[2024-04-09T12:40:29.916+0000] {taskinstance.py:2303} INFO - Starting attempt 1 of 4
[2024-04-09T12:40:29.937+0000] {taskinstance.py:2327} INFO - Executing <Task(PythonOperator): write_to_csv> on 2024-04-08 00:00:00+00:00
[2024-04-09T12:40:29.949+0000] {warnings.py:110} WARNING - /home/***/.local/lib/python3.12/site-packages/***/task/task_runner/standard_task_runner.py:61: DeprecationWarning: This process (pid=756) is multi-threaded, use of fork() may lead to deadlocks in the child.
  pid = os.fork()

[2024-04-09T12:40:29.951+0000] {standard_task_runner.py:63} INFO - Started process 758 to run task
[2024-04-09T12:40:29.951+0000] {standard_task_runner.py:90} INFO - Running: ['***', 'tasks', 'run', 'fakestore_api_dag', 'write_to_csv', 'scheduled__2024-04-08T00:00:00+00:00', '--job-id', '22', '--raw', '--subdir', 'DAGS_FOLDER/get_write_data_from_api.py', '--cfg-path', '/tmp/tmpfm_r_9kj']
[2024-04-09T12:40:29.955+0000] {standard_task_runner.py:91} INFO - Job 22: Subtask write_to_csv
[2024-04-09T12:40:30.027+0000] {task_command.py:426} INFO - Running <TaskInstance: fakestore_api_dag.write_to_csv scheduled__2024-04-08T00:00:00+00:00 [running]> on host a05b73ef9a4b
[2024-04-09T12:40:30.136+0000] {taskinstance.py:2644} INFO - Exporting env vars: AIRFLOW_CTX_DAG_OWNER='***' AIRFLOW_CTX_DAG_ID='fakestore_api_dag' AIRFLOW_CTX_TASK_ID='write_to_csv' AIRFLOW_CTX_EXECUTION_DATE='2024-04-08T00:00:00+00:00' AIRFLOW_CTX_TRY_NUMBER='1' AIRFLOW_CTX_DAG_RUN_ID='scheduled__2024-04-08T00:00:00+00:00'
[2024-04-09T12:40:30.139+0000] {taskinstance.py:430} INFO - ::endgroup::
[2024-04-09T12:40:30.151+0000] {taskinstance.py:441} INFO - ::group::Post task execution logs
[2024-04-09T12:40:30.152+0000] {taskinstance.py:2890} ERROR - Task failed with exception
Traceback (most recent call last):
  File "/home/airflow/.local/lib/python3.12/site-packages/airflow/models/taskinstance.py", line 465, in _execute_task
    result = _execute_callable(context=context, **execute_callable_kwargs)
             ^^^^^^^^^^^^^^^^^^^^^^^^^^^^^^^^^^^^^^^^^^^^^^^^^^^^^^^^^^^^^
  File "/home/airflow/.local/lib/python3.12/site-packages/airflow/models/taskinstance.py", line 432, in _execute_callable
    return execute_callable(context=context, **execute_callable_kwargs)
           ^^^^^^^^^^^^^^^^^^^^^^^^^^^^^^^^^^^^^^^^^^^^^^^^^^^^^^^^^^^^
  File "/home/airflow/.local/lib/python3.12/site-packages/airflow/models/baseoperator.py", line 400, in wrapper
    return func(self, *args, **kwargs)
           ^^^^^^^^^^^^^^^^^^^^^^^^^^^
  File "/home/airflow/.local/lib/python3.12/site-packages/airflow/operators/python.py", line 235, in execute
    return_value = self.execute_callable()
                   ^^^^^^^^^^^^^^^^^^^^^^^
  File "/home/airflow/.local/lib/python3.12/site-packages/airflow/operators/python.py", line 252, in execute_callable
    return self.python_callable(*self.op_args, **self.op_kwargs)
           ^^^^^^^^^^^^^^^^^^^^^^^^^^^^^^^^^^^^^^^^^^^^^^^^^^^^^
  File "/opt/airflow/dags/get_write_data_from_api.py", line 46, in write_to_csv
    raise ValueError("No data available from 'get_api_data' task")
ValueError: No data available from 'get_api_data' task
[2024-04-09T12:40:30.166+0000] {taskinstance.py:1205} INFO - Marking task as UP_FOR_RETRY. dag_id=fakestore_api_dag, task_id=write_to_csv, execution_date=20240408T000000, start_date=20240409T124029, end_date=20240409T124030
[2024-04-09T12:40:30.181+0000] {standard_task_runner.py:110} ERROR - Failed to execute job 22 for task write_to_csv (No data available from 'get_api_data' task; 758)
[2024-04-09T12:40:30.207+0000] {local_task_job_runner.py:240} INFO - Task exited with return code 1
[2024-04-09T12:40:30.235+0000] {taskinstance.py:3482} INFO - 0 downstream tasks scheduled from follow-on schedule check
[2024-04-09T12:40:30.239+0000] {local_task_job_runner.py:222} INFO - ::endgroup::
[2024-04-09T12:56:34.277+0000] {local_task_job_runner.py:120} INFO - ::group::Pre task execution logs
[2024-04-09T12:56:34.408+0000] {taskinstance.py:2073} INFO - Dependencies all met for dep_context=non-requeueable deps ti=<TaskInstance: fakestore_api_dag.write_to_csv scheduled__2024-04-08T00:00:00+00:00 [queued]>
[2024-04-09T12:56:34.459+0000] {taskinstance.py:2073} INFO - Dependencies all met for dep_context=requeueable deps ti=<TaskInstance: fakestore_api_dag.write_to_csv scheduled__2024-04-08T00:00:00+00:00 [queued]>
[2024-04-09T12:56:34.484+0000] {taskinstance.py:2303} INFO - Starting attempt 1 of 4
[2024-04-09T12:56:34.863+0000] {taskinstance.py:2327} INFO - Executing <Task(PythonOperator): write_to_csv> on 2024-04-08 00:00:00+00:00
[2024-04-09T12:56:34.915+0000] {warnings.py:110} WARNING - /home/***/.local/lib/python3.12/site-packages/***/task/task_runner/standard_task_runner.py:61: DeprecationWarning: This process (pid=965) is multi-threaded, use of fork() may lead to deadlocks in the child.
  pid = os.fork()

[2024-04-09T12:56:34.918+0000] {standard_task_runner.py:63} INFO - Started process 971 to run task
[2024-04-09T12:56:34.943+0000] {standard_task_runner.py:90} INFO - Running: ['***', 'tasks', 'run', 'fakestore_api_dag', 'write_to_csv', 'scheduled__2024-04-08T00:00:00+00:00', '--job-id', '31', '--raw', '--subdir', 'DAGS_FOLDER/get_write_data_from_api.py', '--cfg-path', '/tmp/tmp06pwn83o']
[2024-04-09T12:56:34.960+0000] {standard_task_runner.py:91} INFO - Job 31: Subtask write_to_csv
[2024-04-09T12:56:35.410+0000] {task_command.py:426} INFO - Running <TaskInstance: fakestore_api_dag.write_to_csv scheduled__2024-04-08T00:00:00+00:00 [running]> on host a05b73ef9a4b
[2024-04-09T12:56:36.009+0000] {taskinstance.py:2644} INFO - Exporting env vars: AIRFLOW_CTX_DAG_OWNER='***' AIRFLOW_CTX_DAG_ID='fakestore_api_dag' AIRFLOW_CTX_TASK_ID='write_to_csv' AIRFLOW_CTX_EXECUTION_DATE='2024-04-08T00:00:00+00:00' AIRFLOW_CTX_TRY_NUMBER='1' AIRFLOW_CTX_DAG_RUN_ID='scheduled__2024-04-08T00:00:00+00:00'
[2024-04-09T12:56:36.077+0000] {taskinstance.py:430} INFO - ::endgroup::
[2024-04-09T12:56:36.211+0000] {get_write_data_from_api.py:51} ERROR - Failed to write to CSV file: [Errno 13] Permission denied: '/path'
[2024-04-09T12:56:36.216+0000] {taskinstance.py:441} INFO - ::group::Post task execution logs
[2024-04-09T12:56:36.219+0000] {taskinstance.py:2890} ERROR - Task failed with exception
Traceback (most recent call last):
  File "/home/airflow/.local/lib/python3.12/site-packages/airflow/models/taskinstance.py", line 465, in _execute_task
    result = _execute_callable(context=context, **execute_callable_kwargs)
             ^^^^^^^^^^^^^^^^^^^^^^^^^^^^^^^^^^^^^^^^^^^^^^^^^^^^^^^^^^^^^
  File "/home/airflow/.local/lib/python3.12/site-packages/airflow/models/taskinstance.py", line 432, in _execute_callable
    return execute_callable(context=context, **execute_callable_kwargs)
           ^^^^^^^^^^^^^^^^^^^^^^^^^^^^^^^^^^^^^^^^^^^^^^^^^^^^^^^^^^^^
  File "/home/airflow/.local/lib/python3.12/site-packages/airflow/models/baseoperator.py", line 400, in wrapper
    return func(self, *args, **kwargs)
           ^^^^^^^^^^^^^^^^^^^^^^^^^^^
  File "/home/airflow/.local/lib/python3.12/site-packages/airflow/operators/python.py", line 235, in execute
    return_value = self.execute_callable()
                   ^^^^^^^^^^^^^^^^^^^^^^^
  File "/home/airflow/.local/lib/python3.12/site-packages/airflow/operators/python.py", line 252, in execute_callable
    return self.python_callable(*self.op_args, **self.op_kwargs)
           ^^^^^^^^^^^^^^^^^^^^^^^^^^^^^^^^^^^^^^^^^^^^^^^^^^^^^
  File "/opt/airflow/dags/get_write_data_from_api.py", line 45, in write_to_csv
    os.makedirs(OUTPUT_DIR, exist_ok=True)  # Membuat direktori output jika belum ada
    ^^^^^^^^^^^^^^^^^^^^^^^^^^^^^^^^^^^^^^
  File "<frozen os>", line 215, in makedirs
  File "<frozen os>", line 215, in makedirs
  File "<frozen os>", line 225, in makedirs
PermissionError: [Errno 13] Permission denied: '/path'
[2024-04-09T12:56:36.345+0000] {taskinstance.py:1205} INFO - Marking task as UP_FOR_RETRY. dag_id=fakestore_api_dag, task_id=write_to_csv, execution_date=20240408T000000, start_date=20240409T125634, end_date=20240409T125636
[2024-04-09T12:56:36.443+0000] {standard_task_runner.py:110} ERROR - Failed to execute job 31 for task write_to_csv ([Errno 13] Permission denied: '/path'; 971)
[2024-04-09T12:56:36.545+0000] {local_task_job_runner.py:240} INFO - Task exited with return code 1
[2024-04-09T12:56:36.663+0000] {taskinstance.py:3482} INFO - 0 downstream tasks scheduled from follow-on schedule check
[2024-04-09T12:56:36.693+0000] {local_task_job_runner.py:222} INFO - ::endgroup::
