[2024-04-20T12:19:12.301+0700] {processor.py:161} INFO - Started process (PID=5512) to work on /home/newrey/airflow/airflow-env/lib/python3.10/site-packages/airflow/example_dags/subdags/subdag.py
[2024-04-20T12:19:12.303+0700] {processor.py:830} INFO - Processing file /home/newrey/airflow/airflow-env/lib/python3.10/site-packages/airflow/example_dags/subdags/subdag.py for tasks to queue
[2024-04-20T12:19:12.306+0700] {logging_mixin.py:188} INFO - [2024-04-20T12:19:12.305+0700] {dagbag.py:540} INFO - Filling up the DagBag from /home/newrey/airflow/airflow-env/lib/python3.10/site-packages/airflow/example_dags/subdags/subdag.py
[2024-04-20T12:19:12.313+0700] {processor.py:842} WARNING - No viable dags retrieved from /home/newrey/airflow/airflow-env/lib/python3.10/site-packages/airflow/example_dags/subdags/subdag.py
[2024-04-20T12:19:12.339+0700] {processor.py:183} INFO - Processing /home/newrey/airflow/airflow-env/lib/python3.10/site-packages/airflow/example_dags/subdags/subdag.py took 0.052 seconds
[2024-04-20T12:20:49.004+0700] {processor.py:161} INFO - Started process (PID=6370) to work on /home/newrey/airflow/airflow-env/lib/python3.10/site-packages/airflow/example_dags/subdags/subdag.py
[2024-04-20T12:20:49.008+0700] {processor.py:830} INFO - Processing file /home/newrey/airflow/airflow-env/lib/python3.10/site-packages/airflow/example_dags/subdags/subdag.py for tasks to queue
[2024-04-20T12:20:49.011+0700] {logging_mixin.py:188} INFO - [2024-04-20T12:20:49.010+0700] {dagbag.py:540} INFO - Filling up the DagBag from /home/newrey/airflow/airflow-env/lib/python3.10/site-packages/airflow/example_dags/subdags/subdag.py
[2024-04-20T12:20:49.014+0700] {processor.py:842} WARNING - No viable dags retrieved from /home/newrey/airflow/airflow-env/lib/python3.10/site-packages/airflow/example_dags/subdags/subdag.py
[2024-04-20T12:20:49.036+0700] {processor.py:183} INFO - Processing /home/newrey/airflow/airflow-env/lib/python3.10/site-packages/airflow/example_dags/subdags/subdag.py took 0.044 seconds
[2024-04-20T12:22:10.058+0700] {processor.py:161} INFO - Started process (PID=6998) to work on /home/newrey/airflow/airflow-env/lib/python3.10/site-packages/airflow/example_dags/subdags/subdag.py
[2024-04-20T12:22:10.063+0700] {processor.py:830} INFO - Processing file /home/newrey/airflow/airflow-env/lib/python3.10/site-packages/airflow/example_dags/subdags/subdag.py for tasks to queue
[2024-04-20T12:22:10.066+0700] {logging_mixin.py:188} INFO - [2024-04-20T12:22:10.066+0700] {dagbag.py:540} INFO - Filling up the DagBag from /home/newrey/airflow/airflow-env/lib/python3.10/site-packages/airflow/example_dags/subdags/subdag.py
[2024-04-20T12:22:10.071+0700] {processor.py:842} WARNING - No viable dags retrieved from /home/newrey/airflow/airflow-env/lib/python3.10/site-packages/airflow/example_dags/subdags/subdag.py
[2024-04-20T12:22:10.094+0700] {processor.py:183} INFO - Processing /home/newrey/airflow/airflow-env/lib/python3.10/site-packages/airflow/example_dags/subdags/subdag.py took 0.047 seconds
[2024-04-20T12:24:02.465+0700] {processor.py:161} INFO - Started process (PID=8420) to work on /home/newrey/airflow/airflow-env/lib/python3.10/site-packages/airflow/example_dags/subdags/subdag.py
[2024-04-20T12:24:02.471+0700] {processor.py:830} INFO - Processing file /home/newrey/airflow/airflow-env/lib/python3.10/site-packages/airflow/example_dags/subdags/subdag.py for tasks to queue
[2024-04-20T12:24:02.477+0700] {logging_mixin.py:188} INFO - [2024-04-20T12:24:02.475+0700] {dagbag.py:540} INFO - Filling up the DagBag from /home/newrey/airflow/airflow-env/lib/python3.10/site-packages/airflow/example_dags/subdags/subdag.py
[2024-04-20T12:24:02.488+0700] {processor.py:842} WARNING - No viable dags retrieved from /home/newrey/airflow/airflow-env/lib/python3.10/site-packages/airflow/example_dags/subdags/subdag.py
[2024-04-20T12:24:02.515+0700] {processor.py:183} INFO - Processing /home/newrey/airflow/airflow-env/lib/python3.10/site-packages/airflow/example_dags/subdags/subdag.py took 0.121 seconds
[2024-04-20T12:25:27.579+0700] {processor.py:161} INFO - Started process (PID=9255) to work on /home/newrey/airflow/airflow-env/lib/python3.10/site-packages/airflow/example_dags/subdags/subdag.py
[2024-04-20T12:25:27.582+0700] {processor.py:830} INFO - Processing file /home/newrey/airflow/airflow-env/lib/python3.10/site-packages/airflow/example_dags/subdags/subdag.py for tasks to queue
[2024-04-20T12:25:27.585+0700] {logging_mixin.py:188} INFO - [2024-04-20T12:25:27.584+0700] {dagbag.py:540} INFO - Filling up the DagBag from /home/newrey/airflow/airflow-env/lib/python3.10/site-packages/airflow/example_dags/subdags/subdag.py
[2024-04-20T12:25:27.590+0700] {processor.py:842} WARNING - No viable dags retrieved from /home/newrey/airflow/airflow-env/lib/python3.10/site-packages/airflow/example_dags/subdags/subdag.py
[2024-04-20T12:25:27.610+0700] {processor.py:183} INFO - Processing /home/newrey/airflow/airflow-env/lib/python3.10/site-packages/airflow/example_dags/subdags/subdag.py took 0.053 seconds
[2024-04-20T12:26:55.849+0700] {processor.py:161} INFO - Started process (PID=10232) to work on /home/newrey/airflow/airflow-env/lib/python3.10/site-packages/airflow/example_dags/subdags/subdag.py
[2024-04-20T12:26:55.853+0700] {processor.py:830} INFO - Processing file /home/newrey/airflow/airflow-env/lib/python3.10/site-packages/airflow/example_dags/subdags/subdag.py for tasks to queue
[2024-04-20T12:26:55.856+0700] {logging_mixin.py:188} INFO - [2024-04-20T12:26:55.856+0700] {dagbag.py:540} INFO - Filling up the DagBag from /home/newrey/airflow/airflow-env/lib/python3.10/site-packages/airflow/example_dags/subdags/subdag.py
[2024-04-20T12:26:55.863+0700] {processor.py:842} WARNING - No viable dags retrieved from /home/newrey/airflow/airflow-env/lib/python3.10/site-packages/airflow/example_dags/subdags/subdag.py
[2024-04-20T12:26:55.884+0700] {processor.py:183} INFO - Processing /home/newrey/airflow/airflow-env/lib/python3.10/site-packages/airflow/example_dags/subdags/subdag.py took 0.055 seconds
[2024-04-20T12:28:34.767+0700] {processor.py:161} INFO - Started process (PID=11535) to work on /home/newrey/airflow/airflow-env/lib/python3.10/site-packages/airflow/example_dags/subdags/subdag.py
[2024-04-20T12:28:34.820+0700] {processor.py:830} INFO - Processing file /home/newrey/airflow/airflow-env/lib/python3.10/site-packages/airflow/example_dags/subdags/subdag.py for tasks to queue
[2024-04-20T12:28:34.854+0700] {logging_mixin.py:188} INFO - [2024-04-20T12:28:34.853+0700] {dagbag.py:540} INFO - Filling up the DagBag from /home/newrey/airflow/airflow-env/lib/python3.10/site-packages/airflow/example_dags/subdags/subdag.py
[2024-04-20T12:28:34.870+0700] {processor.py:842} WARNING - No viable dags retrieved from /home/newrey/airflow/airflow-env/lib/python3.10/site-packages/airflow/example_dags/subdags/subdag.py
[2024-04-20T12:28:34.956+0700] {processor.py:183} INFO - Processing /home/newrey/airflow/airflow-env/lib/python3.10/site-packages/airflow/example_dags/subdags/subdag.py took 0.252 seconds
[2024-04-20T12:30:53.477+0700] {processor.py:161} INFO - Started process (PID=13624) to work on /home/newrey/airflow/airflow-env/lib/python3.10/site-packages/airflow/example_dags/subdags/subdag.py
[2024-04-20T12:30:53.480+0700] {processor.py:830} INFO - Processing file /home/newrey/airflow/airflow-env/lib/python3.10/site-packages/airflow/example_dags/subdags/subdag.py for tasks to queue
[2024-04-20T12:30:53.482+0700] {logging_mixin.py:188} INFO - [2024-04-20T12:30:53.481+0700] {dagbag.py:540} INFO - Filling up the DagBag from /home/newrey/airflow/airflow-env/lib/python3.10/site-packages/airflow/example_dags/subdags/subdag.py
[2024-04-20T12:30:53.487+0700] {processor.py:842} WARNING - No viable dags retrieved from /home/newrey/airflow/airflow-env/lib/python3.10/site-packages/airflow/example_dags/subdags/subdag.py
[2024-04-20T12:30:53.515+0700] {processor.py:183} INFO - Processing /home/newrey/airflow/airflow-env/lib/python3.10/site-packages/airflow/example_dags/subdags/subdag.py took 0.057 seconds
[2024-04-20T12:32:28.536+0700] {processor.py:161} INFO - Started process (PID=14695) to work on /home/newrey/airflow/airflow-env/lib/python3.10/site-packages/airflow/example_dags/subdags/subdag.py
[2024-04-20T12:32:28.540+0700] {processor.py:830} INFO - Processing file /home/newrey/airflow/airflow-env/lib/python3.10/site-packages/airflow/example_dags/subdags/subdag.py for tasks to queue
[2024-04-20T12:32:28.543+0700] {logging_mixin.py:188} INFO - [2024-04-20T12:32:28.542+0700] {dagbag.py:540} INFO - Filling up the DagBag from /home/newrey/airflow/airflow-env/lib/python3.10/site-packages/airflow/example_dags/subdags/subdag.py
[2024-04-20T12:32:28.548+0700] {processor.py:842} WARNING - No viable dags retrieved from /home/newrey/airflow/airflow-env/lib/python3.10/site-packages/airflow/example_dags/subdags/subdag.py
[2024-04-20T12:32:28.573+0700] {processor.py:183} INFO - Processing /home/newrey/airflow/airflow-env/lib/python3.10/site-packages/airflow/example_dags/subdags/subdag.py took 0.057 seconds
[2024-04-20T12:33:45.612+0700] {processor.py:161} INFO - Started process (PID=15243) to work on /home/newrey/airflow/airflow-env/lib/python3.10/site-packages/airflow/example_dags/subdags/subdag.py
[2024-04-20T12:33:45.617+0700] {processor.py:830} INFO - Processing file /home/newrey/airflow/airflow-env/lib/python3.10/site-packages/airflow/example_dags/subdags/subdag.py for tasks to queue
[2024-04-20T12:33:45.620+0700] {logging_mixin.py:188} INFO - [2024-04-20T12:33:45.619+0700] {dagbag.py:540} INFO - Filling up the DagBag from /home/newrey/airflow/airflow-env/lib/python3.10/site-packages/airflow/example_dags/subdags/subdag.py
[2024-04-20T12:33:45.625+0700] {processor.py:842} WARNING - No viable dags retrieved from /home/newrey/airflow/airflow-env/lib/python3.10/site-packages/airflow/example_dags/subdags/subdag.py
[2024-04-20T12:33:45.652+0700] {processor.py:183} INFO - Processing /home/newrey/airflow/airflow-env/lib/python3.10/site-packages/airflow/example_dags/subdags/subdag.py took 0.065 seconds
[2024-04-20T12:35:27.129+0700] {processor.py:161} INFO - Started process (PID=16413) to work on /home/newrey/airflow/airflow-env/lib/python3.10/site-packages/airflow/example_dags/subdags/subdag.py
[2024-04-20T12:35:27.132+0700] {processor.py:830} INFO - Processing file /home/newrey/airflow/airflow-env/lib/python3.10/site-packages/airflow/example_dags/subdags/subdag.py for tasks to queue
[2024-04-20T12:35:27.135+0700] {logging_mixin.py:188} INFO - [2024-04-20T12:35:27.134+0700] {dagbag.py:540} INFO - Filling up the DagBag from /home/newrey/airflow/airflow-env/lib/python3.10/site-packages/airflow/example_dags/subdags/subdag.py
[2024-04-20T12:35:27.143+0700] {processor.py:842} WARNING - No viable dags retrieved from /home/newrey/airflow/airflow-env/lib/python3.10/site-packages/airflow/example_dags/subdags/subdag.py
[2024-04-20T12:35:27.165+0700] {processor.py:183} INFO - Processing /home/newrey/airflow/airflow-env/lib/python3.10/site-packages/airflow/example_dags/subdags/subdag.py took 0.062 seconds
[2024-04-20T12:36:50.638+0700] {processor.py:161} INFO - Started process (PID=17114) to work on /home/newrey/airflow/airflow-env/lib/python3.10/site-packages/airflow/example_dags/subdags/subdag.py
[2024-04-20T12:36:50.642+0700] {processor.py:830} INFO - Processing file /home/newrey/airflow/airflow-env/lib/python3.10/site-packages/airflow/example_dags/subdags/subdag.py for tasks to queue
[2024-04-20T12:36:50.645+0700] {logging_mixin.py:188} INFO - [2024-04-20T12:36:50.644+0700] {dagbag.py:540} INFO - Filling up the DagBag from /home/newrey/airflow/airflow-env/lib/python3.10/site-packages/airflow/example_dags/subdags/subdag.py
[2024-04-20T12:36:50.650+0700] {processor.py:842} WARNING - No viable dags retrieved from /home/newrey/airflow/airflow-env/lib/python3.10/site-packages/airflow/example_dags/subdags/subdag.py
[2024-04-20T12:36:50.674+0700] {processor.py:183} INFO - Processing /home/newrey/airflow/airflow-env/lib/python3.10/site-packages/airflow/example_dags/subdags/subdag.py took 0.059 seconds
[2024-04-20T12:38:06.413+0700] {processor.py:161} INFO - Started process (PID=17837) to work on /home/newrey/airflow/airflow-env/lib/python3.10/site-packages/airflow/example_dags/subdags/subdag.py
[2024-04-20T12:38:06.415+0700] {processor.py:830} INFO - Processing file /home/newrey/airflow/airflow-env/lib/python3.10/site-packages/airflow/example_dags/subdags/subdag.py for tasks to queue
[2024-04-20T12:38:06.417+0700] {logging_mixin.py:188} INFO - [2024-04-20T12:38:06.417+0700] {dagbag.py:540} INFO - Filling up the DagBag from /home/newrey/airflow/airflow-env/lib/python3.10/site-packages/airflow/example_dags/subdags/subdag.py
[2024-04-20T12:38:06.422+0700] {processor.py:842} WARNING - No viable dags retrieved from /home/newrey/airflow/airflow-env/lib/python3.10/site-packages/airflow/example_dags/subdags/subdag.py
[2024-04-20T12:38:06.443+0700] {processor.py:183} INFO - Processing /home/newrey/airflow/airflow-env/lib/python3.10/site-packages/airflow/example_dags/subdags/subdag.py took 0.051 seconds
[2024-04-20T12:39:27.198+0700] {processor.py:161} INFO - Started process (PID=18465) to work on /home/newrey/airflow/airflow-env/lib/python3.10/site-packages/airflow/example_dags/subdags/subdag.py
[2024-04-20T12:39:27.201+0700] {processor.py:830} INFO - Processing file /home/newrey/airflow/airflow-env/lib/python3.10/site-packages/airflow/example_dags/subdags/subdag.py for tasks to queue
[2024-04-20T12:39:27.203+0700] {logging_mixin.py:188} INFO - [2024-04-20T12:39:27.203+0700] {dagbag.py:540} INFO - Filling up the DagBag from /home/newrey/airflow/airflow-env/lib/python3.10/site-packages/airflow/example_dags/subdags/subdag.py
[2024-04-20T12:39:27.209+0700] {processor.py:842} WARNING - No viable dags retrieved from /home/newrey/airflow/airflow-env/lib/python3.10/site-packages/airflow/example_dags/subdags/subdag.py
[2024-04-20T12:39:27.236+0700] {processor.py:183} INFO - Processing /home/newrey/airflow/airflow-env/lib/python3.10/site-packages/airflow/example_dags/subdags/subdag.py took 0.061 seconds
[2024-04-20T12:40:36.048+0700] {processor.py:161} INFO - Started process (PID=18974) to work on /home/newrey/airflow/airflow-env/lib/python3.10/site-packages/airflow/example_dags/subdags/subdag.py
[2024-04-20T12:40:36.051+0700] {processor.py:830} INFO - Processing file /home/newrey/airflow/airflow-env/lib/python3.10/site-packages/airflow/example_dags/subdags/subdag.py for tasks to queue
[2024-04-20T12:40:36.053+0700] {logging_mixin.py:188} INFO - [2024-04-20T12:40:36.052+0700] {dagbag.py:540} INFO - Filling up the DagBag from /home/newrey/airflow/airflow-env/lib/python3.10/site-packages/airflow/example_dags/subdags/subdag.py
[2024-04-20T12:40:36.057+0700] {processor.py:842} WARNING - No viable dags retrieved from /home/newrey/airflow/airflow-env/lib/python3.10/site-packages/airflow/example_dags/subdags/subdag.py
[2024-04-20T12:40:36.077+0700] {processor.py:183} INFO - Processing /home/newrey/airflow/airflow-env/lib/python3.10/site-packages/airflow/example_dags/subdags/subdag.py took 0.048 seconds
[2024-04-20T12:41:38.100+0700] {processor.py:161} INFO - Started process (PID=19424) to work on /home/newrey/airflow/airflow-env/lib/python3.10/site-packages/airflow/example_dags/subdags/subdag.py
[2024-04-20T12:41:38.101+0700] {processor.py:830} INFO - Processing file /home/newrey/airflow/airflow-env/lib/python3.10/site-packages/airflow/example_dags/subdags/subdag.py for tasks to queue
[2024-04-20T12:41:38.103+0700] {logging_mixin.py:188} INFO - [2024-04-20T12:41:38.102+0700] {dagbag.py:540} INFO - Filling up the DagBag from /home/newrey/airflow/airflow-env/lib/python3.10/site-packages/airflow/example_dags/subdags/subdag.py
[2024-04-20T12:41:38.106+0700] {processor.py:842} WARNING - No viable dags retrieved from /home/newrey/airflow/airflow-env/lib/python3.10/site-packages/airflow/example_dags/subdags/subdag.py
[2024-04-20T12:41:38.120+0700] {processor.py:183} INFO - Processing /home/newrey/airflow/airflow-env/lib/python3.10/site-packages/airflow/example_dags/subdags/subdag.py took 0.035 seconds
[2024-04-20T12:42:37.297+0700] {processor.py:161} INFO - Started process (PID=19922) to work on /home/newrey/airflow/airflow-env/lib/python3.10/site-packages/airflow/example_dags/subdags/subdag.py
[2024-04-20T12:42:37.299+0700] {processor.py:830} INFO - Processing file /home/newrey/airflow/airflow-env/lib/python3.10/site-packages/airflow/example_dags/subdags/subdag.py for tasks to queue
[2024-04-20T12:42:37.301+0700] {logging_mixin.py:188} INFO - [2024-04-20T12:42:37.300+0700] {dagbag.py:540} INFO - Filling up the DagBag from /home/newrey/airflow/airflow-env/lib/python3.10/site-packages/airflow/example_dags/subdags/subdag.py
[2024-04-20T12:42:37.304+0700] {processor.py:842} WARNING - No viable dags retrieved from /home/newrey/airflow/airflow-env/lib/python3.10/site-packages/airflow/example_dags/subdags/subdag.py
[2024-04-20T12:42:37.323+0700] {processor.py:183} INFO - Processing /home/newrey/airflow/airflow-env/lib/python3.10/site-packages/airflow/example_dags/subdags/subdag.py took 0.041 seconds
[2024-04-20T12:43:42.218+0700] {processor.py:161} INFO - Started process (PID=20416) to work on /home/newrey/airflow/airflow-env/lib/python3.10/site-packages/airflow/example_dags/subdags/subdag.py
[2024-04-20T12:43:42.221+0700] {processor.py:830} INFO - Processing file /home/newrey/airflow/airflow-env/lib/python3.10/site-packages/airflow/example_dags/subdags/subdag.py for tasks to queue
[2024-04-20T12:43:42.223+0700] {logging_mixin.py:188} INFO - [2024-04-20T12:43:42.222+0700] {dagbag.py:540} INFO - Filling up the DagBag from /home/newrey/airflow/airflow-env/lib/python3.10/site-packages/airflow/example_dags/subdags/subdag.py
[2024-04-20T12:43:42.227+0700] {processor.py:842} WARNING - No viable dags retrieved from /home/newrey/airflow/airflow-env/lib/python3.10/site-packages/airflow/example_dags/subdags/subdag.py
[2024-04-20T12:43:42.247+0700] {processor.py:183} INFO - Processing /home/newrey/airflow/airflow-env/lib/python3.10/site-packages/airflow/example_dags/subdags/subdag.py took 0.050 seconds
[2024-04-20T12:44:40.949+0700] {processor.py:161} INFO - Started process (PID=20855) to work on /home/newrey/airflow/airflow-env/lib/python3.10/site-packages/airflow/example_dags/subdags/subdag.py
[2024-04-20T12:44:40.951+0700] {processor.py:830} INFO - Processing file /home/newrey/airflow/airflow-env/lib/python3.10/site-packages/airflow/example_dags/subdags/subdag.py for tasks to queue
[2024-04-20T12:44:40.953+0700] {logging_mixin.py:188} INFO - [2024-04-20T12:44:40.953+0700] {dagbag.py:540} INFO - Filling up the DagBag from /home/newrey/airflow/airflow-env/lib/python3.10/site-packages/airflow/example_dags/subdags/subdag.py
[2024-04-20T12:44:40.958+0700] {processor.py:842} WARNING - No viable dags retrieved from /home/newrey/airflow/airflow-env/lib/python3.10/site-packages/airflow/example_dags/subdags/subdag.py
[2024-04-20T12:44:40.977+0700] {processor.py:183} INFO - Processing /home/newrey/airflow/airflow-env/lib/python3.10/site-packages/airflow/example_dags/subdags/subdag.py took 0.053 seconds
[2024-04-20T12:45:39.187+0700] {processor.py:161} INFO - Started process (PID=21284) to work on /home/newrey/airflow/airflow-env/lib/python3.10/site-packages/airflow/example_dags/subdags/subdag.py
[2024-04-20T12:45:39.190+0700] {processor.py:830} INFO - Processing file /home/newrey/airflow/airflow-env/lib/python3.10/site-packages/airflow/example_dags/subdags/subdag.py for tasks to queue
[2024-04-20T12:45:39.192+0700] {logging_mixin.py:188} INFO - [2024-04-20T12:45:39.191+0700] {dagbag.py:540} INFO - Filling up the DagBag from /home/newrey/airflow/airflow-env/lib/python3.10/site-packages/airflow/example_dags/subdags/subdag.py
[2024-04-20T12:45:39.196+0700] {processor.py:842} WARNING - No viable dags retrieved from /home/newrey/airflow/airflow-env/lib/python3.10/site-packages/airflow/example_dags/subdags/subdag.py
[2024-04-20T12:45:39.217+0700] {processor.py:183} INFO - Processing /home/newrey/airflow/airflow-env/lib/python3.10/site-packages/airflow/example_dags/subdags/subdag.py took 0.049 seconds
[2024-04-20T12:46:39.371+0700] {processor.py:161} INFO - Started process (PID=21737) to work on /home/newrey/airflow/airflow-env/lib/python3.10/site-packages/airflow/example_dags/subdags/subdag.py
[2024-04-20T12:46:39.377+0700] {processor.py:830} INFO - Processing file /home/newrey/airflow/airflow-env/lib/python3.10/site-packages/airflow/example_dags/subdags/subdag.py for tasks to queue
[2024-04-20T12:46:39.379+0700] {logging_mixin.py:188} INFO - [2024-04-20T12:46:39.378+0700] {dagbag.py:540} INFO - Filling up the DagBag from /home/newrey/airflow/airflow-env/lib/python3.10/site-packages/airflow/example_dags/subdags/subdag.py
[2024-04-20T12:46:39.383+0700] {processor.py:842} WARNING - No viable dags retrieved from /home/newrey/airflow/airflow-env/lib/python3.10/site-packages/airflow/example_dags/subdags/subdag.py
[2024-04-20T12:46:39.405+0700] {processor.py:183} INFO - Processing /home/newrey/airflow/airflow-env/lib/python3.10/site-packages/airflow/example_dags/subdags/subdag.py took 0.053 seconds
[2024-04-20T12:47:42.534+0700] {processor.py:161} INFO - Started process (PID=22266) to work on /home/newrey/airflow/airflow-env/lib/python3.10/site-packages/airflow/example_dags/subdags/subdag.py
[2024-04-20T12:47:42.537+0700] {processor.py:830} INFO - Processing file /home/newrey/airflow/airflow-env/lib/python3.10/site-packages/airflow/example_dags/subdags/subdag.py for tasks to queue
[2024-04-20T12:47:42.539+0700] {logging_mixin.py:188} INFO - [2024-04-20T12:47:42.538+0700] {dagbag.py:540} INFO - Filling up the DagBag from /home/newrey/airflow/airflow-env/lib/python3.10/site-packages/airflow/example_dags/subdags/subdag.py
[2024-04-20T12:47:42.543+0700] {processor.py:842} WARNING - No viable dags retrieved from /home/newrey/airflow/airflow-env/lib/python3.10/site-packages/airflow/example_dags/subdags/subdag.py
[2024-04-20T12:47:42.563+0700] {processor.py:183} INFO - Processing /home/newrey/airflow/airflow-env/lib/python3.10/site-packages/airflow/example_dags/subdags/subdag.py took 0.049 seconds
[2024-04-20T12:48:47.062+0700] {processor.py:161} INFO - Started process (PID=22750) to work on /home/newrey/airflow/airflow-env/lib/python3.10/site-packages/airflow/example_dags/subdags/subdag.py
[2024-04-20T12:48:47.066+0700] {processor.py:830} INFO - Processing file /home/newrey/airflow/airflow-env/lib/python3.10/site-packages/airflow/example_dags/subdags/subdag.py for tasks to queue
[2024-04-20T12:48:47.068+0700] {logging_mixin.py:188} INFO - [2024-04-20T12:48:47.067+0700] {dagbag.py:540} INFO - Filling up the DagBag from /home/newrey/airflow/airflow-env/lib/python3.10/site-packages/airflow/example_dags/subdags/subdag.py
[2024-04-20T12:48:47.073+0700] {processor.py:842} WARNING - No viable dags retrieved from /home/newrey/airflow/airflow-env/lib/python3.10/site-packages/airflow/example_dags/subdags/subdag.py
[2024-04-20T12:48:47.114+0700] {processor.py:183} INFO - Processing /home/newrey/airflow/airflow-env/lib/python3.10/site-packages/airflow/example_dags/subdags/subdag.py took 0.073 seconds
