[2024-04-09T18:45:48.000+0000] {local_task_job_runner.py:120} INFO - ::group::Pre task execution logs
[2024-04-09T18:45:48.196+0000] {taskinstance.py:2073} INFO - Dependencies all met for dep_context=non-requeueable deps ti=<TaskInstance: fruits_dag.insert_fruit_data scheduled__2023-03-20T00:00:00+00:00 [queued]>
[2024-04-09T18:45:48.338+0000] {taskinstance.py:2073} INFO - Dependencies all met for dep_context=requeueable deps ti=<TaskInstance: fruits_dag.insert_fruit_data scheduled__2023-03-20T00:00:00+00:00 [queued]>
[2024-04-09T18:45:48.348+0000] {taskinstance.py:2303} INFO - Starting attempt 1 of 2
[2024-04-09T18:45:48.501+0000] {taskinstance.py:2327} INFO - Executing <Task(PythonOperator): insert_fruit_data> on 2023-03-20 00:00:00+00:00
[2024-04-09T18:45:48.524+0000] {warnings.py:110} WARNING - /home/***/.local/lib/python3.12/site-packages/***/task/task_runner/standard_task_runner.py:61: DeprecationWarning: This process (pid=2405) is multi-threaded, use of fork() may lead to deadlocks in the child.
  pid = os.fork()

[2024-04-09T18:45:48.534+0000] {standard_task_runner.py:90} INFO - Running: ['***', 'tasks', 'run', 'fruits_dag', 'insert_fruit_data', 'scheduled__2023-03-20T00:00:00+00:00', '--job-id', '239', '--raw', '--subdir', 'DAGS_FOLDER/fruit_table_dag.py', '--cfg-path', '/tmp/tmpnlakgj_1']
[2024-04-09T18:45:48.548+0000] {standard_task_runner.py:63} INFO - Started process 2423 to run task
[2024-04-09T18:45:48.549+0000] {standard_task_runner.py:91} INFO - Job 239: Subtask insert_fruit_data
[2024-04-09T18:45:48.870+0000] {task_command.py:426} INFO - Running <TaskInstance: fruits_dag.insert_fruit_data scheduled__2023-03-20T00:00:00+00:00 [running]> on host fd38698150f5
[2024-04-09T18:45:50.109+0000] {taskinstance.py:2644} INFO - Exporting env vars: AIRFLOW_CTX_DAG_OWNER='***' AIRFLOW_CTX_DAG_ID='fruits_dag' AIRFLOW_CTX_TASK_ID='insert_fruit_data' AIRFLOW_CTX_EXECUTION_DATE='2023-03-20T00:00:00+00:00' AIRFLOW_CTX_TRY_NUMBER='1' AIRFLOW_CTX_DAG_RUN_ID='scheduled__2023-03-20T00:00:00+00:00'
[2024-04-09T18:45:50.128+0000] {taskinstance.py:430} INFO - ::endgroup::
[2024-04-09T18:45:50.207+0000] {taskinstance.py:441} INFO - ::group::Post task execution logs
[2024-04-09T18:45:50.210+0000] {taskinstance.py:2890} ERROR - Task failed with exception
Traceback (most recent call last):
  File "/home/airflow/.local/lib/python3.12/site-packages/airflow/models/taskinstance.py", line 465, in _execute_task
    result = _execute_callable(context=context, **execute_callable_kwargs)
             ^^^^^^^^^^^^^^^^^^^^^^^^^^^^^^^^^^^^^^^^^^^^^^^^^^^^^^^^^^^^^
  File "/home/airflow/.local/lib/python3.12/site-packages/airflow/models/taskinstance.py", line 432, in _execute_callable
    return execute_callable(context=context, **execute_callable_kwargs)
           ^^^^^^^^^^^^^^^^^^^^^^^^^^^^^^^^^^^^^^^^^^^^^^^^^^^^^^^^^^^^
  File "/home/airflow/.local/lib/python3.12/site-packages/airflow/models/baseoperator.py", line 400, in wrapper
    return func(self, *args, **kwargs)
           ^^^^^^^^^^^^^^^^^^^^^^^^^^^
  File "/home/airflow/.local/lib/python3.12/site-packages/airflow/operators/python.py", line 235, in execute
    return_value = self.execute_callable()
                   ^^^^^^^^^^^^^^^^^^^^^^^
  File "/home/airflow/.local/lib/python3.12/site-packages/airflow/operators/python.py", line 252, in execute_callable
    return self.python_callable(*self.op_args, **self.op_kwargs)
           ^^^^^^^^^^^^^^^^^^^^^^^^^^^^^^^^^^^^^^^^^^^^^^^^^^^^^
  File "/opt/airflow/dags/fruit_table_dag.py", line 12, in insert_fruit_data_into_db
    conn = Variable.get('eskplorasi_postgres')
           ^^^^^^^^^^^^^^^^^^^^^^^^^^^^^^^^^^^
  File "/home/airflow/.local/lib/python3.12/site-packages/airflow/models/variable.py", line 143, in get
    raise KeyError(f"Variable {key} does not exist")
KeyError: 'Variable eskplorasi_postgres does not exist'
[2024-04-09T18:45:50.304+0000] {taskinstance.py:1205} INFO - Marking task as UP_FOR_RETRY. dag_id=fruits_dag, task_id=insert_fruit_data, execution_date=20230320T000000, start_date=20240409T184548, end_date=20240409T184550
[2024-04-09T18:45:50.399+0000] {standard_task_runner.py:110} ERROR - Failed to execute job 239 for task insert_fruit_data ('Variable eskplorasi_postgres does not exist'; 2423)
[2024-04-09T18:45:50.451+0000] {local_task_job_runner.py:240} INFO - Task exited with return code 1
[2024-04-09T18:45:50.605+0000] {taskinstance.py:3482} INFO - 0 downstream tasks scheduled from follow-on schedule check
[2024-04-09T18:45:50.646+0000] {local_task_job_runner.py:222} INFO - ::endgroup::
[2024-04-09T19:58:59.738+0000] {local_task_job_runner.py:120} INFO - ::group::Pre task execution logs
[2024-04-09T19:59:01.077+0000] {taskinstance.py:2073} INFO - Dependencies all met for dep_context=non-requeueable deps ti=<TaskInstance: fruits_dag.insert_fruit_data scheduled__2023-03-20T00:00:00+00:00 [queued]>
[2024-04-09T19:59:01.516+0000] {taskinstance.py:2073} INFO - Dependencies all met for dep_context=requeueable deps ti=<TaskInstance: fruits_dag.insert_fruit_data scheduled__2023-03-20T00:00:00+00:00 [queued]>
[2024-04-09T19:59:01.663+0000] {taskinstance.py:2303} INFO - Starting attempt 1 of 2
[2024-04-09T19:59:02.018+0000] {taskinstance.py:2327} INFO - Executing <Task(PythonOperator): insert_fruit_data> on 2023-03-20 00:00:00+00:00
[2024-04-09T19:59:02.113+0000] {standard_task_runner.py:90} INFO - Running: ['***', 'tasks', 'run', 'fruits_dag', 'insert_fruit_data', 'scheduled__2023-03-20T00:00:00+00:00', '--job-id', '476', '--raw', '--subdir', 'DAGS_FOLDER/fruit_table_dag.py', '--cfg-path', '/tmp/tmpoclwo69m']
[2024-04-09T19:59:02.159+0000] {standard_task_runner.py:91} INFO - Job 476: Subtask insert_fruit_data
[2024-04-09T19:59:02.146+0000] {warnings.py:110} WARNING - /home/***/.local/lib/python3.12/site-packages/***/task/task_runner/standard_task_runner.py:61: DeprecationWarning: This process (pid=458) is multi-threaded, use of fork() may lead to deadlocks in the child.
  pid = os.fork()

[2024-04-09T19:59:02.212+0000] {standard_task_runner.py:63} INFO - Started process 483 to run task
[2024-04-09T19:59:02.655+0000] {task_command.py:426} INFO - Running <TaskInstance: fruits_dag.insert_fruit_data scheduled__2023-03-20T00:00:00+00:00 [running]> on host a89a4f7de6ef
[2024-04-09T19:59:04.007+0000] {taskinstance.py:2644} INFO - Exporting env vars: AIRFLOW_CTX_DAG_OWNER='***' AIRFLOW_CTX_DAG_ID='fruits_dag' AIRFLOW_CTX_TASK_ID='insert_fruit_data' AIRFLOW_CTX_EXECUTION_DATE='2023-03-20T00:00:00+00:00' AIRFLOW_CTX_TRY_NUMBER='1' AIRFLOW_CTX_DAG_RUN_ID='scheduled__2023-03-20T00:00:00+00:00'
[2024-04-09T19:59:04.025+0000] {taskinstance.py:430} INFO - ::endgroup::
[2024-04-09T19:59:04.517+0000] {base.py:84} INFO - Using connection ID 'eksplorasi_postgres' for task execution.
[2024-04-09T19:59:05.218+0000] {python.py:237} INFO - Done. Returned value was: None
[2024-04-09T19:59:05.258+0000] {taskinstance.py:441} INFO - ::group::Post task execution logs
[2024-04-09T19:59:05.404+0000] {taskinstance.py:1205} INFO - Marking task as SUCCESS. dag_id=fruits_dag, task_id=insert_fruit_data, execution_date=20230320T000000, start_date=20240409T195901, end_date=20240409T195905
[2024-04-09T19:59:05.851+0000] {local_task_job_runner.py:240} INFO - Task exited with return code 0
[2024-04-09T19:59:06.641+0000] {taskinstance.py:3482} INFO - 0 downstream tasks scheduled from follow-on schedule check
[2024-04-09T19:59:06.792+0000] {local_task_job_runner.py:222} INFO - ::endgroup::
