[2024-04-09T10:10:41.379+0000] {local_task_job_runner.py:120} INFO - ::group::Pre task execution logs
[2024-04-09T10:10:41.517+0000] {taskinstance.py:2073} INFO - Dependencies all met for dep_context=non-requeueable deps ti=<TaskInstance: dag_1.create_our_works_works_txt_file manual__2024-04-09T10:10:15.020936+00:00 [queued]>
[2024-04-09T10:10:41.598+0000] {taskinstance.py:2073} INFO - Dependencies all met for dep_context=requeueable deps ti=<TaskInstance: dag_1.create_our_works_works_txt_file manual__2024-04-09T10:10:15.020936+00:00 [queued]>
[2024-04-09T10:10:41.603+0000] {taskinstance.py:2303} INFO - Starting attempt 1 of 2
[2024-04-09T10:10:41.701+0000] {taskinstance.py:2327} INFO - Executing <Task(BashOperator): create_our_works_works_txt_file> on 2024-04-09 10:10:15.020936+00:00
[2024-04-09T10:10:41.743+0000] {warnings.py:110} WARNING - /home/***/.local/lib/python3.12/site-packages/***/task/task_runner/standard_task_runner.py:61: DeprecationWarning: This process (pid=1764) is multi-threaded, use of fork() may lead to deadlocks in the child.
  pid = os.fork()

[2024-04-09T10:10:41.746+0000] {standard_task_runner.py:63} INFO - Started process 1776 to run task
[2024-04-09T10:10:41.752+0000] {standard_task_runner.py:90} INFO - Running: ['***', 'tasks', 'run', 'dag_1', 'create_our_works_works_txt_file', 'manual__2024-04-09T10:10:15.020936+00:00', '--job-id', '28', '--raw', '--subdir', 'DAGS_FOLDER/dag-1.py', '--cfg-path', '/tmp/tmpzgoestg3']
[2024-04-09T10:10:41.784+0000] {standard_task_runner.py:91} INFO - Job 28: Subtask create_our_works_works_txt_file
[2024-04-09T10:10:42.147+0000] {task_command.py:426} INFO - Running <TaskInstance: dag_1.create_our_works_works_txt_file manual__2024-04-09T10:10:15.020936+00:00 [running]> on host b6bc23c6abe9
[2024-04-09T10:10:43.251+0000] {taskinstance.py:2644} INFO - Exporting env vars: AIRFLOW_CTX_DAG_OWNER='***' AIRFLOW_CTX_DAG_ID='dag_1' AIRFLOW_CTX_TASK_ID='create_our_works_works_txt_file' AIRFLOW_CTX_EXECUTION_DATE='2024-04-09T10:10:15.020936+00:00' AIRFLOW_CTX_TRY_NUMBER='1' AIRFLOW_CTX_DAG_RUN_ID='manual__2024-04-09T10:10:15.020936+00:00'
[2024-04-09T10:10:43.319+0000] {taskinstance.py:430} INFO - ::endgroup::
[2024-04-09T10:10:43.337+0000] {subprocess.py:63} INFO - Tmp dir root location: /tmp
[2024-04-09T10:10:43.361+0000] {subprocess.py:75} INFO - Running command: ['/usr/bin/bash', '-c', 'mkdir -p our_works && touch our_works/works.txt']
[2024-04-09T10:10:43.500+0000] {subprocess.py:86} INFO - Output:
[2024-04-09T10:10:43.535+0000] {subprocess.py:97} INFO - Command exited with return code 0
[2024-04-09T10:10:43.541+0000] {taskinstance.py:441} INFO - ::group::Post task execution logs
[2024-04-09T10:10:45.214+0000] {taskinstance.py:1205} INFO - Marking task as SUCCESS. dag_id=dag_1, task_id=create_our_works_works_txt_file, execution_date=20240409T101015, start_date=20240409T101041, end_date=20240409T101045
[2024-04-09T10:10:45.547+0000] {local_task_job_runner.py:240} INFO - Task exited with return code 0
[2024-04-09T10:10:45.760+0000] {taskinstance.py:3482} INFO - 0 downstream tasks scheduled from follow-on schedule check
[2024-04-09T10:10:45.812+0000] {local_task_job_runner.py:222} INFO - ::endgroup::
