[2024-04-09T14:51:36.829+0000] {local_task_job_runner.py:120} INFO - ::group::Pre task execution logs
[2024-04-09T14:51:36.879+0000] {taskinstance.py:2073} INFO - Dependencies all met for dep_context=non-requeueable deps ti=<TaskInstance: fakestore_dag.write_to_txt manual__2024-04-09T14:51:17.604455+00:00 [queued]>
[2024-04-09T14:51:36.897+0000] {taskinstance.py:2073} INFO - Dependencies all met for dep_context=requeueable deps ti=<TaskInstance: fakestore_dag.write_to_txt manual__2024-04-09T14:51:17.604455+00:00 [queued]>
[2024-04-09T14:51:36.898+0000] {taskinstance.py:2303} INFO - Starting attempt 1 of 4
[2024-04-09T14:51:36.944+0000] {taskinstance.py:2327} INFO - Executing <Task(PythonOperator): write_to_txt> on 2024-04-09 14:51:17.604455+00:00
[2024-04-09T14:51:36.965+0000] {warnings.py:110} WARNING - /home/***/.local/lib/python3.12/site-packages/***/task/task_runner/standard_task_runner.py:61: DeprecationWarning: This process (pid=2640) is multi-threaded, use of fork() may lead to deadlocks in the child.
  pid = os.fork()

[2024-04-09T14:51:36.967+0000] {standard_task_runner.py:90} INFO - Running: ['***', 'tasks', 'run', 'fakestore_dag', 'write_to_txt', 'manual__2024-04-09T14:51:17.604455+00:00', '--job-id', '157', '--raw', '--subdir', 'DAGS_FOLDER/get_write_data_from_api.py', '--cfg-path', '/tmp/tmpobwn4gx_']
[2024-04-09T14:51:36.968+0000] {standard_task_runner.py:63} INFO - Started process 2646 to run task
[2024-04-09T14:51:36.969+0000] {standard_task_runner.py:91} INFO - Job 157: Subtask write_to_txt
[2024-04-09T14:51:37.291+0000] {task_command.py:426} INFO - Running <TaskInstance: fakestore_dag.write_to_txt manual__2024-04-09T14:51:17.604455+00:00 [running]> on host a05b73ef9a4b
[2024-04-09T14:51:38.423+0000] {taskinstance.py:2644} INFO - Exporting env vars: AIRFLOW_CTX_DAG_OWNER='***' AIRFLOW_CTX_DAG_ID='fakestore_dag' AIRFLOW_CTX_TASK_ID='write_to_txt' AIRFLOW_CTX_EXECUTION_DATE='2024-04-09T14:51:17.604455+00:00' AIRFLOW_CTX_TRY_NUMBER='1' AIRFLOW_CTX_DAG_RUN_ID='manual__2024-04-09T14:51:17.604455+00:00'
[2024-04-09T14:51:38.428+0000] {taskinstance.py:430} INFO - ::endgroup::
[2024-04-09T14:51:38.516+0000] {get_write_data_from_api.py:61} INFO - Data written to TXT file: 15_Workflow-Orchestration-with-Apache-Airflow/Praktikum/Prioritas-2/data.txt
[2024-04-09T14:51:38.519+0000] {python.py:237} INFO - Done. Returned value was: None
[2024-04-09T14:51:38.526+0000] {taskinstance.py:441} INFO - ::group::Post task execution logs
[2024-04-09T14:51:38.645+0000] {taskinstance.py:1205} INFO - Marking task as SUCCESS. dag_id=fakestore_dag, task_id=write_to_txt, execution_date=20240409T145117, start_date=20240409T145136, end_date=20240409T145138
[2024-04-09T14:51:38.823+0000] {local_task_job_runner.py:240} INFO - Task exited with return code 0
[2024-04-09T14:51:38.913+0000] {taskinstance.py:3482} INFO - 1 downstream tasks scheduled from follow-on schedule check
[2024-04-09T14:51:38.927+0000] {local_task_job_runner.py:222} INFO - ::endgroup::
