[2024-04-09T15:15:45.889+0000] {local_task_job_runner.py:120} INFO - ::group::Pre task execution logs
[2024-04-09T15:15:45.961+0000] {taskinstance.py:2073} INFO - Dependencies all met for dep_context=non-requeueable deps ti=<TaskInstance: fakestore_dag.write_to_csv manual__2024-04-09T15:15:34.777461+00:00 [queued]>
[2024-04-09T15:15:45.978+0000] {taskinstance.py:2073} INFO - Dependencies all met for dep_context=requeueable deps ti=<TaskInstance: fakestore_dag.write_to_csv manual__2024-04-09T15:15:34.777461+00:00 [queued]>
[2024-04-09T15:15:45.979+0000] {taskinstance.py:2303} INFO - Starting attempt 1 of 4
[2024-04-09T15:15:46.007+0000] {taskinstance.py:2327} INFO - Executing <Task(PythonOperator): write_to_csv> on 2024-04-09 15:15:34.777461+00:00
[2024-04-09T15:15:46.026+0000] {standard_task_runner.py:90} INFO - Running: ['***', 'tasks', 'run', 'fakestore_dag', 'write_to_csv', 'manual__2024-04-09T15:15:34.777461+00:00', '--job-id', '170', '--raw', '--subdir', 'DAGS_FOLDER/get_write_data_from_api.py', '--cfg-path', '/tmp/tmp1udj9jph']
[2024-04-09T15:15:46.024+0000] {warnings.py:110} WARNING - /home/***/.local/lib/python3.12/site-packages/***/task/task_runner/standard_task_runner.py:61: DeprecationWarning: This process (pid=2960) is multi-threaded, use of fork() may lead to deadlocks in the child.
  pid = os.fork()

[2024-04-09T15:15:46.030+0000] {standard_task_runner.py:91} INFO - Job 170: Subtask write_to_csv
[2024-04-09T15:15:46.031+0000] {standard_task_runner.py:63} INFO - Started process 2964 to run task
[2024-04-09T15:15:46.161+0000] {task_command.py:426} INFO - Running <TaskInstance: fakestore_dag.write_to_csv manual__2024-04-09T15:15:34.777461+00:00 [running]> on host a05b73ef9a4b
[2024-04-09T15:15:46.345+0000] {taskinstance.py:2644} INFO - Exporting env vars: AIRFLOW_CTX_DAG_OWNER='***' AIRFLOW_CTX_DAG_ID='fakestore_dag' AIRFLOW_CTX_TASK_ID='write_to_csv' AIRFLOW_CTX_EXECUTION_DATE='2024-04-09T15:15:34.777461+00:00' AIRFLOW_CTX_TRY_NUMBER='1' AIRFLOW_CTX_DAG_RUN_ID='manual__2024-04-09T15:15:34.777461+00:00'
[2024-04-09T15:15:46.349+0000] {taskinstance.py:430} INFO - ::endgroup::
[2024-04-09T15:15:46.392+0000] {get_write_data_from_api.py:47} INFO - Data written to CSV file: 15_Workflow-Orchestration-with-Apache-Airflow/Praktikum/Prioritas-2/data.csv
[2024-04-09T15:15:46.394+0000] {python.py:237} INFO - Done. Returned value was: None
[2024-04-09T15:15:46.394+0000] {taskinstance.py:441} INFO - ::group::Post task execution logs
[2024-04-09T15:15:46.414+0000] {taskinstance.py:1205} INFO - Marking task as SUCCESS. dag_id=fakestore_dag, task_id=write_to_csv, execution_date=20240409T151534, start_date=20240409T151545, end_date=20240409T151546
[2024-04-09T15:15:46.454+0000] {local_task_job_runner.py:240} INFO - Task exited with return code 0
[2024-04-09T15:15:46.495+0000] {taskinstance.py:3482} INFO - 1 downstream tasks scheduled from follow-on schedule check
[2024-04-09T15:15:46.498+0000] {local_task_job_runner.py:222} INFO - ::endgroup::
