[2024-04-20T12:18:20.744+0700] {processor.py:161} INFO - Started process (PID=4850) to work on /home/newrey/airflow/airflow-env/lib/python3.10/site-packages/airflow/example_dags/example_latest_only.py
[2024-04-20T12:18:20.746+0700] {processor.py:830} INFO - Processing file /home/newrey/airflow/airflow-env/lib/python3.10/site-packages/airflow/example_dags/example_latest_only.py for tasks to queue
[2024-04-20T12:18:20.760+0700] {logging_mixin.py:188} INFO - [2024-04-20T12:18:20.759+0700] {dagbag.py:540} INFO - Filling up the DagBag from /home/newrey/airflow/airflow-env/lib/python3.10/site-packages/airflow/example_dags/example_latest_only.py
[2024-04-20T12:18:20.807+0700] {processor.py:840} INFO - DAG(s) 'latest_only' retrieved from /home/newrey/airflow/airflow-env/lib/python3.10/site-packages/airflow/example_dags/example_latest_only.py
[2024-04-20T12:18:21.516+0700] {logging_mixin.py:188} INFO - [2024-04-20T12:18:21.515+0700] {dag.py:3096} INFO - Sync 1 DAGs
[2024-04-20T12:18:21.646+0700] {logging_mixin.py:188} INFO - [2024-04-20T12:18:21.645+0700] {dag.py:3954} INFO - Setting next_dagrun for latest_only to 2024-04-20 00:00:00+00:00, run_after=2024-04-20 04:00:00+00:00
[2024-04-20T12:18:21.831+0700] {processor.py:183} INFO - Processing /home/newrey/airflow/airflow-env/lib/python3.10/site-packages/airflow/example_dags/example_latest_only.py took 1.116 seconds
[2024-04-20T12:20:16.893+0700] {processor.py:161} INFO - Started process (PID=6131) to work on /home/newrey/airflow/airflow-env/lib/python3.10/site-packages/airflow/example_dags/example_latest_only.py
[2024-04-20T12:20:16.896+0700] {processor.py:830} INFO - Processing file /home/newrey/airflow/airflow-env/lib/python3.10/site-packages/airflow/example_dags/example_latest_only.py for tasks to queue
[2024-04-20T12:20:16.900+0700] {logging_mixin.py:188} INFO - [2024-04-20T12:20:16.899+0700] {dagbag.py:540} INFO - Filling up the DagBag from /home/newrey/airflow/airflow-env/lib/python3.10/site-packages/airflow/example_dags/example_latest_only.py
[2024-04-20T12:20:16.912+0700] {processor.py:840} INFO - DAG(s) 'latest_only' retrieved from /home/newrey/airflow/airflow-env/lib/python3.10/site-packages/airflow/example_dags/example_latest_only.py
[2024-04-20T12:20:16.965+0700] {logging_mixin.py:188} INFO - [2024-04-20T12:20:16.964+0700] {dag.py:3096} INFO - Sync 1 DAGs
[2024-04-20T12:20:17.023+0700] {logging_mixin.py:188} INFO - [2024-04-20T12:20:17.022+0700] {dag.py:3954} INFO - Setting next_dagrun for latest_only to 2024-04-20 00:00:00+00:00, run_after=2024-04-20 04:00:00+00:00
[2024-04-20T12:20:17.079+0700] {processor.py:183} INFO - Processing /home/newrey/airflow/airflow-env/lib/python3.10/site-packages/airflow/example_dags/example_latest_only.py took 0.198 seconds
[2024-04-20T12:21:17.178+0700] {processor.py:161} INFO - Started process (PID=6551) to work on /home/newrey/airflow/airflow-env/lib/python3.10/site-packages/airflow/example_dags/example_latest_only.py
[2024-04-20T12:21:17.182+0700] {processor.py:830} INFO - Processing file /home/newrey/airflow/airflow-env/lib/python3.10/site-packages/airflow/example_dags/example_latest_only.py for tasks to queue
[2024-04-20T12:21:17.185+0700] {logging_mixin.py:188} INFO - [2024-04-20T12:21:17.185+0700] {dagbag.py:540} INFO - Filling up the DagBag from /home/newrey/airflow/airflow-env/lib/python3.10/site-packages/airflow/example_dags/example_latest_only.py
[2024-04-20T12:21:17.198+0700] {processor.py:840} INFO - DAG(s) 'latest_only' retrieved from /home/newrey/airflow/airflow-env/lib/python3.10/site-packages/airflow/example_dags/example_latest_only.py
[2024-04-20T12:21:17.501+0700] {logging_mixin.py:188} INFO - [2024-04-20T12:21:17.500+0700] {dag.py:3096} INFO - Sync 1 DAGs
[2024-04-20T12:21:17.531+0700] {logging_mixin.py:188} INFO - [2024-04-20T12:21:17.531+0700] {dag.py:3954} INFO - Setting next_dagrun for latest_only to 2024-04-20 00:00:00+00:00, run_after=2024-04-20 04:00:00+00:00
[2024-04-20T12:21:17.573+0700] {processor.py:183} INFO - Processing /home/newrey/airflow/airflow-env/lib/python3.10/site-packages/airflow/example_dags/example_latest_only.py took 0.411 seconds
[2024-04-20T12:22:31.365+0700] {processor.py:161} INFO - Started process (PID=7136) to work on /home/newrey/airflow/airflow-env/lib/python3.10/site-packages/airflow/example_dags/example_latest_only.py
[2024-04-20T12:22:31.368+0700] {processor.py:830} INFO - Processing file /home/newrey/airflow/airflow-env/lib/python3.10/site-packages/airflow/example_dags/example_latest_only.py for tasks to queue
[2024-04-20T12:22:31.372+0700] {logging_mixin.py:188} INFO - [2024-04-20T12:22:31.371+0700] {dagbag.py:540} INFO - Filling up the DagBag from /home/newrey/airflow/airflow-env/lib/python3.10/site-packages/airflow/example_dags/example_latest_only.py
[2024-04-20T12:22:31.385+0700] {processor.py:840} INFO - DAG(s) 'latest_only' retrieved from /home/newrey/airflow/airflow-env/lib/python3.10/site-packages/airflow/example_dags/example_latest_only.py
[2024-04-20T12:22:31.432+0700] {logging_mixin.py:188} INFO - [2024-04-20T12:22:31.431+0700] {dag.py:3096} INFO - Sync 1 DAGs
[2024-04-20T12:22:31.485+0700] {logging_mixin.py:188} INFO - [2024-04-20T12:22:31.485+0700] {dag.py:3954} INFO - Setting next_dagrun for latest_only to 2024-04-20 00:00:00+00:00, run_after=2024-04-20 04:00:00+00:00
[2024-04-20T12:22:31.539+0700] {processor.py:183} INFO - Processing /home/newrey/airflow/airflow-env/lib/python3.10/site-packages/airflow/example_dags/example_latest_only.py took 0.188 seconds
[2024-04-20T12:23:32.195+0700] {processor.py:161} INFO - Started process (PID=8019) to work on /home/newrey/airflow/airflow-env/lib/python3.10/site-packages/airflow/example_dags/example_latest_only.py
[2024-04-20T12:23:32.199+0700] {processor.py:830} INFO - Processing file /home/newrey/airflow/airflow-env/lib/python3.10/site-packages/airflow/example_dags/example_latest_only.py for tasks to queue
[2024-04-20T12:23:32.203+0700] {logging_mixin.py:188} INFO - [2024-04-20T12:23:32.202+0700] {dagbag.py:540} INFO - Filling up the DagBag from /home/newrey/airflow/airflow-env/lib/python3.10/site-packages/airflow/example_dags/example_latest_only.py
[2024-04-20T12:23:32.234+0700] {processor.py:840} INFO - DAG(s) 'latest_only' retrieved from /home/newrey/airflow/airflow-env/lib/python3.10/site-packages/airflow/example_dags/example_latest_only.py
[2024-04-20T12:23:32.580+0700] {logging_mixin.py:188} INFO - [2024-04-20T12:23:32.579+0700] {dag.py:3096} INFO - Sync 1 DAGs
[2024-04-20T12:23:32.675+0700] {logging_mixin.py:188} INFO - [2024-04-20T12:23:32.672+0700] {dag.py:3954} INFO - Setting next_dagrun for latest_only to 2024-04-20 00:00:00+00:00, run_after=2024-04-20 04:00:00+00:00
[2024-04-20T12:23:33.497+0700] {processor.py:183} INFO - Processing /home/newrey/airflow/airflow-env/lib/python3.10/site-packages/airflow/example_dags/example_latest_only.py took 1.351 seconds
[2024-04-20T12:24:30.651+0700] {processor.py:161} INFO - Started process (PID=8601) to work on /home/newrey/airflow/airflow-env/lib/python3.10/site-packages/airflow/example_dags/example_latest_only.py
[2024-04-20T12:24:30.654+0700] {processor.py:830} INFO - Processing file /home/newrey/airflow/airflow-env/lib/python3.10/site-packages/airflow/example_dags/example_latest_only.py for tasks to queue
[2024-04-20T12:24:30.657+0700] {logging_mixin.py:188} INFO - [2024-04-20T12:24:30.656+0700] {dagbag.py:540} INFO - Filling up the DagBag from /home/newrey/airflow/airflow-env/lib/python3.10/site-packages/airflow/example_dags/example_latest_only.py
[2024-04-20T12:24:30.669+0700] {processor.py:840} INFO - DAG(s) 'latest_only' retrieved from /home/newrey/airflow/airflow-env/lib/python3.10/site-packages/airflow/example_dags/example_latest_only.py
[2024-04-20T12:24:30.703+0700] {logging_mixin.py:188} INFO - [2024-04-20T12:24:30.703+0700] {dag.py:3096} INFO - Sync 1 DAGs
[2024-04-20T12:24:30.751+0700] {logging_mixin.py:188} INFO - [2024-04-20T12:24:30.750+0700] {dag.py:3954} INFO - Setting next_dagrun for latest_only to 2024-04-20 00:00:00+00:00, run_after=2024-04-20 04:00:00+00:00
[2024-04-20T12:24:30.819+0700] {processor.py:183} INFO - Processing /home/newrey/airflow/airflow-env/lib/python3.10/site-packages/airflow/example_dags/example_latest_only.py took 0.191 seconds
[2024-04-20T12:25:54.082+0700] {processor.py:161} INFO - Started process (PID=9492) to work on /home/newrey/airflow/airflow-env/lib/python3.10/site-packages/airflow/example_dags/example_latest_only.py
[2024-04-20T12:25:54.091+0700] {processor.py:830} INFO - Processing file /home/newrey/airflow/airflow-env/lib/python3.10/site-packages/airflow/example_dags/example_latest_only.py for tasks to queue
[2024-04-20T12:25:54.096+0700] {logging_mixin.py:188} INFO - [2024-04-20T12:25:54.095+0700] {dagbag.py:540} INFO - Filling up the DagBag from /home/newrey/airflow/airflow-env/lib/python3.10/site-packages/airflow/example_dags/example_latest_only.py
[2024-04-20T12:25:54.120+0700] {processor.py:840} INFO - DAG(s) 'latest_only' retrieved from /home/newrey/airflow/airflow-env/lib/python3.10/site-packages/airflow/example_dags/example_latest_only.py
[2024-04-20T12:25:54.180+0700] {logging_mixin.py:188} INFO - [2024-04-20T12:25:54.180+0700] {dag.py:3096} INFO - Sync 1 DAGs
[2024-04-20T12:25:54.227+0700] {logging_mixin.py:188} INFO - [2024-04-20T12:25:54.226+0700] {dag.py:3954} INFO - Setting next_dagrun for latest_only to 2024-04-20 00:00:00+00:00, run_after=2024-04-20 04:00:00+00:00
[2024-04-20T12:25:54.466+0700] {processor.py:183} INFO - Processing /home/newrey/airflow/airflow-env/lib/python3.10/site-packages/airflow/example_dags/example_latest_only.py took 0.409 seconds
[2024-04-20T12:27:15.038+0700] {processor.py:161} INFO - Started process (PID=10364) to work on /home/newrey/airflow/airflow-env/lib/python3.10/site-packages/airflow/example_dags/example_latest_only.py
[2024-04-20T12:27:15.040+0700] {processor.py:830} INFO - Processing file /home/newrey/airflow/airflow-env/lib/python3.10/site-packages/airflow/example_dags/example_latest_only.py for tasks to queue
[2024-04-20T12:27:15.044+0700] {logging_mixin.py:188} INFO - [2024-04-20T12:27:15.043+0700] {dagbag.py:540} INFO - Filling up the DagBag from /home/newrey/airflow/airflow-env/lib/python3.10/site-packages/airflow/example_dags/example_latest_only.py
[2024-04-20T12:27:15.057+0700] {processor.py:840} INFO - DAG(s) 'latest_only' retrieved from /home/newrey/airflow/airflow-env/lib/python3.10/site-packages/airflow/example_dags/example_latest_only.py
[2024-04-20T12:27:15.102+0700] {logging_mixin.py:188} INFO - [2024-04-20T12:27:15.101+0700] {dag.py:3096} INFO - Sync 1 DAGs
[2024-04-20T12:27:15.166+0700] {logging_mixin.py:188} INFO - [2024-04-20T12:27:15.166+0700] {dag.py:3954} INFO - Setting next_dagrun for latest_only to 2024-04-20 00:00:00+00:00, run_after=2024-04-20 04:00:00+00:00
[2024-04-20T12:27:15.210+0700] {processor.py:183} INFO - Processing /home/newrey/airflow/airflow-env/lib/python3.10/site-packages/airflow/example_dags/example_latest_only.py took 0.190 seconds
[2024-04-20T12:29:01.953+0700] {processor.py:161} INFO - Started process (PID=11833) to work on /home/newrey/airflow/airflow-env/lib/python3.10/site-packages/airflow/example_dags/example_latest_only.py
[2024-04-20T12:29:01.962+0700] {processor.py:830} INFO - Processing file /home/newrey/airflow/airflow-env/lib/python3.10/site-packages/airflow/example_dags/example_latest_only.py for tasks to queue
[2024-04-20T12:29:01.964+0700] {logging_mixin.py:188} INFO - [2024-04-20T12:29:01.963+0700] {dagbag.py:540} INFO - Filling up the DagBag from /home/newrey/airflow/airflow-env/lib/python3.10/site-packages/airflow/example_dags/example_latest_only.py
[2024-04-20T12:29:01.983+0700] {processor.py:840} INFO - DAG(s) 'latest_only' retrieved from /home/newrey/airflow/airflow-env/lib/python3.10/site-packages/airflow/example_dags/example_latest_only.py
[2024-04-20T12:29:02.032+0700] {logging_mixin.py:188} INFO - [2024-04-20T12:29:02.031+0700] {dag.py:3096} INFO - Sync 1 DAGs
[2024-04-20T12:29:02.120+0700] {logging_mixin.py:188} INFO - [2024-04-20T12:29:02.119+0700] {dag.py:3954} INFO - Setting next_dagrun for latest_only to 2024-04-20 00:00:00+00:00, run_after=2024-04-20 04:00:00+00:00
[2024-04-20T12:29:02.203+0700] {processor.py:183} INFO - Processing /home/newrey/airflow/airflow-env/lib/python3.10/site-packages/airflow/example_dags/example_latest_only.py took 0.285 seconds
[2024-04-20T12:31:25.361+0700] {processor.py:161} INFO - Started process (PID=13947) to work on /home/newrey/airflow/airflow-env/lib/python3.10/site-packages/airflow/example_dags/example_latest_only.py
[2024-04-20T12:31:25.375+0700] {processor.py:830} INFO - Processing file /home/newrey/airflow/airflow-env/lib/python3.10/site-packages/airflow/example_dags/example_latest_only.py for tasks to queue
[2024-04-20T12:31:25.378+0700] {logging_mixin.py:188} INFO - [2024-04-20T12:31:25.377+0700] {dagbag.py:540} INFO - Filling up the DagBag from /home/newrey/airflow/airflow-env/lib/python3.10/site-packages/airflow/example_dags/example_latest_only.py
[2024-04-20T12:31:25.423+0700] {processor.py:840} INFO - DAG(s) 'latest_only' retrieved from /home/newrey/airflow/airflow-env/lib/python3.10/site-packages/airflow/example_dags/example_latest_only.py
[2024-04-20T12:31:25.559+0700] {logging_mixin.py:188} INFO - [2024-04-20T12:31:25.551+0700] {dag.py:3096} INFO - Sync 1 DAGs
[2024-04-20T12:31:25.715+0700] {logging_mixin.py:188} INFO - [2024-04-20T12:31:25.714+0700] {dag.py:3954} INFO - Setting next_dagrun for latest_only to 2024-04-20 00:00:00+00:00, run_after=2024-04-20 04:00:00+00:00
[2024-04-20T12:31:25.829+0700] {processor.py:183} INFO - Processing /home/newrey/airflow/airflow-env/lib/python3.10/site-packages/airflow/example_dags/example_latest_only.py took 0.534 seconds
[2024-04-20T12:32:51.315+0700] {processor.py:161} INFO - Started process (PID=14904) to work on /home/newrey/airflow/airflow-env/lib/python3.10/site-packages/airflow/example_dags/example_latest_only.py
[2024-04-20T12:32:51.317+0700] {processor.py:830} INFO - Processing file /home/newrey/airflow/airflow-env/lib/python3.10/site-packages/airflow/example_dags/example_latest_only.py for tasks to queue
[2024-04-20T12:32:51.318+0700] {logging_mixin.py:188} INFO - [2024-04-20T12:32:51.318+0700] {dagbag.py:540} INFO - Filling up the DagBag from /home/newrey/airflow/airflow-env/lib/python3.10/site-packages/airflow/example_dags/example_latest_only.py
[2024-04-20T12:32:51.328+0700] {processor.py:840} INFO - DAG(s) 'latest_only' retrieved from /home/newrey/airflow/airflow-env/lib/python3.10/site-packages/airflow/example_dags/example_latest_only.py
[2024-04-20T12:32:51.353+0700] {logging_mixin.py:188} INFO - [2024-04-20T12:32:51.352+0700] {dag.py:3096} INFO - Sync 1 DAGs
[2024-04-20T12:32:51.390+0700] {logging_mixin.py:188} INFO - [2024-04-20T12:32:51.389+0700] {dag.py:3954} INFO - Setting next_dagrun for latest_only to 2024-04-20 00:00:00+00:00, run_after=2024-04-20 04:00:00+00:00
[2024-04-20T12:32:51.447+0700] {processor.py:183} INFO - Processing /home/newrey/airflow/airflow-env/lib/python3.10/site-packages/airflow/example_dags/example_latest_only.py took 0.149 seconds
[2024-04-20T12:34:09.749+0700] {processor.py:161} INFO - Started process (PID=15521) to work on /home/newrey/airflow/airflow-env/lib/python3.10/site-packages/airflow/example_dags/example_latest_only.py
[2024-04-20T12:34:09.756+0700] {processor.py:830} INFO - Processing file /home/newrey/airflow/airflow-env/lib/python3.10/site-packages/airflow/example_dags/example_latest_only.py for tasks to queue
[2024-04-20T12:34:09.759+0700] {logging_mixin.py:188} INFO - [2024-04-20T12:34:09.758+0700] {dagbag.py:540} INFO - Filling up the DagBag from /home/newrey/airflow/airflow-env/lib/python3.10/site-packages/airflow/example_dags/example_latest_only.py
[2024-04-20T12:34:09.774+0700] {processor.py:840} INFO - DAG(s) 'latest_only' retrieved from /home/newrey/airflow/airflow-env/lib/python3.10/site-packages/airflow/example_dags/example_latest_only.py
[2024-04-20T12:34:09.816+0700] {logging_mixin.py:188} INFO - [2024-04-20T12:34:09.815+0700] {dag.py:3096} INFO - Sync 1 DAGs
[2024-04-20T12:34:09.862+0700] {logging_mixin.py:188} INFO - [2024-04-20T12:34:09.862+0700] {dag.py:3954} INFO - Setting next_dagrun for latest_only to 2024-04-20 00:00:00+00:00, run_after=2024-04-20 04:00:00+00:00
[2024-04-20T12:34:09.921+0700] {processor.py:183} INFO - Processing /home/newrey/airflow/airflow-env/lib/python3.10/site-packages/airflow/example_dags/example_latest_only.py took 0.229 seconds
[2024-04-20T12:35:07.042+0700] {processor.py:161} INFO - Started process (PID=16289) to work on /home/newrey/airflow/airflow-env/lib/python3.10/site-packages/airflow/example_dags/example_latest_only.py
[2024-04-20T12:35:07.046+0700] {processor.py:830} INFO - Processing file /home/newrey/airflow/airflow-env/lib/python3.10/site-packages/airflow/example_dags/example_latest_only.py for tasks to queue
[2024-04-20T12:35:07.048+0700] {logging_mixin.py:188} INFO - [2024-04-20T12:35:07.047+0700] {dagbag.py:540} INFO - Filling up the DagBag from /home/newrey/airflow/airflow-env/lib/python3.10/site-packages/airflow/example_dags/example_latest_only.py
[2024-04-20T12:35:07.066+0700] {processor.py:840} INFO - DAG(s) 'latest_only' retrieved from /home/newrey/airflow/airflow-env/lib/python3.10/site-packages/airflow/example_dags/example_latest_only.py
[2024-04-20T12:35:07.120+0700] {logging_mixin.py:188} INFO - [2024-04-20T12:35:07.119+0700] {dag.py:3096} INFO - Sync 1 DAGs
[2024-04-20T12:35:07.199+0700] {logging_mixin.py:188} INFO - [2024-04-20T12:35:07.199+0700] {dag.py:3954} INFO - Setting next_dagrun for latest_only to 2024-04-20 00:00:00+00:00, run_after=2024-04-20 04:00:00+00:00
[2024-04-20T12:35:07.282+0700] {processor.py:183} INFO - Processing /home/newrey/airflow/airflow-env/lib/python3.10/site-packages/airflow/example_dags/example_latest_only.py took 0.275 seconds
[2024-04-20T12:36:28.995+0700] {processor.py:161} INFO - Started process (PID=16924) to work on /home/newrey/airflow/airflow-env/lib/python3.10/site-packages/airflow/example_dags/example_latest_only.py
[2024-04-20T12:36:28.998+0700] {processor.py:830} INFO - Processing file /home/newrey/airflow/airflow-env/lib/python3.10/site-packages/airflow/example_dags/example_latest_only.py for tasks to queue
[2024-04-20T12:36:29.001+0700] {logging_mixin.py:188} INFO - [2024-04-20T12:36:29.000+0700] {dagbag.py:540} INFO - Filling up the DagBag from /home/newrey/airflow/airflow-env/lib/python3.10/site-packages/airflow/example_dags/example_latest_only.py
[2024-04-20T12:36:29.014+0700] {processor.py:840} INFO - DAG(s) 'latest_only' retrieved from /home/newrey/airflow/airflow-env/lib/python3.10/site-packages/airflow/example_dags/example_latest_only.py
[2024-04-20T12:36:29.050+0700] {logging_mixin.py:188} INFO - [2024-04-20T12:36:29.049+0700] {dag.py:3096} INFO - Sync 1 DAGs
[2024-04-20T12:36:29.107+0700] {logging_mixin.py:188} INFO - [2024-04-20T12:36:29.107+0700] {dag.py:3954} INFO - Setting next_dagrun for latest_only to 2024-04-20 00:00:00+00:00, run_after=2024-04-20 04:00:00+00:00
[2024-04-20T12:36:29.157+0700] {processor.py:183} INFO - Processing /home/newrey/airflow/airflow-env/lib/python3.10/site-packages/airflow/example_dags/example_latest_only.py took 0.182 seconds
[2024-04-20T12:37:44.532+0700] {processor.py:161} INFO - Started process (PID=17586) to work on /home/newrey/airflow/airflow-env/lib/python3.10/site-packages/airflow/example_dags/example_latest_only.py
[2024-04-20T12:37:44.537+0700] {processor.py:830} INFO - Processing file /home/newrey/airflow/airflow-env/lib/python3.10/site-packages/airflow/example_dags/example_latest_only.py for tasks to queue
[2024-04-20T12:37:44.540+0700] {logging_mixin.py:188} INFO - [2024-04-20T12:37:44.538+0700] {dagbag.py:540} INFO - Filling up the DagBag from /home/newrey/airflow/airflow-env/lib/python3.10/site-packages/airflow/example_dags/example_latest_only.py
[2024-04-20T12:37:44.560+0700] {processor.py:840} INFO - DAG(s) 'latest_only' retrieved from /home/newrey/airflow/airflow-env/lib/python3.10/site-packages/airflow/example_dags/example_latest_only.py
[2024-04-20T12:37:44.630+0700] {logging_mixin.py:188} INFO - [2024-04-20T12:37:44.629+0700] {dag.py:3096} INFO - Sync 1 DAGs
[2024-04-20T12:37:44.692+0700] {logging_mixin.py:188} INFO - [2024-04-20T12:37:44.692+0700] {dag.py:3954} INFO - Setting next_dagrun for latest_only to 2024-04-20 00:00:00+00:00, run_after=2024-04-20 04:00:00+00:00
[2024-04-20T12:37:44.789+0700] {processor.py:183} INFO - Processing /home/newrey/airflow/airflow-env/lib/python3.10/site-packages/airflow/example_dags/example_latest_only.py took 0.280 seconds
[2024-04-20T12:39:06.050+0700] {processor.py:161} INFO - Started process (PID=18339) to work on /home/newrey/airflow/airflow-env/lib/python3.10/site-packages/airflow/example_dags/example_latest_only.py
[2024-04-20T12:39:06.057+0700] {processor.py:830} INFO - Processing file /home/newrey/airflow/airflow-env/lib/python3.10/site-packages/airflow/example_dags/example_latest_only.py for tasks to queue
[2024-04-20T12:39:06.059+0700] {logging_mixin.py:188} INFO - [2024-04-20T12:39:06.059+0700] {dagbag.py:540} INFO - Filling up the DagBag from /home/newrey/airflow/airflow-env/lib/python3.10/site-packages/airflow/example_dags/example_latest_only.py
[2024-04-20T12:39:06.067+0700] {processor.py:840} INFO - DAG(s) 'latest_only' retrieved from /home/newrey/airflow/airflow-env/lib/python3.10/site-packages/airflow/example_dags/example_latest_only.py
[2024-04-20T12:39:06.094+0700] {logging_mixin.py:188} INFO - [2024-04-20T12:39:06.093+0700] {dag.py:3096} INFO - Sync 1 DAGs
[2024-04-20T12:39:06.134+0700] {logging_mixin.py:188} INFO - [2024-04-20T12:39:06.134+0700] {dag.py:3954} INFO - Setting next_dagrun for latest_only to 2024-04-20 00:00:00+00:00, run_after=2024-04-20 04:00:00+00:00
[2024-04-20T12:39:06.190+0700] {processor.py:183} INFO - Processing /home/newrey/airflow/airflow-env/lib/python3.10/site-packages/airflow/example_dags/example_latest_only.py took 0.157 seconds
[2024-04-20T12:40:17.620+0700] {processor.py:161} INFO - Started process (PID=18858) to work on /home/newrey/airflow/airflow-env/lib/python3.10/site-packages/airflow/example_dags/example_latest_only.py
[2024-04-20T12:40:17.624+0700] {processor.py:830} INFO - Processing file /home/newrey/airflow/airflow-env/lib/python3.10/site-packages/airflow/example_dags/example_latest_only.py for tasks to queue
[2024-04-20T12:40:17.627+0700] {logging_mixin.py:188} INFO - [2024-04-20T12:40:17.626+0700] {dagbag.py:540} INFO - Filling up the DagBag from /home/newrey/airflow/airflow-env/lib/python3.10/site-packages/airflow/example_dags/example_latest_only.py
[2024-04-20T12:40:17.638+0700] {processor.py:840} INFO - DAG(s) 'latest_only' retrieved from /home/newrey/airflow/airflow-env/lib/python3.10/site-packages/airflow/example_dags/example_latest_only.py
[2024-04-20T12:40:17.675+0700] {logging_mixin.py:188} INFO - [2024-04-20T12:40:17.675+0700] {dag.py:3096} INFO - Sync 1 DAGs
[2024-04-20T12:40:17.734+0700] {logging_mixin.py:188} INFO - [2024-04-20T12:40:17.733+0700] {dag.py:3954} INFO - Setting next_dagrun for latest_only to 2024-04-20 00:00:00+00:00, run_after=2024-04-20 04:00:00+00:00
[2024-04-20T12:40:17.797+0700] {processor.py:183} INFO - Processing /home/newrey/airflow/airflow-env/lib/python3.10/site-packages/airflow/example_dags/example_latest_only.py took 0.198 seconds
[2024-04-20T12:41:18.669+0700] {processor.py:161} INFO - Started process (PID=19308) to work on /home/newrey/airflow/airflow-env/lib/python3.10/site-packages/airflow/example_dags/example_latest_only.py
[2024-04-20T12:41:18.670+0700] {processor.py:830} INFO - Processing file /home/newrey/airflow/airflow-env/lib/python3.10/site-packages/airflow/example_dags/example_latest_only.py for tasks to queue
[2024-04-20T12:41:18.672+0700] {logging_mixin.py:188} INFO - [2024-04-20T12:41:18.671+0700] {dagbag.py:540} INFO - Filling up the DagBag from /home/newrey/airflow/airflow-env/lib/python3.10/site-packages/airflow/example_dags/example_latest_only.py
[2024-04-20T12:41:18.678+0700] {processor.py:840} INFO - DAG(s) 'latest_only' retrieved from /home/newrey/airflow/airflow-env/lib/python3.10/site-packages/airflow/example_dags/example_latest_only.py
[2024-04-20T12:41:18.701+0700] {logging_mixin.py:188} INFO - [2024-04-20T12:41:18.701+0700] {dag.py:3096} INFO - Sync 1 DAGs
[2024-04-20T12:41:18.729+0700] {logging_mixin.py:188} INFO - [2024-04-20T12:41:18.729+0700] {dag.py:3954} INFO - Setting next_dagrun for latest_only to 2024-04-20 00:00:00+00:00, run_after=2024-04-20 04:00:00+00:00
[2024-04-20T12:41:18.762+0700] {processor.py:183} INFO - Processing /home/newrey/airflow/airflow-env/lib/python3.10/site-packages/airflow/example_dags/example_latest_only.py took 0.104 seconds
[2024-04-20T12:42:16.724+0700] {processor.py:161} INFO - Started process (PID=19798) to work on /home/newrey/airflow/airflow-env/lib/python3.10/site-packages/airflow/example_dags/example_latest_only.py
[2024-04-20T12:42:16.732+0700] {processor.py:830} INFO - Processing file /home/newrey/airflow/airflow-env/lib/python3.10/site-packages/airflow/example_dags/example_latest_only.py for tasks to queue
[2024-04-20T12:42:16.734+0700] {logging_mixin.py:188} INFO - [2024-04-20T12:42:16.733+0700] {dagbag.py:540} INFO - Filling up the DagBag from /home/newrey/airflow/airflow-env/lib/python3.10/site-packages/airflow/example_dags/example_latest_only.py
[2024-04-20T12:42:16.743+0700] {processor.py:840} INFO - DAG(s) 'latest_only' retrieved from /home/newrey/airflow/airflow-env/lib/python3.10/site-packages/airflow/example_dags/example_latest_only.py
[2024-04-20T12:42:16.777+0700] {logging_mixin.py:188} INFO - [2024-04-20T12:42:16.776+0700] {dag.py:3096} INFO - Sync 1 DAGs
[2024-04-20T12:42:16.821+0700] {logging_mixin.py:188} INFO - [2024-04-20T12:42:16.821+0700] {dag.py:3954} INFO - Setting next_dagrun for latest_only to 2024-04-20 00:00:00+00:00, run_after=2024-04-20 04:00:00+00:00
[2024-04-20T12:42:16.894+0700] {processor.py:183} INFO - Processing /home/newrey/airflow/airflow-env/lib/python3.10/site-packages/airflow/example_dags/example_latest_only.py took 0.231 seconds
[2024-04-20T12:43:23.875+0700] {processor.py:161} INFO - Started process (PID=20300) to work on /home/newrey/airflow/airflow-env/lib/python3.10/site-packages/airflow/example_dags/example_latest_only.py
[2024-04-20T12:43:23.881+0700] {processor.py:830} INFO - Processing file /home/newrey/airflow/airflow-env/lib/python3.10/site-packages/airflow/example_dags/example_latest_only.py for tasks to queue
[2024-04-20T12:43:23.884+0700] {logging_mixin.py:188} INFO - [2024-04-20T12:43:23.883+0700] {dagbag.py:540} INFO - Filling up the DagBag from /home/newrey/airflow/airflow-env/lib/python3.10/site-packages/airflow/example_dags/example_latest_only.py
[2024-04-20T12:43:23.894+0700] {processor.py:840} INFO - DAG(s) 'latest_only' retrieved from /home/newrey/airflow/airflow-env/lib/python3.10/site-packages/airflow/example_dags/example_latest_only.py
[2024-04-20T12:43:23.924+0700] {logging_mixin.py:188} INFO - [2024-04-20T12:43:23.924+0700] {dag.py:3096} INFO - Sync 1 DAGs
[2024-04-20T12:43:23.967+0700] {logging_mixin.py:188} INFO - [2024-04-20T12:43:23.967+0700] {dag.py:3954} INFO - Setting next_dagrun for latest_only to 2024-04-20 00:00:00+00:00, run_after=2024-04-20 04:00:00+00:00
[2024-04-20T12:43:24.019+0700] {processor.py:183} INFO - Processing /home/newrey/airflow/airflow-env/lib/python3.10/site-packages/airflow/example_dags/example_latest_only.py took 0.165 seconds
[2024-04-20T12:44:21.739+0700] {processor.py:161} INFO - Started process (PID=20736) to work on /home/newrey/airflow/airflow-env/lib/python3.10/site-packages/airflow/example_dags/example_latest_only.py
[2024-04-20T12:44:21.743+0700] {processor.py:830} INFO - Processing file /home/newrey/airflow/airflow-env/lib/python3.10/site-packages/airflow/example_dags/example_latest_only.py for tasks to queue
[2024-04-20T12:44:21.745+0700] {logging_mixin.py:188} INFO - [2024-04-20T12:44:21.744+0700] {dagbag.py:540} INFO - Filling up the DagBag from /home/newrey/airflow/airflow-env/lib/python3.10/site-packages/airflow/example_dags/example_latest_only.py
[2024-04-20T12:44:21.752+0700] {processor.py:840} INFO - DAG(s) 'latest_only' retrieved from /home/newrey/airflow/airflow-env/lib/python3.10/site-packages/airflow/example_dags/example_latest_only.py
[2024-04-20T12:44:21.785+0700] {logging_mixin.py:188} INFO - [2024-04-20T12:44:21.784+0700] {dag.py:3096} INFO - Sync 1 DAGs
[2024-04-20T12:44:21.828+0700] {logging_mixin.py:188} INFO - [2024-04-20T12:44:21.827+0700] {dag.py:3954} INFO - Setting next_dagrun for latest_only to 2024-04-20 00:00:00+00:00, run_after=2024-04-20 04:00:00+00:00
[2024-04-20T12:44:21.872+0700] {processor.py:183} INFO - Processing /home/newrey/airflow/airflow-env/lib/python3.10/site-packages/airflow/example_dags/example_latest_only.py took 0.152 seconds
[2024-04-20T12:45:20.451+0700] {processor.py:161} INFO - Started process (PID=21171) to work on /home/newrey/airflow/airflow-env/lib/python3.10/site-packages/airflow/example_dags/example_latest_only.py
[2024-04-20T12:45:20.455+0700] {processor.py:830} INFO - Processing file /home/newrey/airflow/airflow-env/lib/python3.10/site-packages/airflow/example_dags/example_latest_only.py for tasks to queue
[2024-04-20T12:45:20.457+0700] {logging_mixin.py:188} INFO - [2024-04-20T12:45:20.456+0700] {dagbag.py:540} INFO - Filling up the DagBag from /home/newrey/airflow/airflow-env/lib/python3.10/site-packages/airflow/example_dags/example_latest_only.py
[2024-04-20T12:45:20.466+0700] {processor.py:840} INFO - DAG(s) 'latest_only' retrieved from /home/newrey/airflow/airflow-env/lib/python3.10/site-packages/airflow/example_dags/example_latest_only.py
[2024-04-20T12:45:20.498+0700] {logging_mixin.py:188} INFO - [2024-04-20T12:45:20.497+0700] {dag.py:3096} INFO - Sync 1 DAGs
[2024-04-20T12:45:20.539+0700] {logging_mixin.py:188} INFO - [2024-04-20T12:45:20.539+0700] {dag.py:3954} INFO - Setting next_dagrun for latest_only to 2024-04-20 00:00:00+00:00, run_after=2024-04-20 04:00:00+00:00
[2024-04-20T12:45:20.578+0700] {processor.py:183} INFO - Processing /home/newrey/airflow/airflow-env/lib/python3.10/site-packages/airflow/example_dags/example_latest_only.py took 0.146 seconds
[2024-04-20T12:46:19.697+0700] {processor.py:161} INFO - Started process (PID=21614) to work on /home/newrey/airflow/airflow-env/lib/python3.10/site-packages/airflow/example_dags/example_latest_only.py
[2024-04-20T12:46:19.700+0700] {processor.py:830} INFO - Processing file /home/newrey/airflow/airflow-env/lib/python3.10/site-packages/airflow/example_dags/example_latest_only.py for tasks to queue
[2024-04-20T12:46:19.702+0700] {logging_mixin.py:188} INFO - [2024-04-20T12:46:19.701+0700] {dagbag.py:540} INFO - Filling up the DagBag from /home/newrey/airflow/airflow-env/lib/python3.10/site-packages/airflow/example_dags/example_latest_only.py
[2024-04-20T12:46:19.707+0700] {processor.py:840} INFO - DAG(s) 'latest_only' retrieved from /home/newrey/airflow/airflow-env/lib/python3.10/site-packages/airflow/example_dags/example_latest_only.py
[2024-04-20T12:46:19.736+0700] {logging_mixin.py:188} INFO - [2024-04-20T12:46:19.735+0700] {dag.py:3096} INFO - Sync 1 DAGs
[2024-04-20T12:46:19.777+0700] {logging_mixin.py:188} INFO - [2024-04-20T12:46:19.777+0700] {dag.py:3954} INFO - Setting next_dagrun for latest_only to 2024-04-20 00:00:00+00:00, run_after=2024-04-20 04:00:00+00:00
[2024-04-20T12:46:19.829+0700] {processor.py:183} INFO - Processing /home/newrey/airflow/airflow-env/lib/python3.10/site-packages/airflow/example_dags/example_latest_only.py took 0.150 seconds
[2024-04-20T12:47:23.123+0700] {processor.py:161} INFO - Started process (PID=22146) to work on /home/newrey/airflow/airflow-env/lib/python3.10/site-packages/airflow/example_dags/example_latest_only.py
[2024-04-20T12:47:23.125+0700] {processor.py:830} INFO - Processing file /home/newrey/airflow/airflow-env/lib/python3.10/site-packages/airflow/example_dags/example_latest_only.py for tasks to queue
[2024-04-20T12:47:23.127+0700] {logging_mixin.py:188} INFO - [2024-04-20T12:47:23.126+0700] {dagbag.py:540} INFO - Filling up the DagBag from /home/newrey/airflow/airflow-env/lib/python3.10/site-packages/airflow/example_dags/example_latest_only.py
[2024-04-20T12:47:23.137+0700] {processor.py:840} INFO - DAG(s) 'latest_only' retrieved from /home/newrey/airflow/airflow-env/lib/python3.10/site-packages/airflow/example_dags/example_latest_only.py
[2024-04-20T12:47:23.167+0700] {logging_mixin.py:188} INFO - [2024-04-20T12:47:23.167+0700] {dag.py:3096} INFO - Sync 1 DAGs
[2024-04-20T12:47:23.212+0700] {logging_mixin.py:188} INFO - [2024-04-20T12:47:23.211+0700] {dag.py:3954} INFO - Setting next_dagrun for latest_only to 2024-04-20 00:00:00+00:00, run_after=2024-04-20 04:00:00+00:00
[2024-04-20T12:47:23.259+0700] {processor.py:183} INFO - Processing /home/newrey/airflow/airflow-env/lib/python3.10/site-packages/airflow/example_dags/example_latest_only.py took 0.155 seconds
[2024-04-20T12:48:28.788+0700] {processor.py:161} INFO - Started process (PID=22641) to work on /home/newrey/airflow/airflow-env/lib/python3.10/site-packages/airflow/example_dags/example_latest_only.py
[2024-04-20T12:48:28.798+0700] {processor.py:830} INFO - Processing file /home/newrey/airflow/airflow-env/lib/python3.10/site-packages/airflow/example_dags/example_latest_only.py for tasks to queue
[2024-04-20T12:48:28.800+0700] {logging_mixin.py:188} INFO - [2024-04-20T12:48:28.800+0700] {dagbag.py:540} INFO - Filling up the DagBag from /home/newrey/airflow/airflow-env/lib/python3.10/site-packages/airflow/example_dags/example_latest_only.py
[2024-04-20T12:48:28.810+0700] {processor.py:840} INFO - DAG(s) 'latest_only' retrieved from /home/newrey/airflow/airflow-env/lib/python3.10/site-packages/airflow/example_dags/example_latest_only.py
[2024-04-20T12:48:28.843+0700] {logging_mixin.py:188} INFO - [2024-04-20T12:48:28.843+0700] {dag.py:3096} INFO - Sync 1 DAGs
[2024-04-20T12:48:28.896+0700] {logging_mixin.py:188} INFO - [2024-04-20T12:48:28.895+0700] {dag.py:3954} INFO - Setting next_dagrun for latest_only to 2024-04-20 00:00:00+00:00, run_after=2024-04-20 04:00:00+00:00
[2024-04-20T12:48:28.938+0700] {processor.py:183} INFO - Processing /home/newrey/airflow/airflow-env/lib/python3.10/site-packages/airflow/example_dags/example_latest_only.py took 0.170 seconds
