[2024-04-20T12:17:51.287+0700] {processor.py:161} INFO - Started process (PID=4542) to work on /home/newrey/airflow/airflow-env/lib/python3.10/site-packages/airflow/example_dags/example_task_group_decorator.py
[2024-04-20T12:17:51.299+0700] {processor.py:830} INFO - Processing file /home/newrey/airflow/airflow-env/lib/python3.10/site-packages/airflow/example_dags/example_task_group_decorator.py for tasks to queue
[2024-04-20T12:17:51.304+0700] {logging_mixin.py:188} INFO - [2024-04-20T12:17:51.303+0700] {dagbag.py:540} INFO - Filling up the DagBag from /home/newrey/airflow/airflow-env/lib/python3.10/site-packages/airflow/example_dags/example_task_group_decorator.py
[2024-04-20T12:17:51.465+0700] {processor.py:840} INFO - DAG(s) 'example_task_group_decorator' retrieved from /home/newrey/airflow/airflow-env/lib/python3.10/site-packages/airflow/example_dags/example_task_group_decorator.py
[2024-04-20T12:17:52.405+0700] {logging_mixin.py:188} INFO - [2024-04-20T12:17:52.404+0700] {dag.py:3096} INFO - Sync 1 DAGs
[2024-04-20T12:17:53.328+0700] {logging_mixin.py:188} INFO - [2024-04-20T12:17:53.328+0700] {dag.py:3954} INFO - Setting next_dagrun for example_task_group_decorator to 2024-04-19 00:00:00+00:00, run_after=2024-04-20 00:00:00+00:00
[2024-04-20T12:17:54.285+0700] {processor.py:183} INFO - Processing /home/newrey/airflow/airflow-env/lib/python3.10/site-packages/airflow/example_dags/example_task_group_decorator.py took 3.032 seconds
[2024-04-20T12:20:06.200+0700] {processor.py:161} INFO - Started process (PID=6069) to work on /home/newrey/airflow/airflow-env/lib/python3.10/site-packages/airflow/example_dags/example_task_group_decorator.py
[2024-04-20T12:20:06.206+0700] {processor.py:830} INFO - Processing file /home/newrey/airflow/airflow-env/lib/python3.10/site-packages/airflow/example_dags/example_task_group_decorator.py for tasks to queue
[2024-04-20T12:20:06.217+0700] {logging_mixin.py:188} INFO - [2024-04-20T12:20:06.209+0700] {dagbag.py:540} INFO - Filling up the DagBag from /home/newrey/airflow/airflow-env/lib/python3.10/site-packages/airflow/example_dags/example_task_group_decorator.py
[2024-04-20T12:20:06.300+0700] {processor.py:840} INFO - DAG(s) 'example_task_group_decorator' retrieved from /home/newrey/airflow/airflow-env/lib/python3.10/site-packages/airflow/example_dags/example_task_group_decorator.py
[2024-04-20T12:20:06.387+0700] {logging_mixin.py:188} INFO - [2024-04-20T12:20:06.386+0700] {dag.py:3096} INFO - Sync 1 DAGs
[2024-04-20T12:20:06.516+0700] {logging_mixin.py:188} INFO - [2024-04-20T12:20:06.509+0700] {dag.py:3954} INFO - Setting next_dagrun for example_task_group_decorator to 2024-04-19 00:00:00+00:00, run_after=2024-04-20 00:00:00+00:00
[2024-04-20T12:20:06.601+0700] {processor.py:183} INFO - Processing /home/newrey/airflow/airflow-env/lib/python3.10/site-packages/airflow/example_dags/example_task_group_decorator.py took 0.425 seconds
[2024-04-20T12:21:05.432+0700] {processor.py:161} INFO - Started process (PID=6485) to work on /home/newrey/airflow/airflow-env/lib/python3.10/site-packages/airflow/example_dags/example_task_group_decorator.py
[2024-04-20T12:21:05.446+0700] {processor.py:830} INFO - Processing file /home/newrey/airflow/airflow-env/lib/python3.10/site-packages/airflow/example_dags/example_task_group_decorator.py for tasks to queue
[2024-04-20T12:21:05.452+0700] {logging_mixin.py:188} INFO - [2024-04-20T12:21:05.451+0700] {dagbag.py:540} INFO - Filling up the DagBag from /home/newrey/airflow/airflow-env/lib/python3.10/site-packages/airflow/example_dags/example_task_group_decorator.py
[2024-04-20T12:21:05.478+0700] {processor.py:840} INFO - DAG(s) 'example_task_group_decorator' retrieved from /home/newrey/airflow/airflow-env/lib/python3.10/site-packages/airflow/example_dags/example_task_group_decorator.py
[2024-04-20T12:21:05.714+0700] {logging_mixin.py:188} INFO - [2024-04-20T12:21:05.713+0700] {dag.py:3096} INFO - Sync 1 DAGs
[2024-04-20T12:21:05.754+0700] {logging_mixin.py:188} INFO - [2024-04-20T12:21:05.753+0700] {dag.py:3954} INFO - Setting next_dagrun for example_task_group_decorator to 2024-04-19 00:00:00+00:00, run_after=2024-04-20 00:00:00+00:00
[2024-04-20T12:21:05.807+0700] {processor.py:183} INFO - Processing /home/newrey/airflow/airflow-env/lib/python3.10/site-packages/airflow/example_dags/example_task_group_decorator.py took 0.389 seconds
[2024-04-20T12:21:46.849+0700] {processor.py:161} INFO - Started process (PID=6801) to work on /home/newrey/airflow/airflow-env/lib/python3.10/site-packages/airflow/example_dags/example_task_group_decorator.py
[2024-04-20T12:21:46.852+0700] {processor.py:830} INFO - Processing file /home/newrey/airflow/airflow-env/lib/python3.10/site-packages/airflow/example_dags/example_task_group_decorator.py for tasks to queue
[2024-04-20T12:21:46.855+0700] {logging_mixin.py:188} INFO - [2024-04-20T12:21:46.854+0700] {dagbag.py:540} INFO - Filling up the DagBag from /home/newrey/airflow/airflow-env/lib/python3.10/site-packages/airflow/example_dags/example_task_group_decorator.py
[2024-04-20T12:21:46.891+0700] {processor.py:840} INFO - DAG(s) 'example_task_group_decorator' retrieved from /home/newrey/airflow/airflow-env/lib/python3.10/site-packages/airflow/example_dags/example_task_group_decorator.py
[2024-04-20T12:21:46.936+0700] {logging_mixin.py:188} INFO - [2024-04-20T12:21:46.935+0700] {dag.py:3096} INFO - Sync 1 DAGs
[2024-04-20T12:21:46.980+0700] {logging_mixin.py:188} INFO - [2024-04-20T12:21:46.979+0700] {dag.py:3954} INFO - Setting next_dagrun for example_task_group_decorator to 2024-04-19 00:00:00+00:00, run_after=2024-04-20 00:00:00+00:00
[2024-04-20T12:21:47.033+0700] {processor.py:183} INFO - Processing /home/newrey/airflow/airflow-env/lib/python3.10/site-packages/airflow/example_dags/example_task_group_decorator.py took 0.197 seconds
[2024-04-20T12:23:19.515+0700] {processor.py:161} INFO - Started process (PID=7860) to work on /home/newrey/airflow/airflow-env/lib/python3.10/site-packages/airflow/example_dags/example_task_group_decorator.py
[2024-04-20T12:23:19.524+0700] {processor.py:830} INFO - Processing file /home/newrey/airflow/airflow-env/lib/python3.10/site-packages/airflow/example_dags/example_task_group_decorator.py for tasks to queue
[2024-04-20T12:23:19.527+0700] {logging_mixin.py:188} INFO - [2024-04-20T12:23:19.527+0700] {dagbag.py:540} INFO - Filling up the DagBag from /home/newrey/airflow/airflow-env/lib/python3.10/site-packages/airflow/example_dags/example_task_group_decorator.py
[2024-04-20T12:23:19.579+0700] {processor.py:840} INFO - DAG(s) 'example_task_group_decorator' retrieved from /home/newrey/airflow/airflow-env/lib/python3.10/site-packages/airflow/example_dags/example_task_group_decorator.py
[2024-04-20T12:23:19.645+0700] {logging_mixin.py:188} INFO - [2024-04-20T12:23:19.644+0700] {dag.py:3096} INFO - Sync 1 DAGs
[2024-04-20T12:23:19.707+0700] {logging_mixin.py:188} INFO - [2024-04-20T12:23:19.706+0700] {dag.py:3954} INFO - Setting next_dagrun for example_task_group_decorator to 2024-04-19 00:00:00+00:00, run_after=2024-04-20 00:00:00+00:00
[2024-04-20T12:23:19.795+0700] {processor.py:183} INFO - Processing /home/newrey/airflow/airflow-env/lib/python3.10/site-packages/airflow/example_dags/example_task_group_decorator.py took 0.311 seconds
[2024-04-20T12:24:19.770+0700] {processor.py:161} INFO - Started process (PID=8538) to work on /home/newrey/airflow/airflow-env/lib/python3.10/site-packages/airflow/example_dags/example_task_group_decorator.py
[2024-04-20T12:24:19.774+0700] {processor.py:830} INFO - Processing file /home/newrey/airflow/airflow-env/lib/python3.10/site-packages/airflow/example_dags/example_task_group_decorator.py for tasks to queue
[2024-04-20T12:24:19.776+0700] {logging_mixin.py:188} INFO - [2024-04-20T12:24:19.776+0700] {dagbag.py:540} INFO - Filling up the DagBag from /home/newrey/airflow/airflow-env/lib/python3.10/site-packages/airflow/example_dags/example_task_group_decorator.py
[2024-04-20T12:24:19.839+0700] {processor.py:840} INFO - DAG(s) 'example_task_group_decorator' retrieved from /home/newrey/airflow/airflow-env/lib/python3.10/site-packages/airflow/example_dags/example_task_group_decorator.py
[2024-04-20T12:24:19.938+0700] {logging_mixin.py:188} INFO - [2024-04-20T12:24:19.937+0700] {dag.py:3096} INFO - Sync 1 DAGs
[2024-04-20T12:24:20.137+0700] {logging_mixin.py:188} INFO - [2024-04-20T12:24:20.135+0700] {dag.py:3954} INFO - Setting next_dagrun for example_task_group_decorator to 2024-04-19 00:00:00+00:00, run_after=2024-04-20 00:00:00+00:00
[2024-04-20T12:24:20.212+0700] {processor.py:183} INFO - Processing /home/newrey/airflow/airflow-env/lib/python3.10/site-packages/airflow/example_dags/example_task_group_decorator.py took 0.464 seconds
[2024-04-20T12:25:42.984+0700] {processor.py:161} INFO - Started process (PID=9367) to work on /home/newrey/airflow/airflow-env/lib/python3.10/site-packages/airflow/example_dags/example_task_group_decorator.py
[2024-04-20T12:25:42.991+0700] {processor.py:830} INFO - Processing file /home/newrey/airflow/airflow-env/lib/python3.10/site-packages/airflow/example_dags/example_task_group_decorator.py for tasks to queue
[2024-04-20T12:25:42.995+0700] {logging_mixin.py:188} INFO - [2024-04-20T12:25:42.994+0700] {dagbag.py:540} INFO - Filling up the DagBag from /home/newrey/airflow/airflow-env/lib/python3.10/site-packages/airflow/example_dags/example_task_group_decorator.py
[2024-04-20T12:25:43.034+0700] {processor.py:840} INFO - DAG(s) 'example_task_group_decorator' retrieved from /home/newrey/airflow/airflow-env/lib/python3.10/site-packages/airflow/example_dags/example_task_group_decorator.py
[2024-04-20T12:25:43.106+0700] {logging_mixin.py:188} INFO - [2024-04-20T12:25:43.106+0700] {dag.py:3096} INFO - Sync 1 DAGs
[2024-04-20T12:25:43.179+0700] {logging_mixin.py:188} INFO - [2024-04-20T12:25:43.177+0700] {dag.py:3954} INFO - Setting next_dagrun for example_task_group_decorator to 2024-04-19 00:00:00+00:00, run_after=2024-04-20 00:00:00+00:00
[2024-04-20T12:25:43.241+0700] {processor.py:183} INFO - Processing /home/newrey/airflow/airflow-env/lib/python3.10/site-packages/airflow/example_dags/example_task_group_decorator.py took 0.281 seconds
[2024-04-20T12:26:31.107+0700] {processor.py:161} INFO - Started process (PID=9960) to work on /home/newrey/airflow/airflow-env/lib/python3.10/site-packages/airflow/example_dags/example_task_group_decorator.py
[2024-04-20T12:26:31.111+0700] {processor.py:830} INFO - Processing file /home/newrey/airflow/airflow-env/lib/python3.10/site-packages/airflow/example_dags/example_task_group_decorator.py for tasks to queue
[2024-04-20T12:26:31.115+0700] {logging_mixin.py:188} INFO - [2024-04-20T12:26:31.114+0700] {dagbag.py:540} INFO - Filling up the DagBag from /home/newrey/airflow/airflow-env/lib/python3.10/site-packages/airflow/example_dags/example_task_group_decorator.py
[2024-04-20T12:26:31.154+0700] {processor.py:840} INFO - DAG(s) 'example_task_group_decorator' retrieved from /home/newrey/airflow/airflow-env/lib/python3.10/site-packages/airflow/example_dags/example_task_group_decorator.py
[2024-04-20T12:26:31.210+0700] {logging_mixin.py:188} INFO - [2024-04-20T12:26:31.210+0700] {dag.py:3096} INFO - Sync 1 DAGs
[2024-04-20T12:26:31.258+0700] {logging_mixin.py:188} INFO - [2024-04-20T12:26:31.258+0700] {dag.py:3954} INFO - Setting next_dagrun for example_task_group_decorator to 2024-04-19 00:00:00+00:00, run_after=2024-04-20 00:00:00+00:00
[2024-04-20T12:26:31.318+0700] {processor.py:183} INFO - Processing /home/newrey/airflow/airflow-env/lib/python3.10/site-packages/airflow/example_dags/example_task_group_decorator.py took 0.230 seconds
[2024-04-20T12:27:59.060+0700] {processor.py:161} INFO - Started process (PID=10962) to work on /home/newrey/airflow/airflow-env/lib/python3.10/site-packages/airflow/example_dags/example_task_group_decorator.py
[2024-04-20T12:27:59.062+0700] {processor.py:830} INFO - Processing file /home/newrey/airflow/airflow-env/lib/python3.10/site-packages/airflow/example_dags/example_task_group_decorator.py for tasks to queue
[2024-04-20T12:27:59.066+0700] {logging_mixin.py:188} INFO - [2024-04-20T12:27:59.066+0700] {dagbag.py:540} INFO - Filling up the DagBag from /home/newrey/airflow/airflow-env/lib/python3.10/site-packages/airflow/example_dags/example_task_group_decorator.py
[2024-04-20T12:27:59.101+0700] {processor.py:840} INFO - DAG(s) 'example_task_group_decorator' retrieved from /home/newrey/airflow/airflow-env/lib/python3.10/site-packages/airflow/example_dags/example_task_group_decorator.py
[2024-04-20T12:27:59.141+0700] {logging_mixin.py:188} INFO - [2024-04-20T12:27:59.140+0700] {dag.py:3096} INFO - Sync 1 DAGs
[2024-04-20T12:27:59.216+0700] {logging_mixin.py:188} INFO - [2024-04-20T12:27:59.215+0700] {dag.py:3954} INFO - Setting next_dagrun for example_task_group_decorator to 2024-04-19 00:00:00+00:00, run_after=2024-04-20 00:00:00+00:00
[2024-04-20T12:27:59.297+0700] {processor.py:183} INFO - Processing /home/newrey/airflow/airflow-env/lib/python3.10/site-packages/airflow/example_dags/example_task_group_decorator.py took 0.255 seconds
[2024-04-20T12:28:51.266+0700] {processor.py:161} INFO - Started process (PID=11744) to work on /home/newrey/airflow/airflow-env/lib/python3.10/site-packages/airflow/example_dags/example_task_group_decorator.py
[2024-04-20T12:28:51.268+0700] {processor.py:830} INFO - Processing file /home/newrey/airflow/airflow-env/lib/python3.10/site-packages/airflow/example_dags/example_task_group_decorator.py for tasks to queue
[2024-04-20T12:28:51.272+0700] {logging_mixin.py:188} INFO - [2024-04-20T12:28:51.271+0700] {dagbag.py:540} INFO - Filling up the DagBag from /home/newrey/airflow/airflow-env/lib/python3.10/site-packages/airflow/example_dags/example_task_group_decorator.py
[2024-04-20T12:28:51.300+0700] {processor.py:840} INFO - DAG(s) 'example_task_group_decorator' retrieved from /home/newrey/airflow/airflow-env/lib/python3.10/site-packages/airflow/example_dags/example_task_group_decorator.py
[2024-04-20T12:28:51.336+0700] {logging_mixin.py:188} INFO - [2024-04-20T12:28:51.335+0700] {dag.py:3096} INFO - Sync 1 DAGs
[2024-04-20T12:28:51.401+0700] {logging_mixin.py:188} INFO - [2024-04-20T12:28:51.400+0700] {dag.py:3954} INFO - Setting next_dagrun for example_task_group_decorator to 2024-04-19 00:00:00+00:00, run_after=2024-04-20 00:00:00+00:00
[2024-04-20T12:28:51.473+0700] {processor.py:183} INFO - Processing /home/newrey/airflow/airflow-env/lib/python3.10/site-packages/airflow/example_dags/example_task_group_decorator.py took 0.230 seconds
[2024-04-20T12:29:47.753+0700] {processor.py:161} INFO - Started process (PID=12579) to work on /home/newrey/airflow/airflow-env/lib/python3.10/site-packages/airflow/example_dags/example_task_group_decorator.py
[2024-04-20T12:29:47.760+0700] {processor.py:830} INFO - Processing file /home/newrey/airflow/airflow-env/lib/python3.10/site-packages/airflow/example_dags/example_task_group_decorator.py for tasks to queue
[2024-04-20T12:29:47.763+0700] {logging_mixin.py:188} INFO - [2024-04-20T12:29:47.762+0700] {dagbag.py:540} INFO - Filling up the DagBag from /home/newrey/airflow/airflow-env/lib/python3.10/site-packages/airflow/example_dags/example_task_group_decorator.py
[2024-04-20T12:29:47.847+0700] {processor.py:840} INFO - DAG(s) 'example_task_group_decorator' retrieved from /home/newrey/airflow/airflow-env/lib/python3.10/site-packages/airflow/example_dags/example_task_group_decorator.py
[2024-04-20T12:29:47.928+0700] {logging_mixin.py:188} INFO - [2024-04-20T12:29:47.927+0700] {dag.py:3096} INFO - Sync 1 DAGs
[2024-04-20T12:29:47.971+0700] {logging_mixin.py:188} INFO - [2024-04-20T12:29:47.971+0700] {dag.py:3954} INFO - Setting next_dagrun for example_task_group_decorator to 2024-04-19 00:00:00+00:00, run_after=2024-04-20 00:00:00+00:00
[2024-04-20T12:29:48.044+0700] {processor.py:183} INFO - Processing /home/newrey/airflow/airflow-env/lib/python3.10/site-packages/airflow/example_dags/example_task_group_decorator.py took 0.332 seconds
[2024-04-20T12:31:10.261+0700] {processor.py:161} INFO - Started process (PID=13739) to work on /home/newrey/airflow/airflow-env/lib/python3.10/site-packages/airflow/example_dags/example_task_group_decorator.py
[2024-04-20T12:31:10.272+0700] {processor.py:830} INFO - Processing file /home/newrey/airflow/airflow-env/lib/python3.10/site-packages/airflow/example_dags/example_task_group_decorator.py for tasks to queue
[2024-04-20T12:31:10.276+0700] {logging_mixin.py:188} INFO - [2024-04-20T12:31:10.274+0700] {dagbag.py:540} INFO - Filling up the DagBag from /home/newrey/airflow/airflow-env/lib/python3.10/site-packages/airflow/example_dags/example_task_group_decorator.py
[2024-04-20T12:31:10.390+0700] {processor.py:840} INFO - DAG(s) 'example_task_group_decorator' retrieved from /home/newrey/airflow/airflow-env/lib/python3.10/site-packages/airflow/example_dags/example_task_group_decorator.py
[2024-04-20T12:31:10.578+0700] {logging_mixin.py:188} INFO - [2024-04-20T12:31:10.577+0700] {dag.py:3096} INFO - Sync 1 DAGs
[2024-04-20T12:31:10.785+0700] {logging_mixin.py:188} INFO - [2024-04-20T12:31:10.784+0700] {dag.py:3954} INFO - Setting next_dagrun for example_task_group_decorator to 2024-04-19 00:00:00+00:00, run_after=2024-04-20 00:00:00+00:00
[2024-04-20T12:31:11.138+0700] {processor.py:183} INFO - Processing /home/newrey/airflow/airflow-env/lib/python3.10/site-packages/airflow/example_dags/example_task_group_decorator.py took 0.915 seconds
[2024-04-20T12:32:02.938+0700] {processor.py:161} INFO - Started process (PID=14547) to work on /home/newrey/airflow/airflow-env/lib/python3.10/site-packages/airflow/example_dags/example_task_group_decorator.py
[2024-04-20T12:32:02.942+0700] {processor.py:830} INFO - Processing file /home/newrey/airflow/airflow-env/lib/python3.10/site-packages/airflow/example_dags/example_task_group_decorator.py for tasks to queue
[2024-04-20T12:32:02.944+0700] {logging_mixin.py:188} INFO - [2024-04-20T12:32:02.944+0700] {dagbag.py:540} INFO - Filling up the DagBag from /home/newrey/airflow/airflow-env/lib/python3.10/site-packages/airflow/example_dags/example_task_group_decorator.py
[2024-04-20T12:32:02.978+0700] {processor.py:840} INFO - DAG(s) 'example_task_group_decorator' retrieved from /home/newrey/airflow/airflow-env/lib/python3.10/site-packages/airflow/example_dags/example_task_group_decorator.py
[2024-04-20T12:32:03.018+0700] {logging_mixin.py:188} INFO - [2024-04-20T12:32:03.018+0700] {dag.py:3096} INFO - Sync 1 DAGs
[2024-04-20T12:32:03.070+0700] {logging_mixin.py:188} INFO - [2024-04-20T12:32:03.069+0700] {dag.py:3954} INFO - Setting next_dagrun for example_task_group_decorator to 2024-04-19 00:00:00+00:00, run_after=2024-04-20 00:00:00+00:00
[2024-04-20T12:32:03.129+0700] {processor.py:183} INFO - Processing /home/newrey/airflow/airflow-env/lib/python3.10/site-packages/airflow/example_dags/example_task_group_decorator.py took 0.213 seconds
[2024-04-20T12:32:45.881+0700] {processor.py:161} INFO - Started process (PID=14813) to work on /home/newrey/airflow/airflow-env/lib/python3.10/site-packages/airflow/example_dags/example_task_group_decorator.py
[2024-04-20T12:32:45.885+0700] {processor.py:830} INFO - Processing file /home/newrey/airflow/airflow-env/lib/python3.10/site-packages/airflow/example_dags/example_task_group_decorator.py for tasks to queue
[2024-04-20T12:32:45.887+0700] {logging_mixin.py:188} INFO - [2024-04-20T12:32:45.886+0700] {dagbag.py:540} INFO - Filling up the DagBag from /home/newrey/airflow/airflow-env/lib/python3.10/site-packages/airflow/example_dags/example_task_group_decorator.py
[2024-04-20T12:32:45.911+0700] {processor.py:840} INFO - DAG(s) 'example_task_group_decorator' retrieved from /home/newrey/airflow/airflow-env/lib/python3.10/site-packages/airflow/example_dags/example_task_group_decorator.py
[2024-04-20T12:32:45.951+0700] {logging_mixin.py:188} INFO - [2024-04-20T12:32:45.951+0700] {dag.py:3096} INFO - Sync 1 DAGs
[2024-04-20T12:32:45.993+0700] {logging_mixin.py:188} INFO - [2024-04-20T12:32:45.992+0700] {dag.py:3954} INFO - Setting next_dagrun for example_task_group_decorator to 2024-04-19 00:00:00+00:00, run_after=2024-04-20 00:00:00+00:00
[2024-04-20T12:32:46.043+0700] {processor.py:183} INFO - Processing /home/newrey/airflow/airflow-env/lib/python3.10/site-packages/airflow/example_dags/example_task_group_decorator.py took 0.183 seconds
[2024-04-20T12:34:02.391+0700] {processor.py:161} INFO - Started process (PID=15421) to work on /home/newrey/airflow/airflow-env/lib/python3.10/site-packages/airflow/example_dags/example_task_group_decorator.py
[2024-04-20T12:34:02.394+0700] {processor.py:830} INFO - Processing file /home/newrey/airflow/airflow-env/lib/python3.10/site-packages/airflow/example_dags/example_task_group_decorator.py for tasks to queue
[2024-04-20T12:34:02.397+0700] {logging_mixin.py:188} INFO - [2024-04-20T12:34:02.396+0700] {dagbag.py:540} INFO - Filling up the DagBag from /home/newrey/airflow/airflow-env/lib/python3.10/site-packages/airflow/example_dags/example_task_group_decorator.py
[2024-04-20T12:34:02.486+0700] {processor.py:840} INFO - DAG(s) 'example_task_group_decorator' retrieved from /home/newrey/airflow/airflow-env/lib/python3.10/site-packages/airflow/example_dags/example_task_group_decorator.py
[2024-04-20T12:34:02.606+0700] {logging_mixin.py:188} INFO - [2024-04-20T12:34:02.606+0700] {dag.py:3096} INFO - Sync 1 DAGs
[2024-04-20T12:34:02.719+0700] {logging_mixin.py:188} INFO - [2024-04-20T12:34:02.718+0700] {dag.py:3954} INFO - Setting next_dagrun for example_task_group_decorator to 2024-04-19 00:00:00+00:00, run_after=2024-04-20 00:00:00+00:00
[2024-04-20T12:34:02.810+0700] {processor.py:183} INFO - Processing /home/newrey/airflow/airflow-env/lib/python3.10/site-packages/airflow/example_dags/example_task_group_decorator.py took 0.464 seconds
[2024-04-20T12:34:55.342+0700] {processor.py:161} INFO - Started process (PID=16224) to work on /home/newrey/airflow/airflow-env/lib/python3.10/site-packages/airflow/example_dags/example_task_group_decorator.py
[2024-04-20T12:34:55.346+0700] {processor.py:830} INFO - Processing file /home/newrey/airflow/airflow-env/lib/python3.10/site-packages/airflow/example_dags/example_task_group_decorator.py for tasks to queue
[2024-04-20T12:34:55.348+0700] {logging_mixin.py:188} INFO - [2024-04-20T12:34:55.347+0700] {dagbag.py:540} INFO - Filling up the DagBag from /home/newrey/airflow/airflow-env/lib/python3.10/site-packages/airflow/example_dags/example_task_group_decorator.py
[2024-04-20T12:34:55.377+0700] {processor.py:840} INFO - DAG(s) 'example_task_group_decorator' retrieved from /home/newrey/airflow/airflow-env/lib/python3.10/site-packages/airflow/example_dags/example_task_group_decorator.py
[2024-04-20T12:34:55.421+0700] {logging_mixin.py:188} INFO - [2024-04-20T12:34:55.420+0700] {dag.py:3096} INFO - Sync 1 DAGs
[2024-04-20T12:34:55.475+0700] {logging_mixin.py:188} INFO - [2024-04-20T12:34:55.472+0700] {dag.py:3954} INFO - Setting next_dagrun for example_task_group_decorator to 2024-04-19 00:00:00+00:00, run_after=2024-04-20 00:00:00+00:00
[2024-04-20T12:34:55.536+0700] {processor.py:183} INFO - Processing /home/newrey/airflow/airflow-env/lib/python3.10/site-packages/airflow/example_dags/example_task_group_decorator.py took 0.215 seconds
[2024-04-20T12:35:46.148+0700] {processor.py:161} INFO - Started process (PID=16537) to work on /home/newrey/airflow/airflow-env/lib/python3.10/site-packages/airflow/example_dags/example_task_group_decorator.py
[2024-04-20T12:35:46.151+0700] {processor.py:830} INFO - Processing file /home/newrey/airflow/airflow-env/lib/python3.10/site-packages/airflow/example_dags/example_task_group_decorator.py for tasks to queue
[2024-04-20T12:35:46.153+0700] {logging_mixin.py:188} INFO - [2024-04-20T12:35:46.153+0700] {dagbag.py:540} INFO - Filling up the DagBag from /home/newrey/airflow/airflow-env/lib/python3.10/site-packages/airflow/example_dags/example_task_group_decorator.py
[2024-04-20T12:35:46.190+0700] {processor.py:840} INFO - DAG(s) 'example_task_group_decorator' retrieved from /home/newrey/airflow/airflow-env/lib/python3.10/site-packages/airflow/example_dags/example_task_group_decorator.py
[2024-04-20T12:35:46.252+0700] {logging_mixin.py:188} INFO - [2024-04-20T12:35:46.251+0700] {dag.py:3096} INFO - Sync 1 DAGs
[2024-04-20T12:35:46.303+0700] {logging_mixin.py:188} INFO - [2024-04-20T12:35:46.302+0700] {dag.py:3954} INFO - Setting next_dagrun for example_task_group_decorator to 2024-04-19 00:00:00+00:00, run_after=2024-04-20 00:00:00+00:00
[2024-04-20T12:35:46.366+0700] {processor.py:183} INFO - Processing /home/newrey/airflow/airflow-env/lib/python3.10/site-packages/airflow/example_dags/example_task_group_decorator.py took 0.242 seconds
[2024-04-20T12:37:03.254+0700] {processor.py:161} INFO - Started process (PID=17266) to work on /home/newrey/airflow/airflow-env/lib/python3.10/site-packages/airflow/example_dags/example_task_group_decorator.py
[2024-04-20T12:37:03.267+0700] {processor.py:830} INFO - Processing file /home/newrey/airflow/airflow-env/lib/python3.10/site-packages/airflow/example_dags/example_task_group_decorator.py for tasks to queue
[2024-04-20T12:37:03.270+0700] {logging_mixin.py:188} INFO - [2024-04-20T12:37:03.269+0700] {dagbag.py:540} INFO - Filling up the DagBag from /home/newrey/airflow/airflow-env/lib/python3.10/site-packages/airflow/example_dags/example_task_group_decorator.py
[2024-04-20T12:37:03.327+0700] {processor.py:840} INFO - DAG(s) 'example_task_group_decorator' retrieved from /home/newrey/airflow/airflow-env/lib/python3.10/site-packages/airflow/example_dags/example_task_group_decorator.py
[2024-04-20T12:37:03.436+0700] {logging_mixin.py:188} INFO - [2024-04-20T12:37:03.434+0700] {dag.py:3096} INFO - Sync 1 DAGs
[2024-04-20T12:37:03.556+0700] {logging_mixin.py:188} INFO - [2024-04-20T12:37:03.556+0700] {dag.py:3954} INFO - Setting next_dagrun for example_task_group_decorator to 2024-04-19 00:00:00+00:00, run_after=2024-04-20 00:00:00+00:00
[2024-04-20T12:37:03.666+0700] {processor.py:183} INFO - Processing /home/newrey/airflow/airflow-env/lib/python3.10/site-packages/airflow/example_dags/example_task_group_decorator.py took 0.468 seconds
[2024-04-20T12:38:21.973+0700] {processor.py:161} INFO - Started process (PID=18009) to work on /home/newrey/airflow/airflow-env/lib/python3.10/site-packages/airflow/example_dags/example_task_group_decorator.py
[2024-04-20T12:38:21.978+0700] {processor.py:830} INFO - Processing file /home/newrey/airflow/airflow-env/lib/python3.10/site-packages/airflow/example_dags/example_task_group_decorator.py for tasks to queue
[2024-04-20T12:38:21.984+0700] {logging_mixin.py:188} INFO - [2024-04-20T12:38:21.983+0700] {dagbag.py:540} INFO - Filling up the DagBag from /home/newrey/airflow/airflow-env/lib/python3.10/site-packages/airflow/example_dags/example_task_group_decorator.py
[2024-04-20T12:38:22.036+0700] {processor.py:840} INFO - DAG(s) 'example_task_group_decorator' retrieved from /home/newrey/airflow/airflow-env/lib/python3.10/site-packages/airflow/example_dags/example_task_group_decorator.py
[2024-04-20T12:38:22.095+0700] {logging_mixin.py:188} INFO - [2024-04-20T12:38:22.094+0700] {dag.py:3096} INFO - Sync 1 DAGs
[2024-04-20T12:38:22.177+0700] {logging_mixin.py:188} INFO - [2024-04-20T12:38:22.176+0700] {dag.py:3954} INFO - Setting next_dagrun for example_task_group_decorator to 2024-04-19 00:00:00+00:00, run_after=2024-04-20 00:00:00+00:00
[2024-04-20T12:38:22.282+0700] {processor.py:183} INFO - Processing /home/newrey/airflow/airflow-env/lib/python3.10/site-packages/airflow/example_dags/example_task_group_decorator.py took 0.331 seconds
[2024-04-20T12:39:43.089+0700] {processor.py:161} INFO - Started process (PID=18576) to work on /home/newrey/airflow/airflow-env/lib/python3.10/site-packages/airflow/example_dags/example_task_group_decorator.py
[2024-04-20T12:39:43.093+0700] {processor.py:830} INFO - Processing file /home/newrey/airflow/airflow-env/lib/python3.10/site-packages/airflow/example_dags/example_task_group_decorator.py for tasks to queue
[2024-04-20T12:39:43.095+0700] {logging_mixin.py:188} INFO - [2024-04-20T12:39:43.094+0700] {dagbag.py:540} INFO - Filling up the DagBag from /home/newrey/airflow/airflow-env/lib/python3.10/site-packages/airflow/example_dags/example_task_group_decorator.py
[2024-04-20T12:39:43.140+0700] {processor.py:840} INFO - DAG(s) 'example_task_group_decorator' retrieved from /home/newrey/airflow/airflow-env/lib/python3.10/site-packages/airflow/example_dags/example_task_group_decorator.py
[2024-04-20T12:39:43.197+0700] {logging_mixin.py:188} INFO - [2024-04-20T12:39:43.196+0700] {dag.py:3096} INFO - Sync 1 DAGs
[2024-04-20T12:39:43.247+0700] {logging_mixin.py:188} INFO - [2024-04-20T12:39:43.246+0700] {dag.py:3954} INFO - Setting next_dagrun for example_task_group_decorator to 2024-04-19 00:00:00+00:00, run_after=2024-04-20 00:00:00+00:00
[2024-04-20T12:39:43.322+0700] {processor.py:183} INFO - Processing /home/newrey/airflow/airflow-env/lib/python3.10/site-packages/airflow/example_dags/example_task_group_decorator.py took 0.254 seconds
[2024-04-20T12:40:45.967+0700] {processor.py:161} INFO - Started process (PID=19030) to work on /home/newrey/airflow/airflow-env/lib/python3.10/site-packages/airflow/example_dags/example_task_group_decorator.py
[2024-04-20T12:40:45.973+0700] {processor.py:830} INFO - Processing file /home/newrey/airflow/airflow-env/lib/python3.10/site-packages/airflow/example_dags/example_task_group_decorator.py for tasks to queue
[2024-04-20T12:40:45.976+0700] {logging_mixin.py:188} INFO - [2024-04-20T12:40:45.975+0700] {dagbag.py:540} INFO - Filling up the DagBag from /home/newrey/airflow/airflow-env/lib/python3.10/site-packages/airflow/example_dags/example_task_group_decorator.py
[2024-04-20T12:40:46.042+0700] {processor.py:840} INFO - DAG(s) 'example_task_group_decorator' retrieved from /home/newrey/airflow/airflow-env/lib/python3.10/site-packages/airflow/example_dags/example_task_group_decorator.py
[2024-04-20T12:40:46.088+0700] {logging_mixin.py:188} INFO - [2024-04-20T12:40:46.087+0700] {dag.py:3096} INFO - Sync 1 DAGs
[2024-04-20T12:40:46.116+0700] {logging_mixin.py:188} INFO - [2024-04-20T12:40:46.116+0700] {dag.py:3954} INFO - Setting next_dagrun for example_task_group_decorator to 2024-04-19 00:00:00+00:00, run_after=2024-04-20 00:00:00+00:00
[2024-04-20T12:40:46.156+0700] {processor.py:183} INFO - Processing /home/newrey/airflow/airflow-env/lib/python3.10/site-packages/airflow/example_dags/example_task_group_decorator.py took 0.211 seconds
[2024-04-20T12:41:49.452+0700] {processor.py:161} INFO - Started process (PID=19574) to work on /home/newrey/airflow/airflow-env/lib/python3.10/site-packages/airflow/example_dags/example_task_group_decorator.py
[2024-04-20T12:41:49.456+0700] {processor.py:830} INFO - Processing file /home/newrey/airflow/airflow-env/lib/python3.10/site-packages/airflow/example_dags/example_task_group_decorator.py for tasks to queue
[2024-04-20T12:41:49.458+0700] {logging_mixin.py:188} INFO - [2024-04-20T12:41:49.458+0700] {dagbag.py:540} INFO - Filling up the DagBag from /home/newrey/airflow/airflow-env/lib/python3.10/site-packages/airflow/example_dags/example_task_group_decorator.py
[2024-04-20T12:41:49.474+0700] {processor.py:840} INFO - DAG(s) 'example_task_group_decorator' retrieved from /home/newrey/airflow/airflow-env/lib/python3.10/site-packages/airflow/example_dags/example_task_group_decorator.py
[2024-04-20T12:41:49.494+0700] {logging_mixin.py:188} INFO - [2024-04-20T12:41:49.494+0700] {dag.py:3096} INFO - Sync 1 DAGs
[2024-04-20T12:41:49.514+0700] {logging_mixin.py:188} INFO - [2024-04-20T12:41:49.513+0700] {dag.py:3954} INFO - Setting next_dagrun for example_task_group_decorator to 2024-04-19 00:00:00+00:00, run_after=2024-04-20 00:00:00+00:00
[2024-04-20T12:41:49.539+0700] {processor.py:183} INFO - Processing /home/newrey/airflow/airflow-env/lib/python3.10/site-packages/airflow/example_dags/example_task_group_decorator.py took 0.106 seconds
[2024-04-20T12:42:47.540+0700] {processor.py:161} INFO - Started process (PID=20006) to work on /home/newrey/airflow/airflow-env/lib/python3.10/site-packages/airflow/example_dags/example_task_group_decorator.py
[2024-04-20T12:42:47.543+0700] {processor.py:830} INFO - Processing file /home/newrey/airflow/airflow-env/lib/python3.10/site-packages/airflow/example_dags/example_task_group_decorator.py for tasks to queue
[2024-04-20T12:42:47.544+0700] {logging_mixin.py:188} INFO - [2024-04-20T12:42:47.544+0700] {dagbag.py:540} INFO - Filling up the DagBag from /home/newrey/airflow/airflow-env/lib/python3.10/site-packages/airflow/example_dags/example_task_group_decorator.py
[2024-04-20T12:42:47.559+0700] {processor.py:840} INFO - DAG(s) 'example_task_group_decorator' retrieved from /home/newrey/airflow/airflow-env/lib/python3.10/site-packages/airflow/example_dags/example_task_group_decorator.py
[2024-04-20T12:42:47.580+0700] {logging_mixin.py:188} INFO - [2024-04-20T12:42:47.580+0700] {dag.py:3096} INFO - Sync 1 DAGs
[2024-04-20T12:42:47.605+0700] {logging_mixin.py:188} INFO - [2024-04-20T12:42:47.605+0700] {dag.py:3954} INFO - Setting next_dagrun for example_task_group_decorator to 2024-04-19 00:00:00+00:00, run_after=2024-04-20 00:00:00+00:00
[2024-04-20T12:42:47.637+0700] {processor.py:183} INFO - Processing /home/newrey/airflow/airflow-env/lib/python3.10/site-packages/airflow/example_dags/example_task_group_decorator.py took 0.115 seconds
[2024-04-20T12:43:52.100+0700] {processor.py:161} INFO - Started process (PID=20538) to work on /home/newrey/airflow/airflow-env/lib/python3.10/site-packages/airflow/example_dags/example_task_group_decorator.py
[2024-04-20T12:43:52.103+0700] {processor.py:830} INFO - Processing file /home/newrey/airflow/airflow-env/lib/python3.10/site-packages/airflow/example_dags/example_task_group_decorator.py for tasks to queue
[2024-04-20T12:43:52.105+0700] {logging_mixin.py:188} INFO - [2024-04-20T12:43:52.104+0700] {dagbag.py:540} INFO - Filling up the DagBag from /home/newrey/airflow/airflow-env/lib/python3.10/site-packages/airflow/example_dags/example_task_group_decorator.py
[2024-04-20T12:43:52.138+0700] {processor.py:840} INFO - DAG(s) 'example_task_group_decorator' retrieved from /home/newrey/airflow/airflow-env/lib/python3.10/site-packages/airflow/example_dags/example_task_group_decorator.py
[2024-04-20T12:43:52.183+0700] {logging_mixin.py:188} INFO - [2024-04-20T12:43:52.182+0700] {dag.py:3096} INFO - Sync 1 DAGs
[2024-04-20T12:43:52.216+0700] {logging_mixin.py:188} INFO - [2024-04-20T12:43:52.215+0700] {dag.py:3954} INFO - Setting next_dagrun for example_task_group_decorator to 2024-04-19 00:00:00+00:00, run_after=2024-04-20 00:00:00+00:00
[2024-04-20T12:43:52.266+0700] {processor.py:183} INFO - Processing /home/newrey/airflow/airflow-env/lib/python3.10/site-packages/airflow/example_dags/example_task_group_decorator.py took 0.187 seconds
[2024-04-20T12:44:48.440+0700] {processor.py:161} INFO - Started process (PID=20925) to work on /home/newrey/airflow/airflow-env/lib/python3.10/site-packages/airflow/example_dags/example_task_group_decorator.py
[2024-04-20T12:44:48.442+0700] {processor.py:830} INFO - Processing file /home/newrey/airflow/airflow-env/lib/python3.10/site-packages/airflow/example_dags/example_task_group_decorator.py for tasks to queue
[2024-04-20T12:44:48.444+0700] {logging_mixin.py:188} INFO - [2024-04-20T12:44:48.443+0700] {dagbag.py:540} INFO - Filling up the DagBag from /home/newrey/airflow/airflow-env/lib/python3.10/site-packages/airflow/example_dags/example_task_group_decorator.py
[2024-04-20T12:44:48.478+0700] {processor.py:840} INFO - DAG(s) 'example_task_group_decorator' retrieved from /home/newrey/airflow/airflow-env/lib/python3.10/site-packages/airflow/example_dags/example_task_group_decorator.py
[2024-04-20T12:44:48.526+0700] {logging_mixin.py:188} INFO - [2024-04-20T12:44:48.525+0700] {dag.py:3096} INFO - Sync 1 DAGs
[2024-04-20T12:44:48.553+0700] {logging_mixin.py:188} INFO - [2024-04-20T12:44:48.553+0700] {dag.py:3954} INFO - Setting next_dagrun for example_task_group_decorator to 2024-04-19 00:00:00+00:00, run_after=2024-04-20 00:00:00+00:00
[2024-04-20T12:44:48.589+0700] {processor.py:183} INFO - Processing /home/newrey/airflow/airflow-env/lib/python3.10/site-packages/airflow/example_dags/example_task_group_decorator.py took 0.169 seconds
[2024-04-20T12:45:50.973+0700] {processor.py:161} INFO - Started process (PID=21438) to work on /home/newrey/airflow/airflow-env/lib/python3.10/site-packages/airflow/example_dags/example_task_group_decorator.py
[2024-04-20T12:45:50.977+0700] {processor.py:830} INFO - Processing file /home/newrey/airflow/airflow-env/lib/python3.10/site-packages/airflow/example_dags/example_task_group_decorator.py for tasks to queue
[2024-04-20T12:45:50.980+0700] {logging_mixin.py:188} INFO - [2024-04-20T12:45:50.980+0700] {dagbag.py:540} INFO - Filling up the DagBag from /home/newrey/airflow/airflow-env/lib/python3.10/site-packages/airflow/example_dags/example_task_group_decorator.py
[2024-04-20T12:45:51.020+0700] {processor.py:840} INFO - DAG(s) 'example_task_group_decorator' retrieved from /home/newrey/airflow/airflow-env/lib/python3.10/site-packages/airflow/example_dags/example_task_group_decorator.py
[2024-04-20T12:45:51.074+0700] {logging_mixin.py:188} INFO - [2024-04-20T12:45:51.073+0700] {dag.py:3096} INFO - Sync 1 DAGs
[2024-04-20T12:45:51.121+0700] {logging_mixin.py:188} INFO - [2024-04-20T12:45:51.121+0700] {dag.py:3954} INFO - Setting next_dagrun for example_task_group_decorator to 2024-04-19 00:00:00+00:00, run_after=2024-04-20 00:00:00+00:00
[2024-04-20T12:45:51.159+0700] {processor.py:183} INFO - Processing /home/newrey/airflow/airflow-env/lib/python3.10/site-packages/airflow/example_dags/example_task_group_decorator.py took 0.205 seconds
[2024-04-20T12:46:50.919+0700] {processor.py:161} INFO - Started process (PID=21884) to work on /home/newrey/airflow/airflow-env/lib/python3.10/site-packages/airflow/example_dags/example_task_group_decorator.py
[2024-04-20T12:46:50.922+0700] {processor.py:830} INFO - Processing file /home/newrey/airflow/airflow-env/lib/python3.10/site-packages/airflow/example_dags/example_task_group_decorator.py for tasks to queue
[2024-04-20T12:46:50.924+0700] {logging_mixin.py:188} INFO - [2024-04-20T12:46:50.924+0700] {dagbag.py:540} INFO - Filling up the DagBag from /home/newrey/airflow/airflow-env/lib/python3.10/site-packages/airflow/example_dags/example_task_group_decorator.py
[2024-04-20T12:46:50.956+0700] {processor.py:840} INFO - DAG(s) 'example_task_group_decorator' retrieved from /home/newrey/airflow/airflow-env/lib/python3.10/site-packages/airflow/example_dags/example_task_group_decorator.py
[2024-04-20T12:46:50.989+0700] {logging_mixin.py:188} INFO - [2024-04-20T12:46:50.989+0700] {dag.py:3096} INFO - Sync 1 DAGs
[2024-04-20T12:46:51.013+0700] {logging_mixin.py:188} INFO - [2024-04-20T12:46:51.013+0700] {dag.py:3954} INFO - Setting next_dagrun for example_task_group_decorator to 2024-04-19 00:00:00+00:00, run_after=2024-04-20 00:00:00+00:00
[2024-04-20T12:46:51.044+0700] {processor.py:183} INFO - Processing /home/newrey/airflow/airflow-env/lib/python3.10/site-packages/airflow/example_dags/example_task_group_decorator.py took 0.143 seconds
[2024-04-20T12:47:52.915+0700] {processor.py:161} INFO - Started process (PID=22404) to work on /home/newrey/airflow/airflow-env/lib/python3.10/site-packages/airflow/example_dags/example_task_group_decorator.py
[2024-04-20T12:47:52.919+0700] {processor.py:830} INFO - Processing file /home/newrey/airflow/airflow-env/lib/python3.10/site-packages/airflow/example_dags/example_task_group_decorator.py for tasks to queue
[2024-04-20T12:47:52.921+0700] {logging_mixin.py:188} INFO - [2024-04-20T12:47:52.920+0700] {dagbag.py:540} INFO - Filling up the DagBag from /home/newrey/airflow/airflow-env/lib/python3.10/site-packages/airflow/example_dags/example_task_group_decorator.py
[2024-04-20T12:47:52.953+0700] {processor.py:840} INFO - DAG(s) 'example_task_group_decorator' retrieved from /home/newrey/airflow/airflow-env/lib/python3.10/site-packages/airflow/example_dags/example_task_group_decorator.py
[2024-04-20T12:47:52.996+0700] {logging_mixin.py:188} INFO - [2024-04-20T12:47:52.995+0700] {dag.py:3096} INFO - Sync 1 DAGs
[2024-04-20T12:47:53.019+0700] {logging_mixin.py:188} INFO - [2024-04-20T12:47:53.019+0700] {dag.py:3954} INFO - Setting next_dagrun for example_task_group_decorator to 2024-04-19 00:00:00+00:00, run_after=2024-04-20 00:00:00+00:00
[2024-04-20T12:47:53.058+0700] {processor.py:183} INFO - Processing /home/newrey/airflow/airflow-env/lib/python3.10/site-packages/airflow/example_dags/example_task_group_decorator.py took 0.161 seconds
[2024-04-20T12:48:59.278+0700] {processor.py:161} INFO - Started process (PID=22908) to work on /home/newrey/airflow/airflow-env/lib/python3.10/site-packages/airflow/example_dags/example_task_group_decorator.py
[2024-04-20T12:48:59.282+0700] {processor.py:830} INFO - Processing file /home/newrey/airflow/airflow-env/lib/python3.10/site-packages/airflow/example_dags/example_task_group_decorator.py for tasks to queue
[2024-04-20T12:48:59.284+0700] {logging_mixin.py:188} INFO - [2024-04-20T12:48:59.284+0700] {dagbag.py:540} INFO - Filling up the DagBag from /home/newrey/airflow/airflow-env/lib/python3.10/site-packages/airflow/example_dags/example_task_group_decorator.py
[2024-04-20T12:48:59.316+0700] {processor.py:840} INFO - DAG(s) 'example_task_group_decorator' retrieved from /home/newrey/airflow/airflow-env/lib/python3.10/site-packages/airflow/example_dags/example_task_group_decorator.py
[2024-04-20T12:48:59.346+0700] {logging_mixin.py:188} INFO - [2024-04-20T12:48:59.345+0700] {dag.py:3096} INFO - Sync 1 DAGs
[2024-04-20T12:48:59.396+0700] {logging_mixin.py:188} INFO - [2024-04-20T12:48:59.395+0700] {dag.py:3954} INFO - Setting next_dagrun for example_task_group_decorator to 2024-04-19 00:00:00+00:00, run_after=2024-04-20 00:00:00+00:00
[2024-04-20T12:48:59.454+0700] {processor.py:183} INFO - Processing /home/newrey/airflow/airflow-env/lib/python3.10/site-packages/airflow/example_dags/example_task_group_decorator.py took 0.194 seconds
