[2024-04-20T12:18:15.233+0700] {processor.py:161} INFO - Started process (PID=4821) to work on /home/newrey/airflow/airflow-env/lib/python3.10/site-packages/airflow/example_dags/example_latest_only_with_trigger.py
[2024-04-20T12:18:15.235+0700] {processor.py:830} INFO - Processing file /home/newrey/airflow/airflow-env/lib/python3.10/site-packages/airflow/example_dags/example_latest_only_with_trigger.py for tasks to queue
[2024-04-20T12:18:15.250+0700] {logging_mixin.py:188} INFO - [2024-04-20T12:18:15.249+0700] {dagbag.py:540} INFO - Filling up the DagBag from /home/newrey/airflow/airflow-env/lib/python3.10/site-packages/airflow/example_dags/example_latest_only_with_trigger.py
[2024-04-20T12:18:15.301+0700] {processor.py:840} INFO - DAG(s) 'latest_only_with_trigger' retrieved from /home/newrey/airflow/airflow-env/lib/python3.10/site-packages/airflow/example_dags/example_latest_only_with_trigger.py
[2024-04-20T12:18:16.329+0700] {logging_mixin.py:188} INFO - [2024-04-20T12:18:16.328+0700] {dag.py:3096} INFO - Sync 1 DAGs
[2024-04-20T12:18:16.487+0700] {logging_mixin.py:188} INFO - [2024-04-20T12:18:16.486+0700] {dag.py:3954} INFO - Setting next_dagrun for latest_only_with_trigger to 2024-04-20 00:00:00+00:00, run_after=2024-04-20 04:00:00+00:00
[2024-04-20T12:18:17.058+0700] {processor.py:183} INFO - Processing /home/newrey/airflow/airflow-env/lib/python3.10/site-packages/airflow/example_dags/example_latest_only_with_trigger.py took 1.871 seconds
[2024-04-20T12:20:14.865+0700] {processor.py:161} INFO - Started process (PID=6116) to work on /home/newrey/airflow/airflow-env/lib/python3.10/site-packages/airflow/example_dags/example_latest_only_with_trigger.py
[2024-04-20T12:20:14.869+0700] {processor.py:830} INFO - Processing file /home/newrey/airflow/airflow-env/lib/python3.10/site-packages/airflow/example_dags/example_latest_only_with_trigger.py for tasks to queue
[2024-04-20T12:20:14.873+0700] {logging_mixin.py:188} INFO - [2024-04-20T12:20:14.872+0700] {dagbag.py:540} INFO - Filling up the DagBag from /home/newrey/airflow/airflow-env/lib/python3.10/site-packages/airflow/example_dags/example_latest_only_with_trigger.py
[2024-04-20T12:20:14.893+0700] {processor.py:840} INFO - DAG(s) 'latest_only_with_trigger' retrieved from /home/newrey/airflow/airflow-env/lib/python3.10/site-packages/airflow/example_dags/example_latest_only_with_trigger.py
[2024-04-20T12:20:14.929+0700] {logging_mixin.py:188} INFO - [2024-04-20T12:20:14.928+0700] {dag.py:3096} INFO - Sync 1 DAGs
[2024-04-20T12:20:15.005+0700] {logging_mixin.py:188} INFO - [2024-04-20T12:20:15.004+0700] {dag.py:3954} INFO - Setting next_dagrun for latest_only_with_trigger to 2024-04-20 00:00:00+00:00, run_after=2024-04-20 04:00:00+00:00
[2024-04-20T12:20:15.099+0700] {processor.py:183} INFO - Processing /home/newrey/airflow/airflow-env/lib/python3.10/site-packages/airflow/example_dags/example_latest_only_with_trigger.py took 0.245 seconds
[2024-04-20T12:21:14.419+0700] {processor.py:161} INFO - Started process (PID=6539) to work on /home/newrey/airflow/airflow-env/lib/python3.10/site-packages/airflow/example_dags/example_latest_only_with_trigger.py
[2024-04-20T12:21:14.422+0700] {processor.py:830} INFO - Processing file /home/newrey/airflow/airflow-env/lib/python3.10/site-packages/airflow/example_dags/example_latest_only_with_trigger.py for tasks to queue
[2024-04-20T12:21:14.425+0700] {logging_mixin.py:188} INFO - [2024-04-20T12:21:14.425+0700] {dagbag.py:540} INFO - Filling up the DagBag from /home/newrey/airflow/airflow-env/lib/python3.10/site-packages/airflow/example_dags/example_latest_only_with_trigger.py
[2024-04-20T12:21:14.442+0700] {processor.py:840} INFO - DAG(s) 'latest_only_with_trigger' retrieved from /home/newrey/airflow/airflow-env/lib/python3.10/site-packages/airflow/example_dags/example_latest_only_with_trigger.py
[2024-04-20T12:21:14.743+0700] {logging_mixin.py:188} INFO - [2024-04-20T12:21:14.735+0700] {dag.py:3096} INFO - Sync 1 DAGs
[2024-04-20T12:21:14.803+0700] {logging_mixin.py:188} INFO - [2024-04-20T12:21:14.803+0700] {dag.py:3954} INFO - Setting next_dagrun for latest_only_with_trigger to 2024-04-20 00:00:00+00:00, run_after=2024-04-20 04:00:00+00:00
[2024-04-20T12:21:14.901+0700] {processor.py:183} INFO - Processing /home/newrey/airflow/airflow-env/lib/python3.10/site-packages/airflow/example_dags/example_latest_only_with_trigger.py took 0.495 seconds
[2024-04-20T12:22:28.748+0700] {processor.py:161} INFO - Started process (PID=7118) to work on /home/newrey/airflow/airflow-env/lib/python3.10/site-packages/airflow/example_dags/example_latest_only_with_trigger.py
[2024-04-20T12:22:28.754+0700] {processor.py:830} INFO - Processing file /home/newrey/airflow/airflow-env/lib/python3.10/site-packages/airflow/example_dags/example_latest_only_with_trigger.py for tasks to queue
[2024-04-20T12:22:28.758+0700] {logging_mixin.py:188} INFO - [2024-04-20T12:22:28.757+0700] {dagbag.py:540} INFO - Filling up the DagBag from /home/newrey/airflow/airflow-env/lib/python3.10/site-packages/airflow/example_dags/example_latest_only_with_trigger.py
[2024-04-20T12:22:28.771+0700] {processor.py:840} INFO - DAG(s) 'latest_only_with_trigger' retrieved from /home/newrey/airflow/airflow-env/lib/python3.10/site-packages/airflow/example_dags/example_latest_only_with_trigger.py
[2024-04-20T12:22:28.806+0700] {logging_mixin.py:188} INFO - [2024-04-20T12:22:28.805+0700] {dag.py:3096} INFO - Sync 1 DAGs
[2024-04-20T12:22:28.859+0700] {logging_mixin.py:188} INFO - [2024-04-20T12:22:28.858+0700] {dag.py:3954} INFO - Setting next_dagrun for latest_only_with_trigger to 2024-04-20 00:00:00+00:00, run_after=2024-04-20 04:00:00+00:00
[2024-04-20T12:22:28.904+0700] {processor.py:183} INFO - Processing /home/newrey/airflow/airflow-env/lib/python3.10/site-packages/airflow/example_dags/example_latest_only_with_trigger.py took 0.169 seconds
[2024-04-20T12:23:28.771+0700] {processor.py:161} INFO - Started process (PID=7977) to work on /home/newrey/airflow/airflow-env/lib/python3.10/site-packages/airflow/example_dags/example_latest_only_with_trigger.py
[2024-04-20T12:23:28.778+0700] {processor.py:830} INFO - Processing file /home/newrey/airflow/airflow-env/lib/python3.10/site-packages/airflow/example_dags/example_latest_only_with_trigger.py for tasks to queue
[2024-04-20T12:23:28.782+0700] {logging_mixin.py:188} INFO - [2024-04-20T12:23:28.781+0700] {dagbag.py:540} INFO - Filling up the DagBag from /home/newrey/airflow/airflow-env/lib/python3.10/site-packages/airflow/example_dags/example_latest_only_with_trigger.py
[2024-04-20T12:23:28.795+0700] {processor.py:840} INFO - DAG(s) 'latest_only_with_trigger' retrieved from /home/newrey/airflow/airflow-env/lib/python3.10/site-packages/airflow/example_dags/example_latest_only_with_trigger.py
[2024-04-20T12:23:28.875+0700] {logging_mixin.py:188} INFO - [2024-04-20T12:23:28.874+0700] {dag.py:3096} INFO - Sync 1 DAGs
[2024-04-20T12:23:28.958+0700] {logging_mixin.py:188} INFO - [2024-04-20T12:23:28.957+0700] {dag.py:3954} INFO - Setting next_dagrun for latest_only_with_trigger to 2024-04-20 00:00:00+00:00, run_after=2024-04-20 04:00:00+00:00
[2024-04-20T12:23:29.062+0700] {processor.py:183} INFO - Processing /home/newrey/airflow/airflow-env/lib/python3.10/site-packages/airflow/example_dags/example_latest_only_with_trigger.py took 0.330 seconds
[2024-04-20T12:24:28.807+0700] {processor.py:161} INFO - Started process (PID=8586) to work on /home/newrey/airflow/airflow-env/lib/python3.10/site-packages/airflow/example_dags/example_latest_only_with_trigger.py
[2024-04-20T12:24:28.810+0700] {processor.py:830} INFO - Processing file /home/newrey/airflow/airflow-env/lib/python3.10/site-packages/airflow/example_dags/example_latest_only_with_trigger.py for tasks to queue
[2024-04-20T12:24:28.813+0700] {logging_mixin.py:188} INFO - [2024-04-20T12:24:28.812+0700] {dagbag.py:540} INFO - Filling up the DagBag from /home/newrey/airflow/airflow-env/lib/python3.10/site-packages/airflow/example_dags/example_latest_only_with_trigger.py
[2024-04-20T12:24:28.821+0700] {processor.py:840} INFO - DAG(s) 'latest_only_with_trigger' retrieved from /home/newrey/airflow/airflow-env/lib/python3.10/site-packages/airflow/example_dags/example_latest_only_with_trigger.py
[2024-04-20T12:24:28.850+0700] {logging_mixin.py:188} INFO - [2024-04-20T12:24:28.849+0700] {dag.py:3096} INFO - Sync 1 DAGs
[2024-04-20T12:24:28.884+0700] {logging_mixin.py:188} INFO - [2024-04-20T12:24:28.883+0700] {dag.py:3954} INFO - Setting next_dagrun for latest_only_with_trigger to 2024-04-20 00:00:00+00:00, run_after=2024-04-20 04:00:00+00:00
[2024-04-20T12:24:28.929+0700] {processor.py:183} INFO - Processing /home/newrey/airflow/airflow-env/lib/python3.10/site-packages/airflow/example_dags/example_latest_only_with_trigger.py took 0.136 seconds
[2024-04-20T12:25:50.942+0700] {processor.py:161} INFO - Started process (PID=9470) to work on /home/newrey/airflow/airflow-env/lib/python3.10/site-packages/airflow/example_dags/example_latest_only_with_trigger.py
[2024-04-20T12:25:50.950+0700] {processor.py:830} INFO - Processing file /home/newrey/airflow/airflow-env/lib/python3.10/site-packages/airflow/example_dags/example_latest_only_with_trigger.py for tasks to queue
[2024-04-20T12:25:50.956+0700] {logging_mixin.py:188} INFO - [2024-04-20T12:25:50.954+0700] {dagbag.py:540} INFO - Filling up the DagBag from /home/newrey/airflow/airflow-env/lib/python3.10/site-packages/airflow/example_dags/example_latest_only_with_trigger.py
[2024-04-20T12:25:50.973+0700] {processor.py:840} INFO - DAG(s) 'latest_only_with_trigger' retrieved from /home/newrey/airflow/airflow-env/lib/python3.10/site-packages/airflow/example_dags/example_latest_only_with_trigger.py
[2024-04-20T12:25:51.054+0700] {logging_mixin.py:188} INFO - [2024-04-20T12:25:51.053+0700] {dag.py:3096} INFO - Sync 1 DAGs
[2024-04-20T12:25:51.131+0700] {logging_mixin.py:188} INFO - [2024-04-20T12:25:51.131+0700] {dag.py:3954} INFO - Setting next_dagrun for latest_only_with_trigger to 2024-04-20 00:00:00+00:00, run_after=2024-04-20 04:00:00+00:00
[2024-04-20T12:25:51.273+0700] {processor.py:183} INFO - Processing /home/newrey/airflow/airflow-env/lib/python3.10/site-packages/airflow/example_dags/example_latest_only_with_trigger.py took 0.367 seconds
[2024-04-20T12:27:13.699+0700] {processor.py:161} INFO - Started process (PID=10356) to work on /home/newrey/airflow/airflow-env/lib/python3.10/site-packages/airflow/example_dags/example_latest_only_with_trigger.py
[2024-04-20T12:27:13.703+0700] {processor.py:830} INFO - Processing file /home/newrey/airflow/airflow-env/lib/python3.10/site-packages/airflow/example_dags/example_latest_only_with_trigger.py for tasks to queue
[2024-04-20T12:27:13.706+0700] {logging_mixin.py:188} INFO - [2024-04-20T12:27:13.706+0700] {dagbag.py:540} INFO - Filling up the DagBag from /home/newrey/airflow/airflow-env/lib/python3.10/site-packages/airflow/example_dags/example_latest_only_with_trigger.py
[2024-04-20T12:27:13.720+0700] {processor.py:840} INFO - DAG(s) 'latest_only_with_trigger' retrieved from /home/newrey/airflow/airflow-env/lib/python3.10/site-packages/airflow/example_dags/example_latest_only_with_trigger.py
[2024-04-20T12:27:13.758+0700] {logging_mixin.py:188} INFO - [2024-04-20T12:27:13.757+0700] {dag.py:3096} INFO - Sync 1 DAGs
[2024-04-20T12:27:13.813+0700] {logging_mixin.py:188} INFO - [2024-04-20T12:27:13.812+0700] {dag.py:3954} INFO - Setting next_dagrun for latest_only_with_trigger to 2024-04-20 00:00:00+00:00, run_after=2024-04-20 04:00:00+00:00
[2024-04-20T12:27:13.880+0700] {processor.py:183} INFO - Processing /home/newrey/airflow/airflow-env/lib/python3.10/site-packages/airflow/example_dags/example_latest_only_with_trigger.py took 0.203 seconds
[2024-04-20T12:28:05.888+0700] {processor.py:161} INFO - Started process (PID=11096) to work on /home/newrey/airflow/airflow-env/lib/python3.10/site-packages/airflow/example_dags/example_latest_only_with_trigger.py
[2024-04-20T12:28:05.891+0700] {processor.py:830} INFO - Processing file /home/newrey/airflow/airflow-env/lib/python3.10/site-packages/airflow/example_dags/example_latest_only_with_trigger.py for tasks to queue
[2024-04-20T12:28:05.894+0700] {logging_mixin.py:188} INFO - [2024-04-20T12:28:05.893+0700] {dagbag.py:540} INFO - Filling up the DagBag from /home/newrey/airflow/airflow-env/lib/python3.10/site-packages/airflow/example_dags/example_latest_only_with_trigger.py
[2024-04-20T12:28:05.908+0700] {processor.py:840} INFO - DAG(s) 'latest_only_with_trigger' retrieved from /home/newrey/airflow/airflow-env/lib/python3.10/site-packages/airflow/example_dags/example_latest_only_with_trigger.py
[2024-04-20T12:28:05.945+0700] {logging_mixin.py:188} INFO - [2024-04-20T12:28:05.945+0700] {dag.py:3096} INFO - Sync 1 DAGs
[2024-04-20T12:28:05.983+0700] {logging_mixin.py:188} INFO - [2024-04-20T12:28:05.983+0700] {dag.py:3954} INFO - Setting next_dagrun for latest_only_with_trigger to 2024-04-20 00:00:00+00:00, run_after=2024-04-20 04:00:00+00:00
[2024-04-20T12:28:06.025+0700] {processor.py:183} INFO - Processing /home/newrey/airflow/airflow-env/lib/python3.10/site-packages/airflow/example_dags/example_latest_only_with_trigger.py took 0.159 seconds
[2024-04-20T12:28:58.684+0700] {processor.py:161} INFO - Started process (PID=11791) to work on /home/newrey/airflow/airflow-env/lib/python3.10/site-packages/airflow/example_dags/example_latest_only_with_trigger.py
[2024-04-20T12:28:58.689+0700] {processor.py:830} INFO - Processing file /home/newrey/airflow/airflow-env/lib/python3.10/site-packages/airflow/example_dags/example_latest_only_with_trigger.py for tasks to queue
[2024-04-20T12:28:58.699+0700] {logging_mixin.py:188} INFO - [2024-04-20T12:28:58.698+0700] {dagbag.py:540} INFO - Filling up the DagBag from /home/newrey/airflow/airflow-env/lib/python3.10/site-packages/airflow/example_dags/example_latest_only_with_trigger.py
[2024-04-20T12:28:58.717+0700] {processor.py:840} INFO - DAG(s) 'latest_only_with_trigger' retrieved from /home/newrey/airflow/airflow-env/lib/python3.10/site-packages/airflow/example_dags/example_latest_only_with_trigger.py
[2024-04-20T12:28:58.789+0700] {logging_mixin.py:188} INFO - [2024-04-20T12:28:58.788+0700] {dag.py:3096} INFO - Sync 1 DAGs
[2024-04-20T12:28:58.923+0700] {logging_mixin.py:188} INFO - [2024-04-20T12:28:58.923+0700] {dag.py:3954} INFO - Setting next_dagrun for latest_only_with_trigger to 2024-04-20 00:00:00+00:00, run_after=2024-04-20 04:00:00+00:00
[2024-04-20T12:28:59.114+0700] {processor.py:183} INFO - Processing /home/newrey/airflow/airflow-env/lib/python3.10/site-packages/airflow/example_dags/example_latest_only_with_trigger.py took 0.475 seconds
[2024-04-20T12:30:24.189+0700] {processor.py:161} INFO - Started process (PID=13236) to work on /home/newrey/airflow/airflow-env/lib/python3.10/site-packages/airflow/example_dags/example_latest_only_with_trigger.py
[2024-04-20T12:30:24.192+0700] {processor.py:830} INFO - Processing file /home/newrey/airflow/airflow-env/lib/python3.10/site-packages/airflow/example_dags/example_latest_only_with_trigger.py for tasks to queue
[2024-04-20T12:30:24.193+0700] {logging_mixin.py:188} INFO - [2024-04-20T12:30:24.192+0700] {dagbag.py:540} INFO - Filling up the DagBag from /home/newrey/airflow/airflow-env/lib/python3.10/site-packages/airflow/example_dags/example_latest_only_with_trigger.py
[2024-04-20T12:30:24.203+0700] {processor.py:840} INFO - DAG(s) 'latest_only_with_trigger' retrieved from /home/newrey/airflow/airflow-env/lib/python3.10/site-packages/airflow/example_dags/example_latest_only_with_trigger.py
[2024-04-20T12:30:24.250+0700] {logging_mixin.py:188} INFO - [2024-04-20T12:30:24.250+0700] {dag.py:3096} INFO - Sync 1 DAGs
[2024-04-20T12:30:24.301+0700] {logging_mixin.py:188} INFO - [2024-04-20T12:30:24.301+0700] {dag.py:3954} INFO - Setting next_dagrun for latest_only_with_trigger to 2024-04-20 00:00:00+00:00, run_after=2024-04-20 04:00:00+00:00
[2024-04-20T12:30:24.357+0700] {processor.py:183} INFO - Processing /home/newrey/airflow/airflow-env/lib/python3.10/site-packages/airflow/example_dags/example_latest_only_with_trigger.py took 0.185 seconds
[2024-04-20T12:31:22.534+0700] {processor.py:161} INFO - Started process (PID=13928) to work on /home/newrey/airflow/airflow-env/lib/python3.10/site-packages/airflow/example_dags/example_latest_only_with_trigger.py
[2024-04-20T12:31:22.548+0700] {processor.py:830} INFO - Processing file /home/newrey/airflow/airflow-env/lib/python3.10/site-packages/airflow/example_dags/example_latest_only_with_trigger.py for tasks to queue
[2024-04-20T12:31:22.552+0700] {logging_mixin.py:188} INFO - [2024-04-20T12:31:22.550+0700] {dagbag.py:540} INFO - Filling up the DagBag from /home/newrey/airflow/airflow-env/lib/python3.10/site-packages/airflow/example_dags/example_latest_only_with_trigger.py
[2024-04-20T12:31:22.570+0700] {processor.py:840} INFO - DAG(s) 'latest_only_with_trigger' retrieved from /home/newrey/airflow/airflow-env/lib/python3.10/site-packages/airflow/example_dags/example_latest_only_with_trigger.py
[2024-04-20T12:31:22.615+0700] {logging_mixin.py:188} INFO - [2024-04-20T12:31:22.614+0700] {dag.py:3096} INFO - Sync 1 DAGs
[2024-04-20T12:31:22.683+0700] {logging_mixin.py:188} INFO - [2024-04-20T12:31:22.683+0700] {dag.py:3954} INFO - Setting next_dagrun for latest_only_with_trigger to 2024-04-20 00:00:00+00:00, run_after=2024-04-20 04:00:00+00:00
[2024-04-20T12:31:22.734+0700] {processor.py:183} INFO - Processing /home/newrey/airflow/airflow-env/lib/python3.10/site-packages/airflow/example_dags/example_latest_only_with_trigger.py took 0.235 seconds
[2024-04-20T12:32:48.304+0700] {processor.py:161} INFO - Started process (PID=14878) to work on /home/newrey/airflow/airflow-env/lib/python3.10/site-packages/airflow/example_dags/example_latest_only_with_trigger.py
[2024-04-20T12:32:48.309+0700] {processor.py:830} INFO - Processing file /home/newrey/airflow/airflow-env/lib/python3.10/site-packages/airflow/example_dags/example_latest_only_with_trigger.py for tasks to queue
[2024-04-20T12:32:48.317+0700] {logging_mixin.py:188} INFO - [2024-04-20T12:32:48.311+0700] {dagbag.py:540} INFO - Filling up the DagBag from /home/newrey/airflow/airflow-env/lib/python3.10/site-packages/airflow/example_dags/example_latest_only_with_trigger.py
[2024-04-20T12:32:48.345+0700] {processor.py:840} INFO - DAG(s) 'latest_only_with_trigger' retrieved from /home/newrey/airflow/airflow-env/lib/python3.10/site-packages/airflow/example_dags/example_latest_only_with_trigger.py
[2024-04-20T12:32:48.440+0700] {logging_mixin.py:188} INFO - [2024-04-20T12:32:48.439+0700] {dag.py:3096} INFO - Sync 1 DAGs
[2024-04-20T12:32:48.525+0700] {logging_mixin.py:188} INFO - [2024-04-20T12:32:48.524+0700] {dag.py:3954} INFO - Setting next_dagrun for latest_only_with_trigger to 2024-04-20 00:00:00+00:00, run_after=2024-04-20 04:00:00+00:00
[2024-04-20T12:32:48.606+0700] {processor.py:183} INFO - Processing /home/newrey/airflow/airflow-env/lib/python3.10/site-packages/airflow/example_dags/example_latest_only_with_trigger.py took 0.345 seconds
[2024-04-20T12:34:05.713+0700] {processor.py:161} INFO - Started process (PID=15462) to work on /home/newrey/airflow/airflow-env/lib/python3.10/site-packages/airflow/example_dags/example_latest_only_with_trigger.py
[2024-04-20T12:34:05.732+0700] {processor.py:830} INFO - Processing file /home/newrey/airflow/airflow-env/lib/python3.10/site-packages/airflow/example_dags/example_latest_only_with_trigger.py for tasks to queue
[2024-04-20T12:34:05.736+0700] {logging_mixin.py:188} INFO - [2024-04-20T12:34:05.734+0700] {dagbag.py:540} INFO - Filling up the DagBag from /home/newrey/airflow/airflow-env/lib/python3.10/site-packages/airflow/example_dags/example_latest_only_with_trigger.py
[2024-04-20T12:34:05.774+0700] {processor.py:840} INFO - DAG(s) 'latest_only_with_trigger' retrieved from /home/newrey/airflow/airflow-env/lib/python3.10/site-packages/airflow/example_dags/example_latest_only_with_trigger.py
[2024-04-20T12:34:05.962+0700] {logging_mixin.py:188} INFO - [2024-04-20T12:34:05.961+0700] {dag.py:3096} INFO - Sync 1 DAGs
[2024-04-20T12:34:06.112+0700] {logging_mixin.py:188} INFO - [2024-04-20T12:34:06.111+0700] {dag.py:3954} INFO - Setting next_dagrun for latest_only_with_trigger to 2024-04-20 00:00:00+00:00, run_after=2024-04-20 04:00:00+00:00
[2024-04-20T12:34:06.225+0700] {processor.py:183} INFO - Processing /home/newrey/airflow/airflow-env/lib/python3.10/site-packages/airflow/example_dags/example_latest_only_with_trigger.py took 0.592 seconds
[2024-04-20T12:35:04.532+0700] {processor.py:161} INFO - Started process (PID=16278) to work on /home/newrey/airflow/airflow-env/lib/python3.10/site-packages/airflow/example_dags/example_latest_only_with_trigger.py
[2024-04-20T12:35:04.535+0700] {processor.py:830} INFO - Processing file /home/newrey/airflow/airflow-env/lib/python3.10/site-packages/airflow/example_dags/example_latest_only_with_trigger.py for tasks to queue
[2024-04-20T12:35:04.538+0700] {logging_mixin.py:188} INFO - [2024-04-20T12:35:04.537+0700] {dagbag.py:540} INFO - Filling up the DagBag from /home/newrey/airflow/airflow-env/lib/python3.10/site-packages/airflow/example_dags/example_latest_only_with_trigger.py
[2024-04-20T12:35:04.551+0700] {processor.py:840} INFO - DAG(s) 'latest_only_with_trigger' retrieved from /home/newrey/airflow/airflow-env/lib/python3.10/site-packages/airflow/example_dags/example_latest_only_with_trigger.py
[2024-04-20T12:35:04.587+0700] {logging_mixin.py:188} INFO - [2024-04-20T12:35:04.586+0700] {dag.py:3096} INFO - Sync 1 DAGs
[2024-04-20T12:35:04.650+0700] {logging_mixin.py:188} INFO - [2024-04-20T12:35:04.650+0700] {dag.py:3954} INFO - Setting next_dagrun for latest_only_with_trigger to 2024-04-20 00:00:00+00:00, run_after=2024-04-20 04:00:00+00:00
[2024-04-20T12:35:04.698+0700] {processor.py:183} INFO - Processing /home/newrey/airflow/airflow-env/lib/python3.10/site-packages/airflow/example_dags/example_latest_only_with_trigger.py took 0.186 seconds
[2024-04-20T12:36:26.297+0700] {processor.py:161} INFO - Started process (PID=16912) to work on /home/newrey/airflow/airflow-env/lib/python3.10/site-packages/airflow/example_dags/example_latest_only_with_trigger.py
[2024-04-20T12:36:26.302+0700] {processor.py:830} INFO - Processing file /home/newrey/airflow/airflow-env/lib/python3.10/site-packages/airflow/example_dags/example_latest_only_with_trigger.py for tasks to queue
[2024-04-20T12:36:26.304+0700] {logging_mixin.py:188} INFO - [2024-04-20T12:36:26.304+0700] {dagbag.py:540} INFO - Filling up the DagBag from /home/newrey/airflow/airflow-env/lib/python3.10/site-packages/airflow/example_dags/example_latest_only_with_trigger.py
[2024-04-20T12:36:26.317+0700] {processor.py:840} INFO - DAG(s) 'latest_only_with_trigger' retrieved from /home/newrey/airflow/airflow-env/lib/python3.10/site-packages/airflow/example_dags/example_latest_only_with_trigger.py
[2024-04-20T12:36:26.363+0700] {logging_mixin.py:188} INFO - [2024-04-20T12:36:26.363+0700] {dag.py:3096} INFO - Sync 1 DAGs
[2024-04-20T12:36:26.405+0700] {logging_mixin.py:188} INFO - [2024-04-20T12:36:26.405+0700] {dag.py:3954} INFO - Setting next_dagrun for latest_only_with_trigger to 2024-04-20 00:00:00+00:00, run_after=2024-04-20 04:00:00+00:00
[2024-04-20T12:36:26.447+0700] {processor.py:183} INFO - Processing /home/newrey/airflow/airflow-env/lib/python3.10/site-packages/airflow/example_dags/example_latest_only_with_trigger.py took 0.167 seconds
[2024-04-20T12:37:42.225+0700] {processor.py:161} INFO - Started process (PID=17569) to work on /home/newrey/airflow/airflow-env/lib/python3.10/site-packages/airflow/example_dags/example_latest_only_with_trigger.py
[2024-04-20T12:37:42.263+0700] {processor.py:830} INFO - Processing file /home/newrey/airflow/airflow-env/lib/python3.10/site-packages/airflow/example_dags/example_latest_only_with_trigger.py for tasks to queue
[2024-04-20T12:37:42.266+0700] {logging_mixin.py:188} INFO - [2024-04-20T12:37:42.264+0700] {dagbag.py:540} INFO - Filling up the DagBag from /home/newrey/airflow/airflow-env/lib/python3.10/site-packages/airflow/example_dags/example_latest_only_with_trigger.py
[2024-04-20T12:37:42.333+0700] {processor.py:840} INFO - DAG(s) 'latest_only_with_trigger' retrieved from /home/newrey/airflow/airflow-env/lib/python3.10/site-packages/airflow/example_dags/example_latest_only_with_trigger.py
[2024-04-20T12:37:42.462+0700] {logging_mixin.py:188} INFO - [2024-04-20T12:37:42.461+0700] {dag.py:3096} INFO - Sync 1 DAGs
[2024-04-20T12:37:42.639+0700] {logging_mixin.py:188} INFO - [2024-04-20T12:37:42.638+0700] {dag.py:3954} INFO - Setting next_dagrun for latest_only_with_trigger to 2024-04-20 00:00:00+00:00, run_after=2024-04-20 04:00:00+00:00
[2024-04-20T12:37:42.724+0700] {processor.py:183} INFO - Processing /home/newrey/airflow/airflow-env/lib/python3.10/site-packages/airflow/example_dags/example_latest_only_with_trigger.py took 0.554 seconds
[2024-04-20T12:39:03.587+0700] {processor.py:161} INFO - Started process (PID=18322) to work on /home/newrey/airflow/airflow-env/lib/python3.10/site-packages/airflow/example_dags/example_latest_only_with_trigger.py
[2024-04-20T12:39:03.596+0700] {processor.py:830} INFO - Processing file /home/newrey/airflow/airflow-env/lib/python3.10/site-packages/airflow/example_dags/example_latest_only_with_trigger.py for tasks to queue
[2024-04-20T12:39:03.600+0700] {logging_mixin.py:188} INFO - [2024-04-20T12:39:03.598+0700] {dagbag.py:540} INFO - Filling up the DagBag from /home/newrey/airflow/airflow-env/lib/python3.10/site-packages/airflow/example_dags/example_latest_only_with_trigger.py
[2024-04-20T12:39:03.615+0700] {processor.py:840} INFO - DAG(s) 'latest_only_with_trigger' retrieved from /home/newrey/airflow/airflow-env/lib/python3.10/site-packages/airflow/example_dags/example_latest_only_with_trigger.py
[2024-04-20T12:39:03.684+0700] {logging_mixin.py:188} INFO - [2024-04-20T12:39:03.683+0700] {dag.py:3096} INFO - Sync 1 DAGs
[2024-04-20T12:39:03.763+0700] {logging_mixin.py:188} INFO - [2024-04-20T12:39:03.763+0700] {dag.py:3954} INFO - Setting next_dagrun for latest_only_with_trigger to 2024-04-20 00:00:00+00:00, run_after=2024-04-20 04:00:00+00:00
[2024-04-20T12:39:03.822+0700] {processor.py:183} INFO - Processing /home/newrey/airflow/airflow-env/lib/python3.10/site-packages/airflow/example_dags/example_latest_only_with_trigger.py took 0.255 seconds
[2024-04-20T12:40:15.089+0700] {processor.py:161} INFO - Started process (PID=18846) to work on /home/newrey/airflow/airflow-env/lib/python3.10/site-packages/airflow/example_dags/example_latest_only_with_trigger.py
[2024-04-20T12:40:15.093+0700] {processor.py:830} INFO - Processing file /home/newrey/airflow/airflow-env/lib/python3.10/site-packages/airflow/example_dags/example_latest_only_with_trigger.py for tasks to queue
[2024-04-20T12:40:15.095+0700] {logging_mixin.py:188} INFO - [2024-04-20T12:40:15.094+0700] {dagbag.py:540} INFO - Filling up the DagBag from /home/newrey/airflow/airflow-env/lib/python3.10/site-packages/airflow/example_dags/example_latest_only_with_trigger.py
[2024-04-20T12:40:15.107+0700] {processor.py:840} INFO - DAG(s) 'latest_only_with_trigger' retrieved from /home/newrey/airflow/airflow-env/lib/python3.10/site-packages/airflow/example_dags/example_latest_only_with_trigger.py
[2024-04-20T12:40:15.145+0700] {logging_mixin.py:188} INFO - [2024-04-20T12:40:15.145+0700] {dag.py:3096} INFO - Sync 1 DAGs
[2024-04-20T12:40:15.195+0700] {logging_mixin.py:188} INFO - [2024-04-20T12:40:15.194+0700] {dag.py:3954} INFO - Setting next_dagrun for latest_only_with_trigger to 2024-04-20 00:00:00+00:00, run_after=2024-04-20 04:00:00+00:00
[2024-04-20T12:40:15.249+0700] {processor.py:183} INFO - Processing /home/newrey/airflow/airflow-env/lib/python3.10/site-packages/airflow/example_dags/example_latest_only_with_trigger.py took 0.180 seconds
[2024-04-20T12:41:16.782+0700] {processor.py:161} INFO - Started process (PID=19292) to work on /home/newrey/airflow/airflow-env/lib/python3.10/site-packages/airflow/example_dags/example_latest_only_with_trigger.py
[2024-04-20T12:41:16.785+0700] {processor.py:830} INFO - Processing file /home/newrey/airflow/airflow-env/lib/python3.10/site-packages/airflow/example_dags/example_latest_only_with_trigger.py for tasks to queue
[2024-04-20T12:41:16.787+0700] {logging_mixin.py:188} INFO - [2024-04-20T12:41:16.786+0700] {dagbag.py:540} INFO - Filling up the DagBag from /home/newrey/airflow/airflow-env/lib/python3.10/site-packages/airflow/example_dags/example_latest_only_with_trigger.py
[2024-04-20T12:41:16.799+0700] {processor.py:840} INFO - DAG(s) 'latest_only_with_trigger' retrieved from /home/newrey/airflow/airflow-env/lib/python3.10/site-packages/airflow/example_dags/example_latest_only_with_trigger.py
[2024-04-20T12:41:16.841+0700] {logging_mixin.py:188} INFO - [2024-04-20T12:41:16.841+0700] {dag.py:3096} INFO - Sync 1 DAGs
[2024-04-20T12:41:16.888+0700] {logging_mixin.py:188} INFO - [2024-04-20T12:41:16.888+0700] {dag.py:3954} INFO - Setting next_dagrun for latest_only_with_trigger to 2024-04-20 00:00:00+00:00, run_after=2024-04-20 04:00:00+00:00
[2024-04-20T12:41:16.923+0700] {processor.py:183} INFO - Processing /home/newrey/airflow/airflow-env/lib/python3.10/site-packages/airflow/example_dags/example_latest_only_with_trigger.py took 0.161 seconds
[2024-04-20T12:42:15.045+0700] {processor.py:161} INFO - Started process (PID=19789) to work on /home/newrey/airflow/airflow-env/lib/python3.10/site-packages/airflow/example_dags/example_latest_only_with_trigger.py
[2024-04-20T12:42:15.049+0700] {processor.py:830} INFO - Processing file /home/newrey/airflow/airflow-env/lib/python3.10/site-packages/airflow/example_dags/example_latest_only_with_trigger.py for tasks to queue
[2024-04-20T12:42:15.051+0700] {logging_mixin.py:188} INFO - [2024-04-20T12:42:15.050+0700] {dagbag.py:540} INFO - Filling up the DagBag from /home/newrey/airflow/airflow-env/lib/python3.10/site-packages/airflow/example_dags/example_latest_only_with_trigger.py
[2024-04-20T12:42:15.061+0700] {processor.py:840} INFO - DAG(s) 'latest_only_with_trigger' retrieved from /home/newrey/airflow/airflow-env/lib/python3.10/site-packages/airflow/example_dags/example_latest_only_with_trigger.py
[2024-04-20T12:42:15.104+0700] {logging_mixin.py:188} INFO - [2024-04-20T12:42:15.104+0700] {dag.py:3096} INFO - Sync 1 DAGs
[2024-04-20T12:42:15.153+0700] {logging_mixin.py:188} INFO - [2024-04-20T12:42:15.153+0700] {dag.py:3954} INFO - Setting next_dagrun for latest_only_with_trigger to 2024-04-20 00:00:00+00:00, run_after=2024-04-20 04:00:00+00:00
[2024-04-20T12:42:15.202+0700] {processor.py:183} INFO - Processing /home/newrey/airflow/airflow-env/lib/python3.10/site-packages/airflow/example_dags/example_latest_only_with_trigger.py took 0.180 seconds
[2024-04-20T12:43:21.329+0700] {processor.py:161} INFO - Started process (PID=20289) to work on /home/newrey/airflow/airflow-env/lib/python3.10/site-packages/airflow/example_dags/example_latest_only_with_trigger.py
[2024-04-20T12:43:21.331+0700] {processor.py:830} INFO - Processing file /home/newrey/airflow/airflow-env/lib/python3.10/site-packages/airflow/example_dags/example_latest_only_with_trigger.py for tasks to queue
[2024-04-20T12:43:21.333+0700] {logging_mixin.py:188} INFO - [2024-04-20T12:43:21.332+0700] {dagbag.py:540} INFO - Filling up the DagBag from /home/newrey/airflow/airflow-env/lib/python3.10/site-packages/airflow/example_dags/example_latest_only_with_trigger.py
[2024-04-20T12:43:21.345+0700] {processor.py:840} INFO - DAG(s) 'latest_only_with_trigger' retrieved from /home/newrey/airflow/airflow-env/lib/python3.10/site-packages/airflow/example_dags/example_latest_only_with_trigger.py
[2024-04-20T12:43:21.382+0700] {logging_mixin.py:188} INFO - [2024-04-20T12:43:21.382+0700] {dag.py:3096} INFO - Sync 1 DAGs
[2024-04-20T12:43:21.429+0700] {logging_mixin.py:188} INFO - [2024-04-20T12:43:21.429+0700] {dag.py:3954} INFO - Setting next_dagrun for latest_only_with_trigger to 2024-04-20 00:00:00+00:00, run_after=2024-04-20 04:00:00+00:00
[2024-04-20T12:43:21.483+0700] {processor.py:183} INFO - Processing /home/newrey/airflow/airflow-env/lib/python3.10/site-packages/airflow/example_dags/example_latest_only_with_trigger.py took 0.173 seconds
[2024-04-20T12:44:19.228+0700] {processor.py:161} INFO - Started process (PID=20718) to work on /home/newrey/airflow/airflow-env/lib/python3.10/site-packages/airflow/example_dags/example_latest_only_with_trigger.py
[2024-04-20T12:44:19.233+0700] {processor.py:830} INFO - Processing file /home/newrey/airflow/airflow-env/lib/python3.10/site-packages/airflow/example_dags/example_latest_only_with_trigger.py for tasks to queue
[2024-04-20T12:44:19.238+0700] {logging_mixin.py:188} INFO - [2024-04-20T12:44:19.236+0700] {dagbag.py:540} INFO - Filling up the DagBag from /home/newrey/airflow/airflow-env/lib/python3.10/site-packages/airflow/example_dags/example_latest_only_with_trigger.py
[2024-04-20T12:44:19.258+0700] {processor.py:840} INFO - DAG(s) 'latest_only_with_trigger' retrieved from /home/newrey/airflow/airflow-env/lib/python3.10/site-packages/airflow/example_dags/example_latest_only_with_trigger.py
[2024-04-20T12:44:19.292+0700] {logging_mixin.py:188} INFO - [2024-04-20T12:44:19.291+0700] {dag.py:3096} INFO - Sync 1 DAGs
[2024-04-20T12:44:19.324+0700] {logging_mixin.py:188} INFO - [2024-04-20T12:44:19.324+0700] {dag.py:3954} INFO - Setting next_dagrun for latest_only_with_trigger to 2024-04-20 00:00:00+00:00, run_after=2024-04-20 04:00:00+00:00
[2024-04-20T12:44:19.353+0700] {processor.py:183} INFO - Processing /home/newrey/airflow/airflow-env/lib/python3.10/site-packages/airflow/example_dags/example_latest_only_with_trigger.py took 0.155 seconds
[2024-04-20T12:45:18.255+0700] {processor.py:161} INFO - Started process (PID=21154) to work on /home/newrey/airflow/airflow-env/lib/python3.10/site-packages/airflow/example_dags/example_latest_only_with_trigger.py
[2024-04-20T12:45:18.258+0700] {processor.py:830} INFO - Processing file /home/newrey/airflow/airflow-env/lib/python3.10/site-packages/airflow/example_dags/example_latest_only_with_trigger.py for tasks to queue
[2024-04-20T12:45:18.260+0700] {logging_mixin.py:188} INFO - [2024-04-20T12:45:18.260+0700] {dagbag.py:540} INFO - Filling up the DagBag from /home/newrey/airflow/airflow-env/lib/python3.10/site-packages/airflow/example_dags/example_latest_only_with_trigger.py
[2024-04-20T12:45:18.271+0700] {processor.py:840} INFO - DAG(s) 'latest_only_with_trigger' retrieved from /home/newrey/airflow/airflow-env/lib/python3.10/site-packages/airflow/example_dags/example_latest_only_with_trigger.py
[2024-04-20T12:45:18.304+0700] {logging_mixin.py:188} INFO - [2024-04-20T12:45:18.304+0700] {dag.py:3096} INFO - Sync 1 DAGs
[2024-04-20T12:45:18.336+0700] {logging_mixin.py:188} INFO - [2024-04-20T12:45:18.335+0700] {dag.py:3954} INFO - Setting next_dagrun for latest_only_with_trigger to 2024-04-20 00:00:00+00:00, run_after=2024-04-20 04:00:00+00:00
[2024-04-20T12:45:18.380+0700] {processor.py:183} INFO - Processing /home/newrey/airflow/airflow-env/lib/python3.10/site-packages/airflow/example_dags/example_latest_only_with_trigger.py took 0.146 seconds
[2024-04-20T12:46:17.393+0700] {processor.py:161} INFO - Started process (PID=21597) to work on /home/newrey/airflow/airflow-env/lib/python3.10/site-packages/airflow/example_dags/example_latest_only_with_trigger.py
[2024-04-20T12:46:17.395+0700] {processor.py:830} INFO - Processing file /home/newrey/airflow/airflow-env/lib/python3.10/site-packages/airflow/example_dags/example_latest_only_with_trigger.py for tasks to queue
[2024-04-20T12:46:17.397+0700] {logging_mixin.py:188} INFO - [2024-04-20T12:46:17.397+0700] {dagbag.py:540} INFO - Filling up the DagBag from /home/newrey/airflow/airflow-env/lib/python3.10/site-packages/airflow/example_dags/example_latest_only_with_trigger.py
[2024-04-20T12:46:17.409+0700] {processor.py:840} INFO - DAG(s) 'latest_only_with_trigger' retrieved from /home/newrey/airflow/airflow-env/lib/python3.10/site-packages/airflow/example_dags/example_latest_only_with_trigger.py
[2024-04-20T12:46:17.447+0700] {logging_mixin.py:188} INFO - [2024-04-20T12:46:17.447+0700] {dag.py:3096} INFO - Sync 1 DAGs
[2024-04-20T12:46:17.491+0700] {logging_mixin.py:188} INFO - [2024-04-20T12:46:17.490+0700] {dag.py:3954} INFO - Setting next_dagrun for latest_only_with_trigger to 2024-04-20 00:00:00+00:00, run_after=2024-04-20 04:00:00+00:00
[2024-04-20T12:46:17.543+0700] {processor.py:183} INFO - Processing /home/newrey/airflow/airflow-env/lib/python3.10/site-packages/airflow/example_dags/example_latest_only_with_trigger.py took 0.170 seconds
[2024-04-20T12:47:21.544+0700] {processor.py:161} INFO - Started process (PID=22132) to work on /home/newrey/airflow/airflow-env/lib/python3.10/site-packages/airflow/example_dags/example_latest_only_with_trigger.py
[2024-04-20T12:47:21.548+0700] {processor.py:830} INFO - Processing file /home/newrey/airflow/airflow-env/lib/python3.10/site-packages/airflow/example_dags/example_latest_only_with_trigger.py for tasks to queue
[2024-04-20T12:47:21.551+0700] {logging_mixin.py:188} INFO - [2024-04-20T12:47:21.550+0700] {dagbag.py:540} INFO - Filling up the DagBag from /home/newrey/airflow/airflow-env/lib/python3.10/site-packages/airflow/example_dags/example_latest_only_with_trigger.py
[2024-04-20T12:47:21.564+0700] {processor.py:840} INFO - DAG(s) 'latest_only_with_trigger' retrieved from /home/newrey/airflow/airflow-env/lib/python3.10/site-packages/airflow/example_dags/example_latest_only_with_trigger.py
[2024-04-20T12:47:21.591+0700] {logging_mixin.py:188} INFO - [2024-04-20T12:47:21.591+0700] {dag.py:3096} INFO - Sync 1 DAGs
[2024-04-20T12:47:21.624+0700] {logging_mixin.py:188} INFO - [2024-04-20T12:47:21.623+0700] {dag.py:3954} INFO - Setting next_dagrun for latest_only_with_trigger to 2024-04-20 00:00:00+00:00, run_after=2024-04-20 04:00:00+00:00
[2024-04-20T12:47:21.672+0700] {processor.py:183} INFO - Processing /home/newrey/airflow/airflow-env/lib/python3.10/site-packages/airflow/example_dags/example_latest_only_with_trigger.py took 0.148 seconds
[2024-04-20T12:48:26.184+0700] {processor.py:161} INFO - Started process (PID=22623) to work on /home/newrey/airflow/airflow-env/lib/python3.10/site-packages/airflow/example_dags/example_latest_only_with_trigger.py
[2024-04-20T12:48:26.186+0700] {processor.py:830} INFO - Processing file /home/newrey/airflow/airflow-env/lib/python3.10/site-packages/airflow/example_dags/example_latest_only_with_trigger.py for tasks to queue
[2024-04-20T12:48:26.187+0700] {logging_mixin.py:188} INFO - [2024-04-20T12:48:26.187+0700] {dagbag.py:540} INFO - Filling up the DagBag from /home/newrey/airflow/airflow-env/lib/python3.10/site-packages/airflow/example_dags/example_latest_only_with_trigger.py
[2024-04-20T12:48:26.193+0700] {processor.py:840} INFO - DAG(s) 'latest_only_with_trigger' retrieved from /home/newrey/airflow/airflow-env/lib/python3.10/site-packages/airflow/example_dags/example_latest_only_with_trigger.py
[2024-04-20T12:48:26.211+0700] {logging_mixin.py:188} INFO - [2024-04-20T12:48:26.211+0700] {dag.py:3096} INFO - Sync 1 DAGs
[2024-04-20T12:48:26.241+0700] {logging_mixin.py:188} INFO - [2024-04-20T12:48:26.241+0700] {dag.py:3954} INFO - Setting next_dagrun for latest_only_with_trigger to 2024-04-20 00:00:00+00:00, run_after=2024-04-20 04:00:00+00:00
[2024-04-20T12:48:26.273+0700] {processor.py:183} INFO - Processing /home/newrey/airflow/airflow-env/lib/python3.10/site-packages/airflow/example_dags/example_latest_only_with_trigger.py took 0.100 seconds
