[2024-04-20T12:18:12.714+0700] {processor.py:161} INFO - Started process (PID=4811) to work on /home/newrey/airflow/airflow-env/lib/python3.10/site-packages/airflow/example_dags/example_trigger_controller_dag.py
[2024-04-20T12:18:12.726+0700] {processor.py:830} INFO - Processing file /home/newrey/airflow/airflow-env/lib/python3.10/site-packages/airflow/example_dags/example_trigger_controller_dag.py for tasks to queue
[2024-04-20T12:18:12.731+0700] {logging_mixin.py:188} INFO - [2024-04-20T12:18:12.730+0700] {dagbag.py:540} INFO - Filling up the DagBag from /home/newrey/airflow/airflow-env/lib/python3.10/site-packages/airflow/example_dags/example_trigger_controller_dag.py
[2024-04-20T12:18:12.775+0700] {processor.py:840} INFO - DAG(s) 'example_trigger_controller_dag' retrieved from /home/newrey/airflow/airflow-env/lib/python3.10/site-packages/airflow/example_dags/example_trigger_controller_dag.py
[2024-04-20T12:18:13.486+0700] {logging_mixin.py:188} INFO - [2024-04-20T12:18:13.485+0700] {dag.py:3096} INFO - Sync 1 DAGs
[2024-04-20T12:18:13.629+0700] {logging_mixin.py:188} INFO - [2024-04-20T12:18:13.628+0700] {dag.py:3954} INFO - Setting next_dagrun for example_trigger_controller_dag to 2021-01-01 00:00:00+00:00, run_after=2021-01-01 00:00:00+00:00
[2024-04-20T12:18:13.947+0700] {processor.py:183} INFO - Processing /home/newrey/airflow/airflow-env/lib/python3.10/site-packages/airflow/example_dags/example_trigger_controller_dag.py took 1.255 seconds
[2024-04-20T12:20:13.491+0700] {processor.py:161} INFO - Started process (PID=6109) to work on /home/newrey/airflow/airflow-env/lib/python3.10/site-packages/airflow/example_dags/example_trigger_controller_dag.py
[2024-04-20T12:20:13.496+0700] {processor.py:830} INFO - Processing file /home/newrey/airflow/airflow-env/lib/python3.10/site-packages/airflow/example_dags/example_trigger_controller_dag.py for tasks to queue
[2024-04-20T12:20:13.507+0700] {logging_mixin.py:188} INFO - [2024-04-20T12:20:13.506+0700] {dagbag.py:540} INFO - Filling up the DagBag from /home/newrey/airflow/airflow-env/lib/python3.10/site-packages/airflow/example_dags/example_trigger_controller_dag.py
[2024-04-20T12:20:13.533+0700] {processor.py:840} INFO - DAG(s) 'example_trigger_controller_dag' retrieved from /home/newrey/airflow/airflow-env/lib/python3.10/site-packages/airflow/example_dags/example_trigger_controller_dag.py
[2024-04-20T12:20:13.590+0700] {logging_mixin.py:188} INFO - [2024-04-20T12:20:13.589+0700] {dag.py:3096} INFO - Sync 1 DAGs
[2024-04-20T12:20:13.650+0700] {logging_mixin.py:188} INFO - [2024-04-20T12:20:13.649+0700] {dag.py:3954} INFO - Setting next_dagrun for example_trigger_controller_dag to 2021-01-01 00:00:00+00:00, run_after=2021-01-01 00:00:00+00:00
[2024-04-20T12:20:13.758+0700] {processor.py:183} INFO - Processing /home/newrey/airflow/airflow-env/lib/python3.10/site-packages/airflow/example_dags/example_trigger_controller_dag.py took 0.283 seconds
[2024-04-20T12:21:13.892+0700] {processor.py:161} INFO - Started process (PID=6536) to work on /home/newrey/airflow/airflow-env/lib/python3.10/site-packages/airflow/example_dags/example_trigger_controller_dag.py
[2024-04-20T12:21:13.894+0700] {processor.py:830} INFO - Processing file /home/newrey/airflow/airflow-env/lib/python3.10/site-packages/airflow/example_dags/example_trigger_controller_dag.py for tasks to queue
[2024-04-20T12:21:13.897+0700] {logging_mixin.py:188} INFO - [2024-04-20T12:21:13.896+0700] {dagbag.py:540} INFO - Filling up the DagBag from /home/newrey/airflow/airflow-env/lib/python3.10/site-packages/airflow/example_dags/example_trigger_controller_dag.py
[2024-04-20T12:21:13.905+0700] {processor.py:840} INFO - DAG(s) 'example_trigger_controller_dag' retrieved from /home/newrey/airflow/airflow-env/lib/python3.10/site-packages/airflow/example_dags/example_trigger_controller_dag.py
[2024-04-20T12:21:14.126+0700] {logging_mixin.py:188} INFO - [2024-04-20T12:21:14.125+0700] {dag.py:3096} INFO - Sync 1 DAGs
[2024-04-20T12:21:14.153+0700] {logging_mixin.py:188} INFO - [2024-04-20T12:21:14.153+0700] {dag.py:3954} INFO - Setting next_dagrun for example_trigger_controller_dag to 2021-01-01 00:00:00+00:00, run_after=2021-01-01 00:00:00+00:00
[2024-04-20T12:21:14.190+0700] {processor.py:183} INFO - Processing /home/newrey/airflow/airflow-env/lib/python3.10/site-packages/airflow/example_dags/example_trigger_controller_dag.py took 0.307 seconds
[2024-04-20T12:22:28.241+0700] {processor.py:161} INFO - Started process (PID=7115) to work on /home/newrey/airflow/airflow-env/lib/python3.10/site-packages/airflow/example_dags/example_trigger_controller_dag.py
[2024-04-20T12:22:28.250+0700] {processor.py:830} INFO - Processing file /home/newrey/airflow/airflow-env/lib/python3.10/site-packages/airflow/example_dags/example_trigger_controller_dag.py for tasks to queue
[2024-04-20T12:22:28.254+0700] {logging_mixin.py:188} INFO - [2024-04-20T12:22:28.253+0700] {dagbag.py:540} INFO - Filling up the DagBag from /home/newrey/airflow/airflow-env/lib/python3.10/site-packages/airflow/example_dags/example_trigger_controller_dag.py
[2024-04-20T12:22:28.279+0700] {processor.py:840} INFO - DAG(s) 'example_trigger_controller_dag' retrieved from /home/newrey/airflow/airflow-env/lib/python3.10/site-packages/airflow/example_dags/example_trigger_controller_dag.py
[2024-04-20T12:22:28.347+0700] {logging_mixin.py:188} INFO - [2024-04-20T12:22:28.338+0700] {dag.py:3096} INFO - Sync 1 DAGs
[2024-04-20T12:22:28.388+0700] {logging_mixin.py:188} INFO - [2024-04-20T12:22:28.387+0700] {dag.py:3954} INFO - Setting next_dagrun for example_trigger_controller_dag to 2021-01-01 00:00:00+00:00, run_after=2021-01-01 00:00:00+00:00
[2024-04-20T12:22:28.432+0700] {processor.py:183} INFO - Processing /home/newrey/airflow/airflow-env/lib/python3.10/site-packages/airflow/example_dags/example_trigger_controller_dag.py took 0.212 seconds
[2024-04-20T12:23:27.453+0700] {processor.py:161} INFO - Started process (PID=7971) to work on /home/newrey/airflow/airflow-env/lib/python3.10/site-packages/airflow/example_dags/example_trigger_controller_dag.py
[2024-04-20T12:23:27.456+0700] {processor.py:830} INFO - Processing file /home/newrey/airflow/airflow-env/lib/python3.10/site-packages/airflow/example_dags/example_trigger_controller_dag.py for tasks to queue
[2024-04-20T12:23:27.461+0700] {logging_mixin.py:188} INFO - [2024-04-20T12:23:27.459+0700] {dagbag.py:540} INFO - Filling up the DagBag from /home/newrey/airflow/airflow-env/lib/python3.10/site-packages/airflow/example_dags/example_trigger_controller_dag.py
[2024-04-20T12:23:27.470+0700] {processor.py:840} INFO - DAG(s) 'example_trigger_controller_dag' retrieved from /home/newrey/airflow/airflow-env/lib/python3.10/site-packages/airflow/example_dags/example_trigger_controller_dag.py
[2024-04-20T12:23:27.500+0700] {logging_mixin.py:188} INFO - [2024-04-20T12:23:27.500+0700] {dag.py:3096} INFO - Sync 1 DAGs
[2024-04-20T12:23:27.542+0700] {logging_mixin.py:188} INFO - [2024-04-20T12:23:27.540+0700] {dag.py:3954} INFO - Setting next_dagrun for example_trigger_controller_dag to 2021-01-01 00:00:00+00:00, run_after=2021-01-01 00:00:00+00:00
[2024-04-20T12:23:27.595+0700] {processor.py:183} INFO - Processing /home/newrey/airflow/airflow-env/lib/python3.10/site-packages/airflow/example_dags/example_trigger_controller_dag.py took 0.161 seconds
[2024-04-20T12:24:27.543+0700] {processor.py:161} INFO - Started process (PID=8580) to work on /home/newrey/airflow/airflow-env/lib/python3.10/site-packages/airflow/example_dags/example_trigger_controller_dag.py
[2024-04-20T12:24:27.546+0700] {processor.py:830} INFO - Processing file /home/newrey/airflow/airflow-env/lib/python3.10/site-packages/airflow/example_dags/example_trigger_controller_dag.py for tasks to queue
[2024-04-20T12:24:27.549+0700] {logging_mixin.py:188} INFO - [2024-04-20T12:24:27.548+0700] {dagbag.py:540} INFO - Filling up the DagBag from /home/newrey/airflow/airflow-env/lib/python3.10/site-packages/airflow/example_dags/example_trigger_controller_dag.py
[2024-04-20T12:24:27.559+0700] {processor.py:840} INFO - DAG(s) 'example_trigger_controller_dag' retrieved from /home/newrey/airflow/airflow-env/lib/python3.10/site-packages/airflow/example_dags/example_trigger_controller_dag.py
[2024-04-20T12:24:27.593+0700] {logging_mixin.py:188} INFO - [2024-04-20T12:24:27.593+0700] {dag.py:3096} INFO - Sync 1 DAGs
[2024-04-20T12:24:27.639+0700] {logging_mixin.py:188} INFO - [2024-04-20T12:24:27.639+0700] {dag.py:3954} INFO - Setting next_dagrun for example_trigger_controller_dag to 2021-01-01 00:00:00+00:00, run_after=2021-01-01 00:00:00+00:00
[2024-04-20T12:24:27.691+0700] {processor.py:183} INFO - Processing /home/newrey/airflow/airflow-env/lib/python3.10/site-packages/airflow/example_dags/example_trigger_controller_dag.py took 0.168 seconds
[2024-04-20T12:25:49.620+0700] {processor.py:161} INFO - Started process (PID=9464) to work on /home/newrey/airflow/airflow-env/lib/python3.10/site-packages/airflow/example_dags/example_trigger_controller_dag.py
[2024-04-20T12:25:49.623+0700] {processor.py:830} INFO - Processing file /home/newrey/airflow/airflow-env/lib/python3.10/site-packages/airflow/example_dags/example_trigger_controller_dag.py for tasks to queue
[2024-04-20T12:25:49.627+0700] {logging_mixin.py:188} INFO - [2024-04-20T12:25:49.626+0700] {dagbag.py:540} INFO - Filling up the DagBag from /home/newrey/airflow/airflow-env/lib/python3.10/site-packages/airflow/example_dags/example_trigger_controller_dag.py
[2024-04-20T12:25:49.639+0700] {processor.py:840} INFO - DAG(s) 'example_trigger_controller_dag' retrieved from /home/newrey/airflow/airflow-env/lib/python3.10/site-packages/airflow/example_dags/example_trigger_controller_dag.py
[2024-04-20T12:25:49.685+0700] {logging_mixin.py:188} INFO - [2024-04-20T12:25:49.685+0700] {dag.py:3096} INFO - Sync 1 DAGs
[2024-04-20T12:25:49.723+0700] {logging_mixin.py:188} INFO - [2024-04-20T12:25:49.722+0700] {dag.py:3954} INFO - Setting next_dagrun for example_trigger_controller_dag to 2021-01-01 00:00:00+00:00, run_after=2021-01-01 00:00:00+00:00
[2024-04-20T12:25:49.775+0700] {processor.py:183} INFO - Processing /home/newrey/airflow/airflow-env/lib/python3.10/site-packages/airflow/example_dags/example_trigger_controller_dag.py took 0.183 seconds
[2024-04-20T12:27:12.390+0700] {processor.py:161} INFO - Started process (PID=10350) to work on /home/newrey/airflow/airflow-env/lib/python3.10/site-packages/airflow/example_dags/example_trigger_controller_dag.py
[2024-04-20T12:27:12.392+0700] {processor.py:830} INFO - Processing file /home/newrey/airflow/airflow-env/lib/python3.10/site-packages/airflow/example_dags/example_trigger_controller_dag.py for tasks to queue
[2024-04-20T12:27:12.396+0700] {logging_mixin.py:188} INFO - [2024-04-20T12:27:12.395+0700] {dagbag.py:540} INFO - Filling up the DagBag from /home/newrey/airflow/airflow-env/lib/python3.10/site-packages/airflow/example_dags/example_trigger_controller_dag.py
[2024-04-20T12:27:12.406+0700] {processor.py:840} INFO - DAG(s) 'example_trigger_controller_dag' retrieved from /home/newrey/airflow/airflow-env/lib/python3.10/site-packages/airflow/example_dags/example_trigger_controller_dag.py
[2024-04-20T12:27:12.433+0700] {logging_mixin.py:188} INFO - [2024-04-20T12:27:12.433+0700] {dag.py:3096} INFO - Sync 1 DAGs
[2024-04-20T12:27:12.475+0700] {logging_mixin.py:188} INFO - [2024-04-20T12:27:12.474+0700] {dag.py:3954} INFO - Setting next_dagrun for example_trigger_controller_dag to 2021-01-01 00:00:00+00:00, run_after=2021-01-01 00:00:00+00:00
[2024-04-20T12:27:12.522+0700] {processor.py:183} INFO - Processing /home/newrey/airflow/airflow-env/lib/python3.10/site-packages/airflow/example_dags/example_trigger_controller_dag.py took 0.152 seconds
[2024-04-20T12:28:05.129+0700] {processor.py:161} INFO - Started process (PID=11092) to work on /home/newrey/airflow/airflow-env/lib/python3.10/site-packages/airflow/example_dags/example_trigger_controller_dag.py
[2024-04-20T12:28:05.134+0700] {processor.py:830} INFO - Processing file /home/newrey/airflow/airflow-env/lib/python3.10/site-packages/airflow/example_dags/example_trigger_controller_dag.py for tasks to queue
[2024-04-20T12:28:05.138+0700] {logging_mixin.py:188} INFO - [2024-04-20T12:28:05.137+0700] {dagbag.py:540} INFO - Filling up the DagBag from /home/newrey/airflow/airflow-env/lib/python3.10/site-packages/airflow/example_dags/example_trigger_controller_dag.py
[2024-04-20T12:28:05.148+0700] {processor.py:840} INFO - DAG(s) 'example_trigger_controller_dag' retrieved from /home/newrey/airflow/airflow-env/lib/python3.10/site-packages/airflow/example_dags/example_trigger_controller_dag.py
[2024-04-20T12:28:05.181+0700] {logging_mixin.py:188} INFO - [2024-04-20T12:28:05.180+0700] {dag.py:3096} INFO - Sync 1 DAGs
[2024-04-20T12:28:05.229+0700] {logging_mixin.py:188} INFO - [2024-04-20T12:28:05.229+0700] {dag.py:3954} INFO - Setting next_dagrun for example_trigger_controller_dag to 2021-01-01 00:00:00+00:00, run_after=2021-01-01 00:00:00+00:00
[2024-04-20T12:28:05.294+0700] {processor.py:183} INFO - Processing /home/newrey/airflow/airflow-env/lib/python3.10/site-packages/airflow/example_dags/example_trigger_controller_dag.py took 0.186 seconds
[2024-04-20T12:28:57.344+0700] {processor.py:161} INFO - Started process (PID=11779) to work on /home/newrey/airflow/airflow-env/lib/python3.10/site-packages/airflow/example_dags/example_trigger_controller_dag.py
[2024-04-20T12:28:57.348+0700] {processor.py:830} INFO - Processing file /home/newrey/airflow/airflow-env/lib/python3.10/site-packages/airflow/example_dags/example_trigger_controller_dag.py for tasks to queue
[2024-04-20T12:28:57.351+0700] {logging_mixin.py:188} INFO - [2024-04-20T12:28:57.350+0700] {dagbag.py:540} INFO - Filling up the DagBag from /home/newrey/airflow/airflow-env/lib/python3.10/site-packages/airflow/example_dags/example_trigger_controller_dag.py
[2024-04-20T12:28:57.359+0700] {processor.py:840} INFO - DAG(s) 'example_trigger_controller_dag' retrieved from /home/newrey/airflow/airflow-env/lib/python3.10/site-packages/airflow/example_dags/example_trigger_controller_dag.py
[2024-04-20T12:28:57.386+0700] {logging_mixin.py:188} INFO - [2024-04-20T12:28:57.385+0700] {dag.py:3096} INFO - Sync 1 DAGs
[2024-04-20T12:28:57.434+0700] {logging_mixin.py:188} INFO - [2024-04-20T12:28:57.434+0700] {dag.py:3954} INFO - Setting next_dagrun for example_trigger_controller_dag to 2021-01-01 00:00:00+00:00, run_after=2021-01-01 00:00:00+00:00
[2024-04-20T12:28:57.493+0700] {processor.py:183} INFO - Processing /home/newrey/airflow/airflow-env/lib/python3.10/site-packages/airflow/example_dags/example_trigger_controller_dag.py took 0.170 seconds
[2024-04-20T12:30:16.580+0700] {processor.py:161} INFO - Started process (PID=13107) to work on /home/newrey/airflow/airflow-env/lib/python3.10/site-packages/airflow/example_dags/example_trigger_controller_dag.py
[2024-04-20T12:30:16.582+0700] {processor.py:830} INFO - Processing file /home/newrey/airflow/airflow-env/lib/python3.10/site-packages/airflow/example_dags/example_trigger_controller_dag.py for tasks to queue
[2024-04-20T12:30:16.584+0700] {logging_mixin.py:188} INFO - [2024-04-20T12:30:16.583+0700] {dagbag.py:540} INFO - Filling up the DagBag from /home/newrey/airflow/airflow-env/lib/python3.10/site-packages/airflow/example_dags/example_trigger_controller_dag.py
[2024-04-20T12:30:16.595+0700] {processor.py:840} INFO - DAG(s) 'example_trigger_controller_dag' retrieved from /home/newrey/airflow/airflow-env/lib/python3.10/site-packages/airflow/example_dags/example_trigger_controller_dag.py
[2024-04-20T12:30:16.645+0700] {logging_mixin.py:188} INFO - [2024-04-20T12:30:16.644+0700] {dag.py:3096} INFO - Sync 1 DAGs
[2024-04-20T12:30:16.685+0700] {logging_mixin.py:188} INFO - [2024-04-20T12:30:16.684+0700] {dag.py:3954} INFO - Setting next_dagrun for example_trigger_controller_dag to 2021-01-01 00:00:00+00:00, run_after=2021-01-01 00:00:00+00:00
[2024-04-20T12:30:16.741+0700] {processor.py:183} INFO - Processing /home/newrey/airflow/airflow-env/lib/python3.10/site-packages/airflow/example_dags/example_trigger_controller_dag.py took 0.179 seconds
[2024-04-20T12:31:21.249+0700] {processor.py:161} INFO - Started process (PID=13887) to work on /home/newrey/airflow/airflow-env/lib/python3.10/site-packages/airflow/example_dags/example_trigger_controller_dag.py
[2024-04-20T12:31:21.251+0700] {processor.py:830} INFO - Processing file /home/newrey/airflow/airflow-env/lib/python3.10/site-packages/airflow/example_dags/example_trigger_controller_dag.py for tasks to queue
[2024-04-20T12:31:21.253+0700] {logging_mixin.py:188} INFO - [2024-04-20T12:31:21.253+0700] {dagbag.py:540} INFO - Filling up the DagBag from /home/newrey/airflow/airflow-env/lib/python3.10/site-packages/airflow/example_dags/example_trigger_controller_dag.py
[2024-04-20T12:31:21.267+0700] {processor.py:840} INFO - DAG(s) 'example_trigger_controller_dag' retrieved from /home/newrey/airflow/airflow-env/lib/python3.10/site-packages/airflow/example_dags/example_trigger_controller_dag.py
[2024-04-20T12:31:21.307+0700] {logging_mixin.py:188} INFO - [2024-04-20T12:31:21.307+0700] {dag.py:3096} INFO - Sync 1 DAGs
[2024-04-20T12:31:21.411+0700] {logging_mixin.py:188} INFO - [2024-04-20T12:31:21.410+0700] {dag.py:3954} INFO - Setting next_dagrun for example_trigger_controller_dag to 2021-01-01 00:00:00+00:00, run_after=2021-01-01 00:00:00+00:00
[2024-04-20T12:31:21.548+0700] {processor.py:183} INFO - Processing /home/newrey/airflow/airflow-env/lib/python3.10/site-packages/airflow/example_dags/example_trigger_controller_dag.py took 0.324 seconds
[2024-04-20T12:32:47.167+0700] {processor.py:161} INFO - Started process (PID=14844) to work on /home/newrey/airflow/airflow-env/lib/python3.10/site-packages/airflow/example_dags/example_trigger_controller_dag.py
[2024-04-20T12:32:47.171+0700] {processor.py:830} INFO - Processing file /home/newrey/airflow/airflow-env/lib/python3.10/site-packages/airflow/example_dags/example_trigger_controller_dag.py for tasks to queue
[2024-04-20T12:32:47.173+0700] {logging_mixin.py:188} INFO - [2024-04-20T12:32:47.172+0700] {dagbag.py:540} INFO - Filling up the DagBag from /home/newrey/airflow/airflow-env/lib/python3.10/site-packages/airflow/example_dags/example_trigger_controller_dag.py
[2024-04-20T12:32:47.182+0700] {processor.py:840} INFO - DAG(s) 'example_trigger_controller_dag' retrieved from /home/newrey/airflow/airflow-env/lib/python3.10/site-packages/airflow/example_dags/example_trigger_controller_dag.py
[2024-04-20T12:32:47.221+0700] {logging_mixin.py:188} INFO - [2024-04-20T12:32:47.220+0700] {dag.py:3096} INFO - Sync 1 DAGs
[2024-04-20T12:32:47.270+0700] {logging_mixin.py:188} INFO - [2024-04-20T12:32:47.270+0700] {dag.py:3954} INFO - Setting next_dagrun for example_trigger_controller_dag to 2021-01-01 00:00:00+00:00, run_after=2021-01-01 00:00:00+00:00
[2024-04-20T12:32:47.336+0700] {processor.py:183} INFO - Processing /home/newrey/airflow/airflow-env/lib/python3.10/site-packages/airflow/example_dags/example_trigger_controller_dag.py took 0.190 seconds
[2024-04-20T12:34:04.058+0700] {processor.py:161} INFO - Started process (PID=15430) to work on /home/newrey/airflow/airflow-env/lib/python3.10/site-packages/airflow/example_dags/example_trigger_controller_dag.py
[2024-04-20T12:34:04.090+0700] {processor.py:830} INFO - Processing file /home/newrey/airflow/airflow-env/lib/python3.10/site-packages/airflow/example_dags/example_trigger_controller_dag.py for tasks to queue
[2024-04-20T12:34:04.093+0700] {logging_mixin.py:188} INFO - [2024-04-20T12:34:04.092+0700] {dagbag.py:540} INFO - Filling up the DagBag from /home/newrey/airflow/airflow-env/lib/python3.10/site-packages/airflow/example_dags/example_trigger_controller_dag.py
[2024-04-20T12:34:04.113+0700] {processor.py:840} INFO - DAG(s) 'example_trigger_controller_dag' retrieved from /home/newrey/airflow/airflow-env/lib/python3.10/site-packages/airflow/example_dags/example_trigger_controller_dag.py
[2024-04-20T12:34:04.178+0700] {logging_mixin.py:188} INFO - [2024-04-20T12:34:04.178+0700] {dag.py:3096} INFO - Sync 1 DAGs
[2024-04-20T12:34:04.239+0700] {logging_mixin.py:188} INFO - [2024-04-20T12:34:04.238+0700] {dag.py:3954} INFO - Setting next_dagrun for example_trigger_controller_dag to 2021-01-01 00:00:00+00:00, run_after=2021-01-01 00:00:00+00:00
[2024-04-20T12:34:04.334+0700] {processor.py:183} INFO - Processing /home/newrey/airflow/airflow-env/lib/python3.10/site-packages/airflow/example_dags/example_trigger_controller_dag.py took 0.344 seconds
[2024-04-20T12:35:02.965+0700] {processor.py:161} INFO - Started process (PID=16265) to work on /home/newrey/airflow/airflow-env/lib/python3.10/site-packages/airflow/example_dags/example_trigger_controller_dag.py
[2024-04-20T12:35:02.968+0700] {processor.py:830} INFO - Processing file /home/newrey/airflow/airflow-env/lib/python3.10/site-packages/airflow/example_dags/example_trigger_controller_dag.py for tasks to queue
[2024-04-20T12:35:02.971+0700] {logging_mixin.py:188} INFO - [2024-04-20T12:35:02.970+0700] {dagbag.py:540} INFO - Filling up the DagBag from /home/newrey/airflow/airflow-env/lib/python3.10/site-packages/airflow/example_dags/example_trigger_controller_dag.py
[2024-04-20T12:35:02.981+0700] {processor.py:840} INFO - DAG(s) 'example_trigger_controller_dag' retrieved from /home/newrey/airflow/airflow-env/lib/python3.10/site-packages/airflow/example_dags/example_trigger_controller_dag.py
[2024-04-20T12:35:03.017+0700] {logging_mixin.py:188} INFO - [2024-04-20T12:35:03.016+0700] {dag.py:3096} INFO - Sync 1 DAGs
[2024-04-20T12:35:03.100+0700] {logging_mixin.py:188} INFO - [2024-04-20T12:35:03.100+0700] {dag.py:3954} INFO - Setting next_dagrun for example_trigger_controller_dag to 2021-01-01 00:00:00+00:00, run_after=2021-01-01 00:00:00+00:00
[2024-04-20T12:35:03.202+0700] {processor.py:183} INFO - Processing /home/newrey/airflow/airflow-env/lib/python3.10/site-packages/airflow/example_dags/example_trigger_controller_dag.py took 0.257 seconds
[2024-04-20T12:36:25.170+0700] {processor.py:161} INFO - Started process (PID=16865) to work on /home/newrey/airflow/airflow-env/lib/python3.10/site-packages/airflow/example_dags/example_trigger_controller_dag.py
[2024-04-20T12:36:25.174+0700] {processor.py:830} INFO - Processing file /home/newrey/airflow/airflow-env/lib/python3.10/site-packages/airflow/example_dags/example_trigger_controller_dag.py for tasks to queue
[2024-04-20T12:36:25.177+0700] {logging_mixin.py:188} INFO - [2024-04-20T12:36:25.176+0700] {dagbag.py:540} INFO - Filling up the DagBag from /home/newrey/airflow/airflow-env/lib/python3.10/site-packages/airflow/example_dags/example_trigger_controller_dag.py
[2024-04-20T12:36:25.187+0700] {processor.py:840} INFO - DAG(s) 'example_trigger_controller_dag' retrieved from /home/newrey/airflow/airflow-env/lib/python3.10/site-packages/airflow/example_dags/example_trigger_controller_dag.py
[2024-04-20T12:36:25.224+0700] {logging_mixin.py:188} INFO - [2024-04-20T12:36:25.224+0700] {dag.py:3096} INFO - Sync 1 DAGs
[2024-04-20T12:36:25.278+0700] {logging_mixin.py:188} INFO - [2024-04-20T12:36:25.277+0700] {dag.py:3954} INFO - Setting next_dagrun for example_trigger_controller_dag to 2021-01-01 00:00:00+00:00, run_after=2021-01-01 00:00:00+00:00
[2024-04-20T12:36:25.343+0700] {processor.py:183} INFO - Processing /home/newrey/airflow/airflow-env/lib/python3.10/site-packages/airflow/example_dags/example_trigger_controller_dag.py took 0.195 seconds
[2024-04-20T12:37:40.598+0700] {processor.py:161} INFO - Started process (PID=17562) to work on /home/newrey/airflow/airflow-env/lib/python3.10/site-packages/airflow/example_dags/example_trigger_controller_dag.py
[2024-04-20T12:37:40.611+0700] {processor.py:830} INFO - Processing file /home/newrey/airflow/airflow-env/lib/python3.10/site-packages/airflow/example_dags/example_trigger_controller_dag.py for tasks to queue
[2024-04-20T12:37:40.614+0700] {logging_mixin.py:188} INFO - [2024-04-20T12:37:40.613+0700] {dagbag.py:540} INFO - Filling up the DagBag from /home/newrey/airflow/airflow-env/lib/python3.10/site-packages/airflow/example_dags/example_trigger_controller_dag.py
[2024-04-20T12:37:40.627+0700] {processor.py:840} INFO - DAG(s) 'example_trigger_controller_dag' retrieved from /home/newrey/airflow/airflow-env/lib/python3.10/site-packages/airflow/example_dags/example_trigger_controller_dag.py
[2024-04-20T12:37:40.766+0700] {logging_mixin.py:188} INFO - [2024-04-20T12:37:40.763+0700] {dag.py:3096} INFO - Sync 1 DAGs
[2024-04-20T12:37:40.862+0700] {logging_mixin.py:188} INFO - [2024-04-20T12:37:40.861+0700] {dag.py:3954} INFO - Setting next_dagrun for example_trigger_controller_dag to 2021-01-01 00:00:00+00:00, run_after=2021-01-01 00:00:00+00:00
[2024-04-20T12:37:41.059+0700] {processor.py:183} INFO - Processing /home/newrey/airflow/airflow-env/lib/python3.10/site-packages/airflow/example_dags/example_trigger_controller_dag.py took 0.485 seconds
[2024-04-20T12:39:02.324+0700] {processor.py:161} INFO - Started process (PID=18316) to work on /home/newrey/airflow/airflow-env/lib/python3.10/site-packages/airflow/example_dags/example_trigger_controller_dag.py
[2024-04-20T12:39:02.326+0700] {processor.py:830} INFO - Processing file /home/newrey/airflow/airflow-env/lib/python3.10/site-packages/airflow/example_dags/example_trigger_controller_dag.py for tasks to queue
[2024-04-20T12:39:02.328+0700] {logging_mixin.py:188} INFO - [2024-04-20T12:39:02.327+0700] {dagbag.py:540} INFO - Filling up the DagBag from /home/newrey/airflow/airflow-env/lib/python3.10/site-packages/airflow/example_dags/example_trigger_controller_dag.py
[2024-04-20T12:39:02.335+0700] {processor.py:840} INFO - DAG(s) 'example_trigger_controller_dag' retrieved from /home/newrey/airflow/airflow-env/lib/python3.10/site-packages/airflow/example_dags/example_trigger_controller_dag.py
[2024-04-20T12:39:02.363+0700] {logging_mixin.py:188} INFO - [2024-04-20T12:39:02.362+0700] {dag.py:3096} INFO - Sync 1 DAGs
[2024-04-20T12:39:02.414+0700] {logging_mixin.py:188} INFO - [2024-04-20T12:39:02.413+0700] {dag.py:3954} INFO - Setting next_dagrun for example_trigger_controller_dag to 2021-01-01 00:00:00+00:00, run_after=2021-01-01 00:00:00+00:00
[2024-04-20T12:39:02.470+0700] {processor.py:183} INFO - Processing /home/newrey/airflow/airflow-env/lib/python3.10/site-packages/airflow/example_dags/example_trigger_controller_dag.py took 0.169 seconds
[2024-04-20T12:40:13.805+0700] {processor.py:161} INFO - Started process (PID=18834) to work on /home/newrey/airflow/airflow-env/lib/python3.10/site-packages/airflow/example_dags/example_trigger_controller_dag.py
[2024-04-20T12:40:13.808+0700] {processor.py:830} INFO - Processing file /home/newrey/airflow/airflow-env/lib/python3.10/site-packages/airflow/example_dags/example_trigger_controller_dag.py for tasks to queue
[2024-04-20T12:40:13.811+0700] {logging_mixin.py:188} INFO - [2024-04-20T12:40:13.810+0700] {dagbag.py:540} INFO - Filling up the DagBag from /home/newrey/airflow/airflow-env/lib/python3.10/site-packages/airflow/example_dags/example_trigger_controller_dag.py
[2024-04-20T12:40:13.823+0700] {processor.py:840} INFO - DAG(s) 'example_trigger_controller_dag' retrieved from /home/newrey/airflow/airflow-env/lib/python3.10/site-packages/airflow/example_dags/example_trigger_controller_dag.py
[2024-04-20T12:40:13.858+0700] {logging_mixin.py:188} INFO - [2024-04-20T12:40:13.858+0700] {dag.py:3096} INFO - Sync 1 DAGs
[2024-04-20T12:40:13.893+0700] {logging_mixin.py:188} INFO - [2024-04-20T12:40:13.892+0700] {dag.py:3954} INFO - Setting next_dagrun for example_trigger_controller_dag to 2021-01-01 00:00:00+00:00, run_after=2021-01-01 00:00:00+00:00
[2024-04-20T12:40:13.925+0700] {processor.py:183} INFO - Processing /home/newrey/airflow/airflow-env/lib/python3.10/site-packages/airflow/example_dags/example_trigger_controller_dag.py took 0.140 seconds
[2024-04-20T12:41:15.497+0700] {processor.py:161} INFO - Started process (PID=19286) to work on /home/newrey/airflow/airflow-env/lib/python3.10/site-packages/airflow/example_dags/example_trigger_controller_dag.py
[2024-04-20T12:41:15.500+0700] {processor.py:830} INFO - Processing file /home/newrey/airflow/airflow-env/lib/python3.10/site-packages/airflow/example_dags/example_trigger_controller_dag.py for tasks to queue
[2024-04-20T12:41:15.502+0700] {logging_mixin.py:188} INFO - [2024-04-20T12:41:15.501+0700] {dagbag.py:540} INFO - Filling up the DagBag from /home/newrey/airflow/airflow-env/lib/python3.10/site-packages/airflow/example_dags/example_trigger_controller_dag.py
[2024-04-20T12:41:15.507+0700] {processor.py:840} INFO - DAG(s) 'example_trigger_controller_dag' retrieved from /home/newrey/airflow/airflow-env/lib/python3.10/site-packages/airflow/example_dags/example_trigger_controller_dag.py
[2024-04-20T12:41:15.534+0700] {logging_mixin.py:188} INFO - [2024-04-20T12:41:15.534+0700] {dag.py:3096} INFO - Sync 1 DAGs
[2024-04-20T12:41:15.558+0700] {logging_mixin.py:188} INFO - [2024-04-20T12:41:15.558+0700] {dag.py:3954} INFO - Setting next_dagrun for example_trigger_controller_dag to 2021-01-01 00:00:00+00:00, run_after=2021-01-01 00:00:00+00:00
[2024-04-20T12:41:15.599+0700] {processor.py:183} INFO - Processing /home/newrey/airflow/airflow-env/lib/python3.10/site-packages/airflow/example_dags/example_trigger_controller_dag.py took 0.120 seconds
[2024-04-20T12:42:13.679+0700] {processor.py:161} INFO - Started process (PID=19777) to work on /home/newrey/airflow/airflow-env/lib/python3.10/site-packages/airflow/example_dags/example_trigger_controller_dag.py
[2024-04-20T12:42:13.692+0700] {processor.py:830} INFO - Processing file /home/newrey/airflow/airflow-env/lib/python3.10/site-packages/airflow/example_dags/example_trigger_controller_dag.py for tasks to queue
[2024-04-20T12:42:13.695+0700] {logging_mixin.py:188} INFO - [2024-04-20T12:42:13.694+0700] {dagbag.py:540} INFO - Filling up the DagBag from /home/newrey/airflow/airflow-env/lib/python3.10/site-packages/airflow/example_dags/example_trigger_controller_dag.py
[2024-04-20T12:42:13.708+0700] {processor.py:840} INFO - DAG(s) 'example_trigger_controller_dag' retrieved from /home/newrey/airflow/airflow-env/lib/python3.10/site-packages/airflow/example_dags/example_trigger_controller_dag.py
[2024-04-20T12:42:13.770+0700] {logging_mixin.py:188} INFO - [2024-04-20T12:42:13.769+0700] {dag.py:3096} INFO - Sync 1 DAGs
[2024-04-20T12:42:13.814+0700] {logging_mixin.py:188} INFO - [2024-04-20T12:42:13.813+0700] {dag.py:3954} INFO - Setting next_dagrun for example_trigger_controller_dag to 2021-01-01 00:00:00+00:00, run_after=2021-01-01 00:00:00+00:00
[2024-04-20T12:42:13.862+0700] {processor.py:183} INFO - Processing /home/newrey/airflow/airflow-env/lib/python3.10/site-packages/airflow/example_dags/example_trigger_controller_dag.py took 0.215 seconds
[2024-04-20T12:43:20.031+0700] {processor.py:161} INFO - Started process (PID=20277) to work on /home/newrey/airflow/airflow-env/lib/python3.10/site-packages/airflow/example_dags/example_trigger_controller_dag.py
[2024-04-20T12:43:20.034+0700] {processor.py:830} INFO - Processing file /home/newrey/airflow/airflow-env/lib/python3.10/site-packages/airflow/example_dags/example_trigger_controller_dag.py for tasks to queue
[2024-04-20T12:43:20.036+0700] {logging_mixin.py:188} INFO - [2024-04-20T12:43:20.035+0700] {dagbag.py:540} INFO - Filling up the DagBag from /home/newrey/airflow/airflow-env/lib/python3.10/site-packages/airflow/example_dags/example_trigger_controller_dag.py
[2024-04-20T12:43:20.045+0700] {processor.py:840} INFO - DAG(s) 'example_trigger_controller_dag' retrieved from /home/newrey/airflow/airflow-env/lib/python3.10/site-packages/airflow/example_dags/example_trigger_controller_dag.py
[2024-04-20T12:43:20.076+0700] {logging_mixin.py:188} INFO - [2024-04-20T12:43:20.076+0700] {dag.py:3096} INFO - Sync 1 DAGs
[2024-04-20T12:43:20.099+0700] {logging_mixin.py:188} INFO - [2024-04-20T12:43:20.099+0700] {dag.py:3954} INFO - Setting next_dagrun for example_trigger_controller_dag to 2021-01-01 00:00:00+00:00, run_after=2021-01-01 00:00:00+00:00
[2024-04-20T12:43:20.136+0700] {processor.py:183} INFO - Processing /home/newrey/airflow/airflow-env/lib/python3.10/site-packages/airflow/example_dags/example_trigger_controller_dag.py took 0.129 seconds
[2024-04-20T12:44:18.484+0700] {processor.py:161} INFO - Started process (PID=20715) to work on /home/newrey/airflow/airflow-env/lib/python3.10/site-packages/airflow/example_dags/example_trigger_controller_dag.py
[2024-04-20T12:44:18.487+0700] {processor.py:830} INFO - Processing file /home/newrey/airflow/airflow-env/lib/python3.10/site-packages/airflow/example_dags/example_trigger_controller_dag.py for tasks to queue
[2024-04-20T12:44:18.489+0700] {logging_mixin.py:188} INFO - [2024-04-20T12:44:18.488+0700] {dagbag.py:540} INFO - Filling up the DagBag from /home/newrey/airflow/airflow-env/lib/python3.10/site-packages/airflow/example_dags/example_trigger_controller_dag.py
[2024-04-20T12:44:18.497+0700] {processor.py:840} INFO - DAG(s) 'example_trigger_controller_dag' retrieved from /home/newrey/airflow/airflow-env/lib/python3.10/site-packages/airflow/example_dags/example_trigger_controller_dag.py
[2024-04-20T12:44:18.530+0700] {logging_mixin.py:188} INFO - [2024-04-20T12:44:18.529+0700] {dag.py:3096} INFO - Sync 1 DAGs
[2024-04-20T12:44:18.565+0700] {logging_mixin.py:188} INFO - [2024-04-20T12:44:18.565+0700] {dag.py:3954} INFO - Setting next_dagrun for example_trigger_controller_dag to 2021-01-01 00:00:00+00:00, run_after=2021-01-01 00:00:00+00:00
[2024-04-20T12:44:18.590+0700] {processor.py:183} INFO - Processing /home/newrey/airflow/airflow-env/lib/python3.10/site-packages/airflow/example_dags/example_trigger_controller_dag.py took 0.126 seconds
[2024-04-20T12:45:16.980+0700] {processor.py:161} INFO - Started process (PID=21149) to work on /home/newrey/airflow/airflow-env/lib/python3.10/site-packages/airflow/example_dags/example_trigger_controller_dag.py
[2024-04-20T12:45:16.984+0700] {processor.py:830} INFO - Processing file /home/newrey/airflow/airflow-env/lib/python3.10/site-packages/airflow/example_dags/example_trigger_controller_dag.py for tasks to queue
[2024-04-20T12:45:16.986+0700] {logging_mixin.py:188} INFO - [2024-04-20T12:45:16.985+0700] {dagbag.py:540} INFO - Filling up the DagBag from /home/newrey/airflow/airflow-env/lib/python3.10/site-packages/airflow/example_dags/example_trigger_controller_dag.py
[2024-04-20T12:45:16.996+0700] {processor.py:840} INFO - DAG(s) 'example_trigger_controller_dag' retrieved from /home/newrey/airflow/airflow-env/lib/python3.10/site-packages/airflow/example_dags/example_trigger_controller_dag.py
[2024-04-20T12:45:17.015+0700] {logging_mixin.py:188} INFO - [2024-04-20T12:45:17.015+0700] {dag.py:3096} INFO - Sync 1 DAGs
[2024-04-20T12:45:17.034+0700] {logging_mixin.py:188} INFO - [2024-04-20T12:45:17.034+0700] {dag.py:3954} INFO - Setting next_dagrun for example_trigger_controller_dag to 2021-01-01 00:00:00+00:00, run_after=2021-01-01 00:00:00+00:00
[2024-04-20T12:45:17.062+0700] {processor.py:183} INFO - Processing /home/newrey/airflow/airflow-env/lib/python3.10/site-packages/airflow/example_dags/example_trigger_controller_dag.py took 0.099 seconds
[2024-04-20T12:46:16.113+0700] {processor.py:161} INFO - Started process (PID=21591) to work on /home/newrey/airflow/airflow-env/lib/python3.10/site-packages/airflow/example_dags/example_trigger_controller_dag.py
[2024-04-20T12:46:16.116+0700] {processor.py:830} INFO - Processing file /home/newrey/airflow/airflow-env/lib/python3.10/site-packages/airflow/example_dags/example_trigger_controller_dag.py for tasks to queue
[2024-04-20T12:46:16.118+0700] {logging_mixin.py:188} INFO - [2024-04-20T12:46:16.118+0700] {dagbag.py:540} INFO - Filling up the DagBag from /home/newrey/airflow/airflow-env/lib/python3.10/site-packages/airflow/example_dags/example_trigger_controller_dag.py
[2024-04-20T12:46:16.128+0700] {processor.py:840} INFO - DAG(s) 'example_trigger_controller_dag' retrieved from /home/newrey/airflow/airflow-env/lib/python3.10/site-packages/airflow/example_dags/example_trigger_controller_dag.py
[2024-04-20T12:46:16.162+0700] {logging_mixin.py:188} INFO - [2024-04-20T12:46:16.161+0700] {dag.py:3096} INFO - Sync 1 DAGs
[2024-04-20T12:46:16.216+0700] {logging_mixin.py:188} INFO - [2024-04-20T12:46:16.216+0700] {dag.py:3954} INFO - Setting next_dagrun for example_trigger_controller_dag to 2021-01-01 00:00:00+00:00, run_after=2021-01-01 00:00:00+00:00
[2024-04-20T12:46:16.264+0700] {processor.py:183} INFO - Processing /home/newrey/airflow/airflow-env/lib/python3.10/site-packages/airflow/example_dags/example_trigger_controller_dag.py took 0.169 seconds
[2024-04-20T12:47:20.393+0700] {processor.py:161} INFO - Started process (PID=22127) to work on /home/newrey/airflow/airflow-env/lib/python3.10/site-packages/airflow/example_dags/example_trigger_controller_dag.py
[2024-04-20T12:47:20.394+0700] {processor.py:830} INFO - Processing file /home/newrey/airflow/airflow-env/lib/python3.10/site-packages/airflow/example_dags/example_trigger_controller_dag.py for tasks to queue
[2024-04-20T12:47:20.396+0700] {logging_mixin.py:188} INFO - [2024-04-20T12:47:20.395+0700] {dagbag.py:540} INFO - Filling up the DagBag from /home/newrey/airflow/airflow-env/lib/python3.10/site-packages/airflow/example_dags/example_trigger_controller_dag.py
[2024-04-20T12:47:20.402+0700] {processor.py:840} INFO - DAG(s) 'example_trigger_controller_dag' retrieved from /home/newrey/airflow/airflow-env/lib/python3.10/site-packages/airflow/example_dags/example_trigger_controller_dag.py
[2024-04-20T12:47:20.421+0700] {logging_mixin.py:188} INFO - [2024-04-20T12:47:20.421+0700] {dag.py:3096} INFO - Sync 1 DAGs
[2024-04-20T12:47:20.441+0700] {logging_mixin.py:188} INFO - [2024-04-20T12:47:20.441+0700] {dag.py:3954} INFO - Setting next_dagrun for example_trigger_controller_dag to 2021-01-01 00:00:00+00:00, run_after=2021-01-01 00:00:00+00:00
[2024-04-20T12:47:20.469+0700] {processor.py:183} INFO - Processing /home/newrey/airflow/airflow-env/lib/python3.10/site-packages/airflow/example_dags/example_trigger_controller_dag.py took 0.092 seconds
[2024-04-20T12:48:24.925+0700] {processor.py:161} INFO - Started process (PID=22617) to work on /home/newrey/airflow/airflow-env/lib/python3.10/site-packages/airflow/example_dags/example_trigger_controller_dag.py
[2024-04-20T12:48:24.930+0700] {processor.py:830} INFO - Processing file /home/newrey/airflow/airflow-env/lib/python3.10/site-packages/airflow/example_dags/example_trigger_controller_dag.py for tasks to queue
[2024-04-20T12:48:24.932+0700] {logging_mixin.py:188} INFO - [2024-04-20T12:48:24.931+0700] {dagbag.py:540} INFO - Filling up the DagBag from /home/newrey/airflow/airflow-env/lib/python3.10/site-packages/airflow/example_dags/example_trigger_controller_dag.py
[2024-04-20T12:48:24.941+0700] {processor.py:840} INFO - DAG(s) 'example_trigger_controller_dag' retrieved from /home/newrey/airflow/airflow-env/lib/python3.10/site-packages/airflow/example_dags/example_trigger_controller_dag.py
[2024-04-20T12:48:24.972+0700] {logging_mixin.py:188} INFO - [2024-04-20T12:48:24.971+0700] {dag.py:3096} INFO - Sync 1 DAGs
[2024-04-20T12:48:25.003+0700] {logging_mixin.py:188} INFO - [2024-04-20T12:48:25.003+0700] {dag.py:3954} INFO - Setting next_dagrun for example_trigger_controller_dag to 2021-01-01 00:00:00+00:00, run_after=2021-01-01 00:00:00+00:00
[2024-04-20T12:48:25.057+0700] {processor.py:183} INFO - Processing /home/newrey/airflow/airflow-env/lib/python3.10/site-packages/airflow/example_dags/example_trigger_controller_dag.py took 0.152 seconds
