[2024-04-20T12:19:29.263+0700] {processor.py:161} INFO - Started process (PID=5603) to work on /home/newrey/airflow/airflow-env/lib/python3.10/site-packages/airflow/example_dags/example_dynamic_task_mapping.py
[2024-04-20T12:19:29.275+0700] {processor.py:830} INFO - Processing file /home/newrey/airflow/airflow-env/lib/python3.10/site-packages/airflow/example_dags/example_dynamic_task_mapping.py for tasks to queue
[2024-04-20T12:19:29.279+0700] {logging_mixin.py:188} INFO - [2024-04-20T12:19:29.278+0700] {dagbag.py:540} INFO - Filling up the DagBag from /home/newrey/airflow/airflow-env/lib/python3.10/site-packages/airflow/example_dags/example_dynamic_task_mapping.py
[2024-04-20T12:19:29.325+0700] {processor.py:840} INFO - DAG(s) 'example_dynamic_task_mapping' retrieved from /home/newrey/airflow/airflow-env/lib/python3.10/site-packages/airflow/example_dags/example_dynamic_task_mapping.py
[2024-04-20T12:19:30.650+0700] {logging_mixin.py:188} INFO - [2024-04-20T12:19:30.649+0700] {dag.py:3096} INFO - Sync 1 DAGs
[2024-04-20T12:19:30.788+0700] {logging_mixin.py:188} INFO - [2024-04-20T12:19:30.787+0700] {dag.py:3954} INFO - Setting next_dagrun for example_dynamic_task_mapping to 2022-03-04 00:00:00+00:00, run_after=2022-03-05 00:00:00+00:00
[2024-04-20T12:19:31.356+0700] {processor.py:183} INFO - Processing /home/newrey/airflow/airflow-env/lib/python3.10/site-packages/airflow/example_dags/example_dynamic_task_mapping.py took 2.129 seconds
[2024-04-20T12:21:28.197+0700] {processor.py:161} INFO - Started process (PID=6613) to work on /home/newrey/airflow/airflow-env/lib/python3.10/site-packages/airflow/example_dags/example_dynamic_task_mapping.py
[2024-04-20T12:21:28.200+0700] {processor.py:830} INFO - Processing file /home/newrey/airflow/airflow-env/lib/python3.10/site-packages/airflow/example_dags/example_dynamic_task_mapping.py for tasks to queue
[2024-04-20T12:21:28.203+0700] {logging_mixin.py:188} INFO - [2024-04-20T12:21:28.202+0700] {dagbag.py:540} INFO - Filling up the DagBag from /home/newrey/airflow/airflow-env/lib/python3.10/site-packages/airflow/example_dags/example_dynamic_task_mapping.py
[2024-04-20T12:21:28.418+0700] {processor.py:840} INFO - DAG(s) 'example_dynamic_task_mapping' retrieved from /home/newrey/airflow/airflow-env/lib/python3.10/site-packages/airflow/example_dags/example_dynamic_task_mapping.py
[2024-04-20T12:21:28.439+0700] {logging_mixin.py:188} INFO - [2024-04-20T12:21:28.439+0700] {dag.py:3096} INFO - Sync 1 DAGs
[2024-04-20T12:21:28.467+0700] {logging_mixin.py:188} INFO - [2024-04-20T12:21:28.466+0700] {dag.py:3954} INFO - Setting next_dagrun for example_dynamic_task_mapping to 2022-03-04 00:00:00+00:00, run_after=2022-03-05 00:00:00+00:00
[2024-04-20T12:21:28.509+0700] {processor.py:183} INFO - Processing /home/newrey/airflow/airflow-env/lib/python3.10/site-packages/airflow/example_dags/example_dynamic_task_mapping.py took 0.324 seconds
[2024-04-20T12:22:48.725+0700] {processor.py:161} INFO - Started process (PID=7380) to work on /home/newrey/airflow/airflow-env/lib/python3.10/site-packages/airflow/example_dags/example_dynamic_task_mapping.py
[2024-04-20T12:22:48.730+0700] {processor.py:830} INFO - Processing file /home/newrey/airflow/airflow-env/lib/python3.10/site-packages/airflow/example_dags/example_dynamic_task_mapping.py for tasks to queue
[2024-04-20T12:22:48.742+0700] {logging_mixin.py:188} INFO - [2024-04-20T12:22:48.741+0700] {dagbag.py:540} INFO - Filling up the DagBag from /home/newrey/airflow/airflow-env/lib/python3.10/site-packages/airflow/example_dags/example_dynamic_task_mapping.py
[2024-04-20T12:22:48.776+0700] {processor.py:840} INFO - DAG(s) 'example_dynamic_task_mapping' retrieved from /home/newrey/airflow/airflow-env/lib/python3.10/site-packages/airflow/example_dags/example_dynamic_task_mapping.py
[2024-04-20T12:22:49.612+0700] {logging_mixin.py:188} INFO - [2024-04-20T12:22:49.611+0700] {dag.py:3096} INFO - Sync 1 DAGs
[2024-04-20T12:22:49.769+0700] {logging_mixin.py:188} INFO - [2024-04-20T12:22:49.768+0700] {dag.py:3954} INFO - Setting next_dagrun for example_dynamic_task_mapping to 2022-03-04 00:00:00+00:00, run_after=2022-03-05 00:00:00+00:00
[2024-04-20T12:22:50.581+0700] {processor.py:183} INFO - Processing /home/newrey/airflow/airflow-env/lib/python3.10/site-packages/airflow/example_dags/example_dynamic_task_mapping.py took 1.903 seconds
[2024-04-20T12:24:39.644+0700] {processor.py:161} INFO - Started process (PID=8650) to work on /home/newrey/airflow/airflow-env/lib/python3.10/site-packages/airflow/example_dags/example_dynamic_task_mapping.py
[2024-04-20T12:24:39.647+0700] {processor.py:830} INFO - Processing file /home/newrey/airflow/airflow-env/lib/python3.10/site-packages/airflow/example_dags/example_dynamic_task_mapping.py for tasks to queue
[2024-04-20T12:24:39.651+0700] {logging_mixin.py:188} INFO - [2024-04-20T12:24:39.650+0700] {dagbag.py:540} INFO - Filling up the DagBag from /home/newrey/airflow/airflow-env/lib/python3.10/site-packages/airflow/example_dags/example_dynamic_task_mapping.py
[2024-04-20T12:24:39.664+0700] {processor.py:840} INFO - DAG(s) 'example_dynamic_task_mapping' retrieved from /home/newrey/airflow/airflow-env/lib/python3.10/site-packages/airflow/example_dags/example_dynamic_task_mapping.py
[2024-04-20T12:24:39.699+0700] {logging_mixin.py:188} INFO - [2024-04-20T12:24:39.698+0700] {dag.py:3096} INFO - Sync 1 DAGs
[2024-04-20T12:24:39.745+0700] {logging_mixin.py:188} INFO - [2024-04-20T12:24:39.745+0700] {dag.py:3954} INFO - Setting next_dagrun for example_dynamic_task_mapping to 2022-03-04 00:00:00+00:00, run_after=2022-03-05 00:00:00+00:00
[2024-04-20T12:24:39.794+0700] {processor.py:183} INFO - Processing /home/newrey/airflow/airflow-env/lib/python3.10/site-packages/airflow/example_dags/example_dynamic_task_mapping.py took 0.171 seconds
[2024-04-20T12:26:09.457+0700] {processor.py:161} INFO - Started process (PID=9755) to work on /home/newrey/airflow/airflow-env/lib/python3.10/site-packages/airflow/example_dags/example_dynamic_task_mapping.py
[2024-04-20T12:26:09.461+0700] {processor.py:830} INFO - Processing file /home/newrey/airflow/airflow-env/lib/python3.10/site-packages/airflow/example_dags/example_dynamic_task_mapping.py for tasks to queue
[2024-04-20T12:26:09.465+0700] {logging_mixin.py:188} INFO - [2024-04-20T12:26:09.465+0700] {dagbag.py:540} INFO - Filling up the DagBag from /home/newrey/airflow/airflow-env/lib/python3.10/site-packages/airflow/example_dags/example_dynamic_task_mapping.py
[2024-04-20T12:26:09.481+0700] {processor.py:840} INFO - DAG(s) 'example_dynamic_task_mapping' retrieved from /home/newrey/airflow/airflow-env/lib/python3.10/site-packages/airflow/example_dags/example_dynamic_task_mapping.py
[2024-04-20T12:26:09.526+0700] {logging_mixin.py:188} INFO - [2024-04-20T12:26:09.525+0700] {dag.py:3096} INFO - Sync 1 DAGs
[2024-04-20T12:26:09.581+0700] {logging_mixin.py:188} INFO - [2024-04-20T12:26:09.580+0700] {dag.py:3954} INFO - Setting next_dagrun for example_dynamic_task_mapping to 2022-03-04 00:00:00+00:00, run_after=2022-03-05 00:00:00+00:00
[2024-04-20T12:26:09.624+0700] {processor.py:183} INFO - Processing /home/newrey/airflow/airflow-env/lib/python3.10/site-packages/airflow/example_dags/example_dynamic_task_mapping.py took 0.187 seconds
[2024-04-20T12:27:26.601+0700] {processor.py:161} INFO - Started process (PID=10430) to work on /home/newrey/airflow/airflow-env/lib/python3.10/site-packages/airflow/example_dags/example_dynamic_task_mapping.py
[2024-04-20T12:27:26.607+0700] {processor.py:830} INFO - Processing file /home/newrey/airflow/airflow-env/lib/python3.10/site-packages/airflow/example_dags/example_dynamic_task_mapping.py for tasks to queue
[2024-04-20T12:27:26.613+0700] {logging_mixin.py:188} INFO - [2024-04-20T12:27:26.611+0700] {dagbag.py:540} INFO - Filling up the DagBag from /home/newrey/airflow/airflow-env/lib/python3.10/site-packages/airflow/example_dags/example_dynamic_task_mapping.py
[2024-04-20T12:27:26.628+0700] {processor.py:840} INFO - DAG(s) 'example_dynamic_task_mapping' retrieved from /home/newrey/airflow/airflow-env/lib/python3.10/site-packages/airflow/example_dags/example_dynamic_task_mapping.py
[2024-04-20T12:27:26.671+0700] {logging_mixin.py:188} INFO - [2024-04-20T12:27:26.670+0700] {dag.py:3096} INFO - Sync 1 DAGs
[2024-04-20T12:27:26.737+0700] {logging_mixin.py:188} INFO - [2024-04-20T12:27:26.736+0700] {dag.py:3954} INFO - Setting next_dagrun for example_dynamic_task_mapping to 2022-03-04 00:00:00+00:00, run_after=2022-03-05 00:00:00+00:00
[2024-04-20T12:27:26.795+0700] {processor.py:183} INFO - Processing /home/newrey/airflow/airflow-env/lib/python3.10/site-packages/airflow/example_dags/example_dynamic_task_mapping.py took 0.223 seconds
[2024-04-20T12:29:14.684+0700] {processor.py:161} INFO - Started process (PID=12004) to work on /home/newrey/airflow/airflow-env/lib/python3.10/site-packages/airflow/example_dags/example_dynamic_task_mapping.py
[2024-04-20T12:29:14.702+0700] {processor.py:830} INFO - Processing file /home/newrey/airflow/airflow-env/lib/python3.10/site-packages/airflow/example_dags/example_dynamic_task_mapping.py for tasks to queue
[2024-04-20T12:29:14.705+0700] {logging_mixin.py:188} INFO - [2024-04-20T12:29:14.704+0700] {dagbag.py:540} INFO - Filling up the DagBag from /home/newrey/airflow/airflow-env/lib/python3.10/site-packages/airflow/example_dags/example_dynamic_task_mapping.py
[2024-04-20T12:29:14.732+0700] {processor.py:840} INFO - DAG(s) 'example_dynamic_task_mapping' retrieved from /home/newrey/airflow/airflow-env/lib/python3.10/site-packages/airflow/example_dags/example_dynamic_task_mapping.py
[2024-04-20T12:29:14.808+0700] {logging_mixin.py:188} INFO - [2024-04-20T12:29:14.807+0700] {dag.py:3096} INFO - Sync 1 DAGs
[2024-04-20T12:29:14.878+0700] {logging_mixin.py:188} INFO - [2024-04-20T12:29:14.878+0700] {dag.py:3954} INFO - Setting next_dagrun for example_dynamic_task_mapping to 2022-03-04 00:00:00+00:00, run_after=2022-03-05 00:00:00+00:00
[2024-04-20T12:29:14.943+0700] {processor.py:183} INFO - Processing /home/newrey/airflow/airflow-env/lib/python3.10/site-packages/airflow/example_dags/example_dynamic_task_mapping.py took 0.314 seconds
[2024-04-20T12:31:40.206+0700] {processor.py:161} INFO - Started process (PID=14214) to work on /home/newrey/airflow/airflow-env/lib/python3.10/site-packages/airflow/example_dags/example_dynamic_task_mapping.py
[2024-04-20T12:31:40.215+0700] {processor.py:830} INFO - Processing file /home/newrey/airflow/airflow-env/lib/python3.10/site-packages/airflow/example_dags/example_dynamic_task_mapping.py for tasks to queue
[2024-04-20T12:31:40.218+0700] {logging_mixin.py:188} INFO - [2024-04-20T12:31:40.217+0700] {dagbag.py:540} INFO - Filling up the DagBag from /home/newrey/airflow/airflow-env/lib/python3.10/site-packages/airflow/example_dags/example_dynamic_task_mapping.py
[2024-04-20T12:31:40.257+0700] {processor.py:840} INFO - DAG(s) 'example_dynamic_task_mapping' retrieved from /home/newrey/airflow/airflow-env/lib/python3.10/site-packages/airflow/example_dags/example_dynamic_task_mapping.py
[2024-04-20T12:31:40.377+0700] {logging_mixin.py:188} INFO - [2024-04-20T12:31:40.375+0700] {dag.py:3096} INFO - Sync 1 DAGs
[2024-04-20T12:31:40.576+0700] {logging_mixin.py:188} INFO - [2024-04-20T12:31:40.575+0700] {dag.py:3954} INFO - Setting next_dagrun for example_dynamic_task_mapping to 2022-03-04 00:00:00+00:00, run_after=2022-03-05 00:00:00+00:00
[2024-04-20T12:31:40.848+0700] {processor.py:183} INFO - Processing /home/newrey/airflow/airflow-env/lib/python3.10/site-packages/airflow/example_dags/example_dynamic_task_mapping.py took 0.694 seconds
[2024-04-20T12:33:04.319+0700] {processor.py:161} INFO - Started process (PID=14979) to work on /home/newrey/airflow/airflow-env/lib/python3.10/site-packages/airflow/example_dags/example_dynamic_task_mapping.py
[2024-04-20T12:33:04.322+0700] {processor.py:830} INFO - Processing file /home/newrey/airflow/airflow-env/lib/python3.10/site-packages/airflow/example_dags/example_dynamic_task_mapping.py for tasks to queue
[2024-04-20T12:33:04.324+0700] {logging_mixin.py:188} INFO - [2024-04-20T12:33:04.323+0700] {dagbag.py:540} INFO - Filling up the DagBag from /home/newrey/airflow/airflow-env/lib/python3.10/site-packages/airflow/example_dags/example_dynamic_task_mapping.py
[2024-04-20T12:33:04.339+0700] {processor.py:840} INFO - DAG(s) 'example_dynamic_task_mapping' retrieved from /home/newrey/airflow/airflow-env/lib/python3.10/site-packages/airflow/example_dags/example_dynamic_task_mapping.py
[2024-04-20T12:33:04.395+0700] {logging_mixin.py:188} INFO - [2024-04-20T12:33:04.394+0700] {dag.py:3096} INFO - Sync 1 DAGs
[2024-04-20T12:33:04.455+0700] {logging_mixin.py:188} INFO - [2024-04-20T12:33:04.453+0700] {dag.py:3954} INFO - Setting next_dagrun for example_dynamic_task_mapping to 2022-03-04 00:00:00+00:00, run_after=2022-03-05 00:00:00+00:00
[2024-04-20T12:33:04.504+0700] {processor.py:183} INFO - Processing /home/newrey/airflow/airflow-env/lib/python3.10/site-packages/airflow/example_dags/example_dynamic_task_mapping.py took 0.203 seconds
[2024-04-20T12:34:30.400+0700] {processor.py:161} INFO - Started process (PID=15910) to work on /home/newrey/airflow/airflow-env/lib/python3.10/site-packages/airflow/example_dags/example_dynamic_task_mapping.py
[2024-04-20T12:34:30.404+0700] {processor.py:830} INFO - Processing file /home/newrey/airflow/airflow-env/lib/python3.10/site-packages/airflow/example_dags/example_dynamic_task_mapping.py for tasks to queue
[2024-04-20T12:34:30.407+0700] {logging_mixin.py:188} INFO - [2024-04-20T12:34:30.406+0700] {dagbag.py:540} INFO - Filling up the DagBag from /home/newrey/airflow/airflow-env/lib/python3.10/site-packages/airflow/example_dags/example_dynamic_task_mapping.py
[2024-04-20T12:34:30.420+0700] {processor.py:840} INFO - DAG(s) 'example_dynamic_task_mapping' retrieved from /home/newrey/airflow/airflow-env/lib/python3.10/site-packages/airflow/example_dags/example_dynamic_task_mapping.py
[2024-04-20T12:34:30.454+0700] {logging_mixin.py:188} INFO - [2024-04-20T12:34:30.453+0700] {dag.py:3096} INFO - Sync 1 DAGs
[2024-04-20T12:34:30.525+0700] {logging_mixin.py:188} INFO - [2024-04-20T12:34:30.524+0700] {dag.py:3954} INFO - Setting next_dagrun for example_dynamic_task_mapping to 2022-03-04 00:00:00+00:00, run_after=2022-03-05 00:00:00+00:00
[2024-04-20T12:34:30.583+0700] {processor.py:183} INFO - Processing /home/newrey/airflow/airflow-env/lib/python3.10/site-packages/airflow/example_dags/example_dynamic_task_mapping.py took 0.205 seconds
[2024-04-20T12:36:03.872+0700] {processor.py:161} INFO - Started process (PID=16697) to work on /home/newrey/airflow/airflow-env/lib/python3.10/site-packages/airflow/example_dags/example_dynamic_task_mapping.py
[2024-04-20T12:36:03.875+0700] {processor.py:830} INFO - Processing file /home/newrey/airflow/airflow-env/lib/python3.10/site-packages/airflow/example_dags/example_dynamic_task_mapping.py for tasks to queue
[2024-04-20T12:36:03.878+0700] {logging_mixin.py:188} INFO - [2024-04-20T12:36:03.877+0700] {dagbag.py:540} INFO - Filling up the DagBag from /home/newrey/airflow/airflow-env/lib/python3.10/site-packages/airflow/example_dags/example_dynamic_task_mapping.py
[2024-04-20T12:36:03.898+0700] {processor.py:840} INFO - DAG(s) 'example_dynamic_task_mapping' retrieved from /home/newrey/airflow/airflow-env/lib/python3.10/site-packages/airflow/example_dags/example_dynamic_task_mapping.py
[2024-04-20T12:36:03.949+0700] {logging_mixin.py:188} INFO - [2024-04-20T12:36:03.948+0700] {dag.py:3096} INFO - Sync 1 DAGs
[2024-04-20T12:36:04.057+0700] {logging_mixin.py:188} INFO - [2024-04-20T12:36:04.055+0700] {dag.py:3954} INFO - Setting next_dagrun for example_dynamic_task_mapping to 2022-03-04 00:00:00+00:00, run_after=2022-03-05 00:00:00+00:00
[2024-04-20T12:36:04.172+0700] {processor.py:183} INFO - Processing /home/newrey/airflow/airflow-env/lib/python3.10/site-packages/airflow/example_dags/example_dynamic_task_mapping.py took 0.322 seconds
[2024-04-20T12:37:20.118+0700] {processor.py:161} INFO - Started process (PID=17424) to work on /home/newrey/airflow/airflow-env/lib/python3.10/site-packages/airflow/example_dags/example_dynamic_task_mapping.py
[2024-04-20T12:37:20.133+0700] {processor.py:830} INFO - Processing file /home/newrey/airflow/airflow-env/lib/python3.10/site-packages/airflow/example_dags/example_dynamic_task_mapping.py for tasks to queue
[2024-04-20T12:37:20.136+0700] {logging_mixin.py:188} INFO - [2024-04-20T12:37:20.135+0700] {dagbag.py:540} INFO - Filling up the DagBag from /home/newrey/airflow/airflow-env/lib/python3.10/site-packages/airflow/example_dags/example_dynamic_task_mapping.py
[2024-04-20T12:37:20.157+0700] {processor.py:840} INFO - DAG(s) 'example_dynamic_task_mapping' retrieved from /home/newrey/airflow/airflow-env/lib/python3.10/site-packages/airflow/example_dags/example_dynamic_task_mapping.py
[2024-04-20T12:37:20.217+0700] {logging_mixin.py:188} INFO - [2024-04-20T12:37:20.216+0700] {dag.py:3096} INFO - Sync 1 DAGs
[2024-04-20T12:37:20.328+0700] {logging_mixin.py:188} INFO - [2024-04-20T12:37:20.326+0700] {dag.py:3954} INFO - Setting next_dagrun for example_dynamic_task_mapping to 2022-03-04 00:00:00+00:00, run_after=2022-03-05 00:00:00+00:00
[2024-04-20T12:37:20.463+0700] {processor.py:183} INFO - Processing /home/newrey/airflow/airflow-env/lib/python3.10/site-packages/airflow/example_dags/example_dynamic_task_mapping.py took 0.409 seconds
[2024-04-20T12:38:39.526+0700] {processor.py:161} INFO - Started process (PID=18108) to work on /home/newrey/airflow/airflow-env/lib/python3.10/site-packages/airflow/example_dags/example_dynamic_task_mapping.py
[2024-04-20T12:38:39.529+0700] {processor.py:830} INFO - Processing file /home/newrey/airflow/airflow-env/lib/python3.10/site-packages/airflow/example_dags/example_dynamic_task_mapping.py for tasks to queue
[2024-04-20T12:38:39.531+0700] {logging_mixin.py:188} INFO - [2024-04-20T12:38:39.530+0700] {dagbag.py:540} INFO - Filling up the DagBag from /home/newrey/airflow/airflow-env/lib/python3.10/site-packages/airflow/example_dags/example_dynamic_task_mapping.py
[2024-04-20T12:38:39.549+0700] {processor.py:840} INFO - DAG(s) 'example_dynamic_task_mapping' retrieved from /home/newrey/airflow/airflow-env/lib/python3.10/site-packages/airflow/example_dags/example_dynamic_task_mapping.py
[2024-04-20T12:38:39.590+0700] {logging_mixin.py:188} INFO - [2024-04-20T12:38:39.589+0700] {dag.py:3096} INFO - Sync 1 DAGs
[2024-04-20T12:38:39.650+0700] {logging_mixin.py:188} INFO - [2024-04-20T12:38:39.650+0700] {dag.py:3954} INFO - Setting next_dagrun for example_dynamic_task_mapping to 2022-03-04 00:00:00+00:00, run_after=2022-03-05 00:00:00+00:00
[2024-04-20T12:38:39.695+0700] {processor.py:183} INFO - Processing /home/newrey/airflow/airflow-env/lib/python3.10/site-packages/airflow/example_dags/example_dynamic_task_mapping.py took 0.188 seconds
[2024-04-20T12:39:58.935+0700] {processor.py:161} INFO - Started process (PID=18731) to work on /home/newrey/airflow/airflow-env/lib/python3.10/site-packages/airflow/example_dags/example_dynamic_task_mapping.py
[2024-04-20T12:39:58.938+0700] {processor.py:830} INFO - Processing file /home/newrey/airflow/airflow-env/lib/python3.10/site-packages/airflow/example_dags/example_dynamic_task_mapping.py for tasks to queue
[2024-04-20T12:39:58.939+0700] {logging_mixin.py:188} INFO - [2024-04-20T12:39:58.939+0700] {dagbag.py:540} INFO - Filling up the DagBag from /home/newrey/airflow/airflow-env/lib/python3.10/site-packages/airflow/example_dags/example_dynamic_task_mapping.py
[2024-04-20T12:39:58.948+0700] {processor.py:840} INFO - DAG(s) 'example_dynamic_task_mapping' retrieved from /home/newrey/airflow/airflow-env/lib/python3.10/site-packages/airflow/example_dags/example_dynamic_task_mapping.py
[2024-04-20T12:39:58.965+0700] {logging_mixin.py:188} INFO - [2024-04-20T12:39:58.965+0700] {dag.py:3096} INFO - Sync 1 DAGs
[2024-04-20T12:39:58.985+0700] {logging_mixin.py:188} INFO - [2024-04-20T12:39:58.985+0700] {dag.py:3954} INFO - Setting next_dagrun for example_dynamic_task_mapping to 2022-03-04 00:00:00+00:00, run_after=2022-03-05 00:00:00+00:00
[2024-04-20T12:39:59.031+0700] {processor.py:183} INFO - Processing /home/newrey/airflow/airflow-env/lib/python3.10/site-packages/airflow/example_dags/example_dynamic_task_mapping.py took 0.111 seconds
[2024-04-20T12:41:01.630+0700] {processor.py:161} INFO - Started process (PID=19184) to work on /home/newrey/airflow/airflow-env/lib/python3.10/site-packages/airflow/example_dags/example_dynamic_task_mapping.py
[2024-04-20T12:41:01.634+0700] {processor.py:830} INFO - Processing file /home/newrey/airflow/airflow-env/lib/python3.10/site-packages/airflow/example_dags/example_dynamic_task_mapping.py for tasks to queue
[2024-04-20T12:41:01.636+0700] {logging_mixin.py:188} INFO - [2024-04-20T12:41:01.635+0700] {dagbag.py:540} INFO - Filling up the DagBag from /home/newrey/airflow/airflow-env/lib/python3.10/site-packages/airflow/example_dags/example_dynamic_task_mapping.py
[2024-04-20T12:41:01.650+0700] {processor.py:840} INFO - DAG(s) 'example_dynamic_task_mapping' retrieved from /home/newrey/airflow/airflow-env/lib/python3.10/site-packages/airflow/example_dags/example_dynamic_task_mapping.py
[2024-04-20T12:41:01.687+0700] {logging_mixin.py:188} INFO - [2024-04-20T12:41:01.686+0700] {dag.py:3096} INFO - Sync 1 DAGs
[2024-04-20T12:41:01.745+0700] {logging_mixin.py:188} INFO - [2024-04-20T12:41:01.745+0700] {dag.py:3954} INFO - Setting next_dagrun for example_dynamic_task_mapping to 2022-03-04 00:00:00+00:00, run_after=2022-03-05 00:00:00+00:00
[2024-04-20T12:41:01.783+0700] {processor.py:183} INFO - Processing /home/newrey/airflow/airflow-env/lib/python3.10/site-packages/airflow/example_dags/example_dynamic_task_mapping.py took 0.173 seconds
[2024-04-20T12:42:03.231+0700] {processor.py:161} INFO - Started process (PID=19715) to work on /home/newrey/airflow/airflow-env/lib/python3.10/site-packages/airflow/example_dags/example_dynamic_task_mapping.py
[2024-04-20T12:42:03.234+0700] {processor.py:830} INFO - Processing file /home/newrey/airflow/airflow-env/lib/python3.10/site-packages/airflow/example_dags/example_dynamic_task_mapping.py for tasks to queue
[2024-04-20T12:42:03.236+0700] {logging_mixin.py:188} INFO - [2024-04-20T12:42:03.235+0700] {dagbag.py:540} INFO - Filling up the DagBag from /home/newrey/airflow/airflow-env/lib/python3.10/site-packages/airflow/example_dags/example_dynamic_task_mapping.py
[2024-04-20T12:42:03.249+0700] {processor.py:840} INFO - DAG(s) 'example_dynamic_task_mapping' retrieved from /home/newrey/airflow/airflow-env/lib/python3.10/site-packages/airflow/example_dags/example_dynamic_task_mapping.py
[2024-04-20T12:42:03.270+0700] {logging_mixin.py:188} INFO - [2024-04-20T12:42:03.269+0700] {dag.py:3096} INFO - Sync 1 DAGs
[2024-04-20T12:42:03.289+0700] {logging_mixin.py:188} INFO - [2024-04-20T12:42:03.288+0700] {dag.py:3954} INFO - Setting next_dagrun for example_dynamic_task_mapping to 2022-03-04 00:00:00+00:00, run_after=2022-03-05 00:00:00+00:00
[2024-04-20T12:42:03.322+0700] {processor.py:183} INFO - Processing /home/newrey/airflow/airflow-env/lib/python3.10/site-packages/airflow/example_dags/example_dynamic_task_mapping.py took 0.110 seconds
[2024-04-20T12:43:05.404+0700] {processor.py:161} INFO - Started process (PID=20175) to work on /home/newrey/airflow/airflow-env/lib/python3.10/site-packages/airflow/example_dags/example_dynamic_task_mapping.py
[2024-04-20T12:43:05.407+0700] {processor.py:830} INFO - Processing file /home/newrey/airflow/airflow-env/lib/python3.10/site-packages/airflow/example_dags/example_dynamic_task_mapping.py for tasks to queue
[2024-04-20T12:43:05.409+0700] {logging_mixin.py:188} INFO - [2024-04-20T12:43:05.408+0700] {dagbag.py:540} INFO - Filling up the DagBag from /home/newrey/airflow/airflow-env/lib/python3.10/site-packages/airflow/example_dags/example_dynamic_task_mapping.py
[2024-04-20T12:43:05.425+0700] {processor.py:840} INFO - DAG(s) 'example_dynamic_task_mapping' retrieved from /home/newrey/airflow/airflow-env/lib/python3.10/site-packages/airflow/example_dags/example_dynamic_task_mapping.py
[2024-04-20T12:43:05.457+0700] {logging_mixin.py:188} INFO - [2024-04-20T12:43:05.456+0700] {dag.py:3096} INFO - Sync 1 DAGs
[2024-04-20T12:43:05.508+0700] {logging_mixin.py:188} INFO - [2024-04-20T12:43:05.507+0700] {dag.py:3954} INFO - Setting next_dagrun for example_dynamic_task_mapping to 2022-03-04 00:00:00+00:00, run_after=2022-03-05 00:00:00+00:00
[2024-04-20T12:43:05.556+0700] {processor.py:183} INFO - Processing /home/newrey/airflow/airflow-env/lib/python3.10/site-packages/airflow/example_dags/example_dynamic_task_mapping.py took 0.171 seconds
[2024-04-20T12:44:07.931+0700] {processor.py:161} INFO - Started process (PID=20632) to work on /home/newrey/airflow/airflow-env/lib/python3.10/site-packages/airflow/example_dags/example_dynamic_task_mapping.py
[2024-04-20T12:44:07.933+0700] {processor.py:830} INFO - Processing file /home/newrey/airflow/airflow-env/lib/python3.10/site-packages/airflow/example_dags/example_dynamic_task_mapping.py for tasks to queue
[2024-04-20T12:44:07.934+0700] {logging_mixin.py:188} INFO - [2024-04-20T12:44:07.933+0700] {dagbag.py:540} INFO - Filling up the DagBag from /home/newrey/airflow/airflow-env/lib/python3.10/site-packages/airflow/example_dags/example_dynamic_task_mapping.py
[2024-04-20T12:44:07.942+0700] {processor.py:840} INFO - DAG(s) 'example_dynamic_task_mapping' retrieved from /home/newrey/airflow/airflow-env/lib/python3.10/site-packages/airflow/example_dags/example_dynamic_task_mapping.py
[2024-04-20T12:44:07.959+0700] {logging_mixin.py:188} INFO - [2024-04-20T12:44:07.958+0700] {dag.py:3096} INFO - Sync 1 DAGs
[2024-04-20T12:44:07.979+0700] {logging_mixin.py:188} INFO - [2024-04-20T12:44:07.979+0700] {dag.py:3954} INFO - Setting next_dagrun for example_dynamic_task_mapping to 2022-03-04 00:00:00+00:00, run_after=2022-03-05 00:00:00+00:00
[2024-04-20T12:44:08.009+0700] {processor.py:183} INFO - Processing /home/newrey/airflow/airflow-env/lib/python3.10/site-packages/airflow/example_dags/example_dynamic_task_mapping.py took 0.094 seconds
[2024-04-20T12:45:05.365+0700] {processor.py:161} INFO - Started process (PID=21062) to work on /home/newrey/airflow/airflow-env/lib/python3.10/site-packages/airflow/example_dags/example_dynamic_task_mapping.py
[2024-04-20T12:45:05.369+0700] {processor.py:830} INFO - Processing file /home/newrey/airflow/airflow-env/lib/python3.10/site-packages/airflow/example_dags/example_dynamic_task_mapping.py for tasks to queue
[2024-04-20T12:45:05.370+0700] {logging_mixin.py:188} INFO - [2024-04-20T12:45:05.370+0700] {dagbag.py:540} INFO - Filling up the DagBag from /home/newrey/airflow/airflow-env/lib/python3.10/site-packages/airflow/example_dags/example_dynamic_task_mapping.py
[2024-04-20T12:45:05.381+0700] {processor.py:840} INFO - DAG(s) 'example_dynamic_task_mapping' retrieved from /home/newrey/airflow/airflow-env/lib/python3.10/site-packages/airflow/example_dags/example_dynamic_task_mapping.py
[2024-04-20T12:45:05.399+0700] {logging_mixin.py:188} INFO - [2024-04-20T12:45:05.399+0700] {dag.py:3096} INFO - Sync 1 DAGs
[2024-04-20T12:45:05.431+0700] {logging_mixin.py:188} INFO - [2024-04-20T12:45:05.430+0700] {dag.py:3954} INFO - Setting next_dagrun for example_dynamic_task_mapping to 2022-03-04 00:00:00+00:00, run_after=2022-03-05 00:00:00+00:00
[2024-04-20T12:45:05.470+0700] {processor.py:183} INFO - Processing /home/newrey/airflow/airflow-env/lib/python3.10/site-packages/airflow/example_dags/example_dynamic_task_mapping.py took 0.123 seconds
[2024-04-20T12:46:08.023+0700] {processor.py:161} INFO - Started process (PID=21538) to work on /home/newrey/airflow/airflow-env/lib/python3.10/site-packages/airflow/example_dags/example_dynamic_task_mapping.py
[2024-04-20T12:46:08.025+0700] {processor.py:830} INFO - Processing file /home/newrey/airflow/airflow-env/lib/python3.10/site-packages/airflow/example_dags/example_dynamic_task_mapping.py for tasks to queue
[2024-04-20T12:46:08.027+0700] {logging_mixin.py:188} INFO - [2024-04-20T12:46:08.026+0700] {dagbag.py:540} INFO - Filling up the DagBag from /home/newrey/airflow/airflow-env/lib/python3.10/site-packages/airflow/example_dags/example_dynamic_task_mapping.py
[2024-04-20T12:46:08.037+0700] {processor.py:840} INFO - DAG(s) 'example_dynamic_task_mapping' retrieved from /home/newrey/airflow/airflow-env/lib/python3.10/site-packages/airflow/example_dags/example_dynamic_task_mapping.py
[2024-04-20T12:46:08.052+0700] {logging_mixin.py:188} INFO - [2024-04-20T12:46:08.052+0700] {dag.py:3096} INFO - Sync 1 DAGs
[2024-04-20T12:46:08.090+0700] {logging_mixin.py:188} INFO - [2024-04-20T12:46:08.089+0700] {dag.py:3954} INFO - Setting next_dagrun for example_dynamic_task_mapping to 2022-03-04 00:00:00+00:00, run_after=2022-03-05 00:00:00+00:00
[2024-04-20T12:46:08.128+0700] {processor.py:183} INFO - Processing /home/newrey/airflow/airflow-env/lib/python3.10/site-packages/airflow/example_dags/example_dynamic_task_mapping.py took 0.123 seconds
[2024-04-20T12:47:08.258+0700] {processor.py:161} INFO - Started process (PID=22055) to work on /home/newrey/airflow/airflow-env/lib/python3.10/site-packages/airflow/example_dags/example_dynamic_task_mapping.py
[2024-04-20T12:47:08.261+0700] {processor.py:830} INFO - Processing file /home/newrey/airflow/airflow-env/lib/python3.10/site-packages/airflow/example_dags/example_dynamic_task_mapping.py for tasks to queue
[2024-04-20T12:47:08.263+0700] {logging_mixin.py:188} INFO - [2024-04-20T12:47:08.262+0700] {dagbag.py:540} INFO - Filling up the DagBag from /home/newrey/airflow/airflow-env/lib/python3.10/site-packages/airflow/example_dags/example_dynamic_task_mapping.py
[2024-04-20T12:47:08.275+0700] {processor.py:840} INFO - DAG(s) 'example_dynamic_task_mapping' retrieved from /home/newrey/airflow/airflow-env/lib/python3.10/site-packages/airflow/example_dags/example_dynamic_task_mapping.py
[2024-04-20T12:47:08.312+0700] {logging_mixin.py:188} INFO - [2024-04-20T12:47:08.311+0700] {dag.py:3096} INFO - Sync 1 DAGs
[2024-04-20T12:47:08.367+0700] {logging_mixin.py:188} INFO - [2024-04-20T12:47:08.366+0700] {dag.py:3954} INFO - Setting next_dagrun for example_dynamic_task_mapping to 2022-03-04 00:00:00+00:00, run_after=2022-03-05 00:00:00+00:00
[2024-04-20T12:47:08.416+0700] {processor.py:183} INFO - Processing /home/newrey/airflow/airflow-env/lib/python3.10/site-packages/airflow/example_dags/example_dynamic_task_mapping.py took 0.178 seconds
[2024-04-20T12:48:11.043+0700] {processor.py:161} INFO - Started process (PID=22513) to work on /home/newrey/airflow/airflow-env/lib/python3.10/site-packages/airflow/example_dags/example_dynamic_task_mapping.py
[2024-04-20T12:48:11.046+0700] {processor.py:830} INFO - Processing file /home/newrey/airflow/airflow-env/lib/python3.10/site-packages/airflow/example_dags/example_dynamic_task_mapping.py for tasks to queue
[2024-04-20T12:48:11.048+0700] {logging_mixin.py:188} INFO - [2024-04-20T12:48:11.048+0700] {dagbag.py:540} INFO - Filling up the DagBag from /home/newrey/airflow/airflow-env/lib/python3.10/site-packages/airflow/example_dags/example_dynamic_task_mapping.py
[2024-04-20T12:48:11.063+0700] {processor.py:840} INFO - DAG(s) 'example_dynamic_task_mapping' retrieved from /home/newrey/airflow/airflow-env/lib/python3.10/site-packages/airflow/example_dags/example_dynamic_task_mapping.py
[2024-04-20T12:48:11.093+0700] {logging_mixin.py:188} INFO - [2024-04-20T12:48:11.092+0700] {dag.py:3096} INFO - Sync 1 DAGs
[2024-04-20T12:48:11.139+0700] {logging_mixin.py:188} INFO - [2024-04-20T12:48:11.138+0700] {dag.py:3954} INFO - Setting next_dagrun for example_dynamic_task_mapping to 2022-03-04 00:00:00+00:00, run_after=2022-03-05 00:00:00+00:00
[2024-04-20T12:48:11.168+0700] {processor.py:183} INFO - Processing /home/newrey/airflow/airflow-env/lib/python3.10/site-packages/airflow/example_dags/example_dynamic_task_mapping.py took 0.144 seconds
