[2024-04-20T12:17:44.826+0700] {processor.py:161} INFO - Started process (PID=4444) to work on /home/newrey/airflow/airflow-env/lib/python3.10/site-packages/airflow/example_dags/example_sla_dag.py
[2024-04-20T12:17:44.828+0700] {processor.py:830} INFO - Processing file /home/newrey/airflow/airflow-env/lib/python3.10/site-packages/airflow/example_dags/example_sla_dag.py for tasks to queue
[2024-04-20T12:17:44.830+0700] {logging_mixin.py:188} INFO - [2024-04-20T12:17:44.830+0700] {dagbag.py:540} INFO - Filling up the DagBag from /home/newrey/airflow/airflow-env/lib/python3.10/site-packages/airflow/example_dags/example_sla_dag.py
[2024-04-20T12:17:44.848+0700] {processor.py:840} INFO - DAG(s) 'example_sla_dag' retrieved from /home/newrey/airflow/airflow-env/lib/python3.10/site-packages/airflow/example_dags/example_sla_dag.py
[2024-04-20T12:17:45.142+0700] {logging_mixin.py:188} INFO - [2024-04-20T12:17:45.141+0700] {dag.py:3096} INFO - Sync 1 DAGs
[2024-04-20T12:17:45.180+0700] {logging_mixin.py:188} INFO - [2024-04-20T12:17:45.179+0700] {dag.py:3954} INFO - Setting next_dagrun for example_sla_dag to 2024-04-20 05:14:00+00:00, run_after=2024-04-20 05:16:00+00:00
[2024-04-20T12:17:45.236+0700] {processor.py:183} INFO - Processing /home/newrey/airflow/airflow-env/lib/python3.10/site-packages/airflow/example_dags/example_sla_dag.py took 0.421 seconds
[2024-04-20T12:20:01.763+0700] {processor.py:161} INFO - Started process (PID=6041) to work on /home/newrey/airflow/airflow-env/lib/python3.10/site-packages/airflow/example_dags/example_sla_dag.py
[2024-04-20T12:20:01.765+0700] {processor.py:830} INFO - Processing file /home/newrey/airflow/airflow-env/lib/python3.10/site-packages/airflow/example_dags/example_sla_dag.py for tasks to queue
[2024-04-20T12:20:01.767+0700] {logging_mixin.py:188} INFO - [2024-04-20T12:20:01.767+0700] {dagbag.py:540} INFO - Filling up the DagBag from /home/newrey/airflow/airflow-env/lib/python3.10/site-packages/airflow/example_dags/example_sla_dag.py
[2024-04-20T12:20:01.783+0700] {processor.py:840} INFO - DAG(s) 'example_sla_dag' retrieved from /home/newrey/airflow/airflow-env/lib/python3.10/site-packages/airflow/example_dags/example_sla_dag.py
[2024-04-20T12:20:01.817+0700] {logging_mixin.py:188} INFO - [2024-04-20T12:20:01.816+0700] {dag.py:3096} INFO - Sync 1 DAGs
[2024-04-20T12:20:01.883+0700] {logging_mixin.py:188} INFO - [2024-04-20T12:20:01.882+0700] {dag.py:3954} INFO - Setting next_dagrun for example_sla_dag to 2024-04-20 05:18:00+00:00, run_after=2024-04-20 05:20:00+00:00
[2024-04-20T12:20:01.951+0700] {processor.py:183} INFO - Processing /home/newrey/airflow/airflow-env/lib/python3.10/site-packages/airflow/example_dags/example_sla_dag.py took 0.201 seconds
[2024-04-20T12:21:01.588+0700] {processor.py:161} INFO - Started process (PID=6468) to work on /home/newrey/airflow/airflow-env/lib/python3.10/site-packages/airflow/example_dags/example_sla_dag.py
[2024-04-20T12:21:01.594+0700] {processor.py:830} INFO - Processing file /home/newrey/airflow/airflow-env/lib/python3.10/site-packages/airflow/example_dags/example_sla_dag.py for tasks to queue
[2024-04-20T12:21:01.598+0700] {logging_mixin.py:188} INFO - [2024-04-20T12:21:01.597+0700] {dagbag.py:540} INFO - Filling up the DagBag from /home/newrey/airflow/airflow-env/lib/python3.10/site-packages/airflow/example_dags/example_sla_dag.py
[2024-04-20T12:21:01.619+0700] {processor.py:840} INFO - DAG(s) 'example_sla_dag' retrieved from /home/newrey/airflow/airflow-env/lib/python3.10/site-packages/airflow/example_dags/example_sla_dag.py
[2024-04-20T12:21:01.651+0700] {logging_mixin.py:188} INFO - [2024-04-20T12:21:01.650+0700] {dag.py:3096} INFO - Sync 1 DAGs
[2024-04-20T12:21:01.913+0700] {logging_mixin.py:188} INFO - [2024-04-20T12:21:01.913+0700] {dag.py:3954} INFO - Setting next_dagrun for example_sla_dag to 2024-04-20 05:18:00+00:00, run_after=2024-04-20 05:20:00+00:00
[2024-04-20T12:21:01.960+0700] {processor.py:183} INFO - Processing /home/newrey/airflow/airflow-env/lib/python3.10/site-packages/airflow/example_dags/example_sla_dag.py took 0.384 seconds
[2024-04-20T12:21:44.916+0700] {processor.py:161} INFO - Started process (PID=6728) to work on /home/newrey/airflow/airflow-env/lib/python3.10/site-packages/airflow/example_dags/example_sla_dag.py
[2024-04-20T12:21:44.921+0700] {processor.py:830} INFO - Processing file /home/newrey/airflow/airflow-env/lib/python3.10/site-packages/airflow/example_dags/example_sla_dag.py for tasks to queue
[2024-04-20T12:21:44.926+0700] {logging_mixin.py:188} INFO - [2024-04-20T12:21:44.924+0700] {dagbag.py:540} INFO - Filling up the DagBag from /home/newrey/airflow/airflow-env/lib/python3.10/site-packages/airflow/example_dags/example_sla_dag.py
[2024-04-20T12:21:44.952+0700] {processor.py:840} INFO - DAG(s) 'example_sla_dag' retrieved from /home/newrey/airflow/airflow-env/lib/python3.10/site-packages/airflow/example_dags/example_sla_dag.py
[2024-04-20T12:21:44.995+0700] {logging_mixin.py:188} INFO - [2024-04-20T12:21:44.994+0700] {dag.py:3096} INFO - Sync 1 DAGs
[2024-04-20T12:21:45.035+0700] {logging_mixin.py:188} INFO - [2024-04-20T12:21:45.034+0700] {dag.py:3954} INFO - Setting next_dagrun for example_sla_dag to 2024-04-20 05:18:00+00:00, run_after=2024-04-20 05:20:00+00:00
[2024-04-20T12:21:45.078+0700] {processor.py:183} INFO - Processing /home/newrey/airflow/airflow-env/lib/python3.10/site-packages/airflow/example_dags/example_sla_dag.py took 0.180 seconds
[2024-04-20T12:22:22.011+0700] {processor.py:161} INFO - Started process (PID=7081) to work on /home/newrey/airflow/airflow-env/lib/python3.10/site-packages/airflow/example_dags/example_sla_dag.py
[2024-04-20T12:22:22.017+0700] {processor.py:830} INFO - Processing file /home/newrey/airflow/airflow-env/lib/python3.10/site-packages/airflow/example_dags/example_sla_dag.py for tasks to queue
[2024-04-20T12:22:22.020+0700] {logging_mixin.py:188} INFO - [2024-04-20T12:22:22.019+0700] {dagbag.py:540} INFO - Filling up the DagBag from /home/newrey/airflow/airflow-env/lib/python3.10/site-packages/airflow/example_dags/example_sla_dag.py
[2024-04-20T12:22:22.035+0700] {processor.py:840} INFO - DAG(s) 'example_sla_dag' retrieved from /home/newrey/airflow/airflow-env/lib/python3.10/site-packages/airflow/example_dags/example_sla_dag.py
[2024-04-20T12:22:22.061+0700] {logging_mixin.py:188} INFO - [2024-04-20T12:22:22.060+0700] {dag.py:3096} INFO - Sync 1 DAGs
[2024-04-20T12:22:22.111+0700] {logging_mixin.py:188} INFO - [2024-04-20T12:22:22.111+0700] {dag.py:3954} INFO - Setting next_dagrun for example_sla_dag to 2024-04-20 05:20:00+00:00, run_after=2024-04-20 05:22:00+00:00
[2024-04-20T12:22:22.161+0700] {processor.py:183} INFO - Processing /home/newrey/airflow/airflow-env/lib/python3.10/site-packages/airflow/example_dags/example_sla_dag.py took 0.163 seconds
[2024-04-20T12:23:15.318+0700] {processor.py:161} INFO - Started process (PID=7773) to work on /home/newrey/airflow/airflow-env/lib/python3.10/site-packages/airflow/example_dags/example_sla_dag.py
[2024-04-20T12:23:15.321+0700] {processor.py:830} INFO - Processing file /home/newrey/airflow/airflow-env/lib/python3.10/site-packages/airflow/example_dags/example_sla_dag.py for tasks to queue
[2024-04-20T12:23:15.324+0700] {logging_mixin.py:188} INFO - [2024-04-20T12:23:15.323+0700] {dagbag.py:540} INFO - Filling up the DagBag from /home/newrey/airflow/airflow-env/lib/python3.10/site-packages/airflow/example_dags/example_sla_dag.py
[2024-04-20T12:23:15.339+0700] {processor.py:840} INFO - DAG(s) 'example_sla_dag' retrieved from /home/newrey/airflow/airflow-env/lib/python3.10/site-packages/airflow/example_dags/example_sla_dag.py
[2024-04-20T12:23:15.367+0700] {logging_mixin.py:188} INFO - [2024-04-20T12:23:15.367+0700] {dag.py:3096} INFO - Sync 1 DAGs
[2024-04-20T12:23:15.414+0700] {logging_mixin.py:188} INFO - [2024-04-20T12:23:15.413+0700] {dag.py:3954} INFO - Setting next_dagrun for example_sla_dag to 2024-04-20 05:20:00+00:00, run_after=2024-04-20 05:22:00+00:00
[2024-04-20T12:23:15.472+0700] {processor.py:183} INFO - Processing /home/newrey/airflow/airflow-env/lib/python3.10/site-packages/airflow/example_dags/example_sla_dag.py took 0.173 seconds
[2024-04-20T12:24:15.765+0700] {processor.py:161} INFO - Started process (PID=8513) to work on /home/newrey/airflow/airflow-env/lib/python3.10/site-packages/airflow/example_dags/example_sla_dag.py
[2024-04-20T12:24:15.770+0700] {processor.py:830} INFO - Processing file /home/newrey/airflow/airflow-env/lib/python3.10/site-packages/airflow/example_dags/example_sla_dag.py for tasks to queue
[2024-04-20T12:24:15.773+0700] {logging_mixin.py:188} INFO - [2024-04-20T12:24:15.772+0700] {dagbag.py:540} INFO - Filling up the DagBag from /home/newrey/airflow/airflow-env/lib/python3.10/site-packages/airflow/example_dags/example_sla_dag.py
[2024-04-20T12:24:15.790+0700] {processor.py:840} INFO - DAG(s) 'example_sla_dag' retrieved from /home/newrey/airflow/airflow-env/lib/python3.10/site-packages/airflow/example_dags/example_sla_dag.py
[2024-04-20T12:24:15.826+0700] {logging_mixin.py:188} INFO - [2024-04-20T12:24:15.826+0700] {dag.py:3096} INFO - Sync 1 DAGs
[2024-04-20T12:24:15.891+0700] {logging_mixin.py:188} INFO - [2024-04-20T12:24:15.890+0700] {dag.py:3954} INFO - Setting next_dagrun for example_sla_dag to 2024-04-20 05:22:00+00:00, run_after=2024-04-20 05:24:00+00:00
[2024-04-20T12:24:15.945+0700] {processor.py:183} INFO - Processing /home/newrey/airflow/airflow-env/lib/python3.10/site-packages/airflow/example_dags/example_sla_dag.py took 0.197 seconds
[2024-04-20T12:24:57.132+0700] {processor.py:161} INFO - Started process (PID=8835) to work on /home/newrey/airflow/airflow-env/lib/python3.10/site-packages/airflow/example_dags/example_sla_dag.py
[2024-04-20T12:24:57.136+0700] {processor.py:830} INFO - Processing file /home/newrey/airflow/airflow-env/lib/python3.10/site-packages/airflow/example_dags/example_sla_dag.py for tasks to queue
[2024-04-20T12:24:57.144+0700] {logging_mixin.py:188} INFO - [2024-04-20T12:24:57.142+0700] {dagbag.py:540} INFO - Filling up the DagBag from /home/newrey/airflow/airflow-env/lib/python3.10/site-packages/airflow/example_dags/example_sla_dag.py
[2024-04-20T12:24:57.168+0700] {processor.py:840} INFO - DAG(s) 'example_sla_dag' retrieved from /home/newrey/airflow/airflow-env/lib/python3.10/site-packages/airflow/example_dags/example_sla_dag.py
[2024-04-20T12:24:57.213+0700] {logging_mixin.py:188} INFO - [2024-04-20T12:24:57.212+0700] {dag.py:3096} INFO - Sync 1 DAGs
[2024-04-20T12:24:57.303+0700] {logging_mixin.py:188} INFO - [2024-04-20T12:24:57.302+0700] {dag.py:3954} INFO - Setting next_dagrun for example_sla_dag to 2024-04-20 05:22:00+00:00, run_after=2024-04-20 05:24:00+00:00
[2024-04-20T12:24:57.384+0700] {processor.py:183} INFO - Processing /home/newrey/airflow/airflow-env/lib/python3.10/site-packages/airflow/example_dags/example_sla_dag.py took 0.274 seconds
[2024-04-20T12:25:38.891+0700] {processor.py:161} INFO - Started process (PID=9342) to work on /home/newrey/airflow/airflow-env/lib/python3.10/site-packages/airflow/example_dags/example_sla_dag.py
[2024-04-20T12:25:38.896+0700] {processor.py:830} INFO - Processing file /home/newrey/airflow/airflow-env/lib/python3.10/site-packages/airflow/example_dags/example_sla_dag.py for tasks to queue
[2024-04-20T12:25:38.900+0700] {logging_mixin.py:188} INFO - [2024-04-20T12:25:38.899+0700] {dagbag.py:540} INFO - Filling up the DagBag from /home/newrey/airflow/airflow-env/lib/python3.10/site-packages/airflow/example_dags/example_sla_dag.py
[2024-04-20T12:25:38.917+0700] {processor.py:840} INFO - DAG(s) 'example_sla_dag' retrieved from /home/newrey/airflow/airflow-env/lib/python3.10/site-packages/airflow/example_dags/example_sla_dag.py
[2024-04-20T12:25:38.952+0700] {logging_mixin.py:188} INFO - [2024-04-20T12:25:38.951+0700] {dag.py:3096} INFO - Sync 1 DAGs
[2024-04-20T12:25:39.005+0700] {logging_mixin.py:188} INFO - [2024-04-20T12:25:39.004+0700] {dag.py:3954} INFO - Setting next_dagrun for example_sla_dag to 2024-04-20 05:22:00+00:00, run_after=2024-04-20 05:24:00+00:00
[2024-04-20T12:25:39.060+0700] {processor.py:183} INFO - Processing /home/newrey/airflow/airflow-env/lib/python3.10/site-packages/airflow/example_dags/example_sla_dag.py took 0.191 seconds
[2024-04-20T12:26:28.233+0700] {processor.py:161} INFO - Started process (PID=9946) to work on /home/newrey/airflow/airflow-env/lib/python3.10/site-packages/airflow/example_dags/example_sla_dag.py
[2024-04-20T12:26:28.237+0700] {processor.py:830} INFO - Processing file /home/newrey/airflow/airflow-env/lib/python3.10/site-packages/airflow/example_dags/example_sla_dag.py for tasks to queue
[2024-04-20T12:26:28.240+0700] {logging_mixin.py:188} INFO - [2024-04-20T12:26:28.239+0700] {dagbag.py:540} INFO - Filling up the DagBag from /home/newrey/airflow/airflow-env/lib/python3.10/site-packages/airflow/example_dags/example_sla_dag.py
[2024-04-20T12:26:28.253+0700] {processor.py:840} INFO - DAG(s) 'example_sla_dag' retrieved from /home/newrey/airflow/airflow-env/lib/python3.10/site-packages/airflow/example_dags/example_sla_dag.py
[2024-04-20T12:26:28.279+0700] {logging_mixin.py:188} INFO - [2024-04-20T12:26:28.278+0700] {dag.py:3096} INFO - Sync 1 DAGs
[2024-04-20T12:26:28.337+0700] {logging_mixin.py:188} INFO - [2024-04-20T12:26:28.336+0700] {dag.py:3954} INFO - Setting next_dagrun for example_sla_dag to 2024-04-20 05:24:00+00:00, run_after=2024-04-20 05:26:00+00:00
[2024-04-20T12:26:28.396+0700] {processor.py:183} INFO - Processing /home/newrey/airflow/airflow-env/lib/python3.10/site-packages/airflow/example_dags/example_sla_dag.py took 0.187 seconds
[2024-04-20T12:27:08.395+0700] {processor.py:161} INFO - Started process (PID=10326) to work on /home/newrey/airflow/airflow-env/lib/python3.10/site-packages/airflow/example_dags/example_sla_dag.py
[2024-04-20T12:27:08.399+0700] {processor.py:830} INFO - Processing file /home/newrey/airflow/airflow-env/lib/python3.10/site-packages/airflow/example_dags/example_sla_dag.py for tasks to queue
[2024-04-20T12:27:08.403+0700] {logging_mixin.py:188} INFO - [2024-04-20T12:27:08.402+0700] {dagbag.py:540} INFO - Filling up the DagBag from /home/newrey/airflow/airflow-env/lib/python3.10/site-packages/airflow/example_dags/example_sla_dag.py
[2024-04-20T12:27:08.422+0700] {processor.py:840} INFO - DAG(s) 'example_sla_dag' retrieved from /home/newrey/airflow/airflow-env/lib/python3.10/site-packages/airflow/example_dags/example_sla_dag.py
[2024-04-20T12:27:08.477+0700] {logging_mixin.py:188} INFO - [2024-04-20T12:27:08.476+0700] {dag.py:3096} INFO - Sync 1 DAGs
[2024-04-20T12:27:08.548+0700] {logging_mixin.py:188} INFO - [2024-04-20T12:27:08.548+0700] {dag.py:3954} INFO - Setting next_dagrun for example_sla_dag to 2024-04-20 05:24:00+00:00, run_after=2024-04-20 05:26:00+00:00
[2024-04-20T12:27:08.616+0700] {processor.py:183} INFO - Processing /home/newrey/airflow/airflow-env/lib/python3.10/site-packages/airflow/example_dags/example_sla_dag.py took 0.243 seconds
[2024-04-20T12:27:54.276+0700] {processor.py:161} INFO - Started process (PID=10875) to work on /home/newrey/airflow/airflow-env/lib/python3.10/site-packages/airflow/example_dags/example_sla_dag.py
[2024-04-20T12:27:54.286+0700] {processor.py:830} INFO - Processing file /home/newrey/airflow/airflow-env/lib/python3.10/site-packages/airflow/example_dags/example_sla_dag.py for tasks to queue
[2024-04-20T12:27:54.291+0700] {logging_mixin.py:188} INFO - [2024-04-20T12:27:54.290+0700] {dagbag.py:540} INFO - Filling up the DagBag from /home/newrey/airflow/airflow-env/lib/python3.10/site-packages/airflow/example_dags/example_sla_dag.py
[2024-04-20T12:27:54.314+0700] {processor.py:840} INFO - DAG(s) 'example_sla_dag' retrieved from /home/newrey/airflow/airflow-env/lib/python3.10/site-packages/airflow/example_dags/example_sla_dag.py
[2024-04-20T12:27:54.348+0700] {logging_mixin.py:188} INFO - [2024-04-20T12:27:54.347+0700] {dag.py:3096} INFO - Sync 1 DAGs
[2024-04-20T12:27:54.409+0700] {logging_mixin.py:188} INFO - [2024-04-20T12:27:54.407+0700] {dag.py:3954} INFO - Setting next_dagrun for example_sla_dag to 2024-04-20 05:24:00+00:00, run_after=2024-04-20 05:26:00+00:00
[2024-04-20T12:27:54.475+0700] {processor.py:183} INFO - Processing /home/newrey/airflow/airflow-env/lib/python3.10/site-packages/airflow/example_dags/example_sla_dag.py took 0.218 seconds
[2024-04-20T12:28:47.509+0700] {processor.py:161} INFO - Started process (PID=11691) to work on /home/newrey/airflow/airflow-env/lib/python3.10/site-packages/airflow/example_dags/example_sla_dag.py
[2024-04-20T12:28:47.522+0700] {processor.py:830} INFO - Processing file /home/newrey/airflow/airflow-env/lib/python3.10/site-packages/airflow/example_dags/example_sla_dag.py for tasks to queue
[2024-04-20T12:28:47.527+0700] {logging_mixin.py:188} INFO - [2024-04-20T12:28:47.525+0700] {dagbag.py:540} INFO - Filling up the DagBag from /home/newrey/airflow/airflow-env/lib/python3.10/site-packages/airflow/example_dags/example_sla_dag.py
[2024-04-20T12:28:47.550+0700] {processor.py:840} INFO - DAG(s) 'example_sla_dag' retrieved from /home/newrey/airflow/airflow-env/lib/python3.10/site-packages/airflow/example_dags/example_sla_dag.py
[2024-04-20T12:28:47.604+0700] {logging_mixin.py:188} INFO - [2024-04-20T12:28:47.603+0700] {dag.py:3096} INFO - Sync 1 DAGs
[2024-04-20T12:28:47.767+0700] {logging_mixin.py:188} INFO - [2024-04-20T12:28:47.767+0700] {dag.py:3954} INFO - Setting next_dagrun for example_sla_dag to 2024-04-20 05:26:00+00:00, run_after=2024-04-20 05:28:00+00:00
[2024-04-20T12:28:47.876+0700] {processor.py:183} INFO - Processing /home/newrey/airflow/airflow-env/lib/python3.10/site-packages/airflow/example_dags/example_sla_dag.py took 0.408 seconds
[2024-04-20T12:29:42.698+0700] {processor.py:161} INFO - Started process (PID=12486) to work on /home/newrey/airflow/airflow-env/lib/python3.10/site-packages/airflow/example_dags/example_sla_dag.py
[2024-04-20T12:29:42.704+0700] {processor.py:830} INFO - Processing file /home/newrey/airflow/airflow-env/lib/python3.10/site-packages/airflow/example_dags/example_sla_dag.py for tasks to queue
[2024-04-20T12:29:42.708+0700] {logging_mixin.py:188} INFO - [2024-04-20T12:29:42.706+0700] {dagbag.py:540} INFO - Filling up the DagBag from /home/newrey/airflow/airflow-env/lib/python3.10/site-packages/airflow/example_dags/example_sla_dag.py
[2024-04-20T12:29:42.730+0700] {processor.py:840} INFO - DAG(s) 'example_sla_dag' retrieved from /home/newrey/airflow/airflow-env/lib/python3.10/site-packages/airflow/example_dags/example_sla_dag.py
[2024-04-20T12:29:42.787+0700] {logging_mixin.py:188} INFO - [2024-04-20T12:29:42.786+0700] {dag.py:3096} INFO - Sync 1 DAGs
[2024-04-20T12:29:42.900+0700] {logging_mixin.py:188} INFO - [2024-04-20T12:29:42.898+0700] {dag.py:3954} INFO - Setting next_dagrun for example_sla_dag to 2024-04-20 05:26:00+00:00, run_after=2024-04-20 05:28:00+00:00
[2024-04-20T12:29:43.041+0700] {processor.py:183} INFO - Processing /home/newrey/airflow/airflow-env/lib/python3.10/site-packages/airflow/example_dags/example_sla_dag.py took 0.370 seconds
[2024-04-20T12:31:05.774+0700] {processor.py:161} INFO - Started process (PID=13719) to work on /home/newrey/airflow/airflow-env/lib/python3.10/site-packages/airflow/example_dags/example_sla_dag.py
[2024-04-20T12:31:05.782+0700] {processor.py:830} INFO - Processing file /home/newrey/airflow/airflow-env/lib/python3.10/site-packages/airflow/example_dags/example_sla_dag.py for tasks to queue
[2024-04-20T12:31:05.785+0700] {logging_mixin.py:188} INFO - [2024-04-20T12:31:05.784+0700] {dagbag.py:540} INFO - Filling up the DagBag from /home/newrey/airflow/airflow-env/lib/python3.10/site-packages/airflow/example_dags/example_sla_dag.py
[2024-04-20T12:31:05.803+0700] {processor.py:840} INFO - DAG(s) 'example_sla_dag' retrieved from /home/newrey/airflow/airflow-env/lib/python3.10/site-packages/airflow/example_dags/example_sla_dag.py
[2024-04-20T12:31:05.843+0700] {logging_mixin.py:188} INFO - [2024-04-20T12:31:05.842+0700] {dag.py:3096} INFO - Sync 1 DAGs
[2024-04-20T12:31:05.903+0700] {logging_mixin.py:188} INFO - [2024-04-20T12:31:05.903+0700] {dag.py:3954} INFO - Setting next_dagrun for example_sla_dag to 2024-04-20 05:28:00+00:00, run_after=2024-04-20 05:30:00+00:00
[2024-04-20T12:31:05.955+0700] {processor.py:183} INFO - Processing /home/newrey/airflow/airflow-env/lib/python3.10/site-packages/airflow/example_dags/example_sla_dag.py took 0.201 seconds
[2024-04-20T12:31:58.629+0700] {processor.py:161} INFO - Started process (PID=14522) to work on /home/newrey/airflow/airflow-env/lib/python3.10/site-packages/airflow/example_dags/example_sla_dag.py
[2024-04-20T12:31:58.638+0700] {processor.py:830} INFO - Processing file /home/newrey/airflow/airflow-env/lib/python3.10/site-packages/airflow/example_dags/example_sla_dag.py for tasks to queue
[2024-04-20T12:31:58.641+0700] {logging_mixin.py:188} INFO - [2024-04-20T12:31:58.640+0700] {dagbag.py:540} INFO - Filling up the DagBag from /home/newrey/airflow/airflow-env/lib/python3.10/site-packages/airflow/example_dags/example_sla_dag.py
[2024-04-20T12:31:58.663+0700] {processor.py:840} INFO - DAG(s) 'example_sla_dag' retrieved from /home/newrey/airflow/airflow-env/lib/python3.10/site-packages/airflow/example_dags/example_sla_dag.py
[2024-04-20T12:31:58.697+0700] {logging_mixin.py:188} INFO - [2024-04-20T12:31:58.696+0700] {dag.py:3096} INFO - Sync 1 DAGs
[2024-04-20T12:31:58.766+0700] {logging_mixin.py:188} INFO - [2024-04-20T12:31:58.765+0700] {dag.py:3954} INFO - Setting next_dagrun for example_sla_dag to 2024-04-20 05:28:00+00:00, run_after=2024-04-20 05:30:00+00:00
[2024-04-20T12:31:58.812+0700] {processor.py:183} INFO - Processing /home/newrey/airflow/airflow-env/lib/python3.10/site-packages/airflow/example_dags/example_sla_dag.py took 0.213 seconds
[2024-04-20T12:32:42.409+0700] {processor.py:161} INFO - Started process (PID=14791) to work on /home/newrey/airflow/airflow-env/lib/python3.10/site-packages/airflow/example_dags/example_sla_dag.py
[2024-04-20T12:32:42.412+0700] {processor.py:830} INFO - Processing file /home/newrey/airflow/airflow-env/lib/python3.10/site-packages/airflow/example_dags/example_sla_dag.py for tasks to queue
[2024-04-20T12:32:42.414+0700] {logging_mixin.py:188} INFO - [2024-04-20T12:32:42.413+0700] {dagbag.py:540} INFO - Filling up the DagBag from /home/newrey/airflow/airflow-env/lib/python3.10/site-packages/airflow/example_dags/example_sla_dag.py
[2024-04-20T12:32:42.433+0700] {processor.py:840} INFO - DAG(s) 'example_sla_dag' retrieved from /home/newrey/airflow/airflow-env/lib/python3.10/site-packages/airflow/example_dags/example_sla_dag.py
[2024-04-20T12:32:42.482+0700] {logging_mixin.py:188} INFO - [2024-04-20T12:32:42.481+0700] {dag.py:3096} INFO - Sync 1 DAGs
[2024-04-20T12:32:42.649+0700] {logging_mixin.py:188} INFO - [2024-04-20T12:32:42.648+0700] {dag.py:3954} INFO - Setting next_dagrun for example_sla_dag to 2024-04-20 05:30:00+00:00, run_after=2024-04-20 05:32:00+00:00
[2024-04-20T12:32:42.710+0700] {processor.py:183} INFO - Processing /home/newrey/airflow/airflow-env/lib/python3.10/site-packages/airflow/example_dags/example_sla_dag.py took 0.318 seconds
[2024-04-20T12:33:21.045+0700] {processor.py:161} INFO - Started process (PID=15095) to work on /home/newrey/airflow/airflow-env/lib/python3.10/site-packages/airflow/example_dags/example_sla_dag.py
[2024-04-20T12:33:21.049+0700] {processor.py:830} INFO - Processing file /home/newrey/airflow/airflow-env/lib/python3.10/site-packages/airflow/example_dags/example_sla_dag.py for tasks to queue
[2024-04-20T12:33:21.051+0700] {logging_mixin.py:188} INFO - [2024-04-20T12:33:21.050+0700] {dagbag.py:540} INFO - Filling up the DagBag from /home/newrey/airflow/airflow-env/lib/python3.10/site-packages/airflow/example_dags/example_sla_dag.py
[2024-04-20T12:33:21.068+0700] {processor.py:840} INFO - DAG(s) 'example_sla_dag' retrieved from /home/newrey/airflow/airflow-env/lib/python3.10/site-packages/airflow/example_dags/example_sla_dag.py
[2024-04-20T12:33:21.101+0700] {logging_mixin.py:188} INFO - [2024-04-20T12:33:21.100+0700] {dag.py:3096} INFO - Sync 1 DAGs
[2024-04-20T12:33:21.163+0700] {logging_mixin.py:188} INFO - [2024-04-20T12:33:21.162+0700] {dag.py:3954} INFO - Setting next_dagrun for example_sla_dag to 2024-04-20 05:30:00+00:00, run_after=2024-04-20 05:32:00+00:00
[2024-04-20T12:33:21.213+0700] {processor.py:183} INFO - Processing /home/newrey/airflow/airflow-env/lib/python3.10/site-packages/airflow/example_dags/example_sla_dag.py took 0.188 seconds
[2024-04-20T12:34:51.648+0700] {processor.py:161} INFO - Started process (PID=16141) to work on /home/newrey/airflow/airflow-env/lib/python3.10/site-packages/airflow/example_dags/example_sla_dag.py
[2024-04-20T12:34:51.652+0700] {processor.py:830} INFO - Processing file /home/newrey/airflow/airflow-env/lib/python3.10/site-packages/airflow/example_dags/example_sla_dag.py for tasks to queue
[2024-04-20T12:34:51.653+0700] {logging_mixin.py:188} INFO - [2024-04-20T12:34:51.653+0700] {dagbag.py:540} INFO - Filling up the DagBag from /home/newrey/airflow/airflow-env/lib/python3.10/site-packages/airflow/example_dags/example_sla_dag.py
[2024-04-20T12:34:51.674+0700] {processor.py:840} INFO - DAG(s) 'example_sla_dag' retrieved from /home/newrey/airflow/airflow-env/lib/python3.10/site-packages/airflow/example_dags/example_sla_dag.py
[2024-04-20T12:34:51.708+0700] {logging_mixin.py:188} INFO - [2024-04-20T12:34:51.707+0700] {dag.py:3096} INFO - Sync 1 DAGs
[2024-04-20T12:34:51.820+0700] {logging_mixin.py:188} INFO - [2024-04-20T12:34:51.819+0700] {dag.py:3954} INFO - Setting next_dagrun for example_sla_dag to 2024-04-20 05:32:00+00:00, run_after=2024-04-20 05:34:00+00:00
[2024-04-20T12:34:51.964+0700] {processor.py:183} INFO - Processing /home/newrey/airflow/airflow-env/lib/python3.10/site-packages/airflow/example_dags/example_sla_dag.py took 0.336 seconds
[2024-04-20T12:35:42.048+0700] {processor.py:161} INFO - Started process (PID=16515) to work on /home/newrey/airflow/airflow-env/lib/python3.10/site-packages/airflow/example_dags/example_sla_dag.py
[2024-04-20T12:35:42.060+0700] {processor.py:830} INFO - Processing file /home/newrey/airflow/airflow-env/lib/python3.10/site-packages/airflow/example_dags/example_sla_dag.py for tasks to queue
[2024-04-20T12:35:42.063+0700] {logging_mixin.py:188} INFO - [2024-04-20T12:35:42.062+0700] {dagbag.py:540} INFO - Filling up the DagBag from /home/newrey/airflow/airflow-env/lib/python3.10/site-packages/airflow/example_dags/example_sla_dag.py
[2024-04-20T12:35:42.110+0700] {processor.py:840} INFO - DAG(s) 'example_sla_dag' retrieved from /home/newrey/airflow/airflow-env/lib/python3.10/site-packages/airflow/example_dags/example_sla_dag.py
[2024-04-20T12:35:42.159+0700] {logging_mixin.py:188} INFO - [2024-04-20T12:35:42.158+0700] {dag.py:3096} INFO - Sync 1 DAGs
[2024-04-20T12:35:42.208+0700] {logging_mixin.py:188} INFO - [2024-04-20T12:35:42.207+0700] {dag.py:3954} INFO - Setting next_dagrun for example_sla_dag to 2024-04-20 05:32:00+00:00, run_after=2024-04-20 05:34:00+00:00
[2024-04-20T12:35:42.271+0700] {processor.py:183} INFO - Processing /home/newrey/airflow/airflow-env/lib/python3.10/site-packages/airflow/example_dags/example_sla_dag.py took 0.263 seconds
[2024-04-20T12:36:22.344+0700] {processor.py:161} INFO - Started process (PID=16825) to work on /home/newrey/airflow/airflow-env/lib/python3.10/site-packages/airflow/example_dags/example_sla_dag.py
[2024-04-20T12:36:22.349+0700] {processor.py:830} INFO - Processing file /home/newrey/airflow/airflow-env/lib/python3.10/site-packages/airflow/example_dags/example_sla_dag.py for tasks to queue
[2024-04-20T12:36:22.352+0700] {logging_mixin.py:188} INFO - [2024-04-20T12:36:22.351+0700] {dagbag.py:540} INFO - Filling up the DagBag from /home/newrey/airflow/airflow-env/lib/python3.10/site-packages/airflow/example_dags/example_sla_dag.py
[2024-04-20T12:36:22.384+0700] {processor.py:840} INFO - DAG(s) 'example_sla_dag' retrieved from /home/newrey/airflow/airflow-env/lib/python3.10/site-packages/airflow/example_dags/example_sla_dag.py
[2024-04-20T12:36:22.439+0700] {logging_mixin.py:188} INFO - [2024-04-20T12:36:22.435+0700] {dag.py:3096} INFO - Sync 1 DAGs
[2024-04-20T12:36:22.516+0700] {logging_mixin.py:188} INFO - [2024-04-20T12:36:22.515+0700] {dag.py:3954} INFO - Setting next_dagrun for example_sla_dag to 2024-04-20 05:34:00+00:00, run_after=2024-04-20 05:36:00+00:00
[2024-04-20T12:36:22.590+0700] {processor.py:183} INFO - Processing /home/newrey/airflow/airflow-env/lib/python3.10/site-packages/airflow/example_dags/example_sla_dag.py took 0.295 seconds
[2024-04-20T12:37:01.462+0700] {processor.py:161} INFO - Started process (PID=17257) to work on /home/newrey/airflow/airflow-env/lib/python3.10/site-packages/airflow/example_dags/example_sla_dag.py
[2024-04-20T12:37:01.466+0700] {processor.py:830} INFO - Processing file /home/newrey/airflow/airflow-env/lib/python3.10/site-packages/airflow/example_dags/example_sla_dag.py for tasks to queue
[2024-04-20T12:37:01.469+0700] {logging_mixin.py:188} INFO - [2024-04-20T12:37:01.468+0700] {dagbag.py:540} INFO - Filling up the DagBag from /home/newrey/airflow/airflow-env/lib/python3.10/site-packages/airflow/example_dags/example_sla_dag.py
[2024-04-20T12:37:01.483+0700] {processor.py:840} INFO - DAG(s) 'example_sla_dag' retrieved from /home/newrey/airflow/airflow-env/lib/python3.10/site-packages/airflow/example_dags/example_sla_dag.py
[2024-04-20T12:37:01.518+0700] {logging_mixin.py:188} INFO - [2024-04-20T12:37:01.517+0700] {dag.py:3096} INFO - Sync 1 DAGs
[2024-04-20T12:37:01.564+0700] {logging_mixin.py:188} INFO - [2024-04-20T12:37:01.563+0700] {dag.py:3954} INFO - Setting next_dagrun for example_sla_dag to 2024-04-20 05:34:00+00:00, run_after=2024-04-20 05:36:00+00:00
[2024-04-20T12:37:01.612+0700] {processor.py:183} INFO - Processing /home/newrey/airflow/airflow-env/lib/python3.10/site-packages/airflow/example_dags/example_sla_dag.py took 0.170 seconds
[2024-04-20T12:38:18.633+0700] {processor.py:161} INFO - Started process (PID=17953) to work on /home/newrey/airflow/airflow-env/lib/python3.10/site-packages/airflow/example_dags/example_sla_dag.py
[2024-04-20T12:38:18.635+0700] {processor.py:830} INFO - Processing file /home/newrey/airflow/airflow-env/lib/python3.10/site-packages/airflow/example_dags/example_sla_dag.py for tasks to queue
[2024-04-20T12:38:18.637+0700] {logging_mixin.py:188} INFO - [2024-04-20T12:38:18.637+0700] {dagbag.py:540} INFO - Filling up the DagBag from /home/newrey/airflow/airflow-env/lib/python3.10/site-packages/airflow/example_dags/example_sla_dag.py
[2024-04-20T12:38:18.699+0700] {processor.py:840} INFO - DAG(s) 'example_sla_dag' retrieved from /home/newrey/airflow/airflow-env/lib/python3.10/site-packages/airflow/example_dags/example_sla_dag.py
[2024-04-20T12:38:18.761+0700] {logging_mixin.py:188} INFO - [2024-04-20T12:38:18.759+0700] {dag.py:3096} INFO - Sync 1 DAGs
[2024-04-20T12:38:18.826+0700] {logging_mixin.py:188} INFO - [2024-04-20T12:38:18.825+0700] {dag.py:3954} INFO - Setting next_dagrun for example_sla_dag to 2024-04-20 05:36:00+00:00, run_after=2024-04-20 05:38:00+00:00
[2024-04-20T12:38:18.902+0700] {processor.py:183} INFO - Processing /home/newrey/airflow/airflow-env/lib/python3.10/site-packages/airflow/example_dags/example_sla_dag.py took 0.288 seconds
[2024-04-20T12:39:00.247+0700] {processor.py:161} INFO - Started process (PID=18306) to work on /home/newrey/airflow/airflow-env/lib/python3.10/site-packages/airflow/example_dags/example_sla_dag.py
[2024-04-20T12:39:00.255+0700] {processor.py:830} INFO - Processing file /home/newrey/airflow/airflow-env/lib/python3.10/site-packages/airflow/example_dags/example_sla_dag.py for tasks to queue
[2024-04-20T12:39:00.259+0700] {logging_mixin.py:188} INFO - [2024-04-20T12:39:00.258+0700] {dagbag.py:540} INFO - Filling up the DagBag from /home/newrey/airflow/airflow-env/lib/python3.10/site-packages/airflow/example_dags/example_sla_dag.py
[2024-04-20T12:39:00.282+0700] {processor.py:840} INFO - DAG(s) 'example_sla_dag' retrieved from /home/newrey/airflow/airflow-env/lib/python3.10/site-packages/airflow/example_dags/example_sla_dag.py
[2024-04-20T12:39:00.325+0700] {logging_mixin.py:188} INFO - [2024-04-20T12:39:00.325+0700] {dag.py:3096} INFO - Sync 1 DAGs
[2024-04-20T12:39:00.402+0700] {logging_mixin.py:188} INFO - [2024-04-20T12:39:00.401+0700] {dag.py:3954} INFO - Setting next_dagrun for example_sla_dag to 2024-04-20 05:36:00+00:00, run_after=2024-04-20 05:38:00+00:00
[2024-04-20T12:39:00.487+0700] {processor.py:183} INFO - Processing /home/newrey/airflow/airflow-env/lib/python3.10/site-packages/airflow/example_dags/example_sla_dag.py took 0.278 seconds
[2024-04-20T12:39:40.342+0700] {processor.py:161} INFO - Started process (PID=18557) to work on /home/newrey/airflow/airflow-env/lib/python3.10/site-packages/airflow/example_dags/example_sla_dag.py
[2024-04-20T12:39:40.351+0700] {processor.py:830} INFO - Processing file /home/newrey/airflow/airflow-env/lib/python3.10/site-packages/airflow/example_dags/example_sla_dag.py for tasks to queue
[2024-04-20T12:39:40.355+0700] {logging_mixin.py:188} INFO - [2024-04-20T12:39:40.353+0700] {dagbag.py:540} INFO - Filling up the DagBag from /home/newrey/airflow/airflow-env/lib/python3.10/site-packages/airflow/example_dags/example_sla_dag.py
[2024-04-20T12:39:40.382+0700] {processor.py:840} INFO - DAG(s) 'example_sla_dag' retrieved from /home/newrey/airflow/airflow-env/lib/python3.10/site-packages/airflow/example_dags/example_sla_dag.py
[2024-04-20T12:39:40.445+0700] {logging_mixin.py:188} INFO - [2024-04-20T12:39:40.444+0700] {dag.py:3096} INFO - Sync 1 DAGs
[2024-04-20T12:39:40.534+0700] {logging_mixin.py:188} INFO - [2024-04-20T12:39:40.533+0700] {dag.py:3954} INFO - Setting next_dagrun for example_sla_dag to 2024-04-20 05:36:00+00:00, run_after=2024-04-20 05:38:00+00:00
[2024-04-20T12:39:40.634+0700] {processor.py:183} INFO - Processing /home/newrey/airflow/airflow-env/lib/python3.10/site-packages/airflow/example_dags/example_sla_dag.py took 0.342 seconds
[2024-04-20T12:40:43.315+0700] {processor.py:161} INFO - Started process (PID=19018) to work on /home/newrey/airflow/airflow-env/lib/python3.10/site-packages/airflow/example_dags/example_sla_dag.py
[2024-04-20T12:40:43.319+0700] {processor.py:830} INFO - Processing file /home/newrey/airflow/airflow-env/lib/python3.10/site-packages/airflow/example_dags/example_sla_dag.py for tasks to queue
[2024-04-20T12:40:43.321+0700] {logging_mixin.py:188} INFO - [2024-04-20T12:40:43.320+0700] {dagbag.py:540} INFO - Filling up the DagBag from /home/newrey/airflow/airflow-env/lib/python3.10/site-packages/airflow/example_dags/example_sla_dag.py
[2024-04-20T12:40:43.338+0700] {processor.py:840} INFO - DAG(s) 'example_sla_dag' retrieved from /home/newrey/airflow/airflow-env/lib/python3.10/site-packages/airflow/example_dags/example_sla_dag.py
[2024-04-20T12:40:43.370+0700] {logging_mixin.py:188} INFO - [2024-04-20T12:40:43.369+0700] {dag.py:3096} INFO - Sync 1 DAGs
[2024-04-20T12:40:43.425+0700] {logging_mixin.py:188} INFO - [2024-04-20T12:40:43.424+0700] {dag.py:3954} INFO - Setting next_dagrun for example_sla_dag to 2024-04-20 05:38:00+00:00, run_after=2024-04-20 05:40:00+00:00
[2024-04-20T12:40:43.459+0700] {processor.py:183} INFO - Processing /home/newrey/airflow/airflow-env/lib/python3.10/site-packages/airflow/example_dags/example_sla_dag.py took 0.162 seconds
[2024-04-20T12:41:46.918+0700] {processor.py:161} INFO - Started process (PID=19496) to work on /home/newrey/airflow/airflow-env/lib/python3.10/site-packages/airflow/example_dags/example_sla_dag.py
[2024-04-20T12:41:46.921+0700] {processor.py:830} INFO - Processing file /home/newrey/airflow/airflow-env/lib/python3.10/site-packages/airflow/example_dags/example_sla_dag.py for tasks to queue
[2024-04-20T12:41:46.923+0700] {logging_mixin.py:188} INFO - [2024-04-20T12:41:46.922+0700] {dagbag.py:540} INFO - Filling up the DagBag from /home/newrey/airflow/airflow-env/lib/python3.10/site-packages/airflow/example_dags/example_sla_dag.py
[2024-04-20T12:41:46.941+0700] {processor.py:840} INFO - DAG(s) 'example_sla_dag' retrieved from /home/newrey/airflow/airflow-env/lib/python3.10/site-packages/airflow/example_dags/example_sla_dag.py
[2024-04-20T12:41:46.978+0700] {logging_mixin.py:188} INFO - [2024-04-20T12:41:46.977+0700] {dag.py:3096} INFO - Sync 1 DAGs
[2024-04-20T12:41:47.025+0700] {logging_mixin.py:188} INFO - [2024-04-20T12:41:47.025+0700] {dag.py:3954} INFO - Setting next_dagrun for example_sla_dag to 2024-04-20 05:38:00+00:00, run_after=2024-04-20 05:40:00+00:00
[2024-04-20T12:41:47.055+0700] {processor.py:183} INFO - Processing /home/newrey/airflow/airflow-env/lib/python3.10/site-packages/airflow/example_dags/example_sla_dag.py took 0.156 seconds
[2024-04-20T12:42:45.885+0700] {processor.py:161} INFO - Started process (PID=19997) to work on /home/newrey/airflow/airflow-env/lib/python3.10/site-packages/airflow/example_dags/example_sla_dag.py
[2024-04-20T12:42:45.888+0700] {processor.py:830} INFO - Processing file /home/newrey/airflow/airflow-env/lib/python3.10/site-packages/airflow/example_dags/example_sla_dag.py for tasks to queue
[2024-04-20T12:42:45.890+0700] {logging_mixin.py:188} INFO - [2024-04-20T12:42:45.889+0700] {dagbag.py:540} INFO - Filling up the DagBag from /home/newrey/airflow/airflow-env/lib/python3.10/site-packages/airflow/example_dags/example_sla_dag.py
[2024-04-20T12:42:45.907+0700] {processor.py:840} INFO - DAG(s) 'example_sla_dag' retrieved from /home/newrey/airflow/airflow-env/lib/python3.10/site-packages/airflow/example_dags/example_sla_dag.py
[2024-04-20T12:42:45.937+0700] {logging_mixin.py:188} INFO - [2024-04-20T12:42:45.937+0700] {dag.py:3096} INFO - Sync 1 DAGs
[2024-04-20T12:42:45.993+0700] {logging_mixin.py:188} INFO - [2024-04-20T12:42:45.993+0700] {dag.py:3954} INFO - Setting next_dagrun for example_sla_dag to 2024-04-20 05:40:00+00:00, run_after=2024-04-20 05:42:00+00:00
[2024-04-20T12:42:46.018+0700] {processor.py:183} INFO - Processing /home/newrey/airflow/airflow-env/lib/python3.10/site-packages/airflow/example_dags/example_sla_dag.py took 0.152 seconds
[2024-04-20T12:43:49.565+0700] {processor.py:161} INFO - Started process (PID=20520) to work on /home/newrey/airflow/airflow-env/lib/python3.10/site-packages/airflow/example_dags/example_sla_dag.py
[2024-04-20T12:43:49.569+0700] {processor.py:830} INFO - Processing file /home/newrey/airflow/airflow-env/lib/python3.10/site-packages/airflow/example_dags/example_sla_dag.py for tasks to queue
[2024-04-20T12:43:49.570+0700] {logging_mixin.py:188} INFO - [2024-04-20T12:43:49.570+0700] {dagbag.py:540} INFO - Filling up the DagBag from /home/newrey/airflow/airflow-env/lib/python3.10/site-packages/airflow/example_dags/example_sla_dag.py
[2024-04-20T12:43:49.581+0700] {processor.py:840} INFO - DAG(s) 'example_sla_dag' retrieved from /home/newrey/airflow/airflow-env/lib/python3.10/site-packages/airflow/example_dags/example_sla_dag.py
[2024-04-20T12:43:49.598+0700] {logging_mixin.py:188} INFO - [2024-04-20T12:43:49.598+0700] {dag.py:3096} INFO - Sync 1 DAGs
[2024-04-20T12:43:49.625+0700] {logging_mixin.py:188} INFO - [2024-04-20T12:43:49.624+0700] {dag.py:3954} INFO - Setting next_dagrun for example_sla_dag to 2024-04-20 05:40:00+00:00, run_after=2024-04-20 05:42:00+00:00
[2024-04-20T12:43:49.672+0700] {processor.py:183} INFO - Processing /home/newrey/airflow/airflow-env/lib/python3.10/site-packages/airflow/example_dags/example_sla_dag.py took 0.126 seconds
[2024-04-20T12:44:45.917+0700] {processor.py:161} INFO - Started process (PID=20888) to work on /home/newrey/airflow/airflow-env/lib/python3.10/site-packages/airflow/example_dags/example_sla_dag.py
[2024-04-20T12:44:45.922+0700] {processor.py:830} INFO - Processing file /home/newrey/airflow/airflow-env/lib/python3.10/site-packages/airflow/example_dags/example_sla_dag.py for tasks to queue
[2024-04-20T12:44:45.924+0700] {logging_mixin.py:188} INFO - [2024-04-20T12:44:45.923+0700] {dagbag.py:540} INFO - Filling up the DagBag from /home/newrey/airflow/airflow-env/lib/python3.10/site-packages/airflow/example_dags/example_sla_dag.py
[2024-04-20T12:44:45.944+0700] {processor.py:840} INFO - DAG(s) 'example_sla_dag' retrieved from /home/newrey/airflow/airflow-env/lib/python3.10/site-packages/airflow/example_dags/example_sla_dag.py
[2024-04-20T12:44:45.972+0700] {logging_mixin.py:188} INFO - [2024-04-20T12:44:45.972+0700] {dag.py:3096} INFO - Sync 1 DAGs
[2024-04-20T12:44:46.021+0700] {logging_mixin.py:188} INFO - [2024-04-20T12:44:46.020+0700] {dag.py:3954} INFO - Setting next_dagrun for example_sla_dag to 2024-04-20 05:42:00+00:00, run_after=2024-04-20 05:44:00+00:00
[2024-04-20T12:44:46.057+0700] {processor.py:183} INFO - Processing /home/newrey/airflow/airflow-env/lib/python3.10/site-packages/airflow/example_dags/example_sla_dag.py took 0.166 seconds
[2024-04-20T12:45:48.446+0700] {processor.py:161} INFO - Started process (PID=21386) to work on /home/newrey/airflow/airflow-env/lib/python3.10/site-packages/airflow/example_dags/example_sla_dag.py
[2024-04-20T12:45:48.449+0700] {processor.py:830} INFO - Processing file /home/newrey/airflow/airflow-env/lib/python3.10/site-packages/airflow/example_dags/example_sla_dag.py for tasks to queue
[2024-04-20T12:45:48.450+0700] {logging_mixin.py:188} INFO - [2024-04-20T12:45:48.450+0700] {dagbag.py:540} INFO - Filling up the DagBag from /home/newrey/airflow/airflow-env/lib/python3.10/site-packages/airflow/example_dags/example_sla_dag.py
[2024-04-20T12:45:48.460+0700] {processor.py:840} INFO - DAG(s) 'example_sla_dag' retrieved from /home/newrey/airflow/airflow-env/lib/python3.10/site-packages/airflow/example_dags/example_sla_dag.py
[2024-04-20T12:45:48.478+0700] {logging_mixin.py:188} INFO - [2024-04-20T12:45:48.478+0700] {dag.py:3096} INFO - Sync 1 DAGs
[2024-04-20T12:45:48.512+0700] {logging_mixin.py:188} INFO - [2024-04-20T12:45:48.512+0700] {dag.py:3954} INFO - Setting next_dagrun for example_sla_dag to 2024-04-20 05:42:00+00:00, run_after=2024-04-20 05:44:00+00:00
[2024-04-20T12:45:48.555+0700] {processor.py:183} INFO - Processing /home/newrey/airflow/airflow-env/lib/python3.10/site-packages/airflow/example_dags/example_sla_dag.py took 0.123 seconds
[2024-04-20T12:46:48.393+0700] {processor.py:161} INFO - Started process (PID=21837) to work on /home/newrey/airflow/airflow-env/lib/python3.10/site-packages/airflow/example_dags/example_sla_dag.py
[2024-04-20T12:46:48.403+0700] {processor.py:830} INFO - Processing file /home/newrey/airflow/airflow-env/lib/python3.10/site-packages/airflow/example_dags/example_sla_dag.py for tasks to queue
[2024-04-20T12:46:48.405+0700] {logging_mixin.py:188} INFO - [2024-04-20T12:46:48.404+0700] {dagbag.py:540} INFO - Filling up the DagBag from /home/newrey/airflow/airflow-env/lib/python3.10/site-packages/airflow/example_dags/example_sla_dag.py
[2024-04-20T12:46:48.422+0700] {processor.py:840} INFO - DAG(s) 'example_sla_dag' retrieved from /home/newrey/airflow/airflow-env/lib/python3.10/site-packages/airflow/example_dags/example_sla_dag.py
[2024-04-20T12:46:48.457+0700] {logging_mixin.py:188} INFO - [2024-04-20T12:46:48.457+0700] {dag.py:3096} INFO - Sync 1 DAGs
[2024-04-20T12:46:48.512+0700] {logging_mixin.py:188} INFO - [2024-04-20T12:46:48.511+0700] {dag.py:3954} INFO - Setting next_dagrun for example_sla_dag to 2024-04-20 05:44:00+00:00, run_after=2024-04-20 05:46:00+00:00
[2024-04-20T12:46:48.562+0700] {processor.py:183} INFO - Processing /home/newrey/airflow/airflow-env/lib/python3.10/site-packages/airflow/example_dags/example_sla_dag.py took 0.188 seconds
[2024-04-20T12:47:50.371+0700] {processor.py:161} INFO - Started process (PID=22392) to work on /home/newrey/airflow/airflow-env/lib/python3.10/site-packages/airflow/example_dags/example_sla_dag.py
[2024-04-20T12:47:50.375+0700] {processor.py:830} INFO - Processing file /home/newrey/airflow/airflow-env/lib/python3.10/site-packages/airflow/example_dags/example_sla_dag.py for tasks to queue
[2024-04-20T12:47:50.377+0700] {logging_mixin.py:188} INFO - [2024-04-20T12:47:50.376+0700] {dagbag.py:540} INFO - Filling up the DagBag from /home/newrey/airflow/airflow-env/lib/python3.10/site-packages/airflow/example_dags/example_sla_dag.py
[2024-04-20T12:47:50.395+0700] {processor.py:840} INFO - DAG(s) 'example_sla_dag' retrieved from /home/newrey/airflow/airflow-env/lib/python3.10/site-packages/airflow/example_dags/example_sla_dag.py
[2024-04-20T12:47:50.420+0700] {logging_mixin.py:188} INFO - [2024-04-20T12:47:50.420+0700] {dag.py:3096} INFO - Sync 1 DAGs
[2024-04-20T12:47:50.460+0700] {logging_mixin.py:188} INFO - [2024-04-20T12:47:50.459+0700] {dag.py:3954} INFO - Setting next_dagrun for example_sla_dag to 2024-04-20 05:44:00+00:00, run_after=2024-04-20 05:46:00+00:00
[2024-04-20T12:47:50.497+0700] {processor.py:183} INFO - Processing /home/newrey/airflow/airflow-env/lib/python3.10/site-packages/airflow/example_dags/example_sla_dag.py took 0.148 seconds
[2024-04-20T12:48:56.918+0700] {processor.py:161} INFO - Started process (PID=22897) to work on /home/newrey/airflow/airflow-env/lib/python3.10/site-packages/airflow/example_dags/example_sla_dag.py
[2024-04-20T12:48:56.922+0700] {processor.py:830} INFO - Processing file /home/newrey/airflow/airflow-env/lib/python3.10/site-packages/airflow/example_dags/example_sla_dag.py for tasks to queue
[2024-04-20T12:48:56.924+0700] {logging_mixin.py:188} INFO - [2024-04-20T12:48:56.923+0700] {dagbag.py:540} INFO - Filling up the DagBag from /home/newrey/airflow/airflow-env/lib/python3.10/site-packages/airflow/example_dags/example_sla_dag.py
[2024-04-20T12:48:56.940+0700] {processor.py:840} INFO - DAG(s) 'example_sla_dag' retrieved from /home/newrey/airflow/airflow-env/lib/python3.10/site-packages/airflow/example_dags/example_sla_dag.py
[2024-04-20T12:48:56.971+0700] {logging_mixin.py:188} INFO - [2024-04-20T12:48:56.970+0700] {dag.py:3096} INFO - Sync 1 DAGs
[2024-04-20T12:48:57.004+0700] {logging_mixin.py:188} INFO - [2024-04-20T12:48:57.004+0700] {dag.py:3954} INFO - Setting next_dagrun for example_sla_dag to 2024-04-20 05:46:00+00:00, run_after=2024-04-20 05:48:00+00:00
[2024-04-20T12:48:57.035+0700] {processor.py:183} INFO - Processing /home/newrey/airflow/airflow-env/lib/python3.10/site-packages/airflow/example_dags/example_sla_dag.py took 0.136 seconds
