[2024-04-20T12:19:17.040+0700] {processor.py:161} INFO - Started process (PID=5534) to work on /home/newrey/airflow/airflow-env/lib/python3.10/site-packages/airflow/example_dags/example_branch_day_of_week_operator.py
[2024-04-20T12:19:17.042+0700] {processor.py:830} INFO - Processing file /home/newrey/airflow/airflow-env/lib/python3.10/site-packages/airflow/example_dags/example_branch_day_of_week_operator.py for tasks to queue
[2024-04-20T12:19:17.058+0700] {logging_mixin.py:188} INFO - [2024-04-20T12:19:17.056+0700] {dagbag.py:540} INFO - Filling up the DagBag from /home/newrey/airflow/airflow-env/lib/python3.10/site-packages/airflow/example_dags/example_branch_day_of_week_operator.py
[2024-04-20T12:19:17.125+0700] {processor.py:840} INFO - DAG(s) 'example_weekday_branch_operator' retrieved from /home/newrey/airflow/airflow-env/lib/python3.10/site-packages/airflow/example_dags/example_branch_day_of_week_operator.py
[2024-04-20T12:19:18.612+0700] {logging_mixin.py:188} INFO - [2024-04-20T12:19:18.611+0700] {dag.py:3096} INFO - Sync 1 DAGs
[2024-04-20T12:19:18.739+0700] {logging_mixin.py:188} INFO - [2024-04-20T12:19:18.738+0700] {dag.py:3954} INFO - Setting next_dagrun for example_weekday_branch_operator to 2024-04-19 00:00:00+00:00, run_after=2024-04-20 00:00:00+00:00
[2024-04-20T12:19:19.045+0700] {processor.py:183} INFO - Processing /home/newrey/airflow/airflow-env/lib/python3.10/site-packages/airflow/example_dags/example_branch_day_of_week_operator.py took 2.051 seconds
[2024-04-20T12:20:51.551+0700] {processor.py:161} INFO - Started process (PID=6390) to work on /home/newrey/airflow/airflow-env/lib/python3.10/site-packages/airflow/example_dags/example_branch_day_of_week_operator.py
[2024-04-20T12:20:51.555+0700] {processor.py:830} INFO - Processing file /home/newrey/airflow/airflow-env/lib/python3.10/site-packages/airflow/example_dags/example_branch_day_of_week_operator.py for tasks to queue
[2024-04-20T12:20:51.559+0700] {logging_mixin.py:188} INFO - [2024-04-20T12:20:51.558+0700] {dagbag.py:540} INFO - Filling up the DagBag from /home/newrey/airflow/airflow-env/lib/python3.10/site-packages/airflow/example_dags/example_branch_day_of_week_operator.py
[2024-04-20T12:20:51.576+0700] {processor.py:840} INFO - DAG(s) 'example_weekday_branch_operator' retrieved from /home/newrey/airflow/airflow-env/lib/python3.10/site-packages/airflow/example_dags/example_branch_day_of_week_operator.py
[2024-04-20T12:20:51.613+0700] {logging_mixin.py:188} INFO - [2024-04-20T12:20:51.611+0700] {dag.py:3096} INFO - Sync 1 DAGs
[2024-04-20T12:20:51.874+0700] {logging_mixin.py:188} INFO - [2024-04-20T12:20:51.873+0700] {dag.py:3954} INFO - Setting next_dagrun for example_weekday_branch_operator to 2024-04-19 00:00:00+00:00, run_after=2024-04-20 00:00:00+00:00
[2024-04-20T12:20:51.947+0700] {processor.py:183} INFO - Processing /home/newrey/airflow/airflow-env/lib/python3.10/site-packages/airflow/example_dags/example_branch_day_of_week_operator.py took 0.408 seconds
[2024-04-20T12:22:12.669+0700] {processor.py:161} INFO - Started process (PID=7010) to work on /home/newrey/airflow/airflow-env/lib/python3.10/site-packages/airflow/example_dags/example_branch_day_of_week_operator.py
[2024-04-20T12:22:12.674+0700] {processor.py:830} INFO - Processing file /home/newrey/airflow/airflow-env/lib/python3.10/site-packages/airflow/example_dags/example_branch_day_of_week_operator.py for tasks to queue
[2024-04-20T12:22:12.677+0700] {logging_mixin.py:188} INFO - [2024-04-20T12:22:12.676+0700] {dagbag.py:540} INFO - Filling up the DagBag from /home/newrey/airflow/airflow-env/lib/python3.10/site-packages/airflow/example_dags/example_branch_day_of_week_operator.py
[2024-04-20T12:22:12.695+0700] {processor.py:840} INFO - DAG(s) 'example_weekday_branch_operator' retrieved from /home/newrey/airflow/airflow-env/lib/python3.10/site-packages/airflow/example_dags/example_branch_day_of_week_operator.py
[2024-04-20T12:22:12.733+0700] {logging_mixin.py:188} INFO - [2024-04-20T12:22:12.732+0700] {dag.py:3096} INFO - Sync 1 DAGs
[2024-04-20T12:22:12.799+0700] {logging_mixin.py:188} INFO - [2024-04-20T12:22:12.798+0700] {dag.py:3954} INFO - Setting next_dagrun for example_weekday_branch_operator to 2024-04-19 00:00:00+00:00, run_after=2024-04-20 00:00:00+00:00
[2024-04-20T12:22:12.852+0700] {processor.py:183} INFO - Processing /home/newrey/airflow/airflow-env/lib/python3.10/site-packages/airflow/example_dags/example_branch_day_of_week_operator.py took 0.200 seconds
[2024-04-20T12:24:05.081+0700] {processor.py:161} INFO - Started process (PID=8432) to work on /home/newrey/airflow/airflow-env/lib/python3.10/site-packages/airflow/example_dags/example_branch_day_of_week_operator.py
[2024-04-20T12:24:05.115+0700] {processor.py:830} INFO - Processing file /home/newrey/airflow/airflow-env/lib/python3.10/site-packages/airflow/example_dags/example_branch_day_of_week_operator.py for tasks to queue
[2024-04-20T12:24:05.126+0700] {logging_mixin.py:188} INFO - [2024-04-20T12:24:05.124+0700] {dagbag.py:540} INFO - Filling up the DagBag from /home/newrey/airflow/airflow-env/lib/python3.10/site-packages/airflow/example_dags/example_branch_day_of_week_operator.py
[2024-04-20T12:24:05.181+0700] {processor.py:840} INFO - DAG(s) 'example_weekday_branch_operator' retrieved from /home/newrey/airflow/airflow-env/lib/python3.10/site-packages/airflow/example_dags/example_branch_day_of_week_operator.py
[2024-04-20T12:24:05.735+0700] {logging_mixin.py:188} INFO - [2024-04-20T12:24:05.735+0700] {dag.py:3096} INFO - Sync 1 DAGs
[2024-04-20T12:24:05.798+0700] {logging_mixin.py:188} INFO - [2024-04-20T12:24:05.797+0700] {dag.py:3954} INFO - Setting next_dagrun for example_weekday_branch_operator to 2024-04-19 00:00:00+00:00, run_after=2024-04-20 00:00:00+00:00
[2024-04-20T12:24:05.874+0700] {processor.py:183} INFO - Processing /home/newrey/airflow/airflow-env/lib/python3.10/site-packages/airflow/example_dags/example_branch_day_of_week_operator.py took 0.846 seconds
[2024-04-20T12:25:29.462+0700] {processor.py:161} INFO - Started process (PID=9264) to work on /home/newrey/airflow/airflow-env/lib/python3.10/site-packages/airflow/example_dags/example_branch_day_of_week_operator.py
[2024-04-20T12:25:29.466+0700] {processor.py:830} INFO - Processing file /home/newrey/airflow/airflow-env/lib/python3.10/site-packages/airflow/example_dags/example_branch_day_of_week_operator.py for tasks to queue
[2024-04-20T12:25:29.469+0700] {logging_mixin.py:188} INFO - [2024-04-20T12:25:29.468+0700] {dagbag.py:540} INFO - Filling up the DagBag from /home/newrey/airflow/airflow-env/lib/python3.10/site-packages/airflow/example_dags/example_branch_day_of_week_operator.py
[2024-04-20T12:25:29.488+0700] {processor.py:840} INFO - DAG(s) 'example_weekday_branch_operator' retrieved from /home/newrey/airflow/airflow-env/lib/python3.10/site-packages/airflow/example_dags/example_branch_day_of_week_operator.py
[2024-04-20T12:25:29.537+0700] {logging_mixin.py:188} INFO - [2024-04-20T12:25:29.536+0700] {dag.py:3096} INFO - Sync 1 DAGs
[2024-04-20T12:25:29.622+0700] {logging_mixin.py:188} INFO - [2024-04-20T12:25:29.621+0700] {dag.py:3954} INFO - Setting next_dagrun for example_weekday_branch_operator to 2024-04-19 00:00:00+00:00, run_after=2024-04-20 00:00:00+00:00
[2024-04-20T12:25:29.744+0700] {processor.py:183} INFO - Processing /home/newrey/airflow/airflow-env/lib/python3.10/site-packages/airflow/example_dags/example_branch_day_of_week_operator.py took 0.303 seconds
[2024-04-20T12:26:57.583+0700] {processor.py:161} INFO - Started process (PID=10241) to work on /home/newrey/airflow/airflow-env/lib/python3.10/site-packages/airflow/example_dags/example_branch_day_of_week_operator.py
[2024-04-20T12:26:57.588+0700] {processor.py:830} INFO - Processing file /home/newrey/airflow/airflow-env/lib/python3.10/site-packages/airflow/example_dags/example_branch_day_of_week_operator.py for tasks to queue
[2024-04-20T12:26:57.593+0700] {logging_mixin.py:188} INFO - [2024-04-20T12:26:57.592+0700] {dagbag.py:540} INFO - Filling up the DagBag from /home/newrey/airflow/airflow-env/lib/python3.10/site-packages/airflow/example_dags/example_branch_day_of_week_operator.py
[2024-04-20T12:26:57.616+0700] {processor.py:840} INFO - DAG(s) 'example_weekday_branch_operator' retrieved from /home/newrey/airflow/airflow-env/lib/python3.10/site-packages/airflow/example_dags/example_branch_day_of_week_operator.py
[2024-04-20T12:26:57.680+0700] {logging_mixin.py:188} INFO - [2024-04-20T12:26:57.679+0700] {dag.py:3096} INFO - Sync 1 DAGs
[2024-04-20T12:26:57.743+0700] {logging_mixin.py:188} INFO - [2024-04-20T12:26:57.742+0700] {dag.py:3954} INFO - Setting next_dagrun for example_weekday_branch_operator to 2024-04-19 00:00:00+00:00, run_after=2024-04-20 00:00:00+00:00
[2024-04-20T12:26:57.810+0700] {processor.py:183} INFO - Processing /home/newrey/airflow/airflow-env/lib/python3.10/site-packages/airflow/example_dags/example_branch_day_of_week_operator.py took 0.247 seconds
[2024-04-20T12:28:36.707+0700] {processor.py:161} INFO - Started process (PID=11585) to work on /home/newrey/airflow/airflow-env/lib/python3.10/site-packages/airflow/example_dags/example_branch_day_of_week_operator.py
[2024-04-20T12:28:36.720+0700] {processor.py:830} INFO - Processing file /home/newrey/airflow/airflow-env/lib/python3.10/site-packages/airflow/example_dags/example_branch_day_of_week_operator.py for tasks to queue
[2024-04-20T12:28:36.724+0700] {logging_mixin.py:188} INFO - [2024-04-20T12:28:36.723+0700] {dagbag.py:540} INFO - Filling up the DagBag from /home/newrey/airflow/airflow-env/lib/python3.10/site-packages/airflow/example_dags/example_branch_day_of_week_operator.py
[2024-04-20T12:28:36.767+0700] {processor.py:840} INFO - DAG(s) 'example_weekday_branch_operator' retrieved from /home/newrey/airflow/airflow-env/lib/python3.10/site-packages/airflow/example_dags/example_branch_day_of_week_operator.py
[2024-04-20T12:28:36.818+0700] {logging_mixin.py:188} INFO - [2024-04-20T12:28:36.817+0700] {dag.py:3096} INFO - Sync 1 DAGs
[2024-04-20T12:28:36.937+0700] {logging_mixin.py:188} INFO - [2024-04-20T12:28:36.936+0700] {dag.py:3954} INFO - Setting next_dagrun for example_weekday_branch_operator to 2024-04-19 00:00:00+00:00, run_after=2024-04-20 00:00:00+00:00
[2024-04-20T12:28:37.134+0700] {processor.py:183} INFO - Processing /home/newrey/airflow/airflow-env/lib/python3.10/site-packages/airflow/example_dags/example_branch_day_of_week_operator.py took 0.470 seconds
[2024-04-20T12:30:56.108+0700] {processor.py:161} INFO - Started process (PID=13642) to work on /home/newrey/airflow/airflow-env/lib/python3.10/site-packages/airflow/example_dags/example_branch_day_of_week_operator.py
[2024-04-20T12:30:56.117+0700] {processor.py:830} INFO - Processing file /home/newrey/airflow/airflow-env/lib/python3.10/site-packages/airflow/example_dags/example_branch_day_of_week_operator.py for tasks to queue
[2024-04-20T12:30:56.120+0700] {logging_mixin.py:188} INFO - [2024-04-20T12:30:56.119+0700] {dagbag.py:540} INFO - Filling up the DagBag from /home/newrey/airflow/airflow-env/lib/python3.10/site-packages/airflow/example_dags/example_branch_day_of_week_operator.py
[2024-04-20T12:30:56.143+0700] {processor.py:840} INFO - DAG(s) 'example_weekday_branch_operator' retrieved from /home/newrey/airflow/airflow-env/lib/python3.10/site-packages/airflow/example_dags/example_branch_day_of_week_operator.py
[2024-04-20T12:30:56.200+0700] {logging_mixin.py:188} INFO - [2024-04-20T12:30:56.199+0700] {dag.py:3096} INFO - Sync 1 DAGs
[2024-04-20T12:30:56.273+0700] {logging_mixin.py:188} INFO - [2024-04-20T12:30:56.272+0700] {dag.py:3954} INFO - Setting next_dagrun for example_weekday_branch_operator to 2024-04-19 00:00:00+00:00, run_after=2024-04-20 00:00:00+00:00
[2024-04-20T12:30:56.320+0700] {processor.py:183} INFO - Processing /home/newrey/airflow/airflow-env/lib/python3.10/site-packages/airflow/example_dags/example_branch_day_of_week_operator.py took 0.233 seconds
[2024-04-20T12:32:31.133+0700] {processor.py:161} INFO - Started process (PID=14707) to work on /home/newrey/airflow/airflow-env/lib/python3.10/site-packages/airflow/example_dags/example_branch_day_of_week_operator.py
[2024-04-20T12:32:31.137+0700] {processor.py:830} INFO - Processing file /home/newrey/airflow/airflow-env/lib/python3.10/site-packages/airflow/example_dags/example_branch_day_of_week_operator.py for tasks to queue
[2024-04-20T12:32:31.139+0700] {logging_mixin.py:188} INFO - [2024-04-20T12:32:31.138+0700] {dagbag.py:540} INFO - Filling up the DagBag from /home/newrey/airflow/airflow-env/lib/python3.10/site-packages/airflow/example_dags/example_branch_day_of_week_operator.py
[2024-04-20T12:32:31.156+0700] {processor.py:840} INFO - DAG(s) 'example_weekday_branch_operator' retrieved from /home/newrey/airflow/airflow-env/lib/python3.10/site-packages/airflow/example_dags/example_branch_day_of_week_operator.py
[2024-04-20T12:32:31.206+0700] {logging_mixin.py:188} INFO - [2024-04-20T12:32:31.205+0700] {dag.py:3096} INFO - Sync 1 DAGs
[2024-04-20T12:32:31.271+0700] {logging_mixin.py:188} INFO - [2024-04-20T12:32:31.270+0700] {dag.py:3954} INFO - Setting next_dagrun for example_weekday_branch_operator to 2024-04-19 00:00:00+00:00, run_after=2024-04-20 00:00:00+00:00
[2024-04-20T12:32:31.334+0700] {processor.py:183} INFO - Processing /home/newrey/airflow/airflow-env/lib/python3.10/site-packages/airflow/example_dags/example_branch_day_of_week_operator.py took 0.220 seconds
[2024-04-20T12:33:48.331+0700] {processor.py:161} INFO - Started process (PID=15317) to work on /home/newrey/airflow/airflow-env/lib/python3.10/site-packages/airflow/example_dags/example_branch_day_of_week_operator.py
[2024-04-20T12:33:48.334+0700] {processor.py:830} INFO - Processing file /home/newrey/airflow/airflow-env/lib/python3.10/site-packages/airflow/example_dags/example_branch_day_of_week_operator.py for tasks to queue
[2024-04-20T12:33:48.337+0700] {logging_mixin.py:188} INFO - [2024-04-20T12:33:48.336+0700] {dagbag.py:540} INFO - Filling up the DagBag from /home/newrey/airflow/airflow-env/lib/python3.10/site-packages/airflow/example_dags/example_branch_day_of_week_operator.py
[2024-04-20T12:33:48.356+0700] {processor.py:840} INFO - DAG(s) 'example_weekday_branch_operator' retrieved from /home/newrey/airflow/airflow-env/lib/python3.10/site-packages/airflow/example_dags/example_branch_day_of_week_operator.py
[2024-04-20T12:33:48.435+0700] {logging_mixin.py:188} INFO - [2024-04-20T12:33:48.434+0700] {dag.py:3096} INFO - Sync 1 DAGs
[2024-04-20T12:33:48.547+0700] {logging_mixin.py:188} INFO - [2024-04-20T12:33:48.546+0700] {dag.py:3954} INFO - Setting next_dagrun for example_weekday_branch_operator to 2024-04-19 00:00:00+00:00, run_after=2024-04-20 00:00:00+00:00
[2024-04-20T12:33:48.693+0700] {processor.py:183} INFO - Processing /home/newrey/airflow/airflow-env/lib/python3.10/site-packages/airflow/example_dags/example_branch_day_of_week_operator.py took 0.382 seconds
[2024-04-20T12:35:29.679+0700] {processor.py:161} INFO - Started process (PID=16425) to work on /home/newrey/airflow/airflow-env/lib/python3.10/site-packages/airflow/example_dags/example_branch_day_of_week_operator.py
[2024-04-20T12:35:29.684+0700] {processor.py:830} INFO - Processing file /home/newrey/airflow/airflow-env/lib/python3.10/site-packages/airflow/example_dags/example_branch_day_of_week_operator.py for tasks to queue
[2024-04-20T12:35:29.687+0700] {logging_mixin.py:188} INFO - [2024-04-20T12:35:29.686+0700] {dagbag.py:540} INFO - Filling up the DagBag from /home/newrey/airflow/airflow-env/lib/python3.10/site-packages/airflow/example_dags/example_branch_day_of_week_operator.py
[2024-04-20T12:35:29.710+0700] {processor.py:840} INFO - DAG(s) 'example_weekday_branch_operator' retrieved from /home/newrey/airflow/airflow-env/lib/python3.10/site-packages/airflow/example_dags/example_branch_day_of_week_operator.py
[2024-04-20T12:35:29.746+0700] {logging_mixin.py:188} INFO - [2024-04-20T12:35:29.745+0700] {dag.py:3096} INFO - Sync 1 DAGs
[2024-04-20T12:35:29.827+0700] {logging_mixin.py:188} INFO - [2024-04-20T12:35:29.827+0700] {dag.py:3954} INFO - Setting next_dagrun for example_weekday_branch_operator to 2024-04-19 00:00:00+00:00, run_after=2024-04-20 00:00:00+00:00
[2024-04-20T12:35:29.901+0700] {processor.py:183} INFO - Processing /home/newrey/airflow/airflow-env/lib/python3.10/site-packages/airflow/example_dags/example_branch_day_of_week_operator.py took 0.245 seconds
[2024-04-20T12:36:52.467+0700] {processor.py:161} INFO - Started process (PID=17148) to work on /home/newrey/airflow/airflow-env/lib/python3.10/site-packages/airflow/example_dags/example_branch_day_of_week_operator.py
[2024-04-20T12:36:52.469+0700] {processor.py:830} INFO - Processing file /home/newrey/airflow/airflow-env/lib/python3.10/site-packages/airflow/example_dags/example_branch_day_of_week_operator.py for tasks to queue
[2024-04-20T12:36:52.471+0700] {logging_mixin.py:188} INFO - [2024-04-20T12:36:52.470+0700] {dagbag.py:540} INFO - Filling up the DagBag from /home/newrey/airflow/airflow-env/lib/python3.10/site-packages/airflow/example_dags/example_branch_day_of_week_operator.py
[2024-04-20T12:36:52.487+0700] {processor.py:840} INFO - DAG(s) 'example_weekday_branch_operator' retrieved from /home/newrey/airflow/airflow-env/lib/python3.10/site-packages/airflow/example_dags/example_branch_day_of_week_operator.py
[2024-04-20T12:36:52.527+0700] {logging_mixin.py:188} INFO - [2024-04-20T12:36:52.526+0700] {dag.py:3096} INFO - Sync 1 DAGs
[2024-04-20T12:36:52.581+0700] {logging_mixin.py:188} INFO - [2024-04-20T12:36:52.580+0700] {dag.py:3954} INFO - Setting next_dagrun for example_weekday_branch_operator to 2024-04-19 00:00:00+00:00, run_after=2024-04-20 00:00:00+00:00
[2024-04-20T12:36:52.626+0700] {processor.py:183} INFO - Processing /home/newrey/airflow/airflow-env/lib/python3.10/site-packages/airflow/example_dags/example_branch_day_of_week_operator.py took 0.179 seconds
[2024-04-20T12:38:08.690+0700] {processor.py:161} INFO - Started process (PID=17847) to work on /home/newrey/airflow/airflow-env/lib/python3.10/site-packages/airflow/example_dags/example_branch_day_of_week_operator.py
[2024-04-20T12:38:08.693+0700] {processor.py:830} INFO - Processing file /home/newrey/airflow/airflow-env/lib/python3.10/site-packages/airflow/example_dags/example_branch_day_of_week_operator.py for tasks to queue
[2024-04-20T12:38:08.695+0700] {logging_mixin.py:188} INFO - [2024-04-20T12:38:08.694+0700] {dagbag.py:540} INFO - Filling up the DagBag from /home/newrey/airflow/airflow-env/lib/python3.10/site-packages/airflow/example_dags/example_branch_day_of_week_operator.py
[2024-04-20T12:38:08.711+0700] {processor.py:840} INFO - DAG(s) 'example_weekday_branch_operator' retrieved from /home/newrey/airflow/airflow-env/lib/python3.10/site-packages/airflow/example_dags/example_branch_day_of_week_operator.py
[2024-04-20T12:38:08.750+0700] {logging_mixin.py:188} INFO - [2024-04-20T12:38:08.749+0700] {dag.py:3096} INFO - Sync 1 DAGs
[2024-04-20T12:38:08.801+0700] {logging_mixin.py:188} INFO - [2024-04-20T12:38:08.800+0700] {dag.py:3954} INFO - Setting next_dagrun for example_weekday_branch_operator to 2024-04-19 00:00:00+00:00, run_after=2024-04-20 00:00:00+00:00
[2024-04-20T12:38:08.863+0700] {processor.py:183} INFO - Processing /home/newrey/airflow/airflow-env/lib/python3.10/site-packages/airflow/example_dags/example_branch_day_of_week_operator.py took 0.195 seconds
[2024-04-20T12:39:28.366+0700] {processor.py:161} INFO - Started process (PID=18472) to work on /home/newrey/airflow/airflow-env/lib/python3.10/site-packages/airflow/example_dags/example_branch_day_of_week_operator.py
[2024-04-20T12:39:28.370+0700] {processor.py:830} INFO - Processing file /home/newrey/airflow/airflow-env/lib/python3.10/site-packages/airflow/example_dags/example_branch_day_of_week_operator.py for tasks to queue
[2024-04-20T12:39:28.373+0700] {logging_mixin.py:188} INFO - [2024-04-20T12:39:28.372+0700] {dagbag.py:540} INFO - Filling up the DagBag from /home/newrey/airflow/airflow-env/lib/python3.10/site-packages/airflow/example_dags/example_branch_day_of_week_operator.py
[2024-04-20T12:39:28.389+0700] {processor.py:840} INFO - DAG(s) 'example_weekday_branch_operator' retrieved from /home/newrey/airflow/airflow-env/lib/python3.10/site-packages/airflow/example_dags/example_branch_day_of_week_operator.py
[2024-04-20T12:39:28.424+0700] {logging_mixin.py:188} INFO - [2024-04-20T12:39:28.424+0700] {dag.py:3096} INFO - Sync 1 DAGs
[2024-04-20T12:39:28.470+0700] {logging_mixin.py:188} INFO - [2024-04-20T12:39:28.469+0700] {dag.py:3954} INFO - Setting next_dagrun for example_weekday_branch_operator to 2024-04-19 00:00:00+00:00, run_after=2024-04-20 00:00:00+00:00
[2024-04-20T12:39:28.535+0700] {processor.py:183} INFO - Processing /home/newrey/airflow/airflow-env/lib/python3.10/site-packages/airflow/example_dags/example_branch_day_of_week_operator.py took 0.188 seconds
[2024-04-20T12:40:38.276+0700] {processor.py:161} INFO - Started process (PID=18984) to work on /home/newrey/airflow/airflow-env/lib/python3.10/site-packages/airflow/example_dags/example_branch_day_of_week_operator.py
[2024-04-20T12:40:38.279+0700] {processor.py:830} INFO - Processing file /home/newrey/airflow/airflow-env/lib/python3.10/site-packages/airflow/example_dags/example_branch_day_of_week_operator.py for tasks to queue
[2024-04-20T12:40:38.282+0700] {logging_mixin.py:188} INFO - [2024-04-20T12:40:38.281+0700] {dagbag.py:540} INFO - Filling up the DagBag from /home/newrey/airflow/airflow-env/lib/python3.10/site-packages/airflow/example_dags/example_branch_day_of_week_operator.py
[2024-04-20T12:40:38.311+0700] {processor.py:840} INFO - DAG(s) 'example_weekday_branch_operator' retrieved from /home/newrey/airflow/airflow-env/lib/python3.10/site-packages/airflow/example_dags/example_branch_day_of_week_operator.py
[2024-04-20T12:40:38.332+0700] {logging_mixin.py:188} INFO - [2024-04-20T12:40:38.331+0700] {dag.py:3096} INFO - Sync 1 DAGs
[2024-04-20T12:40:38.361+0700] {logging_mixin.py:188} INFO - [2024-04-20T12:40:38.361+0700] {dag.py:3954} INFO - Setting next_dagrun for example_weekday_branch_operator to 2024-04-19 00:00:00+00:00, run_after=2024-04-20 00:00:00+00:00
[2024-04-20T12:40:38.392+0700] {processor.py:183} INFO - Processing /home/newrey/airflow/airflow-env/lib/python3.10/site-packages/airflow/example_dags/example_branch_day_of_week_operator.py took 0.138 seconds
[2024-04-20T12:41:39.978+0700] {processor.py:161} INFO - Started process (PID=19436) to work on /home/newrey/airflow/airflow-env/lib/python3.10/site-packages/airflow/example_dags/example_branch_day_of_week_operator.py
[2024-04-20T12:41:39.981+0700] {processor.py:830} INFO - Processing file /home/newrey/airflow/airflow-env/lib/python3.10/site-packages/airflow/example_dags/example_branch_day_of_week_operator.py for tasks to queue
[2024-04-20T12:41:39.982+0700] {logging_mixin.py:188} INFO - [2024-04-20T12:41:39.982+0700] {dagbag.py:540} INFO - Filling up the DagBag from /home/newrey/airflow/airflow-env/lib/python3.10/site-packages/airflow/example_dags/example_branch_day_of_week_operator.py
[2024-04-20T12:41:39.990+0700] {processor.py:840} INFO - DAG(s) 'example_weekday_branch_operator' retrieved from /home/newrey/airflow/airflow-env/lib/python3.10/site-packages/airflow/example_dags/example_branch_day_of_week_operator.py
[2024-04-20T12:41:40.007+0700] {logging_mixin.py:188} INFO - [2024-04-20T12:41:40.007+0700] {dag.py:3096} INFO - Sync 1 DAGs
[2024-04-20T12:41:40.050+0700] {logging_mixin.py:188} INFO - [2024-04-20T12:41:40.050+0700] {dag.py:3954} INFO - Setting next_dagrun for example_weekday_branch_operator to 2024-04-19 00:00:00+00:00, run_after=2024-04-20 00:00:00+00:00
[2024-04-20T12:41:40.080+0700] {processor.py:183} INFO - Processing /home/newrey/airflow/airflow-env/lib/python3.10/site-packages/airflow/example_dags/example_branch_day_of_week_operator.py took 0.123 seconds
[2024-04-20T12:42:39.090+0700] {processor.py:161} INFO - Started process (PID=19933) to work on /home/newrey/airflow/airflow-env/lib/python3.10/site-packages/airflow/example_dags/example_branch_day_of_week_operator.py
[2024-04-20T12:42:39.093+0700] {processor.py:830} INFO - Processing file /home/newrey/airflow/airflow-env/lib/python3.10/site-packages/airflow/example_dags/example_branch_day_of_week_operator.py for tasks to queue
[2024-04-20T12:42:39.095+0700] {logging_mixin.py:188} INFO - [2024-04-20T12:42:39.094+0700] {dagbag.py:540} INFO - Filling up the DagBag from /home/newrey/airflow/airflow-env/lib/python3.10/site-packages/airflow/example_dags/example_branch_day_of_week_operator.py
[2024-04-20T12:42:39.111+0700] {processor.py:840} INFO - DAG(s) 'example_weekday_branch_operator' retrieved from /home/newrey/airflow/airflow-env/lib/python3.10/site-packages/airflow/example_dags/example_branch_day_of_week_operator.py
[2024-04-20T12:42:39.146+0700] {logging_mixin.py:188} INFO - [2024-04-20T12:42:39.145+0700] {dag.py:3096} INFO - Sync 1 DAGs
[2024-04-20T12:42:39.194+0700] {logging_mixin.py:188} INFO - [2024-04-20T12:42:39.194+0700] {dag.py:3954} INFO - Setting next_dagrun for example_weekday_branch_operator to 2024-04-19 00:00:00+00:00, run_after=2024-04-20 00:00:00+00:00
[2024-04-20T12:42:39.223+0700] {processor.py:183} INFO - Processing /home/newrey/airflow/airflow-env/lib/python3.10/site-packages/airflow/example_dags/example_branch_day_of_week_operator.py took 0.153 seconds
[2024-04-20T12:43:44.648+0700] {processor.py:161} INFO - Started process (PID=20427) to work on /home/newrey/airflow/airflow-env/lib/python3.10/site-packages/airflow/example_dags/example_branch_day_of_week_operator.py
[2024-04-20T12:43:44.652+0700] {processor.py:830} INFO - Processing file /home/newrey/airflow/airflow-env/lib/python3.10/site-packages/airflow/example_dags/example_branch_day_of_week_operator.py for tasks to queue
[2024-04-20T12:43:44.654+0700] {logging_mixin.py:188} INFO - [2024-04-20T12:43:44.653+0700] {dagbag.py:540} INFO - Filling up the DagBag from /home/newrey/airflow/airflow-env/lib/python3.10/site-packages/airflow/example_dags/example_branch_day_of_week_operator.py
[2024-04-20T12:43:44.670+0700] {processor.py:840} INFO - DAG(s) 'example_weekday_branch_operator' retrieved from /home/newrey/airflow/airflow-env/lib/python3.10/site-packages/airflow/example_dags/example_branch_day_of_week_operator.py
[2024-04-20T12:43:44.707+0700] {logging_mixin.py:188} INFO - [2024-04-20T12:43:44.706+0700] {dag.py:3096} INFO - Sync 1 DAGs
[2024-04-20T12:43:44.738+0700] {logging_mixin.py:188} INFO - [2024-04-20T12:43:44.737+0700] {dag.py:3954} INFO - Setting next_dagrun for example_weekday_branch_operator to 2024-04-19 00:00:00+00:00, run_after=2024-04-20 00:00:00+00:00
[2024-04-20T12:43:44.796+0700] {processor.py:183} INFO - Processing /home/newrey/airflow/airflow-env/lib/python3.10/site-packages/airflow/example_dags/example_branch_day_of_week_operator.py took 0.169 seconds
[2024-04-20T12:45:00.276+0700] {processor.py:161} INFO - Started process (PID=21029) to work on /home/newrey/airflow/airflow-env/lib/python3.10/site-packages/airflow/example_dags/example_branch_day_of_week_operator.py
[2024-04-20T12:45:00.280+0700] {processor.py:830} INFO - Processing file /home/newrey/airflow/airflow-env/lib/python3.10/site-packages/airflow/example_dags/example_branch_day_of_week_operator.py for tasks to queue
[2024-04-20T12:45:00.281+0700] {logging_mixin.py:188} INFO - [2024-04-20T12:45:00.281+0700] {dagbag.py:540} INFO - Filling up the DagBag from /home/newrey/airflow/airflow-env/lib/python3.10/site-packages/airflow/example_dags/example_branch_day_of_week_operator.py
[2024-04-20T12:45:00.294+0700] {processor.py:840} INFO - DAG(s) 'example_weekday_branch_operator' retrieved from /home/newrey/airflow/airflow-env/lib/python3.10/site-packages/airflow/example_dags/example_branch_day_of_week_operator.py
[2024-04-20T12:45:00.315+0700] {logging_mixin.py:188} INFO - [2024-04-20T12:45:00.315+0700] {dag.py:3096} INFO - Sync 1 DAGs
[2024-04-20T12:45:00.344+0700] {logging_mixin.py:188} INFO - [2024-04-20T12:45:00.343+0700] {dag.py:3954} INFO - Setting next_dagrun for example_weekday_branch_operator to 2024-04-19 00:00:00+00:00, run_after=2024-04-20 00:00:00+00:00
[2024-04-20T12:45:00.373+0700] {processor.py:183} INFO - Processing /home/newrey/airflow/airflow-env/lib/python3.10/site-packages/airflow/example_dags/example_branch_day_of_week_operator.py took 0.115 seconds
[2024-04-20T12:46:02.918+0700] {processor.py:161} INFO - Started process (PID=21508) to work on /home/newrey/airflow/airflow-env/lib/python3.10/site-packages/airflow/example_dags/example_branch_day_of_week_operator.py
[2024-04-20T12:46:02.926+0700] {processor.py:830} INFO - Processing file /home/newrey/airflow/airflow-env/lib/python3.10/site-packages/airflow/example_dags/example_branch_day_of_week_operator.py for tasks to queue
[2024-04-20T12:46:02.927+0700] {logging_mixin.py:188} INFO - [2024-04-20T12:46:02.927+0700] {dagbag.py:540} INFO - Filling up the DagBag from /home/newrey/airflow/airflow-env/lib/python3.10/site-packages/airflow/example_dags/example_branch_day_of_week_operator.py
[2024-04-20T12:46:02.935+0700] {processor.py:840} INFO - DAG(s) 'example_weekday_branch_operator' retrieved from /home/newrey/airflow/airflow-env/lib/python3.10/site-packages/airflow/example_dags/example_branch_day_of_week_operator.py
[2024-04-20T12:46:02.952+0700] {logging_mixin.py:188} INFO - [2024-04-20T12:46:02.952+0700] {dag.py:3096} INFO - Sync 1 DAGs
[2024-04-20T12:46:02.985+0700] {logging_mixin.py:188} INFO - [2024-04-20T12:46:02.985+0700] {dag.py:3954} INFO - Setting next_dagrun for example_weekday_branch_operator to 2024-04-19 00:00:00+00:00, run_after=2024-04-20 00:00:00+00:00
[2024-04-20T12:46:03.032+0700] {processor.py:183} INFO - Processing /home/newrey/airflow/airflow-env/lib/python3.10/site-packages/airflow/example_dags/example_branch_day_of_week_operator.py took 0.126 seconds
[2024-04-20T12:47:03.050+0700] {processor.py:161} INFO - Started process (PID=22025) to work on /home/newrey/airflow/airflow-env/lib/python3.10/site-packages/airflow/example_dags/example_branch_day_of_week_operator.py
[2024-04-20T12:47:03.052+0700] {processor.py:830} INFO - Processing file /home/newrey/airflow/airflow-env/lib/python3.10/site-packages/airflow/example_dags/example_branch_day_of_week_operator.py for tasks to queue
[2024-04-20T12:47:03.054+0700] {logging_mixin.py:188} INFO - [2024-04-20T12:47:03.054+0700] {dagbag.py:540} INFO - Filling up the DagBag from /home/newrey/airflow/airflow-env/lib/python3.10/site-packages/airflow/example_dags/example_branch_day_of_week_operator.py
[2024-04-20T12:47:03.070+0700] {processor.py:840} INFO - DAG(s) 'example_weekday_branch_operator' retrieved from /home/newrey/airflow/airflow-env/lib/python3.10/site-packages/airflow/example_dags/example_branch_day_of_week_operator.py
[2024-04-20T12:47:03.101+0700] {logging_mixin.py:188} INFO - [2024-04-20T12:47:03.101+0700] {dag.py:3096} INFO - Sync 1 DAGs
[2024-04-20T12:47:03.122+0700] {logging_mixin.py:188} INFO - [2024-04-20T12:47:03.121+0700] {dag.py:3954} INFO - Setting next_dagrun for example_weekday_branch_operator to 2024-04-19 00:00:00+00:00, run_after=2024-04-20 00:00:00+00:00
[2024-04-20T12:47:03.148+0700] {processor.py:183} INFO - Processing /home/newrey/airflow/airflow-env/lib/python3.10/site-packages/airflow/example_dags/example_branch_day_of_week_operator.py took 0.116 seconds
[2024-04-20T12:48:05.963+0700] {processor.py:161} INFO - Started process (PID=22484) to work on /home/newrey/airflow/airflow-env/lib/python3.10/site-packages/airflow/example_dags/example_branch_day_of_week_operator.py
[2024-04-20T12:48:05.967+0700] {processor.py:830} INFO - Processing file /home/newrey/airflow/airflow-env/lib/python3.10/site-packages/airflow/example_dags/example_branch_day_of_week_operator.py for tasks to queue
[2024-04-20T12:48:05.970+0700] {logging_mixin.py:188} INFO - [2024-04-20T12:48:05.969+0700] {dagbag.py:540} INFO - Filling up the DagBag from /home/newrey/airflow/airflow-env/lib/python3.10/site-packages/airflow/example_dags/example_branch_day_of_week_operator.py
[2024-04-20T12:48:06.012+0700] {processor.py:840} INFO - DAG(s) 'example_weekday_branch_operator' retrieved from /home/newrey/airflow/airflow-env/lib/python3.10/site-packages/airflow/example_dags/example_branch_day_of_week_operator.py
[2024-04-20T12:48:06.039+0700] {logging_mixin.py:188} INFO - [2024-04-20T12:48:06.038+0700] {dag.py:3096} INFO - Sync 1 DAGs
[2024-04-20T12:48:06.072+0700] {logging_mixin.py:188} INFO - [2024-04-20T12:48:06.071+0700] {dag.py:3954} INFO - Setting next_dagrun for example_weekday_branch_operator to 2024-04-19 00:00:00+00:00, run_after=2024-04-20 00:00:00+00:00
[2024-04-20T12:48:06.103+0700] {processor.py:183} INFO - Processing /home/newrey/airflow/airflow-env/lib/python3.10/site-packages/airflow/example_dags/example_branch_day_of_week_operator.py took 0.160 seconds
[2024-04-20T12:49:13.368+0700] {processor.py:161} INFO - Started process (PID=22994) to work on /home/newrey/airflow/airflow-env/lib/python3.10/site-packages/airflow/example_dags/example_branch_day_of_week_operator.py
[2024-04-20T12:49:13.372+0700] {processor.py:830} INFO - Processing file /home/newrey/airflow/airflow-env/lib/python3.10/site-packages/airflow/example_dags/example_branch_day_of_week_operator.py for tasks to queue
[2024-04-20T12:49:13.374+0700] {logging_mixin.py:188} INFO - [2024-04-20T12:49:13.374+0700] {dagbag.py:540} INFO - Filling up the DagBag from /home/newrey/airflow/airflow-env/lib/python3.10/site-packages/airflow/example_dags/example_branch_day_of_week_operator.py
[2024-04-20T12:49:13.385+0700] {processor.py:840} INFO - DAG(s) 'example_weekday_branch_operator' retrieved from /home/newrey/airflow/airflow-env/lib/python3.10/site-packages/airflow/example_dags/example_branch_day_of_week_operator.py
[2024-04-20T12:49:13.413+0700] {logging_mixin.py:188} INFO - [2024-04-20T12:49:13.413+0700] {dag.py:3096} INFO - Sync 1 DAGs
[2024-04-20T12:49:13.448+0700] {logging_mixin.py:188} INFO - [2024-04-20T12:49:13.448+0700] {dag.py:3954} INFO - Setting next_dagrun for example_weekday_branch_operator to 2024-04-19 00:00:00+00:00, run_after=2024-04-20 00:00:00+00:00
[2024-04-20T12:49:13.479+0700] {processor.py:183} INFO - Processing /home/newrey/airflow/airflow-env/lib/python3.10/site-packages/airflow/example_dags/example_branch_day_of_week_operator.py took 0.130 seconds
