[2024-04-20T12:19:25.993+0700] {processor.py:161} INFO - Started process (PID=5582) to work on /home/newrey/airflow/airflow-env/lib/python3.10/site-packages/airflow/example_dags/example_complex.py
[2024-04-20T12:19:25.995+0700] {processor.py:830} INFO - Processing file /home/newrey/airflow/airflow-env/lib/python3.10/site-packages/airflow/example_dags/example_complex.py for tasks to queue
[2024-04-20T12:19:26.009+0700] {logging_mixin.py:188} INFO - [2024-04-20T12:19:26.007+0700] {dagbag.py:540} INFO - Filling up the DagBag from /home/newrey/airflow/airflow-env/lib/python3.10/site-packages/airflow/example_dags/example_complex.py
[2024-04-20T12:19:26.077+0700] {processor.py:840} INFO - DAG(s) 'example_complex' retrieved from /home/newrey/airflow/airflow-env/lib/python3.10/site-packages/airflow/example_dags/example_complex.py
[2024-04-20T12:19:27.534+0700] {logging_mixin.py:188} INFO - [2024-04-20T12:19:27.533+0700] {dag.py:3096} INFO - Sync 1 DAGs
[2024-04-20T12:19:27.612+0700] {logging_mixin.py:188} INFO - [2024-04-20T12:19:27.611+0700] {dag.py:3954} INFO - Setting next_dagrun for example_complex to None, run_after=None
[2024-04-20T12:19:27.819+0700] {processor.py:183} INFO - Processing /home/newrey/airflow/airflow-env/lib/python3.10/site-packages/airflow/example_dags/example_complex.py took 1.865 seconds
[2024-04-20T12:21:26.517+0700] {processor.py:161} INFO - Started process (PID=6606) to work on /home/newrey/airflow/airflow-env/lib/python3.10/site-packages/airflow/example_dags/example_complex.py
[2024-04-20T12:21:26.521+0700] {processor.py:830} INFO - Processing file /home/newrey/airflow/airflow-env/lib/python3.10/site-packages/airflow/example_dags/example_complex.py for tasks to queue
[2024-04-20T12:21:26.524+0700] {logging_mixin.py:188} INFO - [2024-04-20T12:21:26.523+0700] {dagbag.py:540} INFO - Filling up the DagBag from /home/newrey/airflow/airflow-env/lib/python3.10/site-packages/airflow/example_dags/example_complex.py
[2024-04-20T12:21:26.910+0700] {processor.py:840} INFO - DAG(s) 'example_complex' retrieved from /home/newrey/airflow/airflow-env/lib/python3.10/site-packages/airflow/example_dags/example_complex.py
[2024-04-20T12:21:26.974+0700] {logging_mixin.py:188} INFO - [2024-04-20T12:21:26.973+0700] {dag.py:3096} INFO - Sync 1 DAGs
[2024-04-20T12:21:26.992+0700] {logging_mixin.py:188} INFO - [2024-04-20T12:21:26.991+0700] {dag.py:3954} INFO - Setting next_dagrun for example_complex to None, run_after=None
[2024-04-20T12:21:27.032+0700] {processor.py:183} INFO - Processing /home/newrey/airflow/airflow-env/lib/python3.10/site-packages/airflow/example_dags/example_complex.py took 0.530 seconds
[2024-04-20T12:22:46.453+0700] {processor.py:161} INFO - Started process (PID=7339) to work on /home/newrey/airflow/airflow-env/lib/python3.10/site-packages/airflow/example_dags/example_complex.py
[2024-04-20T12:22:46.503+0700] {processor.py:830} INFO - Processing file /home/newrey/airflow/airflow-env/lib/python3.10/site-packages/airflow/example_dags/example_complex.py for tasks to queue
[2024-04-20T12:22:46.509+0700] {logging_mixin.py:188} INFO - [2024-04-20T12:22:46.507+0700] {dagbag.py:540} INFO - Filling up the DagBag from /home/newrey/airflow/airflow-env/lib/python3.10/site-packages/airflow/example_dags/example_complex.py
[2024-04-20T12:22:46.607+0700] {processor.py:840} INFO - DAG(s) 'example_complex' retrieved from /home/newrey/airflow/airflow-env/lib/python3.10/site-packages/airflow/example_dags/example_complex.py
[2024-04-20T12:22:46.918+0700] {logging_mixin.py:188} INFO - [2024-04-20T12:22:46.916+0700] {dag.py:3096} INFO - Sync 1 DAGs
[2024-04-20T12:22:47.029+0700] {logging_mixin.py:188} INFO - [2024-04-20T12:22:47.028+0700] {dag.py:3954} INFO - Setting next_dagrun for example_complex to None, run_after=None
[2024-04-20T12:22:47.492+0700] {processor.py:183} INFO - Processing /home/newrey/airflow/airflow-env/lib/python3.10/site-packages/airflow/example_dags/example_complex.py took 1.093 seconds
[2024-04-20T12:24:39.213+0700] {processor.py:161} INFO - Started process (PID=8647) to work on /home/newrey/airflow/airflow-env/lib/python3.10/site-packages/airflow/example_dags/example_complex.py
[2024-04-20T12:24:39.219+0700] {processor.py:830} INFO - Processing file /home/newrey/airflow/airflow-env/lib/python3.10/site-packages/airflow/example_dags/example_complex.py for tasks to queue
[2024-04-20T12:24:39.223+0700] {logging_mixin.py:188} INFO - [2024-04-20T12:24:39.222+0700] {dagbag.py:540} INFO - Filling up the DagBag from /home/newrey/airflow/airflow-env/lib/python3.10/site-packages/airflow/example_dags/example_complex.py
[2024-04-20T12:24:39.251+0700] {processor.py:840} INFO - DAG(s) 'example_complex' retrieved from /home/newrey/airflow/airflow-env/lib/python3.10/site-packages/airflow/example_dags/example_complex.py
[2024-04-20T12:24:39.317+0700] {logging_mixin.py:188} INFO - [2024-04-20T12:24:39.316+0700] {dag.py:3096} INFO - Sync 1 DAGs
[2024-04-20T12:24:39.338+0700] {logging_mixin.py:188} INFO - [2024-04-20T12:24:39.338+0700] {dag.py:3954} INFO - Setting next_dagrun for example_complex to None, run_after=None
[2024-04-20T12:24:39.396+0700] {processor.py:183} INFO - Processing /home/newrey/airflow/airflow-env/lib/python3.10/site-packages/airflow/example_dags/example_complex.py took 0.206 seconds
[2024-04-20T12:26:08.075+0700] {processor.py:161} INFO - Started process (PID=9748) to work on /home/newrey/airflow/airflow-env/lib/python3.10/site-packages/airflow/example_dags/example_complex.py
[2024-04-20T12:26:08.082+0700] {processor.py:830} INFO - Processing file /home/newrey/airflow/airflow-env/lib/python3.10/site-packages/airflow/example_dags/example_complex.py for tasks to queue
[2024-04-20T12:26:08.086+0700] {logging_mixin.py:188} INFO - [2024-04-20T12:26:08.085+0700] {dagbag.py:540} INFO - Filling up the DagBag from /home/newrey/airflow/airflow-env/lib/python3.10/site-packages/airflow/example_dags/example_complex.py
[2024-04-20T12:26:08.113+0700] {processor.py:840} INFO - DAG(s) 'example_complex' retrieved from /home/newrey/airflow/airflow-env/lib/python3.10/site-packages/airflow/example_dags/example_complex.py
[2024-04-20T12:26:08.195+0700] {logging_mixin.py:188} INFO - [2024-04-20T12:26:08.195+0700] {dag.py:3096} INFO - Sync 1 DAGs
[2024-04-20T12:26:08.219+0700] {logging_mixin.py:188} INFO - [2024-04-20T12:26:08.218+0700] {dag.py:3954} INFO - Setting next_dagrun for example_complex to None, run_after=None
[2024-04-20T12:26:08.264+0700] {processor.py:183} INFO - Processing /home/newrey/airflow/airflow-env/lib/python3.10/site-packages/airflow/example_dags/example_complex.py took 0.217 seconds
[2024-04-20T12:27:25.315+0700] {processor.py:161} INFO - Started process (PID=10424) to work on /home/newrey/airflow/airflow-env/lib/python3.10/site-packages/airflow/example_dags/example_complex.py
[2024-04-20T12:27:25.318+0700] {processor.py:830} INFO - Processing file /home/newrey/airflow/airflow-env/lib/python3.10/site-packages/airflow/example_dags/example_complex.py for tasks to queue
[2024-04-20T12:27:25.322+0700] {logging_mixin.py:188} INFO - [2024-04-20T12:27:25.321+0700] {dagbag.py:540} INFO - Filling up the DagBag from /home/newrey/airflow/airflow-env/lib/python3.10/site-packages/airflow/example_dags/example_complex.py
[2024-04-20T12:27:25.349+0700] {processor.py:840} INFO - DAG(s) 'example_complex' retrieved from /home/newrey/airflow/airflow-env/lib/python3.10/site-packages/airflow/example_dags/example_complex.py
[2024-04-20T12:27:25.403+0700] {logging_mixin.py:188} INFO - [2024-04-20T12:27:25.402+0700] {dag.py:3096} INFO - Sync 1 DAGs
[2024-04-20T12:27:25.436+0700] {logging_mixin.py:188} INFO - [2024-04-20T12:27:25.436+0700] {dag.py:3954} INFO - Setting next_dagrun for example_complex to None, run_after=None
[2024-04-20T12:27:25.487+0700] {processor.py:183} INFO - Processing /home/newrey/airflow/airflow-env/lib/python3.10/site-packages/airflow/example_dags/example_complex.py took 0.192 seconds
[2024-04-20T12:29:13.244+0700] {processor.py:161} INFO - Started process (PID=11995) to work on /home/newrey/airflow/airflow-env/lib/python3.10/site-packages/airflow/example_dags/example_complex.py
[2024-04-20T12:29:13.251+0700] {processor.py:830} INFO - Processing file /home/newrey/airflow/airflow-env/lib/python3.10/site-packages/airflow/example_dags/example_complex.py for tasks to queue
[2024-04-20T12:29:13.254+0700] {logging_mixin.py:188} INFO - [2024-04-20T12:29:13.253+0700] {dagbag.py:540} INFO - Filling up the DagBag from /home/newrey/airflow/airflow-env/lib/python3.10/site-packages/airflow/example_dags/example_complex.py
[2024-04-20T12:29:13.284+0700] {processor.py:840} INFO - DAG(s) 'example_complex' retrieved from /home/newrey/airflow/airflow-env/lib/python3.10/site-packages/airflow/example_dags/example_complex.py
[2024-04-20T12:29:13.369+0700] {logging_mixin.py:188} INFO - [2024-04-20T12:29:13.368+0700] {dag.py:3096} INFO - Sync 1 DAGs
[2024-04-20T12:29:13.409+0700] {logging_mixin.py:188} INFO - [2024-04-20T12:29:13.408+0700] {dag.py:3954} INFO - Setting next_dagrun for example_complex to None, run_after=None
[2024-04-20T12:29:13.483+0700] {processor.py:183} INFO - Processing /home/newrey/airflow/airflow-env/lib/python3.10/site-packages/airflow/example_dags/example_complex.py took 0.277 seconds
[2024-04-20T12:31:38.699+0700] {processor.py:161} INFO - Started process (PID=14202) to work on /home/newrey/airflow/airflow-env/lib/python3.10/site-packages/airflow/example_dags/example_complex.py
[2024-04-20T12:31:38.704+0700] {processor.py:830} INFO - Processing file /home/newrey/airflow/airflow-env/lib/python3.10/site-packages/airflow/example_dags/example_complex.py for tasks to queue
[2024-04-20T12:31:38.707+0700] {logging_mixin.py:188} INFO - [2024-04-20T12:31:38.706+0700] {dagbag.py:540} INFO - Filling up the DagBag from /home/newrey/airflow/airflow-env/lib/python3.10/site-packages/airflow/example_dags/example_complex.py
[2024-04-20T12:31:38.738+0700] {processor.py:840} INFO - DAG(s) 'example_complex' retrieved from /home/newrey/airflow/airflow-env/lib/python3.10/site-packages/airflow/example_dags/example_complex.py
[2024-04-20T12:31:38.813+0700] {logging_mixin.py:188} INFO - [2024-04-20T12:31:38.812+0700] {dag.py:3096} INFO - Sync 1 DAGs
[2024-04-20T12:31:38.842+0700] {logging_mixin.py:188} INFO - [2024-04-20T12:31:38.842+0700] {dag.py:3954} INFO - Setting next_dagrun for example_complex to None, run_after=None
[2024-04-20T12:31:38.890+0700] {processor.py:183} INFO - Processing /home/newrey/airflow/airflow-env/lib/python3.10/site-packages/airflow/example_dags/example_complex.py took 0.215 seconds
[2024-04-20T12:33:03.305+0700] {processor.py:161} INFO - Started process (PID=14974) to work on /home/newrey/airflow/airflow-env/lib/python3.10/site-packages/airflow/example_dags/example_complex.py
[2024-04-20T12:33:03.310+0700] {processor.py:830} INFO - Processing file /home/newrey/airflow/airflow-env/lib/python3.10/site-packages/airflow/example_dags/example_complex.py for tasks to queue
[2024-04-20T12:33:03.313+0700] {logging_mixin.py:188} INFO - [2024-04-20T12:33:03.312+0700] {dagbag.py:540} INFO - Filling up the DagBag from /home/newrey/airflow/airflow-env/lib/python3.10/site-packages/airflow/example_dags/example_complex.py
[2024-04-20T12:33:03.348+0700] {processor.py:840} INFO - DAG(s) 'example_complex' retrieved from /home/newrey/airflow/airflow-env/lib/python3.10/site-packages/airflow/example_dags/example_complex.py
[2024-04-20T12:33:03.419+0700] {logging_mixin.py:188} INFO - [2024-04-20T12:33:03.418+0700] {dag.py:3096} INFO - Sync 1 DAGs
[2024-04-20T12:33:03.459+0700] {logging_mixin.py:188} INFO - [2024-04-20T12:33:03.458+0700] {dag.py:3954} INFO - Setting next_dagrun for example_complex to None, run_after=None
[2024-04-20T12:33:03.534+0700] {processor.py:183} INFO - Processing /home/newrey/airflow/airflow-env/lib/python3.10/site-packages/airflow/example_dags/example_complex.py took 0.247 seconds
[2024-04-20T12:34:29.021+0700] {processor.py:161} INFO - Started process (PID=15873) to work on /home/newrey/airflow/airflow-env/lib/python3.10/site-packages/airflow/example_dags/example_complex.py
[2024-04-20T12:34:29.025+0700] {processor.py:830} INFO - Processing file /home/newrey/airflow/airflow-env/lib/python3.10/site-packages/airflow/example_dags/example_complex.py for tasks to queue
[2024-04-20T12:34:29.028+0700] {logging_mixin.py:188} INFO - [2024-04-20T12:34:29.027+0700] {dagbag.py:540} INFO - Filling up the DagBag from /home/newrey/airflow/airflow-env/lib/python3.10/site-packages/airflow/example_dags/example_complex.py
[2024-04-20T12:34:29.058+0700] {processor.py:840} INFO - DAG(s) 'example_complex' retrieved from /home/newrey/airflow/airflow-env/lib/python3.10/site-packages/airflow/example_dags/example_complex.py
[2024-04-20T12:34:29.138+0700] {logging_mixin.py:188} INFO - [2024-04-20T12:34:29.137+0700] {dag.py:3096} INFO - Sync 1 DAGs
[2024-04-20T12:34:29.163+0700] {logging_mixin.py:188} INFO - [2024-04-20T12:34:29.163+0700] {dag.py:3954} INFO - Setting next_dagrun for example_complex to None, run_after=None
[2024-04-20T12:34:29.229+0700] {processor.py:183} INFO - Processing /home/newrey/airflow/airflow-env/lib/python3.10/site-packages/airflow/example_dags/example_complex.py took 0.230 seconds
[2024-04-20T12:36:02.588+0700] {processor.py:161} INFO - Started process (PID=16691) to work on /home/newrey/airflow/airflow-env/lib/python3.10/site-packages/airflow/example_dags/example_complex.py
[2024-04-20T12:36:02.592+0700] {processor.py:830} INFO - Processing file /home/newrey/airflow/airflow-env/lib/python3.10/site-packages/airflow/example_dags/example_complex.py for tasks to queue
[2024-04-20T12:36:02.594+0700] {logging_mixin.py:188} INFO - [2024-04-20T12:36:02.594+0700] {dagbag.py:540} INFO - Filling up the DagBag from /home/newrey/airflow/airflow-env/lib/python3.10/site-packages/airflow/example_dags/example_complex.py
[2024-04-20T12:36:02.622+0700] {processor.py:840} INFO - DAG(s) 'example_complex' retrieved from /home/newrey/airflow/airflow-env/lib/python3.10/site-packages/airflow/example_dags/example_complex.py
[2024-04-20T12:36:02.672+0700] {logging_mixin.py:188} INFO - [2024-04-20T12:36:02.672+0700] {dag.py:3096} INFO - Sync 1 DAGs
[2024-04-20T12:36:02.703+0700] {logging_mixin.py:188} INFO - [2024-04-20T12:36:02.702+0700] {dag.py:3954} INFO - Setting next_dagrun for example_complex to None, run_after=None
[2024-04-20T12:36:02.758+0700] {processor.py:183} INFO - Processing /home/newrey/airflow/airflow-env/lib/python3.10/site-packages/airflow/example_dags/example_complex.py took 0.190 seconds
[2024-04-20T12:37:18.686+0700] {processor.py:161} INFO - Started process (PID=17418) to work on /home/newrey/airflow/airflow-env/lib/python3.10/site-packages/airflow/example_dags/example_complex.py
[2024-04-20T12:37:18.689+0700] {processor.py:830} INFO - Processing file /home/newrey/airflow/airflow-env/lib/python3.10/site-packages/airflow/example_dags/example_complex.py for tasks to queue
[2024-04-20T12:37:18.691+0700] {logging_mixin.py:188} INFO - [2024-04-20T12:37:18.691+0700] {dagbag.py:540} INFO - Filling up the DagBag from /home/newrey/airflow/airflow-env/lib/python3.10/site-packages/airflow/example_dags/example_complex.py
[2024-04-20T12:37:18.718+0700] {processor.py:840} INFO - DAG(s) 'example_complex' retrieved from /home/newrey/airflow/airflow-env/lib/python3.10/site-packages/airflow/example_dags/example_complex.py
[2024-04-20T12:37:18.803+0700] {logging_mixin.py:188} INFO - [2024-04-20T12:37:18.802+0700] {dag.py:3096} INFO - Sync 1 DAGs
[2024-04-20T12:37:18.826+0700] {logging_mixin.py:188} INFO - [2024-04-20T12:37:18.826+0700] {dag.py:3954} INFO - Setting next_dagrun for example_complex to None, run_after=None
[2024-04-20T12:37:18.887+0700] {processor.py:183} INFO - Processing /home/newrey/airflow/airflow-env/lib/python3.10/site-packages/airflow/example_dags/example_complex.py took 0.222 seconds
[2024-04-20T12:38:38.112+0700] {processor.py:161} INFO - Started process (PID=18102) to work on /home/newrey/airflow/airflow-env/lib/python3.10/site-packages/airflow/example_dags/example_complex.py
[2024-04-20T12:38:38.117+0700] {processor.py:830} INFO - Processing file /home/newrey/airflow/airflow-env/lib/python3.10/site-packages/airflow/example_dags/example_complex.py for tasks to queue
[2024-04-20T12:38:38.119+0700] {logging_mixin.py:188} INFO - [2024-04-20T12:38:38.118+0700] {dagbag.py:540} INFO - Filling up the DagBag from /home/newrey/airflow/airflow-env/lib/python3.10/site-packages/airflow/example_dags/example_complex.py
[2024-04-20T12:38:38.155+0700] {processor.py:840} INFO - DAG(s) 'example_complex' retrieved from /home/newrey/airflow/airflow-env/lib/python3.10/site-packages/airflow/example_dags/example_complex.py
[2024-04-20T12:38:38.233+0700] {logging_mixin.py:188} INFO - [2024-04-20T12:38:38.232+0700] {dag.py:3096} INFO - Sync 1 DAGs
[2024-04-20T12:38:38.277+0700] {logging_mixin.py:188} INFO - [2024-04-20T12:38:38.276+0700] {dag.py:3954} INFO - Setting next_dagrun for example_complex to None, run_after=None
[2024-04-20T12:38:38.355+0700] {processor.py:183} INFO - Processing /home/newrey/airflow/airflow-env/lib/python3.10/site-packages/airflow/example_dags/example_complex.py took 0.263 seconds
[2024-04-20T12:39:57.670+0700] {processor.py:161} INFO - Started process (PID=18719) to work on /home/newrey/airflow/airflow-env/lib/python3.10/site-packages/airflow/example_dags/example_complex.py
[2024-04-20T12:39:57.672+0700] {processor.py:830} INFO - Processing file /home/newrey/airflow/airflow-env/lib/python3.10/site-packages/airflow/example_dags/example_complex.py for tasks to queue
[2024-04-20T12:39:57.673+0700] {logging_mixin.py:188} INFO - [2024-04-20T12:39:57.672+0700] {dagbag.py:540} INFO - Filling up the DagBag from /home/newrey/airflow/airflow-env/lib/python3.10/site-packages/airflow/example_dags/example_complex.py
[2024-04-20T12:39:57.686+0700] {processor.py:840} INFO - DAG(s) 'example_complex' retrieved from /home/newrey/airflow/airflow-env/lib/python3.10/site-packages/airflow/example_dags/example_complex.py
[2024-04-20T12:39:57.735+0700] {logging_mixin.py:188} INFO - [2024-04-20T12:39:57.734+0700] {dag.py:3096} INFO - Sync 1 DAGs
[2024-04-20T12:39:57.751+0700] {logging_mixin.py:188} INFO - [2024-04-20T12:39:57.750+0700] {dag.py:3954} INFO - Setting next_dagrun for example_complex to None, run_after=None
[2024-04-20T12:39:57.800+0700] {processor.py:183} INFO - Processing /home/newrey/airflow/airflow-env/lib/python3.10/site-packages/airflow/example_dags/example_complex.py took 0.153 seconds
[2024-04-20T12:41:01.356+0700] {processor.py:161} INFO - Started process (PID=19182) to work on /home/newrey/airflow/airflow-env/lib/python3.10/site-packages/airflow/example_dags/example_complex.py
[2024-04-20T12:41:01.360+0700] {processor.py:830} INFO - Processing file /home/newrey/airflow/airflow-env/lib/python3.10/site-packages/airflow/example_dags/example_complex.py for tasks to queue
[2024-04-20T12:41:01.361+0700] {logging_mixin.py:188} INFO - [2024-04-20T12:41:01.361+0700] {dagbag.py:540} INFO - Filling up the DagBag from /home/newrey/airflow/airflow-env/lib/python3.10/site-packages/airflow/example_dags/example_complex.py
[2024-04-20T12:41:01.385+0700] {processor.py:840} INFO - DAG(s) 'example_complex' retrieved from /home/newrey/airflow/airflow-env/lib/python3.10/site-packages/airflow/example_dags/example_complex.py
[2024-04-20T12:41:01.442+0700] {logging_mixin.py:188} INFO - [2024-04-20T12:41:01.441+0700] {dag.py:3096} INFO - Sync 1 DAGs
[2024-04-20T12:41:01.473+0700] {logging_mixin.py:188} INFO - [2024-04-20T12:41:01.472+0700] {dag.py:3954} INFO - Setting next_dagrun for example_complex to None, run_after=None
[2024-04-20T12:41:01.518+0700] {processor.py:183} INFO - Processing /home/newrey/airflow/airflow-env/lib/python3.10/site-packages/airflow/example_dags/example_complex.py took 0.181 seconds
[2024-04-20T12:42:01.862+0700] {processor.py:161} INFO - Started process (PID=19709) to work on /home/newrey/airflow/airflow-env/lib/python3.10/site-packages/airflow/example_dags/example_complex.py
[2024-04-20T12:42:01.865+0700] {processor.py:830} INFO - Processing file /home/newrey/airflow/airflow-env/lib/python3.10/site-packages/airflow/example_dags/example_complex.py for tasks to queue
[2024-04-20T12:42:01.867+0700] {logging_mixin.py:188} INFO - [2024-04-20T12:42:01.866+0700] {dagbag.py:540} INFO - Filling up the DagBag from /home/newrey/airflow/airflow-env/lib/python3.10/site-packages/airflow/example_dags/example_complex.py
[2024-04-20T12:42:01.893+0700] {processor.py:840} INFO - DAG(s) 'example_complex' retrieved from /home/newrey/airflow/airflow-env/lib/python3.10/site-packages/airflow/example_dags/example_complex.py
[2024-04-20T12:42:01.958+0700] {logging_mixin.py:188} INFO - [2024-04-20T12:42:01.957+0700] {dag.py:3096} INFO - Sync 1 DAGs
[2024-04-20T12:42:01.988+0700] {logging_mixin.py:188} INFO - [2024-04-20T12:42:01.987+0700] {dag.py:3954} INFO - Setting next_dagrun for example_complex to None, run_after=None
[2024-04-20T12:42:02.048+0700] {processor.py:183} INFO - Processing /home/newrey/airflow/airflow-env/lib/python3.10/site-packages/airflow/example_dags/example_complex.py took 0.211 seconds
[2024-04-20T12:43:04.110+0700] {processor.py:161} INFO - Started process (PID=20163) to work on /home/newrey/airflow/airflow-env/lib/python3.10/site-packages/airflow/example_dags/example_complex.py
[2024-04-20T12:43:04.112+0700] {processor.py:830} INFO - Processing file /home/newrey/airflow/airflow-env/lib/python3.10/site-packages/airflow/example_dags/example_complex.py for tasks to queue
[2024-04-20T12:43:04.114+0700] {logging_mixin.py:188} INFO - [2024-04-20T12:43:04.114+0700] {dagbag.py:540} INFO - Filling up the DagBag from /home/newrey/airflow/airflow-env/lib/python3.10/site-packages/airflow/example_dags/example_complex.py
[2024-04-20T12:43:04.129+0700] {processor.py:840} INFO - DAG(s) 'example_complex' retrieved from /home/newrey/airflow/airflow-env/lib/python3.10/site-packages/airflow/example_dags/example_complex.py
[2024-04-20T12:43:04.178+0700] {logging_mixin.py:188} INFO - [2024-04-20T12:43:04.178+0700] {dag.py:3096} INFO - Sync 1 DAGs
[2024-04-20T12:43:04.198+0700] {logging_mixin.py:188} INFO - [2024-04-20T12:43:04.198+0700] {dag.py:3954} INFO - Setting next_dagrun for example_complex to None, run_after=None
[2024-04-20T12:43:04.223+0700] {processor.py:183} INFO - Processing /home/newrey/airflow/airflow-env/lib/python3.10/site-packages/airflow/example_dags/example_complex.py took 0.132 seconds
[2024-04-20T12:44:07.525+0700] {processor.py:161} INFO - Started process (PID=20629) to work on /home/newrey/airflow/airflow-env/lib/python3.10/site-packages/airflow/example_dags/example_complex.py
[2024-04-20T12:44:07.537+0700] {processor.py:830} INFO - Processing file /home/newrey/airflow/airflow-env/lib/python3.10/site-packages/airflow/example_dags/example_complex.py for tasks to queue
[2024-04-20T12:44:07.539+0700] {logging_mixin.py:188} INFO - [2024-04-20T12:44:07.539+0700] {dagbag.py:540} INFO - Filling up the DagBag from /home/newrey/airflow/airflow-env/lib/python3.10/site-packages/airflow/example_dags/example_complex.py
[2024-04-20T12:44:07.562+0700] {processor.py:840} INFO - DAG(s) 'example_complex' retrieved from /home/newrey/airflow/airflow-env/lib/python3.10/site-packages/airflow/example_dags/example_complex.py
[2024-04-20T12:44:07.632+0700] {logging_mixin.py:188} INFO - [2024-04-20T12:44:07.631+0700] {dag.py:3096} INFO - Sync 1 DAGs
[2024-04-20T12:44:07.660+0700] {logging_mixin.py:188} INFO - [2024-04-20T12:44:07.659+0700] {dag.py:3954} INFO - Setting next_dagrun for example_complex to None, run_after=None
[2024-04-20T12:44:07.713+0700] {processor.py:183} INFO - Processing /home/newrey/airflow/airflow-env/lib/python3.10/site-packages/airflow/example_dags/example_complex.py took 0.207 seconds
[2024-04-20T12:45:04.100+0700] {processor.py:161} INFO - Started process (PID=21053) to work on /home/newrey/airflow/airflow-env/lib/python3.10/site-packages/airflow/example_dags/example_complex.py
[2024-04-20T12:45:04.108+0700] {processor.py:830} INFO - Processing file /home/newrey/airflow/airflow-env/lib/python3.10/site-packages/airflow/example_dags/example_complex.py for tasks to queue
[2024-04-20T12:45:04.110+0700] {logging_mixin.py:188} INFO - [2024-04-20T12:45:04.109+0700] {dagbag.py:540} INFO - Filling up the DagBag from /home/newrey/airflow/airflow-env/lib/python3.10/site-packages/airflow/example_dags/example_complex.py
[2024-04-20T12:45:04.127+0700] {processor.py:840} INFO - DAG(s) 'example_complex' retrieved from /home/newrey/airflow/airflow-env/lib/python3.10/site-packages/airflow/example_dags/example_complex.py
[2024-04-20T12:45:04.170+0700] {logging_mixin.py:188} INFO - [2024-04-20T12:45:04.169+0700] {dag.py:3096} INFO - Sync 1 DAGs
[2024-04-20T12:45:04.183+0700] {logging_mixin.py:188} INFO - [2024-04-20T12:45:04.183+0700] {dag.py:3954} INFO - Setting next_dagrun for example_complex to None, run_after=None
[2024-04-20T12:45:04.221+0700] {processor.py:183} INFO - Processing /home/newrey/airflow/airflow-env/lib/python3.10/site-packages/airflow/example_dags/example_complex.py took 0.133 seconds
[2024-04-20T12:46:06.756+0700] {processor.py:161} INFO - Started process (PID=21532) to work on /home/newrey/airflow/airflow-env/lib/python3.10/site-packages/airflow/example_dags/example_complex.py
[2024-04-20T12:46:06.760+0700] {processor.py:830} INFO - Processing file /home/newrey/airflow/airflow-env/lib/python3.10/site-packages/airflow/example_dags/example_complex.py for tasks to queue
[2024-04-20T12:46:06.762+0700] {logging_mixin.py:188} INFO - [2024-04-20T12:46:06.761+0700] {dagbag.py:540} INFO - Filling up the DagBag from /home/newrey/airflow/airflow-env/lib/python3.10/site-packages/airflow/example_dags/example_complex.py
[2024-04-20T12:46:06.785+0700] {processor.py:840} INFO - DAG(s) 'example_complex' retrieved from /home/newrey/airflow/airflow-env/lib/python3.10/site-packages/airflow/example_dags/example_complex.py
[2024-04-20T12:46:06.858+0700] {logging_mixin.py:188} INFO - [2024-04-20T12:46:06.858+0700] {dag.py:3096} INFO - Sync 1 DAGs
[2024-04-20T12:46:06.876+0700] {logging_mixin.py:188} INFO - [2024-04-20T12:46:06.876+0700] {dag.py:3954} INFO - Setting next_dagrun for example_complex to None, run_after=None
[2024-04-20T12:46:06.906+0700] {processor.py:183} INFO - Processing /home/newrey/airflow/airflow-env/lib/python3.10/site-packages/airflow/example_dags/example_complex.py took 0.168 seconds
[2024-04-20T12:47:06.849+0700] {processor.py:161} INFO - Started process (PID=22042) to work on /home/newrey/airflow/airflow-env/lib/python3.10/site-packages/airflow/example_dags/example_complex.py
[2024-04-20T12:47:06.858+0700] {processor.py:830} INFO - Processing file /home/newrey/airflow/airflow-env/lib/python3.10/site-packages/airflow/example_dags/example_complex.py for tasks to queue
[2024-04-20T12:47:06.860+0700] {logging_mixin.py:188} INFO - [2024-04-20T12:47:06.859+0700] {dagbag.py:540} INFO - Filling up the DagBag from /home/newrey/airflow/airflow-env/lib/python3.10/site-packages/airflow/example_dags/example_complex.py
[2024-04-20T12:47:06.886+0700] {processor.py:840} INFO - DAG(s) 'example_complex' retrieved from /home/newrey/airflow/airflow-env/lib/python3.10/site-packages/airflow/example_dags/example_complex.py
[2024-04-20T12:47:06.950+0700] {logging_mixin.py:188} INFO - [2024-04-20T12:47:06.949+0700] {dag.py:3096} INFO - Sync 1 DAGs
[2024-04-20T12:47:06.975+0700] {logging_mixin.py:188} INFO - [2024-04-20T12:47:06.974+0700] {dag.py:3954} INFO - Setting next_dagrun for example_complex to None, run_after=None
[2024-04-20T12:47:07.032+0700] {processor.py:183} INFO - Processing /home/newrey/airflow/airflow-env/lib/python3.10/site-packages/airflow/example_dags/example_complex.py took 0.201 seconds
[2024-04-20T12:48:09.764+0700] {processor.py:161} INFO - Started process (PID=22507) to work on /home/newrey/airflow/airflow-env/lib/python3.10/site-packages/airflow/example_dags/example_complex.py
[2024-04-20T12:48:09.767+0700] {processor.py:830} INFO - Processing file /home/newrey/airflow/airflow-env/lib/python3.10/site-packages/airflow/example_dags/example_complex.py for tasks to queue
[2024-04-20T12:48:09.769+0700] {logging_mixin.py:188} INFO - [2024-04-20T12:48:09.768+0700] {dagbag.py:540} INFO - Filling up the DagBag from /home/newrey/airflow/airflow-env/lib/python3.10/site-packages/airflow/example_dags/example_complex.py
[2024-04-20T12:48:09.792+0700] {processor.py:840} INFO - DAG(s) 'example_complex' retrieved from /home/newrey/airflow/airflow-env/lib/python3.10/site-packages/airflow/example_dags/example_complex.py
[2024-04-20T12:48:09.859+0700] {logging_mixin.py:188} INFO - [2024-04-20T12:48:09.858+0700] {dag.py:3096} INFO - Sync 1 DAGs
[2024-04-20T12:48:09.877+0700] {logging_mixin.py:188} INFO - [2024-04-20T12:48:09.876+0700] {dag.py:3954} INFO - Setting next_dagrun for example_complex to None, run_after=None
[2024-04-20T12:48:09.919+0700] {processor.py:183} INFO - Processing /home/newrey/airflow/airflow-env/lib/python3.10/site-packages/airflow/example_dags/example_complex.py took 0.175 seconds
