[2024-04-20T12:19:37.411+0700] {processor.py:161} INFO - Started process (PID=5753) to work on /home/newrey/airflow/airflow-env/lib/python3.10/site-packages/airflow/example_dags/example_branch_datetime_operator.py
[2024-04-20T12:19:37.414+0700] {processor.py:830} INFO - Processing file /home/newrey/airflow/airflow-env/lib/python3.10/site-packages/airflow/example_dags/example_branch_datetime_operator.py for tasks to queue
[2024-04-20T12:19:37.423+0700] {logging_mixin.py:188} INFO - [2024-04-20T12:19:37.422+0700] {dagbag.py:540} INFO - Filling up the DagBag from /home/newrey/airflow/airflow-env/lib/python3.10/site-packages/airflow/example_dags/example_branch_datetime_operator.py
[2024-04-20T12:19:37.523+0700] {processor.py:840} INFO - DAG(s) 'example_branch_datetime_operator_2', 'example_branch_datetime_operator', 'example_branch_datetime_operator_3' retrieved from /home/newrey/airflow/airflow-env/lib/python3.10/site-packages/airflow/example_dags/example_branch_datetime_operator.py
[2024-04-20T12:19:39.042+0700] {logging_mixin.py:188} INFO - [2024-04-20T12:19:39.041+0700] {dag.py:3096} INFO - Sync 3 DAGs
[2024-04-20T12:19:39.199+0700] {logging_mixin.py:188} INFO - [2024-04-20T12:19:39.197+0700] {dag.py:3954} INFO - Setting next_dagrun for example_branch_datetime_operator to 2024-04-19 00:00:00+00:00, run_after=2024-04-20 00:00:00+00:00
[2024-04-20T12:19:39.232+0700] {logging_mixin.py:188} INFO - [2024-04-20T12:19:39.231+0700] {dag.py:3954} INFO - Setting next_dagrun for example_branch_datetime_operator_2 to 2024-04-19 00:00:00+00:00, run_after=2024-04-20 00:00:00+00:00
[2024-04-20T12:19:39.261+0700] {logging_mixin.py:188} INFO - [2024-04-20T12:19:39.249+0700] {dag.py:3954} INFO - Setting next_dagrun for example_branch_datetime_operator_3 to 2024-04-19 00:00:00+00:00, run_after=2024-04-20 00:00:00+00:00
[2024-04-20T12:19:39.556+0700] {processor.py:183} INFO - Processing /home/newrey/airflow/airflow-env/lib/python3.10/site-packages/airflow/example_dags/example_branch_datetime_operator.py took 2.180 seconds
[2024-04-20T12:21:30.512+0700] {processor.py:161} INFO - Started process (PID=6630) to work on /home/newrey/airflow/airflow-env/lib/python3.10/site-packages/airflow/example_dags/example_branch_datetime_operator.py
[2024-04-20T12:21:30.516+0700] {processor.py:830} INFO - Processing file /home/newrey/airflow/airflow-env/lib/python3.10/site-packages/airflow/example_dags/example_branch_datetime_operator.py for tasks to queue
[2024-04-20T12:21:30.519+0700] {logging_mixin.py:188} INFO - [2024-04-20T12:21:30.518+0700] {dagbag.py:540} INFO - Filling up the DagBag from /home/newrey/airflow/airflow-env/lib/python3.10/site-packages/airflow/example_dags/example_branch_datetime_operator.py
[2024-04-20T12:21:30.538+0700] {processor.py:840} INFO - DAG(s) 'example_branch_datetime_operator', 'example_branch_datetime_operator_2', 'example_branch_datetime_operator_3' retrieved from /home/newrey/airflow/airflow-env/lib/python3.10/site-packages/airflow/example_dags/example_branch_datetime_operator.py
[2024-04-20T12:21:30.573+0700] {logging_mixin.py:188} INFO - [2024-04-20T12:21:30.573+0700] {dag.py:3096} INFO - Sync 3 DAGs
[2024-04-20T12:21:30.617+0700] {logging_mixin.py:188} INFO - [2024-04-20T12:21:30.616+0700] {dag.py:3954} INFO - Setting next_dagrun for example_branch_datetime_operator to 2024-04-19 00:00:00+00:00, run_after=2024-04-20 00:00:00+00:00
[2024-04-20T12:21:30.628+0700] {logging_mixin.py:188} INFO - [2024-04-20T12:21:30.628+0700] {dag.py:3954} INFO - Setting next_dagrun for example_branch_datetime_operator_2 to 2024-04-19 00:00:00+00:00, run_after=2024-04-20 00:00:00+00:00
[2024-04-20T12:21:30.634+0700] {logging_mixin.py:188} INFO - [2024-04-20T12:21:30.633+0700] {dag.py:3954} INFO - Setting next_dagrun for example_branch_datetime_operator_3 to 2024-04-19 00:00:00+00:00, run_after=2024-04-20 00:00:00+00:00
[2024-04-20T12:21:30.681+0700] {processor.py:183} INFO - Processing /home/newrey/airflow/airflow-env/lib/python3.10/site-packages/airflow/example_dags/example_branch_datetime_operator.py took 0.183 seconds
[2024-04-20T12:22:56.484+0700] {processor.py:161} INFO - Started process (PID=7528) to work on /home/newrey/airflow/airflow-env/lib/python3.10/site-packages/airflow/example_dags/example_branch_datetime_operator.py
[2024-04-20T12:22:56.487+0700] {processor.py:830} INFO - Processing file /home/newrey/airflow/airflow-env/lib/python3.10/site-packages/airflow/example_dags/example_branch_datetime_operator.py for tasks to queue
[2024-04-20T12:22:56.491+0700] {logging_mixin.py:188} INFO - [2024-04-20T12:22:56.489+0700] {dagbag.py:540} INFO - Filling up the DagBag from /home/newrey/airflow/airflow-env/lib/python3.10/site-packages/airflow/example_dags/example_branch_datetime_operator.py
[2024-04-20T12:22:56.513+0700] {processor.py:840} INFO - DAG(s) 'example_branch_datetime_operator_3', 'example_branch_datetime_operator', 'example_branch_datetime_operator_2' retrieved from /home/newrey/airflow/airflow-env/lib/python3.10/site-packages/airflow/example_dags/example_branch_datetime_operator.py
[2024-04-20T12:22:56.571+0700] {logging_mixin.py:188} INFO - [2024-04-20T12:22:56.570+0700] {dag.py:3096} INFO - Sync 3 DAGs
[2024-04-20T12:22:56.636+0700] {logging_mixin.py:188} INFO - [2024-04-20T12:22:56.635+0700] {dag.py:3954} INFO - Setting next_dagrun for example_branch_datetime_operator to 2024-04-19 00:00:00+00:00, run_after=2024-04-20 00:00:00+00:00
[2024-04-20T12:22:56.650+0700] {logging_mixin.py:188} INFO - [2024-04-20T12:22:56.649+0700] {dag.py:3954} INFO - Setting next_dagrun for example_branch_datetime_operator_2 to 2024-04-19 00:00:00+00:00, run_after=2024-04-20 00:00:00+00:00
[2024-04-20T12:22:56.658+0700] {logging_mixin.py:188} INFO - [2024-04-20T12:22:56.657+0700] {dag.py:3954} INFO - Setting next_dagrun for example_branch_datetime_operator_3 to 2024-04-19 00:00:00+00:00, run_after=2024-04-20 00:00:00+00:00
[2024-04-20T12:22:56.720+0700] {processor.py:183} INFO - Processing /home/newrey/airflow/airflow-env/lib/python3.10/site-packages/airflow/example_dags/example_branch_datetime_operator.py took 0.247 seconds
[2024-04-20T12:24:42.428+0700] {processor.py:161} INFO - Started process (PID=8669) to work on /home/newrey/airflow/airflow-env/lib/python3.10/site-packages/airflow/example_dags/example_branch_datetime_operator.py
[2024-04-20T12:24:42.431+0700] {processor.py:830} INFO - Processing file /home/newrey/airflow/airflow-env/lib/python3.10/site-packages/airflow/example_dags/example_branch_datetime_operator.py for tasks to queue
[2024-04-20T12:24:42.435+0700] {logging_mixin.py:188} INFO - [2024-04-20T12:24:42.433+0700] {dagbag.py:540} INFO - Filling up the DagBag from /home/newrey/airflow/airflow-env/lib/python3.10/site-packages/airflow/example_dags/example_branch_datetime_operator.py
[2024-04-20T12:24:42.458+0700] {processor.py:840} INFO - DAG(s) 'example_branch_datetime_operator_3', 'example_branch_datetime_operator', 'example_branch_datetime_operator_2' retrieved from /home/newrey/airflow/airflow-env/lib/python3.10/site-packages/airflow/example_dags/example_branch_datetime_operator.py
[2024-04-20T12:24:42.503+0700] {logging_mixin.py:188} INFO - [2024-04-20T12:24:42.503+0700] {dag.py:3096} INFO - Sync 3 DAGs
[2024-04-20T12:24:42.577+0700] {logging_mixin.py:188} INFO - [2024-04-20T12:24:42.576+0700] {dag.py:3954} INFO - Setting next_dagrun for example_branch_datetime_operator to 2024-04-19 00:00:00+00:00, run_after=2024-04-20 00:00:00+00:00
[2024-04-20T12:24:42.592+0700] {logging_mixin.py:188} INFO - [2024-04-20T12:24:42.591+0700] {dag.py:3954} INFO - Setting next_dagrun for example_branch_datetime_operator_2 to 2024-04-19 00:00:00+00:00, run_after=2024-04-20 00:00:00+00:00
[2024-04-20T12:24:42.602+0700] {logging_mixin.py:188} INFO - [2024-04-20T12:24:42.601+0700] {dag.py:3954} INFO - Setting next_dagrun for example_branch_datetime_operator_3 to 2024-04-19 00:00:00+00:00, run_after=2024-04-20 00:00:00+00:00
[2024-04-20T12:24:42.667+0700] {processor.py:183} INFO - Processing /home/newrey/airflow/airflow-env/lib/python3.10/site-packages/airflow/example_dags/example_branch_datetime_operator.py took 0.258 seconds
[2024-04-20T12:26:12.066+0700] {processor.py:161} INFO - Started process (PID=9833) to work on /home/newrey/airflow/airflow-env/lib/python3.10/site-packages/airflow/example_dags/example_branch_datetime_operator.py
[2024-04-20T12:26:12.070+0700] {processor.py:830} INFO - Processing file /home/newrey/airflow/airflow-env/lib/python3.10/site-packages/airflow/example_dags/example_branch_datetime_operator.py for tasks to queue
[2024-04-20T12:26:12.074+0700] {logging_mixin.py:188} INFO - [2024-04-20T12:26:12.073+0700] {dagbag.py:540} INFO - Filling up the DagBag from /home/newrey/airflow/airflow-env/lib/python3.10/site-packages/airflow/example_dags/example_branch_datetime_operator.py
[2024-04-20T12:26:12.098+0700] {processor.py:840} INFO - DAG(s) 'example_branch_datetime_operator_3', 'example_branch_datetime_operator', 'example_branch_datetime_operator_2' retrieved from /home/newrey/airflow/airflow-env/lib/python3.10/site-packages/airflow/example_dags/example_branch_datetime_operator.py
[2024-04-20T12:26:12.143+0700] {logging_mixin.py:188} INFO - [2024-04-20T12:26:12.142+0700] {dag.py:3096} INFO - Sync 3 DAGs
[2024-04-20T12:26:12.196+0700] {logging_mixin.py:188} INFO - [2024-04-20T12:26:12.195+0700] {dag.py:3954} INFO - Setting next_dagrun for example_branch_datetime_operator to 2024-04-19 00:00:00+00:00, run_after=2024-04-20 00:00:00+00:00
[2024-04-20T12:26:12.207+0700] {logging_mixin.py:188} INFO - [2024-04-20T12:26:12.206+0700] {dag.py:3954} INFO - Setting next_dagrun for example_branch_datetime_operator_2 to 2024-04-19 00:00:00+00:00, run_after=2024-04-20 00:00:00+00:00
[2024-04-20T12:26:12.213+0700] {logging_mixin.py:188} INFO - [2024-04-20T12:26:12.212+0700] {dag.py:3954} INFO - Setting next_dagrun for example_branch_datetime_operator_3 to 2024-04-19 00:00:00+00:00, run_after=2024-04-20 00:00:00+00:00
[2024-04-20T12:26:12.262+0700] {processor.py:183} INFO - Processing /home/newrey/airflow/airflow-env/lib/python3.10/site-packages/airflow/example_dags/example_branch_datetime_operator.py took 0.216 seconds
[2024-04-20T12:27:29.678+0700] {processor.py:161} INFO - Started process (PID=10450) to work on /home/newrey/airflow/airflow-env/lib/python3.10/site-packages/airflow/example_dags/example_branch_datetime_operator.py
[2024-04-20T12:27:29.682+0700] {processor.py:830} INFO - Processing file /home/newrey/airflow/airflow-env/lib/python3.10/site-packages/airflow/example_dags/example_branch_datetime_operator.py for tasks to queue
[2024-04-20T12:27:29.685+0700] {logging_mixin.py:188} INFO - [2024-04-20T12:27:29.684+0700] {dagbag.py:540} INFO - Filling up the DagBag from /home/newrey/airflow/airflow-env/lib/python3.10/site-packages/airflow/example_dags/example_branch_datetime_operator.py
[2024-04-20T12:27:29.707+0700] {processor.py:840} INFO - DAG(s) 'example_branch_datetime_operator_3', 'example_branch_datetime_operator_2', 'example_branch_datetime_operator' retrieved from /home/newrey/airflow/airflow-env/lib/python3.10/site-packages/airflow/example_dags/example_branch_datetime_operator.py
[2024-04-20T12:27:29.773+0700] {logging_mixin.py:188} INFO - [2024-04-20T12:27:29.772+0700] {dag.py:3096} INFO - Sync 3 DAGs
[2024-04-20T12:27:29.817+0700] {logging_mixin.py:188} INFO - [2024-04-20T12:27:29.817+0700] {dag.py:3954} INFO - Setting next_dagrun for example_branch_datetime_operator to 2024-04-19 00:00:00+00:00, run_after=2024-04-20 00:00:00+00:00
[2024-04-20T12:27:29.826+0700] {logging_mixin.py:188} INFO - [2024-04-20T12:27:29.825+0700] {dag.py:3954} INFO - Setting next_dagrun for example_branch_datetime_operator_2 to 2024-04-19 00:00:00+00:00, run_after=2024-04-20 00:00:00+00:00
[2024-04-20T12:27:29.831+0700] {logging_mixin.py:188} INFO - [2024-04-20T12:27:29.831+0700] {dag.py:3954} INFO - Setting next_dagrun for example_branch_datetime_operator_3 to 2024-04-19 00:00:00+00:00, run_after=2024-04-20 00:00:00+00:00
[2024-04-20T12:27:29.879+0700] {processor.py:183} INFO - Processing /home/newrey/airflow/airflow-env/lib/python3.10/site-packages/airflow/example_dags/example_branch_datetime_operator.py took 0.221 seconds
[2024-04-20T12:29:18.481+0700] {processor.py:161} INFO - Started process (PID=12088) to work on /home/newrey/airflow/airflow-env/lib/python3.10/site-packages/airflow/example_dags/example_branch_datetime_operator.py
[2024-04-20T12:29:18.499+0700] {processor.py:830} INFO - Processing file /home/newrey/airflow/airflow-env/lib/python3.10/site-packages/airflow/example_dags/example_branch_datetime_operator.py for tasks to queue
[2024-04-20T12:29:18.502+0700] {logging_mixin.py:188} INFO - [2024-04-20T12:29:18.501+0700] {dagbag.py:540} INFO - Filling up the DagBag from /home/newrey/airflow/airflow-env/lib/python3.10/site-packages/airflow/example_dags/example_branch_datetime_operator.py
[2024-04-20T12:29:18.587+0700] {processor.py:840} INFO - DAG(s) 'example_branch_datetime_operator_3', 'example_branch_datetime_operator_2', 'example_branch_datetime_operator' retrieved from /home/newrey/airflow/airflow-env/lib/python3.10/site-packages/airflow/example_dags/example_branch_datetime_operator.py
[2024-04-20T12:29:18.849+0700] {logging_mixin.py:188} INFO - [2024-04-20T12:29:18.838+0700] {dag.py:3096} INFO - Sync 3 DAGs
[2024-04-20T12:29:19.021+0700] {logging_mixin.py:188} INFO - [2024-04-20T12:29:19.020+0700] {dag.py:3954} INFO - Setting next_dagrun for example_branch_datetime_operator to 2024-04-19 00:00:00+00:00, run_after=2024-04-20 00:00:00+00:00
[2024-04-20T12:29:19.067+0700] {logging_mixin.py:188} INFO - [2024-04-20T12:29:19.067+0700] {dag.py:3954} INFO - Setting next_dagrun for example_branch_datetime_operator_2 to 2024-04-19 00:00:00+00:00, run_after=2024-04-20 00:00:00+00:00
[2024-04-20T12:29:19.105+0700] {logging_mixin.py:188} INFO - [2024-04-20T12:29:19.104+0700] {dag.py:3954} INFO - Setting next_dagrun for example_branch_datetime_operator_3 to 2024-04-19 00:00:00+00:00, run_after=2024-04-20 00:00:00+00:00
[2024-04-20T12:29:19.449+0700] {processor.py:183} INFO - Processing /home/newrey/airflow/airflow-env/lib/python3.10/site-packages/airflow/example_dags/example_branch_datetime_operator.py took 1.044 seconds
[2024-04-20T12:31:43.756+0700] {processor.py:161} INFO - Started process (PID=14292) to work on /home/newrey/airflow/airflow-env/lib/python3.10/site-packages/airflow/example_dags/example_branch_datetime_operator.py
[2024-04-20T12:31:43.761+0700] {processor.py:830} INFO - Processing file /home/newrey/airflow/airflow-env/lib/python3.10/site-packages/airflow/example_dags/example_branch_datetime_operator.py for tasks to queue
[2024-04-20T12:31:43.763+0700] {logging_mixin.py:188} INFO - [2024-04-20T12:31:43.762+0700] {dagbag.py:540} INFO - Filling up the DagBag from /home/newrey/airflow/airflow-env/lib/python3.10/site-packages/airflow/example_dags/example_branch_datetime_operator.py
[2024-04-20T12:31:43.778+0700] {processor.py:840} INFO - DAG(s) 'example_branch_datetime_operator_3', 'example_branch_datetime_operator', 'example_branch_datetime_operator_2' retrieved from /home/newrey/airflow/airflow-env/lib/python3.10/site-packages/airflow/example_dags/example_branch_datetime_operator.py
[2024-04-20T12:31:43.818+0700] {logging_mixin.py:188} INFO - [2024-04-20T12:31:43.817+0700] {dag.py:3096} INFO - Sync 3 DAGs
[2024-04-20T12:31:43.857+0700] {logging_mixin.py:188} INFO - [2024-04-20T12:31:43.856+0700] {dag.py:3954} INFO - Setting next_dagrun for example_branch_datetime_operator to 2024-04-19 00:00:00+00:00, run_after=2024-04-20 00:00:00+00:00
[2024-04-20T12:31:43.868+0700] {logging_mixin.py:188} INFO - [2024-04-20T12:31:43.867+0700] {dag.py:3954} INFO - Setting next_dagrun for example_branch_datetime_operator_2 to 2024-04-19 00:00:00+00:00, run_after=2024-04-20 00:00:00+00:00
[2024-04-20T12:31:43.873+0700] {logging_mixin.py:188} INFO - [2024-04-20T12:31:43.872+0700] {dag.py:3954} INFO - Setting next_dagrun for example_branch_datetime_operator_3 to 2024-04-19 00:00:00+00:00, run_after=2024-04-20 00:00:00+00:00
[2024-04-20T12:31:43.912+0700] {processor.py:183} INFO - Processing /home/newrey/airflow/airflow-env/lib/python3.10/site-packages/airflow/example_dags/example_branch_datetime_operator.py took 0.173 seconds
[2024-04-20T12:33:06.528+0700] {processor.py:161} INFO - Started process (PID=14995) to work on /home/newrey/airflow/airflow-env/lib/python3.10/site-packages/airflow/example_dags/example_branch_datetime_operator.py
[2024-04-20T12:33:06.533+0700] {processor.py:830} INFO - Processing file /home/newrey/airflow/airflow-env/lib/python3.10/site-packages/airflow/example_dags/example_branch_datetime_operator.py for tasks to queue
[2024-04-20T12:33:06.535+0700] {logging_mixin.py:188} INFO - [2024-04-20T12:33:06.534+0700] {dagbag.py:540} INFO - Filling up the DagBag from /home/newrey/airflow/airflow-env/lib/python3.10/site-packages/airflow/example_dags/example_branch_datetime_operator.py
[2024-04-20T12:33:06.579+0700] {processor.py:840} INFO - DAG(s) 'example_branch_datetime_operator', 'example_branch_datetime_operator_3', 'example_branch_datetime_operator_2' retrieved from /home/newrey/airflow/airflow-env/lib/python3.10/site-packages/airflow/example_dags/example_branch_datetime_operator.py
[2024-04-20T12:33:06.643+0700] {logging_mixin.py:188} INFO - [2024-04-20T12:33:06.643+0700] {dag.py:3096} INFO - Sync 3 DAGs
[2024-04-20T12:33:06.697+0700] {logging_mixin.py:188} INFO - [2024-04-20T12:33:06.696+0700] {dag.py:3954} INFO - Setting next_dagrun for example_branch_datetime_operator to 2024-04-19 00:00:00+00:00, run_after=2024-04-20 00:00:00+00:00
[2024-04-20T12:33:06.723+0700] {logging_mixin.py:188} INFO - [2024-04-20T12:33:06.722+0700] {dag.py:3954} INFO - Setting next_dagrun for example_branch_datetime_operator_2 to 2024-04-19 00:00:00+00:00, run_after=2024-04-20 00:00:00+00:00
[2024-04-20T12:33:06.736+0700] {logging_mixin.py:188} INFO - [2024-04-20T12:33:06.735+0700] {dag.py:3954} INFO - Setting next_dagrun for example_branch_datetime_operator_3 to 2024-04-19 00:00:00+00:00, run_after=2024-04-20 00:00:00+00:00
[2024-04-20T12:33:06.790+0700] {processor.py:183} INFO - Processing /home/newrey/airflow/airflow-env/lib/python3.10/site-packages/airflow/example_dags/example_branch_datetime_operator.py took 0.291 seconds
[2024-04-20T12:34:33.585+0700] {processor.py:161} INFO - Started process (PID=15960) to work on /home/newrey/airflow/airflow-env/lib/python3.10/site-packages/airflow/example_dags/example_branch_datetime_operator.py
[2024-04-20T12:34:33.590+0700] {processor.py:830} INFO - Processing file /home/newrey/airflow/airflow-env/lib/python3.10/site-packages/airflow/example_dags/example_branch_datetime_operator.py for tasks to queue
[2024-04-20T12:34:33.593+0700] {logging_mixin.py:188} INFO - [2024-04-20T12:34:33.592+0700] {dagbag.py:540} INFO - Filling up the DagBag from /home/newrey/airflow/airflow-env/lib/python3.10/site-packages/airflow/example_dags/example_branch_datetime_operator.py
[2024-04-20T12:34:33.627+0700] {processor.py:840} INFO - DAG(s) 'example_branch_datetime_operator', 'example_branch_datetime_operator_2', 'example_branch_datetime_operator_3' retrieved from /home/newrey/airflow/airflow-env/lib/python3.10/site-packages/airflow/example_dags/example_branch_datetime_operator.py
[2024-04-20T12:34:33.694+0700] {logging_mixin.py:188} INFO - [2024-04-20T12:34:33.693+0700] {dag.py:3096} INFO - Sync 3 DAGs
[2024-04-20T12:34:33.764+0700] {logging_mixin.py:188} INFO - [2024-04-20T12:34:33.764+0700] {dag.py:3954} INFO - Setting next_dagrun for example_branch_datetime_operator to 2024-04-19 00:00:00+00:00, run_after=2024-04-20 00:00:00+00:00
[2024-04-20T12:34:33.784+0700] {logging_mixin.py:188} INFO - [2024-04-20T12:34:33.784+0700] {dag.py:3954} INFO - Setting next_dagrun for example_branch_datetime_operator_2 to 2024-04-19 00:00:00+00:00, run_after=2024-04-20 00:00:00+00:00
[2024-04-20T12:34:33.803+0700] {logging_mixin.py:188} INFO - [2024-04-20T12:34:33.799+0700] {dag.py:3954} INFO - Setting next_dagrun for example_branch_datetime_operator_3 to 2024-04-19 00:00:00+00:00, run_after=2024-04-20 00:00:00+00:00
[2024-04-20T12:34:33.889+0700] {processor.py:183} INFO - Processing /home/newrey/airflow/airflow-env/lib/python3.10/site-packages/airflow/example_dags/example_branch_datetime_operator.py took 0.336 seconds
[2024-04-20T12:36:06.152+0700] {processor.py:161} INFO - Started process (PID=16713) to work on /home/newrey/airflow/airflow-env/lib/python3.10/site-packages/airflow/example_dags/example_branch_datetime_operator.py
[2024-04-20T12:36:06.204+0700] {processor.py:830} INFO - Processing file /home/newrey/airflow/airflow-env/lib/python3.10/site-packages/airflow/example_dags/example_branch_datetime_operator.py for tasks to queue
[2024-04-20T12:36:06.216+0700] {logging_mixin.py:188} INFO - [2024-04-20T12:36:06.215+0700] {dagbag.py:540} INFO - Filling up the DagBag from /home/newrey/airflow/airflow-env/lib/python3.10/site-packages/airflow/example_dags/example_branch_datetime_operator.py
[2024-04-20T12:36:06.284+0700] {processor.py:840} INFO - DAG(s) 'example_branch_datetime_operator', 'example_branch_datetime_operator_3', 'example_branch_datetime_operator_2' retrieved from /home/newrey/airflow/airflow-env/lib/python3.10/site-packages/airflow/example_dags/example_branch_datetime_operator.py
[2024-04-20T12:36:06.517+0700] {logging_mixin.py:188} INFO - [2024-04-20T12:36:06.516+0700] {dag.py:3096} INFO - Sync 3 DAGs
[2024-04-20T12:36:06.730+0700] {logging_mixin.py:188} INFO - [2024-04-20T12:36:06.729+0700] {dag.py:3954} INFO - Setting next_dagrun for example_branch_datetime_operator to 2024-04-19 00:00:00+00:00, run_after=2024-04-20 00:00:00+00:00
[2024-04-20T12:36:06.778+0700] {logging_mixin.py:188} INFO - [2024-04-20T12:36:06.767+0700] {dag.py:3954} INFO - Setting next_dagrun for example_branch_datetime_operator_2 to 2024-04-19 00:00:00+00:00, run_after=2024-04-20 00:00:00+00:00
[2024-04-20T12:36:06.797+0700] {logging_mixin.py:188} INFO - [2024-04-20T12:36:06.796+0700] {dag.py:3954} INFO - Setting next_dagrun for example_branch_datetime_operator_3 to 2024-04-19 00:00:00+00:00, run_after=2024-04-20 00:00:00+00:00
[2024-04-20T12:36:07.002+0700] {processor.py:183} INFO - Processing /home/newrey/airflow/airflow-env/lib/python3.10/site-packages/airflow/example_dags/example_branch_datetime_operator.py took 0.916 seconds
[2024-04-20T12:37:22.132+0700] {processor.py:161} INFO - Started process (PID=17440) to work on /home/newrey/airflow/airflow-env/lib/python3.10/site-packages/airflow/example_dags/example_branch_datetime_operator.py
[2024-04-20T12:37:22.136+0700] {processor.py:830} INFO - Processing file /home/newrey/airflow/airflow-env/lib/python3.10/site-packages/airflow/example_dags/example_branch_datetime_operator.py for tasks to queue
[2024-04-20T12:37:22.138+0700] {logging_mixin.py:188} INFO - [2024-04-20T12:37:22.137+0700] {dagbag.py:540} INFO - Filling up the DagBag from /home/newrey/airflow/airflow-env/lib/python3.10/site-packages/airflow/example_dags/example_branch_datetime_operator.py
[2024-04-20T12:37:22.169+0700] {processor.py:840} INFO - DAG(s) 'example_branch_datetime_operator_3', 'example_branch_datetime_operator', 'example_branch_datetime_operator_2' retrieved from /home/newrey/airflow/airflow-env/lib/python3.10/site-packages/airflow/example_dags/example_branch_datetime_operator.py
[2024-04-20T12:37:22.220+0700] {logging_mixin.py:188} INFO - [2024-04-20T12:37:22.219+0700] {dag.py:3096} INFO - Sync 3 DAGs
[2024-04-20T12:37:22.290+0700] {logging_mixin.py:188} INFO - [2024-04-20T12:37:22.289+0700] {dag.py:3954} INFO - Setting next_dagrun for example_branch_datetime_operator to 2024-04-19 00:00:00+00:00, run_after=2024-04-20 00:00:00+00:00
[2024-04-20T12:37:22.325+0700] {logging_mixin.py:188} INFO - [2024-04-20T12:37:22.324+0700] {dag.py:3954} INFO - Setting next_dagrun for example_branch_datetime_operator_2 to 2024-04-19 00:00:00+00:00, run_after=2024-04-20 00:00:00+00:00
[2024-04-20T12:37:22.355+0700] {logging_mixin.py:188} INFO - [2024-04-20T12:37:22.354+0700] {dag.py:3954} INFO - Setting next_dagrun for example_branch_datetime_operator_3 to 2024-04-19 00:00:00+00:00, run_after=2024-04-20 00:00:00+00:00
[2024-04-20T12:37:22.625+0700] {processor.py:183} INFO - Processing /home/newrey/airflow/airflow-env/lib/python3.10/site-packages/airflow/example_dags/example_branch_datetime_operator.py took 0.514 seconds
[2024-04-20T12:38:42.303+0700] {processor.py:161} INFO - Started process (PID=18121) to work on /home/newrey/airflow/airflow-env/lib/python3.10/site-packages/airflow/example_dags/example_branch_datetime_operator.py
[2024-04-20T12:38:42.308+0700] {processor.py:830} INFO - Processing file /home/newrey/airflow/airflow-env/lib/python3.10/site-packages/airflow/example_dags/example_branch_datetime_operator.py for tasks to queue
[2024-04-20T12:38:42.313+0700] {logging_mixin.py:188} INFO - [2024-04-20T12:38:42.311+0700] {dagbag.py:540} INFO - Filling up the DagBag from /home/newrey/airflow/airflow-env/lib/python3.10/site-packages/airflow/example_dags/example_branch_datetime_operator.py
[2024-04-20T12:38:42.338+0700] {processor.py:840} INFO - DAG(s) 'example_branch_datetime_operator', 'example_branch_datetime_operator_2', 'example_branch_datetime_operator_3' retrieved from /home/newrey/airflow/airflow-env/lib/python3.10/site-packages/airflow/example_dags/example_branch_datetime_operator.py
[2024-04-20T12:38:42.387+0700] {logging_mixin.py:188} INFO - [2024-04-20T12:38:42.386+0700] {dag.py:3096} INFO - Sync 3 DAGs
[2024-04-20T12:38:42.431+0700] {logging_mixin.py:188} INFO - [2024-04-20T12:38:42.431+0700] {dag.py:3954} INFO - Setting next_dagrun for example_branch_datetime_operator to 2024-04-19 00:00:00+00:00, run_after=2024-04-20 00:00:00+00:00
[2024-04-20T12:38:42.444+0700] {logging_mixin.py:188} INFO - [2024-04-20T12:38:42.443+0700] {dag.py:3954} INFO - Setting next_dagrun for example_branch_datetime_operator_2 to 2024-04-19 00:00:00+00:00, run_after=2024-04-20 00:00:00+00:00
[2024-04-20T12:38:42.448+0700] {logging_mixin.py:188} INFO - [2024-04-20T12:38:42.448+0700] {dag.py:3954} INFO - Setting next_dagrun for example_branch_datetime_operator_3 to 2024-04-19 00:00:00+00:00, run_after=2024-04-20 00:00:00+00:00
[2024-04-20T12:38:42.493+0700] {processor.py:183} INFO - Processing /home/newrey/airflow/airflow-env/lib/python3.10/site-packages/airflow/example_dags/example_branch_datetime_operator.py took 0.211 seconds
[2024-04-20T12:40:00.931+0700] {processor.py:161} INFO - Started process (PID=18741) to work on /home/newrey/airflow/airflow-env/lib/python3.10/site-packages/airflow/example_dags/example_branch_datetime_operator.py
[2024-04-20T12:40:00.934+0700] {processor.py:830} INFO - Processing file /home/newrey/airflow/airflow-env/lib/python3.10/site-packages/airflow/example_dags/example_branch_datetime_operator.py for tasks to queue
[2024-04-20T12:40:00.938+0700] {logging_mixin.py:188} INFO - [2024-04-20T12:40:00.937+0700] {dagbag.py:540} INFO - Filling up the DagBag from /home/newrey/airflow/airflow-env/lib/python3.10/site-packages/airflow/example_dags/example_branch_datetime_operator.py
[2024-04-20T12:40:00.965+0700] {processor.py:840} INFO - DAG(s) 'example_branch_datetime_operator', 'example_branch_datetime_operator_3', 'example_branch_datetime_operator_2' retrieved from /home/newrey/airflow/airflow-env/lib/python3.10/site-packages/airflow/example_dags/example_branch_datetime_operator.py
[2024-04-20T12:40:01.023+0700] {logging_mixin.py:188} INFO - [2024-04-20T12:40:01.022+0700] {dag.py:3096} INFO - Sync 3 DAGs
[2024-04-20T12:40:01.060+0700] {logging_mixin.py:188} INFO - [2024-04-20T12:40:01.060+0700] {dag.py:3954} INFO - Setting next_dagrun for example_branch_datetime_operator to 2024-04-19 00:00:00+00:00, run_after=2024-04-20 00:00:00+00:00
[2024-04-20T12:40:01.065+0700] {logging_mixin.py:188} INFO - [2024-04-20T12:40:01.065+0700] {dag.py:3954} INFO - Setting next_dagrun for example_branch_datetime_operator_2 to 2024-04-19 00:00:00+00:00, run_after=2024-04-20 00:00:00+00:00
[2024-04-20T12:40:01.068+0700] {logging_mixin.py:188} INFO - [2024-04-20T12:40:01.068+0700] {dag.py:3954} INFO - Setting next_dagrun for example_branch_datetime_operator_3 to 2024-04-19 00:00:00+00:00, run_after=2024-04-20 00:00:00+00:00
[2024-04-20T12:40:01.109+0700] {processor.py:183} INFO - Processing /home/newrey/airflow/airflow-env/lib/python3.10/site-packages/airflow/example_dags/example_branch_datetime_operator.py took 0.202 seconds
[2024-04-20T12:41:03.934+0700] {processor.py:161} INFO - Started process (PID=19201) to work on /home/newrey/airflow/airflow-env/lib/python3.10/site-packages/airflow/example_dags/example_branch_datetime_operator.py
[2024-04-20T12:41:03.936+0700] {processor.py:830} INFO - Processing file /home/newrey/airflow/airflow-env/lib/python3.10/site-packages/airflow/example_dags/example_branch_datetime_operator.py for tasks to queue
[2024-04-20T12:41:03.938+0700] {logging_mixin.py:188} INFO - [2024-04-20T12:41:03.938+0700] {dagbag.py:540} INFO - Filling up the DagBag from /home/newrey/airflow/airflow-env/lib/python3.10/site-packages/airflow/example_dags/example_branch_datetime_operator.py
[2024-04-20T12:41:03.960+0700] {processor.py:840} INFO - DAG(s) 'example_branch_datetime_operator_3', 'example_branch_datetime_operator_2', 'example_branch_datetime_operator' retrieved from /home/newrey/airflow/airflow-env/lib/python3.10/site-packages/airflow/example_dags/example_branch_datetime_operator.py
[2024-04-20T12:41:04.009+0700] {logging_mixin.py:188} INFO - [2024-04-20T12:41:04.008+0700] {dag.py:3096} INFO - Sync 3 DAGs
[2024-04-20T12:41:04.067+0700] {logging_mixin.py:188} INFO - [2024-04-20T12:41:04.066+0700] {dag.py:3954} INFO - Setting next_dagrun for example_branch_datetime_operator to 2024-04-19 00:00:00+00:00, run_after=2024-04-20 00:00:00+00:00
[2024-04-20T12:41:04.081+0700] {logging_mixin.py:188} INFO - [2024-04-20T12:41:04.080+0700] {dag.py:3954} INFO - Setting next_dagrun for example_branch_datetime_operator_2 to 2024-04-19 00:00:00+00:00, run_after=2024-04-20 00:00:00+00:00
[2024-04-20T12:41:04.088+0700] {logging_mixin.py:188} INFO - [2024-04-20T12:41:04.087+0700] {dag.py:3954} INFO - Setting next_dagrun for example_branch_datetime_operator_3 to 2024-04-19 00:00:00+00:00, run_after=2024-04-20 00:00:00+00:00
[2024-04-20T12:41:04.137+0700] {processor.py:183} INFO - Processing /home/newrey/airflow/airflow-env/lib/python3.10/site-packages/airflow/example_dags/example_branch_datetime_operator.py took 0.222 seconds
[2024-04-20T12:42:05.251+0700] {processor.py:161} INFO - Started process (PID=19731) to work on /home/newrey/airflow/airflow-env/lib/python3.10/site-packages/airflow/example_dags/example_branch_datetime_operator.py
[2024-04-20T12:42:05.255+0700] {processor.py:830} INFO - Processing file /home/newrey/airflow/airflow-env/lib/python3.10/site-packages/airflow/example_dags/example_branch_datetime_operator.py for tasks to queue
[2024-04-20T12:42:05.259+0700] {logging_mixin.py:188} INFO - [2024-04-20T12:42:05.258+0700] {dagbag.py:540} INFO - Filling up the DagBag from /home/newrey/airflow/airflow-env/lib/python3.10/site-packages/airflow/example_dags/example_branch_datetime_operator.py
[2024-04-20T12:42:05.286+0700] {processor.py:840} INFO - DAG(s) 'example_branch_datetime_operator', 'example_branch_datetime_operator_3', 'example_branch_datetime_operator_2' retrieved from /home/newrey/airflow/airflow-env/lib/python3.10/site-packages/airflow/example_dags/example_branch_datetime_operator.py
[2024-04-20T12:42:05.339+0700] {logging_mixin.py:188} INFO - [2024-04-20T12:42:05.339+0700] {dag.py:3096} INFO - Sync 3 DAGs
[2024-04-20T12:42:05.371+0700] {logging_mixin.py:188} INFO - [2024-04-20T12:42:05.371+0700] {dag.py:3954} INFO - Setting next_dagrun for example_branch_datetime_operator to 2024-04-19 00:00:00+00:00, run_after=2024-04-20 00:00:00+00:00
[2024-04-20T12:42:05.377+0700] {logging_mixin.py:188} INFO - [2024-04-20T12:42:05.376+0700] {dag.py:3954} INFO - Setting next_dagrun for example_branch_datetime_operator_2 to 2024-04-19 00:00:00+00:00, run_after=2024-04-20 00:00:00+00:00
[2024-04-20T12:42:05.380+0700] {logging_mixin.py:188} INFO - [2024-04-20T12:42:05.379+0700] {dag.py:3954} INFO - Setting next_dagrun for example_branch_datetime_operator_3 to 2024-04-19 00:00:00+00:00, run_after=2024-04-20 00:00:00+00:00
[2024-04-20T12:42:05.408+0700] {processor.py:183} INFO - Processing /home/newrey/airflow/airflow-env/lib/python3.10/site-packages/airflow/example_dags/example_branch_datetime_operator.py took 0.176 seconds
[2024-04-20T12:43:08.071+0700] {processor.py:161} INFO - Started process (PID=20188) to work on /home/newrey/airflow/airflow-env/lib/python3.10/site-packages/airflow/example_dags/example_branch_datetime_operator.py
[2024-04-20T12:43:08.074+0700] {processor.py:830} INFO - Processing file /home/newrey/airflow/airflow-env/lib/python3.10/site-packages/airflow/example_dags/example_branch_datetime_operator.py for tasks to queue
[2024-04-20T12:43:08.076+0700] {logging_mixin.py:188} INFO - [2024-04-20T12:43:08.075+0700] {dagbag.py:540} INFO - Filling up the DagBag from /home/newrey/airflow/airflow-env/lib/python3.10/site-packages/airflow/example_dags/example_branch_datetime_operator.py
[2024-04-20T12:43:08.099+0700] {processor.py:840} INFO - DAG(s) 'example_branch_datetime_operator', 'example_branch_datetime_operator_2', 'example_branch_datetime_operator_3' retrieved from /home/newrey/airflow/airflow-env/lib/python3.10/site-packages/airflow/example_dags/example_branch_datetime_operator.py
[2024-04-20T12:43:08.145+0700] {logging_mixin.py:188} INFO - [2024-04-20T12:43:08.145+0700] {dag.py:3096} INFO - Sync 3 DAGs
[2024-04-20T12:43:08.182+0700] {logging_mixin.py:188} INFO - [2024-04-20T12:43:08.181+0700] {dag.py:3954} INFO - Setting next_dagrun for example_branch_datetime_operator to 2024-04-19 00:00:00+00:00, run_after=2024-04-20 00:00:00+00:00
[2024-04-20T12:43:08.192+0700] {logging_mixin.py:188} INFO - [2024-04-20T12:43:08.191+0700] {dag.py:3954} INFO - Setting next_dagrun for example_branch_datetime_operator_2 to 2024-04-19 00:00:00+00:00, run_after=2024-04-20 00:00:00+00:00
[2024-04-20T12:43:08.197+0700] {logging_mixin.py:188} INFO - [2024-04-20T12:43:08.196+0700] {dag.py:3954} INFO - Setting next_dagrun for example_branch_datetime_operator_3 to 2024-04-19 00:00:00+00:00, run_after=2024-04-20 00:00:00+00:00
[2024-04-20T12:43:08.229+0700] {processor.py:183} INFO - Processing /home/newrey/airflow/airflow-env/lib/python3.10/site-packages/airflow/example_dags/example_branch_datetime_operator.py took 0.181 seconds
[2024-04-20T12:44:10.210+0700] {processor.py:161} INFO - Started process (PID=20645) to work on /home/newrey/airflow/airflow-env/lib/python3.10/site-packages/airflow/example_dags/example_branch_datetime_operator.py
[2024-04-20T12:44:10.215+0700] {processor.py:830} INFO - Processing file /home/newrey/airflow/airflow-env/lib/python3.10/site-packages/airflow/example_dags/example_branch_datetime_operator.py for tasks to queue
[2024-04-20T12:44:10.216+0700] {logging_mixin.py:188} INFO - [2024-04-20T12:44:10.216+0700] {dagbag.py:540} INFO - Filling up the DagBag from /home/newrey/airflow/airflow-env/lib/python3.10/site-packages/airflow/example_dags/example_branch_datetime_operator.py
[2024-04-20T12:44:10.233+0700] {processor.py:840} INFO - DAG(s) 'example_branch_datetime_operator_3', 'example_branch_datetime_operator_2', 'example_branch_datetime_operator' retrieved from /home/newrey/airflow/airflow-env/lib/python3.10/site-packages/airflow/example_dags/example_branch_datetime_operator.py
[2024-04-20T12:44:10.274+0700] {logging_mixin.py:188} INFO - [2024-04-20T12:44:10.273+0700] {dag.py:3096} INFO - Sync 3 DAGs
[2024-04-20T12:44:10.298+0700] {logging_mixin.py:188} INFO - [2024-04-20T12:44:10.298+0700] {dag.py:3954} INFO - Setting next_dagrun for example_branch_datetime_operator to 2024-04-19 00:00:00+00:00, run_after=2024-04-20 00:00:00+00:00
[2024-04-20T12:44:10.305+0700] {logging_mixin.py:188} INFO - [2024-04-20T12:44:10.305+0700] {dag.py:3954} INFO - Setting next_dagrun for example_branch_datetime_operator_2 to 2024-04-19 00:00:00+00:00, run_after=2024-04-20 00:00:00+00:00
[2024-04-20T12:44:10.309+0700] {logging_mixin.py:188} INFO - [2024-04-20T12:44:10.308+0700] {dag.py:3954} INFO - Setting next_dagrun for example_branch_datetime_operator_3 to 2024-04-19 00:00:00+00:00, run_after=2024-04-20 00:00:00+00:00
[2024-04-20T12:44:10.333+0700] {processor.py:183} INFO - Processing /home/newrey/airflow/airflow-env/lib/python3.10/site-packages/airflow/example_dags/example_branch_datetime_operator.py took 0.139 seconds
[2024-04-20T12:45:08.025+0700] {processor.py:161} INFO - Started process (PID=21077) to work on /home/newrey/airflow/airflow-env/lib/python3.10/site-packages/airflow/example_dags/example_branch_datetime_operator.py
[2024-04-20T12:45:08.028+0700] {processor.py:830} INFO - Processing file /home/newrey/airflow/airflow-env/lib/python3.10/site-packages/airflow/example_dags/example_branch_datetime_operator.py for tasks to queue
[2024-04-20T12:45:08.030+0700] {logging_mixin.py:188} INFO - [2024-04-20T12:45:08.030+0700] {dagbag.py:540} INFO - Filling up the DagBag from /home/newrey/airflow/airflow-env/lib/python3.10/site-packages/airflow/example_dags/example_branch_datetime_operator.py
[2024-04-20T12:45:08.052+0700] {processor.py:840} INFO - DAG(s) 'example_branch_datetime_operator_3', 'example_branch_datetime_operator', 'example_branch_datetime_operator_2' retrieved from /home/newrey/airflow/airflow-env/lib/python3.10/site-packages/airflow/example_dags/example_branch_datetime_operator.py
[2024-04-20T12:45:08.092+0700] {logging_mixin.py:188} INFO - [2024-04-20T12:45:08.092+0700] {dag.py:3096} INFO - Sync 3 DAGs
[2024-04-20T12:45:08.118+0700] {logging_mixin.py:188} INFO - [2024-04-20T12:45:08.117+0700] {dag.py:3954} INFO - Setting next_dagrun for example_branch_datetime_operator to 2024-04-19 00:00:00+00:00, run_after=2024-04-20 00:00:00+00:00
[2024-04-20T12:45:08.123+0700] {logging_mixin.py:188} INFO - [2024-04-20T12:45:08.123+0700] {dag.py:3954} INFO - Setting next_dagrun for example_branch_datetime_operator_2 to 2024-04-19 00:00:00+00:00, run_after=2024-04-20 00:00:00+00:00
[2024-04-20T12:45:08.126+0700] {logging_mixin.py:188} INFO - [2024-04-20T12:45:08.126+0700] {dag.py:3954} INFO - Setting next_dagrun for example_branch_datetime_operator_3 to 2024-04-19 00:00:00+00:00, run_after=2024-04-20 00:00:00+00:00
[2024-04-20T12:45:08.149+0700] {processor.py:183} INFO - Processing /home/newrey/airflow/airflow-env/lib/python3.10/site-packages/airflow/example_dags/example_branch_datetime_operator.py took 0.143 seconds
[2024-04-20T12:46:10.686+0700] {processor.py:161} INFO - Started process (PID=21558) to work on /home/newrey/airflow/airflow-env/lib/python3.10/site-packages/airflow/example_dags/example_branch_datetime_operator.py
[2024-04-20T12:46:10.688+0700] {processor.py:830} INFO - Processing file /home/newrey/airflow/airflow-env/lib/python3.10/site-packages/airflow/example_dags/example_branch_datetime_operator.py for tasks to queue
[2024-04-20T12:46:10.690+0700] {logging_mixin.py:188} INFO - [2024-04-20T12:46:10.689+0700] {dagbag.py:540} INFO - Filling up the DagBag from /home/newrey/airflow/airflow-env/lib/python3.10/site-packages/airflow/example_dags/example_branch_datetime_operator.py
[2024-04-20T12:46:10.703+0700] {processor.py:840} INFO - DAG(s) 'example_branch_datetime_operator_3', 'example_branch_datetime_operator', 'example_branch_datetime_operator_2' retrieved from /home/newrey/airflow/airflow-env/lib/python3.10/site-packages/airflow/example_dags/example_branch_datetime_operator.py
[2024-04-20T12:46:10.725+0700] {logging_mixin.py:188} INFO - [2024-04-20T12:46:10.725+0700] {dag.py:3096} INFO - Sync 3 DAGs
[2024-04-20T12:46:10.748+0700] {logging_mixin.py:188} INFO - [2024-04-20T12:46:10.748+0700] {dag.py:3954} INFO - Setting next_dagrun for example_branch_datetime_operator to 2024-04-19 00:00:00+00:00, run_after=2024-04-20 00:00:00+00:00
[2024-04-20T12:46:10.756+0700] {logging_mixin.py:188} INFO - [2024-04-20T12:46:10.756+0700] {dag.py:3954} INFO - Setting next_dagrun for example_branch_datetime_operator_2 to 2024-04-19 00:00:00+00:00, run_after=2024-04-20 00:00:00+00:00
[2024-04-20T12:46:10.762+0700] {logging_mixin.py:188} INFO - [2024-04-20T12:46:10.762+0700] {dag.py:3954} INFO - Setting next_dagrun for example_branch_datetime_operator_3 to 2024-04-19 00:00:00+00:00, run_after=2024-04-20 00:00:00+00:00
[2024-04-20T12:46:10.797+0700] {processor.py:183} INFO - Processing /home/newrey/airflow/airflow-env/lib/python3.10/site-packages/airflow/example_dags/example_branch_datetime_operator.py took 0.131 seconds
[2024-04-20T12:47:10.915+0700] {processor.py:161} INFO - Started process (PID=22067) to work on /home/newrey/airflow/airflow-env/lib/python3.10/site-packages/airflow/example_dags/example_branch_datetime_operator.py
[2024-04-20T12:47:10.918+0700] {processor.py:830} INFO - Processing file /home/newrey/airflow/airflow-env/lib/python3.10/site-packages/airflow/example_dags/example_branch_datetime_operator.py for tasks to queue
[2024-04-20T12:47:10.920+0700] {logging_mixin.py:188} INFO - [2024-04-20T12:47:10.919+0700] {dagbag.py:540} INFO - Filling up the DagBag from /home/newrey/airflow/airflow-env/lib/python3.10/site-packages/airflow/example_dags/example_branch_datetime_operator.py
[2024-04-20T12:47:10.942+0700] {processor.py:840} INFO - DAG(s) 'example_branch_datetime_operator_2', 'example_branch_datetime_operator_3', 'example_branch_datetime_operator' retrieved from /home/newrey/airflow/airflow-env/lib/python3.10/site-packages/airflow/example_dags/example_branch_datetime_operator.py
[2024-04-20T12:47:10.992+0700] {logging_mixin.py:188} INFO - [2024-04-20T12:47:10.992+0700] {dag.py:3096} INFO - Sync 3 DAGs
[2024-04-20T12:47:11.050+0700] {logging_mixin.py:188} INFO - [2024-04-20T12:47:11.049+0700] {dag.py:3954} INFO - Setting next_dagrun for example_branch_datetime_operator to 2024-04-19 00:00:00+00:00, run_after=2024-04-20 00:00:00+00:00
[2024-04-20T12:47:11.058+0700] {logging_mixin.py:188} INFO - [2024-04-20T12:47:11.057+0700] {dag.py:3954} INFO - Setting next_dagrun for example_branch_datetime_operator_2 to 2024-04-19 00:00:00+00:00, run_after=2024-04-20 00:00:00+00:00
[2024-04-20T12:47:11.063+0700] {logging_mixin.py:188} INFO - [2024-04-20T12:47:11.063+0700] {dag.py:3954} INFO - Setting next_dagrun for example_branch_datetime_operator_3 to 2024-04-19 00:00:00+00:00, run_after=2024-04-20 00:00:00+00:00
[2024-04-20T12:47:11.100+0700] {processor.py:183} INFO - Processing /home/newrey/airflow/airflow-env/lib/python3.10/site-packages/airflow/example_dags/example_branch_datetime_operator.py took 0.204 seconds
[2024-04-20T12:48:13.592+0700] {processor.py:161} INFO - Started process (PID=22525) to work on /home/newrey/airflow/airflow-env/lib/python3.10/site-packages/airflow/example_dags/example_branch_datetime_operator.py
[2024-04-20T12:48:13.596+0700] {processor.py:830} INFO - Processing file /home/newrey/airflow/airflow-env/lib/python3.10/site-packages/airflow/example_dags/example_branch_datetime_operator.py for tasks to queue
[2024-04-20T12:48:13.598+0700] {logging_mixin.py:188} INFO - [2024-04-20T12:48:13.597+0700] {dagbag.py:540} INFO - Filling up the DagBag from /home/newrey/airflow/airflow-env/lib/python3.10/site-packages/airflow/example_dags/example_branch_datetime_operator.py
[2024-04-20T12:48:13.609+0700] {processor.py:840} INFO - DAG(s) 'example_branch_datetime_operator', 'example_branch_datetime_operator_2', 'example_branch_datetime_operator_3' retrieved from /home/newrey/airflow/airflow-env/lib/python3.10/site-packages/airflow/example_dags/example_branch_datetime_operator.py
[2024-04-20T12:48:13.632+0700] {logging_mixin.py:188} INFO - [2024-04-20T12:48:13.632+0700] {dag.py:3096} INFO - Sync 3 DAGs
[2024-04-20T12:48:13.669+0700] {logging_mixin.py:188} INFO - [2024-04-20T12:48:13.668+0700] {dag.py:3954} INFO - Setting next_dagrun for example_branch_datetime_operator to 2024-04-19 00:00:00+00:00, run_after=2024-04-20 00:00:00+00:00
[2024-04-20T12:48:13.683+0700] {logging_mixin.py:188} INFO - [2024-04-20T12:48:13.682+0700] {dag.py:3954} INFO - Setting next_dagrun for example_branch_datetime_operator_2 to 2024-04-19 00:00:00+00:00, run_after=2024-04-20 00:00:00+00:00
[2024-04-20T12:48:13.690+0700] {logging_mixin.py:188} INFO - [2024-04-20T12:48:13.690+0700] {dag.py:3954} INFO - Setting next_dagrun for example_branch_datetime_operator_3 to 2024-04-19 00:00:00+00:00, run_after=2024-04-20 00:00:00+00:00
[2024-04-20T12:48:13.719+0700] {processor.py:183} INFO - Processing /home/newrey/airflow/airflow-env/lib/python3.10/site-packages/airflow/example_dags/example_branch_datetime_operator.py took 0.145 seconds
