[2024-04-20T12:19:49.902+0700] {processor.py:161} INFO - Started process (PID=5961) to work on /home/newrey/airflow/airflow-env/lib/python3.10/site-packages/airflow/example_dags/example_bash_operator.py
[2024-04-20T12:19:49.905+0700] {processor.py:830} INFO - Processing file /home/newrey/airflow/airflow-env/lib/python3.10/site-packages/airflow/example_dags/example_bash_operator.py for tasks to queue
[2024-04-20T12:19:49.919+0700] {logging_mixin.py:188} INFO - [2024-04-20T12:19:49.918+0700] {dagbag.py:540} INFO - Filling up the DagBag from /home/newrey/airflow/airflow-env/lib/python3.10/site-packages/airflow/example_dags/example_bash_operator.py
[2024-04-20T12:19:49.987+0700] {processor.py:840} INFO - DAG(s) 'example_bash_operator' retrieved from /home/newrey/airflow/airflow-env/lib/python3.10/site-packages/airflow/example_dags/example_bash_operator.py
[2024-04-20T12:19:51.141+0700] {logging_mixin.py:188} INFO - [2024-04-20T12:19:51.130+0700] {dag.py:3096} INFO - Sync 1 DAGs
[2024-04-20T12:19:51.287+0700] {logging_mixin.py:188} INFO - [2024-04-20T12:19:51.286+0700] {dag.py:3954} INFO - Setting next_dagrun for example_bash_operator to 2024-04-19 00:00:00+00:00, run_after=2024-04-20 00:00:00+00:00
[2024-04-20T12:19:51.541+0700] {processor.py:183} INFO - Processing /home/newrey/airflow/airflow-env/lib/python3.10/site-packages/airflow/example_dags/example_bash_operator.py took 1.670 seconds
[2024-04-20T12:21:35.514+0700] {processor.py:161} INFO - Started process (PID=6659) to work on /home/newrey/airflow/airflow-env/lib/python3.10/site-packages/airflow/example_dags/example_bash_operator.py
[2024-04-20T12:21:35.518+0700] {processor.py:830} INFO - Processing file /home/newrey/airflow/airflow-env/lib/python3.10/site-packages/airflow/example_dags/example_bash_operator.py for tasks to queue
[2024-04-20T12:21:35.522+0700] {logging_mixin.py:188} INFO - [2024-04-20T12:21:35.521+0700] {dagbag.py:540} INFO - Filling up the DagBag from /home/newrey/airflow/airflow-env/lib/python3.10/site-packages/airflow/example_dags/example_bash_operator.py
[2024-04-20T12:21:35.548+0700] {processor.py:840} INFO - DAG(s) 'example_bash_operator' retrieved from /home/newrey/airflow/airflow-env/lib/python3.10/site-packages/airflow/example_dags/example_bash_operator.py
[2024-04-20T12:21:35.614+0700] {logging_mixin.py:188} INFO - [2024-04-20T12:21:35.613+0700] {dag.py:3096} INFO - Sync 1 DAGs
[2024-04-20T12:21:35.665+0700] {logging_mixin.py:188} INFO - [2024-04-20T12:21:35.664+0700] {dag.py:3954} INFO - Setting next_dagrun for example_bash_operator to 2024-04-19 00:00:00+00:00, run_after=2024-04-20 00:00:00+00:00
[2024-04-20T12:21:35.726+0700] {processor.py:183} INFO - Processing /home/newrey/airflow/airflow-env/lib/python3.10/site-packages/airflow/example_dags/example_bash_operator.py took 0.224 seconds
[2024-04-20T12:23:01.923+0700] {processor.py:161} INFO - Started process (PID=7621) to work on /home/newrey/airflow/airflow-env/lib/python3.10/site-packages/airflow/example_dags/example_bash_operator.py
[2024-04-20T12:23:01.927+0700] {processor.py:830} INFO - Processing file /home/newrey/airflow/airflow-env/lib/python3.10/site-packages/airflow/example_dags/example_bash_operator.py for tasks to queue
[2024-04-20T12:23:01.931+0700] {logging_mixin.py:188} INFO - [2024-04-20T12:23:01.930+0700] {dagbag.py:540} INFO - Filling up the DagBag from /home/newrey/airflow/airflow-env/lib/python3.10/site-packages/airflow/example_dags/example_bash_operator.py
[2024-04-20T12:23:01.959+0700] {processor.py:840} INFO - DAG(s) 'example_bash_operator' retrieved from /home/newrey/airflow/airflow-env/lib/python3.10/site-packages/airflow/example_dags/example_bash_operator.py
[2024-04-20T12:23:02.026+0700] {logging_mixin.py:188} INFO - [2024-04-20T12:23:02.026+0700] {dag.py:3096} INFO - Sync 1 DAGs
[2024-04-20T12:23:02.078+0700] {logging_mixin.py:188} INFO - [2024-04-20T12:23:02.078+0700] {dag.py:3954} INFO - Setting next_dagrun for example_bash_operator to 2024-04-19 00:00:00+00:00, run_after=2024-04-20 00:00:00+00:00
[2024-04-20T12:23:02.137+0700] {processor.py:183} INFO - Processing /home/newrey/airflow/airflow-env/lib/python3.10/site-packages/airflow/example_dags/example_bash_operator.py took 0.233 seconds
[2024-04-20T12:24:46.830+0700] {processor.py:161} INFO - Started process (PID=8721) to work on /home/newrey/airflow/airflow-env/lib/python3.10/site-packages/airflow/example_dags/example_bash_operator.py
[2024-04-20T12:24:46.833+0700] {processor.py:830} INFO - Processing file /home/newrey/airflow/airflow-env/lib/python3.10/site-packages/airflow/example_dags/example_bash_operator.py for tasks to queue
[2024-04-20T12:24:46.837+0700] {logging_mixin.py:188} INFO - [2024-04-20T12:24:46.836+0700] {dagbag.py:540} INFO - Filling up the DagBag from /home/newrey/airflow/airflow-env/lib/python3.10/site-packages/airflow/example_dags/example_bash_operator.py
[2024-04-20T12:24:46.861+0700] {processor.py:840} INFO - DAG(s) 'example_bash_operator' retrieved from /home/newrey/airflow/airflow-env/lib/python3.10/site-packages/airflow/example_dags/example_bash_operator.py
[2024-04-20T12:24:46.910+0700] {logging_mixin.py:188} INFO - [2024-04-20T12:24:46.909+0700] {dag.py:3096} INFO - Sync 1 DAGs
[2024-04-20T12:24:46.951+0700] {logging_mixin.py:188} INFO - [2024-04-20T12:24:46.950+0700] {dag.py:3954} INFO - Setting next_dagrun for example_bash_operator to 2024-04-19 00:00:00+00:00, run_after=2024-04-20 00:00:00+00:00
[2024-04-20T12:24:46.998+0700] {processor.py:183} INFO - Processing /home/newrey/airflow/airflow-env/lib/python3.10/site-packages/airflow/example_dags/example_bash_operator.py took 0.191 seconds
[2024-04-20T12:26:17.118+0700] {processor.py:161} INFO - Started process (PID=9862) to work on /home/newrey/airflow/airflow-env/lib/python3.10/site-packages/airflow/example_dags/example_bash_operator.py
[2024-04-20T12:26:17.123+0700] {processor.py:830} INFO - Processing file /home/newrey/airflow/airflow-env/lib/python3.10/site-packages/airflow/example_dags/example_bash_operator.py for tasks to queue
[2024-04-20T12:26:17.126+0700] {logging_mixin.py:188} INFO - [2024-04-20T12:26:17.125+0700] {dagbag.py:540} INFO - Filling up the DagBag from /home/newrey/airflow/airflow-env/lib/python3.10/site-packages/airflow/example_dags/example_bash_operator.py
[2024-04-20T12:26:17.156+0700] {processor.py:840} INFO - DAG(s) 'example_bash_operator' retrieved from /home/newrey/airflow/airflow-env/lib/python3.10/site-packages/airflow/example_dags/example_bash_operator.py
[2024-04-20T12:26:17.242+0700] {logging_mixin.py:188} INFO - [2024-04-20T12:26:17.241+0700] {dag.py:3096} INFO - Sync 1 DAGs
[2024-04-20T12:26:17.307+0700] {logging_mixin.py:188} INFO - [2024-04-20T12:26:17.306+0700] {dag.py:3954} INFO - Setting next_dagrun for example_bash_operator to 2024-04-19 00:00:00+00:00, run_after=2024-04-20 00:00:00+00:00
[2024-04-20T12:26:17.396+0700] {processor.py:183} INFO - Processing /home/newrey/airflow/airflow-env/lib/python3.10/site-packages/airflow/example_dags/example_bash_operator.py took 0.306 seconds
[2024-04-20T12:27:40.512+0700] {processor.py:161} INFO - Started process (PID=10631) to work on /home/newrey/airflow/airflow-env/lib/python3.10/site-packages/airflow/example_dags/example_bash_operator.py
[2024-04-20T12:27:40.518+0700] {processor.py:830} INFO - Processing file /home/newrey/airflow/airflow-env/lib/python3.10/site-packages/airflow/example_dags/example_bash_operator.py for tasks to queue
[2024-04-20T12:27:40.522+0700] {logging_mixin.py:188} INFO - [2024-04-20T12:27:40.521+0700] {dagbag.py:540} INFO - Filling up the DagBag from /home/newrey/airflow/airflow-env/lib/python3.10/site-packages/airflow/example_dags/example_bash_operator.py
[2024-04-20T12:27:40.563+0700] {processor.py:840} INFO - DAG(s) 'example_bash_operator' retrieved from /home/newrey/airflow/airflow-env/lib/python3.10/site-packages/airflow/example_dags/example_bash_operator.py
[2024-04-20T12:27:40.657+0700] {logging_mixin.py:188} INFO - [2024-04-20T12:27:40.656+0700] {dag.py:3096} INFO - Sync 1 DAGs
[2024-04-20T12:27:40.757+0700] {logging_mixin.py:188} INFO - [2024-04-20T12:27:40.756+0700] {dag.py:3954} INFO - Setting next_dagrun for example_bash_operator to 2024-04-19 00:00:00+00:00, run_after=2024-04-20 00:00:00+00:00
[2024-04-20T12:27:40.860+0700] {processor.py:183} INFO - Processing /home/newrey/airflow/airflow-env/lib/python3.10/site-packages/airflow/example_dags/example_bash_operator.py took 0.378 seconds
[2024-04-20T12:29:27.495+0700] {processor.py:161} INFO - Started process (PID=12205) to work on /home/newrey/airflow/airflow-env/lib/python3.10/site-packages/airflow/example_dags/example_bash_operator.py
[2024-04-20T12:29:27.508+0700] {processor.py:830} INFO - Processing file /home/newrey/airflow/airflow-env/lib/python3.10/site-packages/airflow/example_dags/example_bash_operator.py for tasks to queue
[2024-04-20T12:29:27.510+0700] {logging_mixin.py:188} INFO - [2024-04-20T12:29:27.509+0700] {dagbag.py:540} INFO - Filling up the DagBag from /home/newrey/airflow/airflow-env/lib/python3.10/site-packages/airflow/example_dags/example_bash_operator.py
[2024-04-20T12:29:27.560+0700] {processor.py:840} INFO - DAG(s) 'example_bash_operator' retrieved from /home/newrey/airflow/airflow-env/lib/python3.10/site-packages/airflow/example_dags/example_bash_operator.py
[2024-04-20T12:29:27.691+0700] {logging_mixin.py:188} INFO - [2024-04-20T12:29:27.690+0700] {dag.py:3096} INFO - Sync 1 DAGs
[2024-04-20T12:29:27.762+0700] {logging_mixin.py:188} INFO - [2024-04-20T12:29:27.762+0700] {dag.py:3954} INFO - Setting next_dagrun for example_bash_operator to 2024-04-19 00:00:00+00:00, run_after=2024-04-20 00:00:00+00:00
[2024-04-20T12:29:27.846+0700] {processor.py:183} INFO - Processing /home/newrey/airflow/airflow-env/lib/python3.10/site-packages/airflow/example_dags/example_bash_operator.py took 0.369 seconds
[2024-04-20T12:31:48.352+0700] {processor.py:161} INFO - Started process (PID=14380) to work on /home/newrey/airflow/airflow-env/lib/python3.10/site-packages/airflow/example_dags/example_bash_operator.py
[2024-04-20T12:31:48.356+0700] {processor.py:830} INFO - Processing file /home/newrey/airflow/airflow-env/lib/python3.10/site-packages/airflow/example_dags/example_bash_operator.py for tasks to queue
[2024-04-20T12:31:48.359+0700] {logging_mixin.py:188} INFO - [2024-04-20T12:31:48.357+0700] {dagbag.py:540} INFO - Filling up the DagBag from /home/newrey/airflow/airflow-env/lib/python3.10/site-packages/airflow/example_dags/example_bash_operator.py
[2024-04-20T12:31:48.382+0700] {processor.py:840} INFO - DAG(s) 'example_bash_operator' retrieved from /home/newrey/airflow/airflow-env/lib/python3.10/site-packages/airflow/example_dags/example_bash_operator.py
[2024-04-20T12:31:48.428+0700] {logging_mixin.py:188} INFO - [2024-04-20T12:31:48.428+0700] {dag.py:3096} INFO - Sync 1 DAGs
[2024-04-20T12:31:48.471+0700] {logging_mixin.py:188} INFO - [2024-04-20T12:31:48.470+0700] {dag.py:3954} INFO - Setting next_dagrun for example_bash_operator to 2024-04-19 00:00:00+00:00, run_after=2024-04-20 00:00:00+00:00
[2024-04-20T12:31:48.543+0700] {processor.py:183} INFO - Processing /home/newrey/airflow/airflow-env/lib/python3.10/site-packages/airflow/example_dags/example_bash_operator.py took 0.208 seconds
[2024-04-20T12:33:10.183+0700] {processor.py:161} INFO - Started process (PID=15013) to work on /home/newrey/airflow/airflow-env/lib/python3.10/site-packages/airflow/example_dags/example_bash_operator.py
[2024-04-20T12:33:10.186+0700] {processor.py:830} INFO - Processing file /home/newrey/airflow/airflow-env/lib/python3.10/site-packages/airflow/example_dags/example_bash_operator.py for tasks to queue
[2024-04-20T12:33:10.192+0700] {logging_mixin.py:188} INFO - [2024-04-20T12:33:10.187+0700] {dagbag.py:540} INFO - Filling up the DagBag from /home/newrey/airflow/airflow-env/lib/python3.10/site-packages/airflow/example_dags/example_bash_operator.py
[2024-04-20T12:33:10.224+0700] {processor.py:840} INFO - DAG(s) 'example_bash_operator' retrieved from /home/newrey/airflow/airflow-env/lib/python3.10/site-packages/airflow/example_dags/example_bash_operator.py
[2024-04-20T12:33:10.292+0700] {logging_mixin.py:188} INFO - [2024-04-20T12:33:10.291+0700] {dag.py:3096} INFO - Sync 1 DAGs
[2024-04-20T12:33:10.374+0700] {logging_mixin.py:188} INFO - [2024-04-20T12:33:10.373+0700] {dag.py:3954} INFO - Setting next_dagrun for example_bash_operator to 2024-04-19 00:00:00+00:00, run_after=2024-04-20 00:00:00+00:00
[2024-04-20T12:33:10.472+0700] {processor.py:183} INFO - Processing /home/newrey/airflow/airflow-env/lib/python3.10/site-packages/airflow/example_dags/example_bash_operator.py took 0.309 seconds
[2024-04-20T12:34:40.775+0700] {processor.py:161} INFO - Started process (PID=16000) to work on /home/newrey/airflow/airflow-env/lib/python3.10/site-packages/airflow/example_dags/example_bash_operator.py
[2024-04-20T12:34:40.780+0700] {processor.py:830} INFO - Processing file /home/newrey/airflow/airflow-env/lib/python3.10/site-packages/airflow/example_dags/example_bash_operator.py for tasks to queue
[2024-04-20T12:34:40.783+0700] {logging_mixin.py:188} INFO - [2024-04-20T12:34:40.781+0700] {dagbag.py:540} INFO - Filling up the DagBag from /home/newrey/airflow/airflow-env/lib/python3.10/site-packages/airflow/example_dags/example_bash_operator.py
[2024-04-20T12:34:40.824+0700] {processor.py:840} INFO - DAG(s) 'example_bash_operator' retrieved from /home/newrey/airflow/airflow-env/lib/python3.10/site-packages/airflow/example_dags/example_bash_operator.py
[2024-04-20T12:34:40.914+0700] {logging_mixin.py:188} INFO - [2024-04-20T12:34:40.913+0700] {dag.py:3096} INFO - Sync 1 DAGs
[2024-04-20T12:34:40.953+0700] {logging_mixin.py:188} INFO - [2024-04-20T12:34:40.952+0700] {dag.py:3954} INFO - Setting next_dagrun for example_bash_operator to 2024-04-19 00:00:00+00:00, run_after=2024-04-20 00:00:00+00:00
[2024-04-20T12:34:41.011+0700] {processor.py:183} INFO - Processing /home/newrey/airflow/airflow-env/lib/python3.10/site-packages/airflow/example_dags/example_bash_operator.py took 0.277 seconds
[2024-04-20T12:36:11.493+0700] {processor.py:161} INFO - Started process (PID=16744) to work on /home/newrey/airflow/airflow-env/lib/python3.10/site-packages/airflow/example_dags/example_bash_operator.py
[2024-04-20T12:36:11.497+0700] {processor.py:830} INFO - Processing file /home/newrey/airflow/airflow-env/lib/python3.10/site-packages/airflow/example_dags/example_bash_operator.py for tasks to queue
[2024-04-20T12:36:11.500+0700] {logging_mixin.py:188} INFO - [2024-04-20T12:36:11.498+0700] {dagbag.py:540} INFO - Filling up the DagBag from /home/newrey/airflow/airflow-env/lib/python3.10/site-packages/airflow/example_dags/example_bash_operator.py
[2024-04-20T12:36:11.538+0700] {processor.py:840} INFO - DAG(s) 'example_bash_operator' retrieved from /home/newrey/airflow/airflow-env/lib/python3.10/site-packages/airflow/example_dags/example_bash_operator.py
[2024-04-20T12:36:11.604+0700] {logging_mixin.py:188} INFO - [2024-04-20T12:36:11.603+0700] {dag.py:3096} INFO - Sync 1 DAGs
[2024-04-20T12:36:11.677+0700] {logging_mixin.py:188} INFO - [2024-04-20T12:36:11.675+0700] {dag.py:3954} INFO - Setting next_dagrun for example_bash_operator to 2024-04-19 00:00:00+00:00, run_after=2024-04-20 00:00:00+00:00
[2024-04-20T12:36:11.746+0700] {processor.py:183} INFO - Processing /home/newrey/airflow/airflow-env/lib/python3.10/site-packages/airflow/example_dags/example_bash_operator.py took 0.284 seconds
[2024-04-20T12:37:28.475+0700] {processor.py:161} INFO - Started process (PID=17475) to work on /home/newrey/airflow/airflow-env/lib/python3.10/site-packages/airflow/example_dags/example_bash_operator.py
[2024-04-20T12:37:28.482+0700] {processor.py:830} INFO - Processing file /home/newrey/airflow/airflow-env/lib/python3.10/site-packages/airflow/example_dags/example_bash_operator.py for tasks to queue
[2024-04-20T12:37:28.484+0700] {logging_mixin.py:188} INFO - [2024-04-20T12:37:28.483+0700] {dagbag.py:540} INFO - Filling up the DagBag from /home/newrey/airflow/airflow-env/lib/python3.10/site-packages/airflow/example_dags/example_bash_operator.py
[2024-04-20T12:37:28.543+0700] {processor.py:840} INFO - DAG(s) 'example_bash_operator' retrieved from /home/newrey/airflow/airflow-env/lib/python3.10/site-packages/airflow/example_dags/example_bash_operator.py
[2024-04-20T12:37:28.632+0700] {logging_mixin.py:188} INFO - [2024-04-20T12:37:28.631+0700] {dag.py:3096} INFO - Sync 1 DAGs
[2024-04-20T12:37:28.707+0700] {logging_mixin.py:188} INFO - [2024-04-20T12:37:28.697+0700] {dag.py:3954} INFO - Setting next_dagrun for example_bash_operator to 2024-04-19 00:00:00+00:00, run_after=2024-04-20 00:00:00+00:00
[2024-04-20T12:37:28.836+0700] {processor.py:183} INFO - Processing /home/newrey/airflow/airflow-env/lib/python3.10/site-packages/airflow/example_dags/example_bash_operator.py took 0.384 seconds
[2024-04-20T12:38:48.018+0700] {processor.py:161} INFO - Started process (PID=18178) to work on /home/newrey/airflow/airflow-env/lib/python3.10/site-packages/airflow/example_dags/example_bash_operator.py
[2024-04-20T12:38:48.030+0700] {processor.py:830} INFO - Processing file /home/newrey/airflow/airflow-env/lib/python3.10/site-packages/airflow/example_dags/example_bash_operator.py for tasks to queue
[2024-04-20T12:38:48.034+0700] {logging_mixin.py:188} INFO - [2024-04-20T12:38:48.033+0700] {dagbag.py:540} INFO - Filling up the DagBag from /home/newrey/airflow/airflow-env/lib/python3.10/site-packages/airflow/example_dags/example_bash_operator.py
[2024-04-20T12:38:48.130+0700] {processor.py:840} INFO - DAG(s) 'example_bash_operator' retrieved from /home/newrey/airflow/airflow-env/lib/python3.10/site-packages/airflow/example_dags/example_bash_operator.py
[2024-04-20T12:38:48.212+0700] {logging_mixin.py:188} INFO - [2024-04-20T12:38:48.212+0700] {dag.py:3096} INFO - Sync 1 DAGs
[2024-04-20T12:38:48.274+0700] {logging_mixin.py:188} INFO - [2024-04-20T12:38:48.272+0700] {dag.py:3954} INFO - Setting next_dagrun for example_bash_operator to 2024-04-19 00:00:00+00:00, run_after=2024-04-20 00:00:00+00:00
[2024-04-20T12:38:48.355+0700] {processor.py:183} INFO - Processing /home/newrey/airflow/airflow-env/lib/python3.10/site-packages/airflow/example_dags/example_bash_operator.py took 0.419 seconds
[2024-04-20T12:40:05.734+0700] {processor.py:161} INFO - Started process (PID=18769) to work on /home/newrey/airflow/airflow-env/lib/python3.10/site-packages/airflow/example_dags/example_bash_operator.py
[2024-04-20T12:40:05.753+0700] {processor.py:830} INFO - Processing file /home/newrey/airflow/airflow-env/lib/python3.10/site-packages/airflow/example_dags/example_bash_operator.py for tasks to queue
[2024-04-20T12:40:05.756+0700] {logging_mixin.py:188} INFO - [2024-04-20T12:40:05.754+0700] {dagbag.py:540} INFO - Filling up the DagBag from /home/newrey/airflow/airflow-env/lib/python3.10/site-packages/airflow/example_dags/example_bash_operator.py
[2024-04-20T12:40:05.787+0700] {processor.py:840} INFO - DAG(s) 'example_bash_operator' retrieved from /home/newrey/airflow/airflow-env/lib/python3.10/site-packages/airflow/example_dags/example_bash_operator.py
[2024-04-20T12:40:05.845+0700] {logging_mixin.py:188} INFO - [2024-04-20T12:40:05.845+0700] {dag.py:3096} INFO - Sync 1 DAGs
[2024-04-20T12:40:05.873+0700] {logging_mixin.py:188} INFO - [2024-04-20T12:40:05.872+0700] {dag.py:3954} INFO - Setting next_dagrun for example_bash_operator to 2024-04-19 00:00:00+00:00, run_after=2024-04-20 00:00:00+00:00
[2024-04-20T12:40:05.911+0700] {processor.py:183} INFO - Processing /home/newrey/airflow/airflow-env/lib/python3.10/site-packages/airflow/example_dags/example_bash_operator.py took 0.201 seconds
[2024-04-20T12:41:08.839+0700] {processor.py:161} INFO - Started process (PID=19230) to work on /home/newrey/airflow/airflow-env/lib/python3.10/site-packages/airflow/example_dags/example_bash_operator.py
[2024-04-20T12:41:08.842+0700] {processor.py:830} INFO - Processing file /home/newrey/airflow/airflow-env/lib/python3.10/site-packages/airflow/example_dags/example_bash_operator.py for tasks to queue
[2024-04-20T12:41:08.845+0700] {logging_mixin.py:188} INFO - [2024-04-20T12:41:08.844+0700] {dagbag.py:540} INFO - Filling up the DagBag from /home/newrey/airflow/airflow-env/lib/python3.10/site-packages/airflow/example_dags/example_bash_operator.py
[2024-04-20T12:41:08.869+0700] {processor.py:840} INFO - DAG(s) 'example_bash_operator' retrieved from /home/newrey/airflow/airflow-env/lib/python3.10/site-packages/airflow/example_dags/example_bash_operator.py
[2024-04-20T12:41:08.911+0700] {logging_mixin.py:188} INFO - [2024-04-20T12:41:08.911+0700] {dag.py:3096} INFO - Sync 1 DAGs
[2024-04-20T12:41:08.937+0700] {logging_mixin.py:188} INFO - [2024-04-20T12:41:08.936+0700] {dag.py:3954} INFO - Setting next_dagrun for example_bash_operator to 2024-04-19 00:00:00+00:00, run_after=2024-04-20 00:00:00+00:00
[2024-04-20T12:41:08.986+0700] {processor.py:183} INFO - Processing /home/newrey/airflow/airflow-env/lib/python3.10/site-packages/airflow/example_dags/example_bash_operator.py took 0.165 seconds
[2024-04-20T12:42:09.830+0700] {processor.py:161} INFO - Started process (PID=19758) to work on /home/newrey/airflow/airflow-env/lib/python3.10/site-packages/airflow/example_dags/example_bash_operator.py
[2024-04-20T12:42:09.833+0700] {processor.py:830} INFO - Processing file /home/newrey/airflow/airflow-env/lib/python3.10/site-packages/airflow/example_dags/example_bash_operator.py for tasks to queue
[2024-04-20T12:42:09.835+0700] {logging_mixin.py:188} INFO - [2024-04-20T12:42:09.834+0700] {dagbag.py:540} INFO - Filling up the DagBag from /home/newrey/airflow/airflow-env/lib/python3.10/site-packages/airflow/example_dags/example_bash_operator.py
[2024-04-20T12:42:09.866+0700] {processor.py:840} INFO - DAG(s) 'example_bash_operator' retrieved from /home/newrey/airflow/airflow-env/lib/python3.10/site-packages/airflow/example_dags/example_bash_operator.py
[2024-04-20T12:42:09.915+0700] {logging_mixin.py:188} INFO - [2024-04-20T12:42:09.915+0700] {dag.py:3096} INFO - Sync 1 DAGs
[2024-04-20T12:42:09.946+0700] {logging_mixin.py:188} INFO - [2024-04-20T12:42:09.946+0700] {dag.py:3954} INFO - Setting next_dagrun for example_bash_operator to 2024-04-19 00:00:00+00:00, run_after=2024-04-20 00:00:00+00:00
[2024-04-20T12:42:09.990+0700] {processor.py:183} INFO - Processing /home/newrey/airflow/airflow-env/lib/python3.10/site-packages/airflow/example_dags/example_bash_operator.py took 0.179 seconds
[2024-04-20T12:43:12.657+0700] {processor.py:161} INFO - Started process (PID=20215) to work on /home/newrey/airflow/airflow-env/lib/python3.10/site-packages/airflow/example_dags/example_bash_operator.py
[2024-04-20T12:43:12.660+0700] {processor.py:830} INFO - Processing file /home/newrey/airflow/airflow-env/lib/python3.10/site-packages/airflow/example_dags/example_bash_operator.py for tasks to queue
[2024-04-20T12:43:12.662+0700] {logging_mixin.py:188} INFO - [2024-04-20T12:43:12.661+0700] {dagbag.py:540} INFO - Filling up the DagBag from /home/newrey/airflow/airflow-env/lib/python3.10/site-packages/airflow/example_dags/example_bash_operator.py
[2024-04-20T12:43:12.687+0700] {processor.py:840} INFO - DAG(s) 'example_bash_operator' retrieved from /home/newrey/airflow/airflow-env/lib/python3.10/site-packages/airflow/example_dags/example_bash_operator.py
[2024-04-20T12:43:12.741+0700] {logging_mixin.py:188} INFO - [2024-04-20T12:43:12.740+0700] {dag.py:3096} INFO - Sync 1 DAGs
[2024-04-20T12:43:12.766+0700] {logging_mixin.py:188} INFO - [2024-04-20T12:43:12.765+0700] {dag.py:3954} INFO - Setting next_dagrun for example_bash_operator to 2024-04-19 00:00:00+00:00, run_after=2024-04-20 00:00:00+00:00
[2024-04-20T12:43:12.814+0700] {processor.py:183} INFO - Processing /home/newrey/airflow/airflow-env/lib/python3.10/site-packages/airflow/example_dags/example_bash_operator.py took 0.175 seconds
[2024-04-20T12:44:13.225+0700] {processor.py:161} INFO - Started process (PID=20666) to work on /home/newrey/airflow/airflow-env/lib/python3.10/site-packages/airflow/example_dags/example_bash_operator.py
[2024-04-20T12:44:13.229+0700] {processor.py:830} INFO - Processing file /home/newrey/airflow/airflow-env/lib/python3.10/site-packages/airflow/example_dags/example_bash_operator.py for tasks to queue
[2024-04-20T12:44:13.231+0700] {logging_mixin.py:188} INFO - [2024-04-20T12:44:13.230+0700] {dagbag.py:540} INFO - Filling up the DagBag from /home/newrey/airflow/airflow-env/lib/python3.10/site-packages/airflow/example_dags/example_bash_operator.py
[2024-04-20T12:44:13.258+0700] {processor.py:840} INFO - DAG(s) 'example_bash_operator' retrieved from /home/newrey/airflow/airflow-env/lib/python3.10/site-packages/airflow/example_dags/example_bash_operator.py
[2024-04-20T12:44:13.314+0700] {logging_mixin.py:188} INFO - [2024-04-20T12:44:13.314+0700] {dag.py:3096} INFO - Sync 1 DAGs
[2024-04-20T12:44:13.342+0700] {logging_mixin.py:188} INFO - [2024-04-20T12:44:13.341+0700] {dag.py:3954} INFO - Setting next_dagrun for example_bash_operator to 2024-04-19 00:00:00+00:00, run_after=2024-04-20 00:00:00+00:00
[2024-04-20T12:44:13.391+0700] {processor.py:183} INFO - Processing /home/newrey/airflow/airflow-env/lib/python3.10/site-packages/airflow/example_dags/example_bash_operator.py took 0.187 seconds
[2024-04-20T12:45:42.021+0700] {processor.py:161} INFO - Started process (PID=21304) to work on /home/newrey/airflow/airflow-env/lib/python3.10/site-packages/airflow/example_dags/example_bash_operator.py
[2024-04-20T12:45:42.033+0700] {processor.py:830} INFO - Processing file /home/newrey/airflow/airflow-env/lib/python3.10/site-packages/airflow/example_dags/example_bash_operator.py for tasks to queue
[2024-04-20T12:45:42.036+0700] {logging_mixin.py:188} INFO - [2024-04-20T12:45:42.035+0700] {dagbag.py:540} INFO - Filling up the DagBag from /home/newrey/airflow/airflow-env/lib/python3.10/site-packages/airflow/example_dags/example_bash_operator.py
[2024-04-20T12:45:42.062+0700] {processor.py:840} INFO - DAG(s) 'example_bash_operator' retrieved from /home/newrey/airflow/airflow-env/lib/python3.10/site-packages/airflow/example_dags/example_bash_operator.py
[2024-04-20T12:45:42.101+0700] {logging_mixin.py:188} INFO - [2024-04-20T12:45:42.101+0700] {dag.py:3096} INFO - Sync 1 DAGs
[2024-04-20T12:45:42.132+0700] {logging_mixin.py:188} INFO - [2024-04-20T12:45:42.132+0700] {dag.py:3954} INFO - Setting next_dagrun for example_bash_operator to 2024-04-19 00:00:00+00:00, run_after=2024-04-20 00:00:00+00:00
[2024-04-20T12:45:42.161+0700] {processor.py:183} INFO - Processing /home/newrey/airflow/airflow-env/lib/python3.10/site-packages/airflow/example_dags/example_bash_operator.py took 0.163 seconds
[2024-04-20T12:46:42.502+0700] {processor.py:161} INFO - Started process (PID=21752) to work on /home/newrey/airflow/airflow-env/lib/python3.10/site-packages/airflow/example_dags/example_bash_operator.py
[2024-04-20T12:46:42.506+0700] {processor.py:830} INFO - Processing file /home/newrey/airflow/airflow-env/lib/python3.10/site-packages/airflow/example_dags/example_bash_operator.py for tasks to queue
[2024-04-20T12:46:42.508+0700] {logging_mixin.py:188} INFO - [2024-04-20T12:46:42.507+0700] {dagbag.py:540} INFO - Filling up the DagBag from /home/newrey/airflow/airflow-env/lib/python3.10/site-packages/airflow/example_dags/example_bash_operator.py
[2024-04-20T12:46:42.526+0700] {processor.py:840} INFO - DAG(s) 'example_bash_operator' retrieved from /home/newrey/airflow/airflow-env/lib/python3.10/site-packages/airflow/example_dags/example_bash_operator.py
[2024-04-20T12:46:42.563+0700] {logging_mixin.py:188} INFO - [2024-04-20T12:46:42.563+0700] {dag.py:3096} INFO - Sync 1 DAGs
[2024-04-20T12:46:42.590+0700] {logging_mixin.py:188} INFO - [2024-04-20T12:46:42.590+0700] {dag.py:3954} INFO - Setting next_dagrun for example_bash_operator to 2024-04-19 00:00:00+00:00, run_after=2024-04-20 00:00:00+00:00
[2024-04-20T12:46:42.615+0700] {processor.py:183} INFO - Processing /home/newrey/airflow/airflow-env/lib/python3.10/site-packages/airflow/example_dags/example_bash_operator.py took 0.132 seconds
[2024-04-20T12:47:45.310+0700] {processor.py:161} INFO - Started process (PID=22279) to work on /home/newrey/airflow/airflow-env/lib/python3.10/site-packages/airflow/example_dags/example_bash_operator.py
[2024-04-20T12:47:45.313+0700] {processor.py:830} INFO - Processing file /home/newrey/airflow/airflow-env/lib/python3.10/site-packages/airflow/example_dags/example_bash_operator.py for tasks to queue
[2024-04-20T12:47:45.315+0700] {logging_mixin.py:188} INFO - [2024-04-20T12:47:45.314+0700] {dagbag.py:540} INFO - Filling up the DagBag from /home/newrey/airflow/airflow-env/lib/python3.10/site-packages/airflow/example_dags/example_bash_operator.py
[2024-04-20T12:47:45.340+0700] {processor.py:840} INFO - DAG(s) 'example_bash_operator' retrieved from /home/newrey/airflow/airflow-env/lib/python3.10/site-packages/airflow/example_dags/example_bash_operator.py
[2024-04-20T12:47:45.369+0700] {logging_mixin.py:188} INFO - [2024-04-20T12:47:45.369+0700] {dag.py:3096} INFO - Sync 1 DAGs
[2024-04-20T12:47:45.406+0700] {logging_mixin.py:188} INFO - [2024-04-20T12:47:45.406+0700] {dag.py:3954} INFO - Setting next_dagrun for example_bash_operator to 2024-04-19 00:00:00+00:00, run_after=2024-04-20 00:00:00+00:00
[2024-04-20T12:47:45.445+0700] {processor.py:183} INFO - Processing /home/newrey/airflow/airflow-env/lib/python3.10/site-packages/airflow/example_dags/example_bash_operator.py took 0.155 seconds
[2024-04-20T12:48:50.786+0700] {processor.py:161} INFO - Started process (PID=22833) to work on /home/newrey/airflow/airflow-env/lib/python3.10/site-packages/airflow/example_dags/example_bash_operator.py
[2024-04-20T12:48:50.790+0700] {processor.py:830} INFO - Processing file /home/newrey/airflow/airflow-env/lib/python3.10/site-packages/airflow/example_dags/example_bash_operator.py for tasks to queue
[2024-04-20T12:48:50.792+0700] {logging_mixin.py:188} INFO - [2024-04-20T12:48:50.792+0700] {dagbag.py:540} INFO - Filling up the DagBag from /home/newrey/airflow/airflow-env/lib/python3.10/site-packages/airflow/example_dags/example_bash_operator.py
[2024-04-20T12:48:50.819+0700] {processor.py:840} INFO - DAG(s) 'example_bash_operator' retrieved from /home/newrey/airflow/airflow-env/lib/python3.10/site-packages/airflow/example_dags/example_bash_operator.py
[2024-04-20T12:48:50.882+0700] {logging_mixin.py:188} INFO - [2024-04-20T12:48:50.882+0700] {dag.py:3096} INFO - Sync 1 DAGs
[2024-04-20T12:48:50.930+0700] {logging_mixin.py:188} INFO - [2024-04-20T12:48:50.930+0700] {dag.py:3954} INFO - Setting next_dagrun for example_bash_operator to 2024-04-19 00:00:00+00:00, run_after=2024-04-20 00:00:00+00:00
[2024-04-20T12:48:50.986+0700] {processor.py:183} INFO - Processing /home/newrey/airflow/airflow-env/lib/python3.10/site-packages/airflow/example_dags/example_bash_operator.py took 0.220 seconds
