[2024-04-20T12:19:20.348+0700] {processor.py:161} INFO - Started process (PID=5551) to work on /home/newrey/airflow/airflow-env/lib/python3.10/site-packages/airflow/example_dags/example_bash_decorator.py
[2024-04-20T12:19:20.359+0700] {processor.py:830} INFO - Processing file /home/newrey/airflow/airflow-env/lib/python3.10/site-packages/airflow/example_dags/example_bash_decorator.py for tasks to queue
[2024-04-20T12:19:20.363+0700] {logging_mixin.py:188} INFO - [2024-04-20T12:19:20.362+0700] {dagbag.py:540} INFO - Filling up the DagBag from /home/newrey/airflow/airflow-env/lib/python3.10/site-packages/airflow/example_dags/example_bash_decorator.py
[2024-04-20T12:19:20.471+0700] {processor.py:840} INFO - DAG(s) 'example_bash_decorator' retrieved from /home/newrey/airflow/airflow-env/lib/python3.10/site-packages/airflow/example_dags/example_bash_decorator.py
[2024-04-20T12:19:21.785+0700] {logging_mixin.py:188} INFO - [2024-04-20T12:19:21.784+0700] {dag.py:3096} INFO - Sync 1 DAGs
[2024-04-20T12:19:21.865+0700] {logging_mixin.py:188} INFO - [2024-04-20T12:19:21.864+0700] {dag.py:3954} INFO - Setting next_dagrun for example_bash_decorator to None, run_after=None
[2024-04-20T12:19:22.110+0700] {processor.py:183} INFO - Processing /home/newrey/airflow/airflow-env/lib/python3.10/site-packages/airflow/example_dags/example_bash_decorator.py took 1.793 seconds
[2024-04-20T12:20:53.138+0700] {processor.py:161} INFO - Started process (PID=6397) to work on /home/newrey/airflow/airflow-env/lib/python3.10/site-packages/airflow/example_dags/example_bash_decorator.py
[2024-04-20T12:20:53.155+0700] {processor.py:830} INFO - Processing file /home/newrey/airflow/airflow-env/lib/python3.10/site-packages/airflow/example_dags/example_bash_decorator.py for tasks to queue
[2024-04-20T12:20:53.160+0700] {logging_mixin.py:188} INFO - [2024-04-20T12:20:53.159+0700] {dagbag.py:540} INFO - Filling up the DagBag from /home/newrey/airflow/airflow-env/lib/python3.10/site-packages/airflow/example_dags/example_bash_decorator.py
[2024-04-20T12:20:53.262+0700] {processor.py:840} INFO - DAG(s) 'example_bash_decorator' retrieved from /home/newrey/airflow/airflow-env/lib/python3.10/site-packages/airflow/example_dags/example_bash_decorator.py
[2024-04-20T12:20:53.376+0700] {logging_mixin.py:188} INFO - [2024-04-20T12:20:53.376+0700] {dag.py:3096} INFO - Sync 1 DAGs
[2024-04-20T12:20:53.694+0700] {logging_mixin.py:188} INFO - [2024-04-20T12:20:53.694+0700] {dag.py:3954} INFO - Setting next_dagrun for example_bash_decorator to None, run_after=None
[2024-04-20T12:20:53.732+0700] {processor.py:183} INFO - Processing /home/newrey/airflow/airflow-env/lib/python3.10/site-packages/airflow/example_dags/example_bash_decorator.py took 0.609 seconds
[2024-04-20T12:22:14.073+0700] {processor.py:161} INFO - Started process (PID=7022) to work on /home/newrey/airflow/airflow-env/lib/python3.10/site-packages/airflow/example_dags/example_bash_decorator.py
[2024-04-20T12:22:14.076+0700] {processor.py:830} INFO - Processing file /home/newrey/airflow/airflow-env/lib/python3.10/site-packages/airflow/example_dags/example_bash_decorator.py for tasks to queue
[2024-04-20T12:22:14.079+0700] {logging_mixin.py:188} INFO - [2024-04-20T12:22:14.078+0700] {dagbag.py:540} INFO - Filling up the DagBag from /home/newrey/airflow/airflow-env/lib/python3.10/site-packages/airflow/example_dags/example_bash_decorator.py
[2024-04-20T12:22:14.110+0700] {processor.py:840} INFO - DAG(s) 'example_bash_decorator' retrieved from /home/newrey/airflow/airflow-env/lib/python3.10/site-packages/airflow/example_dags/example_bash_decorator.py
[2024-04-20T12:22:14.143+0700] {logging_mixin.py:188} INFO - [2024-04-20T12:22:14.142+0700] {dag.py:3096} INFO - Sync 1 DAGs
[2024-04-20T12:22:14.166+0700] {logging_mixin.py:188} INFO - [2024-04-20T12:22:14.166+0700] {dag.py:3954} INFO - Setting next_dagrun for example_bash_decorator to None, run_after=None
[2024-04-20T12:22:14.215+0700] {processor.py:183} INFO - Processing /home/newrey/airflow/airflow-env/lib/python3.10/site-packages/airflow/example_dags/example_bash_decorator.py took 0.156 seconds
[2024-04-20T12:24:07.035+0700] {processor.py:161} INFO - Started process (PID=8446) to work on /home/newrey/airflow/airflow-env/lib/python3.10/site-packages/airflow/example_dags/example_bash_decorator.py
[2024-04-20T12:24:07.038+0700] {processor.py:830} INFO - Processing file /home/newrey/airflow/airflow-env/lib/python3.10/site-packages/airflow/example_dags/example_bash_decorator.py for tasks to queue
[2024-04-20T12:24:07.042+0700] {logging_mixin.py:188} INFO - [2024-04-20T12:24:07.041+0700] {dagbag.py:540} INFO - Filling up the DagBag from /home/newrey/airflow/airflow-env/lib/python3.10/site-packages/airflow/example_dags/example_bash_decorator.py
[2024-04-20T12:24:07.072+0700] {processor.py:840} INFO - DAG(s) 'example_bash_decorator' retrieved from /home/newrey/airflow/airflow-env/lib/python3.10/site-packages/airflow/example_dags/example_bash_decorator.py
[2024-04-20T12:24:07.115+0700] {logging_mixin.py:188} INFO - [2024-04-20T12:24:07.114+0700] {dag.py:3096} INFO - Sync 1 DAGs
[2024-04-20T12:24:07.157+0700] {logging_mixin.py:188} INFO - [2024-04-20T12:24:07.156+0700] {dag.py:3954} INFO - Setting next_dagrun for example_bash_decorator to None, run_after=None
[2024-04-20T12:24:07.220+0700] {processor.py:183} INFO - Processing /home/newrey/airflow/airflow-env/lib/python3.10/site-packages/airflow/example_dags/example_bash_decorator.py took 0.205 seconds
[2024-04-20T12:25:31.047+0700] {processor.py:161} INFO - Started process (PID=9277) to work on /home/newrey/airflow/airflow-env/lib/python3.10/site-packages/airflow/example_dags/example_bash_decorator.py
[2024-04-20T12:25:31.053+0700] {processor.py:830} INFO - Processing file /home/newrey/airflow/airflow-env/lib/python3.10/site-packages/airflow/example_dags/example_bash_decorator.py for tasks to queue
[2024-04-20T12:25:31.058+0700] {logging_mixin.py:188} INFO - [2024-04-20T12:25:31.056+0700] {dagbag.py:540} INFO - Filling up the DagBag from /home/newrey/airflow/airflow-env/lib/python3.10/site-packages/airflow/example_dags/example_bash_decorator.py
[2024-04-20T12:25:31.118+0700] {processor.py:840} INFO - DAG(s) 'example_bash_decorator' retrieved from /home/newrey/airflow/airflow-env/lib/python3.10/site-packages/airflow/example_dags/example_bash_decorator.py
[2024-04-20T12:25:31.203+0700] {logging_mixin.py:188} INFO - [2024-04-20T12:25:31.199+0700] {dag.py:3096} INFO - Sync 1 DAGs
[2024-04-20T12:25:31.281+0700] {logging_mixin.py:188} INFO - [2024-04-20T12:25:31.280+0700] {dag.py:3954} INFO - Setting next_dagrun for example_bash_decorator to None, run_after=None
[2024-04-20T12:25:31.382+0700] {processor.py:183} INFO - Processing /home/newrey/airflow/airflow-env/lib/python3.10/site-packages/airflow/example_dags/example_bash_decorator.py took 0.386 seconds
[2024-04-20T12:26:58.887+0700] {processor.py:161} INFO - Started process (PID=10247) to work on /home/newrey/airflow/airflow-env/lib/python3.10/site-packages/airflow/example_dags/example_bash_decorator.py
[2024-04-20T12:26:58.894+0700] {processor.py:830} INFO - Processing file /home/newrey/airflow/airflow-env/lib/python3.10/site-packages/airflow/example_dags/example_bash_decorator.py for tasks to queue
[2024-04-20T12:26:58.898+0700] {logging_mixin.py:188} INFO - [2024-04-20T12:26:58.897+0700] {dagbag.py:540} INFO - Filling up the DagBag from /home/newrey/airflow/airflow-env/lib/python3.10/site-packages/airflow/example_dags/example_bash_decorator.py
[2024-04-20T12:26:58.936+0700] {processor.py:840} INFO - DAG(s) 'example_bash_decorator' retrieved from /home/newrey/airflow/airflow-env/lib/python3.10/site-packages/airflow/example_dags/example_bash_decorator.py
[2024-04-20T12:26:59.011+0700] {logging_mixin.py:188} INFO - [2024-04-20T12:26:59.010+0700] {dag.py:3096} INFO - Sync 1 DAGs
[2024-04-20T12:26:59.061+0700] {logging_mixin.py:188} INFO - [2024-04-20T12:26:59.060+0700] {dag.py:3954} INFO - Setting next_dagrun for example_bash_decorator to None, run_after=None
[2024-04-20T12:26:59.214+0700] {processor.py:183} INFO - Processing /home/newrey/airflow/airflow-env/lib/python3.10/site-packages/airflow/example_dags/example_bash_decorator.py took 0.350 seconds
[2024-04-20T12:28:38.360+0700] {processor.py:161} INFO - Started process (PID=11593) to work on /home/newrey/airflow/airflow-env/lib/python3.10/site-packages/airflow/example_dags/example_bash_decorator.py
[2024-04-20T12:28:38.363+0700] {processor.py:830} INFO - Processing file /home/newrey/airflow/airflow-env/lib/python3.10/site-packages/airflow/example_dags/example_bash_decorator.py for tasks to queue
[2024-04-20T12:28:38.367+0700] {logging_mixin.py:188} INFO - [2024-04-20T12:28:38.366+0700] {dagbag.py:540} INFO - Filling up the DagBag from /home/newrey/airflow/airflow-env/lib/python3.10/site-packages/airflow/example_dags/example_bash_decorator.py
[2024-04-20T12:28:38.397+0700] {processor.py:840} INFO - DAG(s) 'example_bash_decorator' retrieved from /home/newrey/airflow/airflow-env/lib/python3.10/site-packages/airflow/example_dags/example_bash_decorator.py
[2024-04-20T12:28:38.448+0700] {logging_mixin.py:188} INFO - [2024-04-20T12:28:38.447+0700] {dag.py:3096} INFO - Sync 1 DAGs
[2024-04-20T12:28:38.502+0700] {logging_mixin.py:188} INFO - [2024-04-20T12:28:38.494+0700] {dag.py:3954} INFO - Setting next_dagrun for example_bash_decorator to None, run_after=None
[2024-04-20T12:28:38.628+0700] {processor.py:183} INFO - Processing /home/newrey/airflow/airflow-env/lib/python3.10/site-packages/airflow/example_dags/example_bash_decorator.py took 0.290 seconds
[2024-04-20T12:30:57.515+0700] {processor.py:161} INFO - Started process (PID=13648) to work on /home/newrey/airflow/airflow-env/lib/python3.10/site-packages/airflow/example_dags/example_bash_decorator.py
[2024-04-20T12:30:57.517+0700] {processor.py:830} INFO - Processing file /home/newrey/airflow/airflow-env/lib/python3.10/site-packages/airflow/example_dags/example_bash_decorator.py for tasks to queue
[2024-04-20T12:30:57.520+0700] {logging_mixin.py:188} INFO - [2024-04-20T12:30:57.519+0700] {dagbag.py:540} INFO - Filling up the DagBag from /home/newrey/airflow/airflow-env/lib/python3.10/site-packages/airflow/example_dags/example_bash_decorator.py
[2024-04-20T12:30:57.554+0700] {processor.py:840} INFO - DAG(s) 'example_bash_decorator' retrieved from /home/newrey/airflow/airflow-env/lib/python3.10/site-packages/airflow/example_dags/example_bash_decorator.py
[2024-04-20T12:30:57.637+0700] {logging_mixin.py:188} INFO - [2024-04-20T12:30:57.637+0700] {dag.py:3096} INFO - Sync 1 DAGs
[2024-04-20T12:30:57.660+0700] {logging_mixin.py:188} INFO - [2024-04-20T12:30:57.659+0700] {dag.py:3954} INFO - Setting next_dagrun for example_bash_decorator to None, run_after=None
[2024-04-20T12:30:57.728+0700] {processor.py:183} INFO - Processing /home/newrey/airflow/airflow-env/lib/python3.10/site-packages/airflow/example_dags/example_bash_decorator.py took 0.238 seconds
[2024-04-20T12:32:32.540+0700] {processor.py:161} INFO - Started process (PID=14720) to work on /home/newrey/airflow/airflow-env/lib/python3.10/site-packages/airflow/example_dags/example_bash_decorator.py
[2024-04-20T12:32:32.544+0700] {processor.py:830} INFO - Processing file /home/newrey/airflow/airflow-env/lib/python3.10/site-packages/airflow/example_dags/example_bash_decorator.py for tasks to queue
[2024-04-20T12:32:32.546+0700] {logging_mixin.py:188} INFO - [2024-04-20T12:32:32.545+0700] {dagbag.py:540} INFO - Filling up the DagBag from /home/newrey/airflow/airflow-env/lib/python3.10/site-packages/airflow/example_dags/example_bash_decorator.py
[2024-04-20T12:32:32.578+0700] {processor.py:840} INFO - DAG(s) 'example_bash_decorator' retrieved from /home/newrey/airflow/airflow-env/lib/python3.10/site-packages/airflow/example_dags/example_bash_decorator.py
[2024-04-20T12:32:32.625+0700] {logging_mixin.py:188} INFO - [2024-04-20T12:32:32.623+0700] {dag.py:3096} INFO - Sync 1 DAGs
[2024-04-20T12:32:32.647+0700] {logging_mixin.py:188} INFO - [2024-04-20T12:32:32.647+0700] {dag.py:3954} INFO - Setting next_dagrun for example_bash_decorator to None, run_after=None
[2024-04-20T12:32:32.696+0700] {processor.py:183} INFO - Processing /home/newrey/airflow/airflow-env/lib/python3.10/site-packages/airflow/example_dags/example_bash_decorator.py took 0.177 seconds
[2024-04-20T12:33:49.612+0700] {processor.py:161} INFO - Started process (PID=15325) to work on /home/newrey/airflow/airflow-env/lib/python3.10/site-packages/airflow/example_dags/example_bash_decorator.py
[2024-04-20T12:33:49.620+0700] {processor.py:830} INFO - Processing file /home/newrey/airflow/airflow-env/lib/python3.10/site-packages/airflow/example_dags/example_bash_decorator.py for tasks to queue
[2024-04-20T12:33:49.623+0700] {logging_mixin.py:188} INFO - [2024-04-20T12:33:49.622+0700] {dagbag.py:540} INFO - Filling up the DagBag from /home/newrey/airflow/airflow-env/lib/python3.10/site-packages/airflow/example_dags/example_bash_decorator.py
[2024-04-20T12:33:49.706+0700] {processor.py:840} INFO - DAG(s) 'example_bash_decorator' retrieved from /home/newrey/airflow/airflow-env/lib/python3.10/site-packages/airflow/example_dags/example_bash_decorator.py
[2024-04-20T12:33:49.764+0700] {logging_mixin.py:188} INFO - [2024-04-20T12:33:49.763+0700] {dag.py:3096} INFO - Sync 1 DAGs
[2024-04-20T12:33:49.791+0700] {logging_mixin.py:188} INFO - [2024-04-20T12:33:49.791+0700] {dag.py:3954} INFO - Setting next_dagrun for example_bash_decorator to None, run_after=None
[2024-04-20T12:33:49.844+0700] {processor.py:183} INFO - Processing /home/newrey/airflow/airflow-env/lib/python3.10/site-packages/airflow/example_dags/example_bash_decorator.py took 0.249 seconds
[2024-04-20T12:35:31.106+0700] {processor.py:161} INFO - Started process (PID=16437) to work on /home/newrey/airflow/airflow-env/lib/python3.10/site-packages/airflow/example_dags/example_bash_decorator.py
[2024-04-20T12:35:31.110+0700] {processor.py:830} INFO - Processing file /home/newrey/airflow/airflow-env/lib/python3.10/site-packages/airflow/example_dags/example_bash_decorator.py for tasks to queue
[2024-04-20T12:35:31.111+0700] {logging_mixin.py:188} INFO - [2024-04-20T12:35:31.111+0700] {dagbag.py:540} INFO - Filling up the DagBag from /home/newrey/airflow/airflow-env/lib/python3.10/site-packages/airflow/example_dags/example_bash_decorator.py
[2024-04-20T12:35:31.143+0700] {processor.py:840} INFO - DAG(s) 'example_bash_decorator' retrieved from /home/newrey/airflow/airflow-env/lib/python3.10/site-packages/airflow/example_dags/example_bash_decorator.py
[2024-04-20T12:35:31.177+0700] {logging_mixin.py:188} INFO - [2024-04-20T12:35:31.177+0700] {dag.py:3096} INFO - Sync 1 DAGs
[2024-04-20T12:35:31.203+0700] {logging_mixin.py:188} INFO - [2024-04-20T12:35:31.202+0700] {dag.py:3954} INFO - Setting next_dagrun for example_bash_decorator to None, run_after=None
[2024-04-20T12:35:31.250+0700] {processor.py:183} INFO - Processing /home/newrey/airflow/airflow-env/lib/python3.10/site-packages/airflow/example_dags/example_bash_decorator.py took 0.168 seconds
[2024-04-20T12:36:53.104+0700] {processor.py:161} INFO - Started process (PID=17151) to work on /home/newrey/airflow/airflow-env/lib/python3.10/site-packages/airflow/example_dags/example_bash_decorator.py
[2024-04-20T12:36:53.111+0700] {processor.py:830} INFO - Processing file /home/newrey/airflow/airflow-env/lib/python3.10/site-packages/airflow/example_dags/example_bash_decorator.py for tasks to queue
[2024-04-20T12:36:53.114+0700] {logging_mixin.py:188} INFO - [2024-04-20T12:36:53.113+0700] {dagbag.py:540} INFO - Filling up the DagBag from /home/newrey/airflow/airflow-env/lib/python3.10/site-packages/airflow/example_dags/example_bash_decorator.py
[2024-04-20T12:36:53.161+0700] {processor.py:840} INFO - DAG(s) 'example_bash_decorator' retrieved from /home/newrey/airflow/airflow-env/lib/python3.10/site-packages/airflow/example_dags/example_bash_decorator.py
[2024-04-20T12:36:53.219+0700] {logging_mixin.py:188} INFO - [2024-04-20T12:36:53.218+0700] {dag.py:3096} INFO - Sync 1 DAGs
[2024-04-20T12:36:53.244+0700] {logging_mixin.py:188} INFO - [2024-04-20T12:36:53.244+0700] {dag.py:3954} INFO - Setting next_dagrun for example_bash_decorator to None, run_after=None
[2024-04-20T12:36:53.309+0700] {processor.py:183} INFO - Processing /home/newrey/airflow/airflow-env/lib/python3.10/site-packages/airflow/example_dags/example_bash_decorator.py took 0.228 seconds
[2024-04-20T12:38:10.012+0700] {processor.py:161} INFO - Started process (PID=17854) to work on /home/newrey/airflow/airflow-env/lib/python3.10/site-packages/airflow/example_dags/example_bash_decorator.py
[2024-04-20T12:38:10.016+0700] {processor.py:830} INFO - Processing file /home/newrey/airflow/airflow-env/lib/python3.10/site-packages/airflow/example_dags/example_bash_decorator.py for tasks to queue
[2024-04-20T12:38:10.019+0700] {logging_mixin.py:188} INFO - [2024-04-20T12:38:10.018+0700] {dagbag.py:540} INFO - Filling up the DagBag from /home/newrey/airflow/airflow-env/lib/python3.10/site-packages/airflow/example_dags/example_bash_decorator.py
[2024-04-20T12:38:10.049+0700] {processor.py:840} INFO - DAG(s) 'example_bash_decorator' retrieved from /home/newrey/airflow/airflow-env/lib/python3.10/site-packages/airflow/example_dags/example_bash_decorator.py
[2024-04-20T12:38:10.095+0700] {logging_mixin.py:188} INFO - [2024-04-20T12:38:10.094+0700] {dag.py:3096} INFO - Sync 1 DAGs
[2024-04-20T12:38:10.117+0700] {logging_mixin.py:188} INFO - [2024-04-20T12:38:10.116+0700] {dag.py:3954} INFO - Setting next_dagrun for example_bash_decorator to None, run_after=None
[2024-04-20T12:38:10.176+0700] {processor.py:183} INFO - Processing /home/newrey/airflow/airflow-env/lib/python3.10/site-packages/airflow/example_dags/example_bash_decorator.py took 0.186 seconds
[2024-04-20T12:39:29.679+0700] {processor.py:161} INFO - Started process (PID=18478) to work on /home/newrey/airflow/airflow-env/lib/python3.10/site-packages/airflow/example_dags/example_bash_decorator.py
[2024-04-20T12:39:29.688+0700] {processor.py:830} INFO - Processing file /home/newrey/airflow/airflow-env/lib/python3.10/site-packages/airflow/example_dags/example_bash_decorator.py for tasks to queue
[2024-04-20T12:39:29.692+0700] {logging_mixin.py:188} INFO - [2024-04-20T12:39:29.691+0700] {dagbag.py:540} INFO - Filling up the DagBag from /home/newrey/airflow/airflow-env/lib/python3.10/site-packages/airflow/example_dags/example_bash_decorator.py
[2024-04-20T12:39:29.740+0700] {processor.py:840} INFO - DAG(s) 'example_bash_decorator' retrieved from /home/newrey/airflow/airflow-env/lib/python3.10/site-packages/airflow/example_dags/example_bash_decorator.py
[2024-04-20T12:39:29.811+0700] {logging_mixin.py:188} INFO - [2024-04-20T12:39:29.811+0700] {dag.py:3096} INFO - Sync 1 DAGs
[2024-04-20T12:39:29.842+0700] {logging_mixin.py:188} INFO - [2024-04-20T12:39:29.841+0700] {dag.py:3954} INFO - Setting next_dagrun for example_bash_decorator to None, run_after=None
[2024-04-20T12:39:29.902+0700] {processor.py:183} INFO - Processing /home/newrey/airflow/airflow-env/lib/python3.10/site-packages/airflow/example_dags/example_bash_decorator.py took 0.246 seconds
[2024-04-20T12:40:39.543+0700] {processor.py:161} INFO - Started process (PID=18990) to work on /home/newrey/airflow/airflow-env/lib/python3.10/site-packages/airflow/example_dags/example_bash_decorator.py
[2024-04-20T12:40:39.545+0700] {processor.py:830} INFO - Processing file /home/newrey/airflow/airflow-env/lib/python3.10/site-packages/airflow/example_dags/example_bash_decorator.py for tasks to queue
[2024-04-20T12:40:39.548+0700] {logging_mixin.py:188} INFO - [2024-04-20T12:40:39.546+0700] {dagbag.py:540} INFO - Filling up the DagBag from /home/newrey/airflow/airflow-env/lib/python3.10/site-packages/airflow/example_dags/example_bash_decorator.py
[2024-04-20T12:40:39.573+0700] {processor.py:840} INFO - DAG(s) 'example_bash_decorator' retrieved from /home/newrey/airflow/airflow-env/lib/python3.10/site-packages/airflow/example_dags/example_bash_decorator.py
[2024-04-20T12:40:39.607+0700] {logging_mixin.py:188} INFO - [2024-04-20T12:40:39.607+0700] {dag.py:3096} INFO - Sync 1 DAGs
[2024-04-20T12:40:39.625+0700] {logging_mixin.py:188} INFO - [2024-04-20T12:40:39.624+0700] {dag.py:3954} INFO - Setting next_dagrun for example_bash_decorator to None, run_after=None
[2024-04-20T12:40:39.676+0700] {processor.py:183} INFO - Processing /home/newrey/airflow/airflow-env/lib/python3.10/site-packages/airflow/example_dags/example_bash_decorator.py took 0.153 seconds
[2024-04-20T12:41:41.230+0700] {processor.py:161} INFO - Started process (PID=19442) to work on /home/newrey/airflow/airflow-env/lib/python3.10/site-packages/airflow/example_dags/example_bash_decorator.py
[2024-04-20T12:41:41.234+0700] {processor.py:830} INFO - Processing file /home/newrey/airflow/airflow-env/lib/python3.10/site-packages/airflow/example_dags/example_bash_decorator.py for tasks to queue
[2024-04-20T12:41:41.236+0700] {logging_mixin.py:188} INFO - [2024-04-20T12:41:41.235+0700] {dagbag.py:540} INFO - Filling up the DagBag from /home/newrey/airflow/airflow-env/lib/python3.10/site-packages/airflow/example_dags/example_bash_decorator.py
[2024-04-20T12:41:41.264+0700] {processor.py:840} INFO - DAG(s) 'example_bash_decorator' retrieved from /home/newrey/airflow/airflow-env/lib/python3.10/site-packages/airflow/example_dags/example_bash_decorator.py
[2024-04-20T12:41:41.305+0700] {logging_mixin.py:188} INFO - [2024-04-20T12:41:41.305+0700] {dag.py:3096} INFO - Sync 1 DAGs
[2024-04-20T12:41:41.321+0700] {logging_mixin.py:188} INFO - [2024-04-20T12:41:41.320+0700] {dag.py:3954} INFO - Setting next_dagrun for example_bash_decorator to None, run_after=None
[2024-04-20T12:41:41.350+0700] {processor.py:183} INFO - Processing /home/newrey/airflow/airflow-env/lib/python3.10/site-packages/airflow/example_dags/example_bash_decorator.py took 0.139 seconds
[2024-04-20T12:43:01.568+0700] {processor.py:161} INFO - Started process (PID=20152) to work on /home/newrey/airflow/airflow-env/lib/python3.10/site-packages/airflow/example_dags/example_bash_decorator.py
[2024-04-20T12:43:01.571+0700] {processor.py:830} INFO - Processing file /home/newrey/airflow/airflow-env/lib/python3.10/site-packages/airflow/example_dags/example_bash_decorator.py for tasks to queue
[2024-04-20T12:43:01.573+0700] {logging_mixin.py:188} INFO - [2024-04-20T12:43:01.572+0700] {dagbag.py:540} INFO - Filling up the DagBag from /home/newrey/airflow/airflow-env/lib/python3.10/site-packages/airflow/example_dags/example_bash_decorator.py
[2024-04-20T12:43:01.605+0700] {processor.py:840} INFO - DAG(s) 'example_bash_decorator' retrieved from /home/newrey/airflow/airflow-env/lib/python3.10/site-packages/airflow/example_dags/example_bash_decorator.py
[2024-04-20T12:43:01.647+0700] {logging_mixin.py:188} INFO - [2024-04-20T12:43:01.646+0700] {dag.py:3096} INFO - Sync 1 DAGs
[2024-04-20T12:43:01.677+0700] {logging_mixin.py:188} INFO - [2024-04-20T12:43:01.676+0700] {dag.py:3954} INFO - Setting next_dagrun for example_bash_decorator to None, run_after=None
[2024-04-20T12:43:01.725+0700] {processor.py:183} INFO - Processing /home/newrey/airflow/airflow-env/lib/python3.10/site-packages/airflow/example_dags/example_bash_decorator.py took 0.175 seconds
[2024-04-20T12:44:05.088+0700] {processor.py:161} INFO - Started process (PID=20612) to work on /home/newrey/airflow/airflow-env/lib/python3.10/site-packages/airflow/example_dags/example_bash_decorator.py
[2024-04-20T12:44:05.090+0700] {processor.py:830} INFO - Processing file /home/newrey/airflow/airflow-env/lib/python3.10/site-packages/airflow/example_dags/example_bash_decorator.py for tasks to queue
[2024-04-20T12:44:05.092+0700] {logging_mixin.py:188} INFO - [2024-04-20T12:44:05.091+0700] {dagbag.py:540} INFO - Filling up the DagBag from /home/newrey/airflow/airflow-env/lib/python3.10/site-packages/airflow/example_dags/example_bash_decorator.py
[2024-04-20T12:44:05.104+0700] {processor.py:840} INFO - DAG(s) 'example_bash_decorator' retrieved from /home/newrey/airflow/airflow-env/lib/python3.10/site-packages/airflow/example_dags/example_bash_decorator.py
[2024-04-20T12:44:05.124+0700] {logging_mixin.py:188} INFO - [2024-04-20T12:44:05.123+0700] {dag.py:3096} INFO - Sync 1 DAGs
[2024-04-20T12:44:05.135+0700] {logging_mixin.py:188} INFO - [2024-04-20T12:44:05.135+0700] {dag.py:3954} INFO - Setting next_dagrun for example_bash_decorator to None, run_after=None
[2024-04-20T12:44:05.158+0700] {processor.py:183} INFO - Processing /home/newrey/airflow/airflow-env/lib/python3.10/site-packages/airflow/example_dags/example_bash_decorator.py took 0.082 seconds
[2024-04-20T12:45:01.565+0700] {processor.py:161} INFO - Started process (PID=21041) to work on /home/newrey/airflow/airflow-env/lib/python3.10/site-packages/airflow/example_dags/example_bash_decorator.py
[2024-04-20T12:45:01.568+0700] {processor.py:830} INFO - Processing file /home/newrey/airflow/airflow-env/lib/python3.10/site-packages/airflow/example_dags/example_bash_decorator.py for tasks to queue
[2024-04-20T12:45:01.570+0700] {logging_mixin.py:188} INFO - [2024-04-20T12:45:01.570+0700] {dagbag.py:540} INFO - Filling up the DagBag from /home/newrey/airflow/airflow-env/lib/python3.10/site-packages/airflow/example_dags/example_bash_decorator.py
[2024-04-20T12:45:01.599+0700] {processor.py:840} INFO - DAG(s) 'example_bash_decorator' retrieved from /home/newrey/airflow/airflow-env/lib/python3.10/site-packages/airflow/example_dags/example_bash_decorator.py
[2024-04-20T12:45:01.633+0700] {logging_mixin.py:188} INFO - [2024-04-20T12:45:01.632+0700] {dag.py:3096} INFO - Sync 1 DAGs
[2024-04-20T12:45:01.646+0700] {logging_mixin.py:188} INFO - [2024-04-20T12:45:01.646+0700] {dag.py:3954} INFO - Setting next_dagrun for example_bash_decorator to None, run_after=None
[2024-04-20T12:45:01.691+0700] {processor.py:183} INFO - Processing /home/newrey/airflow/airflow-env/lib/python3.10/site-packages/airflow/example_dags/example_bash_decorator.py took 0.145 seconds
[2024-04-20T12:46:04.224+0700] {processor.py:161} INFO - Started process (PID=21514) to work on /home/newrey/airflow/airflow-env/lib/python3.10/site-packages/airflow/example_dags/example_bash_decorator.py
[2024-04-20T12:46:04.228+0700] {processor.py:830} INFO - Processing file /home/newrey/airflow/airflow-env/lib/python3.10/site-packages/airflow/example_dags/example_bash_decorator.py for tasks to queue
[2024-04-20T12:46:04.231+0700] {logging_mixin.py:188} INFO - [2024-04-20T12:46:04.230+0700] {dagbag.py:540} INFO - Filling up the DagBag from /home/newrey/airflow/airflow-env/lib/python3.10/site-packages/airflow/example_dags/example_bash_decorator.py
[2024-04-20T12:46:04.263+0700] {processor.py:840} INFO - DAG(s) 'example_bash_decorator' retrieved from /home/newrey/airflow/airflow-env/lib/python3.10/site-packages/airflow/example_dags/example_bash_decorator.py
[2024-04-20T12:46:04.292+0700] {logging_mixin.py:188} INFO - [2024-04-20T12:46:04.291+0700] {dag.py:3096} INFO - Sync 1 DAGs
[2024-04-20T12:46:04.311+0700] {logging_mixin.py:188} INFO - [2024-04-20T12:46:04.311+0700] {dag.py:3954} INFO - Setting next_dagrun for example_bash_decorator to None, run_after=None
[2024-04-20T12:46:04.343+0700] {processor.py:183} INFO - Processing /home/newrey/airflow/airflow-env/lib/python3.10/site-packages/airflow/example_dags/example_bash_decorator.py took 0.140 seconds
[2024-04-20T12:47:04.299+0700] {processor.py:161} INFO - Started process (PID=22031) to work on /home/newrey/airflow/airflow-env/lib/python3.10/site-packages/airflow/example_dags/example_bash_decorator.py
[2024-04-20T12:47:04.301+0700] {processor.py:830} INFO - Processing file /home/newrey/airflow/airflow-env/lib/python3.10/site-packages/airflow/example_dags/example_bash_decorator.py for tasks to queue
[2024-04-20T12:47:04.302+0700] {logging_mixin.py:188} INFO - [2024-04-20T12:47:04.301+0700] {dagbag.py:540} INFO - Filling up the DagBag from /home/newrey/airflow/airflow-env/lib/python3.10/site-packages/airflow/example_dags/example_bash_decorator.py
[2024-04-20T12:47:04.324+0700] {processor.py:840} INFO - DAG(s) 'example_bash_decorator' retrieved from /home/newrey/airflow/airflow-env/lib/python3.10/site-packages/airflow/example_dags/example_bash_decorator.py
[2024-04-20T12:47:04.349+0700] {logging_mixin.py:188} INFO - [2024-04-20T12:47:04.349+0700] {dag.py:3096} INFO - Sync 1 DAGs
[2024-04-20T12:47:04.367+0700] {logging_mixin.py:188} INFO - [2024-04-20T12:47:04.367+0700] {dag.py:3954} INFO - Setting next_dagrun for example_bash_decorator to None, run_after=None
[2024-04-20T12:47:04.403+0700] {processor.py:183} INFO - Processing /home/newrey/airflow/airflow-env/lib/python3.10/site-packages/airflow/example_dags/example_bash_decorator.py took 0.113 seconds
[2024-04-20T12:48:07.224+0700] {processor.py:161} INFO - Started process (PID=22490) to work on /home/newrey/airflow/airflow-env/lib/python3.10/site-packages/airflow/example_dags/example_bash_decorator.py
[2024-04-20T12:48:07.227+0700] {processor.py:830} INFO - Processing file /home/newrey/airflow/airflow-env/lib/python3.10/site-packages/airflow/example_dags/example_bash_decorator.py for tasks to queue
[2024-04-20T12:48:07.230+0700] {logging_mixin.py:188} INFO - [2024-04-20T12:48:07.229+0700] {dagbag.py:540} INFO - Filling up the DagBag from /home/newrey/airflow/airflow-env/lib/python3.10/site-packages/airflow/example_dags/example_bash_decorator.py
[2024-04-20T12:48:07.256+0700] {processor.py:840} INFO - DAG(s) 'example_bash_decorator' retrieved from /home/newrey/airflow/airflow-env/lib/python3.10/site-packages/airflow/example_dags/example_bash_decorator.py
[2024-04-20T12:48:07.290+0700] {logging_mixin.py:188} INFO - [2024-04-20T12:48:07.290+0700] {dag.py:3096} INFO - Sync 1 DAGs
[2024-04-20T12:48:07.304+0700] {logging_mixin.py:188} INFO - [2024-04-20T12:48:07.304+0700] {dag.py:3954} INFO - Setting next_dagrun for example_bash_decorator to None, run_after=None
[2024-04-20T12:48:07.346+0700] {processor.py:183} INFO - Processing /home/newrey/airflow/airflow-env/lib/python3.10/site-packages/airflow/example_dags/example_bash_decorator.py took 0.146 seconds
[2024-04-20T12:49:13.664+0700] {processor.py:161} INFO - Started process (PID=22996) to work on /home/newrey/airflow/airflow-env/lib/python3.10/site-packages/airflow/example_dags/example_bash_decorator.py
[2024-04-20T12:49:13.667+0700] {processor.py:830} INFO - Processing file /home/newrey/airflow/airflow-env/lib/python3.10/site-packages/airflow/example_dags/example_bash_decorator.py for tasks to queue
[2024-04-20T12:49:13.672+0700] {logging_mixin.py:188} INFO - [2024-04-20T12:49:13.669+0700] {dagbag.py:540} INFO - Filling up the DagBag from /home/newrey/airflow/airflow-env/lib/python3.10/site-packages/airflow/example_dags/example_bash_decorator.py
[2024-04-20T12:49:13.695+0700] {processor.py:840} INFO - DAG(s) 'example_bash_decorator' retrieved from /home/newrey/airflow/airflow-env/lib/python3.10/site-packages/airflow/example_dags/example_bash_decorator.py
[2024-04-20T12:49:13.722+0700] {logging_mixin.py:188} INFO - [2024-04-20T12:49:13.722+0700] {dag.py:3096} INFO - Sync 1 DAGs
[2024-04-20T12:49:13.735+0700] {logging_mixin.py:188} INFO - [2024-04-20T12:49:13.735+0700] {dag.py:3954} INFO - Setting next_dagrun for example_bash_decorator to None, run_after=None
[2024-04-20T12:49:13.767+0700] {processor.py:183} INFO - Processing /home/newrey/airflow/airflow-env/lib/python3.10/site-packages/airflow/example_dags/example_bash_decorator.py took 0.131 seconds
