[2024-04-20T12:19:32.695+0700] {processor.py:161} INFO - Started process (PID=5637) to work on /home/newrey/airflow/airflow-env/lib/python3.10/site-packages/airflow/example_dags/example_datasets.py
[2024-04-20T12:19:32.706+0700] {processor.py:830} INFO - Processing file /home/newrey/airflow/airflow-env/lib/python3.10/site-packages/airflow/example_dags/example_datasets.py for tasks to queue
[2024-04-20T12:19:32.711+0700] {logging_mixin.py:188} INFO - [2024-04-20T12:19:32.710+0700] {dagbag.py:540} INFO - Filling up the DagBag from /home/newrey/airflow/airflow-env/lib/python3.10/site-packages/airflow/example_dags/example_datasets.py
[2024-04-20T12:19:32.823+0700] {processor.py:840} INFO - DAG(s) 'conditional_dataset_and_time_based_timetable', 'dataset_consumes_1', 'dataset_consumes_1_never_scheduled', 'dataset_consumes_unknown_never_scheduled', 'dataset_produces_2', 'dataset_consumes_1_and_2', 'dataset_produces_1', 'consume_1_or_both_2_and_3_with_dataset_expressions', 'consume_1_or_2_with_dataset_expressions', 'consume_1_and_2_with_dataset_expressions' retrieved from /home/newrey/airflow/airflow-env/lib/python3.10/site-packages/airflow/example_dags/example_datasets.py
[2024-04-20T12:19:35.100+0700] {logging_mixin.py:188} INFO - [2024-04-20T12:19:35.099+0700] {dag.py:3096} INFO - Sync 10 DAGs
[2024-04-20T12:19:35.260+0700] {logging_mixin.py:188} INFO - [2024-04-20T12:19:35.259+0700] {dag.py:3954} INFO - Setting next_dagrun for conditional_dataset_and_time_based_timetable to 2024-04-17 01:00:00+00:00, run_after=2024-04-17 01:00:00+00:00
[2024-04-20T12:19:35.291+0700] {logging_mixin.py:188} INFO - [2024-04-20T12:19:35.290+0700] {dag.py:3954} INFO - Setting next_dagrun for consume_1_and_2_with_dataset_expressions to None, run_after=None
[2024-04-20T12:19:35.305+0700] {logging_mixin.py:188} INFO - [2024-04-20T12:19:35.296+0700] {dag.py:3954} INFO - Setting next_dagrun for consume_1_or_2_with_dataset_expressions to None, run_after=None
[2024-04-20T12:19:35.309+0700] {logging_mixin.py:188} INFO - [2024-04-20T12:19:35.308+0700] {dag.py:3954} INFO - Setting next_dagrun for consume_1_or_both_2_and_3_with_dataset_expressions to None, run_after=None
[2024-04-20T12:19:35.324+0700] {logging_mixin.py:188} INFO - [2024-04-20T12:19:35.324+0700] {dag.py:3954} INFO - Setting next_dagrun for dataset_consumes_1 to None, run_after=None
[2024-04-20T12:19:35.338+0700] {logging_mixin.py:188} INFO - [2024-04-20T12:19:35.337+0700] {dag.py:3954} INFO - Setting next_dagrun for dataset_consumes_1_and_2 to None, run_after=None
[2024-04-20T12:19:35.342+0700] {logging_mixin.py:188} INFO - [2024-04-20T12:19:35.341+0700] {dag.py:3954} INFO - Setting next_dagrun for dataset_consumes_1_never_scheduled to None, run_after=None
[2024-04-20T12:19:35.356+0700] {logging_mixin.py:188} INFO - [2024-04-20T12:19:35.356+0700] {dag.py:3954} INFO - Setting next_dagrun for dataset_consumes_unknown_never_scheduled to None, run_after=None
[2024-04-20T12:19:35.373+0700] {logging_mixin.py:188} INFO - [2024-04-20T12:19:35.372+0700] {dag.py:3954} INFO - Setting next_dagrun for dataset_produces_1 to 2024-04-19 00:00:00+00:00, run_after=2024-04-20 00:00:00+00:00
[2024-04-20T12:19:35.388+0700] {logging_mixin.py:188} INFO - [2024-04-20T12:19:35.388+0700] {dag.py:3954} INFO - Setting next_dagrun for dataset_produces_2 to None, run_after=None
[2024-04-20T12:19:35.988+0700] {processor.py:183} INFO - Processing /home/newrey/airflow/airflow-env/lib/python3.10/site-packages/airflow/example_dags/example_datasets.py took 3.324 seconds
[2024-04-20T12:21:29.868+0700] {processor.py:161} INFO - Started process (PID=6627) to work on /home/newrey/airflow/airflow-env/lib/python3.10/site-packages/airflow/example_dags/example_datasets.py
[2024-04-20T12:21:29.872+0700] {processor.py:830} INFO - Processing file /home/newrey/airflow/airflow-env/lib/python3.10/site-packages/airflow/example_dags/example_datasets.py for tasks to queue
[2024-04-20T12:21:29.875+0700] {logging_mixin.py:188} INFO - [2024-04-20T12:21:29.874+0700] {dagbag.py:540} INFO - Filling up the DagBag from /home/newrey/airflow/airflow-env/lib/python3.10/site-packages/airflow/example_dags/example_datasets.py
[2024-04-20T12:21:29.895+0700] {processor.py:840} INFO - DAG(s) 'dataset_consumes_1_never_scheduled', 'dataset_produces_2', 'dataset_consumes_1_and_2', 'dataset_consumes_1', 'consume_1_or_2_with_dataset_expressions', 'consume_1_and_2_with_dataset_expressions', 'consume_1_or_both_2_and_3_with_dataset_expressions', 'dataset_consumes_unknown_never_scheduled', 'conditional_dataset_and_time_based_timetable', 'dataset_produces_1' retrieved from /home/newrey/airflow/airflow-env/lib/python3.10/site-packages/airflow/example_dags/example_datasets.py
[2024-04-20T12:21:29.973+0700] {logging_mixin.py:188} INFO - [2024-04-20T12:21:29.972+0700] {dag.py:3096} INFO - Sync 10 DAGs
[2024-04-20T12:21:30.027+0700] {logging_mixin.py:188} INFO - [2024-04-20T12:21:30.027+0700] {dag.py:3954} INFO - Setting next_dagrun for conditional_dataset_and_time_based_timetable to 2024-04-17 01:00:00+00:00, run_after=2024-04-17 01:00:00+00:00
[2024-04-20T12:21:30.038+0700] {logging_mixin.py:188} INFO - [2024-04-20T12:21:30.037+0700] {dag.py:3954} INFO - Setting next_dagrun for consume_1_and_2_with_dataset_expressions to None, run_after=None
[2024-04-20T12:21:30.043+0700] {logging_mixin.py:188} INFO - [2024-04-20T12:21:30.043+0700] {dag.py:3954} INFO - Setting next_dagrun for consume_1_or_2_with_dataset_expressions to None, run_after=None
[2024-04-20T12:21:30.047+0700] {logging_mixin.py:188} INFO - [2024-04-20T12:21:30.046+0700] {dag.py:3954} INFO - Setting next_dagrun for consume_1_or_both_2_and_3_with_dataset_expressions to None, run_after=None
[2024-04-20T12:21:30.051+0700] {logging_mixin.py:188} INFO - [2024-04-20T12:21:30.050+0700] {dag.py:3954} INFO - Setting next_dagrun for dataset_consumes_1 to None, run_after=None
[2024-04-20T12:21:30.056+0700] {logging_mixin.py:188} INFO - [2024-04-20T12:21:30.055+0700] {dag.py:3954} INFO - Setting next_dagrun for dataset_consumes_1_and_2 to None, run_after=None
[2024-04-20T12:21:30.059+0700] {logging_mixin.py:188} INFO - [2024-04-20T12:21:30.059+0700] {dag.py:3954} INFO - Setting next_dagrun for dataset_consumes_1_never_scheduled to None, run_after=None
[2024-04-20T12:21:30.065+0700] {logging_mixin.py:188} INFO - [2024-04-20T12:21:30.064+0700] {dag.py:3954} INFO - Setting next_dagrun for dataset_consumes_unknown_never_scheduled to None, run_after=None
[2024-04-20T12:21:30.076+0700] {logging_mixin.py:188} INFO - [2024-04-20T12:21:30.075+0700] {dag.py:3954} INFO - Setting next_dagrun for dataset_produces_1 to 2024-04-19 00:00:00+00:00, run_after=2024-04-20 00:00:00+00:00
[2024-04-20T12:21:30.080+0700] {logging_mixin.py:188} INFO - [2024-04-20T12:21:30.079+0700] {dag.py:3954} INFO - Setting next_dagrun for dataset_produces_2 to None, run_after=None
[2024-04-20T12:21:30.174+0700] {processor.py:183} INFO - Processing /home/newrey/airflow/airflow-env/lib/python3.10/site-packages/airflow/example_dags/example_datasets.py took 0.315 seconds
[2024-04-20T12:22:53.462+0700] {processor.py:161} INFO - Started process (PID=7475) to work on /home/newrey/airflow/airflow-env/lib/python3.10/site-packages/airflow/example_dags/example_datasets.py
[2024-04-20T12:22:53.479+0700] {processor.py:830} INFO - Processing file /home/newrey/airflow/airflow-env/lib/python3.10/site-packages/airflow/example_dags/example_datasets.py for tasks to queue
[2024-04-20T12:22:53.484+0700] {logging_mixin.py:188} INFO - [2024-04-20T12:22:53.483+0700] {dagbag.py:540} INFO - Filling up the DagBag from /home/newrey/airflow/airflow-env/lib/python3.10/site-packages/airflow/example_dags/example_datasets.py
[2024-04-20T12:22:53.612+0700] {processor.py:840} INFO - DAG(s) 'dataset_produces_1', 'dataset_consumes_1_never_scheduled', 'dataset_produces_2', 'consume_1_and_2_with_dataset_expressions', 'dataset_consumes_1', 'consume_1_or_2_with_dataset_expressions', 'dataset_consumes_unknown_never_scheduled', 'dataset_consumes_1_and_2', 'conditional_dataset_and_time_based_timetable', 'consume_1_or_both_2_and_3_with_dataset_expressions' retrieved from /home/newrey/airflow/airflow-env/lib/python3.10/site-packages/airflow/example_dags/example_datasets.py
[2024-04-20T12:22:53.986+0700] {logging_mixin.py:188} INFO - [2024-04-20T12:22:53.974+0700] {dag.py:3096} INFO - Sync 10 DAGs
[2024-04-20T12:22:54.183+0700] {logging_mixin.py:188} INFO - [2024-04-20T12:22:54.183+0700] {dag.py:3954} INFO - Setting next_dagrun for conditional_dataset_and_time_based_timetable to 2024-04-17 01:00:00+00:00, run_after=2024-04-17 01:00:00+00:00
[2024-04-20T12:22:54.216+0700] {logging_mixin.py:188} INFO - [2024-04-20T12:22:54.215+0700] {dag.py:3954} INFO - Setting next_dagrun for consume_1_and_2_with_dataset_expressions to None, run_after=None
[2024-04-20T12:22:54.229+0700] {logging_mixin.py:188} INFO - [2024-04-20T12:22:54.228+0700] {dag.py:3954} INFO - Setting next_dagrun for consume_1_or_2_with_dataset_expressions to None, run_after=None
[2024-04-20T12:22:54.245+0700] {logging_mixin.py:188} INFO - [2024-04-20T12:22:54.235+0700] {dag.py:3954} INFO - Setting next_dagrun for consume_1_or_both_2_and_3_with_dataset_expressions to None, run_after=None
[2024-04-20T12:22:54.249+0700] {logging_mixin.py:188} INFO - [2024-04-20T12:22:54.248+0700] {dag.py:3954} INFO - Setting next_dagrun for dataset_consumes_1 to None, run_after=None
[2024-04-20T12:22:54.280+0700] {logging_mixin.py:188} INFO - [2024-04-20T12:22:54.279+0700] {dag.py:3954} INFO - Setting next_dagrun for dataset_consumes_1_and_2 to None, run_after=None
[2024-04-20T12:22:54.294+0700] {logging_mixin.py:188} INFO - [2024-04-20T12:22:54.293+0700] {dag.py:3954} INFO - Setting next_dagrun for dataset_consumes_1_never_scheduled to None, run_after=None
[2024-04-20T12:22:54.313+0700] {logging_mixin.py:188} INFO - [2024-04-20T12:22:54.297+0700] {dag.py:3954} INFO - Setting next_dagrun for dataset_consumes_unknown_never_scheduled to None, run_after=None
[2024-04-20T12:22:54.332+0700] {logging_mixin.py:188} INFO - [2024-04-20T12:22:54.331+0700] {dag.py:3954} INFO - Setting next_dagrun for dataset_produces_1 to 2024-04-19 00:00:00+00:00, run_after=2024-04-20 00:00:00+00:00
[2024-04-20T12:22:54.363+0700] {logging_mixin.py:188} INFO - [2024-04-20T12:22:54.351+0700] {dag.py:3954} INFO - Setting next_dagrun for dataset_produces_2 to None, run_after=None
[2024-04-20T12:22:55.147+0700] {processor.py:183} INFO - Processing /home/newrey/airflow/airflow-env/lib/python3.10/site-packages/airflow/example_dags/example_datasets.py took 1.733 seconds
[2024-04-20T12:24:40.922+0700] {processor.py:161} INFO - Started process (PID=8662) to work on /home/newrey/airflow/airflow-env/lib/python3.10/site-packages/airflow/example_dags/example_datasets.py
[2024-04-20T12:24:40.925+0700] {processor.py:830} INFO - Processing file /home/newrey/airflow/airflow-env/lib/python3.10/site-packages/airflow/example_dags/example_datasets.py for tasks to queue
[2024-04-20T12:24:40.929+0700] {logging_mixin.py:188} INFO - [2024-04-20T12:24:40.928+0700] {dagbag.py:540} INFO - Filling up the DagBag from /home/newrey/airflow/airflow-env/lib/python3.10/site-packages/airflow/example_dags/example_datasets.py
[2024-04-20T12:24:40.957+0700] {processor.py:840} INFO - DAG(s) 'consume_1_or_2_with_dataset_expressions', 'dataset_produces_2', 'consume_1_and_2_with_dataset_expressions', 'dataset_produces_1', 'consume_1_or_both_2_and_3_with_dataset_expressions', 'dataset_consumes_1_never_scheduled', 'dataset_consumes_unknown_never_scheduled', 'dataset_consumes_1', 'dataset_consumes_1_and_2', 'conditional_dataset_and_time_based_timetable' retrieved from /home/newrey/airflow/airflow-env/lib/python3.10/site-packages/airflow/example_dags/example_datasets.py
[2024-04-20T12:24:41.070+0700] {logging_mixin.py:188} INFO - [2024-04-20T12:24:41.070+0700] {dag.py:3096} INFO - Sync 10 DAGs
[2024-04-20T12:24:41.123+0700] {logging_mixin.py:188} INFO - [2024-04-20T12:24:41.122+0700] {dag.py:3954} INFO - Setting next_dagrun for conditional_dataset_and_time_based_timetable to 2024-04-17 01:00:00+00:00, run_after=2024-04-17 01:00:00+00:00
[2024-04-20T12:24:41.133+0700] {logging_mixin.py:188} INFO - [2024-04-20T12:24:41.132+0700] {dag.py:3954} INFO - Setting next_dagrun for consume_1_and_2_with_dataset_expressions to None, run_after=None
[2024-04-20T12:24:41.136+0700] {logging_mixin.py:188} INFO - [2024-04-20T12:24:41.136+0700] {dag.py:3954} INFO - Setting next_dagrun for consume_1_or_2_with_dataset_expressions to None, run_after=None
[2024-04-20T12:24:41.140+0700] {logging_mixin.py:188} INFO - [2024-04-20T12:24:41.139+0700] {dag.py:3954} INFO - Setting next_dagrun for consume_1_or_both_2_and_3_with_dataset_expressions to None, run_after=None
[2024-04-20T12:24:41.143+0700] {logging_mixin.py:188} INFO - [2024-04-20T12:24:41.143+0700] {dag.py:3954} INFO - Setting next_dagrun for dataset_consumes_1 to None, run_after=None
[2024-04-20T12:24:41.147+0700] {logging_mixin.py:188} INFO - [2024-04-20T12:24:41.147+0700] {dag.py:3954} INFO - Setting next_dagrun for dataset_consumes_1_and_2 to None, run_after=None
[2024-04-20T12:24:41.151+0700] {logging_mixin.py:188} INFO - [2024-04-20T12:24:41.151+0700] {dag.py:3954} INFO - Setting next_dagrun for dataset_consumes_1_never_scheduled to None, run_after=None
[2024-04-20T12:24:41.154+0700] {logging_mixin.py:188} INFO - [2024-04-20T12:24:41.154+0700] {dag.py:3954} INFO - Setting next_dagrun for dataset_consumes_unknown_never_scheduled to None, run_after=None
[2024-04-20T12:24:41.162+0700] {logging_mixin.py:188} INFO - [2024-04-20T12:24:41.161+0700] {dag.py:3954} INFO - Setting next_dagrun for dataset_produces_1 to 2024-04-19 00:00:00+00:00, run_after=2024-04-20 00:00:00+00:00
[2024-04-20T12:24:41.165+0700] {logging_mixin.py:188} INFO - [2024-04-20T12:24:41.165+0700] {dag.py:3954} INFO - Setting next_dagrun for dataset_produces_2 to None, run_after=None
[2024-04-20T12:24:41.281+0700] {processor.py:183} INFO - Processing /home/newrey/airflow/airflow-env/lib/python3.10/site-packages/airflow/example_dags/example_datasets.py took 0.380 seconds
[2024-04-20T12:26:10.758+0700] {processor.py:161} INFO - Started process (PID=9792) to work on /home/newrey/airflow/airflow-env/lib/python3.10/site-packages/airflow/example_dags/example_datasets.py
[2024-04-20T12:26:10.764+0700] {processor.py:830} INFO - Processing file /home/newrey/airflow/airflow-env/lib/python3.10/site-packages/airflow/example_dags/example_datasets.py for tasks to queue
[2024-04-20T12:26:10.768+0700] {logging_mixin.py:188} INFO - [2024-04-20T12:26:10.767+0700] {dagbag.py:540} INFO - Filling up the DagBag from /home/newrey/airflow/airflow-env/lib/python3.10/site-packages/airflow/example_dags/example_datasets.py
[2024-04-20T12:26:10.806+0700] {processor.py:840} INFO - DAG(s) 'dataset_consumes_unknown_never_scheduled', 'dataset_produces_2', 'dataset_consumes_1_and_2', 'consume_1_or_both_2_and_3_with_dataset_expressions', 'dataset_consumes_1', 'consume_1_or_2_with_dataset_expressions', 'consume_1_and_2_with_dataset_expressions', 'dataset_consumes_1_never_scheduled', 'dataset_produces_1', 'conditional_dataset_and_time_based_timetable' retrieved from /home/newrey/airflow/airflow-env/lib/python3.10/site-packages/airflow/example_dags/example_datasets.py
[2024-04-20T12:26:10.915+0700] {logging_mixin.py:188} INFO - [2024-04-20T12:26:10.914+0700] {dag.py:3096} INFO - Sync 10 DAGs
[2024-04-20T12:26:10.971+0700] {logging_mixin.py:188} INFO - [2024-04-20T12:26:10.971+0700] {dag.py:3954} INFO - Setting next_dagrun for conditional_dataset_and_time_based_timetable to 2024-04-17 01:00:00+00:00, run_after=2024-04-17 01:00:00+00:00
[2024-04-20T12:26:10.980+0700] {logging_mixin.py:188} INFO - [2024-04-20T12:26:10.980+0700] {dag.py:3954} INFO - Setting next_dagrun for consume_1_and_2_with_dataset_expressions to None, run_after=None
[2024-04-20T12:26:10.984+0700] {logging_mixin.py:188} INFO - [2024-04-20T12:26:10.983+0700] {dag.py:3954} INFO - Setting next_dagrun for consume_1_or_2_with_dataset_expressions to None, run_after=None
[2024-04-20T12:26:10.987+0700] {logging_mixin.py:188} INFO - [2024-04-20T12:26:10.987+0700] {dag.py:3954} INFO - Setting next_dagrun for consume_1_or_both_2_and_3_with_dataset_expressions to None, run_after=None
[2024-04-20T12:26:10.991+0700] {logging_mixin.py:188} INFO - [2024-04-20T12:26:10.990+0700] {dag.py:3954} INFO - Setting next_dagrun for dataset_consumes_1 to None, run_after=None
[2024-04-20T12:26:10.996+0700] {logging_mixin.py:188} INFO - [2024-04-20T12:26:10.996+0700] {dag.py:3954} INFO - Setting next_dagrun for dataset_consumes_1_and_2 to None, run_after=None
[2024-04-20T12:26:11.001+0700] {logging_mixin.py:188} INFO - [2024-04-20T12:26:11.000+0700] {dag.py:3954} INFO - Setting next_dagrun for dataset_consumes_1_never_scheduled to None, run_after=None
[2024-04-20T12:26:11.004+0700] {logging_mixin.py:188} INFO - [2024-04-20T12:26:11.003+0700] {dag.py:3954} INFO - Setting next_dagrun for dataset_consumes_unknown_never_scheduled to None, run_after=None
[2024-04-20T12:26:11.009+0700] {logging_mixin.py:188} INFO - [2024-04-20T12:26:11.009+0700] {dag.py:3954} INFO - Setting next_dagrun for dataset_produces_1 to 2024-04-19 00:00:00+00:00, run_after=2024-04-20 00:00:00+00:00
[2024-04-20T12:26:11.015+0700] {logging_mixin.py:188} INFO - [2024-04-20T12:26:11.015+0700] {dag.py:3954} INFO - Setting next_dagrun for dataset_produces_2 to None, run_after=None
[2024-04-20T12:26:11.160+0700] {processor.py:183} INFO - Processing /home/newrey/airflow/airflow-env/lib/python3.10/site-packages/airflow/example_dags/example_datasets.py took 0.425 seconds
[2024-04-20T12:27:27.992+0700] {processor.py:161} INFO - Started process (PID=10443) to work on /home/newrey/airflow/airflow-env/lib/python3.10/site-packages/airflow/example_dags/example_datasets.py
[2024-04-20T12:27:27.998+0700] {processor.py:830} INFO - Processing file /home/newrey/airflow/airflow-env/lib/python3.10/site-packages/airflow/example_dags/example_datasets.py for tasks to queue
[2024-04-20T12:27:28.002+0700] {logging_mixin.py:188} INFO - [2024-04-20T12:27:28.001+0700] {dagbag.py:540} INFO - Filling up the DagBag from /home/newrey/airflow/airflow-env/lib/python3.10/site-packages/airflow/example_dags/example_datasets.py
[2024-04-20T12:27:28.035+0700] {processor.py:840} INFO - DAG(s) 'dataset_produces_2', 'dataset_consumes_1_and_2', 'consume_1_or_2_with_dataset_expressions', 'conditional_dataset_and_time_based_timetable', 'dataset_consumes_unknown_never_scheduled', 'dataset_produces_1', 'dataset_consumes_1', 'consume_1_and_2_with_dataset_expressions', 'consume_1_or_both_2_and_3_with_dataset_expressions', 'dataset_consumes_1_never_scheduled' retrieved from /home/newrey/airflow/airflow-env/lib/python3.10/site-packages/airflow/example_dags/example_datasets.py
[2024-04-20T12:27:28.128+0700] {logging_mixin.py:188} INFO - [2024-04-20T12:27:28.127+0700] {dag.py:3096} INFO - Sync 10 DAGs
[2024-04-20T12:27:28.175+0700] {logging_mixin.py:188} INFO - [2024-04-20T12:27:28.174+0700] {dag.py:3954} INFO - Setting next_dagrun for conditional_dataset_and_time_based_timetable to 2024-04-17 01:00:00+00:00, run_after=2024-04-17 01:00:00+00:00
[2024-04-20T12:27:28.182+0700] {logging_mixin.py:188} INFO - [2024-04-20T12:27:28.182+0700] {dag.py:3954} INFO - Setting next_dagrun for consume_1_and_2_with_dataset_expressions to None, run_after=None
[2024-04-20T12:27:28.185+0700] {logging_mixin.py:188} INFO - [2024-04-20T12:27:28.184+0700] {dag.py:3954} INFO - Setting next_dagrun for consume_1_or_2_with_dataset_expressions to None, run_after=None
[2024-04-20T12:27:28.187+0700] {logging_mixin.py:188} INFO - [2024-04-20T12:27:28.186+0700] {dag.py:3954} INFO - Setting next_dagrun for consume_1_or_both_2_and_3_with_dataset_expressions to None, run_after=None
[2024-04-20T12:27:28.189+0700] {logging_mixin.py:188} INFO - [2024-04-20T12:27:28.189+0700] {dag.py:3954} INFO - Setting next_dagrun for dataset_consumes_1 to None, run_after=None
[2024-04-20T12:27:28.191+0700] {logging_mixin.py:188} INFO - [2024-04-20T12:27:28.191+0700] {dag.py:3954} INFO - Setting next_dagrun for dataset_consumes_1_and_2 to None, run_after=None
[2024-04-20T12:27:28.193+0700] {logging_mixin.py:188} INFO - [2024-04-20T12:27:28.193+0700] {dag.py:3954} INFO - Setting next_dagrun for dataset_consumes_1_never_scheduled to None, run_after=None
[2024-04-20T12:27:28.196+0700] {logging_mixin.py:188} INFO - [2024-04-20T12:27:28.196+0700] {dag.py:3954} INFO - Setting next_dagrun for dataset_consumes_unknown_never_scheduled to None, run_after=None
[2024-04-20T12:27:28.204+0700] {logging_mixin.py:188} INFO - [2024-04-20T12:27:28.203+0700] {dag.py:3954} INFO - Setting next_dagrun for dataset_produces_1 to 2024-04-19 00:00:00+00:00, run_after=2024-04-20 00:00:00+00:00
[2024-04-20T12:27:28.207+0700] {logging_mixin.py:188} INFO - [2024-04-20T12:27:28.207+0700] {dag.py:3954} INFO - Setting next_dagrun for dataset_produces_2 to None, run_after=None
[2024-04-20T12:27:28.280+0700] {processor.py:183} INFO - Processing /home/newrey/airflow/airflow-env/lib/python3.10/site-packages/airflow/example_dags/example_datasets.py took 0.310 seconds
[2024-04-20T12:29:16.155+0700] {processor.py:161} INFO - Started process (PID=12016) to work on /home/newrey/airflow/airflow-env/lib/python3.10/site-packages/airflow/example_dags/example_datasets.py
[2024-04-20T12:29:16.157+0700] {processor.py:830} INFO - Processing file /home/newrey/airflow/airflow-env/lib/python3.10/site-packages/airflow/example_dags/example_datasets.py for tasks to queue
[2024-04-20T12:29:16.159+0700] {logging_mixin.py:188} INFO - [2024-04-20T12:29:16.158+0700] {dagbag.py:540} INFO - Filling up the DagBag from /home/newrey/airflow/airflow-env/lib/python3.10/site-packages/airflow/example_dags/example_datasets.py
[2024-04-20T12:29:16.184+0700] {processor.py:840} INFO - DAG(s) 'dataset_consumes_1_and_2', 'dataset_produces_2', 'dataset_consumes_1', 'consume_1_or_both_2_and_3_with_dataset_expressions', 'consume_1_and_2_with_dataset_expressions', 'conditional_dataset_and_time_based_timetable', 'consume_1_or_2_with_dataset_expressions', 'dataset_produces_1', 'dataset_consumes_1_never_scheduled', 'dataset_consumes_unknown_never_scheduled' retrieved from /home/newrey/airflow/airflow-env/lib/python3.10/site-packages/airflow/example_dags/example_datasets.py
[2024-04-20T12:29:16.296+0700] {logging_mixin.py:188} INFO - [2024-04-20T12:29:16.295+0700] {dag.py:3096} INFO - Sync 10 DAGs
[2024-04-20T12:29:16.443+0700] {logging_mixin.py:188} INFO - [2024-04-20T12:29:16.442+0700] {dag.py:3954} INFO - Setting next_dagrun for conditional_dataset_and_time_based_timetable to 2024-04-17 01:00:00+00:00, run_after=2024-04-17 01:00:00+00:00
[2024-04-20T12:29:16.672+0700] {logging_mixin.py:188} INFO - [2024-04-20T12:29:16.671+0700] {dag.py:3954} INFO - Setting next_dagrun for consume_1_and_2_with_dataset_expressions to None, run_after=None
[2024-04-20T12:29:16.676+0700] {logging_mixin.py:188} INFO - [2024-04-20T12:29:16.675+0700] {dag.py:3954} INFO - Setting next_dagrun for consume_1_or_2_with_dataset_expressions to None, run_after=None
[2024-04-20T12:29:16.683+0700] {logging_mixin.py:188} INFO - [2024-04-20T12:29:16.682+0700] {dag.py:3954} INFO - Setting next_dagrun for consume_1_or_both_2_and_3_with_dataset_expressions to None, run_after=None
[2024-04-20T12:29:16.691+0700] {logging_mixin.py:188} INFO - [2024-04-20T12:29:16.690+0700] {dag.py:3954} INFO - Setting next_dagrun for dataset_consumes_1 to None, run_after=None
[2024-04-20T12:29:16.701+0700] {logging_mixin.py:188} INFO - [2024-04-20T12:29:16.700+0700] {dag.py:3954} INFO - Setting next_dagrun for dataset_consumes_1_and_2 to None, run_after=None
[2024-04-20T12:29:16.714+0700] {logging_mixin.py:188} INFO - [2024-04-20T12:29:16.713+0700] {dag.py:3954} INFO - Setting next_dagrun for dataset_consumes_1_never_scheduled to None, run_after=None
[2024-04-20T12:29:16.721+0700] {logging_mixin.py:188} INFO - [2024-04-20T12:29:16.719+0700] {dag.py:3954} INFO - Setting next_dagrun for dataset_consumes_unknown_never_scheduled to None, run_after=None
[2024-04-20T12:29:16.728+0700] {logging_mixin.py:188} INFO - [2024-04-20T12:29:16.728+0700] {dag.py:3954} INFO - Setting next_dagrun for dataset_produces_1 to 2024-04-19 00:00:00+00:00, run_after=2024-04-20 00:00:00+00:00
[2024-04-20T12:29:16.735+0700] {logging_mixin.py:188} INFO - [2024-04-20T12:29:16.734+0700] {dag.py:3954} INFO - Setting next_dagrun for dataset_produces_2 to None, run_after=None
[2024-04-20T12:29:16.853+0700] {processor.py:183} INFO - Processing /home/newrey/airflow/airflow-env/lib/python3.10/site-packages/airflow/example_dags/example_datasets.py took 0.715 seconds
[2024-04-20T12:31:42.254+0700] {processor.py:161} INFO - Started process (PID=14285) to work on /home/newrey/airflow/airflow-env/lib/python3.10/site-packages/airflow/example_dags/example_datasets.py
[2024-04-20T12:31:42.258+0700] {processor.py:830} INFO - Processing file /home/newrey/airflow/airflow-env/lib/python3.10/site-packages/airflow/example_dags/example_datasets.py for tasks to queue
[2024-04-20T12:31:42.263+0700] {logging_mixin.py:188} INFO - [2024-04-20T12:31:42.262+0700] {dagbag.py:540} INFO - Filling up the DagBag from /home/newrey/airflow/airflow-env/lib/python3.10/site-packages/airflow/example_dags/example_datasets.py
[2024-04-20T12:31:42.300+0700] {processor.py:840} INFO - DAG(s) 'dataset_consumes_1_never_scheduled', 'dataset_consumes_1_and_2', 'dataset_produces_2', 'consume_1_or_both_2_and_3_with_dataset_expressions', 'dataset_consumes_unknown_never_scheduled', 'conditional_dataset_and_time_based_timetable', 'consume_1_or_2_with_dataset_expressions', 'dataset_produces_1', 'dataset_consumes_1', 'consume_1_and_2_with_dataset_expressions' retrieved from /home/newrey/airflow/airflow-env/lib/python3.10/site-packages/airflow/example_dags/example_datasets.py
[2024-04-20T12:31:42.405+0700] {logging_mixin.py:188} INFO - [2024-04-20T12:31:42.405+0700] {dag.py:3096} INFO - Sync 10 DAGs
[2024-04-20T12:31:42.462+0700] {logging_mixin.py:188} INFO - [2024-04-20T12:31:42.462+0700] {dag.py:3954} INFO - Setting next_dagrun for conditional_dataset_and_time_based_timetable to 2024-04-17 01:00:00+00:00, run_after=2024-04-17 01:00:00+00:00
[2024-04-20T12:31:42.469+0700] {logging_mixin.py:188} INFO - [2024-04-20T12:31:42.468+0700] {dag.py:3954} INFO - Setting next_dagrun for consume_1_and_2_with_dataset_expressions to None, run_after=None
[2024-04-20T12:31:42.471+0700] {logging_mixin.py:188} INFO - [2024-04-20T12:31:42.471+0700] {dag.py:3954} INFO - Setting next_dagrun for consume_1_or_2_with_dataset_expressions to None, run_after=None
[2024-04-20T12:31:42.473+0700] {logging_mixin.py:188} INFO - [2024-04-20T12:31:42.473+0700] {dag.py:3954} INFO - Setting next_dagrun for consume_1_or_both_2_and_3_with_dataset_expressions to None, run_after=None
[2024-04-20T12:31:42.476+0700] {logging_mixin.py:188} INFO - [2024-04-20T12:31:42.475+0700] {dag.py:3954} INFO - Setting next_dagrun for dataset_consumes_1 to None, run_after=None
[2024-04-20T12:31:42.481+0700] {logging_mixin.py:188} INFO - [2024-04-20T12:31:42.480+0700] {dag.py:3954} INFO - Setting next_dagrun for dataset_consumes_1_and_2 to None, run_after=None
[2024-04-20T12:31:42.485+0700] {logging_mixin.py:188} INFO - [2024-04-20T12:31:42.484+0700] {dag.py:3954} INFO - Setting next_dagrun for dataset_consumes_1_never_scheduled to None, run_after=None
[2024-04-20T12:31:42.488+0700] {logging_mixin.py:188} INFO - [2024-04-20T12:31:42.488+0700] {dag.py:3954} INFO - Setting next_dagrun for dataset_consumes_unknown_never_scheduled to None, run_after=None
[2024-04-20T12:31:42.497+0700] {logging_mixin.py:188} INFO - [2024-04-20T12:31:42.497+0700] {dag.py:3954} INFO - Setting next_dagrun for dataset_produces_1 to 2024-04-19 00:00:00+00:00, run_after=2024-04-20 00:00:00+00:00
[2024-04-20T12:31:42.502+0700] {logging_mixin.py:188} INFO - [2024-04-20T12:31:42.501+0700] {dag.py:3954} INFO - Setting next_dagrun for dataset_produces_2 to None, run_after=None
[2024-04-20T12:31:42.573+0700] {processor.py:183} INFO - Processing /home/newrey/airflow/airflow-env/lib/python3.10/site-packages/airflow/example_dags/example_datasets.py took 0.342 seconds
[2024-04-20T12:33:05.773+0700] {processor.py:161} INFO - Started process (PID=14991) to work on /home/newrey/airflow/airflow-env/lib/python3.10/site-packages/airflow/example_dags/example_datasets.py
[2024-04-20T12:33:05.777+0700] {processor.py:830} INFO - Processing file /home/newrey/airflow/airflow-env/lib/python3.10/site-packages/airflow/example_dags/example_datasets.py for tasks to queue
[2024-04-20T12:33:05.780+0700] {logging_mixin.py:188} INFO - [2024-04-20T12:33:05.779+0700] {dagbag.py:540} INFO - Filling up the DagBag from /home/newrey/airflow/airflow-env/lib/python3.10/site-packages/airflow/example_dags/example_datasets.py
[2024-04-20T12:33:05.812+0700] {processor.py:840} INFO - DAG(s) 'conditional_dataset_and_time_based_timetable', 'dataset_consumes_unknown_never_scheduled', 'dataset_consumes_1_never_scheduled', 'dataset_consumes_1_and_2', 'consume_1_and_2_with_dataset_expressions', 'dataset_produces_2', 'consume_1_or_2_with_dataset_expressions', 'dataset_consumes_1', 'consume_1_or_both_2_and_3_with_dataset_expressions', 'dataset_produces_1' retrieved from /home/newrey/airflow/airflow-env/lib/python3.10/site-packages/airflow/example_dags/example_datasets.py
[2024-04-20T12:33:05.953+0700] {logging_mixin.py:188} INFO - [2024-04-20T12:33:05.952+0700] {dag.py:3096} INFO - Sync 10 DAGs
[2024-04-20T12:33:05.998+0700] {logging_mixin.py:188} INFO - [2024-04-20T12:33:05.997+0700] {dag.py:3954} INFO - Setting next_dagrun for conditional_dataset_and_time_based_timetable to 2024-04-17 01:00:00+00:00, run_after=2024-04-17 01:00:00+00:00
[2024-04-20T12:33:06.005+0700] {logging_mixin.py:188} INFO - [2024-04-20T12:33:06.004+0700] {dag.py:3954} INFO - Setting next_dagrun for consume_1_and_2_with_dataset_expressions to None, run_after=None
[2024-04-20T12:33:06.007+0700] {logging_mixin.py:188} INFO - [2024-04-20T12:33:06.007+0700] {dag.py:3954} INFO - Setting next_dagrun for consume_1_or_2_with_dataset_expressions to None, run_after=None
[2024-04-20T12:33:06.010+0700] {logging_mixin.py:188} INFO - [2024-04-20T12:33:06.009+0700] {dag.py:3954} INFO - Setting next_dagrun for consume_1_or_both_2_and_3_with_dataset_expressions to None, run_after=None
[2024-04-20T12:33:06.014+0700] {logging_mixin.py:188} INFO - [2024-04-20T12:33:06.014+0700] {dag.py:3954} INFO - Setting next_dagrun for dataset_consumes_1 to None, run_after=None
[2024-04-20T12:33:06.017+0700] {logging_mixin.py:188} INFO - [2024-04-20T12:33:06.017+0700] {dag.py:3954} INFO - Setting next_dagrun for dataset_consumes_1_and_2 to None, run_after=None
[2024-04-20T12:33:06.020+0700] {logging_mixin.py:188} INFO - [2024-04-20T12:33:06.020+0700] {dag.py:3954} INFO - Setting next_dagrun for dataset_consumes_1_never_scheduled to None, run_after=None
[2024-04-20T12:33:06.023+0700] {logging_mixin.py:188} INFO - [2024-04-20T12:33:06.022+0700] {dag.py:3954} INFO - Setting next_dagrun for dataset_consumes_unknown_never_scheduled to None, run_after=None
[2024-04-20T12:33:06.027+0700] {logging_mixin.py:188} INFO - [2024-04-20T12:33:06.027+0700] {dag.py:3954} INFO - Setting next_dagrun for dataset_produces_1 to 2024-04-19 00:00:00+00:00, run_after=2024-04-20 00:00:00+00:00
[2024-04-20T12:33:06.029+0700] {logging_mixin.py:188} INFO - [2024-04-20T12:33:06.029+0700] {dag.py:3954} INFO - Setting next_dagrun for dataset_produces_2 to None, run_after=None
[2024-04-20T12:33:06.087+0700] {processor.py:183} INFO - Processing /home/newrey/airflow/airflow-env/lib/python3.10/site-packages/airflow/example_dags/example_datasets.py took 0.339 seconds
[2024-04-20T12:34:31.848+0700] {processor.py:161} INFO - Started process (PID=15952) to work on /home/newrey/airflow/airflow-env/lib/python3.10/site-packages/airflow/example_dags/example_datasets.py
[2024-04-20T12:34:31.850+0700] {processor.py:830} INFO - Processing file /home/newrey/airflow/airflow-env/lib/python3.10/site-packages/airflow/example_dags/example_datasets.py for tasks to queue
[2024-04-20T12:34:31.852+0700] {logging_mixin.py:188} INFO - [2024-04-20T12:34:31.852+0700] {dagbag.py:540} INFO - Filling up the DagBag from /home/newrey/airflow/airflow-env/lib/python3.10/site-packages/airflow/example_dags/example_datasets.py
[2024-04-20T12:34:31.915+0700] {processor.py:840} INFO - DAG(s) 'conditional_dataset_and_time_based_timetable', 'dataset_consumes_1', 'consume_1_and_2_with_dataset_expressions', 'dataset_consumes_1_and_2', 'consume_1_or_both_2_and_3_with_dataset_expressions', 'consume_1_or_2_with_dataset_expressions', 'dataset_consumes_unknown_never_scheduled', 'dataset_produces_1', 'dataset_produces_2', 'dataset_consumes_1_never_scheduled' retrieved from /home/newrey/airflow/airflow-env/lib/python3.10/site-packages/airflow/example_dags/example_datasets.py
[2024-04-20T12:34:32.052+0700] {logging_mixin.py:188} INFO - [2024-04-20T12:34:32.050+0700] {dag.py:3096} INFO - Sync 10 DAGs
[2024-04-20T12:34:32.116+0700] {logging_mixin.py:188} INFO - [2024-04-20T12:34:32.115+0700] {dag.py:3954} INFO - Setting next_dagrun for conditional_dataset_and_time_based_timetable to 2024-04-17 01:00:00+00:00, run_after=2024-04-17 01:00:00+00:00
[2024-04-20T12:34:32.126+0700] {logging_mixin.py:188} INFO - [2024-04-20T12:34:32.125+0700] {dag.py:3954} INFO - Setting next_dagrun for consume_1_and_2_with_dataset_expressions to None, run_after=None
[2024-04-20T12:34:32.128+0700] {logging_mixin.py:188} INFO - [2024-04-20T12:34:32.128+0700] {dag.py:3954} INFO - Setting next_dagrun for consume_1_or_2_with_dataset_expressions to None, run_after=None
[2024-04-20T12:34:32.131+0700] {logging_mixin.py:188} INFO - [2024-04-20T12:34:32.131+0700] {dag.py:3954} INFO - Setting next_dagrun for consume_1_or_both_2_and_3_with_dataset_expressions to None, run_after=None
[2024-04-20T12:34:32.134+0700] {logging_mixin.py:188} INFO - [2024-04-20T12:34:32.133+0700] {dag.py:3954} INFO - Setting next_dagrun for dataset_consumes_1 to None, run_after=None
[2024-04-20T12:34:32.138+0700] {logging_mixin.py:188} INFO - [2024-04-20T12:34:32.136+0700] {dag.py:3954} INFO - Setting next_dagrun for dataset_consumes_1_and_2 to None, run_after=None
[2024-04-20T12:34:32.142+0700] {logging_mixin.py:188} INFO - [2024-04-20T12:34:32.142+0700] {dag.py:3954} INFO - Setting next_dagrun for dataset_consumes_1_never_scheduled to None, run_after=None
[2024-04-20T12:34:32.146+0700] {logging_mixin.py:188} INFO - [2024-04-20T12:34:32.145+0700] {dag.py:3954} INFO - Setting next_dagrun for dataset_consumes_unknown_never_scheduled to None, run_after=None
[2024-04-20T12:34:32.154+0700] {logging_mixin.py:188} INFO - [2024-04-20T12:34:32.152+0700] {dag.py:3954} INFO - Setting next_dagrun for dataset_produces_1 to 2024-04-19 00:00:00+00:00, run_after=2024-04-20 00:00:00+00:00
[2024-04-20T12:34:32.161+0700] {logging_mixin.py:188} INFO - [2024-04-20T12:34:32.159+0700] {dag.py:3954} INFO - Setting next_dagrun for dataset_produces_2 to None, run_after=None
[2024-04-20T12:34:32.327+0700] {processor.py:183} INFO - Processing /home/newrey/airflow/airflow-env/lib/python3.10/site-packages/airflow/example_dags/example_datasets.py took 0.501 seconds
[2024-04-20T12:36:04.420+0700] {processor.py:161} INFO - Started process (PID=16706) to work on /home/newrey/airflow/airflow-env/lib/python3.10/site-packages/airflow/example_dags/example_datasets.py
[2024-04-20T12:36:04.423+0700] {processor.py:830} INFO - Processing file /home/newrey/airflow/airflow-env/lib/python3.10/site-packages/airflow/example_dags/example_datasets.py for tasks to queue
[2024-04-20T12:36:04.425+0700] {logging_mixin.py:188} INFO - [2024-04-20T12:36:04.424+0700] {dagbag.py:540} INFO - Filling up the DagBag from /home/newrey/airflow/airflow-env/lib/python3.10/site-packages/airflow/example_dags/example_datasets.py
[2024-04-20T12:36:04.453+0700] {processor.py:840} INFO - DAG(s) 'consume_1_or_2_with_dataset_expressions', 'dataset_consumes_1_and_2', 'dataset_consumes_unknown_never_scheduled', 'consume_1_or_both_2_and_3_with_dataset_expressions', 'dataset_consumes_1', 'dataset_produces_2', 'dataset_produces_1', 'consume_1_and_2_with_dataset_expressions', 'conditional_dataset_and_time_based_timetable', 'dataset_consumes_1_never_scheduled' retrieved from /home/newrey/airflow/airflow-env/lib/python3.10/site-packages/airflow/example_dags/example_datasets.py
[2024-04-20T12:36:04.608+0700] {logging_mixin.py:188} INFO - [2024-04-20T12:36:04.607+0700] {dag.py:3096} INFO - Sync 10 DAGs
[2024-04-20T12:36:04.672+0700] {logging_mixin.py:188} INFO - [2024-04-20T12:36:04.671+0700] {dag.py:3954} INFO - Setting next_dagrun for conditional_dataset_and_time_based_timetable to 2024-04-17 01:00:00+00:00, run_after=2024-04-17 01:00:00+00:00
[2024-04-20T12:36:04.681+0700] {logging_mixin.py:188} INFO - [2024-04-20T12:36:04.680+0700] {dag.py:3954} INFO - Setting next_dagrun for consume_1_and_2_with_dataset_expressions to None, run_after=None
[2024-04-20T12:36:04.686+0700] {logging_mixin.py:188} INFO - [2024-04-20T12:36:04.685+0700] {dag.py:3954} INFO - Setting next_dagrun for consume_1_or_2_with_dataset_expressions to None, run_after=None
[2024-04-20T12:36:04.692+0700] {logging_mixin.py:188} INFO - [2024-04-20T12:36:04.692+0700] {dag.py:3954} INFO - Setting next_dagrun for consume_1_or_both_2_and_3_with_dataset_expressions to None, run_after=None
[2024-04-20T12:36:04.697+0700] {logging_mixin.py:188} INFO - [2024-04-20T12:36:04.696+0700] {dag.py:3954} INFO - Setting next_dagrun for dataset_consumes_1 to None, run_after=None
[2024-04-20T12:36:04.701+0700] {logging_mixin.py:188} INFO - [2024-04-20T12:36:04.700+0700] {dag.py:3954} INFO - Setting next_dagrun for dataset_consumes_1_and_2 to None, run_after=None
[2024-04-20T12:36:04.705+0700] {logging_mixin.py:188} INFO - [2024-04-20T12:36:04.704+0700] {dag.py:3954} INFO - Setting next_dagrun for dataset_consumes_1_never_scheduled to None, run_after=None
[2024-04-20T12:36:04.711+0700] {logging_mixin.py:188} INFO - [2024-04-20T12:36:04.710+0700] {dag.py:3954} INFO - Setting next_dagrun for dataset_consumes_unknown_never_scheduled to None, run_after=None
[2024-04-20T12:36:04.723+0700] {logging_mixin.py:188} INFO - [2024-04-20T12:36:04.722+0700] {dag.py:3954} INFO - Setting next_dagrun for dataset_produces_1 to 2024-04-19 00:00:00+00:00, run_after=2024-04-20 00:00:00+00:00
[2024-04-20T12:36:04.729+0700] {logging_mixin.py:188} INFO - [2024-04-20T12:36:04.728+0700] {dag.py:3954} INFO - Setting next_dagrun for dataset_produces_2 to None, run_after=None
[2024-04-20T12:36:04.898+0700] {processor.py:183} INFO - Processing /home/newrey/airflow/airflow-env/lib/python3.10/site-packages/airflow/example_dags/example_datasets.py took 0.500 seconds
[2024-04-20T12:37:21.671+0700] {processor.py:161} INFO - Started process (PID=17438) to work on /home/newrey/airflow/airflow-env/lib/python3.10/site-packages/airflow/example_dags/example_datasets.py
[2024-04-20T12:37:21.675+0700] {processor.py:830} INFO - Processing file /home/newrey/airflow/airflow-env/lib/python3.10/site-packages/airflow/example_dags/example_datasets.py for tasks to queue
[2024-04-20T12:37:21.677+0700] {logging_mixin.py:188} INFO - [2024-04-20T12:37:21.676+0700] {dagbag.py:540} INFO - Filling up the DagBag from /home/newrey/airflow/airflow-env/lib/python3.10/site-packages/airflow/example_dags/example_datasets.py
[2024-04-20T12:37:21.700+0700] {processor.py:840} INFO - DAG(s) 'dataset_consumes_1', 'dataset_consumes_1_never_scheduled', 'dataset_consumes_unknown_never_scheduled', 'consume_1_or_both_2_and_3_with_dataset_expressions', 'consume_1_or_2_with_dataset_expressions', 'consume_1_and_2_with_dataset_expressions', 'dataset_produces_2', 'dataset_consumes_1_and_2', 'conditional_dataset_and_time_based_timetable', 'dataset_produces_1' retrieved from /home/newrey/airflow/airflow-env/lib/python3.10/site-packages/airflow/example_dags/example_datasets.py
[2024-04-20T12:37:21.782+0700] {logging_mixin.py:188} INFO - [2024-04-20T12:37:21.782+0700] {dag.py:3096} INFO - Sync 10 DAGs
[2024-04-20T12:37:21.821+0700] {logging_mixin.py:188} INFO - [2024-04-20T12:37:21.821+0700] {dag.py:3954} INFO - Setting next_dagrun for conditional_dataset_and_time_based_timetable to 2024-04-17 01:00:00+00:00, run_after=2024-04-17 01:00:00+00:00
[2024-04-20T12:37:21.828+0700] {logging_mixin.py:188} INFO - [2024-04-20T12:37:21.828+0700] {dag.py:3954} INFO - Setting next_dagrun for consume_1_and_2_with_dataset_expressions to None, run_after=None
[2024-04-20T12:37:21.833+0700] {logging_mixin.py:188} INFO - [2024-04-20T12:37:21.832+0700] {dag.py:3954} INFO - Setting next_dagrun for consume_1_or_2_with_dataset_expressions to None, run_after=None
[2024-04-20T12:37:21.844+0700] {logging_mixin.py:188} INFO - [2024-04-20T12:37:21.843+0700] {dag.py:3954} INFO - Setting next_dagrun for consume_1_or_both_2_and_3_with_dataset_expressions to None, run_after=None
[2024-04-20T12:37:21.848+0700] {logging_mixin.py:188} INFO - [2024-04-20T12:37:21.848+0700] {dag.py:3954} INFO - Setting next_dagrun for dataset_consumes_1 to None, run_after=None
[2024-04-20T12:37:21.852+0700] {logging_mixin.py:188} INFO - [2024-04-20T12:37:21.851+0700] {dag.py:3954} INFO - Setting next_dagrun for dataset_consumes_1_and_2 to None, run_after=None
[2024-04-20T12:37:21.854+0700] {logging_mixin.py:188} INFO - [2024-04-20T12:37:21.854+0700] {dag.py:3954} INFO - Setting next_dagrun for dataset_consumes_1_never_scheduled to None, run_after=None
[2024-04-20T12:37:21.858+0700] {logging_mixin.py:188} INFO - [2024-04-20T12:37:21.857+0700] {dag.py:3954} INFO - Setting next_dagrun for dataset_consumes_unknown_never_scheduled to None, run_after=None
[2024-04-20T12:37:21.863+0700] {logging_mixin.py:188} INFO - [2024-04-20T12:37:21.863+0700] {dag.py:3954} INFO - Setting next_dagrun for dataset_produces_1 to 2024-04-19 00:00:00+00:00, run_after=2024-04-20 00:00:00+00:00
[2024-04-20T12:37:21.866+0700] {logging_mixin.py:188} INFO - [2024-04-20T12:37:21.866+0700] {dag.py:3954} INFO - Setting next_dagrun for dataset_produces_2 to None, run_after=None
[2024-04-20T12:37:21.939+0700] {processor.py:183} INFO - Processing /home/newrey/airflow/airflow-env/lib/python3.10/site-packages/airflow/example_dags/example_datasets.py took 0.286 seconds
[2024-04-20T12:38:40.837+0700] {processor.py:161} INFO - Started process (PID=18114) to work on /home/newrey/airflow/airflow-env/lib/python3.10/site-packages/airflow/example_dags/example_datasets.py
[2024-04-20T12:38:40.842+0700] {processor.py:830} INFO - Processing file /home/newrey/airflow/airflow-env/lib/python3.10/site-packages/airflow/example_dags/example_datasets.py for tasks to queue
[2024-04-20T12:38:40.851+0700] {logging_mixin.py:188} INFO - [2024-04-20T12:38:40.848+0700] {dagbag.py:540} INFO - Filling up the DagBag from /home/newrey/airflow/airflow-env/lib/python3.10/site-packages/airflow/example_dags/example_datasets.py
[2024-04-20T12:38:40.894+0700] {processor.py:840} INFO - DAG(s) 'dataset_consumes_1_never_scheduled', 'consume_1_or_both_2_and_3_with_dataset_expressions', 'consume_1_or_2_with_dataset_expressions', 'dataset_consumes_1_and_2', 'conditional_dataset_and_time_based_timetable', 'dataset_consumes_1', 'dataset_produces_2', 'consume_1_and_2_with_dataset_expressions', 'dataset_consumes_unknown_never_scheduled', 'dataset_produces_1' retrieved from /home/newrey/airflow/airflow-env/lib/python3.10/site-packages/airflow/example_dags/example_datasets.py
[2024-04-20T12:38:41.005+0700] {logging_mixin.py:188} INFO - [2024-04-20T12:38:41.005+0700] {dag.py:3096} INFO - Sync 10 DAGs
[2024-04-20T12:38:41.050+0700] {logging_mixin.py:188} INFO - [2024-04-20T12:38:41.049+0700] {dag.py:3954} INFO - Setting next_dagrun for conditional_dataset_and_time_based_timetable to 2024-04-17 01:00:00+00:00, run_after=2024-04-17 01:00:00+00:00
[2024-04-20T12:38:41.056+0700] {logging_mixin.py:188} INFO - [2024-04-20T12:38:41.056+0700] {dag.py:3954} INFO - Setting next_dagrun for consume_1_and_2_with_dataset_expressions to None, run_after=None
[2024-04-20T12:38:41.060+0700] {logging_mixin.py:188} INFO - [2024-04-20T12:38:41.059+0700] {dag.py:3954} INFO - Setting next_dagrun for consume_1_or_2_with_dataset_expressions to None, run_after=None
[2024-04-20T12:38:41.066+0700] {logging_mixin.py:188} INFO - [2024-04-20T12:38:41.066+0700] {dag.py:3954} INFO - Setting next_dagrun for consume_1_or_both_2_and_3_with_dataset_expressions to None, run_after=None
[2024-04-20T12:38:41.070+0700] {logging_mixin.py:188} INFO - [2024-04-20T12:38:41.069+0700] {dag.py:3954} INFO - Setting next_dagrun for dataset_consumes_1 to None, run_after=None
[2024-04-20T12:38:41.073+0700] {logging_mixin.py:188} INFO - [2024-04-20T12:38:41.073+0700] {dag.py:3954} INFO - Setting next_dagrun for dataset_consumes_1_and_2 to None, run_after=None
[2024-04-20T12:38:41.076+0700] {logging_mixin.py:188} INFO - [2024-04-20T12:38:41.075+0700] {dag.py:3954} INFO - Setting next_dagrun for dataset_consumes_1_never_scheduled to None, run_after=None
[2024-04-20T12:38:41.079+0700] {logging_mixin.py:188} INFO - [2024-04-20T12:38:41.079+0700] {dag.py:3954} INFO - Setting next_dagrun for dataset_consumes_unknown_never_scheduled to None, run_after=None
[2024-04-20T12:38:41.084+0700] {logging_mixin.py:188} INFO - [2024-04-20T12:38:41.084+0700] {dag.py:3954} INFO - Setting next_dagrun for dataset_produces_1 to 2024-04-19 00:00:00+00:00, run_after=2024-04-20 00:00:00+00:00
[2024-04-20T12:38:41.087+0700] {logging_mixin.py:188} INFO - [2024-04-20T12:38:41.087+0700] {dag.py:3954} INFO - Setting next_dagrun for dataset_produces_2 to None, run_after=None
[2024-04-20T12:38:41.146+0700] {processor.py:183} INFO - Processing /home/newrey/airflow/airflow-env/lib/python3.10/site-packages/airflow/example_dags/example_datasets.py took 0.340 seconds
[2024-04-20T12:39:59.551+0700] {processor.py:161} INFO - Started process (PID=18734) to work on /home/newrey/airflow/airflow-env/lib/python3.10/site-packages/airflow/example_dags/example_datasets.py
[2024-04-20T12:39:59.555+0700] {processor.py:830} INFO - Processing file /home/newrey/airflow/airflow-env/lib/python3.10/site-packages/airflow/example_dags/example_datasets.py for tasks to queue
[2024-04-20T12:39:59.557+0700] {logging_mixin.py:188} INFO - [2024-04-20T12:39:59.556+0700] {dagbag.py:540} INFO - Filling up the DagBag from /home/newrey/airflow/airflow-env/lib/python3.10/site-packages/airflow/example_dags/example_datasets.py
[2024-04-20T12:39:59.602+0700] {processor.py:840} INFO - DAG(s) 'dataset_consumes_unknown_never_scheduled', 'consume_1_and_2_with_dataset_expressions', 'dataset_produces_1', 'dataset_consumes_1', 'dataset_produces_2', 'dataset_consumes_1_never_scheduled', 'dataset_consumes_1_and_2', 'consume_1_or_2_with_dataset_expressions', 'consume_1_or_both_2_and_3_with_dataset_expressions', 'conditional_dataset_and_time_based_timetable' retrieved from /home/newrey/airflow/airflow-env/lib/python3.10/site-packages/airflow/example_dags/example_datasets.py
[2024-04-20T12:39:59.676+0700] {logging_mixin.py:188} INFO - [2024-04-20T12:39:59.675+0700] {dag.py:3096} INFO - Sync 10 DAGs
[2024-04-20T12:39:59.706+0700] {logging_mixin.py:188} INFO - [2024-04-20T12:39:59.706+0700] {dag.py:3954} INFO - Setting next_dagrun for conditional_dataset_and_time_based_timetable to 2024-04-17 01:00:00+00:00, run_after=2024-04-17 01:00:00+00:00
[2024-04-20T12:39:59.713+0700] {logging_mixin.py:188} INFO - [2024-04-20T12:39:59.712+0700] {dag.py:3954} INFO - Setting next_dagrun for consume_1_and_2_with_dataset_expressions to None, run_after=None
[2024-04-20T12:39:59.716+0700] {logging_mixin.py:188} INFO - [2024-04-20T12:39:59.715+0700] {dag.py:3954} INFO - Setting next_dagrun for consume_1_or_2_with_dataset_expressions to None, run_after=None
[2024-04-20T12:39:59.718+0700] {logging_mixin.py:188} INFO - [2024-04-20T12:39:59.718+0700] {dag.py:3954} INFO - Setting next_dagrun for consume_1_or_both_2_and_3_with_dataset_expressions to None, run_after=None
[2024-04-20T12:39:59.720+0700] {logging_mixin.py:188} INFO - [2024-04-20T12:39:59.720+0700] {dag.py:3954} INFO - Setting next_dagrun for dataset_consumes_1 to None, run_after=None
[2024-04-20T12:39:59.722+0700] {logging_mixin.py:188} INFO - [2024-04-20T12:39:59.722+0700] {dag.py:3954} INFO - Setting next_dagrun for dataset_consumes_1_and_2 to None, run_after=None
[2024-04-20T12:39:59.725+0700] {logging_mixin.py:188} INFO - [2024-04-20T12:39:59.725+0700] {dag.py:3954} INFO - Setting next_dagrun for dataset_consumes_1_never_scheduled to None, run_after=None
[2024-04-20T12:39:59.727+0700] {logging_mixin.py:188} INFO - [2024-04-20T12:39:59.727+0700] {dag.py:3954} INFO - Setting next_dagrun for dataset_consumes_unknown_never_scheduled to None, run_after=None
[2024-04-20T12:39:59.732+0700] {logging_mixin.py:188} INFO - [2024-04-20T12:39:59.731+0700] {dag.py:3954} INFO - Setting next_dagrun for dataset_produces_1 to 2024-04-19 00:00:00+00:00, run_after=2024-04-20 00:00:00+00:00
[2024-04-20T12:39:59.734+0700] {logging_mixin.py:188} INFO - [2024-04-20T12:39:59.734+0700] {dag.py:3954} INFO - Setting next_dagrun for dataset_produces_2 to None, run_after=None
[2024-04-20T12:39:59.782+0700] {processor.py:183} INFO - Processing /home/newrey/airflow/airflow-env/lib/python3.10/site-packages/airflow/example_dags/example_datasets.py took 0.252 seconds
[2024-04-20T12:41:02.567+0700] {processor.py:161} INFO - Started process (PID=19195) to work on /home/newrey/airflow/airflow-env/lib/python3.10/site-packages/airflow/example_dags/example_datasets.py
[2024-04-20T12:41:02.571+0700] {processor.py:830} INFO - Processing file /home/newrey/airflow/airflow-env/lib/python3.10/site-packages/airflow/example_dags/example_datasets.py for tasks to queue
[2024-04-20T12:41:02.574+0700] {logging_mixin.py:188} INFO - [2024-04-20T12:41:02.573+0700] {dagbag.py:540} INFO - Filling up the DagBag from /home/newrey/airflow/airflow-env/lib/python3.10/site-packages/airflow/example_dags/example_datasets.py
[2024-04-20T12:41:02.600+0700] {processor.py:840} INFO - DAG(s) 'dataset_produces_2', 'dataset_produces_1', 'conditional_dataset_and_time_based_timetable', 'dataset_consumes_1_and_2', 'consume_1_or_2_with_dataset_expressions', 'dataset_consumes_unknown_never_scheduled', 'consume_1_and_2_with_dataset_expressions', 'dataset_consumes_1', 'dataset_consumes_1_never_scheduled', 'consume_1_or_both_2_and_3_with_dataset_expressions' retrieved from /home/newrey/airflow/airflow-env/lib/python3.10/site-packages/airflow/example_dags/example_datasets.py
[2024-04-20T12:41:02.702+0700] {logging_mixin.py:188} INFO - [2024-04-20T12:41:02.701+0700] {dag.py:3096} INFO - Sync 10 DAGs
[2024-04-20T12:41:02.739+0700] {logging_mixin.py:188} INFO - [2024-04-20T12:41:02.738+0700] {dag.py:3954} INFO - Setting next_dagrun for conditional_dataset_and_time_based_timetable to 2024-04-17 01:00:00+00:00, run_after=2024-04-17 01:00:00+00:00
[2024-04-20T12:41:02.747+0700] {logging_mixin.py:188} INFO - [2024-04-20T12:41:02.746+0700] {dag.py:3954} INFO - Setting next_dagrun for consume_1_and_2_with_dataset_expressions to None, run_after=None
[2024-04-20T12:41:02.749+0700] {logging_mixin.py:188} INFO - [2024-04-20T12:41:02.749+0700] {dag.py:3954} INFO - Setting next_dagrun for consume_1_or_2_with_dataset_expressions to None, run_after=None
[2024-04-20T12:41:02.752+0700] {logging_mixin.py:188} INFO - [2024-04-20T12:41:02.752+0700] {dag.py:3954} INFO - Setting next_dagrun for consume_1_or_both_2_and_3_with_dataset_expressions to None, run_after=None
[2024-04-20T12:41:02.755+0700] {logging_mixin.py:188} INFO - [2024-04-20T12:41:02.754+0700] {dag.py:3954} INFO - Setting next_dagrun for dataset_consumes_1 to None, run_after=None
[2024-04-20T12:41:02.757+0700] {logging_mixin.py:188} INFO - [2024-04-20T12:41:02.757+0700] {dag.py:3954} INFO - Setting next_dagrun for dataset_consumes_1_and_2 to None, run_after=None
[2024-04-20T12:41:02.761+0700] {logging_mixin.py:188} INFO - [2024-04-20T12:41:02.760+0700] {dag.py:3954} INFO - Setting next_dagrun for dataset_consumes_1_never_scheduled to None, run_after=None
[2024-04-20T12:41:02.763+0700] {logging_mixin.py:188} INFO - [2024-04-20T12:41:02.763+0700] {dag.py:3954} INFO - Setting next_dagrun for dataset_consumes_unknown_never_scheduled to None, run_after=None
[2024-04-20T12:41:02.768+0700] {logging_mixin.py:188} INFO - [2024-04-20T12:41:02.768+0700] {dag.py:3954} INFO - Setting next_dagrun for dataset_produces_1 to 2024-04-19 00:00:00+00:00, run_after=2024-04-20 00:00:00+00:00
[2024-04-20T12:41:02.771+0700] {logging_mixin.py:188} INFO - [2024-04-20T12:41:02.770+0700] {dag.py:3954} INFO - Setting next_dagrun for dataset_produces_2 to None, run_after=None
[2024-04-20T12:41:02.823+0700] {processor.py:183} INFO - Processing /home/newrey/airflow/airflow-env/lib/python3.10/site-packages/airflow/example_dags/example_datasets.py took 0.275 seconds
[2024-04-20T12:42:04.505+0700] {processor.py:161} INFO - Started process (PID=19727) to work on /home/newrey/airflow/airflow-env/lib/python3.10/site-packages/airflow/example_dags/example_datasets.py
[2024-04-20T12:42:04.510+0700] {processor.py:830} INFO - Processing file /home/newrey/airflow/airflow-env/lib/python3.10/site-packages/airflow/example_dags/example_datasets.py for tasks to queue
[2024-04-20T12:42:04.513+0700] {logging_mixin.py:188} INFO - [2024-04-20T12:42:04.512+0700] {dagbag.py:540} INFO - Filling up the DagBag from /home/newrey/airflow/airflow-env/lib/python3.10/site-packages/airflow/example_dags/example_datasets.py
[2024-04-20T12:42:04.532+0700] {processor.py:840} INFO - DAG(s) 'consume_1_or_both_2_and_3_with_dataset_expressions', 'dataset_produces_2', 'consume_1_or_2_with_dataset_expressions', 'conditional_dataset_and_time_based_timetable', 'dataset_consumes_1_never_scheduled', 'dataset_produces_1', 'dataset_consumes_1', 'dataset_consumes_1_and_2', 'consume_1_and_2_with_dataset_expressions', 'dataset_consumes_unknown_never_scheduled' retrieved from /home/newrey/airflow/airflow-env/lib/python3.10/site-packages/airflow/example_dags/example_datasets.py
[2024-04-20T12:42:04.586+0700] {logging_mixin.py:188} INFO - [2024-04-20T12:42:04.585+0700] {dag.py:3096} INFO - Sync 10 DAGs
[2024-04-20T12:42:04.612+0700] {logging_mixin.py:188} INFO - [2024-04-20T12:42:04.611+0700] {dag.py:3954} INFO - Setting next_dagrun for conditional_dataset_and_time_based_timetable to 2024-04-17 01:00:00+00:00, run_after=2024-04-17 01:00:00+00:00
[2024-04-20T12:42:04.615+0700] {logging_mixin.py:188} INFO - [2024-04-20T12:42:04.615+0700] {dag.py:3954} INFO - Setting next_dagrun for consume_1_and_2_with_dataset_expressions to None, run_after=None
[2024-04-20T12:42:04.616+0700] {logging_mixin.py:188} INFO - [2024-04-20T12:42:04.616+0700] {dag.py:3954} INFO - Setting next_dagrun for consume_1_or_2_with_dataset_expressions to None, run_after=None
[2024-04-20T12:42:04.619+0700] {logging_mixin.py:188} INFO - [2024-04-20T12:42:04.618+0700] {dag.py:3954} INFO - Setting next_dagrun for consume_1_or_both_2_and_3_with_dataset_expressions to None, run_after=None
[2024-04-20T12:42:04.620+0700] {logging_mixin.py:188} INFO - [2024-04-20T12:42:04.620+0700] {dag.py:3954} INFO - Setting next_dagrun for dataset_consumes_1 to None, run_after=None
[2024-04-20T12:42:04.621+0700] {logging_mixin.py:188} INFO - [2024-04-20T12:42:04.621+0700] {dag.py:3954} INFO - Setting next_dagrun for dataset_consumes_1_and_2 to None, run_after=None
[2024-04-20T12:42:04.623+0700] {logging_mixin.py:188} INFO - [2024-04-20T12:42:04.622+0700] {dag.py:3954} INFO - Setting next_dagrun for dataset_consumes_1_never_scheduled to None, run_after=None
[2024-04-20T12:42:04.624+0700] {logging_mixin.py:188} INFO - [2024-04-20T12:42:04.624+0700] {dag.py:3954} INFO - Setting next_dagrun for dataset_consumes_unknown_never_scheduled to None, run_after=None
[2024-04-20T12:42:04.627+0700] {logging_mixin.py:188} INFO - [2024-04-20T12:42:04.626+0700] {dag.py:3954} INFO - Setting next_dagrun for dataset_produces_1 to 2024-04-19 00:00:00+00:00, run_after=2024-04-20 00:00:00+00:00
[2024-04-20T12:42:04.628+0700] {logging_mixin.py:188} INFO - [2024-04-20T12:42:04.628+0700] {dag.py:3954} INFO - Setting next_dagrun for dataset_produces_2 to None, run_after=None
[2024-04-20T12:42:04.692+0700] {processor.py:183} INFO - Processing /home/newrey/airflow/airflow-env/lib/python3.10/site-packages/airflow/example_dags/example_datasets.py took 0.201 seconds
[2024-04-20T12:43:06.682+0700] {processor.py:161} INFO - Started process (PID=20181) to work on /home/newrey/airflow/airflow-env/lib/python3.10/site-packages/airflow/example_dags/example_datasets.py
[2024-04-20T12:43:06.684+0700] {processor.py:830} INFO - Processing file /home/newrey/airflow/airflow-env/lib/python3.10/site-packages/airflow/example_dags/example_datasets.py for tasks to queue
[2024-04-20T12:43:06.686+0700] {logging_mixin.py:188} INFO - [2024-04-20T12:43:06.685+0700] {dagbag.py:540} INFO - Filling up the DagBag from /home/newrey/airflow/airflow-env/lib/python3.10/site-packages/airflow/example_dags/example_datasets.py
[2024-04-20T12:43:06.713+0700] {processor.py:840} INFO - DAG(s) 'dataset_consumes_1_never_scheduled', 'dataset_consumes_unknown_never_scheduled', 'dataset_produces_2', 'consume_1_or_2_with_dataset_expressions', 'dataset_consumes_1_and_2', 'consume_1_or_both_2_and_3_with_dataset_expressions', 'conditional_dataset_and_time_based_timetable', 'consume_1_and_2_with_dataset_expressions', 'dataset_produces_1', 'dataset_consumes_1' retrieved from /home/newrey/airflow/airflow-env/lib/python3.10/site-packages/airflow/example_dags/example_datasets.py
[2024-04-20T12:43:06.799+0700] {logging_mixin.py:188} INFO - [2024-04-20T12:43:06.798+0700] {dag.py:3096} INFO - Sync 10 DAGs
[2024-04-20T12:43:06.843+0700] {logging_mixin.py:188} INFO - [2024-04-20T12:43:06.843+0700] {dag.py:3954} INFO - Setting next_dagrun for conditional_dataset_and_time_based_timetable to 2024-04-17 01:00:00+00:00, run_after=2024-04-17 01:00:00+00:00
[2024-04-20T12:43:06.850+0700] {logging_mixin.py:188} INFO - [2024-04-20T12:43:06.850+0700] {dag.py:3954} INFO - Setting next_dagrun for consume_1_and_2_with_dataset_expressions to None, run_after=None
[2024-04-20T12:43:06.852+0700] {logging_mixin.py:188} INFO - [2024-04-20T12:43:06.852+0700] {dag.py:3954} INFO - Setting next_dagrun for consume_1_or_2_with_dataset_expressions to None, run_after=None
[2024-04-20T12:43:06.854+0700] {logging_mixin.py:188} INFO - [2024-04-20T12:43:06.854+0700] {dag.py:3954} INFO - Setting next_dagrun for consume_1_or_both_2_and_3_with_dataset_expressions to None, run_after=None
[2024-04-20T12:43:06.856+0700] {logging_mixin.py:188} INFO - [2024-04-20T12:43:06.856+0700] {dag.py:3954} INFO - Setting next_dagrun for dataset_consumes_1 to None, run_after=None
[2024-04-20T12:43:06.860+0700] {logging_mixin.py:188} INFO - [2024-04-20T12:43:06.859+0700] {dag.py:3954} INFO - Setting next_dagrun for dataset_consumes_1_and_2 to None, run_after=None
[2024-04-20T12:43:06.864+0700] {logging_mixin.py:188} INFO - [2024-04-20T12:43:06.864+0700] {dag.py:3954} INFO - Setting next_dagrun for dataset_consumes_1_never_scheduled to None, run_after=None
[2024-04-20T12:43:06.866+0700] {logging_mixin.py:188} INFO - [2024-04-20T12:43:06.866+0700] {dag.py:3954} INFO - Setting next_dagrun for dataset_consumes_unknown_never_scheduled to None, run_after=None
[2024-04-20T12:43:06.870+0700] {logging_mixin.py:188} INFO - [2024-04-20T12:43:06.870+0700] {dag.py:3954} INFO - Setting next_dagrun for dataset_produces_1 to 2024-04-19 00:00:00+00:00, run_after=2024-04-20 00:00:00+00:00
[2024-04-20T12:43:06.872+0700] {logging_mixin.py:188} INFO - [2024-04-20T12:43:06.872+0700] {dag.py:3954} INFO - Setting next_dagrun for dataset_produces_2 to None, run_after=None
[2024-04-20T12:43:06.916+0700] {processor.py:183} INFO - Processing /home/newrey/airflow/airflow-env/lib/python3.10/site-packages/airflow/example_dags/example_datasets.py took 0.253 seconds
[2024-04-20T12:44:08.831+0700] {processor.py:161} INFO - Started process (PID=20636) to work on /home/newrey/airflow/airflow-env/lib/python3.10/site-packages/airflow/example_dags/example_datasets.py
[2024-04-20T12:44:08.841+0700] {processor.py:830} INFO - Processing file /home/newrey/airflow/airflow-env/lib/python3.10/site-packages/airflow/example_dags/example_datasets.py for tasks to queue
[2024-04-20T12:44:08.843+0700] {logging_mixin.py:188} INFO - [2024-04-20T12:44:08.843+0700] {dagbag.py:540} INFO - Filling up the DagBag from /home/newrey/airflow/airflow-env/lib/python3.10/site-packages/airflow/example_dags/example_datasets.py
[2024-04-20T12:44:08.859+0700] {processor.py:840} INFO - DAG(s) 'dataset_consumes_1_and_2', 'dataset_produces_2', 'consume_1_or_both_2_and_3_with_dataset_expressions', 'consume_1_and_2_with_dataset_expressions', 'conditional_dataset_and_time_based_timetable', 'dataset_consumes_unknown_never_scheduled', 'dataset_consumes_1', 'dataset_consumes_1_never_scheduled', 'dataset_produces_1', 'consume_1_or_2_with_dataset_expressions' retrieved from /home/newrey/airflow/airflow-env/lib/python3.10/site-packages/airflow/example_dags/example_datasets.py
[2024-04-20T12:44:08.904+0700] {logging_mixin.py:188} INFO - [2024-04-20T12:44:08.904+0700] {dag.py:3096} INFO - Sync 10 DAGs
[2024-04-20T12:44:08.943+0700] {logging_mixin.py:188} INFO - [2024-04-20T12:44:08.943+0700] {dag.py:3954} INFO - Setting next_dagrun for conditional_dataset_and_time_based_timetable to 2024-04-17 01:00:00+00:00, run_after=2024-04-17 01:00:00+00:00
[2024-04-20T12:44:08.948+0700] {logging_mixin.py:188} INFO - [2024-04-20T12:44:08.948+0700] {dag.py:3954} INFO - Setting next_dagrun for consume_1_and_2_with_dataset_expressions to None, run_after=None
[2024-04-20T12:44:08.950+0700] {logging_mixin.py:188} INFO - [2024-04-20T12:44:08.950+0700] {dag.py:3954} INFO - Setting next_dagrun for consume_1_or_2_with_dataset_expressions to None, run_after=None
[2024-04-20T12:44:08.951+0700] {logging_mixin.py:188} INFO - [2024-04-20T12:44:08.951+0700] {dag.py:3954} INFO - Setting next_dagrun for consume_1_or_both_2_and_3_with_dataset_expressions to None, run_after=None
[2024-04-20T12:44:08.953+0700] {logging_mixin.py:188} INFO - [2024-04-20T12:44:08.952+0700] {dag.py:3954} INFO - Setting next_dagrun for dataset_consumes_1 to None, run_after=None
[2024-04-20T12:44:08.954+0700] {logging_mixin.py:188} INFO - [2024-04-20T12:44:08.954+0700] {dag.py:3954} INFO - Setting next_dagrun for dataset_consumes_1_and_2 to None, run_after=None
[2024-04-20T12:44:08.955+0700] {logging_mixin.py:188} INFO - [2024-04-20T12:44:08.955+0700] {dag.py:3954} INFO - Setting next_dagrun for dataset_consumes_1_never_scheduled to None, run_after=None
[2024-04-20T12:44:08.956+0700] {logging_mixin.py:188} INFO - [2024-04-20T12:44:08.956+0700] {dag.py:3954} INFO - Setting next_dagrun for dataset_consumes_unknown_never_scheduled to None, run_after=None
[2024-04-20T12:44:08.960+0700] {logging_mixin.py:188} INFO - [2024-04-20T12:44:08.960+0700] {dag.py:3954} INFO - Setting next_dagrun for dataset_produces_1 to 2024-04-19 00:00:00+00:00, run_after=2024-04-20 00:00:00+00:00
[2024-04-20T12:44:08.962+0700] {logging_mixin.py:188} INFO - [2024-04-20T12:44:08.961+0700] {dag.py:3954} INFO - Setting next_dagrun for dataset_produces_2 to None, run_after=None
[2024-04-20T12:44:09.013+0700] {processor.py:183} INFO - Processing /home/newrey/airflow/airflow-env/lib/python3.10/site-packages/airflow/example_dags/example_datasets.py took 0.202 seconds
[2024-04-20T12:45:06.657+0700] {processor.py:161} INFO - Started process (PID=21071) to work on /home/newrey/airflow/airflow-env/lib/python3.10/site-packages/airflow/example_dags/example_datasets.py
[2024-04-20T12:45:06.661+0700] {processor.py:830} INFO - Processing file /home/newrey/airflow/airflow-env/lib/python3.10/site-packages/airflow/example_dags/example_datasets.py for tasks to queue
[2024-04-20T12:45:06.663+0700] {logging_mixin.py:188} INFO - [2024-04-20T12:45:06.662+0700] {dagbag.py:540} INFO - Filling up the DagBag from /home/newrey/airflow/airflow-env/lib/python3.10/site-packages/airflow/example_dags/example_datasets.py
[2024-04-20T12:45:06.691+0700] {processor.py:840} INFO - DAG(s) 'dataset_produces_1', 'dataset_consumes_1_never_scheduled', 'consume_1_or_2_with_dataset_expressions', 'dataset_consumes_1', 'dataset_consumes_unknown_never_scheduled', 'conditional_dataset_and_time_based_timetable', 'dataset_produces_2', 'dataset_consumes_1_and_2', 'consume_1_and_2_with_dataset_expressions', 'consume_1_or_both_2_and_3_with_dataset_expressions' retrieved from /home/newrey/airflow/airflow-env/lib/python3.10/site-packages/airflow/example_dags/example_datasets.py
[2024-04-20T12:45:06.743+0700] {logging_mixin.py:188} INFO - [2024-04-20T12:45:06.742+0700] {dag.py:3096} INFO - Sync 10 DAGs
[2024-04-20T12:45:06.765+0700] {logging_mixin.py:188} INFO - [2024-04-20T12:45:06.765+0700] {dag.py:3954} INFO - Setting next_dagrun for conditional_dataset_and_time_based_timetable to 2024-04-17 01:00:00+00:00, run_after=2024-04-17 01:00:00+00:00
[2024-04-20T12:45:06.769+0700] {logging_mixin.py:188} INFO - [2024-04-20T12:45:06.769+0700] {dag.py:3954} INFO - Setting next_dagrun for consume_1_and_2_with_dataset_expressions to None, run_after=None
[2024-04-20T12:45:06.771+0700] {logging_mixin.py:188} INFO - [2024-04-20T12:45:06.770+0700] {dag.py:3954} INFO - Setting next_dagrun for consume_1_or_2_with_dataset_expressions to None, run_after=None
[2024-04-20T12:45:06.772+0700] {logging_mixin.py:188} INFO - [2024-04-20T12:45:06.772+0700] {dag.py:3954} INFO - Setting next_dagrun for consume_1_or_both_2_and_3_with_dataset_expressions to None, run_after=None
[2024-04-20T12:45:06.773+0700] {logging_mixin.py:188} INFO - [2024-04-20T12:45:06.773+0700] {dag.py:3954} INFO - Setting next_dagrun for dataset_consumes_1 to None, run_after=None
[2024-04-20T12:45:06.774+0700] {logging_mixin.py:188} INFO - [2024-04-20T12:45:06.774+0700] {dag.py:3954} INFO - Setting next_dagrun for dataset_consumes_1_and_2 to None, run_after=None
[2024-04-20T12:45:06.776+0700] {logging_mixin.py:188} INFO - [2024-04-20T12:45:06.776+0700] {dag.py:3954} INFO - Setting next_dagrun for dataset_consumes_1_never_scheduled to None, run_after=None
[2024-04-20T12:45:06.777+0700] {logging_mixin.py:188} INFO - [2024-04-20T12:45:06.777+0700] {dag.py:3954} INFO - Setting next_dagrun for dataset_consumes_unknown_never_scheduled to None, run_after=None
[2024-04-20T12:45:06.780+0700] {logging_mixin.py:188} INFO - [2024-04-20T12:45:06.780+0700] {dag.py:3954} INFO - Setting next_dagrun for dataset_produces_1 to 2024-04-19 00:00:00+00:00, run_after=2024-04-20 00:00:00+00:00
[2024-04-20T12:45:06.782+0700] {logging_mixin.py:188} INFO - [2024-04-20T12:45:06.781+0700] {dag.py:3954} INFO - Setting next_dagrun for dataset_produces_2 to None, run_after=None
[2024-04-20T12:45:06.844+0700] {processor.py:183} INFO - Processing /home/newrey/airflow/airflow-env/lib/python3.10/site-packages/airflow/example_dags/example_datasets.py took 0.205 seconds
[2024-04-20T12:46:09.319+0700] {processor.py:161} INFO - Started process (PID=21550) to work on /home/newrey/airflow/airflow-env/lib/python3.10/site-packages/airflow/example_dags/example_datasets.py
[2024-04-20T12:46:09.322+0700] {processor.py:830} INFO - Processing file /home/newrey/airflow/airflow-env/lib/python3.10/site-packages/airflow/example_dags/example_datasets.py for tasks to queue
[2024-04-20T12:46:09.324+0700] {logging_mixin.py:188} INFO - [2024-04-20T12:46:09.323+0700] {dagbag.py:540} INFO - Filling up the DagBag from /home/newrey/airflow/airflow-env/lib/python3.10/site-packages/airflow/example_dags/example_datasets.py
[2024-04-20T12:46:09.352+0700] {processor.py:840} INFO - DAG(s) 'conditional_dataset_and_time_based_timetable', 'dataset_consumes_1_and_2', 'dataset_produces_2', 'consume_1_or_2_with_dataset_expressions', 'dataset_consumes_unknown_never_scheduled', 'consume_1_or_both_2_and_3_with_dataset_expressions', 'dataset_produces_1', 'dataset_consumes_1', 'dataset_consumes_1_never_scheduled', 'consume_1_and_2_with_dataset_expressions' retrieved from /home/newrey/airflow/airflow-env/lib/python3.10/site-packages/airflow/example_dags/example_datasets.py
[2024-04-20T12:46:09.429+0700] {logging_mixin.py:188} INFO - [2024-04-20T12:46:09.429+0700] {dag.py:3096} INFO - Sync 10 DAGs
[2024-04-20T12:46:09.467+0700] {logging_mixin.py:188} INFO - [2024-04-20T12:46:09.467+0700] {dag.py:3954} INFO - Setting next_dagrun for conditional_dataset_and_time_based_timetable to 2024-04-17 01:00:00+00:00, run_after=2024-04-17 01:00:00+00:00
[2024-04-20T12:46:09.472+0700] {logging_mixin.py:188} INFO - [2024-04-20T12:46:09.471+0700] {dag.py:3954} INFO - Setting next_dagrun for consume_1_and_2_with_dataset_expressions to None, run_after=None
[2024-04-20T12:46:09.474+0700] {logging_mixin.py:188} INFO - [2024-04-20T12:46:09.474+0700] {dag.py:3954} INFO - Setting next_dagrun for consume_1_or_2_with_dataset_expressions to None, run_after=None
[2024-04-20T12:46:09.476+0700] {logging_mixin.py:188} INFO - [2024-04-20T12:46:09.476+0700] {dag.py:3954} INFO - Setting next_dagrun for consume_1_or_both_2_and_3_with_dataset_expressions to None, run_after=None
[2024-04-20T12:46:09.478+0700] {logging_mixin.py:188} INFO - [2024-04-20T12:46:09.478+0700] {dag.py:3954} INFO - Setting next_dagrun for dataset_consumes_1 to None, run_after=None
[2024-04-20T12:46:09.481+0700] {logging_mixin.py:188} INFO - [2024-04-20T12:46:09.480+0700] {dag.py:3954} INFO - Setting next_dagrun for dataset_consumes_1_and_2 to None, run_after=None
[2024-04-20T12:46:09.484+0700] {logging_mixin.py:188} INFO - [2024-04-20T12:46:09.484+0700] {dag.py:3954} INFO - Setting next_dagrun for dataset_consumes_1_never_scheduled to None, run_after=None
[2024-04-20T12:46:09.487+0700] {logging_mixin.py:188} INFO - [2024-04-20T12:46:09.487+0700] {dag.py:3954} INFO - Setting next_dagrun for dataset_consumes_unknown_never_scheduled to None, run_after=None
[2024-04-20T12:46:09.491+0700] {logging_mixin.py:188} INFO - [2024-04-20T12:46:09.490+0700] {dag.py:3954} INFO - Setting next_dagrun for dataset_produces_1 to 2024-04-19 00:00:00+00:00, run_after=2024-04-20 00:00:00+00:00
[2024-04-20T12:46:09.492+0700] {logging_mixin.py:188} INFO - [2024-04-20T12:46:09.492+0700] {dag.py:3954} INFO - Setting next_dagrun for dataset_produces_2 to None, run_after=None
[2024-04-20T12:46:09.544+0700] {processor.py:183} INFO - Processing /home/newrey/airflow/airflow-env/lib/python3.10/site-packages/airflow/example_dags/example_datasets.py took 0.243 seconds
[2024-04-20T12:47:09.529+0700] {processor.py:161} INFO - Started process (PID=22061) to work on /home/newrey/airflow/airflow-env/lib/python3.10/site-packages/airflow/example_dags/example_datasets.py
[2024-04-20T12:47:09.532+0700] {processor.py:830} INFO - Processing file /home/newrey/airflow/airflow-env/lib/python3.10/site-packages/airflow/example_dags/example_datasets.py for tasks to queue
[2024-04-20T12:47:09.534+0700] {logging_mixin.py:188} INFO - [2024-04-20T12:47:09.534+0700] {dagbag.py:540} INFO - Filling up the DagBag from /home/newrey/airflow/airflow-env/lib/python3.10/site-packages/airflow/example_dags/example_datasets.py
[2024-04-20T12:47:09.562+0700] {processor.py:840} INFO - DAG(s) 'consume_1_and_2_with_dataset_expressions', 'dataset_consumes_1_never_scheduled', 'conditional_dataset_and_time_based_timetable', 'dataset_produces_2', 'consume_1_or_2_with_dataset_expressions', 'dataset_consumes_1_and_2', 'dataset_consumes_unknown_never_scheduled', 'dataset_produces_1', 'dataset_consumes_1', 'consume_1_or_both_2_and_3_with_dataset_expressions' retrieved from /home/newrey/airflow/airflow-env/lib/python3.10/site-packages/airflow/example_dags/example_datasets.py
[2024-04-20T12:47:09.636+0700] {logging_mixin.py:188} INFO - [2024-04-20T12:47:09.635+0700] {dag.py:3096} INFO - Sync 10 DAGs
[2024-04-20T12:47:09.685+0700] {logging_mixin.py:188} INFO - [2024-04-20T12:47:09.684+0700] {dag.py:3954} INFO - Setting next_dagrun for conditional_dataset_and_time_based_timetable to 2024-04-17 01:00:00+00:00, run_after=2024-04-17 01:00:00+00:00
[2024-04-20T12:47:09.694+0700] {logging_mixin.py:188} INFO - [2024-04-20T12:47:09.693+0700] {dag.py:3954} INFO - Setting next_dagrun for consume_1_and_2_with_dataset_expressions to None, run_after=None
[2024-04-20T12:47:09.696+0700] {logging_mixin.py:188} INFO - [2024-04-20T12:47:09.696+0700] {dag.py:3954} INFO - Setting next_dagrun for consume_1_or_2_with_dataset_expressions to None, run_after=None
[2024-04-20T12:47:09.698+0700] {logging_mixin.py:188} INFO - [2024-04-20T12:47:09.698+0700] {dag.py:3954} INFO - Setting next_dagrun for consume_1_or_both_2_and_3_with_dataset_expressions to None, run_after=None
[2024-04-20T12:47:09.700+0700] {logging_mixin.py:188} INFO - [2024-04-20T12:47:09.700+0700] {dag.py:3954} INFO - Setting next_dagrun for dataset_consumes_1 to None, run_after=None
[2024-04-20T12:47:09.702+0700] {logging_mixin.py:188} INFO - [2024-04-20T12:47:09.701+0700] {dag.py:3954} INFO - Setting next_dagrun for dataset_consumes_1_and_2 to None, run_after=None
[2024-04-20T12:47:09.703+0700] {logging_mixin.py:188} INFO - [2024-04-20T12:47:09.703+0700] {dag.py:3954} INFO - Setting next_dagrun for dataset_consumes_1_never_scheduled to None, run_after=None
[2024-04-20T12:47:09.705+0700] {logging_mixin.py:188} INFO - [2024-04-20T12:47:09.705+0700] {dag.py:3954} INFO - Setting next_dagrun for dataset_consumes_unknown_never_scheduled to None, run_after=None
[2024-04-20T12:47:09.708+0700] {logging_mixin.py:188} INFO - [2024-04-20T12:47:09.708+0700] {dag.py:3954} INFO - Setting next_dagrun for dataset_produces_1 to 2024-04-19 00:00:00+00:00, run_after=2024-04-20 00:00:00+00:00
[2024-04-20T12:47:09.710+0700] {logging_mixin.py:188} INFO - [2024-04-20T12:47:09.710+0700] {dag.py:3954} INFO - Setting next_dagrun for dataset_produces_2 to None, run_after=None
[2024-04-20T12:47:09.756+0700] {processor.py:183} INFO - Processing /home/newrey/airflow/airflow-env/lib/python3.10/site-packages/airflow/example_dags/example_datasets.py took 0.245 seconds
[2024-04-20T12:48:12.309+0700] {processor.py:161} INFO - Started process (PID=22519) to work on /home/newrey/airflow/airflow-env/lib/python3.10/site-packages/airflow/example_dags/example_datasets.py
[2024-04-20T12:48:12.313+0700] {processor.py:830} INFO - Processing file /home/newrey/airflow/airflow-env/lib/python3.10/site-packages/airflow/example_dags/example_datasets.py for tasks to queue
[2024-04-20T12:48:12.315+0700] {logging_mixin.py:188} INFO - [2024-04-20T12:48:12.314+0700] {dagbag.py:540} INFO - Filling up the DagBag from /home/newrey/airflow/airflow-env/lib/python3.10/site-packages/airflow/example_dags/example_datasets.py
[2024-04-20T12:48:12.342+0700] {processor.py:840} INFO - DAG(s) 'dataset_consumes_1_never_scheduled', 'consume_1_or_both_2_and_3_with_dataset_expressions', 'conditional_dataset_and_time_based_timetable', 'dataset_produces_2', 'dataset_consumes_1', 'consume_1_and_2_with_dataset_expressions', 'dataset_produces_1', 'dataset_consumes_1_and_2', 'consume_1_or_2_with_dataset_expressions', 'dataset_consumes_unknown_never_scheduled' retrieved from /home/newrey/airflow/airflow-env/lib/python3.10/site-packages/airflow/example_dags/example_datasets.py
[2024-04-20T12:48:12.390+0700] {logging_mixin.py:188} INFO - [2024-04-20T12:48:12.389+0700] {dag.py:3096} INFO - Sync 10 DAGs
[2024-04-20T12:48:12.434+0700] {logging_mixin.py:188} INFO - [2024-04-20T12:48:12.434+0700] {dag.py:3954} INFO - Setting next_dagrun for conditional_dataset_and_time_based_timetable to 2024-04-17 01:00:00+00:00, run_after=2024-04-17 01:00:00+00:00
[2024-04-20T12:48:12.438+0700] {logging_mixin.py:188} INFO - [2024-04-20T12:48:12.438+0700] {dag.py:3954} INFO - Setting next_dagrun for consume_1_and_2_with_dataset_expressions to None, run_after=None
[2024-04-20T12:48:12.439+0700] {logging_mixin.py:188} INFO - [2024-04-20T12:48:12.439+0700] {dag.py:3954} INFO - Setting next_dagrun for consume_1_or_2_with_dataset_expressions to None, run_after=None
[2024-04-20T12:48:12.441+0700] {logging_mixin.py:188} INFO - [2024-04-20T12:48:12.441+0700] {dag.py:3954} INFO - Setting next_dagrun for consume_1_or_both_2_and_3_with_dataset_expressions to None, run_after=None
[2024-04-20T12:48:12.442+0700] {logging_mixin.py:188} INFO - [2024-04-20T12:48:12.442+0700] {dag.py:3954} INFO - Setting next_dagrun for dataset_consumes_1 to None, run_after=None
[2024-04-20T12:48:12.444+0700] {logging_mixin.py:188} INFO - [2024-04-20T12:48:12.443+0700] {dag.py:3954} INFO - Setting next_dagrun for dataset_consumes_1_and_2 to None, run_after=None
[2024-04-20T12:48:12.445+0700] {logging_mixin.py:188} INFO - [2024-04-20T12:48:12.445+0700] {dag.py:3954} INFO - Setting next_dagrun for dataset_consumes_1_never_scheduled to None, run_after=None
[2024-04-20T12:48:12.446+0700] {logging_mixin.py:188} INFO - [2024-04-20T12:48:12.446+0700] {dag.py:3954} INFO - Setting next_dagrun for dataset_consumes_unknown_never_scheduled to None, run_after=None
[2024-04-20T12:48:12.449+0700] {logging_mixin.py:188} INFO - [2024-04-20T12:48:12.448+0700] {dag.py:3954} INFO - Setting next_dagrun for dataset_produces_1 to 2024-04-19 00:00:00+00:00, run_after=2024-04-20 00:00:00+00:00
[2024-04-20T12:48:12.450+0700] {logging_mixin.py:188} INFO - [2024-04-20T12:48:12.450+0700] {dag.py:3954} INFO - Setting next_dagrun for dataset_produces_2 to None, run_after=None
[2024-04-20T12:48:12.499+0700] {processor.py:183} INFO - Processing /home/newrey/airflow/airflow-env/lib/python3.10/site-packages/airflow/example_dags/example_datasets.py took 0.208 seconds
