[2024-04-20T12:19:46.887+0700] {processor.py:161} INFO - Started process (PID=5908) to work on /home/newrey/airflow/airflow-env/lib/python3.10/site-packages/airflow/example_dags/example_branch_operator_decorator.py
[2024-04-20T12:19:46.898+0700] {processor.py:830} INFO - Processing file /home/newrey/airflow/airflow-env/lib/python3.10/site-packages/airflow/example_dags/example_branch_operator_decorator.py for tasks to queue
[2024-04-20T12:19:46.902+0700] {logging_mixin.py:188} INFO - [2024-04-20T12:19:46.901+0700] {dagbag.py:540} INFO - Filling up the DagBag from /home/newrey/airflow/airflow-env/lib/python3.10/site-packages/airflow/example_dags/example_branch_operator_decorator.py
[2024-04-20T12:19:47.059+0700] {processor.py:840} INFO - DAG(s) 'example_branch_python_operator_decorator' retrieved from /home/newrey/airflow/airflow-env/lib/python3.10/site-packages/airflow/example_dags/example_branch_operator_decorator.py
[2024-04-20T12:19:48.355+0700] {logging_mixin.py:188} INFO - [2024-04-20T12:19:48.354+0700] {dag.py:3096} INFO - Sync 1 DAGs
[2024-04-20T12:19:48.498+0700] {logging_mixin.py:188} INFO - [2024-04-20T12:19:48.487+0700] {dag.py:3954} INFO - Setting next_dagrun for example_branch_python_operator_decorator to 2024-04-19 00:00:00+00:00, run_after=2024-04-20 00:00:00+00:00
[2024-04-20T12:19:48.683+0700] {processor.py:183} INFO - Processing /home/newrey/airflow/airflow-env/lib/python3.10/site-packages/airflow/example_dags/example_branch_operator_decorator.py took 1.828 seconds
[2024-04-20T12:21:34.325+0700] {processor.py:161} INFO - Started process (PID=6648) to work on /home/newrey/airflow/airflow-env/lib/python3.10/site-packages/airflow/example_dags/example_branch_operator_decorator.py
[2024-04-20T12:21:34.329+0700] {processor.py:830} INFO - Processing file /home/newrey/airflow/airflow-env/lib/python3.10/site-packages/airflow/example_dags/example_branch_operator_decorator.py for tasks to queue
[2024-04-20T12:21:34.332+0700] {logging_mixin.py:188} INFO - [2024-04-20T12:21:34.331+0700] {dagbag.py:540} INFO - Filling up the DagBag from /home/newrey/airflow/airflow-env/lib/python3.10/site-packages/airflow/example_dags/example_branch_operator_decorator.py
[2024-04-20T12:21:34.387+0700] {processor.py:840} INFO - DAG(s) 'example_branch_python_operator_decorator' retrieved from /home/newrey/airflow/airflow-env/lib/python3.10/site-packages/airflow/example_dags/example_branch_operator_decorator.py
[2024-04-20T12:21:34.452+0700] {logging_mixin.py:188} INFO - [2024-04-20T12:21:34.452+0700] {dag.py:3096} INFO - Sync 1 DAGs
[2024-04-20T12:21:34.507+0700] {logging_mixin.py:188} INFO - [2024-04-20T12:21:34.506+0700] {dag.py:3954} INFO - Setting next_dagrun for example_branch_python_operator_decorator to 2024-04-19 00:00:00+00:00, run_after=2024-04-20 00:00:00+00:00
[2024-04-20T12:21:34.554+0700] {processor.py:183} INFO - Processing /home/newrey/airflow/airflow-env/lib/python3.10/site-packages/airflow/example_dags/example_branch_operator_decorator.py took 0.242 seconds
[2024-04-20T12:23:00.480+0700] {processor.py:161} INFO - Started process (PID=7614) to work on /home/newrey/airflow/airflow-env/lib/python3.10/site-packages/airflow/example_dags/example_branch_operator_decorator.py
[2024-04-20T12:23:00.482+0700] {processor.py:830} INFO - Processing file /home/newrey/airflow/airflow-env/lib/python3.10/site-packages/airflow/example_dags/example_branch_operator_decorator.py for tasks to queue
[2024-04-20T12:23:00.485+0700] {logging_mixin.py:188} INFO - [2024-04-20T12:23:00.484+0700] {dagbag.py:540} INFO - Filling up the DagBag from /home/newrey/airflow/airflow-env/lib/python3.10/site-packages/airflow/example_dags/example_branch_operator_decorator.py
[2024-04-20T12:23:00.533+0700] {processor.py:840} INFO - DAG(s) 'example_branch_python_operator_decorator' retrieved from /home/newrey/airflow/airflow-env/lib/python3.10/site-packages/airflow/example_dags/example_branch_operator_decorator.py
[2024-04-20T12:23:00.578+0700] {logging_mixin.py:188} INFO - [2024-04-20T12:23:00.577+0700] {dag.py:3096} INFO - Sync 1 DAGs
[2024-04-20T12:23:00.626+0700] {logging_mixin.py:188} INFO - [2024-04-20T12:23:00.626+0700] {dag.py:3954} INFO - Setting next_dagrun for example_branch_python_operator_decorator to 2024-04-19 00:00:00+00:00, run_after=2024-04-20 00:00:00+00:00
[2024-04-20T12:23:00.676+0700] {processor.py:183} INFO - Processing /home/newrey/airflow/airflow-env/lib/python3.10/site-packages/airflow/example_dags/example_branch_operator_decorator.py took 0.205 seconds
[2024-04-20T12:24:46.428+0700] {processor.py:161} INFO - Started process (PID=8718) to work on /home/newrey/airflow/airflow-env/lib/python3.10/site-packages/airflow/example_dags/example_branch_operator_decorator.py
[2024-04-20T12:24:46.432+0700] {processor.py:830} INFO - Processing file /home/newrey/airflow/airflow-env/lib/python3.10/site-packages/airflow/example_dags/example_branch_operator_decorator.py for tasks to queue
[2024-04-20T12:24:46.434+0700] {logging_mixin.py:188} INFO - [2024-04-20T12:24:46.434+0700] {dagbag.py:540} INFO - Filling up the DagBag from /home/newrey/airflow/airflow-env/lib/python3.10/site-packages/airflow/example_dags/example_branch_operator_decorator.py
[2024-04-20T12:24:46.474+0700] {processor.py:840} INFO - DAG(s) 'example_branch_python_operator_decorator' retrieved from /home/newrey/airflow/airflow-env/lib/python3.10/site-packages/airflow/example_dags/example_branch_operator_decorator.py
[2024-04-20T12:24:46.534+0700] {logging_mixin.py:188} INFO - [2024-04-20T12:24:46.533+0700] {dag.py:3096} INFO - Sync 1 DAGs
[2024-04-20T12:24:46.569+0700] {logging_mixin.py:188} INFO - [2024-04-20T12:24:46.568+0700] {dag.py:3954} INFO - Setting next_dagrun for example_branch_python_operator_decorator to 2024-04-19 00:00:00+00:00, run_after=2024-04-20 00:00:00+00:00
[2024-04-20T12:24:46.627+0700] {processor.py:183} INFO - Processing /home/newrey/airflow/airflow-env/lib/python3.10/site-packages/airflow/example_dags/example_branch_operator_decorator.py took 0.221 seconds
[2024-04-20T12:26:15.631+0700] {processor.py:161} INFO - Started process (PID=9852) to work on /home/newrey/airflow/airflow-env/lib/python3.10/site-packages/airflow/example_dags/example_branch_operator_decorator.py
[2024-04-20T12:26:15.640+0700] {processor.py:830} INFO - Processing file /home/newrey/airflow/airflow-env/lib/python3.10/site-packages/airflow/example_dags/example_branch_operator_decorator.py for tasks to queue
[2024-04-20T12:26:15.645+0700] {logging_mixin.py:188} INFO - [2024-04-20T12:26:15.644+0700] {dagbag.py:540} INFO - Filling up the DagBag from /home/newrey/airflow/airflow-env/lib/python3.10/site-packages/airflow/example_dags/example_branch_operator_decorator.py
[2024-04-20T12:26:15.714+0700] {processor.py:840} INFO - DAG(s) 'example_branch_python_operator_decorator' retrieved from /home/newrey/airflow/airflow-env/lib/python3.10/site-packages/airflow/example_dags/example_branch_operator_decorator.py
[2024-04-20T12:26:15.795+0700] {logging_mixin.py:188} INFO - [2024-04-20T12:26:15.794+0700] {dag.py:3096} INFO - Sync 1 DAGs
[2024-04-20T12:26:15.861+0700] {logging_mixin.py:188} INFO - [2024-04-20T12:26:15.860+0700] {dag.py:3954} INFO - Setting next_dagrun for example_branch_python_operator_decorator to 2024-04-19 00:00:00+00:00, run_after=2024-04-20 00:00:00+00:00
[2024-04-20T12:26:15.914+0700] {processor.py:183} INFO - Processing /home/newrey/airflow/airflow-env/lib/python3.10/site-packages/airflow/example_dags/example_branch_operator_decorator.py took 0.315 seconds
[2024-04-20T12:27:38.012+0700] {processor.py:161} INFO - Started process (PID=10573) to work on /home/newrey/airflow/airflow-env/lib/python3.10/site-packages/airflow/example_dags/example_branch_operator_decorator.py
[2024-04-20T12:27:38.032+0700] {processor.py:830} INFO - Processing file /home/newrey/airflow/airflow-env/lib/python3.10/site-packages/airflow/example_dags/example_branch_operator_decorator.py for tasks to queue
[2024-04-20T12:27:38.036+0700] {logging_mixin.py:188} INFO - [2024-04-20T12:27:38.035+0700] {dagbag.py:540} INFO - Filling up the DagBag from /home/newrey/airflow/airflow-env/lib/python3.10/site-packages/airflow/example_dags/example_branch_operator_decorator.py
[2024-04-20T12:27:38.294+0700] {processor.py:840} INFO - DAG(s) 'example_branch_python_operator_decorator' retrieved from /home/newrey/airflow/airflow-env/lib/python3.10/site-packages/airflow/example_dags/example_branch_operator_decorator.py
[2024-04-20T12:27:38.538+0700] {logging_mixin.py:188} INFO - [2024-04-20T12:27:38.537+0700] {dag.py:3096} INFO - Sync 1 DAGs
[2024-04-20T12:27:38.729+0700] {logging_mixin.py:188} INFO - [2024-04-20T12:27:38.718+0700] {dag.py:3954} INFO - Setting next_dagrun for example_branch_python_operator_decorator to 2024-04-19 00:00:00+00:00, run_after=2024-04-20 00:00:00+00:00
[2024-04-20T12:27:39.190+0700] {processor.py:183} INFO - Processing /home/newrey/airflow/airflow-env/lib/python3.10/site-packages/airflow/example_dags/example_branch_operator_decorator.py took 1.272 seconds
[2024-04-20T12:29:25.462+0700] {processor.py:161} INFO - Started process (PID=12187) to work on /home/newrey/airflow/airflow-env/lib/python3.10/site-packages/airflow/example_dags/example_branch_operator_decorator.py
[2024-04-20T12:29:25.480+0700] {processor.py:830} INFO - Processing file /home/newrey/airflow/airflow-env/lib/python3.10/site-packages/airflow/example_dags/example_branch_operator_decorator.py for tasks to queue
[2024-04-20T12:29:25.495+0700] {logging_mixin.py:188} INFO - [2024-04-20T12:29:25.494+0700] {dagbag.py:540} INFO - Filling up the DagBag from /home/newrey/airflow/airflow-env/lib/python3.10/site-packages/airflow/example_dags/example_branch_operator_decorator.py
[2024-04-20T12:29:25.641+0700] {processor.py:840} INFO - DAG(s) 'example_branch_python_operator_decorator' retrieved from /home/newrey/airflow/airflow-env/lib/python3.10/site-packages/airflow/example_dags/example_branch_operator_decorator.py
[2024-04-20T12:29:25.797+0700] {logging_mixin.py:188} INFO - [2024-04-20T12:29:25.796+0700] {dag.py:3096} INFO - Sync 1 DAGs
[2024-04-20T12:29:25.927+0700] {logging_mixin.py:188} INFO - [2024-04-20T12:29:25.926+0700] {dag.py:3954} INFO - Setting next_dagrun for example_branch_python_operator_decorator to 2024-04-19 00:00:00+00:00, run_after=2024-04-20 00:00:00+00:00
[2024-04-20T12:29:26.196+0700] {processor.py:183} INFO - Processing /home/newrey/airflow/airflow-env/lib/python3.10/site-packages/airflow/example_dags/example_branch_operator_decorator.py took 0.774 seconds
[2024-04-20T12:31:46.848+0700] {processor.py:161} INFO - Started process (PID=14338) to work on /home/newrey/airflow/airflow-env/lib/python3.10/site-packages/airflow/example_dags/example_branch_operator_decorator.py
[2024-04-20T12:31:46.852+0700] {processor.py:830} INFO - Processing file /home/newrey/airflow/airflow-env/lib/python3.10/site-packages/airflow/example_dags/example_branch_operator_decorator.py for tasks to queue
[2024-04-20T12:31:46.854+0700] {logging_mixin.py:188} INFO - [2024-04-20T12:31:46.853+0700] {dagbag.py:540} INFO - Filling up the DagBag from /home/newrey/airflow/airflow-env/lib/python3.10/site-packages/airflow/example_dags/example_branch_operator_decorator.py
[2024-04-20T12:31:46.888+0700] {processor.py:840} INFO - DAG(s) 'example_branch_python_operator_decorator' retrieved from /home/newrey/airflow/airflow-env/lib/python3.10/site-packages/airflow/example_dags/example_branch_operator_decorator.py
[2024-04-20T12:31:46.931+0700] {logging_mixin.py:188} INFO - [2024-04-20T12:31:46.928+0700] {dag.py:3096} INFO - Sync 1 DAGs
[2024-04-20T12:31:47.043+0700] {logging_mixin.py:188} INFO - [2024-04-20T12:31:47.042+0700] {dag.py:3954} INFO - Setting next_dagrun for example_branch_python_operator_decorator to 2024-04-19 00:00:00+00:00, run_after=2024-04-20 00:00:00+00:00
[2024-04-20T12:31:47.138+0700] {processor.py:183} INFO - Processing /home/newrey/airflow/airflow-env/lib/python3.10/site-packages/airflow/example_dags/example_branch_operator_decorator.py took 0.313 seconds
[2024-04-20T12:33:09.749+0700] {processor.py:161} INFO - Started process (PID=15010) to work on /home/newrey/airflow/airflow-env/lib/python3.10/site-packages/airflow/example_dags/example_branch_operator_decorator.py
[2024-04-20T12:33:09.758+0700] {processor.py:830} INFO - Processing file /home/newrey/airflow/airflow-env/lib/python3.10/site-packages/airflow/example_dags/example_branch_operator_decorator.py for tasks to queue
[2024-04-20T12:33:09.760+0700] {logging_mixin.py:188} INFO - [2024-04-20T12:33:09.759+0700] {dagbag.py:540} INFO - Filling up the DagBag from /home/newrey/airflow/airflow-env/lib/python3.10/site-packages/airflow/example_dags/example_branch_operator_decorator.py
[2024-04-20T12:33:09.799+0700] {processor.py:840} INFO - DAG(s) 'example_branch_python_operator_decorator' retrieved from /home/newrey/airflow/airflow-env/lib/python3.10/site-packages/airflow/example_dags/example_branch_operator_decorator.py
[2024-04-20T12:33:09.839+0700] {logging_mixin.py:188} INFO - [2024-04-20T12:33:09.838+0700] {dag.py:3096} INFO - Sync 1 DAGs
[2024-04-20T12:33:09.875+0700] {logging_mixin.py:188} INFO - [2024-04-20T12:33:09.874+0700] {dag.py:3954} INFO - Setting next_dagrun for example_branch_python_operator_decorator to 2024-04-19 00:00:00+00:00, run_after=2024-04-20 00:00:00+00:00
[2024-04-20T12:33:09.920+0700] {processor.py:183} INFO - Processing /home/newrey/airflow/airflow-env/lib/python3.10/site-packages/airflow/example_dags/example_branch_operator_decorator.py took 0.187 seconds
[2024-04-20T12:34:39.347+0700] {processor.py:161} INFO - Started process (PID=15991) to work on /home/newrey/airflow/airflow-env/lib/python3.10/site-packages/airflow/example_dags/example_branch_operator_decorator.py
[2024-04-20T12:34:39.351+0700] {processor.py:830} INFO - Processing file /home/newrey/airflow/airflow-env/lib/python3.10/site-packages/airflow/example_dags/example_branch_operator_decorator.py for tasks to queue
[2024-04-20T12:34:39.354+0700] {logging_mixin.py:188} INFO - [2024-04-20T12:34:39.353+0700] {dagbag.py:540} INFO - Filling up the DagBag from /home/newrey/airflow/airflow-env/lib/python3.10/site-packages/airflow/example_dags/example_branch_operator_decorator.py
[2024-04-20T12:34:39.408+0700] {processor.py:840} INFO - DAG(s) 'example_branch_python_operator_decorator' retrieved from /home/newrey/airflow/airflow-env/lib/python3.10/site-packages/airflow/example_dags/example_branch_operator_decorator.py
[2024-04-20T12:34:39.456+0700] {logging_mixin.py:188} INFO - [2024-04-20T12:34:39.455+0700] {dag.py:3096} INFO - Sync 1 DAGs
[2024-04-20T12:34:39.494+0700] {logging_mixin.py:188} INFO - [2024-04-20T12:34:39.493+0700] {dag.py:3954} INFO - Setting next_dagrun for example_branch_python_operator_decorator to 2024-04-19 00:00:00+00:00, run_after=2024-04-20 00:00:00+00:00
[2024-04-20T12:34:39.534+0700] {processor.py:183} INFO - Processing /home/newrey/airflow/airflow-env/lib/python3.10/site-packages/airflow/example_dags/example_branch_operator_decorator.py took 0.207 seconds
[2024-04-20T12:36:10.076+0700] {processor.py:161} INFO - Started process (PID=16738) to work on /home/newrey/airflow/airflow-env/lib/python3.10/site-packages/airflow/example_dags/example_branch_operator_decorator.py
[2024-04-20T12:36:10.080+0700] {processor.py:830} INFO - Processing file /home/newrey/airflow/airflow-env/lib/python3.10/site-packages/airflow/example_dags/example_branch_operator_decorator.py for tasks to queue
[2024-04-20T12:36:10.082+0700] {logging_mixin.py:188} INFO - [2024-04-20T12:36:10.081+0700] {dagbag.py:540} INFO - Filling up the DagBag from /home/newrey/airflow/airflow-env/lib/python3.10/site-packages/airflow/example_dags/example_branch_operator_decorator.py
[2024-04-20T12:36:10.138+0700] {processor.py:840} INFO - DAG(s) 'example_branch_python_operator_decorator' retrieved from /home/newrey/airflow/airflow-env/lib/python3.10/site-packages/airflow/example_dags/example_branch_operator_decorator.py
[2024-04-20T12:36:10.211+0700] {logging_mixin.py:188} INFO - [2024-04-20T12:36:10.210+0700] {dag.py:3096} INFO - Sync 1 DAGs
[2024-04-20T12:36:10.268+0700] {logging_mixin.py:188} INFO - [2024-04-20T12:36:10.267+0700] {dag.py:3954} INFO - Setting next_dagrun for example_branch_python_operator_decorator to 2024-04-19 00:00:00+00:00, run_after=2024-04-20 00:00:00+00:00
[2024-04-20T12:36:10.311+0700] {processor.py:183} INFO - Processing /home/newrey/airflow/airflow-env/lib/python3.10/site-packages/airflow/example_dags/example_branch_operator_decorator.py took 0.255 seconds
[2024-04-20T12:37:27.068+0700] {processor.py:161} INFO - Started process (PID=17468) to work on /home/newrey/airflow/airflow-env/lib/python3.10/site-packages/airflow/example_dags/example_branch_operator_decorator.py
[2024-04-20T12:37:27.071+0700] {processor.py:830} INFO - Processing file /home/newrey/airflow/airflow-env/lib/python3.10/site-packages/airflow/example_dags/example_branch_operator_decorator.py for tasks to queue
[2024-04-20T12:37:27.074+0700] {logging_mixin.py:188} INFO - [2024-04-20T12:37:27.073+0700] {dagbag.py:540} INFO - Filling up the DagBag from /home/newrey/airflow/airflow-env/lib/python3.10/site-packages/airflow/example_dags/example_branch_operator_decorator.py
[2024-04-20T12:37:27.135+0700] {processor.py:840} INFO - DAG(s) 'example_branch_python_operator_decorator' retrieved from /home/newrey/airflow/airflow-env/lib/python3.10/site-packages/airflow/example_dags/example_branch_operator_decorator.py
[2024-04-20T12:37:27.214+0700] {logging_mixin.py:188} INFO - [2024-04-20T12:37:27.213+0700] {dag.py:3096} INFO - Sync 1 DAGs
[2024-04-20T12:37:27.259+0700] {logging_mixin.py:188} INFO - [2024-04-20T12:37:27.259+0700] {dag.py:3954} INFO - Setting next_dagrun for example_branch_python_operator_decorator to 2024-04-19 00:00:00+00:00, run_after=2024-04-20 00:00:00+00:00
[2024-04-20T12:37:27.308+0700] {processor.py:183} INFO - Processing /home/newrey/airflow/airflow-env/lib/python3.10/site-packages/airflow/example_dags/example_branch_operator_decorator.py took 0.261 seconds
[2024-04-20T12:38:46.328+0700] {processor.py:161} INFO - Started process (PID=18146) to work on /home/newrey/airflow/airflow-env/lib/python3.10/site-packages/airflow/example_dags/example_branch_operator_decorator.py
[2024-04-20T12:38:46.333+0700] {processor.py:830} INFO - Processing file /home/newrey/airflow/airflow-env/lib/python3.10/site-packages/airflow/example_dags/example_branch_operator_decorator.py for tasks to queue
[2024-04-20T12:38:46.336+0700] {logging_mixin.py:188} INFO - [2024-04-20T12:38:46.335+0700] {dagbag.py:540} INFO - Filling up the DagBag from /home/newrey/airflow/airflow-env/lib/python3.10/site-packages/airflow/example_dags/example_branch_operator_decorator.py
[2024-04-20T12:38:46.510+0700] {processor.py:840} INFO - DAG(s) 'example_branch_python_operator_decorator' retrieved from /home/newrey/airflow/airflow-env/lib/python3.10/site-packages/airflow/example_dags/example_branch_operator_decorator.py
[2024-04-20T12:38:46.615+0700] {logging_mixin.py:188} INFO - [2024-04-20T12:38:46.614+0700] {dag.py:3096} INFO - Sync 1 DAGs
[2024-04-20T12:38:46.666+0700] {logging_mixin.py:188} INFO - [2024-04-20T12:38:46.666+0700] {dag.py:3954} INFO - Setting next_dagrun for example_branch_python_operator_decorator to 2024-04-19 00:00:00+00:00, run_after=2024-04-20 00:00:00+00:00
[2024-04-20T12:38:46.707+0700] {processor.py:183} INFO - Processing /home/newrey/airflow/airflow-env/lib/python3.10/site-packages/airflow/example_dags/example_branch_operator_decorator.py took 0.400 seconds
[2024-04-20T12:40:04.364+0700] {processor.py:161} INFO - Started process (PID=18763) to work on /home/newrey/airflow/airflow-env/lib/python3.10/site-packages/airflow/example_dags/example_branch_operator_decorator.py
[2024-04-20T12:40:04.366+0700] {processor.py:830} INFO - Processing file /home/newrey/airflow/airflow-env/lib/python3.10/site-packages/airflow/example_dags/example_branch_operator_decorator.py for tasks to queue
[2024-04-20T12:40:04.369+0700] {logging_mixin.py:188} INFO - [2024-04-20T12:40:04.368+0700] {dagbag.py:540} INFO - Filling up the DagBag from /home/newrey/airflow/airflow-env/lib/python3.10/site-packages/airflow/example_dags/example_branch_operator_decorator.py
[2024-04-20T12:40:04.422+0700] {processor.py:840} INFO - DAG(s) 'example_branch_python_operator_decorator' retrieved from /home/newrey/airflow/airflow-env/lib/python3.10/site-packages/airflow/example_dags/example_branch_operator_decorator.py
[2024-04-20T12:40:04.491+0700] {logging_mixin.py:188} INFO - [2024-04-20T12:40:04.490+0700] {dag.py:3096} INFO - Sync 1 DAGs
[2024-04-20T12:40:04.548+0700] {logging_mixin.py:188} INFO - [2024-04-20T12:40:04.548+0700] {dag.py:3954} INFO - Setting next_dagrun for example_branch_python_operator_decorator to 2024-04-19 00:00:00+00:00, run_after=2024-04-20 00:00:00+00:00
[2024-04-20T12:40:04.610+0700] {processor.py:183} INFO - Processing /home/newrey/airflow/airflow-env/lib/python3.10/site-packages/airflow/example_dags/example_branch_operator_decorator.py took 0.267 seconds
[2024-04-20T12:41:07.561+0700] {processor.py:161} INFO - Started process (PID=19224) to work on /home/newrey/airflow/airflow-env/lib/python3.10/site-packages/airflow/example_dags/example_branch_operator_decorator.py
[2024-04-20T12:41:07.565+0700] {processor.py:830} INFO - Processing file /home/newrey/airflow/airflow-env/lib/python3.10/site-packages/airflow/example_dags/example_branch_operator_decorator.py for tasks to queue
[2024-04-20T12:41:07.567+0700] {logging_mixin.py:188} INFO - [2024-04-20T12:41:07.566+0700] {dagbag.py:540} INFO - Filling up the DagBag from /home/newrey/airflow/airflow-env/lib/python3.10/site-packages/airflow/example_dags/example_branch_operator_decorator.py
[2024-04-20T12:41:07.615+0700] {processor.py:840} INFO - DAG(s) 'example_branch_python_operator_decorator' retrieved from /home/newrey/airflow/airflow-env/lib/python3.10/site-packages/airflow/example_dags/example_branch_operator_decorator.py
[2024-04-20T12:41:07.668+0700] {logging_mixin.py:188} INFO - [2024-04-20T12:41:07.668+0700] {dag.py:3096} INFO - Sync 1 DAGs
[2024-04-20T12:41:07.689+0700] {logging_mixin.py:188} INFO - [2024-04-20T12:41:07.689+0700] {dag.py:3954} INFO - Setting next_dagrun for example_branch_python_operator_decorator to 2024-04-19 00:00:00+00:00, run_after=2024-04-20 00:00:00+00:00
[2024-04-20T12:41:07.715+0700] {processor.py:183} INFO - Processing /home/newrey/airflow/airflow-env/lib/python3.10/site-packages/airflow/example_dags/example_branch_operator_decorator.py took 0.175 seconds
[2024-04-20T12:42:08.561+0700] {processor.py:161} INFO - Started process (PID=19746) to work on /home/newrey/airflow/airflow-env/lib/python3.10/site-packages/airflow/example_dags/example_branch_operator_decorator.py
[2024-04-20T12:42:08.565+0700] {processor.py:830} INFO - Processing file /home/newrey/airflow/airflow-env/lib/python3.10/site-packages/airflow/example_dags/example_branch_operator_decorator.py for tasks to queue
[2024-04-20T12:42:08.567+0700] {logging_mixin.py:188} INFO - [2024-04-20T12:42:08.566+0700] {dagbag.py:540} INFO - Filling up the DagBag from /home/newrey/airflow/airflow-env/lib/python3.10/site-packages/airflow/example_dags/example_branch_operator_decorator.py
[2024-04-20T12:42:08.614+0700] {processor.py:840} INFO - DAG(s) 'example_branch_python_operator_decorator' retrieved from /home/newrey/airflow/airflow-env/lib/python3.10/site-packages/airflow/example_dags/example_branch_operator_decorator.py
[2024-04-20T12:42:08.639+0700] {logging_mixin.py:188} INFO - [2024-04-20T12:42:08.639+0700] {dag.py:3096} INFO - Sync 1 DAGs
[2024-04-20T12:42:08.674+0700] {logging_mixin.py:188} INFO - [2024-04-20T12:42:08.674+0700] {dag.py:3954} INFO - Setting next_dagrun for example_branch_python_operator_decorator to 2024-04-19 00:00:00+00:00, run_after=2024-04-20 00:00:00+00:00
[2024-04-20T12:42:08.700+0700] {processor.py:183} INFO - Processing /home/newrey/airflow/airflow-env/lib/python3.10/site-packages/airflow/example_dags/example_branch_operator_decorator.py took 0.158 seconds
[2024-04-20T12:43:12.203+0700] {processor.py:161} INFO - Started process (PID=20212) to work on /home/newrey/airflow/airflow-env/lib/python3.10/site-packages/airflow/example_dags/example_branch_operator_decorator.py
[2024-04-20T12:43:12.206+0700] {processor.py:830} INFO - Processing file /home/newrey/airflow/airflow-env/lib/python3.10/site-packages/airflow/example_dags/example_branch_operator_decorator.py for tasks to queue
[2024-04-20T12:43:12.207+0700] {logging_mixin.py:188} INFO - [2024-04-20T12:43:12.206+0700] {dagbag.py:540} INFO - Filling up the DagBag from /home/newrey/airflow/airflow-env/lib/python3.10/site-packages/airflow/example_dags/example_branch_operator_decorator.py
[2024-04-20T12:43:12.236+0700] {processor.py:840} INFO - DAG(s) 'example_branch_python_operator_decorator' retrieved from /home/newrey/airflow/airflow-env/lib/python3.10/site-packages/airflow/example_dags/example_branch_operator_decorator.py
[2024-04-20T12:43:12.283+0700] {logging_mixin.py:188} INFO - [2024-04-20T12:43:12.282+0700] {dag.py:3096} INFO - Sync 1 DAGs
[2024-04-20T12:43:12.337+0700] {logging_mixin.py:188} INFO - [2024-04-20T12:43:12.336+0700] {dag.py:3954} INFO - Setting next_dagrun for example_branch_python_operator_decorator to 2024-04-19 00:00:00+00:00, run_after=2024-04-20 00:00:00+00:00
[2024-04-20T12:43:12.368+0700] {processor.py:183} INFO - Processing /home/newrey/airflow/airflow-env/lib/python3.10/site-packages/airflow/example_dags/example_branch_operator_decorator.py took 0.192 seconds
[2024-04-20T12:44:12.924+0700] {processor.py:161} INFO - Started process (PID=20664) to work on /home/newrey/airflow/airflow-env/lib/python3.10/site-packages/airflow/example_dags/example_branch_operator_decorator.py
[2024-04-20T12:44:12.927+0700] {processor.py:830} INFO - Processing file /home/newrey/airflow/airflow-env/lib/python3.10/site-packages/airflow/example_dags/example_branch_operator_decorator.py for tasks to queue
[2024-04-20T12:44:12.929+0700] {logging_mixin.py:188} INFO - [2024-04-20T12:44:12.928+0700] {dagbag.py:540} INFO - Filling up the DagBag from /home/newrey/airflow/airflow-env/lib/python3.10/site-packages/airflow/example_dags/example_branch_operator_decorator.py
[2024-04-20T12:44:12.980+0700] {processor.py:840} INFO - DAG(s) 'example_branch_python_operator_decorator' retrieved from /home/newrey/airflow/airflow-env/lib/python3.10/site-packages/airflow/example_dags/example_branch_operator_decorator.py
[2024-04-20T12:44:13.023+0700] {logging_mixin.py:188} INFO - [2024-04-20T12:44:13.022+0700] {dag.py:3096} INFO - Sync 1 DAGs
[2024-04-20T12:44:13.049+0700] {logging_mixin.py:188} INFO - [2024-04-20T12:44:13.048+0700] {dag.py:3954} INFO - Setting next_dagrun for example_branch_python_operator_decorator to 2024-04-19 00:00:00+00:00, run_after=2024-04-20 00:00:00+00:00
[2024-04-20T12:44:13.083+0700] {processor.py:183} INFO - Processing /home/newrey/airflow/airflow-env/lib/python3.10/site-packages/airflow/example_dags/example_branch_operator_decorator.py took 0.184 seconds
[2024-04-20T12:45:41.009+0700] {processor.py:161} INFO - Started process (PID=21299) to work on /home/newrey/airflow/airflow-env/lib/python3.10/site-packages/airflow/example_dags/example_branch_operator_decorator.py
[2024-04-20T12:45:41.013+0700] {processor.py:830} INFO - Processing file /home/newrey/airflow/airflow-env/lib/python3.10/site-packages/airflow/example_dags/example_branch_operator_decorator.py for tasks to queue
[2024-04-20T12:45:41.015+0700] {logging_mixin.py:188} INFO - [2024-04-20T12:45:41.014+0700] {dagbag.py:540} INFO - Filling up the DagBag from /home/newrey/airflow/airflow-env/lib/python3.10/site-packages/airflow/example_dags/example_branch_operator_decorator.py
[2024-04-20T12:45:41.048+0700] {processor.py:840} INFO - DAG(s) 'example_branch_python_operator_decorator' retrieved from /home/newrey/airflow/airflow-env/lib/python3.10/site-packages/airflow/example_dags/example_branch_operator_decorator.py
[2024-04-20T12:45:41.094+0700] {logging_mixin.py:188} INFO - [2024-04-20T12:45:41.093+0700] {dag.py:3096} INFO - Sync 1 DAGs
[2024-04-20T12:45:41.121+0700] {logging_mixin.py:188} INFO - [2024-04-20T12:45:41.121+0700] {dag.py:3954} INFO - Setting next_dagrun for example_branch_python_operator_decorator to 2024-04-19 00:00:00+00:00, run_after=2024-04-20 00:00:00+00:00
[2024-04-20T12:45:41.147+0700] {processor.py:183} INFO - Processing /home/newrey/airflow/airflow-env/lib/python3.10/site-packages/airflow/example_dags/example_branch_operator_decorator.py took 0.156 seconds
[2024-04-20T12:46:41.144+0700] {processor.py:161} INFO - Started process (PID=21745) to work on /home/newrey/airflow/airflow-env/lib/python3.10/site-packages/airflow/example_dags/example_branch_operator_decorator.py
[2024-04-20T12:46:41.148+0700] {processor.py:830} INFO - Processing file /home/newrey/airflow/airflow-env/lib/python3.10/site-packages/airflow/example_dags/example_branch_operator_decorator.py for tasks to queue
[2024-04-20T12:46:41.150+0700] {logging_mixin.py:188} INFO - [2024-04-20T12:46:41.149+0700] {dagbag.py:540} INFO - Filling up the DagBag from /home/newrey/airflow/airflow-env/lib/python3.10/site-packages/airflow/example_dags/example_branch_operator_decorator.py
[2024-04-20T12:46:41.200+0700] {processor.py:840} INFO - DAG(s) 'example_branch_python_operator_decorator' retrieved from /home/newrey/airflow/airflow-env/lib/python3.10/site-packages/airflow/example_dags/example_branch_operator_decorator.py
[2024-04-20T12:46:41.261+0700] {logging_mixin.py:188} INFO - [2024-04-20T12:46:41.260+0700] {dag.py:3096} INFO - Sync 1 DAGs
[2024-04-20T12:46:41.296+0700] {logging_mixin.py:188} INFO - [2024-04-20T12:46:41.296+0700] {dag.py:3954} INFO - Setting next_dagrun for example_branch_python_operator_decorator to 2024-04-19 00:00:00+00:00, run_after=2024-04-20 00:00:00+00:00
[2024-04-20T12:46:41.346+0700] {processor.py:183} INFO - Processing /home/newrey/airflow/airflow-env/lib/python3.10/site-packages/airflow/example_dags/example_branch_operator_decorator.py took 0.220 seconds
[2024-04-20T12:47:44.010+0700] {processor.py:161} INFO - Started process (PID=22273) to work on /home/newrey/airflow/airflow-env/lib/python3.10/site-packages/airflow/example_dags/example_branch_operator_decorator.py
[2024-04-20T12:47:44.013+0700] {processor.py:830} INFO - Processing file /home/newrey/airflow/airflow-env/lib/python3.10/site-packages/airflow/example_dags/example_branch_operator_decorator.py for tasks to queue
[2024-04-20T12:47:44.015+0700] {logging_mixin.py:188} INFO - [2024-04-20T12:47:44.014+0700] {dagbag.py:540} INFO - Filling up the DagBag from /home/newrey/airflow/airflow-env/lib/python3.10/site-packages/airflow/example_dags/example_branch_operator_decorator.py
[2024-04-20T12:47:44.053+0700] {processor.py:840} INFO - DAG(s) 'example_branch_python_operator_decorator' retrieved from /home/newrey/airflow/airflow-env/lib/python3.10/site-packages/airflow/example_dags/example_branch_operator_decorator.py
[2024-04-20T12:47:44.089+0700] {logging_mixin.py:188} INFO - [2024-04-20T12:47:44.089+0700] {dag.py:3096} INFO - Sync 1 DAGs
[2024-04-20T12:47:44.122+0700] {logging_mixin.py:188} INFO - [2024-04-20T12:47:44.122+0700] {dag.py:3954} INFO - Setting next_dagrun for example_branch_python_operator_decorator to 2024-04-19 00:00:00+00:00, run_after=2024-04-20 00:00:00+00:00
[2024-04-20T12:47:44.150+0700] {processor.py:183} INFO - Processing /home/newrey/airflow/airflow-env/lib/python3.10/site-packages/airflow/example_dags/example_branch_operator_decorator.py took 0.158 seconds
[2024-04-20T12:48:49.505+0700] {processor.py:161} INFO - Started process (PID=22827) to work on /home/newrey/airflow/airflow-env/lib/python3.10/site-packages/airflow/example_dags/example_branch_operator_decorator.py
[2024-04-20T12:48:49.510+0700] {processor.py:830} INFO - Processing file /home/newrey/airflow/airflow-env/lib/python3.10/site-packages/airflow/example_dags/example_branch_operator_decorator.py for tasks to queue
[2024-04-20T12:48:49.511+0700] {logging_mixin.py:188} INFO - [2024-04-20T12:48:49.511+0700] {dagbag.py:540} INFO - Filling up the DagBag from /home/newrey/airflow/airflow-env/lib/python3.10/site-packages/airflow/example_dags/example_branch_operator_decorator.py
[2024-04-20T12:48:49.533+0700] {processor.py:840} INFO - DAG(s) 'example_branch_python_operator_decorator' retrieved from /home/newrey/airflow/airflow-env/lib/python3.10/site-packages/airflow/example_dags/example_branch_operator_decorator.py
[2024-04-20T12:48:49.558+0700] {logging_mixin.py:188} INFO - [2024-04-20T12:48:49.558+0700] {dag.py:3096} INFO - Sync 1 DAGs
[2024-04-20T12:48:49.595+0700] {logging_mixin.py:188} INFO - [2024-04-20T12:48:49.594+0700] {dag.py:3954} INFO - Setting next_dagrun for example_branch_python_operator_decorator to 2024-04-19 00:00:00+00:00, run_after=2024-04-20 00:00:00+00:00
[2024-04-20T12:48:49.632+0700] {processor.py:183} INFO - Processing /home/newrey/airflow/airflow-env/lib/python3.10/site-packages/airflow/example_dags/example_branch_operator_decorator.py took 0.138 seconds
