[2024-04-20T12:17:45.986+0700] {processor.py:161} INFO - Started process (PID=4489) to work on /home/newrey/airflow/airflow-env/lib/python3.10/site-packages/airflow/example_dags/tutorial.py
[2024-04-20T12:17:45.988+0700] {processor.py:830} INFO - Processing file /home/newrey/airflow/airflow-env/lib/python3.10/site-packages/airflow/example_dags/tutorial.py for tasks to queue
[2024-04-20T12:17:45.992+0700] {logging_mixin.py:188} INFO - [2024-04-20T12:17:45.991+0700] {dagbag.py:540} INFO - Filling up the DagBag from /home/newrey/airflow/airflow-env/lib/python3.10/site-packages/airflow/example_dags/tutorial.py
[2024-04-20T12:17:46.011+0700] {processor.py:840} INFO - DAG(s) 'tutorial' retrieved from /home/newrey/airflow/airflow-env/lib/python3.10/site-packages/airflow/example_dags/tutorial.py
[2024-04-20T12:17:46.252+0700] {logging_mixin.py:188} INFO - [2024-04-20T12:17:46.251+0700] {dag.py:3096} INFO - Sync 1 DAGs
[2024-04-20T12:17:46.344+0700] {logging_mixin.py:188} INFO - [2024-04-20T12:17:46.342+0700] {dag.py:3954} INFO - Setting next_dagrun for tutorial to 2024-04-19 00:00:00+00:00, run_after=2024-04-20 00:00:00+00:00
[2024-04-20T12:17:46.449+0700] {processor.py:183} INFO - Processing /home/newrey/airflow/airflow-env/lib/python3.10/site-packages/airflow/example_dags/tutorial.py took 0.475 seconds
[2024-04-20T12:20:03.272+0700] {processor.py:161} INFO - Started process (PID=6048) to work on /home/newrey/airflow/airflow-env/lib/python3.10/site-packages/airflow/example_dags/tutorial.py
[2024-04-20T12:20:03.281+0700] {processor.py:830} INFO - Processing file /home/newrey/airflow/airflow-env/lib/python3.10/site-packages/airflow/example_dags/tutorial.py for tasks to queue
[2024-04-20T12:20:03.290+0700] {logging_mixin.py:188} INFO - [2024-04-20T12:20:03.288+0700] {dagbag.py:540} INFO - Filling up the DagBag from /home/newrey/airflow/airflow-env/lib/python3.10/site-packages/airflow/example_dags/tutorial.py
[2024-04-20T12:20:03.344+0700] {processor.py:840} INFO - DAG(s) 'tutorial' retrieved from /home/newrey/airflow/airflow-env/lib/python3.10/site-packages/airflow/example_dags/tutorial.py
[2024-04-20T12:20:03.460+0700] {logging_mixin.py:188} INFO - [2024-04-20T12:20:03.459+0700] {dag.py:3096} INFO - Sync 1 DAGs
[2024-04-20T12:20:03.654+0700] {logging_mixin.py:188} INFO - [2024-04-20T12:20:03.654+0700] {dag.py:3954} INFO - Setting next_dagrun for tutorial to 2024-04-19 00:00:00+00:00, run_after=2024-04-20 00:00:00+00:00
[2024-04-20T12:20:03.951+0700] {processor.py:183} INFO - Processing /home/newrey/airflow/airflow-env/lib/python3.10/site-packages/airflow/example_dags/tutorial.py took 0.757 seconds
[2024-04-20T12:21:02.805+0700] {processor.py:161} INFO - Started process (PID=6473) to work on /home/newrey/airflow/airflow-env/lib/python3.10/site-packages/airflow/example_dags/tutorial.py
[2024-04-20T12:21:02.818+0700] {processor.py:830} INFO - Processing file /home/newrey/airflow/airflow-env/lib/python3.10/site-packages/airflow/example_dags/tutorial.py for tasks to queue
[2024-04-20T12:21:02.823+0700] {logging_mixin.py:188} INFO - [2024-04-20T12:21:02.822+0700] {dagbag.py:540} INFO - Filling up the DagBag from /home/newrey/airflow/airflow-env/lib/python3.10/site-packages/airflow/example_dags/tutorial.py
[2024-04-20T12:21:02.840+0700] {processor.py:840} INFO - DAG(s) 'tutorial' retrieved from /home/newrey/airflow/airflow-env/lib/python3.10/site-packages/airflow/example_dags/tutorial.py
[2024-04-20T12:21:02.899+0700] {logging_mixin.py:188} INFO - [2024-04-20T12:21:02.899+0700] {dag.py:3096} INFO - Sync 1 DAGs
[2024-04-20T12:21:03.228+0700] {logging_mixin.py:188} INFO - [2024-04-20T12:21:03.227+0700] {dag.py:3954} INFO - Setting next_dagrun for tutorial to 2024-04-19 00:00:00+00:00, run_after=2024-04-20 00:00:00+00:00
[2024-04-20T12:21:03.271+0700] {processor.py:183} INFO - Processing /home/newrey/airflow/airflow-env/lib/python3.10/site-packages/airflow/example_dags/tutorial.py took 0.503 seconds
[2024-04-20T12:21:45.915+0700] {processor.py:161} INFO - Started process (PID=6760) to work on /home/newrey/airflow/airflow-env/lib/python3.10/site-packages/airflow/example_dags/tutorial.py
[2024-04-20T12:21:45.919+0700] {processor.py:830} INFO - Processing file /home/newrey/airflow/airflow-env/lib/python3.10/site-packages/airflow/example_dags/tutorial.py for tasks to queue
[2024-04-20T12:21:45.922+0700] {logging_mixin.py:188} INFO - [2024-04-20T12:21:45.922+0700] {dagbag.py:540} INFO - Filling up the DagBag from /home/newrey/airflow/airflow-env/lib/python3.10/site-packages/airflow/example_dags/tutorial.py
[2024-04-20T12:21:45.934+0700] {processor.py:840} INFO - DAG(s) 'tutorial' retrieved from /home/newrey/airflow/airflow-env/lib/python3.10/site-packages/airflow/example_dags/tutorial.py
[2024-04-20T12:21:45.968+0700] {logging_mixin.py:188} INFO - [2024-04-20T12:21:45.968+0700] {dag.py:3096} INFO - Sync 1 DAGs
[2024-04-20T12:21:46.030+0700] {logging_mixin.py:188} INFO - [2024-04-20T12:21:46.029+0700] {dag.py:3954} INFO - Setting next_dagrun for tutorial to 2024-04-19 00:00:00+00:00, run_after=2024-04-20 00:00:00+00:00
[2024-04-20T12:21:46.095+0700] {processor.py:183} INFO - Processing /home/newrey/airflow/airflow-env/lib/python3.10/site-packages/airflow/example_dags/tutorial.py took 0.193 seconds
[2024-04-20T12:23:16.617+0700] {processor.py:161} INFO - Started process (PID=7785) to work on /home/newrey/airflow/airflow-env/lib/python3.10/site-packages/airflow/example_dags/tutorial.py
[2024-04-20T12:23:16.620+0700] {processor.py:830} INFO - Processing file /home/newrey/airflow/airflow-env/lib/python3.10/site-packages/airflow/example_dags/tutorial.py for tasks to queue
[2024-04-20T12:23:16.624+0700] {logging_mixin.py:188} INFO - [2024-04-20T12:23:16.623+0700] {dagbag.py:540} INFO - Filling up the DagBag from /home/newrey/airflow/airflow-env/lib/python3.10/site-packages/airflow/example_dags/tutorial.py
[2024-04-20T12:23:16.638+0700] {processor.py:840} INFO - DAG(s) 'tutorial' retrieved from /home/newrey/airflow/airflow-env/lib/python3.10/site-packages/airflow/example_dags/tutorial.py
[2024-04-20T12:23:16.686+0700] {logging_mixin.py:188} INFO - [2024-04-20T12:23:16.686+0700] {dag.py:3096} INFO - Sync 1 DAGs
[2024-04-20T12:23:16.733+0700] {logging_mixin.py:188} INFO - [2024-04-20T12:23:16.732+0700] {dag.py:3954} INFO - Setting next_dagrun for tutorial to 2024-04-19 00:00:00+00:00, run_after=2024-04-20 00:00:00+00:00
[2024-04-20T12:23:16.787+0700] {processor.py:183} INFO - Processing /home/newrey/airflow/airflow-env/lib/python3.10/site-packages/airflow/example_dags/tutorial.py took 0.194 seconds
[2024-04-20T12:24:17.188+0700] {processor.py:161} INFO - Started process (PID=8520) to work on /home/newrey/airflow/airflow-env/lib/python3.10/site-packages/airflow/example_dags/tutorial.py
[2024-04-20T12:24:17.192+0700] {processor.py:830} INFO - Processing file /home/newrey/airflow/airflow-env/lib/python3.10/site-packages/airflow/example_dags/tutorial.py for tasks to queue
[2024-04-20T12:24:17.196+0700] {logging_mixin.py:188} INFO - [2024-04-20T12:24:17.195+0700] {dagbag.py:540} INFO - Filling up the DagBag from /home/newrey/airflow/airflow-env/lib/python3.10/site-packages/airflow/example_dags/tutorial.py
[2024-04-20T12:24:17.211+0700] {processor.py:840} INFO - DAG(s) 'tutorial' retrieved from /home/newrey/airflow/airflow-env/lib/python3.10/site-packages/airflow/example_dags/tutorial.py
[2024-04-20T12:24:17.250+0700] {logging_mixin.py:188} INFO - [2024-04-20T12:24:17.249+0700] {dag.py:3096} INFO - Sync 1 DAGs
[2024-04-20T12:24:17.305+0700] {logging_mixin.py:188} INFO - [2024-04-20T12:24:17.304+0700] {dag.py:3954} INFO - Setting next_dagrun for tutorial to 2024-04-19 00:00:00+00:00, run_after=2024-04-20 00:00:00+00:00
[2024-04-20T12:24:17.378+0700] {processor.py:183} INFO - Processing /home/newrey/airflow/airflow-env/lib/python3.10/site-packages/airflow/example_dags/tutorial.py took 0.229 seconds
[2024-04-20T12:24:58.510+0700] {processor.py:161} INFO - Started process (PID=8842) to work on /home/newrey/airflow/airflow-env/lib/python3.10/site-packages/airflow/example_dags/tutorial.py
[2024-04-20T12:24:58.514+0700] {processor.py:830} INFO - Processing file /home/newrey/airflow/airflow-env/lib/python3.10/site-packages/airflow/example_dags/tutorial.py for tasks to queue
[2024-04-20T12:24:58.517+0700] {logging_mixin.py:188} INFO - [2024-04-20T12:24:58.516+0700] {dagbag.py:540} INFO - Filling up the DagBag from /home/newrey/airflow/airflow-env/lib/python3.10/site-packages/airflow/example_dags/tutorial.py
[2024-04-20T12:24:58.528+0700] {processor.py:840} INFO - DAG(s) 'tutorial' retrieved from /home/newrey/airflow/airflow-env/lib/python3.10/site-packages/airflow/example_dags/tutorial.py
[2024-04-20T12:24:58.564+0700] {logging_mixin.py:188} INFO - [2024-04-20T12:24:58.564+0700] {dag.py:3096} INFO - Sync 1 DAGs
[2024-04-20T12:24:58.612+0700] {logging_mixin.py:188} INFO - [2024-04-20T12:24:58.612+0700] {dag.py:3954} INFO - Setting next_dagrun for tutorial to 2024-04-19 00:00:00+00:00, run_after=2024-04-20 00:00:00+00:00
[2024-04-20T12:24:58.678+0700] {processor.py:183} INFO - Processing /home/newrey/airflow/airflow-env/lib/python3.10/site-packages/airflow/example_dags/tutorial.py took 0.186 seconds
[2024-04-20T12:25:40.216+0700] {processor.py:161} INFO - Started process (PID=9348) to work on /home/newrey/airflow/airflow-env/lib/python3.10/site-packages/airflow/example_dags/tutorial.py
[2024-04-20T12:25:40.219+0700] {processor.py:830} INFO - Processing file /home/newrey/airflow/airflow-env/lib/python3.10/site-packages/airflow/example_dags/tutorial.py for tasks to queue
[2024-04-20T12:25:40.224+0700] {logging_mixin.py:188} INFO - [2024-04-20T12:25:40.223+0700] {dagbag.py:540} INFO - Filling up the DagBag from /home/newrey/airflow/airflow-env/lib/python3.10/site-packages/airflow/example_dags/tutorial.py
[2024-04-20T12:25:40.240+0700] {processor.py:840} INFO - DAG(s) 'tutorial' retrieved from /home/newrey/airflow/airflow-env/lib/python3.10/site-packages/airflow/example_dags/tutorial.py
[2024-04-20T12:25:40.276+0700] {logging_mixin.py:188} INFO - [2024-04-20T12:25:40.275+0700] {dag.py:3096} INFO - Sync 1 DAGs
[2024-04-20T12:25:40.320+0700] {logging_mixin.py:188} INFO - [2024-04-20T12:25:40.320+0700] {dag.py:3954} INFO - Setting next_dagrun for tutorial to 2024-04-19 00:00:00+00:00, run_after=2024-04-20 00:00:00+00:00
[2024-04-20T12:25:40.389+0700] {processor.py:183} INFO - Processing /home/newrey/airflow/airflow-env/lib/python3.10/site-packages/airflow/example_dags/tutorial.py took 0.203 seconds
[2024-04-20T12:26:29.501+0700] {processor.py:161} INFO - Started process (PID=9952) to work on /home/newrey/airflow/airflow-env/lib/python3.10/site-packages/airflow/example_dags/tutorial.py
[2024-04-20T12:26:29.503+0700] {processor.py:830} INFO - Processing file /home/newrey/airflow/airflow-env/lib/python3.10/site-packages/airflow/example_dags/tutorial.py for tasks to queue
[2024-04-20T12:26:29.506+0700] {logging_mixin.py:188} INFO - [2024-04-20T12:26:29.505+0700] {dagbag.py:540} INFO - Filling up the DagBag from /home/newrey/airflow/airflow-env/lib/python3.10/site-packages/airflow/example_dags/tutorial.py
[2024-04-20T12:26:29.514+0700] {processor.py:840} INFO - DAG(s) 'tutorial' retrieved from /home/newrey/airflow/airflow-env/lib/python3.10/site-packages/airflow/example_dags/tutorial.py
[2024-04-20T12:26:29.543+0700] {logging_mixin.py:188} INFO - [2024-04-20T12:26:29.542+0700] {dag.py:3096} INFO - Sync 1 DAGs
[2024-04-20T12:26:29.584+0700] {logging_mixin.py:188} INFO - [2024-04-20T12:26:29.583+0700] {dag.py:3954} INFO - Setting next_dagrun for tutorial to 2024-04-19 00:00:00+00:00, run_after=2024-04-20 00:00:00+00:00
[2024-04-20T12:26:29.625+0700] {processor.py:183} INFO - Processing /home/newrey/airflow/airflow-env/lib/python3.10/site-packages/airflow/example_dags/tutorial.py took 0.138 seconds
[2024-04-20T12:27:09.794+0700] {processor.py:161} INFO - Started process (PID=10332) to work on /home/newrey/airflow/airflow-env/lib/python3.10/site-packages/airflow/example_dags/tutorial.py
[2024-04-20T12:27:09.796+0700] {processor.py:830} INFO - Processing file /home/newrey/airflow/airflow-env/lib/python3.10/site-packages/airflow/example_dags/tutorial.py for tasks to queue
[2024-04-20T12:27:09.799+0700] {logging_mixin.py:188} INFO - [2024-04-20T12:27:09.798+0700] {dagbag.py:540} INFO - Filling up the DagBag from /home/newrey/airflow/airflow-env/lib/python3.10/site-packages/airflow/example_dags/tutorial.py
[2024-04-20T12:27:09.810+0700] {processor.py:840} INFO - DAG(s) 'tutorial' retrieved from /home/newrey/airflow/airflow-env/lib/python3.10/site-packages/airflow/example_dags/tutorial.py
[2024-04-20T12:27:09.837+0700] {logging_mixin.py:188} INFO - [2024-04-20T12:27:09.837+0700] {dag.py:3096} INFO - Sync 1 DAGs
[2024-04-20T12:27:09.876+0700] {logging_mixin.py:188} INFO - [2024-04-20T12:27:09.875+0700] {dag.py:3954} INFO - Setting next_dagrun for tutorial to 2024-04-19 00:00:00+00:00, run_after=2024-04-20 00:00:00+00:00
[2024-04-20T12:27:09.925+0700] {processor.py:183} INFO - Processing /home/newrey/airflow/airflow-env/lib/python3.10/site-packages/airflow/example_dags/tutorial.py took 0.158 seconds
[2024-04-20T12:27:54.851+0700] {processor.py:161} INFO - Started process (PID=10913) to work on /home/newrey/airflow/airflow-env/lib/python3.10/site-packages/airflow/example_dags/tutorial.py
[2024-04-20T12:27:54.857+0700] {processor.py:830} INFO - Processing file /home/newrey/airflow/airflow-env/lib/python3.10/site-packages/airflow/example_dags/tutorial.py for tasks to queue
[2024-04-20T12:27:54.862+0700] {logging_mixin.py:188} INFO - [2024-04-20T12:27:54.861+0700] {dagbag.py:540} INFO - Filling up the DagBag from /home/newrey/airflow/airflow-env/lib/python3.10/site-packages/airflow/example_dags/tutorial.py
[2024-04-20T12:27:54.874+0700] {processor.py:840} INFO - DAG(s) 'tutorial' retrieved from /home/newrey/airflow/airflow-env/lib/python3.10/site-packages/airflow/example_dags/tutorial.py
[2024-04-20T12:27:54.912+0700] {logging_mixin.py:188} INFO - [2024-04-20T12:27:54.911+0700] {dag.py:3096} INFO - Sync 1 DAGs
[2024-04-20T12:27:54.948+0700] {logging_mixin.py:188} INFO - [2024-04-20T12:27:54.948+0700] {dag.py:3954} INFO - Setting next_dagrun for tutorial to 2024-04-19 00:00:00+00:00, run_after=2024-04-20 00:00:00+00:00
[2024-04-20T12:27:55.054+0700] {processor.py:183} INFO - Processing /home/newrey/airflow/airflow-env/lib/python3.10/site-packages/airflow/example_dags/tutorial.py took 0.241 seconds
[2024-04-20T12:28:48.956+0700] {processor.py:161} INFO - Started process (PID=11733) to work on /home/newrey/airflow/airflow-env/lib/python3.10/site-packages/airflow/example_dags/tutorial.py
[2024-04-20T12:28:48.958+0700] {processor.py:830} INFO - Processing file /home/newrey/airflow/airflow-env/lib/python3.10/site-packages/airflow/example_dags/tutorial.py for tasks to queue
[2024-04-20T12:28:48.961+0700] {logging_mixin.py:188} INFO - [2024-04-20T12:28:48.960+0700] {dagbag.py:540} INFO - Filling up the DagBag from /home/newrey/airflow/airflow-env/lib/python3.10/site-packages/airflow/example_dags/tutorial.py
[2024-04-20T12:28:48.970+0700] {processor.py:840} INFO - DAG(s) 'tutorial' retrieved from /home/newrey/airflow/airflow-env/lib/python3.10/site-packages/airflow/example_dags/tutorial.py
[2024-04-20T12:28:48.996+0700] {logging_mixin.py:188} INFO - [2024-04-20T12:28:48.995+0700] {dag.py:3096} INFO - Sync 1 DAGs
[2024-04-20T12:28:49.036+0700] {logging_mixin.py:188} INFO - [2024-04-20T12:28:49.036+0700] {dag.py:3954} INFO - Setting next_dagrun for tutorial to 2024-04-19 00:00:00+00:00, run_after=2024-04-20 00:00:00+00:00
[2024-04-20T12:28:49.101+0700] {processor.py:183} INFO - Processing /home/newrey/airflow/airflow-env/lib/python3.10/site-packages/airflow/example_dags/tutorial.py took 0.160 seconds
[2024-04-20T12:29:44.264+0700] {processor.py:161} INFO - Started process (PID=12521) to work on /home/newrey/airflow/airflow-env/lib/python3.10/site-packages/airflow/example_dags/tutorial.py
[2024-04-20T12:29:44.285+0700] {processor.py:830} INFO - Processing file /home/newrey/airflow/airflow-env/lib/python3.10/site-packages/airflow/example_dags/tutorial.py for tasks to queue
[2024-04-20T12:29:44.289+0700] {logging_mixin.py:188} INFO - [2024-04-20T12:29:44.287+0700] {dagbag.py:540} INFO - Filling up the DagBag from /home/newrey/airflow/airflow-env/lib/python3.10/site-packages/airflow/example_dags/tutorial.py
[2024-04-20T12:29:44.325+0700] {processor.py:840} INFO - DAG(s) 'tutorial' retrieved from /home/newrey/airflow/airflow-env/lib/python3.10/site-packages/airflow/example_dags/tutorial.py
[2024-04-20T12:29:44.406+0700] {logging_mixin.py:188} INFO - [2024-04-20T12:29:44.405+0700] {dag.py:3096} INFO - Sync 1 DAGs
[2024-04-20T12:29:44.596+0700] {logging_mixin.py:188} INFO - [2024-04-20T12:29:44.584+0700] {dag.py:3954} INFO - Setting next_dagrun for tutorial to 2024-04-19 00:00:00+00:00, run_after=2024-04-20 00:00:00+00:00
[2024-04-20T12:29:44.802+0700] {processor.py:183} INFO - Processing /home/newrey/airflow/airflow-env/lib/python3.10/site-packages/airflow/example_dags/tutorial.py took 0.589 seconds
[2024-04-20T12:31:07.231+0700] {processor.py:161} INFO - Started process (PID=13726) to work on /home/newrey/airflow/airflow-env/lib/python3.10/site-packages/airflow/example_dags/tutorial.py
[2024-04-20T12:31:07.235+0700] {processor.py:830} INFO - Processing file /home/newrey/airflow/airflow-env/lib/python3.10/site-packages/airflow/example_dags/tutorial.py for tasks to queue
[2024-04-20T12:31:07.237+0700] {logging_mixin.py:188} INFO - [2024-04-20T12:31:07.236+0700] {dagbag.py:540} INFO - Filling up the DagBag from /home/newrey/airflow/airflow-env/lib/python3.10/site-packages/airflow/example_dags/tutorial.py
[2024-04-20T12:31:07.249+0700] {processor.py:840} INFO - DAG(s) 'tutorial' retrieved from /home/newrey/airflow/airflow-env/lib/python3.10/site-packages/airflow/example_dags/tutorial.py
[2024-04-20T12:31:07.286+0700] {logging_mixin.py:188} INFO - [2024-04-20T12:31:07.285+0700] {dag.py:3096} INFO - Sync 1 DAGs
[2024-04-20T12:31:07.351+0700] {logging_mixin.py:188} INFO - [2024-04-20T12:31:07.350+0700] {dag.py:3954} INFO - Setting next_dagrun for tutorial to 2024-04-19 00:00:00+00:00, run_after=2024-04-20 00:00:00+00:00
[2024-04-20T12:31:07.437+0700] {processor.py:183} INFO - Processing /home/newrey/airflow/airflow-env/lib/python3.10/site-packages/airflow/example_dags/tutorial.py took 0.239 seconds
[2024-04-20T12:32:00.079+0700] {processor.py:161} INFO - Started process (PID=14528) to work on /home/newrey/airflow/airflow-env/lib/python3.10/site-packages/airflow/example_dags/tutorial.py
[2024-04-20T12:32:00.086+0700] {processor.py:830} INFO - Processing file /home/newrey/airflow/airflow-env/lib/python3.10/site-packages/airflow/example_dags/tutorial.py for tasks to queue
[2024-04-20T12:32:00.088+0700] {logging_mixin.py:188} INFO - [2024-04-20T12:32:00.087+0700] {dagbag.py:540} INFO - Filling up the DagBag from /home/newrey/airflow/airflow-env/lib/python3.10/site-packages/airflow/example_dags/tutorial.py
[2024-04-20T12:32:00.103+0700] {processor.py:840} INFO - DAG(s) 'tutorial' retrieved from /home/newrey/airflow/airflow-env/lib/python3.10/site-packages/airflow/example_dags/tutorial.py
[2024-04-20T12:32:00.146+0700] {logging_mixin.py:188} INFO - [2024-04-20T12:32:00.144+0700] {dag.py:3096} INFO - Sync 1 DAGs
[2024-04-20T12:32:00.215+0700] {logging_mixin.py:188} INFO - [2024-04-20T12:32:00.214+0700] {dag.py:3954} INFO - Setting next_dagrun for tutorial to 2024-04-19 00:00:00+00:00, run_after=2024-04-20 00:00:00+00:00
[2024-04-20T12:32:00.263+0700] {processor.py:183} INFO - Processing /home/newrey/airflow/airflow-env/lib/python3.10/site-packages/airflow/example_dags/tutorial.py took 0.213 seconds
[2024-04-20T12:32:43.253+0700] {processor.py:161} INFO - Started process (PID=14801) to work on /home/newrey/airflow/airflow-env/lib/python3.10/site-packages/airflow/example_dags/tutorial.py
[2024-04-20T12:32:43.257+0700] {processor.py:830} INFO - Processing file /home/newrey/airflow/airflow-env/lib/python3.10/site-packages/airflow/example_dags/tutorial.py for tasks to queue
[2024-04-20T12:32:43.259+0700] {logging_mixin.py:188} INFO - [2024-04-20T12:32:43.258+0700] {dagbag.py:540} INFO - Filling up the DagBag from /home/newrey/airflow/airflow-env/lib/python3.10/site-packages/airflow/example_dags/tutorial.py
[2024-04-20T12:32:43.272+0700] {processor.py:840} INFO - DAG(s) 'tutorial' retrieved from /home/newrey/airflow/airflow-env/lib/python3.10/site-packages/airflow/example_dags/tutorial.py
[2024-04-20T12:32:43.306+0700] {logging_mixin.py:188} INFO - [2024-04-20T12:32:43.305+0700] {dag.py:3096} INFO - Sync 1 DAGs
[2024-04-20T12:32:43.345+0700] {logging_mixin.py:188} INFO - [2024-04-20T12:32:43.345+0700] {dag.py:3954} INFO - Setting next_dagrun for tutorial to 2024-04-19 00:00:00+00:00, run_after=2024-04-20 00:00:00+00:00
[2024-04-20T12:32:43.397+0700] {processor.py:183} INFO - Processing /home/newrey/airflow/airflow-env/lib/python3.10/site-packages/airflow/example_dags/tutorial.py took 0.164 seconds
[2024-04-20T12:33:59.368+0700] {processor.py:161} INFO - Started process (PID=15402) to work on /home/newrey/airflow/airflow-env/lib/python3.10/site-packages/airflow/example_dags/tutorial.py
[2024-04-20T12:33:59.378+0700] {processor.py:830} INFO - Processing file /home/newrey/airflow/airflow-env/lib/python3.10/site-packages/airflow/example_dags/tutorial.py for tasks to queue
[2024-04-20T12:33:59.380+0700] {logging_mixin.py:188} INFO - [2024-04-20T12:33:59.380+0700] {dagbag.py:540} INFO - Filling up the DagBag from /home/newrey/airflow/airflow-env/lib/python3.10/site-packages/airflow/example_dags/tutorial.py
[2024-04-20T12:33:59.392+0700] {processor.py:840} INFO - DAG(s) 'tutorial' retrieved from /home/newrey/airflow/airflow-env/lib/python3.10/site-packages/airflow/example_dags/tutorial.py
[2024-04-20T12:33:59.421+0700] {logging_mixin.py:188} INFO - [2024-04-20T12:33:59.421+0700] {dag.py:3096} INFO - Sync 1 DAGs
[2024-04-20T12:33:59.479+0700] {logging_mixin.py:188} INFO - [2024-04-20T12:33:59.478+0700] {dag.py:3954} INFO - Setting next_dagrun for tutorial to 2024-04-19 00:00:00+00:00, run_after=2024-04-20 00:00:00+00:00
[2024-04-20T12:33:59.543+0700] {processor.py:183} INFO - Processing /home/newrey/airflow/airflow-env/lib/python3.10/site-packages/airflow/example_dags/tutorial.py took 0.194 seconds
[2024-04-20T12:34:52.547+0700] {processor.py:161} INFO - Started process (PID=16176) to work on /home/newrey/airflow/airflow-env/lib/python3.10/site-packages/airflow/example_dags/tutorial.py
[2024-04-20T12:34:52.551+0700] {processor.py:830} INFO - Processing file /home/newrey/airflow/airflow-env/lib/python3.10/site-packages/airflow/example_dags/tutorial.py for tasks to queue
[2024-04-20T12:34:52.553+0700] {logging_mixin.py:188} INFO - [2024-04-20T12:34:52.552+0700] {dagbag.py:540} INFO - Filling up the DagBag from /home/newrey/airflow/airflow-env/lib/python3.10/site-packages/airflow/example_dags/tutorial.py
[2024-04-20T12:34:52.566+0700] {processor.py:840} INFO - DAG(s) 'tutorial' retrieved from /home/newrey/airflow/airflow-env/lib/python3.10/site-packages/airflow/example_dags/tutorial.py
[2024-04-20T12:34:52.608+0700] {logging_mixin.py:188} INFO - [2024-04-20T12:34:52.608+0700] {dag.py:3096} INFO - Sync 1 DAGs
[2024-04-20T12:34:52.673+0700] {logging_mixin.py:188} INFO - [2024-04-20T12:34:52.672+0700] {dag.py:3954} INFO - Setting next_dagrun for tutorial to 2024-04-19 00:00:00+00:00, run_after=2024-04-20 00:00:00+00:00
[2024-04-20T12:34:52.720+0700] {processor.py:183} INFO - Processing /home/newrey/airflow/airflow-env/lib/python3.10/site-packages/airflow/example_dags/tutorial.py took 0.196 seconds
[2024-04-20T12:35:43.390+0700] {processor.py:161} INFO - Started process (PID=16524) to work on /home/newrey/airflow/airflow-env/lib/python3.10/site-packages/airflow/example_dags/tutorial.py
[2024-04-20T12:35:43.393+0700] {processor.py:830} INFO - Processing file /home/newrey/airflow/airflow-env/lib/python3.10/site-packages/airflow/example_dags/tutorial.py for tasks to queue
[2024-04-20T12:35:43.395+0700] {logging_mixin.py:188} INFO - [2024-04-20T12:35:43.394+0700] {dagbag.py:540} INFO - Filling up the DagBag from /home/newrey/airflow/airflow-env/lib/python3.10/site-packages/airflow/example_dags/tutorial.py
[2024-04-20T12:35:43.413+0700] {processor.py:840} INFO - DAG(s) 'tutorial' retrieved from /home/newrey/airflow/airflow-env/lib/python3.10/site-packages/airflow/example_dags/tutorial.py
[2024-04-20T12:35:43.477+0700] {logging_mixin.py:188} INFO - [2024-04-20T12:35:43.476+0700] {dag.py:3096} INFO - Sync 1 DAGs
[2024-04-20T12:35:43.545+0700] {logging_mixin.py:188} INFO - [2024-04-20T12:35:43.544+0700] {dag.py:3954} INFO - Setting next_dagrun for tutorial to 2024-04-19 00:00:00+00:00, run_after=2024-04-20 00:00:00+00:00
[2024-04-20T12:35:43.611+0700] {processor.py:183} INFO - Processing /home/newrey/airflow/airflow-env/lib/python3.10/site-packages/airflow/example_dags/tutorial.py took 0.241 seconds
[2024-04-20T12:36:23.791+0700] {processor.py:161} INFO - Started process (PID=16834) to work on /home/newrey/airflow/airflow-env/lib/python3.10/site-packages/airflow/example_dags/tutorial.py
[2024-04-20T12:36:23.793+0700] {processor.py:830} INFO - Processing file /home/newrey/airflow/airflow-env/lib/python3.10/site-packages/airflow/example_dags/tutorial.py for tasks to queue
[2024-04-20T12:36:23.794+0700] {logging_mixin.py:188} INFO - [2024-04-20T12:36:23.794+0700] {dagbag.py:540} INFO - Filling up the DagBag from /home/newrey/airflow/airflow-env/lib/python3.10/site-packages/airflow/example_dags/tutorial.py
[2024-04-20T12:36:23.807+0700] {processor.py:840} INFO - DAG(s) 'tutorial' retrieved from /home/newrey/airflow/airflow-env/lib/python3.10/site-packages/airflow/example_dags/tutorial.py
[2024-04-20T12:36:23.838+0700] {logging_mixin.py:188} INFO - [2024-04-20T12:36:23.838+0700] {dag.py:3096} INFO - Sync 1 DAGs
[2024-04-20T12:36:23.910+0700] {logging_mixin.py:188} INFO - [2024-04-20T12:36:23.909+0700] {dag.py:3954} INFO - Setting next_dagrun for tutorial to 2024-04-19 00:00:00+00:00, run_after=2024-04-20 00:00:00+00:00
[2024-04-20T12:36:24.005+0700] {processor.py:183} INFO - Processing /home/newrey/airflow/airflow-env/lib/python3.10/site-packages/airflow/example_dags/tutorial.py took 0.231 seconds
[2024-04-20T12:37:39.321+0700] {processor.py:161} INFO - Started process (PID=17556) to work on /home/newrey/airflow/airflow-env/lib/python3.10/site-packages/airflow/example_dags/tutorial.py
[2024-04-20T12:37:39.324+0700] {processor.py:830} INFO - Processing file /home/newrey/airflow/airflow-env/lib/python3.10/site-packages/airflow/example_dags/tutorial.py for tasks to queue
[2024-04-20T12:37:39.327+0700] {logging_mixin.py:188} INFO - [2024-04-20T12:37:39.326+0700] {dagbag.py:540} INFO - Filling up the DagBag from /home/newrey/airflow/airflow-env/lib/python3.10/site-packages/airflow/example_dags/tutorial.py
[2024-04-20T12:37:39.340+0700] {processor.py:840} INFO - DAG(s) 'tutorial' retrieved from /home/newrey/airflow/airflow-env/lib/python3.10/site-packages/airflow/example_dags/tutorial.py
[2024-04-20T12:37:39.378+0700] {logging_mixin.py:188} INFO - [2024-04-20T12:37:39.378+0700] {dag.py:3096} INFO - Sync 1 DAGs
[2024-04-20T12:37:39.432+0700] {logging_mixin.py:188} INFO - [2024-04-20T12:37:39.431+0700] {dag.py:3954} INFO - Setting next_dagrun for tutorial to 2024-04-19 00:00:00+00:00, run_after=2024-04-20 00:00:00+00:00
[2024-04-20T12:37:39.476+0700] {processor.py:183} INFO - Processing /home/newrey/airflow/airflow-env/lib/python3.10/site-packages/airflow/example_dags/tutorial.py took 0.172 seconds
[2024-04-20T12:38:20.065+0700] {processor.py:161} INFO - Started process (PID=17994) to work on /home/newrey/airflow/airflow-env/lib/python3.10/site-packages/airflow/example_dags/tutorial.py
[2024-04-20T12:38:20.068+0700] {processor.py:830} INFO - Processing file /home/newrey/airflow/airflow-env/lib/python3.10/site-packages/airflow/example_dags/tutorial.py for tasks to queue
[2024-04-20T12:38:20.071+0700] {logging_mixin.py:188} INFO - [2024-04-20T12:38:20.070+0700] {dagbag.py:540} INFO - Filling up the DagBag from /home/newrey/airflow/airflow-env/lib/python3.10/site-packages/airflow/example_dags/tutorial.py
[2024-04-20T12:38:20.085+0700] {processor.py:840} INFO - DAG(s) 'tutorial' retrieved from /home/newrey/airflow/airflow-env/lib/python3.10/site-packages/airflow/example_dags/tutorial.py
[2024-04-20T12:38:20.128+0700] {logging_mixin.py:188} INFO - [2024-04-20T12:38:20.127+0700] {dag.py:3096} INFO - Sync 1 DAGs
[2024-04-20T12:38:20.206+0700] {logging_mixin.py:188} INFO - [2024-04-20T12:38:20.206+0700] {dag.py:3954} INFO - Setting next_dagrun for tutorial to 2024-04-19 00:00:00+00:00, run_after=2024-04-20 00:00:00+00:00
[2024-04-20T12:38:20.272+0700] {processor.py:183} INFO - Processing /home/newrey/airflow/airflow-env/lib/python3.10/site-packages/airflow/example_dags/tutorial.py took 0.230 seconds
[2024-04-20T12:39:00.980+0700] {processor.py:161} INFO - Started process (PID=18310) to work on /home/newrey/airflow/airflow-env/lib/python3.10/site-packages/airflow/example_dags/tutorial.py
[2024-04-20T12:39:00.982+0700] {processor.py:830} INFO - Processing file /home/newrey/airflow/airflow-env/lib/python3.10/site-packages/airflow/example_dags/tutorial.py for tasks to queue
[2024-04-20T12:39:00.985+0700] {logging_mixin.py:188} INFO - [2024-04-20T12:39:00.984+0700] {dagbag.py:540} INFO - Filling up the DagBag from /home/newrey/airflow/airflow-env/lib/python3.10/site-packages/airflow/example_dags/tutorial.py
[2024-04-20T12:39:00.997+0700] {processor.py:840} INFO - DAG(s) 'tutorial' retrieved from /home/newrey/airflow/airflow-env/lib/python3.10/site-packages/airflow/example_dags/tutorial.py
[2024-04-20T12:39:01.030+0700] {logging_mixin.py:188} INFO - [2024-04-20T12:39:01.029+0700] {dag.py:3096} INFO - Sync 1 DAGs
[2024-04-20T12:39:01.073+0700] {logging_mixin.py:188} INFO - [2024-04-20T12:39:01.072+0700] {dag.py:3954} INFO - Setting next_dagrun for tutorial to 2024-04-19 00:00:00+00:00, run_after=2024-04-20 00:00:00+00:00
[2024-04-20T12:39:01.144+0700] {processor.py:183} INFO - Processing /home/newrey/airflow/airflow-env/lib/python3.10/site-packages/airflow/example_dags/tutorial.py took 0.183 seconds
[2024-04-20T12:40:13.156+0700] {processor.py:161} INFO - Started process (PID=18831) to work on /home/newrey/airflow/airflow-env/lib/python3.10/site-packages/airflow/example_dags/tutorial.py
[2024-04-20T12:40:13.157+0700] {processor.py:830} INFO - Processing file /home/newrey/airflow/airflow-env/lib/python3.10/site-packages/airflow/example_dags/tutorial.py for tasks to queue
[2024-04-20T12:40:13.159+0700] {logging_mixin.py:188} INFO - [2024-04-20T12:40:13.158+0700] {dagbag.py:540} INFO - Filling up the DagBag from /home/newrey/airflow/airflow-env/lib/python3.10/site-packages/airflow/example_dags/tutorial.py
[2024-04-20T12:40:13.166+0700] {processor.py:840} INFO - DAG(s) 'tutorial' retrieved from /home/newrey/airflow/airflow-env/lib/python3.10/site-packages/airflow/example_dags/tutorial.py
[2024-04-20T12:40:13.183+0700] {logging_mixin.py:188} INFO - [2024-04-20T12:40:13.182+0700] {dag.py:3096} INFO - Sync 1 DAGs
[2024-04-20T12:40:13.204+0700] {logging_mixin.py:188} INFO - [2024-04-20T12:40:13.203+0700] {dag.py:3954} INFO - Setting next_dagrun for tutorial to 2024-04-19 00:00:00+00:00, run_after=2024-04-20 00:00:00+00:00
[2024-04-20T12:40:13.242+0700] {processor.py:183} INFO - Processing /home/newrey/airflow/airflow-env/lib/python3.10/site-packages/airflow/example_dags/tutorial.py took 0.102 seconds
[2024-04-20T12:41:14.221+0700] {processor.py:161} INFO - Started process (PID=19280) to work on /home/newrey/airflow/airflow-env/lib/python3.10/site-packages/airflow/example_dags/tutorial.py
[2024-04-20T12:41:14.230+0700] {processor.py:830} INFO - Processing file /home/newrey/airflow/airflow-env/lib/python3.10/site-packages/airflow/example_dags/tutorial.py for tasks to queue
[2024-04-20T12:41:14.232+0700] {logging_mixin.py:188} INFO - [2024-04-20T12:41:14.231+0700] {dagbag.py:540} INFO - Filling up the DagBag from /home/newrey/airflow/airflow-env/lib/python3.10/site-packages/airflow/example_dags/tutorial.py
[2024-04-20T12:41:14.244+0700] {processor.py:840} INFO - DAG(s) 'tutorial' retrieved from /home/newrey/airflow/airflow-env/lib/python3.10/site-packages/airflow/example_dags/tutorial.py
[2024-04-20T12:41:14.277+0700] {logging_mixin.py:188} INFO - [2024-04-20T12:41:14.276+0700] {dag.py:3096} INFO - Sync 1 DAGs
[2024-04-20T12:41:14.315+0700] {logging_mixin.py:188} INFO - [2024-04-20T12:41:14.315+0700] {dag.py:3954} INFO - Setting next_dagrun for tutorial to 2024-04-19 00:00:00+00:00, run_after=2024-04-20 00:00:00+00:00
[2024-04-20T12:41:14.356+0700] {processor.py:183} INFO - Processing /home/newrey/airflow/airflow-env/lib/python3.10/site-packages/airflow/example_dags/tutorial.py took 0.158 seconds
[2024-04-20T12:42:12.390+0700] {processor.py:161} INFO - Started process (PID=19771) to work on /home/newrey/airflow/airflow-env/lib/python3.10/site-packages/airflow/example_dags/tutorial.py
[2024-04-20T12:42:12.394+0700] {processor.py:830} INFO - Processing file /home/newrey/airflow/airflow-env/lib/python3.10/site-packages/airflow/example_dags/tutorial.py for tasks to queue
[2024-04-20T12:42:12.397+0700] {logging_mixin.py:188} INFO - [2024-04-20T12:42:12.396+0700] {dagbag.py:540} INFO - Filling up the DagBag from /home/newrey/airflow/airflow-env/lib/python3.10/site-packages/airflow/example_dags/tutorial.py
[2024-04-20T12:42:12.412+0700] {processor.py:840} INFO - DAG(s) 'tutorial' retrieved from /home/newrey/airflow/airflow-env/lib/python3.10/site-packages/airflow/example_dags/tutorial.py
[2024-04-20T12:42:12.428+0700] {logging_mixin.py:188} INFO - [2024-04-20T12:42:12.428+0700] {dag.py:3096} INFO - Sync 1 DAGs
[2024-04-20T12:42:12.476+0700] {logging_mixin.py:188} INFO - [2024-04-20T12:42:12.476+0700] {dag.py:3954} INFO - Setting next_dagrun for tutorial to 2024-04-19 00:00:00+00:00, run_after=2024-04-20 00:00:00+00:00
[2024-04-20T12:42:12.526+0700] {processor.py:183} INFO - Processing /home/newrey/airflow/airflow-env/lib/python3.10/site-packages/airflow/example_dags/tutorial.py took 0.157 seconds
[2024-04-20T12:43:19.667+0700] {processor.py:161} INFO - Started process (PID=20274) to work on /home/newrey/airflow/airflow-env/lib/python3.10/site-packages/airflow/example_dags/tutorial.py
[2024-04-20T12:43:19.670+0700] {processor.py:830} INFO - Processing file /home/newrey/airflow/airflow-env/lib/python3.10/site-packages/airflow/example_dags/tutorial.py for tasks to queue
[2024-04-20T12:43:19.673+0700] {logging_mixin.py:188} INFO - [2024-04-20T12:43:19.671+0700] {dagbag.py:540} INFO - Filling up the DagBag from /home/newrey/airflow/airflow-env/lib/python3.10/site-packages/airflow/example_dags/tutorial.py
[2024-04-20T12:43:19.681+0700] {processor.py:840} INFO - DAG(s) 'tutorial' retrieved from /home/newrey/airflow/airflow-env/lib/python3.10/site-packages/airflow/example_dags/tutorial.py
[2024-04-20T12:43:19.704+0700] {logging_mixin.py:188} INFO - [2024-04-20T12:43:19.703+0700] {dag.py:3096} INFO - Sync 1 DAGs
[2024-04-20T12:43:19.734+0700] {logging_mixin.py:188} INFO - [2024-04-20T12:43:19.733+0700] {dag.py:3954} INFO - Setting next_dagrun for tutorial to 2024-04-19 00:00:00+00:00, run_after=2024-04-20 00:00:00+00:00
[2024-04-20T12:43:19.774+0700] {processor.py:183} INFO - Processing /home/newrey/airflow/airflow-env/lib/python3.10/site-packages/airflow/example_dags/tutorial.py took 0.117 seconds
[2024-04-20T12:44:18.137+0700] {processor.py:161} INFO - Started process (PID=20712) to work on /home/newrey/airflow/airflow-env/lib/python3.10/site-packages/airflow/example_dags/tutorial.py
[2024-04-20T12:44:18.141+0700] {processor.py:830} INFO - Processing file /home/newrey/airflow/airflow-env/lib/python3.10/site-packages/airflow/example_dags/tutorial.py for tasks to queue
[2024-04-20T12:44:18.143+0700] {logging_mixin.py:188} INFO - [2024-04-20T12:44:18.142+0700] {dagbag.py:540} INFO - Filling up the DagBag from /home/newrey/airflow/airflow-env/lib/python3.10/site-packages/airflow/example_dags/tutorial.py
[2024-04-20T12:44:18.154+0700] {processor.py:840} INFO - DAG(s) 'tutorial' retrieved from /home/newrey/airflow/airflow-env/lib/python3.10/site-packages/airflow/example_dags/tutorial.py
[2024-04-20T12:44:18.187+0700] {logging_mixin.py:188} INFO - [2024-04-20T12:44:18.187+0700] {dag.py:3096} INFO - Sync 1 DAGs
[2024-04-20T12:44:18.212+0700] {logging_mixin.py:188} INFO - [2024-04-20T12:44:18.212+0700] {dag.py:3954} INFO - Setting next_dagrun for tutorial to 2024-04-19 00:00:00+00:00, run_after=2024-04-20 00:00:00+00:00
[2024-04-20T12:44:18.240+0700] {processor.py:183} INFO - Processing /home/newrey/airflow/airflow-env/lib/python3.10/site-packages/airflow/example_dags/tutorial.py took 0.122 seconds
[2024-04-20T12:45:15.694+0700] {processor.py:161} INFO - Started process (PID=21143) to work on /home/newrey/airflow/airflow-env/lib/python3.10/site-packages/airflow/example_dags/tutorial.py
[2024-04-20T12:45:15.700+0700] {processor.py:830} INFO - Processing file /home/newrey/airflow/airflow-env/lib/python3.10/site-packages/airflow/example_dags/tutorial.py for tasks to queue
[2024-04-20T12:45:15.702+0700] {logging_mixin.py:188} INFO - [2024-04-20T12:45:15.701+0700] {dagbag.py:540} INFO - Filling up the DagBag from /home/newrey/airflow/airflow-env/lib/python3.10/site-packages/airflow/example_dags/tutorial.py
[2024-04-20T12:45:15.713+0700] {processor.py:840} INFO - DAG(s) 'tutorial' retrieved from /home/newrey/airflow/airflow-env/lib/python3.10/site-packages/airflow/example_dags/tutorial.py
[2024-04-20T12:45:15.740+0700] {logging_mixin.py:188} INFO - [2024-04-20T12:45:15.740+0700] {dag.py:3096} INFO - Sync 1 DAGs
[2024-04-20T12:45:15.771+0700] {logging_mixin.py:188} INFO - [2024-04-20T12:45:15.771+0700] {dag.py:3954} INFO - Setting next_dagrun for tutorial to 2024-04-19 00:00:00+00:00, run_after=2024-04-20 00:00:00+00:00
[2024-04-20T12:45:15.810+0700] {processor.py:183} INFO - Processing /home/newrey/airflow/airflow-env/lib/python3.10/site-packages/airflow/example_dags/tutorial.py took 0.136 seconds
[2024-04-20T12:46:14.852+0700] {processor.py:161} INFO - Started process (PID=21585) to work on /home/newrey/airflow/airflow-env/lib/python3.10/site-packages/airflow/example_dags/tutorial.py
[2024-04-20T12:46:14.854+0700] {processor.py:830} INFO - Processing file /home/newrey/airflow/airflow-env/lib/python3.10/site-packages/airflow/example_dags/tutorial.py for tasks to queue
[2024-04-20T12:46:14.857+0700] {logging_mixin.py:188} INFO - [2024-04-20T12:46:14.856+0700] {dagbag.py:540} INFO - Filling up the DagBag from /home/newrey/airflow/airflow-env/lib/python3.10/site-packages/airflow/example_dags/tutorial.py
[2024-04-20T12:46:14.869+0700] {processor.py:840} INFO - DAG(s) 'tutorial' retrieved from /home/newrey/airflow/airflow-env/lib/python3.10/site-packages/airflow/example_dags/tutorial.py
[2024-04-20T12:46:14.903+0700] {logging_mixin.py:188} INFO - [2024-04-20T12:46:14.903+0700] {dag.py:3096} INFO - Sync 1 DAGs
[2024-04-20T12:46:14.955+0700] {logging_mixin.py:188} INFO - [2024-04-20T12:46:14.954+0700] {dag.py:3954} INFO - Setting next_dagrun for tutorial to 2024-04-19 00:00:00+00:00, run_after=2024-04-20 00:00:00+00:00
[2024-04-20T12:46:15.012+0700] {processor.py:183} INFO - Processing /home/newrey/airflow/airflow-env/lib/python3.10/site-packages/airflow/example_dags/tutorial.py took 0.185 seconds
[2024-04-20T12:47:19.126+0700] {processor.py:161} INFO - Started process (PID=22121) to work on /home/newrey/airflow/airflow-env/lib/python3.10/site-packages/airflow/example_dags/tutorial.py
[2024-04-20T12:47:19.128+0700] {processor.py:830} INFO - Processing file /home/newrey/airflow/airflow-env/lib/python3.10/site-packages/airflow/example_dags/tutorial.py for tasks to queue
[2024-04-20T12:47:19.130+0700] {logging_mixin.py:188} INFO - [2024-04-20T12:47:19.129+0700] {dagbag.py:540} INFO - Filling up the DagBag from /home/newrey/airflow/airflow-env/lib/python3.10/site-packages/airflow/example_dags/tutorial.py
[2024-04-20T12:47:19.141+0700] {processor.py:840} INFO - DAG(s) 'tutorial' retrieved from /home/newrey/airflow/airflow-env/lib/python3.10/site-packages/airflow/example_dags/tutorial.py
[2024-04-20T12:47:19.175+0700] {logging_mixin.py:188} INFO - [2024-04-20T12:47:19.174+0700] {dag.py:3096} INFO - Sync 1 DAGs
[2024-04-20T12:47:19.220+0700] {logging_mixin.py:188} INFO - [2024-04-20T12:47:19.220+0700] {dag.py:3954} INFO - Setting next_dagrun for tutorial to 2024-04-19 00:00:00+00:00, run_after=2024-04-20 00:00:00+00:00
[2024-04-20T12:47:19.267+0700] {processor.py:183} INFO - Processing /home/newrey/airflow/airflow-env/lib/python3.10/site-packages/airflow/example_dags/tutorial.py took 0.160 seconds
[2024-04-20T12:48:23.653+0700] {processor.py:161} INFO - Started process (PID=22611) to work on /home/newrey/airflow/airflow-env/lib/python3.10/site-packages/airflow/example_dags/tutorial.py
[2024-04-20T12:48:23.655+0700] {processor.py:830} INFO - Processing file /home/newrey/airflow/airflow-env/lib/python3.10/site-packages/airflow/example_dags/tutorial.py for tasks to queue
[2024-04-20T12:48:23.657+0700] {logging_mixin.py:188} INFO - [2024-04-20T12:48:23.657+0700] {dagbag.py:540} INFO - Filling up the DagBag from /home/newrey/airflow/airflow-env/lib/python3.10/site-packages/airflow/example_dags/tutorial.py
[2024-04-20T12:48:23.667+0700] {processor.py:840} INFO - DAG(s) 'tutorial' retrieved from /home/newrey/airflow/airflow-env/lib/python3.10/site-packages/airflow/example_dags/tutorial.py
[2024-04-20T12:48:23.681+0700] {logging_mixin.py:188} INFO - [2024-04-20T12:48:23.681+0700] {dag.py:3096} INFO - Sync 1 DAGs
[2024-04-20T12:48:23.722+0700] {logging_mixin.py:188} INFO - [2024-04-20T12:48:23.721+0700] {dag.py:3954} INFO - Setting next_dagrun for tutorial to 2024-04-19 00:00:00+00:00, run_after=2024-04-20 00:00:00+00:00
[2024-04-20T12:48:23.758+0700] {processor.py:183} INFO - Processing /home/newrey/airflow/airflow-env/lib/python3.10/site-packages/airflow/example_dags/tutorial.py took 0.123 seconds
