[2024-04-20T12:18:00.436+0700] {processor.py:161} INFO - Started process (PID=4626) to work on /home/newrey/airflow/airflow-env/lib/python3.10/site-packages/airflow/example_dags/tutorial_taskflow_api.py
[2024-04-20T12:18:00.439+0700] {processor.py:830} INFO - Processing file /home/newrey/airflow/airflow-env/lib/python3.10/site-packages/airflow/example_dags/tutorial_taskflow_api.py for tasks to queue
[2024-04-20T12:18:00.452+0700] {logging_mixin.py:188} INFO - [2024-04-20T12:18:00.451+0700] {dagbag.py:540} INFO - Filling up the DagBag from /home/newrey/airflow/airflow-env/lib/python3.10/site-packages/airflow/example_dags/tutorial_taskflow_api.py
[2024-04-20T12:18:00.536+0700] {processor.py:840} INFO - DAG(s) 'tutorial_taskflow_api' retrieved from /home/newrey/airflow/airflow-env/lib/python3.10/site-packages/airflow/example_dags/tutorial_taskflow_api.py
[2024-04-20T12:18:01.422+0700] {logging_mixin.py:188} INFO - [2024-04-20T12:18:01.421+0700] {dag.py:3096} INFO - Sync 1 DAGs
[2024-04-20T12:18:01.505+0700] {logging_mixin.py:188} INFO - [2024-04-20T12:18:01.504+0700] {dag.py:3954} INFO - Setting next_dagrun for tutorial_taskflow_api to None, run_after=None
[2024-04-20T12:18:04.080+0700] {processor.py:183} INFO - Processing /home/newrey/airflow/airflow-env/lib/python3.10/site-packages/airflow/example_dags/tutorial_taskflow_api.py took 3.679 seconds
[2024-04-20T12:20:10.172+0700] {processor.py:161} INFO - Started process (PID=6094) to work on /home/newrey/airflow/airflow-env/lib/python3.10/site-packages/airflow/example_dags/tutorial_taskflow_api.py
[2024-04-20T12:20:10.175+0700] {processor.py:830} INFO - Processing file /home/newrey/airflow/airflow-env/lib/python3.10/site-packages/airflow/example_dags/tutorial_taskflow_api.py for tasks to queue
[2024-04-20T12:20:10.180+0700] {logging_mixin.py:188} INFO - [2024-04-20T12:20:10.179+0700] {dagbag.py:540} INFO - Filling up the DagBag from /home/newrey/airflow/airflow-env/lib/python3.10/site-packages/airflow/example_dags/tutorial_taskflow_api.py
[2024-04-20T12:20:10.194+0700] {processor.py:840} INFO - DAG(s) 'tutorial_taskflow_api' retrieved from /home/newrey/airflow/airflow-env/lib/python3.10/site-packages/airflow/example_dags/tutorial_taskflow_api.py
[2024-04-20T12:20:10.236+0700] {logging_mixin.py:188} INFO - [2024-04-20T12:20:10.235+0700] {dag.py:3096} INFO - Sync 1 DAGs
[2024-04-20T12:20:10.270+0700] {logging_mixin.py:188} INFO - [2024-04-20T12:20:10.269+0700] {dag.py:3954} INFO - Setting next_dagrun for tutorial_taskflow_api to None, run_after=None
[2024-04-20T12:20:10.336+0700] {processor.py:183} INFO - Processing /home/newrey/airflow/airflow-env/lib/python3.10/site-packages/airflow/example_dags/tutorial_taskflow_api.py took 0.176 seconds
[2024-04-20T12:21:09.930+0700] {processor.py:161} INFO - Started process (PID=6511) to work on /home/newrey/airflow/airflow-env/lib/python3.10/site-packages/airflow/example_dags/tutorial_taskflow_api.py
[2024-04-20T12:21:09.936+0700] {processor.py:830} INFO - Processing file /home/newrey/airflow/airflow-env/lib/python3.10/site-packages/airflow/example_dags/tutorial_taskflow_api.py for tasks to queue
[2024-04-20T12:21:09.941+0700] {logging_mixin.py:188} INFO - [2024-04-20T12:21:09.940+0700] {dagbag.py:540} INFO - Filling up the DagBag from /home/newrey/airflow/airflow-env/lib/python3.10/site-packages/airflow/example_dags/tutorial_taskflow_api.py
[2024-04-20T12:21:09.976+0700] {processor.py:840} INFO - DAG(s) 'tutorial_taskflow_api' retrieved from /home/newrey/airflow/airflow-env/lib/python3.10/site-packages/airflow/example_dags/tutorial_taskflow_api.py
[2024-04-20T12:21:10.310+0700] {logging_mixin.py:188} INFO - [2024-04-20T12:21:10.310+0700] {dag.py:3096} INFO - Sync 1 DAGs
[2024-04-20T12:21:10.327+0700] {logging_mixin.py:188} INFO - [2024-04-20T12:21:10.327+0700] {dag.py:3954} INFO - Setting next_dagrun for tutorial_taskflow_api to None, run_after=None
[2024-04-20T12:21:10.368+0700] {processor.py:183} INFO - Processing /home/newrey/airflow/airflow-env/lib/python3.10/site-packages/airflow/example_dags/tutorial_taskflow_api.py took 0.463 seconds
[2024-04-20T12:22:24.748+0700] {processor.py:161} INFO - Started process (PID=7099) to work on /home/newrey/airflow/airflow-env/lib/python3.10/site-packages/airflow/example_dags/tutorial_taskflow_api.py
[2024-04-20T12:22:24.752+0700] {processor.py:830} INFO - Processing file /home/newrey/airflow/airflow-env/lib/python3.10/site-packages/airflow/example_dags/tutorial_taskflow_api.py for tasks to queue
[2024-04-20T12:22:24.755+0700] {logging_mixin.py:188} INFO - [2024-04-20T12:22:24.754+0700] {dagbag.py:540} INFO - Filling up the DagBag from /home/newrey/airflow/airflow-env/lib/python3.10/site-packages/airflow/example_dags/tutorial_taskflow_api.py
[2024-04-20T12:22:24.769+0700] {processor.py:840} INFO - DAG(s) 'tutorial_taskflow_api' retrieved from /home/newrey/airflow/airflow-env/lib/python3.10/site-packages/airflow/example_dags/tutorial_taskflow_api.py
[2024-04-20T12:22:24.803+0700] {logging_mixin.py:188} INFO - [2024-04-20T12:22:24.802+0700] {dag.py:3096} INFO - Sync 1 DAGs
[2024-04-20T12:22:24.834+0700] {logging_mixin.py:188} INFO - [2024-04-20T12:22:24.833+0700] {dag.py:3954} INFO - Setting next_dagrun for tutorial_taskflow_api to None, run_after=None
[2024-04-20T12:22:24.895+0700] {processor.py:183} INFO - Processing /home/newrey/airflow/airflow-env/lib/python3.10/site-packages/airflow/example_dags/tutorial_taskflow_api.py took 0.158 seconds
[2024-04-20T12:23:23.495+0700] {processor.py:161} INFO - Started process (PID=7911) to work on /home/newrey/airflow/airflow-env/lib/python3.10/site-packages/airflow/example_dags/tutorial_taskflow_api.py
[2024-04-20T12:23:23.498+0700] {processor.py:830} INFO - Processing file /home/newrey/airflow/airflow-env/lib/python3.10/site-packages/airflow/example_dags/tutorial_taskflow_api.py for tasks to queue
[2024-04-20T12:23:23.503+0700] {logging_mixin.py:188} INFO - [2024-04-20T12:23:23.502+0700] {dagbag.py:540} INFO - Filling up the DagBag from /home/newrey/airflow/airflow-env/lib/python3.10/site-packages/airflow/example_dags/tutorial_taskflow_api.py
[2024-04-20T12:23:23.522+0700] {processor.py:840} INFO - DAG(s) 'tutorial_taskflow_api' retrieved from /home/newrey/airflow/airflow-env/lib/python3.10/site-packages/airflow/example_dags/tutorial_taskflow_api.py
[2024-04-20T12:23:23.558+0700] {logging_mixin.py:188} INFO - [2024-04-20T12:23:23.558+0700] {dag.py:3096} INFO - Sync 1 DAGs
[2024-04-20T12:23:23.594+0700] {logging_mixin.py:188} INFO - [2024-04-20T12:23:23.593+0700] {dag.py:3954} INFO - Setting next_dagrun for tutorial_taskflow_api to None, run_after=None
[2024-04-20T12:23:23.651+0700] {processor.py:183} INFO - Processing /home/newrey/airflow/airflow-env/lib/python3.10/site-packages/airflow/example_dags/tutorial_taskflow_api.py took 0.176 seconds
[2024-04-20T12:24:24.256+0700] {processor.py:161} INFO - Started process (PID=8564) to work on /home/newrey/airflow/airflow-env/lib/python3.10/site-packages/airflow/example_dags/tutorial_taskflow_api.py
[2024-04-20T12:24:24.261+0700] {processor.py:830} INFO - Processing file /home/newrey/airflow/airflow-env/lib/python3.10/site-packages/airflow/example_dags/tutorial_taskflow_api.py for tasks to queue
[2024-04-20T12:24:24.265+0700] {logging_mixin.py:188} INFO - [2024-04-20T12:24:24.264+0700] {dagbag.py:540} INFO - Filling up the DagBag from /home/newrey/airflow/airflow-env/lib/python3.10/site-packages/airflow/example_dags/tutorial_taskflow_api.py
[2024-04-20T12:24:24.281+0700] {processor.py:840} INFO - DAG(s) 'tutorial_taskflow_api' retrieved from /home/newrey/airflow/airflow-env/lib/python3.10/site-packages/airflow/example_dags/tutorial_taskflow_api.py
[2024-04-20T12:24:24.325+0700] {logging_mixin.py:188} INFO - [2024-04-20T12:24:24.324+0700] {dag.py:3096} INFO - Sync 1 DAGs
[2024-04-20T12:24:24.373+0700] {logging_mixin.py:188} INFO - [2024-04-20T12:24:24.371+0700] {dag.py:3954} INFO - Setting next_dagrun for tutorial_taskflow_api to None, run_after=None
[2024-04-20T12:24:24.441+0700] {processor.py:183} INFO - Processing /home/newrey/airflow/airflow-env/lib/python3.10/site-packages/airflow/example_dags/tutorial_taskflow_api.py took 0.205 seconds
[2024-04-20T12:25:46.998+0700] {processor.py:161} INFO - Started process (PID=9413) to work on /home/newrey/airflow/airflow-env/lib/python3.10/site-packages/airflow/example_dags/tutorial_taskflow_api.py
[2024-04-20T12:25:47.001+0700] {processor.py:830} INFO - Processing file /home/newrey/airflow/airflow-env/lib/python3.10/site-packages/airflow/example_dags/tutorial_taskflow_api.py for tasks to queue
[2024-04-20T12:25:47.004+0700] {logging_mixin.py:188} INFO - [2024-04-20T12:25:47.004+0700] {dagbag.py:540} INFO - Filling up the DagBag from /home/newrey/airflow/airflow-env/lib/python3.10/site-packages/airflow/example_dags/tutorial_taskflow_api.py
[2024-04-20T12:25:47.022+0700] {processor.py:840} INFO - DAG(s) 'tutorial_taskflow_api' retrieved from /home/newrey/airflow/airflow-env/lib/python3.10/site-packages/airflow/example_dags/tutorial_taskflow_api.py
[2024-04-20T12:25:47.058+0700] {logging_mixin.py:188} INFO - [2024-04-20T12:25:47.058+0700] {dag.py:3096} INFO - Sync 1 DAGs
[2024-04-20T12:25:47.092+0700] {logging_mixin.py:188} INFO - [2024-04-20T12:25:47.091+0700] {dag.py:3954} INFO - Setting next_dagrun for tutorial_taskflow_api to None, run_after=None
[2024-04-20T12:25:47.159+0700] {processor.py:183} INFO - Processing /home/newrey/airflow/airflow-env/lib/python3.10/site-packages/airflow/example_dags/tutorial_taskflow_api.py took 0.188 seconds
[2024-04-20T12:26:34.877+0700] {processor.py:161} INFO - Started process (PID=9983) to work on /home/newrey/airflow/airflow-env/lib/python3.10/site-packages/airflow/example_dags/tutorial_taskflow_api.py
[2024-04-20T12:26:34.881+0700] {processor.py:830} INFO - Processing file /home/newrey/airflow/airflow-env/lib/python3.10/site-packages/airflow/example_dags/tutorial_taskflow_api.py for tasks to queue
[2024-04-20T12:26:34.884+0700] {logging_mixin.py:188} INFO - [2024-04-20T12:26:34.883+0700] {dagbag.py:540} INFO - Filling up the DagBag from /home/newrey/airflow/airflow-env/lib/python3.10/site-packages/airflow/example_dags/tutorial_taskflow_api.py
[2024-04-20T12:26:34.898+0700] {processor.py:840} INFO - DAG(s) 'tutorial_taskflow_api' retrieved from /home/newrey/airflow/airflow-env/lib/python3.10/site-packages/airflow/example_dags/tutorial_taskflow_api.py
[2024-04-20T12:26:34.940+0700] {logging_mixin.py:188} INFO - [2024-04-20T12:26:34.939+0700] {dag.py:3096} INFO - Sync 1 DAGs
[2024-04-20T12:26:34.975+0700] {logging_mixin.py:188} INFO - [2024-04-20T12:26:34.974+0700] {dag.py:3954} INFO - Setting next_dagrun for tutorial_taskflow_api to None, run_after=None
[2024-04-20T12:26:35.031+0700] {processor.py:183} INFO - Processing /home/newrey/airflow/airflow-env/lib/python3.10/site-packages/airflow/example_dags/tutorial_taskflow_api.py took 0.173 seconds
[2024-04-20T12:28:01.253+0700] {processor.py:161} INFO - Started process (PID=11015) to work on /home/newrey/airflow/airflow-env/lib/python3.10/site-packages/airflow/example_dags/tutorial_taskflow_api.py
[2024-04-20T12:28:01.257+0700] {processor.py:830} INFO - Processing file /home/newrey/airflow/airflow-env/lib/python3.10/site-packages/airflow/example_dags/tutorial_taskflow_api.py for tasks to queue
[2024-04-20T12:28:01.262+0700] {logging_mixin.py:188} INFO - [2024-04-20T12:28:01.261+0700] {dagbag.py:540} INFO - Filling up the DagBag from /home/newrey/airflow/airflow-env/lib/python3.10/site-packages/airflow/example_dags/tutorial_taskflow_api.py
[2024-04-20T12:28:01.279+0700] {processor.py:840} INFO - DAG(s) 'tutorial_taskflow_api' retrieved from /home/newrey/airflow/airflow-env/lib/python3.10/site-packages/airflow/example_dags/tutorial_taskflow_api.py
[2024-04-20T12:28:01.320+0700] {logging_mixin.py:188} INFO - [2024-04-20T12:28:01.318+0700] {dag.py:3096} INFO - Sync 1 DAGs
[2024-04-20T12:28:01.363+0700] {logging_mixin.py:188} INFO - [2024-04-20T12:28:01.362+0700] {dag.py:3954} INFO - Setting next_dagrun for tutorial_taskflow_api to None, run_after=None
[2024-04-20T12:28:01.414+0700] {processor.py:183} INFO - Processing /home/newrey/airflow/airflow-env/lib/python3.10/site-packages/airflow/example_dags/tutorial_taskflow_api.py took 0.185 seconds
[2024-04-20T12:28:54.720+0700] {processor.py:161} INFO - Started process (PID=11766) to work on /home/newrey/airflow/airflow-env/lib/python3.10/site-packages/airflow/example_dags/tutorial_taskflow_api.py
[2024-04-20T12:28:54.723+0700] {processor.py:830} INFO - Processing file /home/newrey/airflow/airflow-env/lib/python3.10/site-packages/airflow/example_dags/tutorial_taskflow_api.py for tasks to queue
[2024-04-20T12:28:54.728+0700] {logging_mixin.py:188} INFO - [2024-04-20T12:28:54.726+0700] {dagbag.py:540} INFO - Filling up the DagBag from /home/newrey/airflow/airflow-env/lib/python3.10/site-packages/airflow/example_dags/tutorial_taskflow_api.py
[2024-04-20T12:28:54.743+0700] {processor.py:840} INFO - DAG(s) 'tutorial_taskflow_api' retrieved from /home/newrey/airflow/airflow-env/lib/python3.10/site-packages/airflow/example_dags/tutorial_taskflow_api.py
[2024-04-20T12:28:54.777+0700] {logging_mixin.py:188} INFO - [2024-04-20T12:28:54.777+0700] {dag.py:3096} INFO - Sync 1 DAGs
[2024-04-20T12:28:54.809+0700] {logging_mixin.py:188} INFO - [2024-04-20T12:28:54.809+0700] {dag.py:3954} INFO - Setting next_dagrun for tutorial_taskflow_api to None, run_after=None
[2024-04-20T12:28:54.867+0700] {processor.py:183} INFO - Processing /home/newrey/airflow/airflow-env/lib/python3.10/site-packages/airflow/example_dags/tutorial_taskflow_api.py took 0.181 seconds
[2024-04-20T12:29:50.880+0700] {processor.py:161} INFO - Started process (PID=12660) to work on /home/newrey/airflow/airflow-env/lib/python3.10/site-packages/airflow/example_dags/tutorial_taskflow_api.py
[2024-04-20T12:29:50.884+0700] {processor.py:830} INFO - Processing file /home/newrey/airflow/airflow-env/lib/python3.10/site-packages/airflow/example_dags/tutorial_taskflow_api.py for tasks to queue
[2024-04-20T12:29:50.886+0700] {logging_mixin.py:188} INFO - [2024-04-20T12:29:50.885+0700] {dagbag.py:540} INFO - Filling up the DagBag from /home/newrey/airflow/airflow-env/lib/python3.10/site-packages/airflow/example_dags/tutorial_taskflow_api.py
[2024-04-20T12:29:50.898+0700] {processor.py:840} INFO - DAG(s) 'tutorial_taskflow_api' retrieved from /home/newrey/airflow/airflow-env/lib/python3.10/site-packages/airflow/example_dags/tutorial_taskflow_api.py
[2024-04-20T12:29:50.930+0700] {logging_mixin.py:188} INFO - [2024-04-20T12:29:50.929+0700] {dag.py:3096} INFO - Sync 1 DAGs
[2024-04-20T12:29:50.952+0700] {logging_mixin.py:188} INFO - [2024-04-20T12:29:50.951+0700] {dag.py:3954} INFO - Setting next_dagrun for tutorial_taskflow_api to None, run_after=None
[2024-04-20T12:29:51.008+0700] {processor.py:183} INFO - Processing /home/newrey/airflow/airflow-env/lib/python3.10/site-packages/airflow/example_dags/tutorial_taskflow_api.py took 0.148 seconds
[2024-04-20T12:31:16.817+0700] {processor.py:161} INFO - Started process (PID=13810) to work on /home/newrey/airflow/airflow-env/lib/python3.10/site-packages/airflow/example_dags/tutorial_taskflow_api.py
[2024-04-20T12:31:16.822+0700] {processor.py:830} INFO - Processing file /home/newrey/airflow/airflow-env/lib/python3.10/site-packages/airflow/example_dags/tutorial_taskflow_api.py for tasks to queue
[2024-04-20T12:31:16.825+0700] {logging_mixin.py:188} INFO - [2024-04-20T12:31:16.823+0700] {dagbag.py:540} INFO - Filling up the DagBag from /home/newrey/airflow/airflow-env/lib/python3.10/site-packages/airflow/example_dags/tutorial_taskflow_api.py
[2024-04-20T12:31:16.847+0700] {processor.py:840} INFO - DAG(s) 'tutorial_taskflow_api' retrieved from /home/newrey/airflow/airflow-env/lib/python3.10/site-packages/airflow/example_dags/tutorial_taskflow_api.py
[2024-04-20T12:31:16.915+0700] {logging_mixin.py:188} INFO - [2024-04-20T12:31:16.913+0700] {dag.py:3096} INFO - Sync 1 DAGs
[2024-04-20T12:31:16.962+0700] {logging_mixin.py:188} INFO - [2024-04-20T12:31:16.961+0700] {dag.py:3954} INFO - Setting next_dagrun for tutorial_taskflow_api to None, run_after=None
[2024-04-20T12:31:17.069+0700] {processor.py:183} INFO - Processing /home/newrey/airflow/airflow-env/lib/python3.10/site-packages/airflow/example_dags/tutorial_taskflow_api.py took 0.298 seconds
[2024-04-20T12:32:06.215+0700] {processor.py:161} INFO - Started process (PID=14563) to work on /home/newrey/airflow/airflow-env/lib/python3.10/site-packages/airflow/example_dags/tutorial_taskflow_api.py
[2024-04-20T12:32:06.219+0700] {processor.py:830} INFO - Processing file /home/newrey/airflow/airflow-env/lib/python3.10/site-packages/airflow/example_dags/tutorial_taskflow_api.py for tasks to queue
[2024-04-20T12:32:06.221+0700] {logging_mixin.py:188} INFO - [2024-04-20T12:32:06.220+0700] {dagbag.py:540} INFO - Filling up the DagBag from /home/newrey/airflow/airflow-env/lib/python3.10/site-packages/airflow/example_dags/tutorial_taskflow_api.py
[2024-04-20T12:32:06.234+0700] {processor.py:840} INFO - DAG(s) 'tutorial_taskflow_api' retrieved from /home/newrey/airflow/airflow-env/lib/python3.10/site-packages/airflow/example_dags/tutorial_taskflow_api.py
[2024-04-20T12:32:06.283+0700] {logging_mixin.py:188} INFO - [2024-04-20T12:32:06.282+0700] {dag.py:3096} INFO - Sync 1 DAGs
[2024-04-20T12:32:06.316+0700] {logging_mixin.py:188} INFO - [2024-04-20T12:32:06.315+0700] {dag.py:3954} INFO - Setting next_dagrun for tutorial_taskflow_api to None, run_after=None
[2024-04-20T12:32:06.370+0700] {processor.py:183} INFO - Processing /home/newrey/airflow/airflow-env/lib/python3.10/site-packages/airflow/example_dags/tutorial_taskflow_api.py took 0.180 seconds
[2024-04-20T12:33:24.013+0700] {processor.py:161} INFO - Started process (PID=15115) to work on /home/newrey/airflow/airflow-env/lib/python3.10/site-packages/airflow/example_dags/tutorial_taskflow_api.py
[2024-04-20T12:33:24.016+0700] {processor.py:830} INFO - Processing file /home/newrey/airflow/airflow-env/lib/python3.10/site-packages/airflow/example_dags/tutorial_taskflow_api.py for tasks to queue
[2024-04-20T12:33:24.020+0700] {logging_mixin.py:188} INFO - [2024-04-20T12:33:24.018+0700] {dagbag.py:540} INFO - Filling up the DagBag from /home/newrey/airflow/airflow-env/lib/python3.10/site-packages/airflow/example_dags/tutorial_taskflow_api.py
[2024-04-20T12:33:24.032+0700] {processor.py:840} INFO - DAG(s) 'tutorial_taskflow_api' retrieved from /home/newrey/airflow/airflow-env/lib/python3.10/site-packages/airflow/example_dags/tutorial_taskflow_api.py
[2024-04-20T12:33:24.059+0700] {logging_mixin.py:188} INFO - [2024-04-20T12:33:24.058+0700] {dag.py:3096} INFO - Sync 1 DAGs
[2024-04-20T12:33:24.078+0700] {logging_mixin.py:188} INFO - [2024-04-20T12:33:24.078+0700] {dag.py:3954} INFO - Setting next_dagrun for tutorial_taskflow_api to None, run_after=None
[2024-04-20T12:33:24.129+0700] {processor.py:183} INFO - Processing /home/newrey/airflow/airflow-env/lib/python3.10/site-packages/airflow/example_dags/tutorial_taskflow_api.py took 0.139 seconds
[2024-04-20T12:34:58.994+0700] {processor.py:161} INFO - Started process (PID=16247) to work on /home/newrey/airflow/airflow-env/lib/python3.10/site-packages/airflow/example_dags/tutorial_taskflow_api.py
[2024-04-20T12:34:59.006+0700] {processor.py:830} INFO - Processing file /home/newrey/airflow/airflow-env/lib/python3.10/site-packages/airflow/example_dags/tutorial_taskflow_api.py for tasks to queue
[2024-04-20T12:34:59.009+0700] {logging_mixin.py:188} INFO - [2024-04-20T12:34:59.008+0700] {dagbag.py:540} INFO - Filling up the DagBag from /home/newrey/airflow/airflow-env/lib/python3.10/site-packages/airflow/example_dags/tutorial_taskflow_api.py
[2024-04-20T12:34:59.025+0700] {processor.py:840} INFO - DAG(s) 'tutorial_taskflow_api' retrieved from /home/newrey/airflow/airflow-env/lib/python3.10/site-packages/airflow/example_dags/tutorial_taskflow_api.py
[2024-04-20T12:34:59.070+0700] {logging_mixin.py:188} INFO - [2024-04-20T12:34:59.069+0700] {dag.py:3096} INFO - Sync 1 DAGs
[2024-04-20T12:34:59.109+0700] {logging_mixin.py:188} INFO - [2024-04-20T12:34:59.108+0700] {dag.py:3954} INFO - Setting next_dagrun for tutorial_taskflow_api to None, run_after=None
[2024-04-20T12:34:59.233+0700] {processor.py:183} INFO - Processing /home/newrey/airflow/airflow-env/lib/python3.10/site-packages/airflow/example_dags/tutorial_taskflow_api.py took 0.278 seconds
[2024-04-20T12:35:50.263+0700] {processor.py:161} INFO - Started process (PID=16622) to work on /home/newrey/airflow/airflow-env/lib/python3.10/site-packages/airflow/example_dags/tutorial_taskflow_api.py
[2024-04-20T12:35:50.268+0700] {processor.py:830} INFO - Processing file /home/newrey/airflow/airflow-env/lib/python3.10/site-packages/airflow/example_dags/tutorial_taskflow_api.py for tasks to queue
[2024-04-20T12:35:50.271+0700] {logging_mixin.py:188} INFO - [2024-04-20T12:35:50.270+0700] {dagbag.py:540} INFO - Filling up the DagBag from /home/newrey/airflow/airflow-env/lib/python3.10/site-packages/airflow/example_dags/tutorial_taskflow_api.py
[2024-04-20T12:35:50.284+0700] {processor.py:840} INFO - DAG(s) 'tutorial_taskflow_api' retrieved from /home/newrey/airflow/airflow-env/lib/python3.10/site-packages/airflow/example_dags/tutorial_taskflow_api.py
[2024-04-20T12:35:50.315+0700] {logging_mixin.py:188} INFO - [2024-04-20T12:35:50.314+0700] {dag.py:3096} INFO - Sync 1 DAGs
[2024-04-20T12:35:50.336+0700] {logging_mixin.py:188} INFO - [2024-04-20T12:35:50.335+0700] {dag.py:3954} INFO - Setting next_dagrun for tutorial_taskflow_api to None, run_after=None
[2024-04-20T12:35:50.396+0700] {processor.py:183} INFO - Processing /home/newrey/airflow/airflow-env/lib/python3.10/site-packages/airflow/example_dags/tutorial_taskflow_api.py took 0.159 seconds
[2024-04-20T12:37:07.200+0700] {processor.py:161} INFO - Started process (PID=17317) to work on /home/newrey/airflow/airflow-env/lib/python3.10/site-packages/airflow/example_dags/tutorial_taskflow_api.py
[2024-04-20T12:37:07.205+0700] {processor.py:830} INFO - Processing file /home/newrey/airflow/airflow-env/lib/python3.10/site-packages/airflow/example_dags/tutorial_taskflow_api.py for tasks to queue
[2024-04-20T12:37:07.208+0700] {logging_mixin.py:188} INFO - [2024-04-20T12:37:07.206+0700] {dagbag.py:540} INFO - Filling up the DagBag from /home/newrey/airflow/airflow-env/lib/python3.10/site-packages/airflow/example_dags/tutorial_taskflow_api.py
[2024-04-20T12:37:07.232+0700] {processor.py:840} INFO - DAG(s) 'tutorial_taskflow_api' retrieved from /home/newrey/airflow/airflow-env/lib/python3.10/site-packages/airflow/example_dags/tutorial_taskflow_api.py
[2024-04-20T12:37:07.286+0700] {logging_mixin.py:188} INFO - [2024-04-20T12:37:07.285+0700] {dag.py:3096} INFO - Sync 1 DAGs
[2024-04-20T12:37:07.358+0700] {logging_mixin.py:188} INFO - [2024-04-20T12:37:07.357+0700] {dag.py:3954} INFO - Setting next_dagrun for tutorial_taskflow_api to None, run_after=None
[2024-04-20T12:37:07.409+0700] {processor.py:183} INFO - Processing /home/newrey/airflow/airflow-env/lib/python3.10/site-packages/airflow/example_dags/tutorial_taskflow_api.py took 0.223 seconds
[2024-04-20T12:38:25.528+0700] {processor.py:161} INFO - Started process (PID=18026) to work on /home/newrey/airflow/airflow-env/lib/python3.10/site-packages/airflow/example_dags/tutorial_taskflow_api.py
[2024-04-20T12:38:25.536+0700] {processor.py:830} INFO - Processing file /home/newrey/airflow/airflow-env/lib/python3.10/site-packages/airflow/example_dags/tutorial_taskflow_api.py for tasks to queue
[2024-04-20T12:38:25.541+0700] {logging_mixin.py:188} INFO - [2024-04-20T12:38:25.540+0700] {dagbag.py:540} INFO - Filling up the DagBag from /home/newrey/airflow/airflow-env/lib/python3.10/site-packages/airflow/example_dags/tutorial_taskflow_api.py
[2024-04-20T12:38:25.558+0700] {processor.py:840} INFO - DAG(s) 'tutorial_taskflow_api' retrieved from /home/newrey/airflow/airflow-env/lib/python3.10/site-packages/airflow/example_dags/tutorial_taskflow_api.py
[2024-04-20T12:38:25.608+0700] {logging_mixin.py:188} INFO - [2024-04-20T12:38:25.607+0700] {dag.py:3096} INFO - Sync 1 DAGs
[2024-04-20T12:38:25.642+0700] {logging_mixin.py:188} INFO - [2024-04-20T12:38:25.642+0700] {dag.py:3954} INFO - Setting next_dagrun for tutorial_taskflow_api to None, run_after=None
[2024-04-20T12:38:25.749+0700] {processor.py:183} INFO - Processing /home/newrey/airflow/airflow-env/lib/python3.10/site-packages/airflow/example_dags/tutorial_taskflow_api.py took 0.244 seconds
[2024-04-20T12:39:47.086+0700] {processor.py:161} INFO - Started process (PID=18594) to work on /home/newrey/airflow/airflow-env/lib/python3.10/site-packages/airflow/example_dags/tutorial_taskflow_api.py
[2024-04-20T12:39:47.089+0700] {processor.py:830} INFO - Processing file /home/newrey/airflow/airflow-env/lib/python3.10/site-packages/airflow/example_dags/tutorial_taskflow_api.py for tasks to queue
[2024-04-20T12:39:47.091+0700] {logging_mixin.py:188} INFO - [2024-04-20T12:39:47.090+0700] {dagbag.py:540} INFO - Filling up the DagBag from /home/newrey/airflow/airflow-env/lib/python3.10/site-packages/airflow/example_dags/tutorial_taskflow_api.py
[2024-04-20T12:39:47.108+0700] {processor.py:840} INFO - DAG(s) 'tutorial_taskflow_api' retrieved from /home/newrey/airflow/airflow-env/lib/python3.10/site-packages/airflow/example_dags/tutorial_taskflow_api.py
[2024-04-20T12:39:47.144+0700] {logging_mixin.py:188} INFO - [2024-04-20T12:39:47.144+0700] {dag.py:3096} INFO - Sync 1 DAGs
[2024-04-20T12:39:47.172+0700] {logging_mixin.py:188} INFO - [2024-04-20T12:39:47.171+0700] {dag.py:3954} INFO - Setting next_dagrun for tutorial_taskflow_api to None, run_after=None
[2024-04-20T12:39:47.224+0700] {processor.py:183} INFO - Processing /home/newrey/airflow/airflow-env/lib/python3.10/site-packages/airflow/example_dags/tutorial_taskflow_api.py took 0.157 seconds
[2024-04-20T12:40:49.883+0700] {processor.py:161} INFO - Started process (PID=19116) to work on /home/newrey/airflow/airflow-env/lib/python3.10/site-packages/airflow/example_dags/tutorial_taskflow_api.py
[2024-04-20T12:40:49.887+0700] {processor.py:830} INFO - Processing file /home/newrey/airflow/airflow-env/lib/python3.10/site-packages/airflow/example_dags/tutorial_taskflow_api.py for tasks to queue
[2024-04-20T12:40:49.889+0700] {logging_mixin.py:188} INFO - [2024-04-20T12:40:49.888+0700] {dagbag.py:540} INFO - Filling up the DagBag from /home/newrey/airflow/airflow-env/lib/python3.10/site-packages/airflow/example_dags/tutorial_taskflow_api.py
[2024-04-20T12:40:49.907+0700] {processor.py:840} INFO - DAG(s) 'tutorial_taskflow_api' retrieved from /home/newrey/airflow/airflow-env/lib/python3.10/site-packages/airflow/example_dags/tutorial_taskflow_api.py
[2024-04-20T12:40:49.944+0700] {logging_mixin.py:188} INFO - [2024-04-20T12:40:49.944+0700] {dag.py:3096} INFO - Sync 1 DAGs
[2024-04-20T12:40:49.978+0700] {logging_mixin.py:188} INFO - [2024-04-20T12:40:49.977+0700] {dag.py:3954} INFO - Setting next_dagrun for tutorial_taskflow_api to None, run_after=None
[2024-04-20T12:40:50.031+0700] {processor.py:183} INFO - Processing /home/newrey/airflow/airflow-env/lib/python3.10/site-packages/airflow/example_dags/tutorial_taskflow_api.py took 0.167 seconds
[2024-04-20T12:41:52.554+0700] {processor.py:161} INFO - Started process (PID=19589) to work on /home/newrey/airflow/airflow-env/lib/python3.10/site-packages/airflow/example_dags/tutorial_taskflow_api.py
[2024-04-20T12:41:52.557+0700] {processor.py:830} INFO - Processing file /home/newrey/airflow/airflow-env/lib/python3.10/site-packages/airflow/example_dags/tutorial_taskflow_api.py for tasks to queue
[2024-04-20T12:41:52.559+0700] {logging_mixin.py:188} INFO - [2024-04-20T12:41:52.558+0700] {dagbag.py:540} INFO - Filling up the DagBag from /home/newrey/airflow/airflow-env/lib/python3.10/site-packages/airflow/example_dags/tutorial_taskflow_api.py
[2024-04-20T12:41:52.571+0700] {processor.py:840} INFO - DAG(s) 'tutorial_taskflow_api' retrieved from /home/newrey/airflow/airflow-env/lib/python3.10/site-packages/airflow/example_dags/tutorial_taskflow_api.py
[2024-04-20T12:41:52.601+0700] {logging_mixin.py:188} INFO - [2024-04-20T12:41:52.600+0700] {dag.py:3096} INFO - Sync 1 DAGs
[2024-04-20T12:41:52.625+0700] {logging_mixin.py:188} INFO - [2024-04-20T12:41:52.625+0700] {dag.py:3954} INFO - Setting next_dagrun for tutorial_taskflow_api to None, run_after=None
[2024-04-20T12:41:52.659+0700] {processor.py:183} INFO - Processing /home/newrey/airflow/airflow-env/lib/python3.10/site-packages/airflow/example_dags/tutorial_taskflow_api.py took 0.124 seconds
[2024-04-20T12:42:51.176+0700] {processor.py:161} INFO - Started process (PID=20091) to work on /home/newrey/airflow/airflow-env/lib/python3.10/site-packages/airflow/example_dags/tutorial_taskflow_api.py
[2024-04-20T12:42:51.179+0700] {processor.py:830} INFO - Processing file /home/newrey/airflow/airflow-env/lib/python3.10/site-packages/airflow/example_dags/tutorial_taskflow_api.py for tasks to queue
[2024-04-20T12:42:51.181+0700] {logging_mixin.py:188} INFO - [2024-04-20T12:42:51.180+0700] {dagbag.py:540} INFO - Filling up the DagBag from /home/newrey/airflow/airflow-env/lib/python3.10/site-packages/airflow/example_dags/tutorial_taskflow_api.py
[2024-04-20T12:42:51.193+0700] {processor.py:840} INFO - DAG(s) 'tutorial_taskflow_api' retrieved from /home/newrey/airflow/airflow-env/lib/python3.10/site-packages/airflow/example_dags/tutorial_taskflow_api.py
[2024-04-20T12:42:51.224+0700] {logging_mixin.py:188} INFO - [2024-04-20T12:42:51.224+0700] {dag.py:3096} INFO - Sync 1 DAGs
[2024-04-20T12:42:51.240+0700] {logging_mixin.py:188} INFO - [2024-04-20T12:42:51.240+0700] {dag.py:3954} INFO - Setting next_dagrun for tutorial_taskflow_api to None, run_after=None
[2024-04-20T12:42:51.271+0700] {processor.py:183} INFO - Processing /home/newrey/airflow/airflow-env/lib/python3.10/site-packages/airflow/example_dags/tutorial_taskflow_api.py took 0.116 seconds
[2024-04-20T12:43:55.369+0700] {processor.py:161} INFO - Started process (PID=20554) to work on /home/newrey/airflow/airflow-env/lib/python3.10/site-packages/airflow/example_dags/tutorial_taskflow_api.py
[2024-04-20T12:43:55.373+0700] {processor.py:830} INFO - Processing file /home/newrey/airflow/airflow-env/lib/python3.10/site-packages/airflow/example_dags/tutorial_taskflow_api.py for tasks to queue
[2024-04-20T12:43:55.375+0700] {logging_mixin.py:188} INFO - [2024-04-20T12:43:55.375+0700] {dagbag.py:540} INFO - Filling up the DagBag from /home/newrey/airflow/airflow-env/lib/python3.10/site-packages/airflow/example_dags/tutorial_taskflow_api.py
[2024-04-20T12:43:55.391+0700] {processor.py:840} INFO - DAG(s) 'tutorial_taskflow_api' retrieved from /home/newrey/airflow/airflow-env/lib/python3.10/site-packages/airflow/example_dags/tutorial_taskflow_api.py
[2024-04-20T12:43:55.434+0700] {logging_mixin.py:188} INFO - [2024-04-20T12:43:55.433+0700] {dag.py:3096} INFO - Sync 1 DAGs
[2024-04-20T12:43:55.470+0700] {logging_mixin.py:188} INFO - [2024-04-20T12:43:55.469+0700] {dag.py:3954} INFO - Setting next_dagrun for tutorial_taskflow_api to None, run_after=None
[2024-04-20T12:43:55.520+0700] {processor.py:183} INFO - Processing /home/newrey/airflow/airflow-env/lib/python3.10/site-packages/airflow/example_dags/tutorial_taskflow_api.py took 0.172 seconds
[2024-04-20T12:44:52.282+0700] {processor.py:161} INFO - Started process (PID=20984) to work on /home/newrey/airflow/airflow-env/lib/python3.10/site-packages/airflow/example_dags/tutorial_taskflow_api.py
[2024-04-20T12:44:52.284+0700] {processor.py:830} INFO - Processing file /home/newrey/airflow/airflow-env/lib/python3.10/site-packages/airflow/example_dags/tutorial_taskflow_api.py for tasks to queue
[2024-04-20T12:44:52.286+0700] {logging_mixin.py:188} INFO - [2024-04-20T12:44:52.285+0700] {dagbag.py:540} INFO - Filling up the DagBag from /home/newrey/airflow/airflow-env/lib/python3.10/site-packages/airflow/example_dags/tutorial_taskflow_api.py
[2024-04-20T12:44:52.298+0700] {processor.py:840} INFO - DAG(s) 'tutorial_taskflow_api' retrieved from /home/newrey/airflow/airflow-env/lib/python3.10/site-packages/airflow/example_dags/tutorial_taskflow_api.py
[2024-04-20T12:44:52.330+0700] {logging_mixin.py:188} INFO - [2024-04-20T12:44:52.330+0700] {dag.py:3096} INFO - Sync 1 DAGs
[2024-04-20T12:44:52.360+0700] {logging_mixin.py:188} INFO - [2024-04-20T12:44:52.359+0700] {dag.py:3954} INFO - Setting next_dagrun for tutorial_taskflow_api to None, run_after=None
[2024-04-20T12:44:52.408+0700] {processor.py:183} INFO - Processing /home/newrey/airflow/airflow-env/lib/python3.10/site-packages/airflow/example_dags/tutorial_taskflow_api.py took 0.150 seconds
[2024-04-20T12:45:54.944+0700] {processor.py:161} INFO - Started process (PID=21462) to work on /home/newrey/airflow/airflow-env/lib/python3.10/site-packages/airflow/example_dags/tutorial_taskflow_api.py
[2024-04-20T12:45:54.947+0700] {processor.py:830} INFO - Processing file /home/newrey/airflow/airflow-env/lib/python3.10/site-packages/airflow/example_dags/tutorial_taskflow_api.py for tasks to queue
[2024-04-20T12:45:54.950+0700] {logging_mixin.py:188} INFO - [2024-04-20T12:45:54.949+0700] {dagbag.py:540} INFO - Filling up the DagBag from /home/newrey/airflow/airflow-env/lib/python3.10/site-packages/airflow/example_dags/tutorial_taskflow_api.py
[2024-04-20T12:45:54.962+0700] {processor.py:840} INFO - DAG(s) 'tutorial_taskflow_api' retrieved from /home/newrey/airflow/airflow-env/lib/python3.10/site-packages/airflow/example_dags/tutorial_taskflow_api.py
[2024-04-20T12:45:54.995+0700] {logging_mixin.py:188} INFO - [2024-04-20T12:45:54.994+0700] {dag.py:3096} INFO - Sync 1 DAGs
[2024-04-20T12:45:55.024+0700] {logging_mixin.py:188} INFO - [2024-04-20T12:45:55.023+0700] {dag.py:3954} INFO - Setting next_dagrun for tutorial_taskflow_api to None, run_after=None
[2024-04-20T12:45:55.082+0700] {processor.py:183} INFO - Processing /home/newrey/airflow/airflow-env/lib/python3.10/site-packages/airflow/example_dags/tutorial_taskflow_api.py took 0.157 seconds
[2024-04-20T12:46:54.061+0700] {processor.py:161} INFO - Started process (PID=21962) to work on /home/newrey/airflow/airflow-env/lib/python3.10/site-packages/airflow/example_dags/tutorial_taskflow_api.py
[2024-04-20T12:46:54.065+0700] {processor.py:830} INFO - Processing file /home/newrey/airflow/airflow-env/lib/python3.10/site-packages/airflow/example_dags/tutorial_taskflow_api.py for tasks to queue
[2024-04-20T12:46:54.067+0700] {logging_mixin.py:188} INFO - [2024-04-20T12:46:54.066+0700] {dagbag.py:540} INFO - Filling up the DagBag from /home/newrey/airflow/airflow-env/lib/python3.10/site-packages/airflow/example_dags/tutorial_taskflow_api.py
[2024-04-20T12:46:54.082+0700] {processor.py:840} INFO - DAG(s) 'tutorial_taskflow_api' retrieved from /home/newrey/airflow/airflow-env/lib/python3.10/site-packages/airflow/example_dags/tutorial_taskflow_api.py
[2024-04-20T12:46:54.100+0700] {logging_mixin.py:188} INFO - [2024-04-20T12:46:54.100+0700] {dag.py:3096} INFO - Sync 1 DAGs
[2024-04-20T12:46:54.113+0700] {logging_mixin.py:188} INFO - [2024-04-20T12:46:54.113+0700] {dag.py:3954} INFO - Setting next_dagrun for tutorial_taskflow_api to None, run_after=None
[2024-04-20T12:46:54.138+0700] {processor.py:183} INFO - Processing /home/newrey/airflow/airflow-env/lib/python3.10/site-packages/airflow/example_dags/tutorial_taskflow_api.py took 0.096 seconds
[2024-04-20T12:47:56.754+0700] {processor.py:161} INFO - Started process (PID=22427) to work on /home/newrey/airflow/airflow-env/lib/python3.10/site-packages/airflow/example_dags/tutorial_taskflow_api.py
[2024-04-20T12:47:56.756+0700] {processor.py:830} INFO - Processing file /home/newrey/airflow/airflow-env/lib/python3.10/site-packages/airflow/example_dags/tutorial_taskflow_api.py for tasks to queue
[2024-04-20T12:47:56.758+0700] {logging_mixin.py:188} INFO - [2024-04-20T12:47:56.757+0700] {dagbag.py:540} INFO - Filling up the DagBag from /home/newrey/airflow/airflow-env/lib/python3.10/site-packages/airflow/example_dags/tutorial_taskflow_api.py
[2024-04-20T12:47:56.769+0700] {processor.py:840} INFO - DAG(s) 'tutorial_taskflow_api' retrieved from /home/newrey/airflow/airflow-env/lib/python3.10/site-packages/airflow/example_dags/tutorial_taskflow_api.py
[2024-04-20T12:47:56.786+0700] {logging_mixin.py:188} INFO - [2024-04-20T12:47:56.786+0700] {dag.py:3096} INFO - Sync 1 DAGs
[2024-04-20T12:47:56.798+0700] {logging_mixin.py:188} INFO - [2024-04-20T12:47:56.798+0700] {dag.py:3954} INFO - Setting next_dagrun for tutorial_taskflow_api to None, run_after=None
[2024-04-20T12:47:56.837+0700] {processor.py:183} INFO - Processing /home/newrey/airflow/airflow-env/lib/python3.10/site-packages/airflow/example_dags/tutorial_taskflow_api.py took 0.105 seconds
[2024-04-20T12:49:03.068+0700] {processor.py:161} INFO - Started process (PID=22934) to work on /home/newrey/airflow/airflow-env/lib/python3.10/site-packages/airflow/example_dags/tutorial_taskflow_api.py
[2024-04-20T12:49:03.070+0700] {processor.py:830} INFO - Processing file /home/newrey/airflow/airflow-env/lib/python3.10/site-packages/airflow/example_dags/tutorial_taskflow_api.py for tasks to queue
[2024-04-20T12:49:03.072+0700] {logging_mixin.py:188} INFO - [2024-04-20T12:49:03.071+0700] {dagbag.py:540} INFO - Filling up the DagBag from /home/newrey/airflow/airflow-env/lib/python3.10/site-packages/airflow/example_dags/tutorial_taskflow_api.py
[2024-04-20T12:49:03.080+0700] {processor.py:840} INFO - DAG(s) 'tutorial_taskflow_api' retrieved from /home/newrey/airflow/airflow-env/lib/python3.10/site-packages/airflow/example_dags/tutorial_taskflow_api.py
[2024-04-20T12:49:03.104+0700] {logging_mixin.py:188} INFO - [2024-04-20T12:49:03.104+0700] {dag.py:3096} INFO - Sync 1 DAGs
[2024-04-20T12:49:03.122+0700] {logging_mixin.py:188} INFO - [2024-04-20T12:49:03.122+0700] {dag.py:3954} INFO - Setting next_dagrun for tutorial_taskflow_api to None, run_after=None
[2024-04-20T12:49:03.160+0700] {processor.py:183} INFO - Processing /home/newrey/airflow/airflow-env/lib/python3.10/site-packages/airflow/example_dags/tutorial_taskflow_api.py took 0.102 seconds
