[2024-04-09T15:19:25.581+0000] {local_task_job_runner.py:120} INFO - ::group::Pre task execution logs
[2024-04-09T15:19:25.692+0000] {taskinstance.py:2073} INFO - Dependencies all met for dep_context=non-requeueable deps ti=<TaskInstance: fakestore_dag.write_to_csv manual__2024-04-09T14:24:03.038081+00:00 [queued]>
[2024-04-09T15:19:25.750+0000] {taskinstance.py:2073} INFO - Dependencies all met for dep_context=requeueable deps ti=<TaskInstance: fakestore_dag.write_to_csv manual__2024-04-09T14:24:03.038081+00:00 [queued]>
[2024-04-09T15:19:25.757+0000] {taskinstance.py:2303} INFO - Starting attempt 5 of 8
[2024-04-09T15:19:25.880+0000] {taskinstance.py:2327} INFO - Executing <Task(PythonOperator): write_to_csv> on 2024-04-09 14:24:03.038081+00:00
[2024-04-09T15:19:25.933+0000] {warnings.py:110} WARNING - /home/***/.local/lib/python3.12/site-packages/***/task/task_runner/standard_task_runner.py:61: DeprecationWarning: This process (pid=3030) is multi-threaded, use of fork() may lead to deadlocks in the child.
  pid = os.fork()

[2024-04-09T15:19:25.938+0000] {standard_task_runner.py:63} INFO - Started process 3036 to run task
[2024-04-09T15:19:25.946+0000] {standard_task_runner.py:90} INFO - Running: ['***', 'tasks', 'run', 'fakestore_dag', 'write_to_csv', 'manual__2024-04-09T14:24:03.038081+00:00', '--job-id', '179', '--raw', '--subdir', 'DAGS_FOLDER/get_write_data_from_api.py', '--cfg-path', '/tmp/tmpgf5yiox6']
[2024-04-09T15:19:25.950+0000] {standard_task_runner.py:91} INFO - Job 179: Subtask write_to_csv
[2024-04-09T15:19:26.144+0000] {task_command.py:426} INFO - Running <TaskInstance: fakestore_dag.write_to_csv manual__2024-04-09T14:24:03.038081+00:00 [running]> on host a05b73ef9a4b
[2024-04-09T15:19:26.428+0000] {taskinstance.py:2644} INFO - Exporting env vars: AIRFLOW_CTX_DAG_OWNER='***' AIRFLOW_CTX_DAG_ID='fakestore_dag' AIRFLOW_CTX_TASK_ID='write_to_csv' AIRFLOW_CTX_EXECUTION_DATE='2024-04-09T14:24:03.038081+00:00' AIRFLOW_CTX_TRY_NUMBER='5' AIRFLOW_CTX_DAG_RUN_ID='manual__2024-04-09T14:24:03.038081+00:00'
[2024-04-09T15:19:26.430+0000] {taskinstance.py:430} INFO - ::endgroup::
[2024-04-09T15:19:26.462+0000] {get_write_data_from_api.py:47} INFO - Data written to CSV file: 15_Workflow-Orchestration-with-Apache-Airflow/Praktikum/Prioritas-2/data.csv
[2024-04-09T15:19:26.463+0000] {python.py:237} INFO - Done. Returned value was: None
[2024-04-09T15:19:26.463+0000] {taskinstance.py:441} INFO - ::group::Post task execution logs
[2024-04-09T15:19:26.480+0000] {taskinstance.py:1205} INFO - Marking task as SUCCESS. dag_id=fakestore_dag, task_id=write_to_csv, execution_date=20240409T142403, start_date=20240409T151925, end_date=20240409T151926
[2024-04-09T15:19:26.557+0000] {local_task_job_runner.py:240} INFO - Task exited with return code 0
[2024-04-09T15:19:26.609+0000] {taskinstance.py:3482} INFO - 0 downstream tasks scheduled from follow-on schedule check
[2024-04-09T15:19:26.612+0000] {local_task_job_runner.py:222} INFO - ::endgroup::
