[2024-04-09T18:45:53.197+0000] {local_task_job_runner.py:120} INFO - ::group::Pre task execution logs
[2024-04-09T18:45:53.432+0000] {taskinstance.py:2073} INFO - Dependencies all met for dep_context=non-requeueable deps ti=<TaskInstance: fruits_dag.insert_fruit_data scheduled__2023-03-18T00:00:00+00:00 [queued]>
[2024-04-09T18:45:53.485+0000] {taskinstance.py:2073} INFO - Dependencies all met for dep_context=requeueable deps ti=<TaskInstance: fruits_dag.insert_fruit_data scheduled__2023-03-18T00:00:00+00:00 [queued]>
[2024-04-09T18:45:53.490+0000] {taskinstance.py:2303} INFO - Starting attempt 1 of 2
[2024-04-09T18:45:53.711+0000] {taskinstance.py:2327} INFO - Executing <Task(PythonOperator): insert_fruit_data> on 2023-03-18 00:00:00+00:00
[2024-04-09T18:45:53.796+0000] {warnings.py:110} WARNING - /home/***/.local/lib/python3.12/site-packages/***/task/task_runner/standard_task_runner.py:61: DeprecationWarning: This process (pid=2407) is multi-threaded, use of fork() may lead to deadlocks in the child.
  pid = os.fork()

[2024-04-09T18:45:53.798+0000] {standard_task_runner.py:63} INFO - Started process 2426 to run task
[2024-04-09T18:45:53.839+0000] {standard_task_runner.py:90} INFO - Running: ['***', 'tasks', 'run', 'fruits_dag', 'insert_fruit_data', 'scheduled__2023-03-18T00:00:00+00:00', '--job-id', '242', '--raw', '--subdir', 'DAGS_FOLDER/fruit_table_dag.py', '--cfg-path', '/tmp/tmp5rlbz8n8']
[2024-04-09T18:45:53.894+0000] {standard_task_runner.py:91} INFO - Job 242: Subtask insert_fruit_data
[2024-04-09T18:45:54.682+0000] {task_command.py:426} INFO - Running <TaskInstance: fruits_dag.insert_fruit_data scheduled__2023-03-18T00:00:00+00:00 [running]> on host fd38698150f5
[2024-04-09T18:45:55.457+0000] {taskinstance.py:2644} INFO - Exporting env vars: AIRFLOW_CTX_DAG_OWNER='***' AIRFLOW_CTX_DAG_ID='fruits_dag' AIRFLOW_CTX_TASK_ID='insert_fruit_data' AIRFLOW_CTX_EXECUTION_DATE='2023-03-18T00:00:00+00:00' AIRFLOW_CTX_TRY_NUMBER='1' AIRFLOW_CTX_DAG_RUN_ID='scheduled__2023-03-18T00:00:00+00:00'
[2024-04-09T18:45:55.465+0000] {taskinstance.py:430} INFO - ::endgroup::
[2024-04-09T18:45:55.519+0000] {taskinstance.py:441} INFO - ::group::Post task execution logs
[2024-04-09T18:45:55.521+0000] {taskinstance.py:2890} ERROR - Task failed with exception
Traceback (most recent call last):
  File "/home/airflow/.local/lib/python3.12/site-packages/airflow/models/taskinstance.py", line 465, in _execute_task
    result = _execute_callable(context=context, **execute_callable_kwargs)
             ^^^^^^^^^^^^^^^^^^^^^^^^^^^^^^^^^^^^^^^^^^^^^^^^^^^^^^^^^^^^^
  File "/home/airflow/.local/lib/python3.12/site-packages/airflow/models/taskinstance.py", line 432, in _execute_callable
    return execute_callable(context=context, **execute_callable_kwargs)
           ^^^^^^^^^^^^^^^^^^^^^^^^^^^^^^^^^^^^^^^^^^^^^^^^^^^^^^^^^^^^
  File "/home/airflow/.local/lib/python3.12/site-packages/airflow/models/baseoperator.py", line 400, in wrapper
    return func(self, *args, **kwargs)
           ^^^^^^^^^^^^^^^^^^^^^^^^^^^
  File "/home/airflow/.local/lib/python3.12/site-packages/airflow/operators/python.py", line 235, in execute
    return_value = self.execute_callable()
                   ^^^^^^^^^^^^^^^^^^^^^^^
  File "/home/airflow/.local/lib/python3.12/site-packages/airflow/operators/python.py", line 252, in execute_callable
    return self.python_callable(*self.op_args, **self.op_kwargs)
           ^^^^^^^^^^^^^^^^^^^^^^^^^^^^^^^^^^^^^^^^^^^^^^^^^^^^^
  File "/opt/airflow/dags/fruit_table_dag.py", line 12, in insert_fruit_data_into_db
    conn = Variable.get('eskplorasi_postgres')
           ^^^^^^^^^^^^^^^^^^^^^^^^^^^^^^^^^^^
  File "/home/airflow/.local/lib/python3.12/site-packages/airflow/models/variable.py", line 143, in get
    raise KeyError(f"Variable {key} does not exist")
KeyError: 'Variable eskplorasi_postgres does not exist'
[2024-04-09T18:45:55.604+0000] {taskinstance.py:1205} INFO - Marking task as UP_FOR_RETRY. dag_id=fruits_dag, task_id=insert_fruit_data, execution_date=20230318T000000, start_date=20240409T184553, end_date=20240409T184555
[2024-04-09T18:45:55.815+0000] {standard_task_runner.py:110} ERROR - Failed to execute job 242 for task insert_fruit_data ('Variable eskplorasi_postgres does not exist'; 2426)
[2024-04-09T18:45:55.876+0000] {local_task_job_runner.py:240} INFO - Task exited with return code 1
[2024-04-09T18:45:56.054+0000] {taskinstance.py:3482} INFO - 0 downstream tasks scheduled from follow-on schedule check
[2024-04-09T18:45:56.068+0000] {local_task_job_runner.py:222} INFO - ::endgroup::
[2024-04-09T19:57:02.725+0000] {local_task_job_runner.py:120} INFO - ::group::Pre task execution logs
[2024-04-09T19:57:03.131+0000] {taskinstance.py:2073} INFO - Dependencies all met for dep_context=non-requeueable deps ti=<TaskInstance: fruits_dag.insert_fruit_data scheduled__2023-03-18T00:00:00+00:00 [queued]>
[2024-04-09T19:57:03.252+0000] {taskinstance.py:2073} INFO - Dependencies all met for dep_context=requeueable deps ti=<TaskInstance: fruits_dag.insert_fruit_data scheduled__2023-03-18T00:00:00+00:00 [queued]>
[2024-04-09T19:57:03.267+0000] {taskinstance.py:2303} INFO - Starting attempt 1 of 2
[2024-04-09T19:57:03.361+0000] {taskinstance.py:2327} INFO - Executing <Task(PythonOperator): insert_fruit_data> on 2023-03-18 00:00:00+00:00
[2024-04-09T19:57:03.450+0000] {warnings.py:110} WARNING - /home/***/.local/lib/python3.12/site-packages/***/task/task_runner/standard_task_runner.py:61: DeprecationWarning: This process (pid=416) is multi-threaded, use of fork() may lead to deadlocks in the child.
  pid = os.fork()

[2024-04-09T19:57:03.460+0000] {standard_task_runner.py:63} INFO - Started process 422 to run task
[2024-04-09T19:57:03.436+0000] {standard_task_runner.py:90} INFO - Running: ['***', 'tasks', 'run', 'fruits_dag', 'insert_fruit_data', 'scheduled__2023-03-18T00:00:00+00:00', '--job-id', '467', '--raw', '--subdir', 'DAGS_FOLDER/fruit_table_dag.py', '--cfg-path', '/tmp/tmp3h3oiifp']
[2024-04-09T19:57:03.465+0000] {standard_task_runner.py:91} INFO - Job 467: Subtask insert_fruit_data
[2024-04-09T19:57:03.783+0000] {task_command.py:426} INFO - Running <TaskInstance: fruits_dag.insert_fruit_data scheduled__2023-03-18T00:00:00+00:00 [running]> on host a89a4f7de6ef
[2024-04-09T19:57:04.158+0000] {taskinstance.py:2644} INFO - Exporting env vars: AIRFLOW_CTX_DAG_OWNER='***' AIRFLOW_CTX_DAG_ID='fruits_dag' AIRFLOW_CTX_TASK_ID='insert_fruit_data' AIRFLOW_CTX_EXECUTION_DATE='2023-03-18T00:00:00+00:00' AIRFLOW_CTX_TRY_NUMBER='1' AIRFLOW_CTX_DAG_RUN_ID='scheduled__2023-03-18T00:00:00+00:00'
[2024-04-09T19:57:04.161+0000] {taskinstance.py:430} INFO - ::endgroup::
[2024-04-09T19:57:04.227+0000] {base.py:84} INFO - Using connection ID 'eksplorasi_postgres' for task execution.
[2024-04-09T19:57:04.417+0000] {python.py:237} INFO - Done. Returned value was: None
[2024-04-09T19:57:04.421+0000] {taskinstance.py:441} INFO - ::group::Post task execution logs
[2024-04-09T19:57:04.462+0000] {taskinstance.py:1205} INFO - Marking task as SUCCESS. dag_id=fruits_dag, task_id=insert_fruit_data, execution_date=20230318T000000, start_date=20240409T195703, end_date=20240409T195704
[2024-04-09T19:57:04.626+0000] {local_task_job_runner.py:240} INFO - Task exited with return code 0
[2024-04-09T19:57:05.362+0000] {taskinstance.py:3482} INFO - 0 downstream tasks scheduled from follow-on schedule check
[2024-04-09T19:57:05.463+0000] {local_task_job_runner.py:222} INFO - ::endgroup::
