[2024-04-09T18:50:48.924+0000] {local_task_job_runner.py:120} INFO - ::group::Pre task execution logs
[2024-04-09T18:50:49.017+0000] {taskinstance.py:2073} INFO - Dependencies all met for dep_context=non-requeueable deps ti=<TaskInstance: fruits_dag.insert_fruit_data scheduled__2023-03-19T00:00:00+00:00 [queued]>
[2024-04-09T18:50:49.047+0000] {taskinstance.py:2073} INFO - Dependencies all met for dep_context=requeueable deps ti=<TaskInstance: fruits_dag.insert_fruit_data scheduled__2023-03-19T00:00:00+00:00 [queued]>
[2024-04-09T18:50:49.048+0000] {taskinstance.py:2303} INFO - Starting attempt 2 of 2
[2024-04-09T18:50:49.085+0000] {taskinstance.py:2327} INFO - Executing <Task(PythonOperator): insert_fruit_data> on 2023-03-19 00:00:00+00:00
[2024-04-09T18:50:49.099+0000] {warnings.py:110} WARNING - /home/***/.local/lib/python3.12/site-packages/***/task/task_runner/standard_task_runner.py:61: DeprecationWarning: This process (pid=2527) is multi-threaded, use of fork() may lead to deadlocks in the child.
  pid = os.fork()

[2024-04-09T18:50:49.105+0000] {standard_task_runner.py:63} INFO - Started process 2532 to run task
[2024-04-09T18:50:49.113+0000] {standard_task_runner.py:90} INFO - Running: ['***', 'tasks', 'run', 'fruits_dag', 'insert_fruit_data', 'scheduled__2023-03-19T00:00:00+00:00', '--job-id', '260', '--raw', '--subdir', 'DAGS_FOLDER/fruit_table_dag.py', '--cfg-path', '/tmp/tmpqbl73tcc']
[2024-04-09T18:50:49.117+0000] {standard_task_runner.py:91} INFO - Job 260: Subtask insert_fruit_data
[2024-04-09T18:50:49.279+0000] {task_command.py:426} INFO - Running <TaskInstance: fruits_dag.insert_fruit_data scheduled__2023-03-19T00:00:00+00:00 [running]> on host fd38698150f5
[2024-04-09T18:50:49.589+0000] {taskinstance.py:2644} INFO - Exporting env vars: AIRFLOW_CTX_DAG_OWNER='***' AIRFLOW_CTX_DAG_ID='fruits_dag' AIRFLOW_CTX_TASK_ID='insert_fruit_data' AIRFLOW_CTX_EXECUTION_DATE='2023-03-19T00:00:00+00:00' AIRFLOW_CTX_TRY_NUMBER='2' AIRFLOW_CTX_DAG_RUN_ID='scheduled__2023-03-19T00:00:00+00:00'
[2024-04-09T18:50:49.592+0000] {taskinstance.py:430} INFO - ::endgroup::
[2024-04-09T18:50:49.621+0000] {taskinstance.py:441} INFO - ::group::Post task execution logs
[2024-04-09T18:50:49.624+0000] {taskinstance.py:2890} ERROR - Task failed with exception
Traceback (most recent call last):
  File "/home/airflow/.local/lib/python3.12/site-packages/airflow/models/taskinstance.py", line 465, in _execute_task
    result = _execute_callable(context=context, **execute_callable_kwargs)
             ^^^^^^^^^^^^^^^^^^^^^^^^^^^^^^^^^^^^^^^^^^^^^^^^^^^^^^^^^^^^^
  File "/home/airflow/.local/lib/python3.12/site-packages/airflow/models/taskinstance.py", line 432, in _execute_callable
    return execute_callable(context=context, **execute_callable_kwargs)
           ^^^^^^^^^^^^^^^^^^^^^^^^^^^^^^^^^^^^^^^^^^^^^^^^^^^^^^^^^^^^
  File "/home/airflow/.local/lib/python3.12/site-packages/airflow/models/baseoperator.py", line 400, in wrapper
    return func(self, *args, **kwargs)
           ^^^^^^^^^^^^^^^^^^^^^^^^^^^
  File "/home/airflow/.local/lib/python3.12/site-packages/airflow/operators/python.py", line 235, in execute
    return_value = self.execute_callable()
                   ^^^^^^^^^^^^^^^^^^^^^^^
  File "/home/airflow/.local/lib/python3.12/site-packages/airflow/operators/python.py", line 252, in execute_callable
    return self.python_callable(*self.op_args, **self.op_kwargs)
           ^^^^^^^^^^^^^^^^^^^^^^^^^^^^^^^^^^^^^^^^^^^^^^^^^^^^^
  File "/opt/airflow/dags/fruit_table_dag.py", line 12, in insert_fruit_data_into_db
    conn = Variable.get('eskplorasi_postgres')
           ^^^^^^^^^^^^^^^^^^^^^^^^^^^^^^^^^^^
  File "/home/airflow/.local/lib/python3.12/site-packages/airflow/models/variable.py", line 143, in get
    raise KeyError(f"Variable {key} does not exist")
KeyError: 'Variable eskplorasi_postgres does not exist'
[2024-04-09T18:50:49.647+0000] {taskinstance.py:1205} INFO - Marking task as FAILED. dag_id=fruits_dag, task_id=insert_fruit_data, execution_date=20230319T000000, start_date=20240409T185049, end_date=20240409T185049
[2024-04-09T18:50:49.671+0000] {standard_task_runner.py:110} ERROR - Failed to execute job 260 for task insert_fruit_data ('Variable eskplorasi_postgres does not exist'; 2532)
[2024-04-09T18:50:49.699+0000] {local_task_job_runner.py:240} INFO - Task exited with return code 1
[2024-04-09T18:50:49.727+0000] {taskinstance.py:3482} INFO - 0 downstream tasks scheduled from follow-on schedule check
[2024-04-09T18:50:49.735+0000] {local_task_job_runner.py:222} INFO - ::endgroup::
