[2024-04-09T18:44:48.266+0000] {local_task_job_runner.py:120} INFO - ::group::Pre task execution logs
[2024-04-09T18:44:48.571+0000] {taskinstance.py:2073} INFO - Dependencies all met for dep_context=non-requeueable deps ti=<TaskInstance: fruits_dag.insert_fruit_data scheduled__2023-03-01T00:00:00+00:00 [queued]>
[2024-04-09T18:44:48.686+0000] {taskinstance.py:2073} INFO - Dependencies all met for dep_context=requeueable deps ti=<TaskInstance: fruits_dag.insert_fruit_data scheduled__2023-03-01T00:00:00+00:00 [queued]>
[2024-04-09T18:44:48.703+0000] {taskinstance.py:2303} INFO - Starting attempt 1 of 2
[2024-04-09T18:44:49.208+0000] {taskinstance.py:2327} INFO - Executing <Task(PythonOperator): insert_fruit_data> on 2023-03-01 00:00:00+00:00
[2024-04-09T18:44:49.277+0000] {warnings.py:110} WARNING - /home/***/.local/lib/python3.12/site-packages/***/task/task_runner/standard_task_runner.py:61: DeprecationWarning: This process (pid=2346) is multi-threaded, use of fork() may lead to deadlocks in the child.
  pid = os.fork()

[2024-04-09T18:44:49.286+0000] {standard_task_runner.py:63} INFO - Started process 2373 to run task
[2024-04-09T18:44:49.307+0000] {standard_task_runner.py:90} INFO - Running: ['***', 'tasks', 'run', 'fruits_dag', 'insert_fruit_data', 'scheduled__2023-03-01T00:00:00+00:00', '--job-id', '226', '--raw', '--subdir', 'DAGS_FOLDER/fruit_table_dag.py', '--cfg-path', '/tmp/tmpm22gxpw_']
[2024-04-09T18:44:49.318+0000] {standard_task_runner.py:91} INFO - Job 226: Subtask insert_fruit_data
[2024-04-09T18:44:49.863+0000] {task_command.py:426} INFO - Running <TaskInstance: fruits_dag.insert_fruit_data scheduled__2023-03-01T00:00:00+00:00 [running]> on host fd38698150f5
[2024-04-09T18:44:51.609+0000] {taskinstance.py:2644} INFO - Exporting env vars: AIRFLOW_CTX_DAG_OWNER='***' AIRFLOW_CTX_DAG_ID='fruits_dag' AIRFLOW_CTX_TASK_ID='insert_fruit_data' AIRFLOW_CTX_EXECUTION_DATE='2023-03-01T00:00:00+00:00' AIRFLOW_CTX_TRY_NUMBER='1' AIRFLOW_CTX_DAG_RUN_ID='scheduled__2023-03-01T00:00:00+00:00'
[2024-04-09T18:44:51.653+0000] {taskinstance.py:430} INFO - ::endgroup::
[2024-04-09T18:44:51.834+0000] {taskinstance.py:441} INFO - ::group::Post task execution logs
[2024-04-09T18:44:51.842+0000] {taskinstance.py:2890} ERROR - Task failed with exception
Traceback (most recent call last):
  File "/home/airflow/.local/lib/python3.12/site-packages/airflow/models/taskinstance.py", line 465, in _execute_task
    result = _execute_callable(context=context, **execute_callable_kwargs)
             ^^^^^^^^^^^^^^^^^^^^^^^^^^^^^^^^^^^^^^^^^^^^^^^^^^^^^^^^^^^^^
  File "/home/airflow/.local/lib/python3.12/site-packages/airflow/models/taskinstance.py", line 432, in _execute_callable
    return execute_callable(context=context, **execute_callable_kwargs)
           ^^^^^^^^^^^^^^^^^^^^^^^^^^^^^^^^^^^^^^^^^^^^^^^^^^^^^^^^^^^^
  File "/home/airflow/.local/lib/python3.12/site-packages/airflow/models/baseoperator.py", line 400, in wrapper
    return func(self, *args, **kwargs)
           ^^^^^^^^^^^^^^^^^^^^^^^^^^^
  File "/home/airflow/.local/lib/python3.12/site-packages/airflow/operators/python.py", line 235, in execute
    return_value = self.execute_callable()
                   ^^^^^^^^^^^^^^^^^^^^^^^
  File "/home/airflow/.local/lib/python3.12/site-packages/airflow/operators/python.py", line 252, in execute_callable
    return self.python_callable(*self.op_args, **self.op_kwargs)
           ^^^^^^^^^^^^^^^^^^^^^^^^^^^^^^^^^^^^^^^^^^^^^^^^^^^^^
  File "/opt/airflow/dags/fruit_table_dag.py", line 12, in insert_fruit_data_into_db
    conn = Variable.get('eskplorasi_postgres')
           ^^^^^^^^^^^^^^^^^^^^^^^^^^^^^^^^^^^
  File "/home/airflow/.local/lib/python3.12/site-packages/airflow/models/variable.py", line 143, in get
    raise KeyError(f"Variable {key} does not exist")
KeyError: 'Variable eskplorasi_postgres does not exist'
[2024-04-09T18:44:52.107+0000] {taskinstance.py:1205} INFO - Marking task as UP_FOR_RETRY. dag_id=fruits_dag, task_id=insert_fruit_data, execution_date=20230301T000000, start_date=20240409T184448, end_date=20240409T184452
[2024-04-09T18:44:52.317+0000] {standard_task_runner.py:110} ERROR - Failed to execute job 226 for task insert_fruit_data ('Variable eskplorasi_postgres does not exist'; 2373)
[2024-04-09T18:44:52.473+0000] {local_task_job_runner.py:240} INFO - Task exited with return code 1
[2024-04-09T18:44:52.704+0000] {taskinstance.py:3482} INFO - 0 downstream tasks scheduled from follow-on schedule check
[2024-04-09T18:44:52.761+0000] {local_task_job_runner.py:222} INFO - ::endgroup::
[2024-04-09T20:02:45.964+0000] {local_task_job_runner.py:120} INFO - ::group::Pre task execution logs
[2024-04-09T20:02:46.459+0000] {taskinstance.py:2073} INFO - Dependencies all met for dep_context=non-requeueable deps ti=<TaskInstance: fruits_dag.insert_fruit_data scheduled__2023-03-01T00:00:00+00:00 [queued]>
[2024-04-09T20:02:46.539+0000] {taskinstance.py:2073} INFO - Dependencies all met for dep_context=requeueable deps ti=<TaskInstance: fruits_dag.insert_fruit_data scheduled__2023-03-01T00:00:00+00:00 [queued]>
[2024-04-09T20:02:46.541+0000] {taskinstance.py:2303} INFO - Starting attempt 1 of 2
[2024-04-09T20:02:46.834+0000] {taskinstance.py:2327} INFO - Executing <Task(PythonOperator): insert_fruit_data> on 2023-03-01 00:00:00+00:00
[2024-04-09T20:02:46.941+0000] {warnings.py:110} WARNING - /home/***/.local/lib/python3.12/site-packages/***/task/task_runner/standard_task_runner.py:61: DeprecationWarning: This process (pid=585) is multi-threaded, use of fork() may lead to deadlocks in the child.
  pid = os.fork()

[2024-04-09T20:02:46.992+0000] {standard_task_runner.py:63} INFO - Started process 615 to run task
[2024-04-09T20:02:46.958+0000] {standard_task_runner.py:90} INFO - Running: ['***', 'tasks', 'run', 'fruits_dag', 'insert_fruit_data', 'scheduled__2023-03-01T00:00:00+00:00', '--job-id', '506', '--raw', '--subdir', 'DAGS_FOLDER/fruit_table_dag.py', '--cfg-path', '/tmp/tmpys1s2w16']
[2024-04-09T20:02:47.056+0000] {standard_task_runner.py:91} INFO - Job 506: Subtask insert_fruit_data
[2024-04-09T20:02:47.871+0000] {task_command.py:426} INFO - Running <TaskInstance: fruits_dag.insert_fruit_data scheduled__2023-03-01T00:00:00+00:00 [running]> on host a89a4f7de6ef
[2024-04-09T20:02:49.064+0000] {taskinstance.py:2644} INFO - Exporting env vars: AIRFLOW_CTX_DAG_OWNER='***' AIRFLOW_CTX_DAG_ID='fruits_dag' AIRFLOW_CTX_TASK_ID='insert_fruit_data' AIRFLOW_CTX_EXECUTION_DATE='2023-03-01T00:00:00+00:00' AIRFLOW_CTX_TRY_NUMBER='1' AIRFLOW_CTX_DAG_RUN_ID='scheduled__2023-03-01T00:00:00+00:00'
[2024-04-09T20:02:49.099+0000] {taskinstance.py:430} INFO - ::endgroup::
[2024-04-09T20:02:49.288+0000] {base.py:84} INFO - Using connection ID 'eksplorasi_postgres' for task execution.
[2024-04-09T20:02:49.483+0000] {python.py:237} INFO - Done. Returned value was: None
[2024-04-09T20:02:49.487+0000] {taskinstance.py:441} INFO - ::group::Post task execution logs
[2024-04-09T20:02:49.585+0000] {taskinstance.py:1205} INFO - Marking task as SUCCESS. dag_id=fruits_dag, task_id=insert_fruit_data, execution_date=20230301T000000, start_date=20240409T200246, end_date=20240409T200249
[2024-04-09T20:02:49.769+0000] {local_task_job_runner.py:240} INFO - Task exited with return code 0
[2024-04-09T20:02:50.282+0000] {taskinstance.py:3482} INFO - 0 downstream tasks scheduled from follow-on schedule check
[2024-04-09T20:02:50.379+0000] {local_task_job_runner.py:222} INFO - ::endgroup::
