[2024-04-29T15:39:21.873+0700] {local_task_job_runner.py:120} INFO - ::group::Pre task execution logs
[2024-04-29T15:39:21.916+0700] {taskinstance.py:2073} INFO - Dependencies all met for dep_context=non-requeueable deps ti=<TaskInstance: DAG_Code-Competance-2.execute_load_to_warehouse manual__2024-04-29T08:30:05.304457+00:00 [queued]>
[2024-04-29T15:39:21.928+0700] {taskinstance.py:2073} INFO - Dependencies all met for dep_context=requeueable deps ti=<TaskInstance: DAG_Code-Competance-2.execute_load_to_warehouse manual__2024-04-29T08:30:05.304457+00:00 [queued]>
[2024-04-29T15:39:21.929+0700] {taskinstance.py:2303} INFO - Starting attempt 4 of 5
[2024-04-29T15:39:21.961+0700] {taskinstance.py:2327} INFO - Executing <Task(PythonOperator): execute_load_to_warehouse> on 2024-04-29 08:30:05.304457+00:00
[2024-04-29T15:39:21.967+0700] {standard_task_runner.py:63} INFO - Started process 129180 to run task
[2024-04-29T15:39:21.971+0700] {standard_task_runner.py:90} INFO - Running: ['airflow', 'tasks', 'run', 'DAG_Code-Competance-2', 'execute_load_to_warehouse', 'manual__2024-04-29T08:30:05.304457+00:00', '--job-id', '83', '--raw', '--subdir', 'DAGS_FOLDER/DAG_ETL_Code-Competance-2.py', '--cfg-path', '/tmp/tmp5jl61hjd']
[2024-04-29T15:39:21.972+0700] {standard_task_runner.py:91} INFO - Job 83: Subtask execute_load_to_warehouse
[2024-04-29T15:39:22.012+0700] {task_command.py:426} INFO - Running <TaskInstance: DAG_Code-Competance-2.execute_load_to_warehouse manual__2024-04-29T08:30:05.304457+00:00 [running]> on host LAPTOP-984VLCTV.
[2024-04-29T15:39:22.082+0700] {taskinstance.py:2644} INFO - Exporting env vars: AIRFLOW_CTX_DAG_OWNER='nuri' AIRFLOW_CTX_DAG_ID='DAG_Code-Competance-2' AIRFLOW_CTX_TASK_ID='execute_load_to_warehouse' AIRFLOW_CTX_EXECUTION_DATE='2024-04-29T08:30:05.304457+00:00' AIRFLOW_CTX_TRY_NUMBER='4' AIRFLOW_CTX_DAG_RUN_ID='manual__2024-04-29T08:30:05.304457+00:00'
[2024-04-29T15:39:22.083+0700] {taskinstance.py:430} INFO - ::endgroup::
[2024-04-29T15:39:22.184+0700] {logging_mixin.py:188} WARNING - 2024-04-29 15:39:22,183 - INFO - Data berhasil dimuat dari events.parquet
[2024-04-29T15:39:22.183+0700] {data_transformation.py:37} INFO - Data berhasil dimuat dari events.parquet
[2024-04-29T15:39:22.189+0700] {logging_mixin.py:188} WARNING - 2024-04-29 15:39:22,189 - INFO - Data berhasil dimuat dari customers.parquet
[2024-04-29T15:39:22.189+0700] {data_transformation.py:37} INFO - Data berhasil dimuat dari customers.parquet
[2024-04-29T15:39:22.193+0700] {logging_mixin.py:188} WARNING - 2024-04-29 15:39:22,193 - INFO - Data berhasil dimuat dari tickets.parquet
[2024-04-29T15:39:22.193+0700] {data_transformation.py:37} INFO - Data berhasil dimuat dari tickets.parquet
[2024-04-29T15:39:22.197+0700] {logging_mixin.py:188} WARNING - 2024-04-29 15:39:22,197 - INFO - Data berhasil dimuat dari transactions.parquet
[2024-04-29T15:39:22.197+0700] {data_transformation.py:37} INFO - Data berhasil dimuat dari transactions.parquet
[2024-04-29T15:39:22.201+0700] {logging_mixin.py:188} WARNING - 2024-04-29 15:39:22,201 - INFO - Data berhasil dimuat dari customer_feedback.parquet
[2024-04-29T15:39:22.201+0700] {data_transformation.py:37} INFO - Data berhasil dimuat dari customer_feedback.parquet
[2024-04-29T15:39:22.214+0700] {logging_mixin.py:188} WARNING - 2024-04-29 15:39:22,214 - INFO - Berhasil Menghitung Rata-rata rating per-Acara
[2024-04-29T15:39:22.214+0700] {data_transformation.py:60} INFO - Berhasil Menghitung Rata-rata rating per-Acara
[2024-04-29T15:39:22.221+0700] {logging_mixin.py:188} WARNING - 2024-04-29 15:39:22,221 - INFO - Berikut adalah Rata-rata Rating per-Acara: 
   feedback_id  rating
0            1     5.0
1            2     4.0
2            3     3.0
3            4     5.0
4            5     4.0
5            6     3.0
6            7     2.0
7            8     5.0
8            9     4.0
9           10     3.0
[2024-04-29T15:39:22.221+0700] {data_transformation.py:61} INFO - Berikut adalah Rata-rata Rating per-Acara: 
   feedback_id  rating
0            1     5.0
1            2     4.0
2            3     3.0
3            4     5.0
4            5     4.0
5            6     3.0
6            7     2.0
7            8     5.0
8            9     4.0
9           10     3.0
[2024-04-29T15:39:22.222+0700] {taskinstance.py:441} INFO - ::group::Post task execution logs
[2024-04-29T15:39:22.222+0700] {taskinstance.py:2890} ERROR - Task failed with exception
Traceback (most recent call last):
  File "/home/newrey/airflow/airflow-env/lib/python3.10/site-packages/airflow/models/taskinstance.py", line 465, in _execute_task
    result = _execute_callable(context=context, **execute_callable_kwargs)
  File "/home/newrey/airflow/airflow-env/lib/python3.10/site-packages/airflow/models/taskinstance.py", line 432, in _execute_callable
    return execute_callable(context=context, **execute_callable_kwargs)
  File "/home/newrey/airflow/airflow-env/lib/python3.10/site-packages/airflow/models/baseoperator.py", line 400, in wrapper
    return func(self, *args, **kwargs)
  File "/home/newrey/airflow/airflow-env/lib/python3.10/site-packages/airflow/operators/python.py", line 235, in execute
    return_value = self.execute_callable()
  File "/home/newrey/airflow/airflow-env/lib/python3.10/site-packages/airflow/operators/python.py", line 252, in execute_callable
    return self.python_callable(*self.op_args, **self.op_kwargs)
  File "/home/newrey/airflow/dags/DAG_ETL_Code-Competance-2.py", line 52, in execute_load_to_warehouse
    loader.save_to_warehouse(tickets_sold, 'tickets_sold_per_event')
NameError: name 'loader' is not defined
[2024-04-29T15:39:22.226+0700] {taskinstance.py:1205} INFO - Marking task as UP_FOR_RETRY. dag_id=DAG_Code-Competance-2, task_id=execute_load_to_warehouse, execution_date=20240429T083005, start_date=20240429T083921, end_date=20240429T083922
[2024-04-29T15:39:22.241+0700] {standard_task_runner.py:110} ERROR - Failed to execute job 83 for task execute_load_to_warehouse (name 'loader' is not defined; 129180)
[2024-04-29T15:39:22.264+0700] {local_task_job_runner.py:240} INFO - Task exited with return code 1
[2024-04-29T15:39:22.277+0700] {taskinstance.py:3482} INFO - 0 downstream tasks scheduled from follow-on schedule check
[2024-04-29T15:39:22.278+0700] {local_task_job_runner.py:222} INFO - ::endgroup::
