[2024-04-09T14:42:25.694+0000] {local_task_job_runner.py:120} INFO - ::group::Pre task execution logs
[2024-04-09T14:42:25.855+0000] {taskinstance.py:2073} INFO - Dependencies all met for dep_context=non-requeueable deps ti=<TaskInstance: fakestore_dag.write_to_txt manual__2024-04-09T14:42:11.249851+00:00 [queued]>
[2024-04-09T14:42:25.909+0000] {taskinstance.py:2073} INFO - Dependencies all met for dep_context=requeueable deps ti=<TaskInstance: fakestore_dag.write_to_txt manual__2024-04-09T14:42:11.249851+00:00 [queued]>
[2024-04-09T14:42:25.915+0000] {taskinstance.py:2303} INFO - Starting attempt 1 of 4
[2024-04-09T14:42:26.025+0000] {taskinstance.py:2327} INFO - Executing <Task(PythonOperator): write_to_txt> on 2024-04-09 14:42:11.249851+00:00
[2024-04-09T14:42:26.064+0000] {warnings.py:110} WARNING - /home/***/.local/lib/python3.12/site-packages/***/task/task_runner/standard_task_runner.py:61: DeprecationWarning: This process (pid=2461) is multi-threaded, use of fork() may lead to deadlocks in the child.
  pid = os.fork()

[2024-04-09T14:42:26.068+0000] {standard_task_runner.py:63} INFO - Started process 2466 to run task
[2024-04-09T14:42:26.082+0000] {standard_task_runner.py:90} INFO - Running: ['***', 'tasks', 'run', 'fakestore_dag', 'write_to_txt', 'manual__2024-04-09T14:42:11.249851+00:00', '--job-id', '132', '--raw', '--subdir', 'DAGS_FOLDER/get_write_data_from_api.py', '--cfg-path', '/tmp/tmptolhv2q4']
[2024-04-09T14:42:26.085+0000] {standard_task_runner.py:91} INFO - Job 132: Subtask write_to_txt
[2024-04-09T14:42:26.388+0000] {task_command.py:426} INFO - Running <TaskInstance: fakestore_dag.write_to_txt manual__2024-04-09T14:42:11.249851+00:00 [running]> on host a05b73ef9a4b
[2024-04-09T14:42:26.689+0000] {taskinstance.py:2644} INFO - Exporting env vars: AIRFLOW_CTX_DAG_OWNER='***' AIRFLOW_CTX_DAG_ID='fakestore_dag' AIRFLOW_CTX_TASK_ID='write_to_txt' AIRFLOW_CTX_EXECUTION_DATE='2024-04-09T14:42:11.249851+00:00' AIRFLOW_CTX_TRY_NUMBER='1' AIRFLOW_CTX_DAG_RUN_ID='manual__2024-04-09T14:42:11.249851+00:00'
[2024-04-09T14:42:26.693+0000] {taskinstance.py:430} INFO - ::endgroup::
[2024-04-09T14:42:26.734+0000] {get_write_data_from_api.py:61} INFO - Data written to TXT file: D:\/Nuri/MSIB-ALTERRA/Data-Engineer_nuri-hidayatuloh/15_Workflow-Orchestration-with-Apache-Airflow/Praktikum/Prioritas-2/data.txt
[2024-04-09T14:42:26.735+0000] {python.py:237} INFO - Done. Returned value was: None
[2024-04-09T14:42:26.736+0000] {taskinstance.py:441} INFO - ::group::Post task execution logs
[2024-04-09T14:42:26.771+0000] {taskinstance.py:1205} INFO - Marking task as SUCCESS. dag_id=fakestore_dag, task_id=write_to_txt, execution_date=20240409T144211, start_date=20240409T144225, end_date=20240409T144226
[2024-04-09T14:42:26.915+0000] {local_task_job_runner.py:240} INFO - Task exited with return code 0
[2024-04-09T14:42:27.122+0000] {taskinstance.py:3482} INFO - 0 downstream tasks scheduled from follow-on schedule check
[2024-04-09T14:42:27.133+0000] {local_task_job_runner.py:222} INFO - ::endgroup::
