[2024-04-09T20:07:37.129+0000] {local_task_job_runner.py:120} INFO - ::group::Pre task execution logs
[2024-04-09T20:07:37.531+0000] {taskinstance.py:2073} INFO - Dependencies all met for dep_context=non-requeueable deps ti=<TaskInstance: fruits_dag.insert_fruit_data scheduled__2023-03-28T00:00:00+00:00 [queued]>
[2024-04-09T20:07:37.759+0000] {taskinstance.py:2073} INFO - Dependencies all met for dep_context=requeueable deps ti=<TaskInstance: fruits_dag.insert_fruit_data scheduled__2023-03-28T00:00:00+00:00 [queued]>
[2024-04-09T20:07:37.763+0000] {taskinstance.py:2303} INFO - Starting attempt 2 of 2
[2024-04-09T20:07:38.541+0000] {taskinstance.py:2327} INFO - Executing <Task(PythonOperator): insert_fruit_data> on 2023-03-28 00:00:00+00:00
[2024-04-09T20:07:38.582+0000] {warnings.py:110} WARNING - /home/***/.local/lib/python3.12/site-packages/***/task/task_runner/standard_task_runner.py:61: DeprecationWarning: This process (pid=773) is multi-threaded, use of fork() may lead to deadlocks in the child.
  pid = os.fork()

[2024-04-09T20:07:38.584+0000] {standard_task_runner.py:63} INFO - Started process 806 to run task
[2024-04-09T20:07:38.610+0000] {standard_task_runner.py:90} INFO - Running: ['***', 'tasks', 'run', 'fruits_dag', 'insert_fruit_data', 'scheduled__2023-03-28T00:00:00+00:00', '--job-id', '556', '--raw', '--subdir', 'DAGS_FOLDER/fruit_table_dag.py', '--cfg-path', '/tmp/tmpfdazck8p']
[2024-04-09T20:07:38.630+0000] {standard_task_runner.py:91} INFO - Job 556: Subtask insert_fruit_data
[2024-04-09T20:07:38.931+0000] {task_command.py:426} INFO - Running <TaskInstance: fruits_dag.insert_fruit_data scheduled__2023-03-28T00:00:00+00:00 [running]> on host a89a4f7de6ef
[2024-04-09T20:07:40.544+0000] {taskinstance.py:2644} INFO - Exporting env vars: AIRFLOW_CTX_DAG_OWNER='***' AIRFLOW_CTX_DAG_ID='fruits_dag' AIRFLOW_CTX_TASK_ID='insert_fruit_data' AIRFLOW_CTX_EXECUTION_DATE='2023-03-28T00:00:00+00:00' AIRFLOW_CTX_TRY_NUMBER='2' AIRFLOW_CTX_DAG_RUN_ID='scheduled__2023-03-28T00:00:00+00:00'
[2024-04-09T20:07:40.546+0000] {taskinstance.py:430} INFO - ::endgroup::
[2024-04-09T20:07:40.714+0000] {base.py:84} INFO - Using connection ID 'eksplorasi_postgres' for task execution.
[2024-04-09T20:07:40.800+0000] {python.py:237} INFO - Done. Returned value was: None
[2024-04-09T20:07:40.815+0000] {taskinstance.py:441} INFO - ::group::Post task execution logs
[2024-04-09T20:07:40.857+0000] {taskinstance.py:1205} INFO - Marking task as SUCCESS. dag_id=fruits_dag, task_id=insert_fruit_data, execution_date=20230328T000000, start_date=20240409T200737, end_date=20240409T200740
[2024-04-09T20:07:40.995+0000] {local_task_job_runner.py:240} INFO - Task exited with return code 0
[2024-04-09T20:07:41.084+0000] {taskinstance.py:3482} INFO - 0 downstream tasks scheduled from follow-on schedule check
[2024-04-09T20:07:41.090+0000] {local_task_job_runner.py:222} INFO - ::endgroup::
