[2024-04-09T18:55:22.279+0000] {local_task_job_runner.py:120} INFO - ::group::Pre task execution logs
[2024-04-09T18:55:22.542+0000] {taskinstance.py:2073} INFO - Dependencies all met for dep_context=non-requeueable deps ti=<TaskInstance: fruits_dag.insert_fruit_data scheduled__2023-03-06T00:00:00+00:00 [queued]>
[2024-04-09T18:55:22.721+0000] {taskinstance.py:2073} INFO - Dependencies all met for dep_context=requeueable deps ti=<TaskInstance: fruits_dag.insert_fruit_data scheduled__2023-03-06T00:00:00+00:00 [queued]>
[2024-04-09T18:55:22.724+0000] {taskinstance.py:2303} INFO - Starting attempt 2 of 2
[2024-04-09T18:55:22.808+0000] {taskinstance.py:2327} INFO - Executing <Task(PythonOperator): insert_fruit_data> on 2023-03-06 00:00:00+00:00
[2024-04-09T18:55:22.824+0000] {warnings.py:110} WARNING - /home/***/.local/lib/python3.12/site-packages/***/task/task_runner/standard_task_runner.py:61: DeprecationWarning: This process (pid=2622) is multi-threaded, use of fork() may lead to deadlocks in the child.
  pid = os.fork()

[2024-04-09T18:55:22.828+0000] {standard_task_runner.py:63} INFO - Started process 2632 to run task
[2024-04-09T18:55:22.838+0000] {standard_task_runner.py:90} INFO - Running: ['***', 'tasks', 'run', 'fruits_dag', 'insert_fruit_data', 'scheduled__2023-03-06T00:00:00+00:00', '--job-id', '275', '--raw', '--subdir', 'DAGS_FOLDER/fruit_table_dag.py', '--cfg-path', '/tmp/tmpchv9p5x0']
[2024-04-09T18:55:22.851+0000] {standard_task_runner.py:91} INFO - Job 275: Subtask insert_fruit_data
[2024-04-09T18:55:23.076+0000] {task_command.py:426} INFO - Running <TaskInstance: fruits_dag.insert_fruit_data scheduled__2023-03-06T00:00:00+00:00 [running]> on host fd38698150f5
[2024-04-09T18:55:23.724+0000] {taskinstance.py:2644} INFO - Exporting env vars: AIRFLOW_CTX_DAG_OWNER='***' AIRFLOW_CTX_DAG_ID='fruits_dag' AIRFLOW_CTX_TASK_ID='insert_fruit_data' AIRFLOW_CTX_EXECUTION_DATE='2023-03-06T00:00:00+00:00' AIRFLOW_CTX_TRY_NUMBER='2' AIRFLOW_CTX_DAG_RUN_ID='scheduled__2023-03-06T00:00:00+00:00'
[2024-04-09T18:55:23.727+0000] {taskinstance.py:430} INFO - ::endgroup::
[2024-04-09T18:55:23.763+0000] {taskinstance.py:441} INFO - ::group::Post task execution logs
[2024-04-09T18:55:23.766+0000] {taskinstance.py:2890} ERROR - Task failed with exception
Traceback (most recent call last):
  File "/home/airflow/.local/lib/python3.12/site-packages/airflow/models/taskinstance.py", line 465, in _execute_task
    result = _execute_callable(context=context, **execute_callable_kwargs)
             ^^^^^^^^^^^^^^^^^^^^^^^^^^^^^^^^^^^^^^^^^^^^^^^^^^^^^^^^^^^^^
  File "/home/airflow/.local/lib/python3.12/site-packages/airflow/models/taskinstance.py", line 432, in _execute_callable
    return execute_callable(context=context, **execute_callable_kwargs)
           ^^^^^^^^^^^^^^^^^^^^^^^^^^^^^^^^^^^^^^^^^^^^^^^^^^^^^^^^^^^^
  File "/home/airflow/.local/lib/python3.12/site-packages/airflow/models/baseoperator.py", line 400, in wrapper
    return func(self, *args, **kwargs)
           ^^^^^^^^^^^^^^^^^^^^^^^^^^^
  File "/home/airflow/.local/lib/python3.12/site-packages/airflow/operators/python.py", line 235, in execute
    return_value = self.execute_callable()
                   ^^^^^^^^^^^^^^^^^^^^^^^
  File "/home/airflow/.local/lib/python3.12/site-packages/airflow/operators/python.py", line 252, in execute_callable
    return self.python_callable(*self.op_args, **self.op_kwargs)
           ^^^^^^^^^^^^^^^^^^^^^^^^^^^^^^^^^^^^^^^^^^^^^^^^^^^^^
  File "/opt/airflow/dags/fruit_table_dag.py", line 12, in insert_fruit_data_into_db
    conn = Variable.get('eskplorasi_postgres')
           ^^^^^^^^^^^^^^^^^^^^^^^^^^^^^^^^^^^
  File "/home/airflow/.local/lib/python3.12/site-packages/airflow/models/variable.py", line 143, in get
    raise KeyError(f"Variable {key} does not exist")
KeyError: 'Variable eskplorasi_postgres does not exist'
[2024-04-09T18:55:23.812+0000] {taskinstance.py:1205} INFO - Marking task as FAILED. dag_id=fruits_dag, task_id=insert_fruit_data, execution_date=20230306T000000, start_date=20240409T185522, end_date=20240409T185523
[2024-04-09T18:55:23.904+0000] {standard_task_runner.py:110} ERROR - Failed to execute job 275 for task insert_fruit_data ('Variable eskplorasi_postgres does not exist'; 2632)
[2024-04-09T18:55:24.002+0000] {local_task_job_runner.py:240} INFO - Task exited with return code 1
[2024-04-09T18:55:24.109+0000] {taskinstance.py:3482} INFO - 0 downstream tasks scheduled from follow-on schedule check
[2024-04-09T18:55:24.123+0000] {local_task_job_runner.py:222} INFO - ::endgroup::
[2024-04-09T19:57:58.047+0000] {local_task_job_runner.py:120} INFO - ::group::Pre task execution logs
[2024-04-09T19:57:58.554+0000] {taskinstance.py:2073} INFO - Dependencies all met for dep_context=non-requeueable deps ti=<TaskInstance: fruits_dag.insert_fruit_data scheduled__2023-03-06T00:00:00+00:00 [queued]>
[2024-04-09T19:57:58.725+0000] {taskinstance.py:2073} INFO - Dependencies all met for dep_context=requeueable deps ti=<TaskInstance: fruits_dag.insert_fruit_data scheduled__2023-03-06T00:00:00+00:00 [queued]>
[2024-04-09T19:57:58.726+0000] {taskinstance.py:2303} INFO - Starting attempt 2 of 2
[2024-04-09T19:57:59.333+0000] {taskinstance.py:2327} INFO - Executing <Task(PythonOperator): insert_fruit_data> on 2023-03-06 00:00:00+00:00
[2024-04-09T19:57:59.549+0000] {warnings.py:110} WARNING - /home/***/.local/lib/python3.12/site-packages/***/task/task_runner/standard_task_runner.py:61: DeprecationWarning: This process (pid=426) is multi-threaded, use of fork() may lead to deadlocks in the child.
  pid = os.fork()

[2024-04-09T19:57:59.660+0000] {standard_task_runner.py:63} INFO - Started process 449 to run task
[2024-04-09T19:57:59.632+0000] {standard_task_runner.py:90} INFO - Running: ['***', 'tasks', 'run', 'fruits_dag', 'insert_fruit_data', 'scheduled__2023-03-06T00:00:00+00:00', '--job-id', '471', '--raw', '--subdir', 'DAGS_FOLDER/fruit_table_dag.py', '--cfg-path', '/tmp/tmp29llu9u5']
[2024-04-09T19:57:59.717+0000] {standard_task_runner.py:91} INFO - Job 471: Subtask insert_fruit_data
[2024-04-09T19:58:00.486+0000] {task_command.py:426} INFO - Running <TaskInstance: fruits_dag.insert_fruit_data scheduled__2023-03-06T00:00:00+00:00 [running]> on host a89a4f7de6ef
[2024-04-09T19:58:02.131+0000] {taskinstance.py:2644} INFO - Exporting env vars: AIRFLOW_CTX_DAG_OWNER='***' AIRFLOW_CTX_DAG_ID='fruits_dag' AIRFLOW_CTX_TASK_ID='insert_fruit_data' AIRFLOW_CTX_EXECUTION_DATE='2023-03-06T00:00:00+00:00' AIRFLOW_CTX_TRY_NUMBER='2' AIRFLOW_CTX_DAG_RUN_ID='scheduled__2023-03-06T00:00:00+00:00'
[2024-04-09T19:58:02.142+0000] {taskinstance.py:430} INFO - ::endgroup::
[2024-04-09T19:58:02.299+0000] {base.py:84} INFO - Using connection ID 'eksplorasi_postgres' for task execution.
[2024-04-09T19:58:02.724+0000] {python.py:237} INFO - Done. Returned value was: None
[2024-04-09T19:58:02.764+0000] {taskinstance.py:441} INFO - ::group::Post task execution logs
[2024-04-09T19:58:03.146+0000] {taskinstance.py:1205} INFO - Marking task as SUCCESS. dag_id=fruits_dag, task_id=insert_fruit_data, execution_date=20230306T000000, start_date=20240409T195758, end_date=20240409T195803
[2024-04-09T19:58:03.903+0000] {local_task_job_runner.py:240} INFO - Task exited with return code 0
[2024-04-09T19:58:04.148+0000] {taskinstance.py:3482} INFO - 0 downstream tasks scheduled from follow-on schedule check
[2024-04-09T19:58:04.201+0000] {local_task_job_runner.py:222} INFO - ::endgroup::
