[2024-04-09T18:29:52.937+0000] {local_task_job_runner.py:120} INFO - ::group::Pre task execution logs
[2024-04-09T18:29:53.126+0000] {taskinstance.py:2073} INFO - Dependencies all met for dep_context=non-requeueable deps ti=<TaskInstance: fruits_dag.create_fruits_table scheduled__2023-03-05T00:00:00+00:00 [queued]>
[2024-04-09T18:29:53.192+0000] {taskinstance.py:2073} INFO - Dependencies all met for dep_context=requeueable deps ti=<TaskInstance: fruits_dag.create_fruits_table scheduled__2023-03-05T00:00:00+00:00 [queued]>
[2024-04-09T18:29:53.200+0000] {taskinstance.py:2303} INFO - Starting attempt 11 of 11
[2024-04-09T18:29:53.352+0000] {taskinstance.py:2327} INFO - Executing <Task(PostgresOperator): create_fruits_table> on 2023-03-05 00:00:00+00:00
[2024-04-09T18:29:53.422+0000] {standard_task_runner.py:90} INFO - Running: ['***', 'tasks', 'run', 'fruits_dag', 'create_fruits_table', 'scheduled__2023-03-05T00:00:00+00:00', '--job-id', '153', '--raw', '--subdir', 'DAGS_FOLDER/fruit_table_dag.py', '--cfg-path', '/tmp/tmp4kfa7ke3']
[2024-04-09T18:29:53.441+0000] {standard_task_runner.py:91} INFO - Job 153: Subtask create_fruits_table
[2024-04-09T18:29:53.444+0000] {warnings.py:110} WARNING - /home/***/.local/lib/python3.12/site-packages/***/task/task_runner/standard_task_runner.py:61: DeprecationWarning: This process (pid=1940) is multi-threaded, use of fork() may lead to deadlocks in the child.
  pid = os.fork()

[2024-04-09T18:29:53.451+0000] {standard_task_runner.py:63} INFO - Started process 1959 to run task
[2024-04-09T18:29:53.972+0000] {task_command.py:426} INFO - Running <TaskInstance: fruits_dag.create_fruits_table scheduled__2023-03-05T00:00:00+00:00 [running]> on host fd38698150f5
[2024-04-09T18:29:55.035+0000] {taskinstance.py:2644} INFO - Exporting env vars: AIRFLOW_CTX_DAG_OWNER='***' AIRFLOW_CTX_DAG_ID='fruits_dag' AIRFLOW_CTX_TASK_ID='create_fruits_table' AIRFLOW_CTX_EXECUTION_DATE='2023-03-05T00:00:00+00:00' AIRFLOW_CTX_TRY_NUMBER='11' AIRFLOW_CTX_DAG_RUN_ID='scheduled__2023-03-05T00:00:00+00:00'
[2024-04-09T18:29:55.047+0000] {taskinstance.py:430} INFO - ::endgroup::
[2024-04-09T18:29:55.057+0000] {sql.py:276} INFO - Executing: 
        CREATE TABLE IF NOT EXISTS fruits (
            id SERIAL PRIMARY KEY,
            name VARCHAR(50) NOT NULL,
            family VARCHAR(50) NOT NULL,
            type VARCHAR(50) NOT NULL,
            color VARCHAR(50) NOT NULL
        );
    
[2024-04-09T18:29:55.168+0000] {base.py:84} INFO - Using connection ID 'eksplorasi_postgres' for task execution.
[2024-04-09T18:29:55.206+0000] {base.py:84} INFO - Using connection ID 'eksplorasi_postgres' for task execution.
[2024-04-09T18:29:55.313+0000] {sql.py:457} INFO - Running statement: 
        CREATE TABLE IF NOT EXISTS fruits (
            id SERIAL PRIMARY KEY,
            name VARCHAR(50) NOT NULL,
            family VARCHAR(50) NOT NULL,
            type VARCHAR(50) NOT NULL,
            color VARCHAR(50) NOT NULL
        );
    , parameters: None
[2024-04-09T18:29:55.324+0000] {warnings.py:110} WARNING - /home/***/.local/lib/python3.12/site-packages/***/providers/common/sql/hooks/sql.py:407: AirflowProviderDeprecationWarning: Call to deprecated method _make_common_data_structure. (The `_make_serializable` method is deprecated and support will be removed in a future version of the common.sql provider. Please update the DbApiHook's provider to a version based on common.sql >= 1.9.1.)
  result = self._make_common_data_structure(handler(cur))

[2024-04-09T18:29:55.335+0000] {taskinstance.py:441} INFO - ::group::Post task execution logs
[2024-04-09T18:29:55.388+0000] {taskinstance.py:1205} INFO - Marking task as SUCCESS. dag_id=fruits_dag, task_id=create_fruits_table, execution_date=20230305T000000, start_date=20240409T182953, end_date=20240409T182955
[2024-04-09T18:29:55.982+0000] {local_task_job_runner.py:240} INFO - Task exited with return code 0
[2024-04-09T18:29:56.100+0000] {warnings.py:110} WARNING - /home/***/.local/lib/python3.12/site-packages/***/models/baseoperator.py:1296: AirflowProviderDeprecationWarning: Call to deprecated class PostgresOperator. (Please use `***.providers.common.sql.operators.sql.SQLExecuteQueryOperator`.Also, you can provide `hook_params={'schema': <database>}`.)
  result = cls.__new__(cls)

[2024-04-09T18:29:56.668+0000] {taskinstance.py:3482} INFO - 1 downstream tasks scheduled from follow-on schedule check
[2024-04-09T18:29:56.772+0000] {local_task_job_runner.py:222} INFO - ::endgroup::
