[2024-04-09T13:56:25.575+0000] {local_task_job_runner.py:120} INFO - ::group::Pre task execution logs
[2024-04-09T13:56:25.637+0000] {taskinstance.py:2073} INFO - Dependencies all met for dep_context=non-requeueable deps ti=<TaskInstance: dag_fakestore_api.write_to_txt scheduled__2024-04-08T00:00:00+00:00 [queued]>
[2024-04-09T13:56:25.658+0000] {taskinstance.py:2073} INFO - Dependencies all met for dep_context=requeueable deps ti=<TaskInstance: dag_fakestore_api.write_to_txt scheduled__2024-04-08T00:00:00+00:00 [queued]>
[2024-04-09T13:56:25.659+0000] {taskinstance.py:2303} INFO - Starting attempt 3 of 4
[2024-04-09T13:56:25.724+0000] {taskinstance.py:2327} INFO - Executing <Task(PythonOperator): write_to_txt> on 2024-04-08 00:00:00+00:00
[2024-04-09T13:56:25.746+0000] {standard_task_runner.py:90} INFO - Running: ['***', 'tasks', 'run', 'dag_fakestore_api', 'write_to_txt', 'scheduled__2024-04-08T00:00:00+00:00', '--job-id', '71', '--raw', '--subdir', 'DAGS_FOLDER/get_write_data_from_api.py', '--cfg-path', '/tmp/tmpi3yrdzhp']
[2024-04-09T13:56:25.753+0000] {standard_task_runner.py:91} INFO - Job 71: Subtask write_to_txt
[2024-04-09T13:56:25.777+0000] {warnings.py:110} WARNING - /home/***/.local/lib/python3.12/site-packages/***/task/task_runner/standard_task_runner.py:61: DeprecationWarning: This process (pid=1759) is multi-threaded, use of fork() may lead to deadlocks in the child.
  pid = os.fork()

[2024-04-09T13:56:25.799+0000] {standard_task_runner.py:63} INFO - Started process 1766 to run task
[2024-04-09T13:56:25.937+0000] {task_command.py:426} INFO - Running <TaskInstance: dag_fakestore_api.write_to_txt scheduled__2024-04-08T00:00:00+00:00 [running]> on host a05b73ef9a4b
[2024-04-09T13:56:26.270+0000] {taskinstance.py:2644} INFO - Exporting env vars: AIRFLOW_CTX_DAG_OWNER='***' AIRFLOW_CTX_DAG_ID='dag_fakestore_api' AIRFLOW_CTX_TASK_ID='write_to_txt' AIRFLOW_CTX_EXECUTION_DATE='2024-04-08T00:00:00+00:00' AIRFLOW_CTX_TRY_NUMBER='3' AIRFLOW_CTX_DAG_RUN_ID='scheduled__2024-04-08T00:00:00+00:00'
[2024-04-09T13:56:26.272+0000] {taskinstance.py:430} INFO - ::endgroup::
[2024-04-09T13:56:26.316+0000] {get_write_data_from_api.py:63} ERROR - Failed to write to TXT file: [Errno 13] Permission denied: '/path'
[2024-04-09T13:56:26.318+0000] {taskinstance.py:441} INFO - ::group::Post task execution logs
[2024-04-09T13:56:26.319+0000] {taskinstance.py:2890} ERROR - Task failed with exception
Traceback (most recent call last):
  File "/home/airflow/.local/lib/python3.12/site-packages/airflow/models/taskinstance.py", line 465, in _execute_task
    result = _execute_callable(context=context, **execute_callable_kwargs)
             ^^^^^^^^^^^^^^^^^^^^^^^^^^^^^^^^^^^^^^^^^^^^^^^^^^^^^^^^^^^^^
  File "/home/airflow/.local/lib/python3.12/site-packages/airflow/models/taskinstance.py", line 432, in _execute_callable
    return execute_callable(context=context, **execute_callable_kwargs)
           ^^^^^^^^^^^^^^^^^^^^^^^^^^^^^^^^^^^^^^^^^^^^^^^^^^^^^^^^^^^^
  File "/home/airflow/.local/lib/python3.12/site-packages/airflow/models/baseoperator.py", line 400, in wrapper
    return func(self, *args, **kwargs)
           ^^^^^^^^^^^^^^^^^^^^^^^^^^^
  File "/home/airflow/.local/lib/python3.12/site-packages/airflow/operators/python.py", line 235, in execute
    return_value = self.execute_callable()
                   ^^^^^^^^^^^^^^^^^^^^^^^
  File "/home/airflow/.local/lib/python3.12/site-packages/airflow/operators/python.py", line 252, in execute_callable
    return self.python_callable(*self.op_args, **self.op_kwargs)
           ^^^^^^^^^^^^^^^^^^^^^^^^^^^^^^^^^^^^^^^^^^^^^^^^^^^^^
  File "/opt/airflow/dags/get_write_data_from_api.py", line 57, in write_to_txt
    os.makedirs(OUTPUT_DIR, exist_ok=True)
  File "<frozen os>", line 215, in makedirs
  File "<frozen os>", line 215, in makedirs
  File "<frozen os>", line 225, in makedirs
PermissionError: [Errno 13] Permission denied: '/path'
[2024-04-09T13:56:26.349+0000] {taskinstance.py:1205} INFO - Marking task as UP_FOR_RETRY. dag_id=dag_fakestore_api, task_id=write_to_txt, execution_date=20240408T000000, start_date=20240409T135625, end_date=20240409T135626
[2024-04-09T13:56:26.417+0000] {standard_task_runner.py:110} ERROR - Failed to execute job 71 for task write_to_txt ([Errno 13] Permission denied: '/path'; 1766)
[2024-04-09T13:56:26.491+0000] {local_task_job_runner.py:240} INFO - Task exited with return code 1
[2024-04-09T13:56:26.616+0000] {taskinstance.py:3482} INFO - 0 downstream tasks scheduled from follow-on schedule check
[2024-04-09T13:56:26.627+0000] {local_task_job_runner.py:222} INFO - ::endgroup::
[2024-04-09T14:10:48.647+0000] {local_task_job_runner.py:120} INFO - ::group::Pre task execution logs
[2024-04-09T14:10:48.799+0000] {taskinstance.py:2073} INFO - Dependencies all met for dep_context=non-requeueable deps ti=<TaskInstance: dag_fakestore_api.write_to_txt scheduled__2024-04-08T00:00:00+00:00 [queued]>
[2024-04-09T14:10:48.839+0000] {taskinstance.py:2073} INFO - Dependencies all met for dep_context=requeueable deps ti=<TaskInstance: dag_fakestore_api.write_to_txt scheduled__2024-04-08T00:00:00+00:00 [queued]>
[2024-04-09T14:10:48.842+0000] {taskinstance.py:2303} INFO - Starting attempt 3 of 4
[2024-04-09T14:10:48.946+0000] {taskinstance.py:2327} INFO - Executing <Task(PythonOperator): write_to_txt> on 2024-04-08 00:00:00+00:00
[2024-04-09T14:10:48.969+0000] {warnings.py:110} WARNING - /home/***/.local/lib/python3.12/site-packages/***/task/task_runner/standard_task_runner.py:61: DeprecationWarning: This process (pid=1981) is multi-threaded, use of fork() may lead to deadlocks in the child.
  pid = os.fork()

[2024-04-09T14:10:48.978+0000] {standard_task_runner.py:63} INFO - Started process 1985 to run task
[2024-04-09T14:10:48.972+0000] {standard_task_runner.py:90} INFO - Running: ['***', 'tasks', 'run', 'dag_fakestore_api', 'write_to_txt', 'scheduled__2024-04-08T00:00:00+00:00', '--job-id', '89', '--raw', '--subdir', 'DAGS_FOLDER/get_write_data_from_api.py', '--cfg-path', '/tmp/tmpdm836h7h']
[2024-04-09T14:10:48.985+0000] {standard_task_runner.py:91} INFO - Job 89: Subtask write_to_txt
[2024-04-09T14:10:49.196+0000] {task_command.py:426} INFO - Running <TaskInstance: dag_fakestore_api.write_to_txt scheduled__2024-04-08T00:00:00+00:00 [running]> on host a05b73ef9a4b
[2024-04-09T14:10:49.691+0000] {taskinstance.py:2644} INFO - Exporting env vars: AIRFLOW_CTX_DAG_OWNER='***' AIRFLOW_CTX_DAG_ID='dag_fakestore_api' AIRFLOW_CTX_TASK_ID='write_to_txt' AIRFLOW_CTX_EXECUTION_DATE='2024-04-08T00:00:00+00:00' AIRFLOW_CTX_TRY_NUMBER='3' AIRFLOW_CTX_DAG_RUN_ID='scheduled__2024-04-08T00:00:00+00:00'
[2024-04-09T14:10:49.700+0000] {taskinstance.py:430} INFO - ::endgroup::
[2024-04-09T14:10:49.743+0000] {get_write_data_from_api.py:63} ERROR - Failed to write to TXT file: [Errno 13] Permission denied: '/path'
[2024-04-09T14:10:49.744+0000] {taskinstance.py:441} INFO - ::group::Post task execution logs
[2024-04-09T14:10:49.746+0000] {taskinstance.py:2890} ERROR - Task failed with exception
Traceback (most recent call last):
  File "/home/airflow/.local/lib/python3.12/site-packages/airflow/models/taskinstance.py", line 465, in _execute_task
    result = _execute_callable(context=context, **execute_callable_kwargs)
             ^^^^^^^^^^^^^^^^^^^^^^^^^^^^^^^^^^^^^^^^^^^^^^^^^^^^^^^^^^^^^
  File "/home/airflow/.local/lib/python3.12/site-packages/airflow/models/taskinstance.py", line 432, in _execute_callable
    return execute_callable(context=context, **execute_callable_kwargs)
           ^^^^^^^^^^^^^^^^^^^^^^^^^^^^^^^^^^^^^^^^^^^^^^^^^^^^^^^^^^^^
  File "/home/airflow/.local/lib/python3.12/site-packages/airflow/models/baseoperator.py", line 400, in wrapper
    return func(self, *args, **kwargs)
           ^^^^^^^^^^^^^^^^^^^^^^^^^^^
  File "/home/airflow/.local/lib/python3.12/site-packages/airflow/operators/python.py", line 235, in execute
    return_value = self.execute_callable()
                   ^^^^^^^^^^^^^^^^^^^^^^^
  File "/home/airflow/.local/lib/python3.12/site-packages/airflow/operators/python.py", line 252, in execute_callable
    return self.python_callable(*self.op_args, **self.op_kwargs)
           ^^^^^^^^^^^^^^^^^^^^^^^^^^^^^^^^^^^^^^^^^^^^^^^^^^^^^
  File "/opt/airflow/dags/get_write_data_from_api.py", line 57, in write_to_txt
    os.makedirs(OUTPUT_DIR, exist_ok=True)
  File "<frozen os>", line 215, in makedirs
  File "<frozen os>", line 215, in makedirs
  File "<frozen os>", line 225, in makedirs
PermissionError: [Errno 13] Permission denied: '/path'
[2024-04-09T14:10:49.798+0000] {taskinstance.py:1205} INFO - Marking task as UP_FOR_RETRY. dag_id=dag_fakestore_api, task_id=write_to_txt, execution_date=20240408T000000, start_date=20240409T141048, end_date=20240409T141049
[2024-04-09T14:10:49.863+0000] {standard_task_runner.py:110} ERROR - Failed to execute job 89 for task write_to_txt ([Errno 13] Permission denied: '/path'; 1985)
[2024-04-09T14:10:49.906+0000] {local_task_job_runner.py:240} INFO - Task exited with return code 1
[2024-04-09T14:10:49.962+0000] {taskinstance.py:3482} INFO - 0 downstream tasks scheduled from follow-on schedule check
[2024-04-09T14:10:49.984+0000] {local_task_job_runner.py:222} INFO - ::endgroup::
