[2024-04-09T09:06:06.574+0000] {local_task_job_runner.py:120} INFO - ::group::Pre task execution logs
[2024-04-09T09:06:06.711+0000] {taskinstance.py:2073} INFO - Dependencies all met for dep_context=non-requeueable deps ti=<TaskInstance: dag_1.echo_hello_airflow manual__2024-04-09T09:05:54.988182+00:00 [queued]>
[2024-04-09T09:06:06.777+0000] {taskinstance.py:2073} INFO - Dependencies all met for dep_context=requeueable deps ti=<TaskInstance: dag_1.echo_hello_airflow manual__2024-04-09T09:05:54.988182+00:00 [queued]>
[2024-04-09T09:06:06.780+0000] {taskinstance.py:2303} INFO - Starting attempt 1 of 2
[2024-04-09T09:06:06.867+0000] {taskinstance.py:2327} INFO - Executing <Task(BashOperator): echo_hello_airflow> on 2024-04-09 09:05:54.988182+00:00
[2024-04-09T09:06:06.912+0000] {warnings.py:110} WARNING - /home/***/.local/lib/python3.12/site-packages/***/task/task_runner/standard_task_runner.py:61: DeprecationWarning: This process (pid=939) is multi-threaded, use of fork() may lead to deadlocks in the child.
  pid = os.fork()

[2024-04-09T09:06:06.924+0000] {standard_task_runner.py:63} INFO - Started process 948 to run task
[2024-04-09T09:06:06.908+0000] {standard_task_runner.py:90} INFO - Running: ['***', 'tasks', 'run', 'dag_1', 'echo_hello_***', 'manual__2024-04-09T09:05:54.988182+00:00', '--job-id', '8', '--raw', '--subdir', 'DAGS_FOLDER/dag-1.py', '--cfg-path', '/tmp/tmpjffs1gfy']
[2024-04-09T09:06:06.935+0000] {standard_task_runner.py:91} INFO - Job 8: Subtask echo_hello_***
[2024-04-09T09:06:07.663+0000] {task_command.py:426} INFO - Running <TaskInstance: dag_1.echo_hello_airflow manual__2024-04-09T09:05:54.988182+00:00 [running]> on host b6bc23c6abe9
[2024-04-09T09:06:08.213+0000] {taskinstance.py:2644} INFO - Exporting env vars: AIRFLOW_CTX_DAG_OWNER='***' AIRFLOW_CTX_DAG_ID='dag_1' AIRFLOW_CTX_TASK_ID='echo_hello_***' AIRFLOW_CTX_EXECUTION_DATE='2024-04-09T09:05:54.988182+00:00' AIRFLOW_CTX_TRY_NUMBER='1' AIRFLOW_CTX_DAG_RUN_ID='manual__2024-04-09T09:05:54.988182+00:00'
[2024-04-09T09:06:08.225+0000] {taskinstance.py:430} INFO - ::endgroup::
[2024-04-09T09:06:08.229+0000] {subprocess.py:63} INFO - Tmp dir root location: /tmp
[2024-04-09T09:06:08.236+0000] {subprocess.py:75} INFO - Running command: ['/usr/bin/bash', '-c', 'echo "hello ***"']
[2024-04-09T09:06:08.274+0000] {subprocess.py:86} INFO - Output:
[2024-04-09T09:06:08.324+0000] {subprocess.py:93} INFO - hello ***
[2024-04-09T09:06:08.327+0000] {subprocess.py:97} INFO - Command exited with return code 0
[2024-04-09T09:06:08.342+0000] {taskinstance.py:441} INFO - ::group::Post task execution logs
[2024-04-09T09:06:09.751+0000] {taskinstance.py:1205} INFO - Marking task as SUCCESS. dag_id=dag_1, task_id=echo_hello_***, execution_date=20240409T090554, start_date=20240409T090606, end_date=20240409T090609
[2024-04-09T09:06:09.897+0000] {local_task_job_runner.py:240} INFO - Task exited with return code 0
[2024-04-09T09:06:10.115+0000] {taskinstance.py:3482} INFO - 2 downstream tasks scheduled from follow-on schedule check
[2024-04-09T09:06:10.230+0000] {local_task_job_runner.py:222} INFO - ::endgroup::
