[2024-04-09T20:12:35.795+0000] {local_task_job_runner.py:120} INFO - ::group::Pre task execution logs
[2024-04-09T20:12:36.351+0000] {taskinstance.py:2073} INFO - Dependencies all met for dep_context=non-requeueable deps ti=<TaskInstance: fruits_dag.insert_fruit_data scheduled__2023-05-04T00:00:00+00:00 [queued]>
[2024-04-09T20:12:36.478+0000] {taskinstance.py:2073} INFO - Dependencies all met for dep_context=requeueable deps ti=<TaskInstance: fruits_dag.insert_fruit_data scheduled__2023-05-04T00:00:00+00:00 [queued]>
[2024-04-09T20:12:36.493+0000] {taskinstance.py:2303} INFO - Starting attempt 1 of 2
[2024-04-09T20:12:36.875+0000] {taskinstance.py:2327} INFO - Executing <Task(PythonOperator): insert_fruit_data> on 2023-05-04 00:00:00+00:00
[2024-04-09T20:12:37.046+0000] {standard_task_runner.py:90} INFO - Running: ['***', 'tasks', 'run', 'fruits_dag', 'insert_fruit_data', 'scheduled__2023-05-04T00:00:00+00:00', '--job-id', '599', '--raw', '--subdir', 'DAGS_FOLDER/fruit_table_dag.py', '--cfg-path', '/tmp/tmpexlht1gp']
[2024-04-09T20:12:37.071+0000] {warnings.py:110} WARNING - /home/***/.local/lib/python3.12/site-packages/***/task/task_runner/standard_task_runner.py:61: DeprecationWarning: This process (pid=984) is multi-threaded, use of fork() may lead to deadlocks in the child.
  pid = os.fork()

[2024-04-09T20:12:37.116+0000] {standard_task_runner.py:63} INFO - Started process 1001 to run task
[2024-04-09T20:12:37.099+0000] {standard_task_runner.py:91} INFO - Job 599: Subtask insert_fruit_data
[2024-04-09T20:12:39.029+0000] {task_command.py:426} INFO - Running <TaskInstance: fruits_dag.insert_fruit_data scheduled__2023-05-04T00:00:00+00:00 [running]> on host a89a4f7de6ef
[2024-04-09T20:12:40.144+0000] {taskinstance.py:2644} INFO - Exporting env vars: AIRFLOW_CTX_DAG_OWNER='***' AIRFLOW_CTX_DAG_ID='fruits_dag' AIRFLOW_CTX_TASK_ID='insert_fruit_data' AIRFLOW_CTX_EXECUTION_DATE='2023-05-04T00:00:00+00:00' AIRFLOW_CTX_TRY_NUMBER='1' AIRFLOW_CTX_DAG_RUN_ID='scheduled__2023-05-04T00:00:00+00:00'
[2024-04-09T20:12:40.164+0000] {taskinstance.py:430} INFO - ::endgroup::
[2024-04-09T20:12:40.820+0000] {base.py:84} INFO - Using connection ID 'eksplorasi_postgres' for task execution.
[2024-04-09T20:12:50.516+0000] {python.py:237} INFO - Done. Returned value was: None
[2024-04-09T20:12:50.529+0000] {taskinstance.py:441} INFO - ::group::Post task execution logs
[2024-04-09T20:12:50.851+0000] {taskinstance.py:1205} INFO - Marking task as SUCCESS. dag_id=fruits_dag, task_id=insert_fruit_data, execution_date=20230504T000000, start_date=20240409T201236, end_date=20240409T201250
[2024-04-09T20:12:51.237+0000] {local_task_job_runner.py:240} INFO - Task exited with return code 0
[2024-04-09T20:12:51.595+0000] {taskinstance.py:3482} INFO - 0 downstream tasks scheduled from follow-on schedule check
[2024-04-09T20:12:51.712+0000] {local_task_job_runner.py:222} INFO - ::endgroup::
