[2024-04-09T18:33:02.670+0000] {local_task_job_runner.py:120} INFO - ::group::Pre task execution logs
[2024-04-09T18:33:02.872+0000] {taskinstance.py:2073} INFO - Dependencies all met for dep_context=non-requeueable deps ti=<TaskInstance: fruits_dag.insert_fruit_data scheduled__2023-03-12T00:00:00+00:00 [queued]>
[2024-04-09T18:33:02.943+0000] {taskinstance.py:2073} INFO - Dependencies all met for dep_context=requeueable deps ti=<TaskInstance: fruits_dag.insert_fruit_data scheduled__2023-03-12T00:00:00+00:00 [queued]>
[2024-04-09T18:33:02.951+0000] {taskinstance.py:2303} INFO - Starting attempt 1 of 2
[2024-04-09T18:33:03.061+0000] {taskinstance.py:2327} INFO - Executing <Task(PythonOperator): insert_fruit_data> on 2023-03-12 00:00:00+00:00
[2024-04-09T18:33:03.107+0000] {warnings.py:110} WARNING - /home/***/.local/lib/python3.12/site-packages/***/task/task_runner/standard_task_runner.py:61: DeprecationWarning: This process (pid=2047) is multi-threaded, use of fork() may lead to deadlocks in the child.
  pid = os.fork()

[2024-04-09T18:33:03.115+0000] {standard_task_runner.py:63} INFO - Started process 2079 to run task
[2024-04-09T18:33:03.127+0000] {standard_task_runner.py:90} INFO - Running: ['***', 'tasks', 'run', 'fruits_dag', 'insert_fruit_data', 'scheduled__2023-03-12T00:00:00+00:00', '--job-id', '178', '--raw', '--subdir', 'DAGS_FOLDER/fruit_table_dag.py', '--cfg-path', '/tmp/tmp0okytheq']
[2024-04-09T18:33:03.130+0000] {standard_task_runner.py:91} INFO - Job 178: Subtask insert_fruit_data
[2024-04-09T18:33:03.368+0000] {task_command.py:426} INFO - Running <TaskInstance: fruits_dag.insert_fruit_data scheduled__2023-03-12T00:00:00+00:00 [running]> on host fd38698150f5
[2024-04-09T18:33:05.072+0000] {taskinstance.py:2644} INFO - Exporting env vars: AIRFLOW_CTX_DAG_OWNER='***' AIRFLOW_CTX_DAG_ID='fruits_dag' AIRFLOW_CTX_TASK_ID='insert_fruit_data' AIRFLOW_CTX_EXECUTION_DATE='2023-03-12T00:00:00+00:00' AIRFLOW_CTX_TRY_NUMBER='1' AIRFLOW_CTX_DAG_RUN_ID='scheduled__2023-03-12T00:00:00+00:00'
[2024-04-09T18:33:05.131+0000] {taskinstance.py:430} INFO - ::endgroup::
[2024-04-09T18:33:05.203+0000] {taskinstance.py:441} INFO - ::group::Post task execution logs
[2024-04-09T18:33:05.204+0000] {taskinstance.py:2890} ERROR - Task failed with exception
Traceback (most recent call last):
  File "/home/airflow/.local/lib/python3.12/site-packages/airflow/models/taskinstance.py", line 465, in _execute_task
    result = _execute_callable(context=context, **execute_callable_kwargs)
             ^^^^^^^^^^^^^^^^^^^^^^^^^^^^^^^^^^^^^^^^^^^^^^^^^^^^^^^^^^^^^
  File "/home/airflow/.local/lib/python3.12/site-packages/airflow/models/taskinstance.py", line 432, in _execute_callable
    return execute_callable(context=context, **execute_callable_kwargs)
           ^^^^^^^^^^^^^^^^^^^^^^^^^^^^^^^^^^^^^^^^^^^^^^^^^^^^^^^^^^^^
  File "/home/airflow/.local/lib/python3.12/site-packages/airflow/models/baseoperator.py", line 400, in wrapper
    return func(self, *args, **kwargs)
           ^^^^^^^^^^^^^^^^^^^^^^^^^^^
  File "/home/airflow/.local/lib/python3.12/site-packages/airflow/operators/python.py", line 235, in execute
    return_value = self.execute_callable()
                   ^^^^^^^^^^^^^^^^^^^^^^^
  File "/home/airflow/.local/lib/python3.12/site-packages/airflow/operators/python.py", line 252, in execute_callable
    return self.python_callable(*self.op_args, **self.op_kwargs)
           ^^^^^^^^^^^^^^^^^^^^^^^^^^^^^^^^^^^^^^^^^^^^^^^^^^^^^
  File "/opt/airflow/dags/fruit_table_dag.py", line 12, in insert_fruit_data_into_db
    conn = Variable.get('eskplorasi_postgres')
           ^^^^^^^^^^^^^^^^^^^^^^^^^^^^^^^^^^^
  File "/home/airflow/.local/lib/python3.12/site-packages/airflow/models/variable.py", line 143, in get
    raise KeyError(f"Variable {key} does not exist")
KeyError: 'Variable eskplorasi_postgres does not exist'
[2024-04-09T18:33:05.276+0000] {taskinstance.py:1205} INFO - Marking task as UP_FOR_RETRY. dag_id=fruits_dag, task_id=insert_fruit_data, execution_date=20230312T000000, start_date=20240409T183302, end_date=20240409T183305
[2024-04-09T18:33:05.395+0000] {standard_task_runner.py:110} ERROR - Failed to execute job 178 for task insert_fruit_data ('Variable eskplorasi_postgres does not exist'; 2079)
[2024-04-09T18:33:05.560+0000] {local_task_job_runner.py:240} INFO - Task exited with return code 1
[2024-04-09T18:33:05.630+0000] {taskinstance.py:3482} INFO - 0 downstream tasks scheduled from follow-on schedule check
[2024-04-09T18:33:05.654+0000] {local_task_job_runner.py:222} INFO - ::endgroup::
[2024-04-09T19:52:04.765+0000] {local_task_job_runner.py:120} INFO - ::group::Pre task execution logs
[2024-04-09T19:52:05.197+0000] {taskinstance.py:2073} INFO - Dependencies all met for dep_context=non-requeueable deps ti=<TaskInstance: fruits_dag.insert_fruit_data scheduled__2023-03-12T00:00:00+00:00 [queued]>
[2024-04-09T19:52:05.403+0000] {taskinstance.py:2073} INFO - Dependencies all met for dep_context=requeueable deps ti=<TaskInstance: fruits_dag.insert_fruit_data scheduled__2023-03-12T00:00:00+00:00 [queued]>
[2024-04-09T19:52:05.405+0000] {taskinstance.py:2303} INFO - Starting attempt 1 of 2
[2024-04-09T19:52:05.801+0000] {taskinstance.py:2327} INFO - Executing <Task(PythonOperator): insert_fruit_data> on 2023-03-12 00:00:00+00:00
[2024-04-09T19:52:05.875+0000] {warnings.py:110} WARNING - /home/***/.local/lib/python3.12/site-packages/***/task/task_runner/standard_task_runner.py:61: DeprecationWarning: This process (pid=304) is multi-threaded, use of fork() may lead to deadlocks in the child.
  pid = os.fork()

[2024-04-09T19:52:05.899+0000] {standard_task_runner.py:63} INFO - Started process 334 to run task
[2024-04-09T19:52:05.954+0000] {standard_task_runner.py:90} INFO - Running: ['***', 'tasks', 'run', 'fruits_dag', 'insert_fruit_data', 'scheduled__2023-03-12T00:00:00+00:00', '--job-id', '453', '--raw', '--subdir', 'DAGS_FOLDER/fruit_table_dag.py', '--cfg-path', '/tmp/tmp4_qa03ww']
[2024-04-09T19:52:06.076+0000] {standard_task_runner.py:91} INFO - Job 453: Subtask insert_fruit_data
[2024-04-09T19:52:06.957+0000] {task_command.py:426} INFO - Running <TaskInstance: fruits_dag.insert_fruit_data scheduled__2023-03-12T00:00:00+00:00 [running]> on host a89a4f7de6ef
[2024-04-09T19:52:08.862+0000] {taskinstance.py:2644} INFO - Exporting env vars: AIRFLOW_CTX_DAG_OWNER='***' AIRFLOW_CTX_DAG_ID='fruits_dag' AIRFLOW_CTX_TASK_ID='insert_fruit_data' AIRFLOW_CTX_EXECUTION_DATE='2023-03-12T00:00:00+00:00' AIRFLOW_CTX_TRY_NUMBER='1' AIRFLOW_CTX_DAG_RUN_ID='scheduled__2023-03-12T00:00:00+00:00'
[2024-04-09T19:52:08.941+0000] {taskinstance.py:430} INFO - ::endgroup::
[2024-04-09T19:52:09.001+0000] {base.py:84} INFO - Using connection ID 'eksplorasi_postgres' for task execution.
[2024-04-09T19:52:09.097+0000] {taskinstance.py:441} INFO - ::group::Post task execution logs
[2024-04-09T19:52:09.099+0000] {taskinstance.py:2890} ERROR - Task failed with exception
Traceback (most recent call last):
  File "/home/airflow/.local/lib/python3.12/site-packages/airflow/models/taskinstance.py", line 465, in _execute_task
    result = _execute_callable(context=context, **execute_callable_kwargs)
             ^^^^^^^^^^^^^^^^^^^^^^^^^^^^^^^^^^^^^^^^^^^^^^^^^^^^^^^^^^^^^
  File "/home/airflow/.local/lib/python3.12/site-packages/airflow/models/taskinstance.py", line 432, in _execute_callable
    return execute_callable(context=context, **execute_callable_kwargs)
           ^^^^^^^^^^^^^^^^^^^^^^^^^^^^^^^^^^^^^^^^^^^^^^^^^^^^^^^^^^^^
  File "/home/airflow/.local/lib/python3.12/site-packages/airflow/models/baseoperator.py", line 400, in wrapper
    return func(self, *args, **kwargs)
           ^^^^^^^^^^^^^^^^^^^^^^^^^^^
  File "/home/airflow/.local/lib/python3.12/site-packages/airflow/operators/python.py", line 235, in execute
    return_value = self.execute_callable()
                   ^^^^^^^^^^^^^^^^^^^^^^^
  File "/home/airflow/.local/lib/python3.12/site-packages/airflow/operators/python.py", line 252, in execute_callable
    return self.python_callable(*self.op_args, **self.op_kwargs)
           ^^^^^^^^^^^^^^^^^^^^^^^^^^^^^^^^^^^^^^^^^^^^^^^^^^^^^
  File "/opt/airflow/dags/fruit_table_dag.py", line 21, in insert_fruit_data_into_db
    fruit['name'],
    ~~~~~^^^^^^^^
TypeError: string indices must be integers, not 'str'
[2024-04-09T19:52:09.254+0000] {taskinstance.py:1205} INFO - Marking task as UP_FOR_RETRY. dag_id=fruits_dag, task_id=insert_fruit_data, execution_date=20230312T000000, start_date=20240409T195205, end_date=20240409T195209
[2024-04-09T19:52:09.461+0000] {standard_task_runner.py:110} ERROR - Failed to execute job 453 for task insert_fruit_data (string indices must be integers, not 'str'; 334)
[2024-04-09T19:52:09.687+0000] {local_task_job_runner.py:240} INFO - Task exited with return code 1
[2024-04-09T19:52:10.174+0000] {taskinstance.py:3482} INFO - 0 downstream tasks scheduled from follow-on schedule check
[2024-04-09T19:52:10.306+0000] {local_task_job_runner.py:222} INFO - ::endgroup::
