[2024-04-09T18:49:57.675+0000] {local_task_job_runner.py:120} INFO - ::group::Pre task execution logs
[2024-04-09T18:49:58.330+0000] {taskinstance.py:2073} INFO - Dependencies all met for dep_context=non-requeueable deps ti=<TaskInstance: fruits_dag.insert_fruit_data scheduled__2023-03-12T00:00:00+00:00 [queued]>
[2024-04-09T18:49:58.500+0000] {taskinstance.py:2073} INFO - Dependencies all met for dep_context=requeueable deps ti=<TaskInstance: fruits_dag.insert_fruit_data scheduled__2023-03-12T00:00:00+00:00 [queued]>
[2024-04-09T18:49:58.511+0000] {taskinstance.py:2303} INFO - Starting attempt 2 of 3
[2024-04-09T18:49:58.756+0000] {taskinstance.py:2327} INFO - Executing <Task(PythonOperator): insert_fruit_data> on 2023-03-12 00:00:00+00:00
[2024-04-09T18:49:58.834+0000] {standard_task_runner.py:90} INFO - Running: ['***', 'tasks', 'run', 'fruits_dag', 'insert_fruit_data', 'scheduled__2023-03-12T00:00:00+00:00', '--job-id', '252', '--raw', '--subdir', 'DAGS_FOLDER/fruit_table_dag.py', '--cfg-path', '/tmp/tmp243zktqs']
[2024-04-09T18:49:58.846+0000] {standard_task_runner.py:91} INFO - Job 252: Subtask insert_fruit_data
[2024-04-09T18:49:58.820+0000] {warnings.py:110} WARNING - /home/***/.local/lib/python3.12/site-packages/***/task/task_runner/standard_task_runner.py:61: DeprecationWarning: This process (pid=2481) is multi-threaded, use of fork() may lead to deadlocks in the child.
  pid = os.fork()

[2024-04-09T18:49:58.869+0000] {standard_task_runner.py:63} INFO - Started process 2505 to run task
[2024-04-09T18:49:59.432+0000] {task_command.py:426} INFO - Running <TaskInstance: fruits_dag.insert_fruit_data scheduled__2023-03-12T00:00:00+00:00 [running]> on host fd38698150f5
[2024-04-09T18:50:01.884+0000] {taskinstance.py:2644} INFO - Exporting env vars: AIRFLOW_CTX_DAG_OWNER='***' AIRFLOW_CTX_DAG_ID='fruits_dag' AIRFLOW_CTX_TASK_ID='insert_fruit_data' AIRFLOW_CTX_EXECUTION_DATE='2023-03-12T00:00:00+00:00' AIRFLOW_CTX_TRY_NUMBER='2' AIRFLOW_CTX_DAG_RUN_ID='scheduled__2023-03-12T00:00:00+00:00'
[2024-04-09T18:50:01.917+0000] {taskinstance.py:430} INFO - ::endgroup::
[2024-04-09T18:50:02.208+0000] {taskinstance.py:441} INFO - ::group::Post task execution logs
[2024-04-09T18:50:02.220+0000] {taskinstance.py:2890} ERROR - Task failed with exception
Traceback (most recent call last):
  File "/home/airflow/.local/lib/python3.12/site-packages/airflow/models/taskinstance.py", line 465, in _execute_task
    result = _execute_callable(context=context, **execute_callable_kwargs)
             ^^^^^^^^^^^^^^^^^^^^^^^^^^^^^^^^^^^^^^^^^^^^^^^^^^^^^^^^^^^^^
  File "/home/airflow/.local/lib/python3.12/site-packages/airflow/models/taskinstance.py", line 432, in _execute_callable
    return execute_callable(context=context, **execute_callable_kwargs)
           ^^^^^^^^^^^^^^^^^^^^^^^^^^^^^^^^^^^^^^^^^^^^^^^^^^^^^^^^^^^^
  File "/home/airflow/.local/lib/python3.12/site-packages/airflow/models/baseoperator.py", line 400, in wrapper
    return func(self, *args, **kwargs)
           ^^^^^^^^^^^^^^^^^^^^^^^^^^^
  File "/home/airflow/.local/lib/python3.12/site-packages/airflow/operators/python.py", line 235, in execute
    return_value = self.execute_callable()
                   ^^^^^^^^^^^^^^^^^^^^^^^
  File "/home/airflow/.local/lib/python3.12/site-packages/airflow/operators/python.py", line 252, in execute_callable
    return self.python_callable(*self.op_args, **self.op_kwargs)
           ^^^^^^^^^^^^^^^^^^^^^^^^^^^^^^^^^^^^^^^^^^^^^^^^^^^^^
  File "/opt/airflow/dags/fruit_table_dag.py", line 12, in insert_fruit_data_into_db
    conn = Variable.get('eskplorasi_postgres')
           ^^^^^^^^^^^^^^^^^^^^^^^^^^^^^^^^^^^
  File "/home/airflow/.local/lib/python3.12/site-packages/airflow/models/variable.py", line 143, in get
    raise KeyError(f"Variable {key} does not exist")
KeyError: 'Variable eskplorasi_postgres does not exist'
[2024-04-09T18:50:02.619+0000] {taskinstance.py:1205} INFO - Marking task as UP_FOR_RETRY. dag_id=fruits_dag, task_id=insert_fruit_data, execution_date=20230312T000000, start_date=20240409T184958, end_date=20240409T185002
[2024-04-09T18:50:05.185+0000] {standard_task_runner.py:110} ERROR - Failed to execute job 252 for task insert_fruit_data ('Variable eskplorasi_postgres does not exist'; 2505)
[2024-04-09T18:50:05.780+0000] {local_task_job_runner.py:240} INFO - Task exited with return code 1
[2024-04-09T18:50:05.967+0000] {taskinstance.py:3482} INFO - 0 downstream tasks scheduled from follow-on schedule check
[2024-04-09T18:50:06.066+0000] {local_task_job_runner.py:222} INFO - ::endgroup::
[2024-04-09T19:57:58.025+0000] {local_task_job_runner.py:120} INFO - ::group::Pre task execution logs
[2024-04-09T19:57:58.440+0000] {taskinstance.py:2073} INFO - Dependencies all met for dep_context=non-requeueable deps ti=<TaskInstance: fruits_dag.insert_fruit_data scheduled__2023-03-12T00:00:00+00:00 [queued]>
[2024-04-09T19:57:58.556+0000] {taskinstance.py:2073} INFO - Dependencies all met for dep_context=requeueable deps ti=<TaskInstance: fruits_dag.insert_fruit_data scheduled__2023-03-12T00:00:00+00:00 [queued]>
[2024-04-09T19:57:58.558+0000] {taskinstance.py:2303} INFO - Starting attempt 2 of 2
[2024-04-09T19:57:59.372+0000] {taskinstance.py:2327} INFO - Executing <Task(PythonOperator): insert_fruit_data> on 2023-03-12 00:00:00+00:00
[2024-04-09T19:57:59.584+0000] {warnings.py:110} WARNING - /home/***/.local/lib/python3.12/site-packages/***/task/task_runner/standard_task_runner.py:61: DeprecationWarning: This process (pid=427) is multi-threaded, use of fork() may lead to deadlocks in the child.
  pid = os.fork()

[2024-04-09T19:57:59.624+0000] {standard_task_runner.py:63} INFO - Started process 450 to run task
[2024-04-09T19:57:59.977+0000] {standard_task_runner.py:90} INFO - Running: ['***', 'tasks', 'run', 'fruits_dag', 'insert_fruit_data', 'scheduled__2023-03-12T00:00:00+00:00', '--job-id', '472', '--raw', '--subdir', 'DAGS_FOLDER/fruit_table_dag.py', '--cfg-path', '/tmp/tmpwiaxlv3d']
[2024-04-09T19:57:59.993+0000] {standard_task_runner.py:91} INFO - Job 472: Subtask insert_fruit_data
[2024-04-09T19:58:00.533+0000] {task_command.py:426} INFO - Running <TaskInstance: fruits_dag.insert_fruit_data scheduled__2023-03-12T00:00:00+00:00 [running]> on host a89a4f7de6ef
[2024-04-09T19:58:01.575+0000] {taskinstance.py:2644} INFO - Exporting env vars: AIRFLOW_CTX_DAG_OWNER='***' AIRFLOW_CTX_DAG_ID='fruits_dag' AIRFLOW_CTX_TASK_ID='insert_fruit_data' AIRFLOW_CTX_EXECUTION_DATE='2023-03-12T00:00:00+00:00' AIRFLOW_CTX_TRY_NUMBER='2' AIRFLOW_CTX_DAG_RUN_ID='scheduled__2023-03-12T00:00:00+00:00'
[2024-04-09T19:58:01.593+0000] {taskinstance.py:430} INFO - ::endgroup::
[2024-04-09T19:58:01.710+0000] {base.py:84} INFO - Using connection ID 'eksplorasi_postgres' for task execution.
[2024-04-09T19:58:02.736+0000] {python.py:237} INFO - Done. Returned value was: None
[2024-04-09T19:58:02.760+0000] {taskinstance.py:441} INFO - ::group::Post task execution logs
[2024-04-09T19:58:02.865+0000] {taskinstance.py:1205} INFO - Marking task as SUCCESS. dag_id=fruits_dag, task_id=insert_fruit_data, execution_date=20230312T000000, start_date=20240409T195758, end_date=20240409T195802
[2024-04-09T19:58:03.690+0000] {local_task_job_runner.py:240} INFO - Task exited with return code 0
[2024-04-09T19:58:03.819+0000] {taskinstance.py:3482} INFO - 0 downstream tasks scheduled from follow-on schedule check
[2024-04-09T19:58:03.924+0000] {local_task_job_runner.py:222} INFO - ::endgroup::
