[2024-04-09T13:32:38.817+0000] {local_task_job_runner.py:120} INFO - ::group::Pre task execution logs
[2024-04-09T13:32:38.967+0000] {taskinstance.py:2073} INFO - Dependencies all met for dep_context=non-requeueable deps ti=<TaskInstance: dag_fakestore_api.write_to_txt scheduled__2024-04-08T00:00:00+00:00 [queued]>
[2024-04-09T13:32:39.003+0000] {taskinstance.py:2073} INFO - Dependencies all met for dep_context=requeueable deps ti=<TaskInstance: dag_fakestore_api.write_to_txt scheduled__2024-04-08T00:00:00+00:00 [queued]>
[2024-04-09T13:32:39.004+0000] {taskinstance.py:2303} INFO - Starting attempt 2 of 4
[2024-04-09T13:32:39.056+0000] {taskinstance.py:2327} INFO - Executing <Task(PythonOperator): write_to_txt> on 2024-04-08 00:00:00+00:00
[2024-04-09T13:32:39.068+0000] {warnings.py:110} WARNING - /home/***/.local/lib/python3.12/site-packages/***/task/task_runner/standard_task_runner.py:61: DeprecationWarning: This process (pid=1424) is multi-threaded, use of fork() may lead to deadlocks in the child.
  pid = os.fork()

[2024-04-09T13:32:39.070+0000] {standard_task_runner.py:63} INFO - Started process 1432 to run task
[2024-04-09T13:32:39.078+0000] {standard_task_runner.py:90} INFO - Running: ['***', 'tasks', 'run', 'dag_fakestore_api', 'write_to_txt', 'scheduled__2024-04-08T00:00:00+00:00', '--job-id', '51', '--raw', '--subdir', 'DAGS_FOLDER/get_write_data_from_api.py', '--cfg-path', '/tmp/tmpznuvuxgl']
[2024-04-09T13:32:39.080+0000] {standard_task_runner.py:91} INFO - Job 51: Subtask write_to_txt
[2024-04-09T13:32:39.237+0000] {task_command.py:426} INFO - Running <TaskInstance: dag_fakestore_api.write_to_txt scheduled__2024-04-08T00:00:00+00:00 [running]> on host a05b73ef9a4b
[2024-04-09T13:32:39.585+0000] {taskinstance.py:2644} INFO - Exporting env vars: AIRFLOW_CTX_DAG_OWNER='***' AIRFLOW_CTX_DAG_ID='dag_fakestore_api' AIRFLOW_CTX_TASK_ID='write_to_txt' AIRFLOW_CTX_EXECUTION_DATE='2024-04-08T00:00:00+00:00' AIRFLOW_CTX_TRY_NUMBER='2' AIRFLOW_CTX_DAG_RUN_ID='scheduled__2024-04-08T00:00:00+00:00'
[2024-04-09T13:32:39.599+0000] {taskinstance.py:430} INFO - ::endgroup::
[2024-04-09T13:32:39.688+0000] {get_write_data_from_api.py:63} ERROR - Failed to write to TXT file: [Errno 13] Permission denied: '/path'
[2024-04-09T13:32:39.694+0000] {taskinstance.py:441} INFO - ::group::Post task execution logs
[2024-04-09T13:32:39.707+0000] {taskinstance.py:2890} ERROR - Task failed with exception
Traceback (most recent call last):
  File "/home/airflow/.local/lib/python3.12/site-packages/airflow/models/taskinstance.py", line 465, in _execute_task
    result = _execute_callable(context=context, **execute_callable_kwargs)
             ^^^^^^^^^^^^^^^^^^^^^^^^^^^^^^^^^^^^^^^^^^^^^^^^^^^^^^^^^^^^^
  File "/home/airflow/.local/lib/python3.12/site-packages/airflow/models/taskinstance.py", line 432, in _execute_callable
    return execute_callable(context=context, **execute_callable_kwargs)
           ^^^^^^^^^^^^^^^^^^^^^^^^^^^^^^^^^^^^^^^^^^^^^^^^^^^^^^^^^^^^
  File "/home/airflow/.local/lib/python3.12/site-packages/airflow/models/baseoperator.py", line 400, in wrapper
    return func(self, *args, **kwargs)
           ^^^^^^^^^^^^^^^^^^^^^^^^^^^
  File "/home/airflow/.local/lib/python3.12/site-packages/airflow/operators/python.py", line 235, in execute
    return_value = self.execute_callable()
                   ^^^^^^^^^^^^^^^^^^^^^^^
  File "/home/airflow/.local/lib/python3.12/site-packages/airflow/operators/python.py", line 252, in execute_callable
    return self.python_callable(*self.op_args, **self.op_kwargs)
           ^^^^^^^^^^^^^^^^^^^^^^^^^^^^^^^^^^^^^^^^^^^^^^^^^^^^^
  File "/opt/airflow/dags/get_write_data_from_api.py", line 58, in write_to_txt
    os.makedirs(OUTPUT_DIR, exist_ok=True)  # Membuat direktori output jika belum ada
    ^^^^^^^^^^^^^^^^^^^^^^^^^^^^^^^^^^^^^^
  File "<frozen os>", line 215, in makedirs
  File "<frozen os>", line 215, in makedirs
  File "<frozen os>", line 225, in makedirs
PermissionError: [Errno 13] Permission denied: '/path'
[2024-04-09T13:32:39.784+0000] {taskinstance.py:1205} INFO - Marking task as UP_FOR_RETRY. dag_id=dag_fakestore_api, task_id=write_to_txt, execution_date=20240408T000000, start_date=20240409T133238, end_date=20240409T133239
[2024-04-09T13:32:39.890+0000] {standard_task_runner.py:110} ERROR - Failed to execute job 51 for task write_to_txt ([Errno 13] Permission denied: '/path'; 1432)
[2024-04-09T13:32:39.970+0000] {local_task_job_runner.py:240} INFO - Task exited with return code 1
[2024-04-09T13:32:40.049+0000] {taskinstance.py:3482} INFO - 0 downstream tasks scheduled from follow-on schedule check
[2024-04-09T13:32:40.070+0000] {local_task_job_runner.py:222} INFO - ::endgroup::
[2024-04-09T13:51:13.806+0000] {local_task_job_runner.py:120} INFO - ::group::Pre task execution logs
[2024-04-09T13:51:14.046+0000] {taskinstance.py:2073} INFO - Dependencies all met for dep_context=non-requeueable deps ti=<TaskInstance: dag_fakestore_api.write_to_txt scheduled__2024-04-08T00:00:00+00:00 [queued]>
[2024-04-09T13:51:14.212+0000] {taskinstance.py:2073} INFO - Dependencies all met for dep_context=requeueable deps ti=<TaskInstance: dag_fakestore_api.write_to_txt scheduled__2024-04-08T00:00:00+00:00 [queued]>
[2024-04-09T13:51:14.219+0000] {taskinstance.py:2303} INFO - Starting attempt 2 of 4
[2024-04-09T13:51:14.517+0000] {taskinstance.py:2327} INFO - Executing <Task(PythonOperator): write_to_txt> on 2024-04-08 00:00:00+00:00
[2024-04-09T13:51:14.590+0000] {warnings.py:110} WARNING - /home/***/.local/lib/python3.12/site-packages/***/task/task_runner/standard_task_runner.py:61: DeprecationWarning: This process (pid=1687) is multi-threaded, use of fork() may lead to deadlocks in the child.
  pid = os.fork()

[2024-04-09T13:51:14.668+0000] {standard_task_runner.py:63} INFO - Started process 1696 to run task
[2024-04-09T13:51:14.636+0000] {standard_task_runner.py:90} INFO - Running: ['***', 'tasks', 'run', 'dag_fakestore_api', 'write_to_txt', 'scheduled__2024-04-08T00:00:00+00:00', '--job-id', '67', '--raw', '--subdir', 'DAGS_FOLDER/get_write_data_from_api.py', '--cfg-path', '/tmp/tmpu5j96s6s']
[2024-04-09T13:51:14.702+0000] {standard_task_runner.py:91} INFO - Job 67: Subtask write_to_txt
[2024-04-09T13:51:15.099+0000] {task_command.py:426} INFO - Running <TaskInstance: dag_fakestore_api.write_to_txt scheduled__2024-04-08T00:00:00+00:00 [running]> on host a05b73ef9a4b
[2024-04-09T13:51:15.766+0000] {taskinstance.py:2644} INFO - Exporting env vars: AIRFLOW_CTX_DAG_OWNER='***' AIRFLOW_CTX_DAG_ID='dag_fakestore_api' AIRFLOW_CTX_TASK_ID='write_to_txt' AIRFLOW_CTX_EXECUTION_DATE='2024-04-08T00:00:00+00:00' AIRFLOW_CTX_TRY_NUMBER='2' AIRFLOW_CTX_DAG_RUN_ID='scheduled__2024-04-08T00:00:00+00:00'
[2024-04-09T13:51:15.773+0000] {taskinstance.py:430} INFO - ::endgroup::
[2024-04-09T13:51:15.808+0000] {get_write_data_from_api.py:63} ERROR - Failed to write to TXT file: [Errno 13] Permission denied: '/path'
[2024-04-09T13:51:15.814+0000] {taskinstance.py:441} INFO - ::group::Post task execution logs
[2024-04-09T13:51:15.816+0000] {taskinstance.py:2890} ERROR - Task failed with exception
Traceback (most recent call last):
  File "/home/airflow/.local/lib/python3.12/site-packages/airflow/models/taskinstance.py", line 465, in _execute_task
    result = _execute_callable(context=context, **execute_callable_kwargs)
             ^^^^^^^^^^^^^^^^^^^^^^^^^^^^^^^^^^^^^^^^^^^^^^^^^^^^^^^^^^^^^
  File "/home/airflow/.local/lib/python3.12/site-packages/airflow/models/taskinstance.py", line 432, in _execute_callable
    return execute_callable(context=context, **execute_callable_kwargs)
           ^^^^^^^^^^^^^^^^^^^^^^^^^^^^^^^^^^^^^^^^^^^^^^^^^^^^^^^^^^^^
  File "/home/airflow/.local/lib/python3.12/site-packages/airflow/models/baseoperator.py", line 400, in wrapper
    return func(self, *args, **kwargs)
           ^^^^^^^^^^^^^^^^^^^^^^^^^^^
  File "/home/airflow/.local/lib/python3.12/site-packages/airflow/operators/python.py", line 235, in execute
    return_value = self.execute_callable()
                   ^^^^^^^^^^^^^^^^^^^^^^^
  File "/home/airflow/.local/lib/python3.12/site-packages/airflow/operators/python.py", line 252, in execute_callable
    return self.python_callable(*self.op_args, **self.op_kwargs)
           ^^^^^^^^^^^^^^^^^^^^^^^^^^^^^^^^^^^^^^^^^^^^^^^^^^^^^
  File "/opt/airflow/dags/get_write_data_from_api.py", line 57, in write_to_txt
    os.makedirs(OUTPUT_DIR, exist_ok=True)
  File "<frozen os>", line 215, in makedirs
  File "<frozen os>", line 215, in makedirs
  File "<frozen os>", line 225, in makedirs
PermissionError: [Errno 13] Permission denied: '/path'
[2024-04-09T13:51:15.845+0000] {taskinstance.py:1205} INFO - Marking task as UP_FOR_RETRY. dag_id=dag_fakestore_api, task_id=write_to_txt, execution_date=20240408T000000, start_date=20240409T135114, end_date=20240409T135115
[2024-04-09T13:51:15.904+0000] {standard_task_runner.py:110} ERROR - Failed to execute job 67 for task write_to_txt ([Errno 13] Permission denied: '/path'; 1696)
[2024-04-09T13:51:15.937+0000] {local_task_job_runner.py:240} INFO - Task exited with return code 1
[2024-04-09T13:51:16.003+0000] {taskinstance.py:3482} INFO - 0 downstream tasks scheduled from follow-on schedule check
[2024-04-09T13:51:16.007+0000] {local_task_job_runner.py:222} INFO - ::endgroup::
[2024-04-09T14:05:40.769+0000] {local_task_job_runner.py:120} INFO - ::group::Pre task execution logs
[2024-04-09T14:05:41.099+0000] {taskinstance.py:2073} INFO - Dependencies all met for dep_context=non-requeueable deps ti=<TaskInstance: dag_fakestore_api.write_to_txt scheduled__2024-04-08T00:00:00+00:00 [queued]>
[2024-04-09T14:05:41.310+0000] {taskinstance.py:2073} INFO - Dependencies all met for dep_context=requeueable deps ti=<TaskInstance: dag_fakestore_api.write_to_txt scheduled__2024-04-08T00:00:00+00:00 [queued]>
[2024-04-09T14:05:41.402+0000] {taskinstance.py:2303} INFO - Starting attempt 2 of 4
[2024-04-09T14:05:41.771+0000] {taskinstance.py:2327} INFO - Executing <Task(PythonOperator): write_to_txt> on 2024-04-08 00:00:00+00:00
[2024-04-09T14:05:41.836+0000] {warnings.py:110} WARNING - /home/***/.local/lib/python3.12/site-packages/***/task/task_runner/standard_task_runner.py:61: DeprecationWarning: This process (pid=1903) is multi-threaded, use of fork() may lead to deadlocks in the child.
  pid = os.fork()

[2024-04-09T14:05:41.882+0000] {standard_task_runner.py:90} INFO - Running: ['***', 'tasks', 'run', 'dag_fakestore_api', 'write_to_txt', 'scheduled__2024-04-08T00:00:00+00:00', '--job-id', '83', '--raw', '--subdir', 'DAGS_FOLDER/get_write_data_from_api.py', '--cfg-path', '/tmp/tmpv2wkd650']
[2024-04-09T14:05:41.930+0000] {standard_task_runner.py:91} INFO - Job 83: Subtask write_to_txt
[2024-04-09T14:05:41.919+0000] {standard_task_runner.py:63} INFO - Started process 1911 to run task
[2024-04-09T14:05:42.456+0000] {task_command.py:426} INFO - Running <TaskInstance: dag_fakestore_api.write_to_txt scheduled__2024-04-08T00:00:00+00:00 [running]> on host a05b73ef9a4b
[2024-04-09T14:05:43.367+0000] {taskinstance.py:2644} INFO - Exporting env vars: AIRFLOW_CTX_DAG_OWNER='***' AIRFLOW_CTX_DAG_ID='dag_fakestore_api' AIRFLOW_CTX_TASK_ID='write_to_txt' AIRFLOW_CTX_EXECUTION_DATE='2024-04-08T00:00:00+00:00' AIRFLOW_CTX_TRY_NUMBER='2' AIRFLOW_CTX_DAG_RUN_ID='scheduled__2024-04-08T00:00:00+00:00'
[2024-04-09T14:05:43.394+0000] {taskinstance.py:430} INFO - ::endgroup::
[2024-04-09T14:05:43.522+0000] {get_write_data_from_api.py:63} ERROR - Failed to write to TXT file: [Errno 13] Permission denied: '/path'
[2024-04-09T14:05:43.558+0000] {taskinstance.py:441} INFO - ::group::Post task execution logs
[2024-04-09T14:05:43.586+0000] {taskinstance.py:2890} ERROR - Task failed with exception
Traceback (most recent call last):
  File "/home/airflow/.local/lib/python3.12/site-packages/airflow/models/taskinstance.py", line 465, in _execute_task
    result = _execute_callable(context=context, **execute_callable_kwargs)
             ^^^^^^^^^^^^^^^^^^^^^^^^^^^^^^^^^^^^^^^^^^^^^^^^^^^^^^^^^^^^^
  File "/home/airflow/.local/lib/python3.12/site-packages/airflow/models/taskinstance.py", line 432, in _execute_callable
    return execute_callable(context=context, **execute_callable_kwargs)
           ^^^^^^^^^^^^^^^^^^^^^^^^^^^^^^^^^^^^^^^^^^^^^^^^^^^^^^^^^^^^
  File "/home/airflow/.local/lib/python3.12/site-packages/airflow/models/baseoperator.py", line 400, in wrapper
    return func(self, *args, **kwargs)
           ^^^^^^^^^^^^^^^^^^^^^^^^^^^
  File "/home/airflow/.local/lib/python3.12/site-packages/airflow/operators/python.py", line 235, in execute
    return_value = self.execute_callable()
                   ^^^^^^^^^^^^^^^^^^^^^^^
  File "/home/airflow/.local/lib/python3.12/site-packages/airflow/operators/python.py", line 252, in execute_callable
    return self.python_callable(*self.op_args, **self.op_kwargs)
           ^^^^^^^^^^^^^^^^^^^^^^^^^^^^^^^^^^^^^^^^^^^^^^^^^^^^^
  File "/opt/airflow/dags/get_write_data_from_api.py", line 57, in write_to_txt
    os.makedirs(OUTPUT_DIR, exist_ok=True)
  File "<frozen os>", line 215, in makedirs
  File "<frozen os>", line 215, in makedirs
  File "<frozen os>", line 225, in makedirs
PermissionError: [Errno 13] Permission denied: '/path'
[2024-04-09T14:05:43.890+0000] {taskinstance.py:1205} INFO - Marking task as UP_FOR_RETRY. dag_id=dag_fakestore_api, task_id=write_to_txt, execution_date=20240408T000000, start_date=20240409T140541, end_date=20240409T140543
[2024-04-09T14:05:44.050+0000] {standard_task_runner.py:110} ERROR - Failed to execute job 83 for task write_to_txt ([Errno 13] Permission denied: '/path'; 1911)
[2024-04-09T14:05:44.162+0000] {local_task_job_runner.py:240} INFO - Task exited with return code 1
[2024-04-09T14:05:44.322+0000] {taskinstance.py:3482} INFO - 0 downstream tasks scheduled from follow-on schedule check
[2024-04-09T14:05:44.365+0000] {local_task_job_runner.py:222} INFO - ::endgroup::
