[2024-04-09T14:51:43.743+0000] {local_task_job_runner.py:120} INFO - ::group::Pre task execution logs
[2024-04-09T14:51:43.775+0000] {taskinstance.py:2073} INFO - Dependencies all met for dep_context=non-requeueable deps ti=<TaskInstance: fakestore_dag.print_done manual__2024-04-09T14:51:17.604455+00:00 [queued]>
[2024-04-09T14:51:43.790+0000] {taskinstance.py:2073} INFO - Dependencies all met for dep_context=requeueable deps ti=<TaskInstance: fakestore_dag.print_done manual__2024-04-09T14:51:17.604455+00:00 [queued]>
[2024-04-09T14:51:43.791+0000] {taskinstance.py:2303} INFO - Starting attempt 1 of 4
[2024-04-09T14:51:43.811+0000] {taskinstance.py:2327} INFO - Executing <Task(PythonOperator): print_done> on 2024-04-09 14:51:17.604455+00:00
[2024-04-09T14:51:43.823+0000] {warnings.py:110} WARNING - /home/***/.local/lib/python3.12/site-packages/***/task/task_runner/standard_task_runner.py:61: DeprecationWarning: This process (pid=2647) is multi-threaded, use of fork() may lead to deadlocks in the child.
  pid = os.fork()

[2024-04-09T14:51:43.825+0000] {standard_task_runner.py:63} INFO - Started process 2649 to run task
[2024-04-09T14:51:43.826+0000] {standard_task_runner.py:90} INFO - Running: ['***', 'tasks', 'run', 'fakestore_dag', 'print_done', 'manual__2024-04-09T14:51:17.604455+00:00', '--job-id', '158', '--raw', '--subdir', 'DAGS_FOLDER/get_write_data_from_api.py', '--cfg-path', '/tmp/tmpa_k14fbn']
[2024-04-09T14:51:43.828+0000] {standard_task_runner.py:91} INFO - Job 158: Subtask print_done
[2024-04-09T14:51:43.894+0000] {task_command.py:426} INFO - Running <TaskInstance: fakestore_dag.print_done manual__2024-04-09T14:51:17.604455+00:00 [running]> on host a05b73ef9a4b
[2024-04-09T14:51:44.104+0000] {taskinstance.py:2644} INFO - Exporting env vars: AIRFLOW_CTX_DAG_OWNER='***' AIRFLOW_CTX_DAG_ID='fakestore_dag' AIRFLOW_CTX_TASK_ID='print_done' AIRFLOW_CTX_EXECUTION_DATE='2024-04-09T14:51:17.604455+00:00' AIRFLOW_CTX_TRY_NUMBER='1' AIRFLOW_CTX_DAG_RUN_ID='manual__2024-04-09T14:51:17.604455+00:00'
[2024-04-09T14:51:44.107+0000] {taskinstance.py:430} INFO - ::endgroup::
[2024-04-09T14:51:44.108+0000] {logging_mixin.py:188} INFO - done!
[2024-04-09T14:51:44.112+0000] {python.py:237} INFO - Done. Returned value was: None
[2024-04-09T14:51:44.115+0000] {taskinstance.py:441} INFO - ::group::Post task execution logs
[2024-04-09T14:51:44.142+0000] {taskinstance.py:1205} INFO - Marking task as SUCCESS. dag_id=fakestore_dag, task_id=print_done, execution_date=20240409T145117, start_date=20240409T145143, end_date=20240409T145144
[2024-04-09T14:51:44.215+0000] {local_task_job_runner.py:240} INFO - Task exited with return code 0
[2024-04-09T14:51:44.301+0000] {taskinstance.py:3482} INFO - 0 downstream tasks scheduled from follow-on schedule check
[2024-04-09T14:51:44.326+0000] {local_task_job_runner.py:222} INFO - ::endgroup::
