[2024-04-09T20:02:36.246+0000] {local_task_job_runner.py:120} INFO - ::group::Pre task execution logs
[2024-04-09T20:02:36.790+0000] {taskinstance.py:2073} INFO - Dependencies all met for dep_context=non-requeueable deps ti=<TaskInstance: fruits_dag.insert_fruit_data scheduled__2023-04-03T00:00:00+00:00 [queued]>
[2024-04-09T20:02:37.072+0000] {taskinstance.py:2073} INFO - Dependencies all met for dep_context=requeueable deps ti=<TaskInstance: fruits_dag.insert_fruit_data scheduled__2023-04-03T00:00:00+00:00 [queued]>
[2024-04-09T20:02:37.097+0000] {taskinstance.py:2303} INFO - Starting attempt 1 of 2
[2024-04-09T20:02:38.128+0000] {taskinstance.py:2327} INFO - Executing <Task(PythonOperator): insert_fruit_data> on 2023-04-03 00:00:00+00:00
[2024-04-09T20:02:38.203+0000] {warnings.py:110} WARNING - /home/***/.local/lib/python3.12/site-packages/***/task/task_runner/standard_task_runner.py:61: DeprecationWarning: This process (pid=586) is multi-threaded, use of fork() may lead to deadlocks in the child.
  pid = os.fork()

[2024-04-09T20:02:38.208+0000] {standard_task_runner.py:63} INFO - Started process 609 to run task
[2024-04-09T20:02:38.244+0000] {standard_task_runner.py:90} INFO - Running: ['***', 'tasks', 'run', 'fruits_dag', 'insert_fruit_data', 'scheduled__2023-04-03T00:00:00+00:00', '--job-id', '503', '--raw', '--subdir', 'DAGS_FOLDER/fruit_table_dag.py', '--cfg-path', '/tmp/tmpurhen_th']
[2024-04-09T20:02:38.333+0000] {standard_task_runner.py:91} INFO - Job 503: Subtask insert_fruit_data
[2024-04-09T20:02:38.893+0000] {task_command.py:426} INFO - Running <TaskInstance: fruits_dag.insert_fruit_data scheduled__2023-04-03T00:00:00+00:00 [running]> on host a89a4f7de6ef
[2024-04-09T20:02:40.513+0000] {taskinstance.py:2644} INFO - Exporting env vars: AIRFLOW_CTX_DAG_OWNER='***' AIRFLOW_CTX_DAG_ID='fruits_dag' AIRFLOW_CTX_TASK_ID='insert_fruit_data' AIRFLOW_CTX_EXECUTION_DATE='2023-04-03T00:00:00+00:00' AIRFLOW_CTX_TRY_NUMBER='1' AIRFLOW_CTX_DAG_RUN_ID='scheduled__2023-04-03T00:00:00+00:00'
[2024-04-09T20:02:40.520+0000] {taskinstance.py:430} INFO - ::endgroup::
[2024-04-09T20:02:40.800+0000] {base.py:84} INFO - Using connection ID 'eksplorasi_postgres' for task execution.
[2024-04-09T20:02:41.028+0000] {python.py:237} INFO - Done. Returned value was: None
[2024-04-09T20:02:41.037+0000] {taskinstance.py:441} INFO - ::group::Post task execution logs
[2024-04-09T20:02:41.186+0000] {taskinstance.py:1205} INFO - Marking task as SUCCESS. dag_id=fruits_dag, task_id=insert_fruit_data, execution_date=20230403T000000, start_date=20240409T200236, end_date=20240409T200241
[2024-04-09T20:02:41.804+0000] {local_task_job_runner.py:240} INFO - Task exited with return code 0
[2024-04-09T20:02:42.343+0000] {taskinstance.py:3482} INFO - 0 downstream tasks scheduled from follow-on schedule check
[2024-04-09T20:02:42.422+0000] {local_task_job_runner.py:222} INFO - ::endgroup::
