[2024-04-09T18:22:36.017+0000] {local_task_job_runner.py:120} INFO - ::group::Pre task execution logs
[2024-04-09T18:22:36.313+0000] {taskinstance.py:2063} INFO - Dependencies not met for <TaskInstance: fruits_dag.create_fruits_table scheduled__2023-03-01T00:00:00+00:00 [up_for_retry]>, dependency 'Not In Retry Period' FAILED: Task is not ready for retry yet but will be retried automatically. Current date is 2024-04-09T18:22:36.313642+00:00 and task will be retried at 2024-04-09T18:27:09.128213+00:00.
[2024-04-09T18:22:36.340+0000] {local_task_job_runner.py:163} INFO - Task is not able to be run
[2024-04-09T18:24:38.788+0000] {local_task_job_runner.py:120} INFO - ::group::Pre task execution logs
[2024-04-09T18:24:39.318+0000] {taskinstance.py:2073} INFO - Dependencies all met for dep_context=non-requeueable deps ti=<TaskInstance: fruits_dag.create_fruits_table scheduled__2023-03-01T00:00:00+00:00 [queued]>
[2024-04-09T18:24:39.539+0000] {taskinstance.py:2073} INFO - Dependencies all met for dep_context=requeueable deps ti=<TaskInstance: fruits_dag.create_fruits_table scheduled__2023-03-01T00:00:00+00:00 [queued]>
[2024-04-09T18:24:39.553+0000] {taskinstance.py:2303} INFO - Starting attempt 13 of 14
[2024-04-09T18:24:39.895+0000] {taskinstance.py:2327} INFO - Executing <Task(PostgresOperator): create_fruits_table> on 2023-03-01 00:00:00+00:00
[2024-04-09T18:24:39.922+0000] {warnings.py:110} WARNING - /home/***/.local/lib/python3.12/site-packages/***/task/task_runner/standard_task_runner.py:61: DeprecationWarning: This process (pid=1822) is multi-threaded, use of fork() may lead to deadlocks in the child.
  pid = os.fork()

[2024-04-09T18:24:39.929+0000] {standard_task_runner.py:63} INFO - Started process 1868 to run task
[2024-04-09T18:24:39.946+0000] {standard_task_runner.py:90} INFO - Running: ['***', 'tasks', 'run', 'fruits_dag', 'create_fruits_table', 'scheduled__2023-03-01T00:00:00+00:00', '--job-id', '138', '--raw', '--subdir', 'DAGS_FOLDER/fruit_table_dag.py', '--cfg-path', '/tmp/tmpe823j9oj']
[2024-04-09T18:24:40.026+0000] {standard_task_runner.py:91} INFO - Job 138: Subtask create_fruits_table
[2024-04-09T18:24:41.556+0000] {task_command.py:426} INFO - Running <TaskInstance: fruits_dag.create_fruits_table scheduled__2023-03-01T00:00:00+00:00 [running]> on host fd38698150f5
[2024-04-09T18:24:44.884+0000] {taskinstance.py:2644} INFO - Exporting env vars: AIRFLOW_CTX_DAG_OWNER='***' AIRFLOW_CTX_DAG_ID='fruits_dag' AIRFLOW_CTX_TASK_ID='create_fruits_table' AIRFLOW_CTX_EXECUTION_DATE='2023-03-01T00:00:00+00:00' AIRFLOW_CTX_TRY_NUMBER='13' AIRFLOW_CTX_DAG_RUN_ID='scheduled__2023-03-01T00:00:00+00:00'
[2024-04-09T18:24:44.899+0000] {taskinstance.py:430} INFO - ::endgroup::
[2024-04-09T18:24:44.904+0000] {sql.py:276} INFO - Executing: 
        CREATE TABLE IF NOT EXISTS fruits (
            id SERIAL PRIMARY KEY,
            name VARCHAR(50) NOT NULL,
            family VARCHAR(50) NOT NULL,
            type VARCHAR(50) NOT NULL,
            color VARCHAR(50) NOT NULL
        );
    
[2024-04-09T18:24:45.142+0000] {base.py:84} INFO - Using connection ID 'eksplorasi_postgres' for task execution.
[2024-04-09T18:24:45.518+0000] {base.py:84} INFO - Using connection ID 'eksplorasi_postgres' for task execution.
[2024-04-09T18:24:46.832+0000] {sql.py:457} INFO - Running statement: 
        CREATE TABLE IF NOT EXISTS fruits (
            id SERIAL PRIMARY KEY,
            name VARCHAR(50) NOT NULL,
            family VARCHAR(50) NOT NULL,
            type VARCHAR(50) NOT NULL,
            color VARCHAR(50) NOT NULL
        );
    , parameters: None
[2024-04-09T18:24:47.476+0000] {taskinstance.py:441} INFO - ::group::Post task execution logs
[2024-04-09T18:24:47.502+0000] {taskinstance.py:2890} ERROR - Task failed with exception
Traceback (most recent call last):
  File "/home/airflow/.local/lib/python3.12/site-packages/airflow/models/taskinstance.py", line 465, in _execute_task
    result = _execute_callable(context=context, **execute_callable_kwargs)
             ^^^^^^^^^^^^^^^^^^^^^^^^^^^^^^^^^^^^^^^^^^^^^^^^^^^^^^^^^^^^^
  File "/home/airflow/.local/lib/python3.12/site-packages/airflow/models/taskinstance.py", line 432, in _execute_callable
    return execute_callable(context=context, **execute_callable_kwargs)
           ^^^^^^^^^^^^^^^^^^^^^^^^^^^^^^^^^^^^^^^^^^^^^^^^^^^^^^^^^^^^
  File "/home/airflow/.local/lib/python3.12/site-packages/airflow/models/baseoperator.py", line 400, in wrapper
    return func(self, *args, **kwargs)
           ^^^^^^^^^^^^^^^^^^^^^^^^^^^
  File "/home/airflow/.local/lib/python3.12/site-packages/airflow/providers/common/sql/operators/sql.py", line 282, in execute
    output = hook.run(
             ^^^^^^^^^
  File "/home/airflow/.local/lib/python3.12/site-packages/airflow/providers/common/sql/hooks/sql.py", line 404, in run
    self._run_command(cur, sql_statement, parameters)
  File "/home/airflow/.local/lib/python3.12/site-packages/airflow/providers/common/sql/hooks/sql.py", line 462, in _run_command
    cur.execute(sql_statement)
psycopg2.errors.UniqueViolation: duplicate key value violates unique constraint "pg_type_typname_nsp_index"
DETAIL:  Key (typname, typnamespace)=(fruits_id_seq, 2200) already exists.

[2024-04-09T18:24:47.689+0000] {taskinstance.py:1205} INFO - Marking task as UP_FOR_RETRY. dag_id=fruits_dag, task_id=create_fruits_table, execution_date=20230301T000000, start_date=20240409T182439, end_date=20240409T182447
[2024-04-09T18:24:47.921+0000] {standard_task_runner.py:110} ERROR - Failed to execute job 138 for task create_fruits_table (duplicate key value violates unique constraint "pg_type_typname_nsp_index"
DETAIL:  Key (typname, typnamespace)=(fruits_id_seq, 2200) already exists.
; 1868)
[2024-04-09T18:24:48.067+0000] {local_task_job_runner.py:240} INFO - Task exited with return code 1
[2024-04-09T18:24:49.463+0000] {warnings.py:110} WARNING - /home/***/.local/lib/python3.12/site-packages/***/models/baseoperator.py:1296: AirflowProviderDeprecationWarning: Call to deprecated class PostgresOperator. (Please use `***.providers.common.sql.operators.sql.SQLExecuteQueryOperator`.Also, you can provide `hook_params={'schema': <database>}`.)
  result = cls.__new__(cls)

[2024-04-09T18:24:49.917+0000] {taskinstance.py:3482} INFO - 0 downstream tasks scheduled from follow-on schedule check
[2024-04-09T18:24:50.023+0000] {local_task_job_runner.py:222} INFO - ::endgroup::
