[2024-04-09T15:19:27.639+0000] {local_task_job_runner.py:120} INFO - ::group::Pre task execution logs
[2024-04-09T15:19:27.678+0000] {taskinstance.py:2073} INFO - Dependencies all met for dep_context=non-requeueable deps ti=<TaskInstance: fakestore_dag.print_done scheduled__2024-04-08T00:00:00+00:00 [queued]>
[2024-04-09T15:19:27.697+0000] {taskinstance.py:2073} INFO - Dependencies all met for dep_context=requeueable deps ti=<TaskInstance: fakestore_dag.print_done scheduled__2024-04-08T00:00:00+00:00 [queued]>
[2024-04-09T15:19:27.698+0000] {taskinstance.py:2303} INFO - Starting attempt 1 of 4
[2024-04-09T15:19:27.723+0000] {taskinstance.py:2327} INFO - Executing <Task(PythonOperator): print_done> on 2024-04-08 00:00:00+00:00
[2024-04-09T15:19:27.742+0000] {warnings.py:110} WARNING - /home/***/.local/lib/python3.12/site-packages/***/task/task_runner/standard_task_runner.py:61: DeprecationWarning: This process (pid=3033) is multi-threaded, use of fork() may lead to deadlocks in the child.
  pid = os.fork()

[2024-04-09T15:19:27.744+0000] {standard_task_runner.py:63} INFO - Started process 3038 to run task
[2024-04-09T15:19:27.742+0000] {standard_task_runner.py:90} INFO - Running: ['***', 'tasks', 'run', 'fakestore_dag', 'print_done', 'scheduled__2024-04-08T00:00:00+00:00', '--job-id', '180', '--raw', '--subdir', 'DAGS_FOLDER/get_write_data_from_api.py', '--cfg-path', '/tmp/tmp9p_wvphv']
[2024-04-09T15:19:27.754+0000] {standard_task_runner.py:91} INFO - Job 180: Subtask print_done
[2024-04-09T15:19:27.864+0000] {task_command.py:426} INFO - Running <TaskInstance: fakestore_dag.print_done scheduled__2024-04-08T00:00:00+00:00 [running]> on host a05b73ef9a4b
[2024-04-09T15:19:28.149+0000] {taskinstance.py:2644} INFO - Exporting env vars: AIRFLOW_CTX_DAG_OWNER='***' AIRFLOW_CTX_DAG_ID='fakestore_dag' AIRFLOW_CTX_TASK_ID='print_done' AIRFLOW_CTX_EXECUTION_DATE='2024-04-08T00:00:00+00:00' AIRFLOW_CTX_TRY_NUMBER='1' AIRFLOW_CTX_DAG_RUN_ID='scheduled__2024-04-08T00:00:00+00:00'
[2024-04-09T15:19:28.153+0000] {taskinstance.py:430} INFO - ::endgroup::
[2024-04-09T15:19:28.155+0000] {logging_mixin.py:188} INFO - done!
[2024-04-09T15:19:28.157+0000] {python.py:237} INFO - Done. Returned value was: None
[2024-04-09T15:19:28.158+0000] {taskinstance.py:441} INFO - ::group::Post task execution logs
[2024-04-09T15:19:28.190+0000] {taskinstance.py:1205} INFO - Marking task as SUCCESS. dag_id=fakestore_dag, task_id=print_done, execution_date=20240408T000000, start_date=20240409T151927, end_date=20240409T151928
[2024-04-09T15:19:28.259+0000] {local_task_job_runner.py:240} INFO - Task exited with return code 0
[2024-04-09T15:19:28.285+0000] {taskinstance.py:3482} INFO - 0 downstream tasks scheduled from follow-on schedule check
[2024-04-09T15:19:28.289+0000] {local_task_job_runner.py:222} INFO - ::endgroup::
