[2024-04-17T22:43:02.194+0700] {processor.py:161} INFO - Started process (PID=4694) to work on /home/newrey/airflow/airflow-env/lib/python3.10/site-packages/airflow/example_dags/subdags/subdag.py
[2024-04-17T22:43:02.197+0700] {processor.py:830} INFO - Processing file /home/newrey/airflow/airflow-env/lib/python3.10/site-packages/airflow/example_dags/subdags/subdag.py for tasks to queue
[2024-04-17T22:43:02.202+0700] {logging_mixin.py:188} INFO - [2024-04-17T22:43:02.200+0700] {dagbag.py:540} INFO - Filling up the DagBag from /home/newrey/airflow/airflow-env/lib/python3.10/site-packages/airflow/example_dags/subdags/subdag.py
[2024-04-17T22:43:02.205+0700] {processor.py:842} WARNING - No viable dags retrieved from /home/newrey/airflow/airflow-env/lib/python3.10/site-packages/airflow/example_dags/subdags/subdag.py
[2024-04-17T22:43:02.221+0700] {processor.py:183} INFO - Processing /home/newrey/airflow/airflow-env/lib/python3.10/site-packages/airflow/example_dags/subdags/subdag.py took 0.035 seconds
[2024-04-17T22:44:09.549+0700] {processor.py:161} INFO - Started process (PID=4921) to work on /home/newrey/airflow/airflow-env/lib/python3.10/site-packages/airflow/example_dags/subdags/subdag.py
[2024-04-17T22:44:09.557+0700] {processor.py:830} INFO - Processing file /home/newrey/airflow/airflow-env/lib/python3.10/site-packages/airflow/example_dags/subdags/subdag.py for tasks to queue
[2024-04-17T22:44:09.559+0700] {logging_mixin.py:188} INFO - [2024-04-17T22:44:09.559+0700] {dagbag.py:540} INFO - Filling up the DagBag from /home/newrey/airflow/airflow-env/lib/python3.10/site-packages/airflow/example_dags/subdags/subdag.py
[2024-04-17T22:44:09.562+0700] {processor.py:842} WARNING - No viable dags retrieved from /home/newrey/airflow/airflow-env/lib/python3.10/site-packages/airflow/example_dags/subdags/subdag.py
[2024-04-17T22:44:09.571+0700] {processor.py:183} INFO - Processing /home/newrey/airflow/airflow-env/lib/python3.10/site-packages/airflow/example_dags/subdags/subdag.py took 0.030 seconds
[2024-04-17T22:45:08.054+0700] {processor.py:161} INFO - Started process (PID=5041) to work on /home/newrey/airflow/airflow-env/lib/python3.10/site-packages/airflow/example_dags/subdags/subdag.py
[2024-04-17T22:45:08.056+0700] {processor.py:830} INFO - Processing file /home/newrey/airflow/airflow-env/lib/python3.10/site-packages/airflow/example_dags/subdags/subdag.py for tasks to queue
[2024-04-17T22:45:08.160+0700] {logging_mixin.py:188} INFO - [2024-04-17T22:45:08.160+0700] {dagbag.py:540} INFO - Filling up the DagBag from /home/newrey/airflow/airflow-env/lib/python3.10/site-packages/airflow/example_dags/subdags/subdag.py
[2024-04-17T22:45:08.162+0700] {processor.py:842} WARNING - No viable dags retrieved from /home/newrey/airflow/airflow-env/lib/python3.10/site-packages/airflow/example_dags/subdags/subdag.py
[2024-04-17T22:45:08.169+0700] {processor.py:183} INFO - Processing /home/newrey/airflow/airflow-env/lib/python3.10/site-packages/airflow/example_dags/subdags/subdag.py took 0.123 seconds
[2024-04-17T22:46:00.344+0700] {processor.py:161} INFO - Started process (PID=5171) to work on /home/newrey/airflow/airflow-env/lib/python3.10/site-packages/airflow/example_dags/subdags/subdag.py
[2024-04-17T22:46:00.345+0700] {processor.py:830} INFO - Processing file /home/newrey/airflow/airflow-env/lib/python3.10/site-packages/airflow/example_dags/subdags/subdag.py for tasks to queue
[2024-04-17T22:46:00.347+0700] {logging_mixin.py:188} INFO - [2024-04-17T22:46:00.346+0700] {dagbag.py:540} INFO - Filling up the DagBag from /home/newrey/airflow/airflow-env/lib/python3.10/site-packages/airflow/example_dags/subdags/subdag.py
[2024-04-17T22:46:00.348+0700] {processor.py:842} WARNING - No viable dags retrieved from /home/newrey/airflow/airflow-env/lib/python3.10/site-packages/airflow/example_dags/subdags/subdag.py
[2024-04-17T22:46:00.358+0700] {processor.py:183} INFO - Processing /home/newrey/airflow/airflow-env/lib/python3.10/site-packages/airflow/example_dags/subdags/subdag.py took 0.023 seconds
[2024-04-17T22:46:52.619+0700] {processor.py:161} INFO - Started process (PID=5289) to work on /home/newrey/airflow/airflow-env/lib/python3.10/site-packages/airflow/example_dags/subdags/subdag.py
[2024-04-17T22:46:52.620+0700] {processor.py:830} INFO - Processing file /home/newrey/airflow/airflow-env/lib/python3.10/site-packages/airflow/example_dags/subdags/subdag.py for tasks to queue
[2024-04-17T22:46:52.621+0700] {logging_mixin.py:188} INFO - [2024-04-17T22:46:52.621+0700] {dagbag.py:540} INFO - Filling up the DagBag from /home/newrey/airflow/airflow-env/lib/python3.10/site-packages/airflow/example_dags/subdags/subdag.py
[2024-04-17T22:46:52.624+0700] {processor.py:842} WARNING - No viable dags retrieved from /home/newrey/airflow/airflow-env/lib/python3.10/site-packages/airflow/example_dags/subdags/subdag.py
[2024-04-17T22:46:52.633+0700] {processor.py:183} INFO - Processing /home/newrey/airflow/airflow-env/lib/python3.10/site-packages/airflow/example_dags/subdags/subdag.py took 0.022 seconds
[2024-04-17T22:47:42.713+0700] {processor.py:161} INFO - Started process (PID=5722) to work on /home/newrey/airflow/airflow-env/lib/python3.10/site-packages/airflow/example_dags/subdags/subdag.py
[2024-04-17T22:47:42.715+0700] {processor.py:830} INFO - Processing file /home/newrey/airflow/airflow-env/lib/python3.10/site-packages/airflow/example_dags/subdags/subdag.py for tasks to queue
[2024-04-17T22:47:42.717+0700] {logging_mixin.py:188} INFO - [2024-04-17T22:47:42.717+0700] {dagbag.py:540} INFO - Filling up the DagBag from /home/newrey/airflow/airflow-env/lib/python3.10/site-packages/airflow/example_dags/subdags/subdag.py
[2024-04-17T22:47:42.719+0700] {processor.py:842} WARNING - No viable dags retrieved from /home/newrey/airflow/airflow-env/lib/python3.10/site-packages/airflow/example_dags/subdags/subdag.py
[2024-04-17T22:47:42.729+0700] {processor.py:183} INFO - Processing /home/newrey/airflow/airflow-env/lib/python3.10/site-packages/airflow/example_dags/subdags/subdag.py took 0.024 seconds
[2024-04-17T22:48:55.750+0700] {processor.py:161} INFO - Started process (PID=6214) to work on /home/newrey/airflow/airflow-env/lib/python3.10/site-packages/airflow/example_dags/subdags/subdag.py
[2024-04-17T22:48:55.752+0700] {processor.py:830} INFO - Processing file /home/newrey/airflow/airflow-env/lib/python3.10/site-packages/airflow/example_dags/subdags/subdag.py for tasks to queue
[2024-04-17T22:48:55.754+0700] {logging_mixin.py:188} INFO - [2024-04-17T22:48:55.753+0700] {dagbag.py:540} INFO - Filling up the DagBag from /home/newrey/airflow/airflow-env/lib/python3.10/site-packages/airflow/example_dags/subdags/subdag.py
[2024-04-17T22:48:55.756+0700] {processor.py:842} WARNING - No viable dags retrieved from /home/newrey/airflow/airflow-env/lib/python3.10/site-packages/airflow/example_dags/subdags/subdag.py
[2024-04-17T22:48:55.779+0700] {processor.py:183} INFO - Processing /home/newrey/airflow/airflow-env/lib/python3.10/site-packages/airflow/example_dags/subdags/subdag.py took 0.039 seconds
[2024-04-17T22:49:46.070+0700] {processor.py:161} INFO - Started process (PID=6496) to work on /home/newrey/airflow/airflow-env/lib/python3.10/site-packages/airflow/example_dags/subdags/subdag.py
[2024-04-17T22:49:46.075+0700] {processor.py:830} INFO - Processing file /home/newrey/airflow/airflow-env/lib/python3.10/site-packages/airflow/example_dags/subdags/subdag.py for tasks to queue
[2024-04-17T22:49:46.077+0700] {logging_mixin.py:188} INFO - [2024-04-17T22:49:46.076+0700] {dagbag.py:540} INFO - Filling up the DagBag from /home/newrey/airflow/airflow-env/lib/python3.10/site-packages/airflow/example_dags/subdags/subdag.py
[2024-04-17T22:49:46.079+0700] {processor.py:842} WARNING - No viable dags retrieved from /home/newrey/airflow/airflow-env/lib/python3.10/site-packages/airflow/example_dags/subdags/subdag.py
[2024-04-17T22:49:46.089+0700] {processor.py:183} INFO - Processing /home/newrey/airflow/airflow-env/lib/python3.10/site-packages/airflow/example_dags/subdags/subdag.py took 0.036 seconds
[2024-04-17T22:50:57.759+0700] {processor.py:161} INFO - Started process (PID=6744) to work on /home/newrey/airflow/airflow-env/lib/python3.10/site-packages/airflow/example_dags/subdags/subdag.py
[2024-04-17T22:50:57.760+0700] {processor.py:830} INFO - Processing file /home/newrey/airflow/airflow-env/lib/python3.10/site-packages/airflow/example_dags/subdags/subdag.py for tasks to queue
[2024-04-17T22:50:57.762+0700] {logging_mixin.py:188} INFO - [2024-04-17T22:50:57.762+0700] {dagbag.py:540} INFO - Filling up the DagBag from /home/newrey/airflow/airflow-env/lib/python3.10/site-packages/airflow/example_dags/subdags/subdag.py
[2024-04-17T22:50:57.764+0700] {processor.py:842} WARNING - No viable dags retrieved from /home/newrey/airflow/airflow-env/lib/python3.10/site-packages/airflow/example_dags/subdags/subdag.py
[2024-04-17T22:50:57.773+0700] {processor.py:183} INFO - Processing /home/newrey/airflow/airflow-env/lib/python3.10/site-packages/airflow/example_dags/subdags/subdag.py took 0.023 seconds
[2024-04-17T22:52:08.345+0700] {processor.py:161} INFO - Started process (PID=7689) to work on /home/newrey/airflow/airflow-env/lib/python3.10/site-packages/airflow/example_dags/subdags/subdag.py
[2024-04-17T22:52:08.348+0700] {processor.py:830} INFO - Processing file /home/newrey/airflow/airflow-env/lib/python3.10/site-packages/airflow/example_dags/subdags/subdag.py for tasks to queue
[2024-04-17T22:52:08.350+0700] {logging_mixin.py:188} INFO - [2024-04-17T22:52:08.349+0700] {dagbag.py:540} INFO - Filling up the DagBag from /home/newrey/airflow/airflow-env/lib/python3.10/site-packages/airflow/example_dags/subdags/subdag.py
[2024-04-17T22:52:08.351+0700] {processor.py:842} WARNING - No viable dags retrieved from /home/newrey/airflow/airflow-env/lib/python3.10/site-packages/airflow/example_dags/subdags/subdag.py
[2024-04-17T22:52:08.361+0700] {processor.py:183} INFO - Processing /home/newrey/airflow/airflow-env/lib/python3.10/site-packages/airflow/example_dags/subdags/subdag.py took 0.026 seconds
[2024-04-17T22:53:03.168+0700] {processor.py:161} INFO - Started process (PID=8423) to work on /home/newrey/airflow/airflow-env/lib/python3.10/site-packages/airflow/example_dags/subdags/subdag.py
[2024-04-17T22:53:03.170+0700] {processor.py:830} INFO - Processing file /home/newrey/airflow/airflow-env/lib/python3.10/site-packages/airflow/example_dags/subdags/subdag.py for tasks to queue
[2024-04-17T22:53:03.171+0700] {logging_mixin.py:188} INFO - [2024-04-17T22:53:03.171+0700] {dagbag.py:540} INFO - Filling up the DagBag from /home/newrey/airflow/airflow-env/lib/python3.10/site-packages/airflow/example_dags/subdags/subdag.py
[2024-04-17T22:53:03.173+0700] {processor.py:842} WARNING - No viable dags retrieved from /home/newrey/airflow/airflow-env/lib/python3.10/site-packages/airflow/example_dags/subdags/subdag.py
[2024-04-17T22:53:03.182+0700] {processor.py:183} INFO - Processing /home/newrey/airflow/airflow-env/lib/python3.10/site-packages/airflow/example_dags/subdags/subdag.py took 0.024 seconds
[2024-04-17T22:54:01.792+0700] {processor.py:161} INFO - Started process (PID=9121) to work on /home/newrey/airflow/airflow-env/lib/python3.10/site-packages/airflow/example_dags/subdags/subdag.py
[2024-04-17T22:54:01.793+0700] {processor.py:830} INFO - Processing file /home/newrey/airflow/airflow-env/lib/python3.10/site-packages/airflow/example_dags/subdags/subdag.py for tasks to queue
[2024-04-17T22:54:01.795+0700] {logging_mixin.py:188} INFO - [2024-04-17T22:54:01.795+0700] {dagbag.py:540} INFO - Filling up the DagBag from /home/newrey/airflow/airflow-env/lib/python3.10/site-packages/airflow/example_dags/subdags/subdag.py
[2024-04-17T22:54:01.796+0700] {processor.py:842} WARNING - No viable dags retrieved from /home/newrey/airflow/airflow-env/lib/python3.10/site-packages/airflow/example_dags/subdags/subdag.py
[2024-04-17T22:54:01.805+0700] {processor.py:183} INFO - Processing /home/newrey/airflow/airflow-env/lib/python3.10/site-packages/airflow/example_dags/subdags/subdag.py took 0.022 seconds
[2024-04-17T22:54:54.814+0700] {processor.py:161} INFO - Started process (PID=9253) to work on /home/newrey/airflow/airflow-env/lib/python3.10/site-packages/airflow/example_dags/subdags/subdag.py
[2024-04-17T22:54:54.815+0700] {processor.py:830} INFO - Processing file /home/newrey/airflow/airflow-env/lib/python3.10/site-packages/airflow/example_dags/subdags/subdag.py for tasks to queue
[2024-04-17T22:54:54.816+0700] {logging_mixin.py:188} INFO - [2024-04-17T22:54:54.816+0700] {dagbag.py:540} INFO - Filling up the DagBag from /home/newrey/airflow/airflow-env/lib/python3.10/site-packages/airflow/example_dags/subdags/subdag.py
[2024-04-17T22:54:54.819+0700] {processor.py:842} WARNING - No viable dags retrieved from /home/newrey/airflow/airflow-env/lib/python3.10/site-packages/airflow/example_dags/subdags/subdag.py
[2024-04-17T22:54:54.829+0700] {processor.py:183} INFO - Processing /home/newrey/airflow/airflow-env/lib/python3.10/site-packages/airflow/example_dags/subdags/subdag.py took 0.024 seconds
[2024-04-17T22:56:00.826+0700] {processor.py:161} INFO - Started process (PID=9415) to work on /home/newrey/airflow/airflow-env/lib/python3.10/site-packages/airflow/example_dags/subdags/subdag.py
[2024-04-17T22:56:00.828+0700] {processor.py:830} INFO - Processing file /home/newrey/airflow/airflow-env/lib/python3.10/site-packages/airflow/example_dags/subdags/subdag.py for tasks to queue
[2024-04-17T22:56:00.830+0700] {logging_mixin.py:188} INFO - [2024-04-17T22:56:00.830+0700] {dagbag.py:540} INFO - Filling up the DagBag from /home/newrey/airflow/airflow-env/lib/python3.10/site-packages/airflow/example_dags/subdags/subdag.py
[2024-04-17T22:56:00.832+0700] {processor.py:842} WARNING - No viable dags retrieved from /home/newrey/airflow/airflow-env/lib/python3.10/site-packages/airflow/example_dags/subdags/subdag.py
[2024-04-17T22:56:00.840+0700] {processor.py:183} INFO - Processing /home/newrey/airflow/airflow-env/lib/python3.10/site-packages/airflow/example_dags/subdags/subdag.py took 0.022 seconds
[2024-04-17T22:57:10.796+0700] {processor.py:161} INFO - Started process (PID=9564) to work on /home/newrey/airflow/airflow-env/lib/python3.10/site-packages/airflow/example_dags/subdags/subdag.py
[2024-04-17T22:57:10.797+0700] {processor.py:830} INFO - Processing file /home/newrey/airflow/airflow-env/lib/python3.10/site-packages/airflow/example_dags/subdags/subdag.py for tasks to queue
[2024-04-17T22:57:10.798+0700] {logging_mixin.py:188} INFO - [2024-04-17T22:57:10.798+0700] {dagbag.py:540} INFO - Filling up the DagBag from /home/newrey/airflow/airflow-env/lib/python3.10/site-packages/airflow/example_dags/subdags/subdag.py
[2024-04-17T22:57:10.800+0700] {processor.py:842} WARNING - No viable dags retrieved from /home/newrey/airflow/airflow-env/lib/python3.10/site-packages/airflow/example_dags/subdags/subdag.py
[2024-04-17T22:57:10.808+0700] {processor.py:183} INFO - Processing /home/newrey/airflow/airflow-env/lib/python3.10/site-packages/airflow/example_dags/subdags/subdag.py took 0.025 seconds
[2024-04-17T22:58:19.964+0700] {processor.py:161} INFO - Started process (PID=9792) to work on /home/newrey/airflow/airflow-env/lib/python3.10/site-packages/airflow/example_dags/subdags/subdag.py
[2024-04-17T22:58:19.965+0700] {processor.py:830} INFO - Processing file /home/newrey/airflow/airflow-env/lib/python3.10/site-packages/airflow/example_dags/subdags/subdag.py for tasks to queue
[2024-04-17T22:58:19.967+0700] {logging_mixin.py:188} INFO - [2024-04-17T22:58:19.967+0700] {dagbag.py:540} INFO - Filling up the DagBag from /home/newrey/airflow/airflow-env/lib/python3.10/site-packages/airflow/example_dags/subdags/subdag.py
[2024-04-17T22:58:19.969+0700] {processor.py:842} WARNING - No viable dags retrieved from /home/newrey/airflow/airflow-env/lib/python3.10/site-packages/airflow/example_dags/subdags/subdag.py
[2024-04-17T22:58:19.982+0700] {processor.py:183} INFO - Processing /home/newrey/airflow/airflow-env/lib/python3.10/site-packages/airflow/example_dags/subdags/subdag.py took 0.028 seconds
[2024-04-17T22:59:29.938+0700] {processor.py:161} INFO - Started process (PID=10131) to work on /home/newrey/airflow/airflow-env/lib/python3.10/site-packages/airflow/example_dags/subdags/subdag.py
[2024-04-17T22:59:29.939+0700] {processor.py:830} INFO - Processing file /home/newrey/airflow/airflow-env/lib/python3.10/site-packages/airflow/example_dags/subdags/subdag.py for tasks to queue
[2024-04-17T22:59:29.941+0700] {logging_mixin.py:188} INFO - [2024-04-17T22:59:29.940+0700] {dagbag.py:540} INFO - Filling up the DagBag from /home/newrey/airflow/airflow-env/lib/python3.10/site-packages/airflow/example_dags/subdags/subdag.py
[2024-04-17T22:59:29.942+0700] {processor.py:842} WARNING - No viable dags retrieved from /home/newrey/airflow/airflow-env/lib/python3.10/site-packages/airflow/example_dags/subdags/subdag.py
[2024-04-17T22:59:29.952+0700] {processor.py:183} INFO - Processing /home/newrey/airflow/airflow-env/lib/python3.10/site-packages/airflow/example_dags/subdags/subdag.py took 0.023 seconds
[2024-04-17T23:00:45.580+0700] {processor.py:161} INFO - Started process (PID=10431) to work on /home/newrey/airflow/airflow-env/lib/python3.10/site-packages/airflow/example_dags/subdags/subdag.py
[2024-04-17T23:00:45.581+0700] {processor.py:830} INFO - Processing file /home/newrey/airflow/airflow-env/lib/python3.10/site-packages/airflow/example_dags/subdags/subdag.py for tasks to queue
[2024-04-17T23:00:45.583+0700] {logging_mixin.py:188} INFO - [2024-04-17T23:00:45.582+0700] {dagbag.py:540} INFO - Filling up the DagBag from /home/newrey/airflow/airflow-env/lib/python3.10/site-packages/airflow/example_dags/subdags/subdag.py
[2024-04-17T23:00:45.584+0700] {processor.py:842} WARNING - No viable dags retrieved from /home/newrey/airflow/airflow-env/lib/python3.10/site-packages/airflow/example_dags/subdags/subdag.py
[2024-04-17T23:00:45.593+0700] {processor.py:183} INFO - Processing /home/newrey/airflow/airflow-env/lib/python3.10/site-packages/airflow/example_dags/subdags/subdag.py took 0.023 seconds
[2024-04-17T23:01:58.777+0700] {processor.py:161} INFO - Started process (PID=10582) to work on /home/newrey/airflow/airflow-env/lib/python3.10/site-packages/airflow/example_dags/subdags/subdag.py
[2024-04-17T23:01:58.778+0700] {processor.py:830} INFO - Processing file /home/newrey/airflow/airflow-env/lib/python3.10/site-packages/airflow/example_dags/subdags/subdag.py for tasks to queue
[2024-04-17T23:01:58.779+0700] {logging_mixin.py:188} INFO - [2024-04-17T23:01:58.779+0700] {dagbag.py:540} INFO - Filling up the DagBag from /home/newrey/airflow/airflow-env/lib/python3.10/site-packages/airflow/example_dags/subdags/subdag.py
[2024-04-17T23:01:58.781+0700] {processor.py:842} WARNING - No viable dags retrieved from /home/newrey/airflow/airflow-env/lib/python3.10/site-packages/airflow/example_dags/subdags/subdag.py
[2024-04-17T23:01:58.790+0700] {processor.py:183} INFO - Processing /home/newrey/airflow/airflow-env/lib/python3.10/site-packages/airflow/example_dags/subdags/subdag.py took 0.021 seconds
[2024-04-17T23:02:51.909+0700] {processor.py:161} INFO - Started process (PID=10779) to work on /home/newrey/airflow/airflow-env/lib/python3.10/site-packages/airflow/example_dags/subdags/subdag.py
[2024-04-17T23:02:51.910+0700] {processor.py:830} INFO - Processing file /home/newrey/airflow/airflow-env/lib/python3.10/site-packages/airflow/example_dags/subdags/subdag.py for tasks to queue
[2024-04-17T23:02:51.912+0700] {logging_mixin.py:188} INFO - [2024-04-17T23:02:51.912+0700] {dagbag.py:540} INFO - Filling up the DagBag from /home/newrey/airflow/airflow-env/lib/python3.10/site-packages/airflow/example_dags/subdags/subdag.py
[2024-04-17T23:02:51.914+0700] {processor.py:842} WARNING - No viable dags retrieved from /home/newrey/airflow/airflow-env/lib/python3.10/site-packages/airflow/example_dags/subdags/subdag.py
[2024-04-17T23:02:51.924+0700] {processor.py:183} INFO - Processing /home/newrey/airflow/airflow-env/lib/python3.10/site-packages/airflow/example_dags/subdags/subdag.py took 0.022 seconds
[2024-04-17T23:04:08.401+0700] {processor.py:161} INFO - Started process (PID=10963) to work on /home/newrey/airflow/airflow-env/lib/python3.10/site-packages/airflow/example_dags/subdags/subdag.py
[2024-04-17T23:04:08.403+0700] {processor.py:830} INFO - Processing file /home/newrey/airflow/airflow-env/lib/python3.10/site-packages/airflow/example_dags/subdags/subdag.py for tasks to queue
[2024-04-17T23:04:08.406+0700] {logging_mixin.py:188} INFO - [2024-04-17T23:04:08.406+0700] {dagbag.py:540} INFO - Filling up the DagBag from /home/newrey/airflow/airflow-env/lib/python3.10/site-packages/airflow/example_dags/subdags/subdag.py
[2024-04-17T23:04:08.418+0700] {processor.py:842} WARNING - No viable dags retrieved from /home/newrey/airflow/airflow-env/lib/python3.10/site-packages/airflow/example_dags/subdags/subdag.py
[2024-04-17T23:04:08.456+0700] {processor.py:183} INFO - Processing /home/newrey/airflow/airflow-env/lib/python3.10/site-packages/airflow/example_dags/subdags/subdag.py took 0.080 seconds
[2024-04-17T23:05:04.995+0700] {processor.py:161} INFO - Started process (PID=11096) to work on /home/newrey/airflow/airflow-env/lib/python3.10/site-packages/airflow/example_dags/subdags/subdag.py
[2024-04-17T23:05:04.997+0700] {processor.py:830} INFO - Processing file /home/newrey/airflow/airflow-env/lib/python3.10/site-packages/airflow/example_dags/subdags/subdag.py for tasks to queue
[2024-04-17T23:05:04.999+0700] {logging_mixin.py:188} INFO - [2024-04-17T23:05:04.999+0700] {dagbag.py:540} INFO - Filling up the DagBag from /home/newrey/airflow/airflow-env/lib/python3.10/site-packages/airflow/example_dags/subdags/subdag.py
[2024-04-17T23:05:05.001+0700] {processor.py:842} WARNING - No viable dags retrieved from /home/newrey/airflow/airflow-env/lib/python3.10/site-packages/airflow/example_dags/subdags/subdag.py
[2024-04-17T23:05:05.012+0700] {processor.py:183} INFO - Processing /home/newrey/airflow/airflow-env/lib/python3.10/site-packages/airflow/example_dags/subdags/subdag.py took 0.027 seconds
[2024-04-17T23:06:04.026+0700] {processor.py:161} INFO - Started process (PID=11232) to work on /home/newrey/airflow/airflow-env/lib/python3.10/site-packages/airflow/example_dags/subdags/subdag.py
[2024-04-17T23:06:04.028+0700] {processor.py:830} INFO - Processing file /home/newrey/airflow/airflow-env/lib/python3.10/site-packages/airflow/example_dags/subdags/subdag.py for tasks to queue
[2024-04-17T23:06:04.030+0700] {logging_mixin.py:188} INFO - [2024-04-17T23:06:04.030+0700] {dagbag.py:540} INFO - Filling up the DagBag from /home/newrey/airflow/airflow-env/lib/python3.10/site-packages/airflow/example_dags/subdags/subdag.py
[2024-04-17T23:06:04.032+0700] {processor.py:842} WARNING - No viable dags retrieved from /home/newrey/airflow/airflow-env/lib/python3.10/site-packages/airflow/example_dags/subdags/subdag.py
[2024-04-17T23:06:04.044+0700] {processor.py:183} INFO - Processing /home/newrey/airflow/airflow-env/lib/python3.10/site-packages/airflow/example_dags/subdags/subdag.py took 0.032 seconds
[2024-04-17T23:07:00.295+0700] {processor.py:161} INFO - Started process (PID=11366) to work on /home/newrey/airflow/airflow-env/lib/python3.10/site-packages/airflow/example_dags/subdags/subdag.py
[2024-04-17T23:07:00.297+0700] {processor.py:830} INFO - Processing file /home/newrey/airflow/airflow-env/lib/python3.10/site-packages/airflow/example_dags/subdags/subdag.py for tasks to queue
[2024-04-17T23:07:00.300+0700] {logging_mixin.py:188} INFO - [2024-04-17T23:07:00.299+0700] {dagbag.py:540} INFO - Filling up the DagBag from /home/newrey/airflow/airflow-env/lib/python3.10/site-packages/airflow/example_dags/subdags/subdag.py
[2024-04-17T23:07:00.302+0700] {processor.py:842} WARNING - No viable dags retrieved from /home/newrey/airflow/airflow-env/lib/python3.10/site-packages/airflow/example_dags/subdags/subdag.py
[2024-04-17T23:07:00.313+0700] {processor.py:183} INFO - Processing /home/newrey/airflow/airflow-env/lib/python3.10/site-packages/airflow/example_dags/subdags/subdag.py took 0.028 seconds
