[2024-04-14T13:10:17.803+0000] {local_task_job_runner.py:120} INFO - ::group::Pre task execution logs
[2024-04-14T13:10:17.993+0000] {taskinstance.py:2073} INFO - Dependencies all met for dep_context=non-requeueable deps ti=<TaskInstance: books_data_extraction_dag.extract_data_task manual__2024-04-14T13:03:25.976383+00:00 [queued]>
[2024-04-14T13:10:18.084+0000] {taskinstance.py:2073} INFO - Dependencies all met for dep_context=requeueable deps ti=<TaskInstance: books_data_extraction_dag.extract_data_task manual__2024-04-14T13:03:25.976383+00:00 [queued]>
[2024-04-14T13:10:18.088+0000] {taskinstance.py:2303} INFO - Starting attempt 1 of 2
[2024-04-14T13:10:18.277+0000] {taskinstance.py:2327} INFO - Executing <Task(PythonOperator): extract_data_task> on 2024-04-14 13:03:25.976383+00:00
[2024-04-14T13:10:18.379+0000] {warnings.py:110} WARNING - /home/***/.local/lib/python3.12/site-packages/***/task/task_runner/standard_task_runner.py:61: DeprecationWarning: This process (pid=305) is multi-threaded, use of fork() may lead to deadlocks in the child.
  pid = os.fork()

[2024-04-14T13:10:18.466+0000] {standard_task_runner.py:63} INFO - Started process 307 to run task
[2024-04-14T13:10:18.403+0000] {standard_task_runner.py:90} INFO - Running: ['***', 'tasks', 'run', 'books_data_extraction_dag', 'extract_data_task', 'manual__2024-04-14T13:03:25.976383+00:00', '--job-id', '8', '--raw', '--subdir', 'DAGS_FOLDER/books_data_extraction.py', '--cfg-path', '/tmp/tmp5q8s5kmj']
[2024-04-14T13:10:18.473+0000] {standard_task_runner.py:91} INFO - Job 8: Subtask extract_data_task
[2024-04-14T13:10:18.747+0000] {task_command.py:426} INFO - Running <TaskInstance: books_data_extraction_dag.extract_data_task manual__2024-04-14T13:03:25.976383+00:00 [running]> on host c46a4b69f242
[2024-04-14T13:10:19.008+0000] {taskinstance.py:2644} INFO - Exporting env vars: AIRFLOW_CTX_DAG_OWNER='nuri' AIRFLOW_CTX_DAG_ID='books_data_extraction_dag' AIRFLOW_CTX_TASK_ID='extract_data_task' AIRFLOW_CTX_EXECUTION_DATE='2024-04-14T13:03:25.976383+00:00' AIRFLOW_CTX_TRY_NUMBER='1' AIRFLOW_CTX_DAG_RUN_ID='manual__2024-04-14T13:03:25.976383+00:00'
[2024-04-14T13:10:19.011+0000] {taskinstance.py:430} INFO - ::endgroup::
[2024-04-14T13:10:19.856+0000] {logging_mixin.py:188} INFO - Data berhasil diekstraksi dan disimpan dalam file 'books.csv'
[2024-04-14T13:10:19.860+0000] {python.py:237} INFO - Done. Returned value was: None
[2024-04-14T13:10:19.861+0000] {taskinstance.py:441} INFO - ::group::Post task execution logs
[2024-04-14T13:10:19.876+0000] {taskinstance.py:1205} INFO - Marking task as SUCCESS. dag_id=books_data_extraction_dag, task_id=extract_data_task, execution_date=20240414T130325, start_date=20240414T131018, end_date=20240414T131019
[2024-04-14T13:10:19.941+0000] {local_task_job_runner.py:240} INFO - Task exited with return code 0
[2024-04-14T13:10:19.966+0000] {taskinstance.py:3482} INFO - 0 downstream tasks scheduled from follow-on schedule check
[2024-04-14T13:10:19.969+0000] {local_task_job_runner.py:222} INFO - ::endgroup::
