[2024-04-09T18:33:10.168+0000] {local_task_job_runner.py:120} INFO - ::group::Pre task execution logs
[2024-04-09T18:33:10.632+0000] {taskinstance.py:2073} INFO - Dependencies all met for dep_context=non-requeueable deps ti=<TaskInstance: fruits_dag.insert_fruit_data scheduled__2023-03-03T00:00:00+00:00 [queued]>
[2024-04-09T18:33:10.849+0000] {taskinstance.py:2073} INFO - Dependencies all met for dep_context=requeueable deps ti=<TaskInstance: fruits_dag.insert_fruit_data scheduled__2023-03-03T00:00:00+00:00 [queued]>
[2024-04-09T18:33:10.855+0000] {taskinstance.py:2303} INFO - Starting attempt 1 of 2
[2024-04-09T18:33:11.105+0000] {taskinstance.py:2327} INFO - Executing <Task(PythonOperator): insert_fruit_data> on 2023-03-03 00:00:00+00:00
[2024-04-09T18:33:11.195+0000] {standard_task_runner.py:90} INFO - Running: ['***', 'tasks', 'run', 'fruits_dag', 'insert_fruit_data', 'scheduled__2023-03-03T00:00:00+00:00', '--job-id', '183', '--raw', '--subdir', 'DAGS_FOLDER/fruit_table_dag.py', '--cfg-path', '/tmp/tmpn9tzglzp']
[2024-04-09T18:33:11.224+0000] {standard_task_runner.py:91} INFO - Job 183: Subtask insert_fruit_data
[2024-04-09T18:33:11.152+0000] {warnings.py:110} WARNING - /home/***/.local/lib/python3.12/site-packages/***/task/task_runner/standard_task_runner.py:61: DeprecationWarning: This process (pid=2068) is multi-threaded, use of fork() may lead to deadlocks in the child.
  pid = os.fork()

[2024-04-09T18:33:11.285+0000] {standard_task_runner.py:63} INFO - Started process 2092 to run task
[2024-04-09T18:33:11.710+0000] {task_command.py:426} INFO - Running <TaskInstance: fruits_dag.insert_fruit_data scheduled__2023-03-03T00:00:00+00:00 [running]> on host fd38698150f5
[2024-04-09T18:33:12.530+0000] {taskinstance.py:2644} INFO - Exporting env vars: AIRFLOW_CTX_DAG_OWNER='***' AIRFLOW_CTX_DAG_ID='fruits_dag' AIRFLOW_CTX_TASK_ID='insert_fruit_data' AIRFLOW_CTX_EXECUTION_DATE='2023-03-03T00:00:00+00:00' AIRFLOW_CTX_TRY_NUMBER='1' AIRFLOW_CTX_DAG_RUN_ID='scheduled__2023-03-03T00:00:00+00:00'
[2024-04-09T18:33:12.538+0000] {taskinstance.py:430} INFO - ::endgroup::
[2024-04-09T18:33:12.576+0000] {taskinstance.py:441} INFO - ::group::Post task execution logs
[2024-04-09T18:33:12.577+0000] {taskinstance.py:2890} ERROR - Task failed with exception
Traceback (most recent call last):
  File "/home/airflow/.local/lib/python3.12/site-packages/airflow/models/taskinstance.py", line 465, in _execute_task
    result = _execute_callable(context=context, **execute_callable_kwargs)
             ^^^^^^^^^^^^^^^^^^^^^^^^^^^^^^^^^^^^^^^^^^^^^^^^^^^^^^^^^^^^^
  File "/home/airflow/.local/lib/python3.12/site-packages/airflow/models/taskinstance.py", line 432, in _execute_callable
    return execute_callable(context=context, **execute_callable_kwargs)
           ^^^^^^^^^^^^^^^^^^^^^^^^^^^^^^^^^^^^^^^^^^^^^^^^^^^^^^^^^^^^
  File "/home/airflow/.local/lib/python3.12/site-packages/airflow/models/baseoperator.py", line 400, in wrapper
    return func(self, *args, **kwargs)
           ^^^^^^^^^^^^^^^^^^^^^^^^^^^
  File "/home/airflow/.local/lib/python3.12/site-packages/airflow/operators/python.py", line 235, in execute
    return_value = self.execute_callable()
                   ^^^^^^^^^^^^^^^^^^^^^^^
  File "/home/airflow/.local/lib/python3.12/site-packages/airflow/operators/python.py", line 252, in execute_callable
    return self.python_callable(*self.op_args, **self.op_kwargs)
           ^^^^^^^^^^^^^^^^^^^^^^^^^^^^^^^^^^^^^^^^^^^^^^^^^^^^^
  File "/opt/airflow/dags/fruit_table_dag.py", line 12, in insert_fruit_data_into_db
    conn = Variable.get('eskplorasi_postgres')
           ^^^^^^^^^^^^^^^^^^^^^^^^^^^^^^^^^^^
  File "/home/airflow/.local/lib/python3.12/site-packages/airflow/models/variable.py", line 143, in get
    raise KeyError(f"Variable {key} does not exist")
KeyError: 'Variable eskplorasi_postgres does not exist'
[2024-04-09T18:33:12.619+0000] {taskinstance.py:1205} INFO - Marking task as UP_FOR_RETRY. dag_id=fruits_dag, task_id=insert_fruit_data, execution_date=20230303T000000, start_date=20240409T183310, end_date=20240409T183312
[2024-04-09T18:33:12.707+0000] {standard_task_runner.py:110} ERROR - Failed to execute job 183 for task insert_fruit_data ('Variable eskplorasi_postgres does not exist'; 2092)
[2024-04-09T18:33:12.826+0000] {local_task_job_runner.py:240} INFO - Task exited with return code 1
[2024-04-09T18:33:13.121+0000] {taskinstance.py:3482} INFO - 0 downstream tasks scheduled from follow-on schedule check
[2024-04-09T18:33:13.132+0000] {local_task_job_runner.py:222} INFO - ::endgroup::
[2024-04-09T19:56:53.538+0000] {local_task_job_runner.py:120} INFO - ::group::Pre task execution logs
[2024-04-09T19:56:53.741+0000] {taskinstance.py:2073} INFO - Dependencies all met for dep_context=non-requeueable deps ti=<TaskInstance: fruits_dag.insert_fruit_data scheduled__2023-03-03T00:00:00+00:00 [queued]>
[2024-04-09T19:56:53.882+0000] {taskinstance.py:2073} INFO - Dependencies all met for dep_context=requeueable deps ti=<TaskInstance: fruits_dag.insert_fruit_data scheduled__2023-03-03T00:00:00+00:00 [queued]>
[2024-04-09T19:56:53.901+0000] {taskinstance.py:2303} INFO - Starting attempt 1 of 2
[2024-04-09T19:56:54.192+0000] {taskinstance.py:2327} INFO - Executing <Task(PythonOperator): insert_fruit_data> on 2023-03-03 00:00:00+00:00
[2024-04-09T19:56:54.283+0000] {warnings.py:110} WARNING - /home/***/.local/lib/python3.12/site-packages/***/task/task_runner/standard_task_runner.py:61: DeprecationWarning: This process (pid=404) is multi-threaded, use of fork() may lead to deadlocks in the child.
  pid = os.fork()

[2024-04-09T19:56:54.299+0000] {standard_task_runner.py:90} INFO - Running: ['***', 'tasks', 'run', 'fruits_dag', 'insert_fruit_data', 'scheduled__2023-03-03T00:00:00+00:00', '--job-id', '466', '--raw', '--subdir', 'DAGS_FOLDER/fruit_table_dag.py', '--cfg-path', '/tmp/tmpb9zjvk4z']
[2024-04-09T19:56:54.321+0000] {standard_task_runner.py:63} INFO - Started process 418 to run task
[2024-04-09T19:56:54.337+0000] {standard_task_runner.py:91} INFO - Job 466: Subtask insert_fruit_data
[2024-04-09T19:56:54.616+0000] {task_command.py:426} INFO - Running <TaskInstance: fruits_dag.insert_fruit_data scheduled__2023-03-03T00:00:00+00:00 [running]> on host a89a4f7de6ef
[2024-04-09T19:56:55.495+0000] {taskinstance.py:2644} INFO - Exporting env vars: AIRFLOW_CTX_DAG_OWNER='***' AIRFLOW_CTX_DAG_ID='fruits_dag' AIRFLOW_CTX_TASK_ID='insert_fruit_data' AIRFLOW_CTX_EXECUTION_DATE='2023-03-03T00:00:00+00:00' AIRFLOW_CTX_TRY_NUMBER='1' AIRFLOW_CTX_DAG_RUN_ID='scheduled__2023-03-03T00:00:00+00:00'
[2024-04-09T19:56:55.571+0000] {taskinstance.py:430} INFO - ::endgroup::
[2024-04-09T19:56:55.823+0000] {base.py:84} INFO - Using connection ID 'eksplorasi_postgres' for task execution.
[2024-04-09T19:56:56.342+0000] {python.py:237} INFO - Done. Returned value was: None
[2024-04-09T19:56:56.362+0000] {taskinstance.py:441} INFO - ::group::Post task execution logs
[2024-04-09T19:56:56.466+0000] {taskinstance.py:1205} INFO - Marking task as SUCCESS. dag_id=fruits_dag, task_id=insert_fruit_data, execution_date=20230303T000000, start_date=20240409T195653, end_date=20240409T195656
[2024-04-09T19:56:56.822+0000] {local_task_job_runner.py:240} INFO - Task exited with return code 0
[2024-04-09T19:56:56.982+0000] {taskinstance.py:3482} INFO - 0 downstream tasks scheduled from follow-on schedule check
[2024-04-09T19:56:57.018+0000] {local_task_job_runner.py:222} INFO - ::endgroup::
