[2024-04-09T10:10:52.550+0000] {local_task_job_runner.py:120} INFO - ::group::Pre task execution logs
[2024-04-09T10:10:52.606+0000] {taskinstance.py:2073} INFO - Dependencies all met for dep_context=non-requeueable deps ti=<TaskInstance: dag_1.print_done manual__2024-04-09T10:10:15.020936+00:00 [queued]>
[2024-04-09T10:10:52.634+0000] {taskinstance.py:2073} INFO - Dependencies all met for dep_context=requeueable deps ti=<TaskInstance: dag_1.print_done manual__2024-04-09T10:10:15.020936+00:00 [queued]>
[2024-04-09T10:10:52.638+0000] {taskinstance.py:2303} INFO - Starting attempt 1 of 2
[2024-04-09T10:10:52.672+0000] {taskinstance.py:2327} INFO - Executing <Task(BashOperator): print_done> on 2024-04-09 10:10:15.020936+00:00
[2024-04-09T10:10:52.694+0000] {warnings.py:110} WARNING - /home/***/.local/lib/python3.12/site-packages/***/task/task_runner/standard_task_runner.py:61: DeprecationWarning: This process (pid=1782) is multi-threaded, use of fork() may lead to deadlocks in the child.
  pid = os.fork()

[2024-04-09T10:10:52.698+0000] {standard_task_runner.py:63} INFO - Started process 1784 to run task
[2024-04-09T10:10:52.695+0000] {standard_task_runner.py:90} INFO - Running: ['***', 'tasks', 'run', 'dag_1', 'print_done', 'manual__2024-04-09T10:10:15.020936+00:00', '--job-id', '30', '--raw', '--subdir', 'DAGS_FOLDER/dag-1.py', '--cfg-path', '/tmp/tmpq85p0_y6']
[2024-04-09T10:10:52.700+0000] {standard_task_runner.py:91} INFO - Job 30: Subtask print_done
[2024-04-09T10:10:52.832+0000] {task_command.py:426} INFO - Running <TaskInstance: dag_1.print_done manual__2024-04-09T10:10:15.020936+00:00 [running]> on host b6bc23c6abe9
[2024-04-09T10:10:53.139+0000] {taskinstance.py:2644} INFO - Exporting env vars: AIRFLOW_CTX_DAG_OWNER='***' AIRFLOW_CTX_DAG_ID='dag_1' AIRFLOW_CTX_TASK_ID='print_done' AIRFLOW_CTX_EXECUTION_DATE='2024-04-09T10:10:15.020936+00:00' AIRFLOW_CTX_TRY_NUMBER='1' AIRFLOW_CTX_DAG_RUN_ID='manual__2024-04-09T10:10:15.020936+00:00'
[2024-04-09T10:10:53.148+0000] {taskinstance.py:430} INFO - ::endgroup::
[2024-04-09T10:10:53.150+0000] {subprocess.py:63} INFO - Tmp dir root location: /tmp
[2024-04-09T10:10:53.154+0000] {subprocess.py:75} INFO - Running command: ['/usr/bin/bash', '-c', 'echo "done!"']
[2024-04-09T10:10:53.191+0000] {subprocess.py:86} INFO - Output:
[2024-04-09T10:10:53.200+0000] {subprocess.py:93} INFO - done!
[2024-04-09T10:10:53.201+0000] {subprocess.py:97} INFO - Command exited with return code 0
[2024-04-09T10:10:53.203+0000] {taskinstance.py:441} INFO - ::group::Post task execution logs
[2024-04-09T10:10:53.271+0000] {taskinstance.py:1205} INFO - Marking task as SUCCESS. dag_id=dag_1, task_id=print_done, execution_date=20240409T101015, start_date=20240409T101052, end_date=20240409T101053
[2024-04-09T10:10:53.358+0000] {local_task_job_runner.py:240} INFO - Task exited with return code 0
[2024-04-09T10:10:53.393+0000] {taskinstance.py:3482} INFO - 0 downstream tasks scheduled from follow-on schedule check
[2024-04-09T10:10:53.396+0000] {local_task_job_runner.py:222} INFO - ::endgroup::
