[2024-04-09T14:51:29.347+0000] {local_task_job_runner.py:120} INFO - ::group::Pre task execution logs
[2024-04-09T14:51:29.405+0000] {taskinstance.py:2073} INFO - Dependencies all met for dep_context=non-requeueable deps ti=<TaskInstance: fakestore_dag.print_done manual__2024-04-09T14:51:05.443155+00:00 [queued]>
[2024-04-09T14:51:29.425+0000] {taskinstance.py:2073} INFO - Dependencies all met for dep_context=requeueable deps ti=<TaskInstance: fakestore_dag.print_done manual__2024-04-09T14:51:05.443155+00:00 [queued]>
[2024-04-09T14:51:29.426+0000] {taskinstance.py:2303} INFO - Starting attempt 1 of 4
[2024-04-09T14:51:29.480+0000] {taskinstance.py:2327} INFO - Executing <Task(PythonOperator): print_done> on 2024-04-09 14:51:05.443155+00:00
[2024-04-09T14:51:29.512+0000] {warnings.py:110} WARNING - /home/***/.local/lib/python3.12/site-packages/***/task/task_runner/standard_task_runner.py:61: DeprecationWarning: This process (pid=2637) is multi-threaded, use of fork() may lead to deadlocks in the child.
  pid = os.fork()

[2024-04-09T14:51:29.515+0000] {standard_task_runner.py:63} INFO - Started process 2642 to run task
[2024-04-09T14:51:29.515+0000] {standard_task_runner.py:90} INFO - Running: ['***', 'tasks', 'run', 'fakestore_dag', 'print_done', 'manual__2024-04-09T14:51:05.443155+00:00', '--job-id', '155', '--raw', '--subdir', 'DAGS_FOLDER/get_write_data_from_api.py', '--cfg-path', '/tmp/tmph20mfhkl']
[2024-04-09T14:51:29.527+0000] {standard_task_runner.py:91} INFO - Job 155: Subtask print_done
[2024-04-09T14:51:29.642+0000] {task_command.py:426} INFO - Running <TaskInstance: fakestore_dag.print_done manual__2024-04-09T14:51:05.443155+00:00 [running]> on host a05b73ef9a4b
[2024-04-09T14:51:30.246+0000] {taskinstance.py:2644} INFO - Exporting env vars: AIRFLOW_CTX_DAG_OWNER='***' AIRFLOW_CTX_DAG_ID='fakestore_dag' AIRFLOW_CTX_TASK_ID='print_done' AIRFLOW_CTX_EXECUTION_DATE='2024-04-09T14:51:05.443155+00:00' AIRFLOW_CTX_TRY_NUMBER='1' AIRFLOW_CTX_DAG_RUN_ID='manual__2024-04-09T14:51:05.443155+00:00'
[2024-04-09T14:51:30.259+0000] {taskinstance.py:430} INFO - ::endgroup::
[2024-04-09T14:51:30.261+0000] {logging_mixin.py:188} INFO - done!
[2024-04-09T14:51:30.262+0000] {python.py:237} INFO - Done. Returned value was: None
[2024-04-09T14:51:30.263+0000] {taskinstance.py:441} INFO - ::group::Post task execution logs
[2024-04-09T14:51:30.292+0000] {taskinstance.py:1205} INFO - Marking task as SUCCESS. dag_id=fakestore_dag, task_id=print_done, execution_date=20240409T145105, start_date=20240409T145129, end_date=20240409T145130
[2024-04-09T14:51:30.385+0000] {local_task_job_runner.py:240} INFO - Task exited with return code 0
[2024-04-09T14:51:30.574+0000] {taskinstance.py:3482} INFO - 0 downstream tasks scheduled from follow-on schedule check
[2024-04-09T14:51:30.620+0000] {local_task_job_runner.py:222} INFO - ::endgroup::
