[2024-04-09T12:14:26.006+0000] {local_task_job_runner.py:120} INFO - ::group::Pre task execution logs
[2024-04-09T12:14:26.125+0000] {taskinstance.py:2073} INFO - Dependencies all met for dep_context=non-requeueable deps ti=<TaskInstance: get_write_data_from_api.write_to_csv scheduled__2024-04-08T00:00:00+00:00 [queued]>
[2024-04-09T12:14:26.188+0000] {taskinstance.py:2073} INFO - Dependencies all met for dep_context=requeueable deps ti=<TaskInstance: get_write_data_from_api.write_to_csv scheduled__2024-04-08T00:00:00+00:00 [queued]>
[2024-04-09T12:14:26.193+0000] {taskinstance.py:2303} INFO - Starting attempt 1 of 1
[2024-04-09T12:14:26.358+0000] {taskinstance.py:2327} INFO - Executing <Task(PythonOperator): write_to_csv> on 2024-04-08 00:00:00+00:00
[2024-04-09T12:14:26.440+0000] {warnings.py:110} WARNING - /home/***/.local/lib/python3.12/site-packages/***/task/task_runner/standard_task_runner.py:61: DeprecationWarning: This process (pid=403) is multi-threaded, use of fork() may lead to deadlocks in the child.
  pid = os.fork()

[2024-04-09T12:14:26.455+0000] {standard_task_runner.py:63} INFO - Started process 405 to run task
[2024-04-09T12:14:26.464+0000] {standard_task_runner.py:90} INFO - Running: ['***', 'tasks', 'run', 'get_write_data_from_api', 'write_to_csv', 'scheduled__2024-04-08T00:00:00+00:00', '--job-id', '6', '--raw', '--subdir', 'DAGS_FOLDER/get_write_data_from_api.py', '--cfg-path', '/tmp/tmp3888z5_s']
[2024-04-09T12:14:26.514+0000] {standard_task_runner.py:91} INFO - Job 6: Subtask write_to_csv
[2024-04-09T12:14:27.260+0000] {task_command.py:426} INFO - Running <TaskInstance: get_write_data_from_api.write_to_csv scheduled__2024-04-08T00:00:00+00:00 [running]> on host a05b73ef9a4b
[2024-04-09T12:14:27.628+0000] {taskinstance.py:2644} INFO - Exporting env vars: AIRFLOW_CTX_DAG_OWNER='***' AIRFLOW_CTX_DAG_ID='get_write_data_from_api' AIRFLOW_CTX_TASK_ID='write_to_csv' AIRFLOW_CTX_EXECUTION_DATE='2024-04-08T00:00:00+00:00' AIRFLOW_CTX_TRY_NUMBER='1' AIRFLOW_CTX_DAG_RUN_ID='scheduled__2024-04-08T00:00:00+00:00'
[2024-04-09T12:14:27.635+0000] {taskinstance.py:430} INFO - ::endgroup::
[2024-04-09T12:14:27.704+0000] {taskinstance.py:441} INFO - ::group::Post task execution logs
[2024-04-09T12:14:27.722+0000] {taskinstance.py:2890} ERROR - Task failed with exception
Traceback (most recent call last):
  File "/home/airflow/.local/lib/python3.12/site-packages/airflow/models/taskinstance.py", line 465, in _execute_task
    result = _execute_callable(context=context, **execute_callable_kwargs)
             ^^^^^^^^^^^^^^^^^^^^^^^^^^^^^^^^^^^^^^^^^^^^^^^^^^^^^^^^^^^^^
  File "/home/airflow/.local/lib/python3.12/site-packages/airflow/models/taskinstance.py", line 432, in _execute_callable
    return execute_callable(context=context, **execute_callable_kwargs)
           ^^^^^^^^^^^^^^^^^^^^^^^^^^^^^^^^^^^^^^^^^^^^^^^^^^^^^^^^^^^^
  File "/home/airflow/.local/lib/python3.12/site-packages/airflow/models/baseoperator.py", line 400, in wrapper
    return func(self, *args, **kwargs)
           ^^^^^^^^^^^^^^^^^^^^^^^^^^^
  File "/home/airflow/.local/lib/python3.12/site-packages/airflow/operators/python.py", line 235, in execute
    return_value = self.execute_callable()
                   ^^^^^^^^^^^^^^^^^^^^^^^
  File "/home/airflow/.local/lib/python3.12/site-packages/airflow/operators/python.py", line 252, in execute_callable
    return self.python_callable(*self.op_args, **self.op_kwargs)
           ^^^^^^^^^^^^^^^^^^^^^^^^^^^^^^^^^^^^^^^^^^^^^^^^^^^^^
  File "/opt/airflow/dags/get_write_data_from_api.py", line 52, in write_to_csv
    writer.writerow(row)
  File "/usr/local/lib/python3.12/csv.py", line 164, in writerow
    return self.writer.writerow(self._dict_to_list(rowdict))
                                ^^^^^^^^^^^^^^^^^^^^^^^^^^^
  File "/usr/local/lib/python3.12/csv.py", line 159, in _dict_to_list
    raise ValueError("dict contains fields not in fieldnames: "
ValueError: dict contains fields not in fieldnames: 'category', 'image'
[2024-04-09T12:14:27.782+0000] {taskinstance.py:1205} INFO - Marking task as FAILED. dag_id=get_write_data_from_api, task_id=write_to_csv, execution_date=20240408T000000, start_date=20240409T121426, end_date=20240409T121427
[2024-04-09T12:14:27.864+0000] {standard_task_runner.py:110} ERROR - Failed to execute job 6 for task write_to_csv (dict contains fields not in fieldnames: 'category', 'image'; 405)
[2024-04-09T12:14:27.964+0000] {local_task_job_runner.py:240} INFO - Task exited with return code 1
[2024-04-09T12:14:28.142+0000] {taskinstance.py:3482} INFO - 0 downstream tasks scheduled from follow-on schedule check
[2024-04-09T12:14:28.196+0000] {local_task_job_runner.py:222} INFO - ::endgroup::
