[2024-04-09T14:42:25.534+0000] {local_task_job_runner.py:120} INFO - ::group::Pre task execution logs
[2024-04-09T14:42:25.679+0000] {taskinstance.py:2073} INFO - Dependencies all met for dep_context=non-requeueable deps ti=<TaskInstance: fakestore_dag.write_to_csv manual__2024-04-09T14:42:11.249851+00:00 [queued]>
[2024-04-09T14:42:25.747+0000] {taskinstance.py:2073} INFO - Dependencies all met for dep_context=requeueable deps ti=<TaskInstance: fakestore_dag.write_to_csv manual__2024-04-09T14:42:11.249851+00:00 [queued]>
[2024-04-09T14:42:25.754+0000] {taskinstance.py:2303} INFO - Starting attempt 1 of 4
[2024-04-09T14:42:25.898+0000] {taskinstance.py:2327} INFO - Executing <Task(PythonOperator): write_to_csv> on 2024-04-09 14:42:11.249851+00:00
[2024-04-09T14:42:25.922+0000] {standard_task_runner.py:90} INFO - Running: ['***', 'tasks', 'run', 'fakestore_dag', 'write_to_csv', 'manual__2024-04-09T14:42:11.249851+00:00', '--job-id', '131', '--raw', '--subdir', 'DAGS_FOLDER/get_write_data_from_api.py', '--cfg-path', '/tmp/tmpu7hdro1i']
[2024-04-09T14:42:25.930+0000] {warnings.py:110} WARNING - /home/***/.local/lib/python3.12/site-packages/***/task/task_runner/standard_task_runner.py:61: DeprecationWarning: This process (pid=2462) is multi-threaded, use of fork() may lead to deadlocks in the child.
  pid = os.fork()

[2024-04-09T14:42:25.932+0000] {standard_task_runner.py:63} INFO - Started process 2465 to run task
[2024-04-09T14:42:25.926+0000] {standard_task_runner.py:91} INFO - Job 131: Subtask write_to_csv
[2024-04-09T14:42:26.293+0000] {task_command.py:426} INFO - Running <TaskInstance: fakestore_dag.write_to_csv manual__2024-04-09T14:42:11.249851+00:00 [running]> on host a05b73ef9a4b
[2024-04-09T14:42:26.631+0000] {taskinstance.py:2644} INFO - Exporting env vars: AIRFLOW_CTX_DAG_OWNER='***' AIRFLOW_CTX_DAG_ID='fakestore_dag' AIRFLOW_CTX_TASK_ID='write_to_csv' AIRFLOW_CTX_EXECUTION_DATE='2024-04-09T14:42:11.249851+00:00' AIRFLOW_CTX_TRY_NUMBER='1' AIRFLOW_CTX_DAG_RUN_ID='manual__2024-04-09T14:42:11.249851+00:00'
[2024-04-09T14:42:26.637+0000] {taskinstance.py:430} INFO - ::endgroup::
[2024-04-09T14:42:27.016+0000] {get_write_data_from_api.py:47} INFO - Data written to CSV file: D:\/Nuri/MSIB-ALTERRA/Data-Engineer_nuri-hidayatuloh/15_Workflow-Orchestration-with-Apache-Airflow/Praktikum/Prioritas-2/data.csv
[2024-04-09T14:42:27.029+0000] {python.py:237} INFO - Done. Returned value was: None
[2024-04-09T14:42:27.032+0000] {taskinstance.py:441} INFO - ::group::Post task execution logs
[2024-04-09T14:42:27.105+0000] {taskinstance.py:1205} INFO - Marking task as SUCCESS. dag_id=fakestore_dag, task_id=write_to_csv, execution_date=20240409T144211, start_date=20240409T144225, end_date=20240409T144227
[2024-04-09T14:42:27.281+0000] {local_task_job_runner.py:240} INFO - Task exited with return code 0
[2024-04-09T14:42:27.426+0000] {taskinstance.py:3482} INFO - 1 downstream tasks scheduled from follow-on schedule check
[2024-04-09T14:42:27.447+0000] {local_task_job_runner.py:222} INFO - ::endgroup::
