[2024-04-17T22:42:36.215+0700] {processor.py:161} INFO - Started process (PID=4579) to work on /home/newrey/airflow/airflow-env/lib/python3.10/site-packages/airflow/example_dags/example_latest_only_with_trigger.py
[2024-04-17T22:42:36.216+0700] {processor.py:830} INFO - Processing file /home/newrey/airflow/airflow-env/lib/python3.10/site-packages/airflow/example_dags/example_latest_only_with_trigger.py for tasks to queue
[2024-04-17T22:42:36.217+0700] {logging_mixin.py:188} INFO - [2024-04-17T22:42:36.217+0700] {dagbag.py:540} INFO - Filling up the DagBag from /home/newrey/airflow/airflow-env/lib/python3.10/site-packages/airflow/example_dags/example_latest_only_with_trigger.py
[2024-04-17T22:42:36.225+0700] {processor.py:840} INFO - DAG(s) 'latest_only_with_trigger' retrieved from /home/newrey/airflow/airflow-env/lib/python3.10/site-packages/airflow/example_dags/example_latest_only_with_trigger.py
[2024-04-17T22:42:36.231+0700] {logging_mixin.py:188} INFO - [2024-04-17T22:42:36.231+0700] {dag.py:3096} INFO - Sync 1 DAGs
[2024-04-17T22:42:36.251+0700] {logging_mixin.py:188} INFO - [2024-04-17T22:42:36.251+0700] {dag.py:3954} INFO - Setting next_dagrun for latest_only_with_trigger to 2024-04-17 08:00:00+00:00, run_after=2024-04-17 12:00:00+00:00
[2024-04-17T22:42:36.272+0700] {processor.py:183} INFO - Processing /home/newrey/airflow/airflow-env/lib/python3.10/site-packages/airflow/example_dags/example_latest_only_with_trigger.py took 0.062 seconds
[2024-04-17T22:43:34.516+0700] {processor.py:161} INFO - Started process (PID=4883) to work on /home/newrey/airflow/airflow-env/lib/python3.10/site-packages/airflow/example_dags/example_latest_only_with_trigger.py
[2024-04-17T22:43:34.519+0700] {processor.py:830} INFO - Processing file /home/newrey/airflow/airflow-env/lib/python3.10/site-packages/airflow/example_dags/example_latest_only_with_trigger.py for tasks to queue
[2024-04-17T22:43:34.520+0700] {logging_mixin.py:188} INFO - [2024-04-17T22:43:34.520+0700] {dagbag.py:540} INFO - Filling up the DagBag from /home/newrey/airflow/airflow-env/lib/python3.10/site-packages/airflow/example_dags/example_latest_only_with_trigger.py
[2024-04-17T22:43:34.525+0700] {processor.py:840} INFO - DAG(s) 'latest_only_with_trigger' retrieved from /home/newrey/airflow/airflow-env/lib/python3.10/site-packages/airflow/example_dags/example_latest_only_with_trigger.py
[2024-04-17T22:43:34.705+0700] {logging_mixin.py:188} INFO - [2024-04-17T22:43:34.705+0700] {dag.py:3096} INFO - Sync 1 DAGs
[2024-04-17T22:43:34.721+0700] {logging_mixin.py:188} INFO - [2024-04-17T22:43:34.720+0700] {dag.py:3954} INFO - Setting next_dagrun for latest_only_with_trigger to 2024-04-17 08:00:00+00:00, run_after=2024-04-17 12:00:00+00:00
[2024-04-17T22:43:34.744+0700] {processor.py:183} INFO - Processing /home/newrey/airflow/airflow-env/lib/python3.10/site-packages/airflow/example_dags/example_latest_only_with_trigger.py took 0.232 seconds
[2024-04-17T22:44:36.053+0700] {processor.py:161} INFO - Started process (PID=5008) to work on /home/newrey/airflow/airflow-env/lib/python3.10/site-packages/airflow/example_dags/example_latest_only_with_trigger.py
[2024-04-17T22:44:36.055+0700] {processor.py:830} INFO - Processing file /home/newrey/airflow/airflow-env/lib/python3.10/site-packages/airflow/example_dags/example_latest_only_with_trigger.py for tasks to queue
[2024-04-17T22:44:36.057+0700] {logging_mixin.py:188} INFO - [2024-04-17T22:44:36.056+0700] {dagbag.py:540} INFO - Filling up the DagBag from /home/newrey/airflow/airflow-env/lib/python3.10/site-packages/airflow/example_dags/example_latest_only_with_trigger.py
[2024-04-17T22:44:36.061+0700] {processor.py:840} INFO - DAG(s) 'latest_only_with_trigger' retrieved from /home/newrey/airflow/airflow-env/lib/python3.10/site-packages/airflow/example_dags/example_latest_only_with_trigger.py
[2024-04-17T22:44:36.079+0700] {logging_mixin.py:188} INFO - [2024-04-17T22:44:36.078+0700] {dag.py:3096} INFO - Sync 1 DAGs
[2024-04-17T22:44:36.221+0700] {logging_mixin.py:188} INFO - [2024-04-17T22:44:36.220+0700] {dag.py:3954} INFO - Setting next_dagrun for latest_only_with_trigger to 2024-04-17 08:00:00+00:00, run_after=2024-04-17 12:00:00+00:00
[2024-04-17T22:44:36.244+0700] {processor.py:183} INFO - Processing /home/newrey/airflow/airflow-env/lib/python3.10/site-packages/airflow/example_dags/example_latest_only_with_trigger.py took 0.203 seconds
[2024-04-17T22:45:29.905+0700] {processor.py:161} INFO - Started process (PID=5136) to work on /home/newrey/airflow/airflow-env/lib/python3.10/site-packages/airflow/example_dags/example_latest_only_with_trigger.py
[2024-04-17T22:45:29.907+0700] {processor.py:830} INFO - Processing file /home/newrey/airflow/airflow-env/lib/python3.10/site-packages/airflow/example_dags/example_latest_only_with_trigger.py for tasks to queue
[2024-04-17T22:45:29.908+0700] {logging_mixin.py:188} INFO - [2024-04-17T22:45:29.908+0700] {dagbag.py:540} INFO - Filling up the DagBag from /home/newrey/airflow/airflow-env/lib/python3.10/site-packages/airflow/example_dags/example_latest_only_with_trigger.py
[2024-04-17T22:45:29.913+0700] {processor.py:840} INFO - DAG(s) 'latest_only_with_trigger' retrieved from /home/newrey/airflow/airflow-env/lib/python3.10/site-packages/airflow/example_dags/example_latest_only_with_trigger.py
[2024-04-17T22:45:29.928+0700] {logging_mixin.py:188} INFO - [2024-04-17T22:45:29.928+0700] {dag.py:3096} INFO - Sync 1 DAGs
[2024-04-17T22:45:29.955+0700] {logging_mixin.py:188} INFO - [2024-04-17T22:45:29.955+0700] {dag.py:3954} INFO - Setting next_dagrun for latest_only_with_trigger to 2024-04-17 08:00:00+00:00, run_after=2024-04-17 12:00:00+00:00
[2024-04-17T22:45:29.990+0700] {processor.py:183} INFO - Processing /home/newrey/airflow/airflow-env/lib/python3.10/site-packages/airflow/example_dags/example_latest_only_with_trigger.py took 0.094 seconds
[2024-04-17T22:46:20.510+0700] {processor.py:161} INFO - Started process (PID=5195) to work on /home/newrey/airflow/airflow-env/lib/python3.10/site-packages/airflow/example_dags/example_latest_only_with_trigger.py
[2024-04-17T22:46:20.511+0700] {processor.py:830} INFO - Processing file /home/newrey/airflow/airflow-env/lib/python3.10/site-packages/airflow/example_dags/example_latest_only_with_trigger.py for tasks to queue
[2024-04-17T22:46:20.512+0700] {logging_mixin.py:188} INFO - [2024-04-17T22:46:20.512+0700] {dagbag.py:540} INFO - Filling up the DagBag from /home/newrey/airflow/airflow-env/lib/python3.10/site-packages/airflow/example_dags/example_latest_only_with_trigger.py
[2024-04-17T22:46:20.517+0700] {processor.py:840} INFO - DAG(s) 'latest_only_with_trigger' retrieved from /home/newrey/airflow/airflow-env/lib/python3.10/site-packages/airflow/example_dags/example_latest_only_with_trigger.py
[2024-04-17T22:46:20.531+0700] {logging_mixin.py:188} INFO - [2024-04-17T22:46:20.530+0700] {dag.py:3096} INFO - Sync 1 DAGs
[2024-04-17T22:46:20.558+0700] {logging_mixin.py:188} INFO - [2024-04-17T22:46:20.558+0700] {dag.py:3954} INFO - Setting next_dagrun for latest_only_with_trigger to 2024-04-17 08:00:00+00:00, run_after=2024-04-17 12:00:00+00:00
[2024-04-17T22:46:20.583+0700] {processor.py:183} INFO - Processing /home/newrey/airflow/airflow-env/lib/python3.10/site-packages/airflow/example_dags/example_latest_only_with_trigger.py took 0.082 seconds
[2024-04-17T22:47:10.253+0700] {processor.py:161} INFO - Started process (PID=5431) to work on /home/newrey/airflow/airflow-env/lib/python3.10/site-packages/airflow/example_dags/example_latest_only_with_trigger.py
[2024-04-17T22:47:10.254+0700] {processor.py:830} INFO - Processing file /home/newrey/airflow/airflow-env/lib/python3.10/site-packages/airflow/example_dags/example_latest_only_with_trigger.py for tasks to queue
[2024-04-17T22:47:10.256+0700] {logging_mixin.py:188} INFO - [2024-04-17T22:47:10.255+0700] {dagbag.py:540} INFO - Filling up the DagBag from /home/newrey/airflow/airflow-env/lib/python3.10/site-packages/airflow/example_dags/example_latest_only_with_trigger.py
[2024-04-17T22:47:10.261+0700] {processor.py:840} INFO - DAG(s) 'latest_only_with_trigger' retrieved from /home/newrey/airflow/airflow-env/lib/python3.10/site-packages/airflow/example_dags/example_latest_only_with_trigger.py
[2024-04-17T22:47:10.283+0700] {logging_mixin.py:188} INFO - [2024-04-17T22:47:10.282+0700] {dag.py:3096} INFO - Sync 1 DAGs
[2024-04-17T22:47:10.305+0700] {logging_mixin.py:188} INFO - [2024-04-17T22:47:10.305+0700] {dag.py:3954} INFO - Setting next_dagrun for latest_only_with_trigger to 2024-04-17 08:00:00+00:00, run_after=2024-04-17 12:00:00+00:00
[2024-04-17T22:47:10.330+0700] {processor.py:183} INFO - Processing /home/newrey/airflow/airflow-env/lib/python3.10/site-packages/airflow/example_dags/example_latest_only_with_trigger.py took 0.087 seconds
[2024-04-17T22:47:57.825+0700] {processor.py:161} INFO - Started process (PID=5809) to work on /home/newrey/airflow/airflow-env/lib/python3.10/site-packages/airflow/example_dags/example_latest_only_with_trigger.py
[2024-04-17T22:47:57.826+0700] {processor.py:830} INFO - Processing file /home/newrey/airflow/airflow-env/lib/python3.10/site-packages/airflow/example_dags/example_latest_only_with_trigger.py for tasks to queue
[2024-04-17T22:47:57.829+0700] {logging_mixin.py:188} INFO - [2024-04-17T22:47:57.828+0700] {dagbag.py:540} INFO - Filling up the DagBag from /home/newrey/airflow/airflow-env/lib/python3.10/site-packages/airflow/example_dags/example_latest_only_with_trigger.py
[2024-04-17T22:47:57.835+0700] {processor.py:840} INFO - DAG(s) 'latest_only_with_trigger' retrieved from /home/newrey/airflow/airflow-env/lib/python3.10/site-packages/airflow/example_dags/example_latest_only_with_trigger.py
[2024-04-17T22:47:57.870+0700] {logging_mixin.py:188} INFO - [2024-04-17T22:47:57.870+0700] {dag.py:3096} INFO - Sync 1 DAGs
[2024-04-17T22:47:57.906+0700] {logging_mixin.py:188} INFO - [2024-04-17T22:47:57.906+0700] {dag.py:3954} INFO - Setting next_dagrun for latest_only_with_trigger to 2024-04-17 08:00:00+00:00, run_after=2024-04-17 12:00:00+00:00
[2024-04-17T22:47:57.953+0700] {processor.py:183} INFO - Processing /home/newrey/airflow/airflow-env/lib/python3.10/site-packages/airflow/example_dags/example_latest_only_with_trigger.py took 0.144 seconds
[2024-04-17T22:48:46.734+0700] {processor.py:161} INFO - Started process (PID=6088) to work on /home/newrey/airflow/airflow-env/lib/python3.10/site-packages/airflow/example_dags/example_latest_only_with_trigger.py
[2024-04-17T22:48:46.750+0700] {processor.py:830} INFO - Processing file /home/newrey/airflow/airflow-env/lib/python3.10/site-packages/airflow/example_dags/example_latest_only_with_trigger.py for tasks to queue
[2024-04-17T22:48:46.752+0700] {logging_mixin.py:188} INFO - [2024-04-17T22:48:46.752+0700] {dagbag.py:540} INFO - Filling up the DagBag from /home/newrey/airflow/airflow-env/lib/python3.10/site-packages/airflow/example_dags/example_latest_only_with_trigger.py
[2024-04-17T22:48:46.773+0700] {processor.py:840} INFO - DAG(s) 'latest_only_with_trigger' retrieved from /home/newrey/airflow/airflow-env/lib/python3.10/site-packages/airflow/example_dags/example_latest_only_with_trigger.py
[2024-04-17T22:48:46.845+0700] {logging_mixin.py:188} INFO - [2024-04-17T22:48:46.844+0700] {dag.py:3096} INFO - Sync 1 DAGs
[2024-04-17T22:48:46.893+0700] {logging_mixin.py:188} INFO - [2024-04-17T22:48:46.892+0700] {dag.py:3954} INFO - Setting next_dagrun for latest_only_with_trigger to 2024-04-17 08:00:00+00:00, run_after=2024-04-17 12:00:00+00:00
[2024-04-17T22:48:46.930+0700] {processor.py:183} INFO - Processing /home/newrey/airflow/airflow-env/lib/python3.10/site-packages/airflow/example_dags/example_latest_only_with_trigger.py took 0.225 seconds
[2024-04-17T22:49:37.366+0700] {processor.py:161} INFO - Started process (PID=6488) to work on /home/newrey/airflow/airflow-env/lib/python3.10/site-packages/airflow/example_dags/example_latest_only_with_trigger.py
[2024-04-17T22:49:37.367+0700] {processor.py:830} INFO - Processing file /home/newrey/airflow/airflow-env/lib/python3.10/site-packages/airflow/example_dags/example_latest_only_with_trigger.py for tasks to queue
[2024-04-17T22:49:37.369+0700] {logging_mixin.py:188} INFO - [2024-04-17T22:49:37.368+0700] {dagbag.py:540} INFO - Filling up the DagBag from /home/newrey/airflow/airflow-env/lib/python3.10/site-packages/airflow/example_dags/example_latest_only_with_trigger.py
[2024-04-17T22:49:37.373+0700] {processor.py:840} INFO - DAG(s) 'latest_only_with_trigger' retrieved from /home/newrey/airflow/airflow-env/lib/python3.10/site-packages/airflow/example_dags/example_latest_only_with_trigger.py
[2024-04-17T22:49:37.391+0700] {logging_mixin.py:188} INFO - [2024-04-17T22:49:37.390+0700] {dag.py:3096} INFO - Sync 1 DAGs
[2024-04-17T22:49:37.412+0700] {logging_mixin.py:188} INFO - [2024-04-17T22:49:37.412+0700] {dag.py:3954} INFO - Setting next_dagrun for latest_only_with_trigger to 2024-04-17 08:00:00+00:00, run_after=2024-04-17 12:00:00+00:00
[2024-04-17T22:49:37.440+0700] {processor.py:183} INFO - Processing /home/newrey/airflow/airflow-env/lib/python3.10/site-packages/airflow/example_dags/example_latest_only_with_trigger.py took 0.088 seconds
[2024-04-17T22:50:24.093+0700] {processor.py:161} INFO - Started process (PID=6579) to work on /home/newrey/airflow/airflow-env/lib/python3.10/site-packages/airflow/example_dags/example_latest_only_with_trigger.py
[2024-04-17T22:50:24.094+0700] {processor.py:830} INFO - Processing file /home/newrey/airflow/airflow-env/lib/python3.10/site-packages/airflow/example_dags/example_latest_only_with_trigger.py for tasks to queue
[2024-04-17T22:50:24.096+0700] {logging_mixin.py:188} INFO - [2024-04-17T22:50:24.095+0700] {dagbag.py:540} INFO - Filling up the DagBag from /home/newrey/airflow/airflow-env/lib/python3.10/site-packages/airflow/example_dags/example_latest_only_with_trigger.py
[2024-04-17T22:50:24.101+0700] {processor.py:840} INFO - DAG(s) 'latest_only_with_trigger' retrieved from /home/newrey/airflow/airflow-env/lib/python3.10/site-packages/airflow/example_dags/example_latest_only_with_trigger.py
[2024-04-17T22:50:24.117+0700] {logging_mixin.py:188} INFO - [2024-04-17T22:50:24.116+0700] {dag.py:3096} INFO - Sync 1 DAGs
[2024-04-17T22:50:24.136+0700] {logging_mixin.py:188} INFO - [2024-04-17T22:50:24.136+0700] {dag.py:3954} INFO - Setting next_dagrun for latest_only_with_trigger to 2024-04-17 08:00:00+00:00, run_after=2024-04-17 12:00:00+00:00
[2024-04-17T22:50:24.161+0700] {processor.py:183} INFO - Processing /home/newrey/airflow/airflow-env/lib/python3.10/site-packages/airflow/example_dags/example_latest_only_with_trigger.py took 0.083 seconds
[2024-04-17T22:51:13.463+0700] {processor.py:161} INFO - Started process (PID=6934) to work on /home/newrey/airflow/airflow-env/lib/python3.10/site-packages/airflow/example_dags/example_latest_only_with_trigger.py
[2024-04-17T22:51:13.464+0700] {processor.py:830} INFO - Processing file /home/newrey/airflow/airflow-env/lib/python3.10/site-packages/airflow/example_dags/example_latest_only_with_trigger.py for tasks to queue
[2024-04-17T22:51:13.465+0700] {logging_mixin.py:188} INFO - [2024-04-17T22:51:13.465+0700] {dagbag.py:540} INFO - Filling up the DagBag from /home/newrey/airflow/airflow-env/lib/python3.10/site-packages/airflow/example_dags/example_latest_only_with_trigger.py
[2024-04-17T22:51:13.471+0700] {processor.py:840} INFO - DAG(s) 'latest_only_with_trigger' retrieved from /home/newrey/airflow/airflow-env/lib/python3.10/site-packages/airflow/example_dags/example_latest_only_with_trigger.py
[2024-04-17T22:51:13.486+0700] {logging_mixin.py:188} INFO - [2024-04-17T22:51:13.485+0700] {dag.py:3096} INFO - Sync 1 DAGs
[2024-04-17T22:51:13.523+0700] {logging_mixin.py:188} INFO - [2024-04-17T22:51:13.522+0700] {dag.py:3954} INFO - Setting next_dagrun for latest_only_with_trigger to 2024-04-17 08:00:00+00:00, run_after=2024-04-17 12:00:00+00:00
[2024-04-17T22:51:13.551+0700] {processor.py:183} INFO - Processing /home/newrey/airflow/airflow-env/lib/python3.10/site-packages/airflow/example_dags/example_latest_only_with_trigger.py took 0.097 seconds
[2024-04-17T22:52:26.804+0700] {processor.py:161} INFO - Started process (PID=7939) to work on /home/newrey/airflow/airflow-env/lib/python3.10/site-packages/airflow/example_dags/example_latest_only_with_trigger.py
[2024-04-17T22:52:26.805+0700] {processor.py:830} INFO - Processing file /home/newrey/airflow/airflow-env/lib/python3.10/site-packages/airflow/example_dags/example_latest_only_with_trigger.py for tasks to queue
[2024-04-17T22:52:26.806+0700] {logging_mixin.py:188} INFO - [2024-04-17T22:52:26.806+0700] {dagbag.py:540} INFO - Filling up the DagBag from /home/newrey/airflow/airflow-env/lib/python3.10/site-packages/airflow/example_dags/example_latest_only_with_trigger.py
[2024-04-17T22:52:26.812+0700] {processor.py:840} INFO - DAG(s) 'latest_only_with_trigger' retrieved from /home/newrey/airflow/airflow-env/lib/python3.10/site-packages/airflow/example_dags/example_latest_only_with_trigger.py
[2024-04-17T22:52:26.827+0700] {logging_mixin.py:188} INFO - [2024-04-17T22:52:26.827+0700] {dag.py:3096} INFO - Sync 1 DAGs
[2024-04-17T22:52:26.848+0700] {logging_mixin.py:188} INFO - [2024-04-17T22:52:26.848+0700] {dag.py:3954} INFO - Setting next_dagrun for latest_only_with_trigger to 2024-04-17 08:00:00+00:00, run_after=2024-04-17 12:00:00+00:00
[2024-04-17T22:52:26.871+0700] {processor.py:183} INFO - Processing /home/newrey/airflow/airflow-env/lib/python3.10/site-packages/airflow/example_dags/example_latest_only_with_trigger.py took 0.078 seconds
[2024-04-17T22:53:18.358+0700] {processor.py:161} INFO - Started process (PID=8638) to work on /home/newrey/airflow/airflow-env/lib/python3.10/site-packages/airflow/example_dags/example_latest_only_with_trigger.py
[2024-04-17T22:53:18.365+0700] {processor.py:830} INFO - Processing file /home/newrey/airflow/airflow-env/lib/python3.10/site-packages/airflow/example_dags/example_latest_only_with_trigger.py for tasks to queue
[2024-04-17T22:53:18.366+0700] {logging_mixin.py:188} INFO - [2024-04-17T22:53:18.366+0700] {dagbag.py:540} INFO - Filling up the DagBag from /home/newrey/airflow/airflow-env/lib/python3.10/site-packages/airflow/example_dags/example_latest_only_with_trigger.py
[2024-04-17T22:53:18.374+0700] {processor.py:840} INFO - DAG(s) 'latest_only_with_trigger' retrieved from /home/newrey/airflow/airflow-env/lib/python3.10/site-packages/airflow/example_dags/example_latest_only_with_trigger.py
[2024-04-17T22:53:18.393+0700] {logging_mixin.py:188} INFO - [2024-04-17T22:53:18.393+0700] {dag.py:3096} INFO - Sync 1 DAGs
[2024-04-17T22:53:18.411+0700] {logging_mixin.py:188} INFO - [2024-04-17T22:53:18.411+0700] {dag.py:3954} INFO - Setting next_dagrun for latest_only_with_trigger to 2024-04-17 08:00:00+00:00, run_after=2024-04-17 12:00:00+00:00
[2024-04-17T22:53:18.435+0700] {processor.py:183} INFO - Processing /home/newrey/airflow/airflow-env/lib/python3.10/site-packages/airflow/example_dags/example_latest_only_with_trigger.py took 0.086 seconds
[2024-04-17T22:54:20.589+0700] {processor.py:161} INFO - Started process (PID=9154) to work on /home/newrey/airflow/airflow-env/lib/python3.10/site-packages/airflow/example_dags/example_latest_only_with_trigger.py
[2024-04-17T22:54:20.590+0700] {processor.py:830} INFO - Processing file /home/newrey/airflow/airflow-env/lib/python3.10/site-packages/airflow/example_dags/example_latest_only_with_trigger.py for tasks to queue
[2024-04-17T22:54:20.591+0700] {logging_mixin.py:188} INFO - [2024-04-17T22:54:20.591+0700] {dagbag.py:540} INFO - Filling up the DagBag from /home/newrey/airflow/airflow-env/lib/python3.10/site-packages/airflow/example_dags/example_latest_only_with_trigger.py
[2024-04-17T22:54:20.597+0700] {processor.py:840} INFO - DAG(s) 'latest_only_with_trigger' retrieved from /home/newrey/airflow/airflow-env/lib/python3.10/site-packages/airflow/example_dags/example_latest_only_with_trigger.py
[2024-04-17T22:54:20.612+0700] {logging_mixin.py:188} INFO - [2024-04-17T22:54:20.612+0700] {dag.py:3096} INFO - Sync 1 DAGs
[2024-04-17T22:54:20.637+0700] {logging_mixin.py:188} INFO - [2024-04-17T22:54:20.637+0700] {dag.py:3954} INFO - Setting next_dagrun for latest_only_with_trigger to 2024-04-17 08:00:00+00:00, run_after=2024-04-17 12:00:00+00:00
[2024-04-17T22:54:20.662+0700] {processor.py:183} INFO - Processing /home/newrey/airflow/airflow-env/lib/python3.10/site-packages/airflow/example_dags/example_latest_only_with_trigger.py took 0.083 seconds
[2024-04-17T22:55:09.224+0700] {processor.py:161} INFO - Started process (PID=9285) to work on /home/newrey/airflow/airflow-env/lib/python3.10/site-packages/airflow/example_dags/example_latest_only_with_trigger.py
[2024-04-17T22:55:09.225+0700] {processor.py:830} INFO - Processing file /home/newrey/airflow/airflow-env/lib/python3.10/site-packages/airflow/example_dags/example_latest_only_with_trigger.py for tasks to queue
[2024-04-17T22:55:09.227+0700] {logging_mixin.py:188} INFO - [2024-04-17T22:55:09.227+0700] {dagbag.py:540} INFO - Filling up the DagBag from /home/newrey/airflow/airflow-env/lib/python3.10/site-packages/airflow/example_dags/example_latest_only_with_trigger.py
[2024-04-17T22:55:09.232+0700] {processor.py:840} INFO - DAG(s) 'latest_only_with_trigger' retrieved from /home/newrey/airflow/airflow-env/lib/python3.10/site-packages/airflow/example_dags/example_latest_only_with_trigger.py
[2024-04-17T22:55:09.249+0700] {logging_mixin.py:188} INFO - [2024-04-17T22:55:09.248+0700] {dag.py:3096} INFO - Sync 1 DAGs
[2024-04-17T22:55:09.271+0700] {logging_mixin.py:188} INFO - [2024-04-17T22:55:09.271+0700] {dag.py:3954} INFO - Setting next_dagrun for latest_only_with_trigger to 2024-04-17 08:00:00+00:00, run_after=2024-04-17 12:00:00+00:00
[2024-04-17T22:55:09.298+0700] {processor.py:183} INFO - Processing /home/newrey/airflow/airflow-env/lib/python3.10/site-packages/airflow/example_dags/example_latest_only_with_trigger.py took 0.085 seconds
[2024-04-17T22:55:52.384+0700] {processor.py:161} INFO - Started process (PID=9407) to work on /home/newrey/airflow/airflow-env/lib/python3.10/site-packages/airflow/example_dags/example_latest_only_with_trigger.py
[2024-04-17T22:55:52.385+0700] {processor.py:830} INFO - Processing file /home/newrey/airflow/airflow-env/lib/python3.10/site-packages/airflow/example_dags/example_latest_only_with_trigger.py for tasks to queue
[2024-04-17T22:55:52.387+0700] {logging_mixin.py:188} INFO - [2024-04-17T22:55:52.387+0700] {dagbag.py:540} INFO - Filling up the DagBag from /home/newrey/airflow/airflow-env/lib/python3.10/site-packages/airflow/example_dags/example_latest_only_with_trigger.py
[2024-04-17T22:55:52.393+0700] {processor.py:840} INFO - DAG(s) 'latest_only_with_trigger' retrieved from /home/newrey/airflow/airflow-env/lib/python3.10/site-packages/airflow/example_dags/example_latest_only_with_trigger.py
[2024-04-17T22:55:52.410+0700] {logging_mixin.py:188} INFO - [2024-04-17T22:55:52.410+0700] {dag.py:3096} INFO - Sync 1 DAGs
[2024-04-17T22:55:52.433+0700] {logging_mixin.py:188} INFO - [2024-04-17T22:55:52.433+0700] {dag.py:3954} INFO - Setting next_dagrun for latest_only_with_trigger to 2024-04-17 08:00:00+00:00, run_after=2024-04-17 12:00:00+00:00
[2024-04-17T22:55:52.460+0700] {processor.py:183} INFO - Processing /home/newrey/airflow/airflow-env/lib/python3.10/site-packages/airflow/example_dags/example_latest_only_with_trigger.py took 0.083 seconds
[2024-04-17T22:56:41.148+0700] {processor.py:161} INFO - Started process (PID=9534) to work on /home/newrey/airflow/airflow-env/lib/python3.10/site-packages/airflow/example_dags/example_latest_only_with_trigger.py
[2024-04-17T22:56:41.149+0700] {processor.py:830} INFO - Processing file /home/newrey/airflow/airflow-env/lib/python3.10/site-packages/airflow/example_dags/example_latest_only_with_trigger.py for tasks to queue
[2024-04-17T22:56:41.151+0700] {logging_mixin.py:188} INFO - [2024-04-17T22:56:41.150+0700] {dagbag.py:540} INFO - Filling up the DagBag from /home/newrey/airflow/airflow-env/lib/python3.10/site-packages/airflow/example_dags/example_latest_only_with_trigger.py
[2024-04-17T22:56:41.156+0700] {processor.py:840} INFO - DAG(s) 'latest_only_with_trigger' retrieved from /home/newrey/airflow/airflow-env/lib/python3.10/site-packages/airflow/example_dags/example_latest_only_with_trigger.py
[2024-04-17T22:56:41.171+0700] {logging_mixin.py:188} INFO - [2024-04-17T22:56:41.171+0700] {dag.py:3096} INFO - Sync 1 DAGs
[2024-04-17T22:56:41.191+0700] {logging_mixin.py:188} INFO - [2024-04-17T22:56:41.191+0700] {dag.py:3954} INFO - Setting next_dagrun for latest_only_with_trigger to 2024-04-17 08:00:00+00:00, run_after=2024-04-17 12:00:00+00:00
[2024-04-17T22:56:41.215+0700] {processor.py:183} INFO - Processing /home/newrey/airflow/airflow-env/lib/python3.10/site-packages/airflow/example_dags/example_latest_only_with_trigger.py took 0.076 seconds
[2024-04-17T22:57:25.165+0700] {processor.py:161} INFO - Started process (PID=9621) to work on /home/newrey/airflow/airflow-env/lib/python3.10/site-packages/airflow/example_dags/example_latest_only_with_trigger.py
[2024-04-17T22:57:25.166+0700] {processor.py:830} INFO - Processing file /home/newrey/airflow/airflow-env/lib/python3.10/site-packages/airflow/example_dags/example_latest_only_with_trigger.py for tasks to queue
[2024-04-17T22:57:25.168+0700] {logging_mixin.py:188} INFO - [2024-04-17T22:57:25.167+0700] {dagbag.py:540} INFO - Filling up the DagBag from /home/newrey/airflow/airflow-env/lib/python3.10/site-packages/airflow/example_dags/example_latest_only_with_trigger.py
[2024-04-17T22:57:25.173+0700] {processor.py:840} INFO - DAG(s) 'latest_only_with_trigger' retrieved from /home/newrey/airflow/airflow-env/lib/python3.10/site-packages/airflow/example_dags/example_latest_only_with_trigger.py
[2024-04-17T22:57:25.192+0700] {logging_mixin.py:188} INFO - [2024-04-17T22:57:25.191+0700] {dag.py:3096} INFO - Sync 1 DAGs
[2024-04-17T22:57:25.210+0700] {logging_mixin.py:188} INFO - [2024-04-17T22:57:25.210+0700] {dag.py:3954} INFO - Setting next_dagrun for latest_only_with_trigger to 2024-04-17 08:00:00+00:00, run_after=2024-04-17 12:00:00+00:00
[2024-04-17T22:57:25.232+0700] {processor.py:183} INFO - Processing /home/newrey/airflow/airflow-env/lib/python3.10/site-packages/airflow/example_dags/example_latest_only_with_trigger.py took 0.077 seconds
[2024-04-17T22:58:12.106+0700] {processor.py:161} INFO - Started process (PID=9781) to work on /home/newrey/airflow/airflow-env/lib/python3.10/site-packages/airflow/example_dags/example_latest_only_with_trigger.py
[2024-04-17T22:58:12.107+0700] {processor.py:830} INFO - Processing file /home/newrey/airflow/airflow-env/lib/python3.10/site-packages/airflow/example_dags/example_latest_only_with_trigger.py for tasks to queue
[2024-04-17T22:58:12.108+0700] {logging_mixin.py:188} INFO - [2024-04-17T22:58:12.108+0700] {dagbag.py:540} INFO - Filling up the DagBag from /home/newrey/airflow/airflow-env/lib/python3.10/site-packages/airflow/example_dags/example_latest_only_with_trigger.py
[2024-04-17T22:58:12.112+0700] {processor.py:840} INFO - DAG(s) 'latest_only_with_trigger' retrieved from /home/newrey/airflow/airflow-env/lib/python3.10/site-packages/airflow/example_dags/example_latest_only_with_trigger.py
[2024-04-17T22:58:12.126+0700] {logging_mixin.py:188} INFO - [2024-04-17T22:58:12.126+0700] {dag.py:3096} INFO - Sync 1 DAGs
[2024-04-17T22:58:12.147+0700] {logging_mixin.py:188} INFO - [2024-04-17T22:58:12.146+0700] {dag.py:3954} INFO - Setting next_dagrun for latest_only_with_trigger to 2024-04-17 08:00:00+00:00, run_after=2024-04-17 12:00:00+00:00
[2024-04-17T22:58:12.170+0700] {processor.py:183} INFO - Processing /home/newrey/airflow/airflow-env/lib/python3.10/site-packages/airflow/example_dags/example_latest_only_with_trigger.py took 0.072 seconds
[2024-04-17T22:58:59.494+0700] {processor.py:161} INFO - Started process (PID=9974) to work on /home/newrey/airflow/airflow-env/lib/python3.10/site-packages/airflow/example_dags/example_latest_only_with_trigger.py
[2024-04-17T22:58:59.495+0700] {processor.py:830} INFO - Processing file /home/newrey/airflow/airflow-env/lib/python3.10/site-packages/airflow/example_dags/example_latest_only_with_trigger.py for tasks to queue
[2024-04-17T22:58:59.496+0700] {logging_mixin.py:188} INFO - [2024-04-17T22:58:59.496+0700] {dagbag.py:540} INFO - Filling up the DagBag from /home/newrey/airflow/airflow-env/lib/python3.10/site-packages/airflow/example_dags/example_latest_only_with_trigger.py
[2024-04-17T22:58:59.504+0700] {processor.py:840} INFO - DAG(s) 'latest_only_with_trigger' retrieved from /home/newrey/airflow/airflow-env/lib/python3.10/site-packages/airflow/example_dags/example_latest_only_with_trigger.py
[2024-04-17T22:58:59.523+0700] {logging_mixin.py:188} INFO - [2024-04-17T22:58:59.522+0700] {dag.py:3096} INFO - Sync 1 DAGs
[2024-04-17T22:58:59.555+0700] {logging_mixin.py:188} INFO - [2024-04-17T22:58:59.555+0700] {dag.py:3954} INFO - Setting next_dagrun for latest_only_with_trigger to 2024-04-17 08:00:00+00:00, run_after=2024-04-17 12:00:00+00:00
[2024-04-17T22:58:59.584+0700] {processor.py:183} INFO - Processing /home/newrey/airflow/airflow-env/lib/python3.10/site-packages/airflow/example_dags/example_latest_only_with_trigger.py took 0.099 seconds
[2024-04-17T22:59:45.087+0700] {processor.py:161} INFO - Started process (PID=10163) to work on /home/newrey/airflow/airflow-env/lib/python3.10/site-packages/airflow/example_dags/example_latest_only_with_trigger.py
[2024-04-17T22:59:45.090+0700] {processor.py:830} INFO - Processing file /home/newrey/airflow/airflow-env/lib/python3.10/site-packages/airflow/example_dags/example_latest_only_with_trigger.py for tasks to queue
[2024-04-17T22:59:45.092+0700] {logging_mixin.py:188} INFO - [2024-04-17T22:59:45.091+0700] {dagbag.py:540} INFO - Filling up the DagBag from /home/newrey/airflow/airflow-env/lib/python3.10/site-packages/airflow/example_dags/example_latest_only_with_trigger.py
[2024-04-17T22:59:45.097+0700] {processor.py:840} INFO - DAG(s) 'latest_only_with_trigger' retrieved from /home/newrey/airflow/airflow-env/lib/python3.10/site-packages/airflow/example_dags/example_latest_only_with_trigger.py
[2024-04-17T22:59:45.120+0700] {logging_mixin.py:188} INFO - [2024-04-17T22:59:45.120+0700] {dag.py:3096} INFO - Sync 1 DAGs
[2024-04-17T22:59:45.148+0700] {logging_mixin.py:188} INFO - [2024-04-17T22:59:45.148+0700] {dag.py:3954} INFO - Setting next_dagrun for latest_only_with_trigger to 2024-04-17 08:00:00+00:00, run_after=2024-04-17 12:00:00+00:00
[2024-04-17T22:59:45.186+0700] {processor.py:183} INFO - Processing /home/newrey/airflow/airflow-env/lib/python3.10/site-packages/airflow/example_dags/example_latest_only_with_trigger.py took 0.107 seconds
[2024-04-17T23:00:35.270+0700] {processor.py:161} INFO - Started process (PID=10416) to work on /home/newrey/airflow/airflow-env/lib/python3.10/site-packages/airflow/example_dags/example_latest_only_with_trigger.py
[2024-04-17T23:00:35.271+0700] {processor.py:830} INFO - Processing file /home/newrey/airflow/airflow-env/lib/python3.10/site-packages/airflow/example_dags/example_latest_only_with_trigger.py for tasks to queue
[2024-04-17T23:00:35.275+0700] {logging_mixin.py:188} INFO - [2024-04-17T23:00:35.274+0700] {dagbag.py:540} INFO - Filling up the DagBag from /home/newrey/airflow/airflow-env/lib/python3.10/site-packages/airflow/example_dags/example_latest_only_with_trigger.py
[2024-04-17T23:00:35.283+0700] {processor.py:840} INFO - DAG(s) 'latest_only_with_trigger' retrieved from /home/newrey/airflow/airflow-env/lib/python3.10/site-packages/airflow/example_dags/example_latest_only_with_trigger.py
[2024-04-17T23:00:35.300+0700] {logging_mixin.py:188} INFO - [2024-04-17T23:00:35.299+0700] {dag.py:3096} INFO - Sync 1 DAGs
[2024-04-17T23:00:35.321+0700] {logging_mixin.py:188} INFO - [2024-04-17T23:00:35.320+0700] {dag.py:3954} INFO - Setting next_dagrun for latest_only_with_trigger to 2024-04-17 12:00:00+00:00, run_after=2024-04-17 16:00:00+00:00
[2024-04-17T23:00:35.345+0700] {processor.py:183} INFO - Processing /home/newrey/airflow/airflow-env/lib/python3.10/site-packages/airflow/example_dags/example_latest_only_with_trigger.py took 0.084 seconds
[2024-04-17T23:01:27.003+0700] {processor.py:161} INFO - Started process (PID=10548) to work on /home/newrey/airflow/airflow-env/lib/python3.10/site-packages/airflow/example_dags/example_latest_only_with_trigger.py
[2024-04-17T23:01:27.004+0700] {processor.py:830} INFO - Processing file /home/newrey/airflow/airflow-env/lib/python3.10/site-packages/airflow/example_dags/example_latest_only_with_trigger.py for tasks to queue
[2024-04-17T23:01:27.005+0700] {logging_mixin.py:188} INFO - [2024-04-17T23:01:27.005+0700] {dagbag.py:540} INFO - Filling up the DagBag from /home/newrey/airflow/airflow-env/lib/python3.10/site-packages/airflow/example_dags/example_latest_only_with_trigger.py
[2024-04-17T23:01:27.010+0700] {processor.py:840} INFO - DAG(s) 'latest_only_with_trigger' retrieved from /home/newrey/airflow/airflow-env/lib/python3.10/site-packages/airflow/example_dags/example_latest_only_with_trigger.py
[2024-04-17T23:01:27.028+0700] {logging_mixin.py:188} INFO - [2024-04-17T23:01:27.028+0700] {dag.py:3096} INFO - Sync 1 DAGs
[2024-04-17T23:01:27.049+0700] {logging_mixin.py:188} INFO - [2024-04-17T23:01:27.048+0700] {dag.py:3954} INFO - Setting next_dagrun for latest_only_with_trigger to 2024-04-17 12:00:00+00:00, run_after=2024-04-17 16:00:00+00:00
[2024-04-17T23:01:27.075+0700] {processor.py:183} INFO - Processing /home/newrey/airflow/airflow-env/lib/python3.10/site-packages/airflow/example_dags/example_latest_only_with_trigger.py took 0.086 seconds
[2024-04-17T23:02:15.403+0700] {processor.py:161} INFO - Started process (PID=10615) to work on /home/newrey/airflow/airflow-env/lib/python3.10/site-packages/airflow/example_dags/example_latest_only_with_trigger.py
[2024-04-17T23:02:15.413+0700] {processor.py:830} INFO - Processing file /home/newrey/airflow/airflow-env/lib/python3.10/site-packages/airflow/example_dags/example_latest_only_with_trigger.py for tasks to queue
[2024-04-17T23:02:15.416+0700] {logging_mixin.py:188} INFO - [2024-04-17T23:02:15.415+0700] {dagbag.py:540} INFO - Filling up the DagBag from /home/newrey/airflow/airflow-env/lib/python3.10/site-packages/airflow/example_dags/example_latest_only_with_trigger.py
[2024-04-17T23:02:15.427+0700] {processor.py:840} INFO - DAG(s) 'latest_only_with_trigger' retrieved from /home/newrey/airflow/airflow-env/lib/python3.10/site-packages/airflow/example_dags/example_latest_only_with_trigger.py
[2024-04-17T23:02:15.469+0700] {logging_mixin.py:188} INFO - [2024-04-17T23:02:15.468+0700] {dag.py:3096} INFO - Sync 1 DAGs
[2024-04-17T23:02:15.545+0700] {logging_mixin.py:188} INFO - [2024-04-17T23:02:15.535+0700] {dag.py:3954} INFO - Setting next_dagrun for latest_only_with_trigger to 2024-04-17 12:00:00+00:00, run_after=2024-04-17 16:00:00+00:00
[2024-04-17T23:02:15.591+0700] {processor.py:183} INFO - Processing /home/newrey/airflow/airflow-env/lib/python3.10/site-packages/airflow/example_dags/example_latest_only_with_trigger.py took 0.210 seconds
[2024-04-17T23:03:08.458+0700] {processor.py:161} INFO - Started process (PID=10811) to work on /home/newrey/airflow/airflow-env/lib/python3.10/site-packages/airflow/example_dags/example_latest_only_with_trigger.py
[2024-04-17T23:03:08.459+0700] {processor.py:830} INFO - Processing file /home/newrey/airflow/airflow-env/lib/python3.10/site-packages/airflow/example_dags/example_latest_only_with_trigger.py for tasks to queue
[2024-04-17T23:03:08.460+0700] {logging_mixin.py:188} INFO - [2024-04-17T23:03:08.460+0700] {dagbag.py:540} INFO - Filling up the DagBag from /home/newrey/airflow/airflow-env/lib/python3.10/site-packages/airflow/example_dags/example_latest_only_with_trigger.py
[2024-04-17T23:03:08.465+0700] {processor.py:840} INFO - DAG(s) 'latest_only_with_trigger' retrieved from /home/newrey/airflow/airflow-env/lib/python3.10/site-packages/airflow/example_dags/example_latest_only_with_trigger.py
[2024-04-17T23:03:08.479+0700] {logging_mixin.py:188} INFO - [2024-04-17T23:03:08.479+0700] {dag.py:3096} INFO - Sync 1 DAGs
[2024-04-17T23:03:08.498+0700] {logging_mixin.py:188} INFO - [2024-04-17T23:03:08.498+0700] {dag.py:3954} INFO - Setting next_dagrun for latest_only_with_trigger to 2024-04-17 12:00:00+00:00, run_after=2024-04-17 16:00:00+00:00
[2024-04-17T23:03:08.523+0700] {processor.py:183} INFO - Processing /home/newrey/airflow/airflow-env/lib/python3.10/site-packages/airflow/example_dags/example_latest_only_with_trigger.py took 0.074 seconds
[2024-04-17T23:04:00.414+0700] {processor.py:161} INFO - Started process (PID=10949) to work on /home/newrey/airflow/airflow-env/lib/python3.10/site-packages/airflow/example_dags/example_latest_only_with_trigger.py
[2024-04-17T23:04:00.418+0700] {processor.py:830} INFO - Processing file /home/newrey/airflow/airflow-env/lib/python3.10/site-packages/airflow/example_dags/example_latest_only_with_trigger.py for tasks to queue
[2024-04-17T23:04:00.419+0700] {logging_mixin.py:188} INFO - [2024-04-17T23:04:00.419+0700] {dagbag.py:540} INFO - Filling up the DagBag from /home/newrey/airflow/airflow-env/lib/python3.10/site-packages/airflow/example_dags/example_latest_only_with_trigger.py
[2024-04-17T23:04:00.426+0700] {processor.py:840} INFO - DAG(s) 'latest_only_with_trigger' retrieved from /home/newrey/airflow/airflow-env/lib/python3.10/site-packages/airflow/example_dags/example_latest_only_with_trigger.py
[2024-04-17T23:04:00.463+0700] {logging_mixin.py:188} INFO - [2024-04-17T23:04:00.463+0700] {dag.py:3096} INFO - Sync 1 DAGs
[2024-04-17T23:04:00.508+0700] {logging_mixin.py:188} INFO - [2024-04-17T23:04:00.508+0700] {dag.py:3954} INFO - Setting next_dagrun for latest_only_with_trigger to 2024-04-17 12:00:00+00:00, run_after=2024-04-17 16:00:00+00:00
[2024-04-17T23:04:00.542+0700] {processor.py:183} INFO - Processing /home/newrey/airflow/airflow-env/lib/python3.10/site-packages/airflow/example_dags/example_latest_only_with_trigger.py took 0.139 seconds
[2024-04-17T23:04:54.936+0700] {processor.py:161} INFO - Started process (PID=11085) to work on /home/newrey/airflow/airflow-env/lib/python3.10/site-packages/airflow/example_dags/example_latest_only_with_trigger.py
[2024-04-17T23:04:54.938+0700] {processor.py:830} INFO - Processing file /home/newrey/airflow/airflow-env/lib/python3.10/site-packages/airflow/example_dags/example_latest_only_with_trigger.py for tasks to queue
[2024-04-17T23:04:54.940+0700] {logging_mixin.py:188} INFO - [2024-04-17T23:04:54.939+0700] {dagbag.py:540} INFO - Filling up the DagBag from /home/newrey/airflow/airflow-env/lib/python3.10/site-packages/airflow/example_dags/example_latest_only_with_trigger.py
[2024-04-17T23:04:54.945+0700] {processor.py:840} INFO - DAG(s) 'latest_only_with_trigger' retrieved from /home/newrey/airflow/airflow-env/lib/python3.10/site-packages/airflow/example_dags/example_latest_only_with_trigger.py
[2024-04-17T23:04:54.966+0700] {logging_mixin.py:188} INFO - [2024-04-17T23:04:54.966+0700] {dag.py:3096} INFO - Sync 1 DAGs
[2024-04-17T23:04:54.994+0700] {logging_mixin.py:188} INFO - [2024-04-17T23:04:54.994+0700] {dag.py:3954} INFO - Setting next_dagrun for latest_only_with_trigger to 2024-04-17 12:00:00+00:00, run_after=2024-04-17 16:00:00+00:00
[2024-04-17T23:04:55.025+0700] {processor.py:183} INFO - Processing /home/newrey/airflow/airflow-env/lib/python3.10/site-packages/airflow/example_dags/example_latest_only_with_trigger.py took 0.106 seconds
[2024-04-17T23:05:54.192+0700] {processor.py:161} INFO - Started process (PID=11219) to work on /home/newrey/airflow/airflow-env/lib/python3.10/site-packages/airflow/example_dags/example_latest_only_with_trigger.py
[2024-04-17T23:05:54.204+0700] {processor.py:830} INFO - Processing file /home/newrey/airflow/airflow-env/lib/python3.10/site-packages/airflow/example_dags/example_latest_only_with_trigger.py for tasks to queue
[2024-04-17T23:05:54.208+0700] {logging_mixin.py:188} INFO - [2024-04-17T23:05:54.206+0700] {dagbag.py:540} INFO - Filling up the DagBag from /home/newrey/airflow/airflow-env/lib/python3.10/site-packages/airflow/example_dags/example_latest_only_with_trigger.py
[2024-04-17T23:05:54.221+0700] {processor.py:840} INFO - DAG(s) 'latest_only_with_trigger' retrieved from /home/newrey/airflow/airflow-env/lib/python3.10/site-packages/airflow/example_dags/example_latest_only_with_trigger.py
[2024-04-17T23:05:54.255+0700] {logging_mixin.py:188} INFO - [2024-04-17T23:05:54.254+0700] {dag.py:3096} INFO - Sync 1 DAGs
[2024-04-17T23:05:54.286+0700] {logging_mixin.py:188} INFO - [2024-04-17T23:05:54.286+0700] {dag.py:3954} INFO - Setting next_dagrun for latest_only_with_trigger to 2024-04-17 12:00:00+00:00, run_after=2024-04-17 16:00:00+00:00
[2024-04-17T23:05:54.328+0700] {processor.py:183} INFO - Processing /home/newrey/airflow/airflow-env/lib/python3.10/site-packages/airflow/example_dags/example_latest_only_with_trigger.py took 0.158 seconds
[2024-04-17T23:06:51.859+0700] {processor.py:161} INFO - Started process (PID=11355) to work on /home/newrey/airflow/airflow-env/lib/python3.10/site-packages/airflow/example_dags/example_latest_only_with_trigger.py
[2024-04-17T23:06:51.863+0700] {processor.py:830} INFO - Processing file /home/newrey/airflow/airflow-env/lib/python3.10/site-packages/airflow/example_dags/example_latest_only_with_trigger.py for tasks to queue
[2024-04-17T23:06:51.866+0700] {logging_mixin.py:188} INFO - [2024-04-17T23:06:51.865+0700] {dagbag.py:540} INFO - Filling up the DagBag from /home/newrey/airflow/airflow-env/lib/python3.10/site-packages/airflow/example_dags/example_latest_only_with_trigger.py
[2024-04-17T23:06:51.876+0700] {processor.py:840} INFO - DAG(s) 'latest_only_with_trigger' retrieved from /home/newrey/airflow/airflow-env/lib/python3.10/site-packages/airflow/example_dags/example_latest_only_with_trigger.py
[2024-04-17T23:06:51.896+0700] {logging_mixin.py:188} INFO - [2024-04-17T23:06:51.896+0700] {dag.py:3096} INFO - Sync 1 DAGs
[2024-04-17T23:06:51.929+0700] {logging_mixin.py:188} INFO - [2024-04-17T23:06:51.929+0700] {dag.py:3954} INFO - Setting next_dagrun for latest_only_with_trigger to 2024-04-17 12:00:00+00:00, run_after=2024-04-17 16:00:00+00:00
[2024-04-17T23:06:51.963+0700] {processor.py:183} INFO - Processing /home/newrey/airflow/airflow-env/lib/python3.10/site-packages/airflow/example_dags/example_latest_only_with_trigger.py took 0.128 seconds
