[2024-04-17T22:42:44.275+0700] {processor.py:161} INFO - Started process (PID=4589) to work on /home/newrey/airflow/airflow-env/lib/python3.10/site-packages/airflow/example_dags/example_kubernetes_executor.py
[2024-04-17T22:42:44.276+0700] {processor.py:830} INFO - Processing file /home/newrey/airflow/airflow-env/lib/python3.10/site-packages/airflow/example_dags/example_kubernetes_executor.py for tasks to queue
[2024-04-17T22:42:44.278+0700] {logging_mixin.py:188} INFO - [2024-04-17T22:42:44.277+0700] {dagbag.py:540} INFO - Filling up the DagBag from /home/newrey/airflow/airflow-env/lib/python3.10/site-packages/airflow/example_dags/example_kubernetes_executor.py
[2024-04-17T22:42:44.281+0700] {logging_mixin.py:188} INFO - [2024-04-17T22:42:44.280+0700] {example_kubernetes_executor.py:39} WARNING - The example_kubernetes_executor example DAG requires the kubernetes provider. Please install it with: pip install apache-airflow[cncf.kubernetes]
[2024-04-17T22:42:44.281+0700] {processor.py:842} WARNING - No viable dags retrieved from /home/newrey/airflow/airflow-env/lib/python3.10/site-packages/airflow/example_dags/example_kubernetes_executor.py
[2024-04-17T22:42:44.289+0700] {processor.py:183} INFO - Processing /home/newrey/airflow/airflow-env/lib/python3.10/site-packages/airflow/example_dags/example_kubernetes_executor.py took 0.022 seconds
[2024-04-17T22:43:46.824+0700] {processor.py:161} INFO - Started process (PID=4896) to work on /home/newrey/airflow/airflow-env/lib/python3.10/site-packages/airflow/example_dags/example_kubernetes_executor.py
[2024-04-17T22:43:46.825+0700] {processor.py:830} INFO - Processing file /home/newrey/airflow/airflow-env/lib/python3.10/site-packages/airflow/example_dags/example_kubernetes_executor.py for tasks to queue
[2024-04-17T22:43:46.827+0700] {logging_mixin.py:188} INFO - [2024-04-17T22:43:46.826+0700] {dagbag.py:540} INFO - Filling up the DagBag from /home/newrey/airflow/airflow-env/lib/python3.10/site-packages/airflow/example_dags/example_kubernetes_executor.py
[2024-04-17T22:43:46.831+0700] {logging_mixin.py:188} INFO - [2024-04-17T22:43:46.830+0700] {example_kubernetes_executor.py:39} WARNING - The example_kubernetes_executor example DAG requires the kubernetes provider. Please install it with: pip install apache-airflow[cncf.kubernetes]
[2024-04-17T22:43:46.832+0700] {processor.py:842} WARNING - No viable dags retrieved from /home/newrey/airflow/airflow-env/lib/python3.10/site-packages/airflow/example_dags/example_kubernetes_executor.py
[2024-04-17T22:43:46.849+0700] {processor.py:183} INFO - Processing /home/newrey/airflow/airflow-env/lib/python3.10/site-packages/airflow/example_dags/example_kubernetes_executor.py took 0.039 seconds
[2024-04-17T22:44:46.399+0700] {processor.py:161} INFO - Started process (PID=5018) to work on /home/newrey/airflow/airflow-env/lib/python3.10/site-packages/airflow/example_dags/example_kubernetes_executor.py
[2024-04-17T22:44:46.401+0700] {processor.py:830} INFO - Processing file /home/newrey/airflow/airflow-env/lib/python3.10/site-packages/airflow/example_dags/example_kubernetes_executor.py for tasks to queue
[2024-04-17T22:44:46.403+0700] {logging_mixin.py:188} INFO - [2024-04-17T22:44:46.402+0700] {dagbag.py:540} INFO - Filling up the DagBag from /home/newrey/airflow/airflow-env/lib/python3.10/site-packages/airflow/example_dags/example_kubernetes_executor.py
[2024-04-17T22:44:46.406+0700] {logging_mixin.py:188} INFO - [2024-04-17T22:44:46.405+0700] {example_kubernetes_executor.py:39} WARNING - The example_kubernetes_executor example DAG requires the kubernetes provider. Please install it with: pip install apache-airflow[cncf.kubernetes]
[2024-04-17T22:44:46.406+0700] {processor.py:842} WARNING - No viable dags retrieved from /home/newrey/airflow/airflow-env/lib/python3.10/site-packages/airflow/example_dags/example_kubernetes_executor.py
[2024-04-17T22:44:46.416+0700] {processor.py:183} INFO - Processing /home/newrey/airflow/airflow-env/lib/python3.10/site-packages/airflow/example_dags/example_kubernetes_executor.py took 0.025 seconds
[2024-04-17T22:45:40.155+0700] {processor.py:161} INFO - Started process (PID=5148) to work on /home/newrey/airflow/airflow-env/lib/python3.10/site-packages/airflow/example_dags/example_kubernetes_executor.py
[2024-04-17T22:45:40.157+0700] {processor.py:830} INFO - Processing file /home/newrey/airflow/airflow-env/lib/python3.10/site-packages/airflow/example_dags/example_kubernetes_executor.py for tasks to queue
[2024-04-17T22:45:40.159+0700] {logging_mixin.py:188} INFO - [2024-04-17T22:45:40.158+0700] {dagbag.py:540} INFO - Filling up the DagBag from /home/newrey/airflow/airflow-env/lib/python3.10/site-packages/airflow/example_dags/example_kubernetes_executor.py
[2024-04-17T22:45:40.161+0700] {logging_mixin.py:188} INFO - [2024-04-17T22:45:40.161+0700] {example_kubernetes_executor.py:39} WARNING - The example_kubernetes_executor example DAG requires the kubernetes provider. Please install it with: pip install apache-airflow[cncf.kubernetes]
[2024-04-17T22:45:40.161+0700] {processor.py:842} WARNING - No viable dags retrieved from /home/newrey/airflow/airflow-env/lib/python3.10/site-packages/airflow/example_dags/example_kubernetes_executor.py
[2024-04-17T22:45:40.169+0700] {processor.py:183} INFO - Processing /home/newrey/airflow/airflow-env/lib/python3.10/site-packages/airflow/example_dags/example_kubernetes_executor.py took 0.026 seconds
[2024-04-17T22:46:37.230+0700] {processor.py:161} INFO - Started process (PID=5271) to work on /home/newrey/airflow/airflow-env/lib/python3.10/site-packages/airflow/example_dags/example_kubernetes_executor.py
[2024-04-17T22:46:37.232+0700] {processor.py:830} INFO - Processing file /home/newrey/airflow/airflow-env/lib/python3.10/site-packages/airflow/example_dags/example_kubernetes_executor.py for tasks to queue
[2024-04-17T22:46:37.233+0700] {logging_mixin.py:188} INFO - [2024-04-17T22:46:37.233+0700] {dagbag.py:540} INFO - Filling up the DagBag from /home/newrey/airflow/airflow-env/lib/python3.10/site-packages/airflow/example_dags/example_kubernetes_executor.py
[2024-04-17T22:46:37.236+0700] {logging_mixin.py:188} INFO - [2024-04-17T22:46:37.236+0700] {example_kubernetes_executor.py:39} WARNING - The example_kubernetes_executor example DAG requires the kubernetes provider. Please install it with: pip install apache-airflow[cncf.kubernetes]
[2024-04-17T22:46:37.236+0700] {processor.py:842} WARNING - No viable dags retrieved from /home/newrey/airflow/airflow-env/lib/python3.10/site-packages/airflow/example_dags/example_kubernetes_executor.py
[2024-04-17T22:46:37.245+0700] {processor.py:183} INFO - Processing /home/newrey/airflow/airflow-env/lib/python3.10/site-packages/airflow/example_dags/example_kubernetes_executor.py took 0.023 seconds
[2024-04-17T22:47:26.992+0700] {processor.py:161} INFO - Started process (PID=5519) to work on /home/newrey/airflow/airflow-env/lib/python3.10/site-packages/airflow/example_dags/example_kubernetes_executor.py
[2024-04-17T22:47:26.993+0700] {processor.py:830} INFO - Processing file /home/newrey/airflow/airflow-env/lib/python3.10/site-packages/airflow/example_dags/example_kubernetes_executor.py for tasks to queue
[2024-04-17T22:47:26.994+0700] {logging_mixin.py:188} INFO - [2024-04-17T22:47:26.994+0700] {dagbag.py:540} INFO - Filling up the DagBag from /home/newrey/airflow/airflow-env/lib/python3.10/site-packages/airflow/example_dags/example_kubernetes_executor.py
[2024-04-17T22:47:26.998+0700] {logging_mixin.py:188} INFO - [2024-04-17T22:47:26.998+0700] {example_kubernetes_executor.py:39} WARNING - The example_kubernetes_executor example DAG requires the kubernetes provider. Please install it with: pip install apache-airflow[cncf.kubernetes]
[2024-04-17T22:47:26.999+0700] {processor.py:842} WARNING - No viable dags retrieved from /home/newrey/airflow/airflow-env/lib/python3.10/site-packages/airflow/example_dags/example_kubernetes_executor.py
[2024-04-17T22:47:27.010+0700] {processor.py:183} INFO - Processing /home/newrey/airflow/airflow-env/lib/python3.10/site-packages/airflow/example_dags/example_kubernetes_executor.py took 0.028 seconds
[2024-04-17T22:48:16.409+0700] {processor.py:161} INFO - Started process (PID=5947) to work on /home/newrey/airflow/airflow-env/lib/python3.10/site-packages/airflow/example_dags/example_kubernetes_executor.py
[2024-04-17T22:48:16.410+0700] {processor.py:830} INFO - Processing file /home/newrey/airflow/airflow-env/lib/python3.10/site-packages/airflow/example_dags/example_kubernetes_executor.py for tasks to queue
[2024-04-17T22:48:16.412+0700] {logging_mixin.py:188} INFO - [2024-04-17T22:48:16.412+0700] {dagbag.py:540} INFO - Filling up the DagBag from /home/newrey/airflow/airflow-env/lib/python3.10/site-packages/airflow/example_dags/example_kubernetes_executor.py
[2024-04-17T22:48:16.415+0700] {logging_mixin.py:188} INFO - [2024-04-17T22:48:16.415+0700] {example_kubernetes_executor.py:39} WARNING - The example_kubernetes_executor example DAG requires the kubernetes provider. Please install it with: pip install apache-airflow[cncf.kubernetes]
[2024-04-17T22:48:16.415+0700] {processor.py:842} WARNING - No viable dags retrieved from /home/newrey/airflow/airflow-env/lib/python3.10/site-packages/airflow/example_dags/example_kubernetes_executor.py
[2024-04-17T22:48:16.425+0700] {processor.py:183} INFO - Processing /home/newrey/airflow/airflow-env/lib/python3.10/site-packages/airflow/example_dags/example_kubernetes_executor.py took 0.026 seconds
[2024-04-17T22:49:06.399+0700] {processor.py:161} INFO - Started process (PID=6348) to work on /home/newrey/airflow/airflow-env/lib/python3.10/site-packages/airflow/example_dags/example_kubernetes_executor.py
[2024-04-17T22:49:06.400+0700] {processor.py:830} INFO - Processing file /home/newrey/airflow/airflow-env/lib/python3.10/site-packages/airflow/example_dags/example_kubernetes_executor.py for tasks to queue
[2024-04-17T22:49:06.402+0700] {logging_mixin.py:188} INFO - [2024-04-17T22:49:06.402+0700] {dagbag.py:540} INFO - Filling up the DagBag from /home/newrey/airflow/airflow-env/lib/python3.10/site-packages/airflow/example_dags/example_kubernetes_executor.py
[2024-04-17T22:49:06.405+0700] {logging_mixin.py:188} INFO - [2024-04-17T22:49:06.404+0700] {example_kubernetes_executor.py:39} WARNING - The example_kubernetes_executor example DAG requires the kubernetes provider. Please install it with: pip install apache-airflow[cncf.kubernetes]
[2024-04-17T22:49:06.405+0700] {processor.py:842} WARNING - No viable dags retrieved from /home/newrey/airflow/airflow-env/lib/python3.10/site-packages/airflow/example_dags/example_kubernetes_executor.py
[2024-04-17T22:49:06.415+0700] {processor.py:183} INFO - Processing /home/newrey/airflow/airflow-env/lib/python3.10/site-packages/airflow/example_dags/example_kubernetes_executor.py took 0.025 seconds
[2024-04-17T22:49:57.043+0700] {processor.py:161} INFO - Started process (PID=6510) to work on /home/newrey/airflow/airflow-env/lib/python3.10/site-packages/airflow/example_dags/example_kubernetes_executor.py
[2024-04-17T22:49:57.044+0700] {processor.py:830} INFO - Processing file /home/newrey/airflow/airflow-env/lib/python3.10/site-packages/airflow/example_dags/example_kubernetes_executor.py for tasks to queue
[2024-04-17T22:49:57.046+0700] {logging_mixin.py:188} INFO - [2024-04-17T22:49:57.046+0700] {dagbag.py:540} INFO - Filling up the DagBag from /home/newrey/airflow/airflow-env/lib/python3.10/site-packages/airflow/example_dags/example_kubernetes_executor.py
[2024-04-17T22:49:57.050+0700] {logging_mixin.py:188} INFO - [2024-04-17T22:49:57.049+0700] {example_kubernetes_executor.py:39} WARNING - The example_kubernetes_executor example DAG requires the kubernetes provider. Please install it with: pip install apache-airflow[cncf.kubernetes]
[2024-04-17T22:49:57.050+0700] {processor.py:842} WARNING - No viable dags retrieved from /home/newrey/airflow/airflow-env/lib/python3.10/site-packages/airflow/example_dags/example_kubernetes_executor.py
[2024-04-17T22:49:57.060+0700] {processor.py:183} INFO - Processing /home/newrey/airflow/airflow-env/lib/python3.10/site-packages/airflow/example_dags/example_kubernetes_executor.py took 0.027 seconds
[2024-04-17T22:50:43.714+0700] {processor.py:161} INFO - Started process (PID=6643) to work on /home/newrey/airflow/airflow-env/lib/python3.10/site-packages/airflow/example_dags/example_kubernetes_executor.py
[2024-04-17T22:50:43.728+0700] {processor.py:830} INFO - Processing file /home/newrey/airflow/airflow-env/lib/python3.10/site-packages/airflow/example_dags/example_kubernetes_executor.py for tasks to queue
[2024-04-17T22:50:43.730+0700] {logging_mixin.py:188} INFO - [2024-04-17T22:50:43.730+0700] {dagbag.py:540} INFO - Filling up the DagBag from /home/newrey/airflow/airflow-env/lib/python3.10/site-packages/airflow/example_dags/example_kubernetes_executor.py
[2024-04-17T22:50:43.735+0700] {logging_mixin.py:188} INFO - [2024-04-17T22:50:43.735+0700] {example_kubernetes_executor.py:39} WARNING - The example_kubernetes_executor example DAG requires the kubernetes provider. Please install it with: pip install apache-airflow[cncf.kubernetes]
[2024-04-17T22:50:43.736+0700] {processor.py:842} WARNING - No viable dags retrieved from /home/newrey/airflow/airflow-env/lib/python3.10/site-packages/airflow/example_dags/example_kubernetes_executor.py
[2024-04-17T22:50:43.772+0700] {processor.py:183} INFO - Processing /home/newrey/airflow/airflow-env/lib/python3.10/site-packages/airflow/example_dags/example_kubernetes_executor.py took 0.091 seconds
[2024-04-17T22:51:58.121+0700] {processor.py:161} INFO - Started process (PID=7557) to work on /home/newrey/airflow/airflow-env/lib/python3.10/site-packages/airflow/example_dags/example_kubernetes_executor.py
[2024-04-17T22:51:58.123+0700] {processor.py:830} INFO - Processing file /home/newrey/airflow/airflow-env/lib/python3.10/site-packages/airflow/example_dags/example_kubernetes_executor.py for tasks to queue
[2024-04-17T22:51:58.125+0700] {logging_mixin.py:188} INFO - [2024-04-17T22:51:58.125+0700] {dagbag.py:540} INFO - Filling up the DagBag from /home/newrey/airflow/airflow-env/lib/python3.10/site-packages/airflow/example_dags/example_kubernetes_executor.py
[2024-04-17T22:51:58.128+0700] {logging_mixin.py:188} INFO - [2024-04-17T22:51:58.128+0700] {example_kubernetes_executor.py:39} WARNING - The example_kubernetes_executor example DAG requires the kubernetes provider. Please install it with: pip install apache-airflow[cncf.kubernetes]
[2024-04-17T22:51:58.129+0700] {processor.py:842} WARNING - No viable dags retrieved from /home/newrey/airflow/airflow-env/lib/python3.10/site-packages/airflow/example_dags/example_kubernetes_executor.py
[2024-04-17T22:51:58.138+0700] {processor.py:183} INFO - Processing /home/newrey/airflow/airflow-env/lib/python3.10/site-packages/airflow/example_dags/example_kubernetes_executor.py took 0.029 seconds
[2024-04-17T22:52:52.105+0700] {processor.py:161} INFO - Started process (PID=8265) to work on /home/newrey/airflow/airflow-env/lib/python3.10/site-packages/airflow/example_dags/example_kubernetes_executor.py
[2024-04-17T22:52:52.106+0700] {processor.py:830} INFO - Processing file /home/newrey/airflow/airflow-env/lib/python3.10/site-packages/airflow/example_dags/example_kubernetes_executor.py for tasks to queue
[2024-04-17T22:52:52.108+0700] {logging_mixin.py:188} INFO - [2024-04-17T22:52:52.107+0700] {dagbag.py:540} INFO - Filling up the DagBag from /home/newrey/airflow/airflow-env/lib/python3.10/site-packages/airflow/example_dags/example_kubernetes_executor.py
[2024-04-17T22:52:52.112+0700] {logging_mixin.py:188} INFO - [2024-04-17T22:52:52.112+0700] {example_kubernetes_executor.py:39} WARNING - The example_kubernetes_executor example DAG requires the kubernetes provider. Please install it with: pip install apache-airflow[cncf.kubernetes]
[2024-04-17T22:52:52.112+0700] {processor.py:842} WARNING - No viable dags retrieved from /home/newrey/airflow/airflow-env/lib/python3.10/site-packages/airflow/example_dags/example_kubernetes_executor.py
[2024-04-17T22:52:52.121+0700] {processor.py:183} INFO - Processing /home/newrey/airflow/airflow-env/lib/python3.10/site-packages/airflow/example_dags/example_kubernetes_executor.py took 0.024 seconds
[2024-04-17T22:53:50.185+0700] {processor.py:161} INFO - Started process (PID=9110) to work on /home/newrey/airflow/airflow-env/lib/python3.10/site-packages/airflow/example_dags/example_kubernetes_executor.py
[2024-04-17T22:53:50.186+0700] {processor.py:830} INFO - Processing file /home/newrey/airflow/airflow-env/lib/python3.10/site-packages/airflow/example_dags/example_kubernetes_executor.py for tasks to queue
[2024-04-17T22:53:50.187+0700] {logging_mixin.py:188} INFO - [2024-04-17T22:53:50.187+0700] {dagbag.py:540} INFO - Filling up the DagBag from /home/newrey/airflow/airflow-env/lib/python3.10/site-packages/airflow/example_dags/example_kubernetes_executor.py
[2024-04-17T22:53:50.191+0700] {logging_mixin.py:188} INFO - [2024-04-17T22:53:50.191+0700] {example_kubernetes_executor.py:39} WARNING - The example_kubernetes_executor example DAG requires the kubernetes provider. Please install it with: pip install apache-airflow[cncf.kubernetes]
[2024-04-17T22:53:50.192+0700] {processor.py:842} WARNING - No viable dags retrieved from /home/newrey/airflow/airflow-env/lib/python3.10/site-packages/airflow/example_dags/example_kubernetes_executor.py
[2024-04-17T22:53:50.201+0700] {processor.py:183} INFO - Processing /home/newrey/airflow/airflow-env/lib/python3.10/site-packages/airflow/example_dags/example_kubernetes_executor.py took 0.026 seconds
[2024-04-17T22:54:43.351+0700] {processor.py:161} INFO - Started process (PID=9242) to work on /home/newrey/airflow/airflow-env/lib/python3.10/site-packages/airflow/example_dags/example_kubernetes_executor.py
[2024-04-17T22:54:43.352+0700] {processor.py:830} INFO - Processing file /home/newrey/airflow/airflow-env/lib/python3.10/site-packages/airflow/example_dags/example_kubernetes_executor.py for tasks to queue
[2024-04-17T22:54:43.354+0700] {logging_mixin.py:188} INFO - [2024-04-17T22:54:43.353+0700] {dagbag.py:540} INFO - Filling up the DagBag from /home/newrey/airflow/airflow-env/lib/python3.10/site-packages/airflow/example_dags/example_kubernetes_executor.py
[2024-04-17T22:54:43.356+0700] {logging_mixin.py:188} INFO - [2024-04-17T22:54:43.356+0700] {example_kubernetes_executor.py:39} WARNING - The example_kubernetes_executor example DAG requires the kubernetes provider. Please install it with: pip install apache-airflow[cncf.kubernetes]
[2024-04-17T22:54:43.357+0700] {processor.py:842} WARNING - No viable dags retrieved from /home/newrey/airflow/airflow-env/lib/python3.10/site-packages/airflow/example_dags/example_kubernetes_executor.py
[2024-04-17T22:54:43.365+0700] {processor.py:183} INFO - Processing /home/newrey/airflow/airflow-env/lib/python3.10/site-packages/airflow/example_dags/example_kubernetes_executor.py took 0.022 seconds
[2024-04-17T22:55:26.018+0700] {processor.py:161} INFO - Started process (PID=9365) to work on /home/newrey/airflow/airflow-env/lib/python3.10/site-packages/airflow/example_dags/example_kubernetes_executor.py
[2024-04-17T22:55:26.019+0700] {processor.py:830} INFO - Processing file /home/newrey/airflow/airflow-env/lib/python3.10/site-packages/airflow/example_dags/example_kubernetes_executor.py for tasks to queue
[2024-04-17T22:55:26.022+0700] {logging_mixin.py:188} INFO - [2024-04-17T22:55:26.021+0700] {dagbag.py:540} INFO - Filling up the DagBag from /home/newrey/airflow/airflow-env/lib/python3.10/site-packages/airflow/example_dags/example_kubernetes_executor.py
[2024-04-17T22:55:26.026+0700] {logging_mixin.py:188} INFO - [2024-04-17T22:55:26.025+0700] {example_kubernetes_executor.py:39} WARNING - The example_kubernetes_executor example DAG requires the kubernetes provider. Please install it with: pip install apache-airflow[cncf.kubernetes]
[2024-04-17T22:55:26.026+0700] {processor.py:842} WARNING - No viable dags retrieved from /home/newrey/airflow/airflow-env/lib/python3.10/site-packages/airflow/example_dags/example_kubernetes_executor.py
[2024-04-17T22:55:26.037+0700] {processor.py:183} INFO - Processing /home/newrey/airflow/airflow-env/lib/python3.10/site-packages/airflow/example_dags/example_kubernetes_executor.py took 0.029 seconds
[2024-04-17T22:56:16.250+0700] {processor.py:161} INFO - Started process (PID=9430) to work on /home/newrey/airflow/airflow-env/lib/python3.10/site-packages/airflow/example_dags/example_kubernetes_executor.py
[2024-04-17T22:56:16.251+0700] {processor.py:830} INFO - Processing file /home/newrey/airflow/airflow-env/lib/python3.10/site-packages/airflow/example_dags/example_kubernetes_executor.py for tasks to queue
[2024-04-17T22:56:16.253+0700] {logging_mixin.py:188} INFO - [2024-04-17T22:56:16.253+0700] {dagbag.py:540} INFO - Filling up the DagBag from /home/newrey/airflow/airflow-env/lib/python3.10/site-packages/airflow/example_dags/example_kubernetes_executor.py
[2024-04-17T22:56:16.255+0700] {logging_mixin.py:188} INFO - [2024-04-17T22:56:16.255+0700] {example_kubernetes_executor.py:39} WARNING - The example_kubernetes_executor example DAG requires the kubernetes provider. Please install it with: pip install apache-airflow[cncf.kubernetes]
[2024-04-17T22:56:16.256+0700] {processor.py:842} WARNING - No viable dags retrieved from /home/newrey/airflow/airflow-env/lib/python3.10/site-packages/airflow/example_dags/example_kubernetes_executor.py
[2024-04-17T22:56:16.267+0700] {processor.py:183} INFO - Processing /home/newrey/airflow/airflow-env/lib/python3.10/site-packages/airflow/example_dags/example_kubernetes_executor.py took 0.028 seconds
[2024-04-17T22:57:03.599+0700] {processor.py:161} INFO - Started process (PID=9557) to work on /home/newrey/airflow/airflow-env/lib/python3.10/site-packages/airflow/example_dags/example_kubernetes_executor.py
[2024-04-17T22:57:03.600+0700] {processor.py:830} INFO - Processing file /home/newrey/airflow/airflow-env/lib/python3.10/site-packages/airflow/example_dags/example_kubernetes_executor.py for tasks to queue
[2024-04-17T22:57:03.602+0700] {logging_mixin.py:188} INFO - [2024-04-17T22:57:03.601+0700] {dagbag.py:540} INFO - Filling up the DagBag from /home/newrey/airflow/airflow-env/lib/python3.10/site-packages/airflow/example_dags/example_kubernetes_executor.py
[2024-04-17T22:57:03.605+0700] {logging_mixin.py:188} INFO - [2024-04-17T22:57:03.604+0700] {example_kubernetes_executor.py:39} WARNING - The example_kubernetes_executor example DAG requires the kubernetes provider. Please install it with: pip install apache-airflow[cncf.kubernetes]
[2024-04-17T22:57:03.605+0700] {processor.py:842} WARNING - No viable dags retrieved from /home/newrey/airflow/airflow-env/lib/python3.10/site-packages/airflow/example_dags/example_kubernetes_executor.py
[2024-04-17T22:57:03.614+0700] {processor.py:183} INFO - Processing /home/newrey/airflow/airflow-env/lib/python3.10/site-packages/airflow/example_dags/example_kubernetes_executor.py took 0.023 seconds
[2024-04-17T22:57:47.941+0700] {processor.py:161} INFO - Started process (PID=9741) to work on /home/newrey/airflow/airflow-env/lib/python3.10/site-packages/airflow/example_dags/example_kubernetes_executor.py
[2024-04-17T22:57:47.944+0700] {processor.py:830} INFO - Processing file /home/newrey/airflow/airflow-env/lib/python3.10/site-packages/airflow/example_dags/example_kubernetes_executor.py for tasks to queue
[2024-04-17T22:57:47.945+0700] {logging_mixin.py:188} INFO - [2024-04-17T22:57:47.945+0700] {dagbag.py:540} INFO - Filling up the DagBag from /home/newrey/airflow/airflow-env/lib/python3.10/site-packages/airflow/example_dags/example_kubernetes_executor.py
[2024-04-17T22:57:47.948+0700] {logging_mixin.py:188} INFO - [2024-04-17T22:57:47.947+0700] {example_kubernetes_executor.py:39} WARNING - The example_kubernetes_executor example DAG requires the kubernetes provider. Please install it with: pip install apache-airflow[cncf.kubernetes]
[2024-04-17T22:57:47.948+0700] {processor.py:842} WARNING - No viable dags retrieved from /home/newrey/airflow/airflow-env/lib/python3.10/site-packages/airflow/example_dags/example_kubernetes_executor.py
[2024-04-17T22:57:47.958+0700] {processor.py:183} INFO - Processing /home/newrey/airflow/airflow-env/lib/python3.10/site-packages/airflow/example_dags/example_kubernetes_executor.py took 0.026 seconds
[2024-04-17T22:58:34.974+0700] {processor.py:161} INFO - Started process (PID=9869) to work on /home/newrey/airflow/airflow-env/lib/python3.10/site-packages/airflow/example_dags/example_kubernetes_executor.py
[2024-04-17T22:58:34.975+0700] {processor.py:830} INFO - Processing file /home/newrey/airflow/airflow-env/lib/python3.10/site-packages/airflow/example_dags/example_kubernetes_executor.py for tasks to queue
[2024-04-17T22:58:34.977+0700] {logging_mixin.py:188} INFO - [2024-04-17T22:58:34.976+0700] {dagbag.py:540} INFO - Filling up the DagBag from /home/newrey/airflow/airflow-env/lib/python3.10/site-packages/airflow/example_dags/example_kubernetes_executor.py
[2024-04-17T22:58:34.979+0700] {logging_mixin.py:188} INFO - [2024-04-17T22:58:34.979+0700] {example_kubernetes_executor.py:39} WARNING - The example_kubernetes_executor example DAG requires the kubernetes provider. Please install it with: pip install apache-airflow[cncf.kubernetes]
[2024-04-17T22:58:34.980+0700] {processor.py:842} WARNING - No viable dags retrieved from /home/newrey/airflow/airflow-env/lib/python3.10/site-packages/airflow/example_dags/example_kubernetes_executor.py
[2024-04-17T22:58:34.991+0700] {processor.py:183} INFO - Processing /home/newrey/airflow/airflow-env/lib/python3.10/site-packages/airflow/example_dags/example_kubernetes_executor.py took 0.026 seconds
[2024-04-17T22:59:21.614+0700] {processor.py:161} INFO - Started process (PID=10057) to work on /home/newrey/airflow/airflow-env/lib/python3.10/site-packages/airflow/example_dags/example_kubernetes_executor.py
[2024-04-17T22:59:21.616+0700] {processor.py:830} INFO - Processing file /home/newrey/airflow/airflow-env/lib/python3.10/site-packages/airflow/example_dags/example_kubernetes_executor.py for tasks to queue
[2024-04-17T22:59:21.618+0700] {logging_mixin.py:188} INFO - [2024-04-17T22:59:21.617+0700] {dagbag.py:540} INFO - Filling up the DagBag from /home/newrey/airflow/airflow-env/lib/python3.10/site-packages/airflow/example_dags/example_kubernetes_executor.py
[2024-04-17T22:59:21.621+0700] {logging_mixin.py:188} INFO - [2024-04-17T22:59:21.621+0700] {example_kubernetes_executor.py:39} WARNING - The example_kubernetes_executor example DAG requires the kubernetes provider. Please install it with: pip install apache-airflow[cncf.kubernetes]
[2024-04-17T22:59:21.621+0700] {processor.py:842} WARNING - No viable dags retrieved from /home/newrey/airflow/airflow-env/lib/python3.10/site-packages/airflow/example_dags/example_kubernetes_executor.py
[2024-04-17T22:59:21.630+0700] {processor.py:183} INFO - Processing /home/newrey/airflow/airflow-env/lib/python3.10/site-packages/airflow/example_dags/example_kubernetes_executor.py took 0.025 seconds
[2024-04-17T23:00:08.783+0700] {processor.py:161} INFO - Started process (PID=10250) to work on /home/newrey/airflow/airflow-env/lib/python3.10/site-packages/airflow/example_dags/example_kubernetes_executor.py
[2024-04-17T23:00:08.786+0700] {processor.py:830} INFO - Processing file /home/newrey/airflow/airflow-env/lib/python3.10/site-packages/airflow/example_dags/example_kubernetes_executor.py for tasks to queue
[2024-04-17T23:00:08.788+0700] {logging_mixin.py:188} INFO - [2024-04-17T23:00:08.788+0700] {dagbag.py:540} INFO - Filling up the DagBag from /home/newrey/airflow/airflow-env/lib/python3.10/site-packages/airflow/example_dags/example_kubernetes_executor.py
[2024-04-17T23:00:08.791+0700] {logging_mixin.py:188} INFO - [2024-04-17T23:00:08.791+0700] {example_kubernetes_executor.py:39} WARNING - The example_kubernetes_executor example DAG requires the kubernetes provider. Please install it with: pip install apache-airflow[cncf.kubernetes]
[2024-04-17T23:00:08.792+0700] {processor.py:842} WARNING - No viable dags retrieved from /home/newrey/airflow/airflow-env/lib/python3.10/site-packages/airflow/example_dags/example_kubernetes_executor.py
[2024-04-17T23:00:08.801+0700] {processor.py:183} INFO - Processing /home/newrey/airflow/airflow-env/lib/python3.10/site-packages/airflow/example_dags/example_kubernetes_executor.py took 0.027 seconds
[2024-04-17T23:00:59.916+0700] {processor.py:161} INFO - Started process (PID=10446) to work on /home/newrey/airflow/airflow-env/lib/python3.10/site-packages/airflow/example_dags/example_kubernetes_executor.py
[2024-04-17T23:00:59.918+0700] {processor.py:830} INFO - Processing file /home/newrey/airflow/airflow-env/lib/python3.10/site-packages/airflow/example_dags/example_kubernetes_executor.py for tasks to queue
[2024-04-17T23:00:59.919+0700] {logging_mixin.py:188} INFO - [2024-04-17T23:00:59.919+0700] {dagbag.py:540} INFO - Filling up the DagBag from /home/newrey/airflow/airflow-env/lib/python3.10/site-packages/airflow/example_dags/example_kubernetes_executor.py
[2024-04-17T23:00:59.923+0700] {logging_mixin.py:188} INFO - [2024-04-17T23:00:59.922+0700] {example_kubernetes_executor.py:39} WARNING - The example_kubernetes_executor example DAG requires the kubernetes provider. Please install it with: pip install apache-airflow[cncf.kubernetes]
[2024-04-17T23:00:59.923+0700] {processor.py:842} WARNING - No viable dags retrieved from /home/newrey/airflow/airflow-env/lib/python3.10/site-packages/airflow/example_dags/example_kubernetes_executor.py
[2024-04-17T23:00:59.934+0700] {processor.py:183} INFO - Processing /home/newrey/airflow/airflow-env/lib/python3.10/site-packages/airflow/example_dags/example_kubernetes_executor.py took 0.028 seconds
[2024-04-17T23:01:49.927+0700] {processor.py:161} INFO - Started process (PID=10574) to work on /home/newrey/airflow/airflow-env/lib/python3.10/site-packages/airflow/example_dags/example_kubernetes_executor.py
[2024-04-17T23:01:49.929+0700] {processor.py:830} INFO - Processing file /home/newrey/airflow/airflow-env/lib/python3.10/site-packages/airflow/example_dags/example_kubernetes_executor.py for tasks to queue
[2024-04-17T23:01:49.930+0700] {logging_mixin.py:188} INFO - [2024-04-17T23:01:49.930+0700] {dagbag.py:540} INFO - Filling up the DagBag from /home/newrey/airflow/airflow-env/lib/python3.10/site-packages/airflow/example_dags/example_kubernetes_executor.py
[2024-04-17T23:01:49.934+0700] {logging_mixin.py:188} INFO - [2024-04-17T23:01:49.933+0700] {example_kubernetes_executor.py:39} WARNING - The example_kubernetes_executor example DAG requires the kubernetes provider. Please install it with: pip install apache-airflow[cncf.kubernetes]
[2024-04-17T23:01:49.934+0700] {processor.py:842} WARNING - No viable dags retrieved from /home/newrey/airflow/airflow-env/lib/python3.10/site-packages/airflow/example_dags/example_kubernetes_executor.py
[2024-04-17T23:01:49.946+0700] {processor.py:183} INFO - Processing /home/newrey/airflow/airflow-env/lib/python3.10/site-packages/airflow/example_dags/example_kubernetes_executor.py took 0.027 seconds
[2024-04-17T23:02:41.597+0700] {processor.py:161} INFO - Started process (PID=10769) to work on /home/newrey/airflow/airflow-env/lib/python3.10/site-packages/airflow/example_dags/example_kubernetes_executor.py
[2024-04-17T23:02:41.598+0700] {processor.py:830} INFO - Processing file /home/newrey/airflow/airflow-env/lib/python3.10/site-packages/airflow/example_dags/example_kubernetes_executor.py for tasks to queue
[2024-04-17T23:02:41.600+0700] {logging_mixin.py:188} INFO - [2024-04-17T23:02:41.599+0700] {dagbag.py:540} INFO - Filling up the DagBag from /home/newrey/airflow/airflow-env/lib/python3.10/site-packages/airflow/example_dags/example_kubernetes_executor.py
[2024-04-17T23:02:41.602+0700] {logging_mixin.py:188} INFO - [2024-04-17T23:02:41.602+0700] {example_kubernetes_executor.py:39} WARNING - The example_kubernetes_executor example DAG requires the kubernetes provider. Please install it with: pip install apache-airflow[cncf.kubernetes]
[2024-04-17T23:02:41.602+0700] {processor.py:842} WARNING - No viable dags retrieved from /home/newrey/airflow/airflow-env/lib/python3.10/site-packages/airflow/example_dags/example_kubernetes_executor.py
[2024-04-17T23:02:41.611+0700] {processor.py:183} INFO - Processing /home/newrey/airflow/airflow-env/lib/python3.10/site-packages/airflow/example_dags/example_kubernetes_executor.py took 0.022 seconds
[2024-04-17T23:03:31.976+0700] {processor.py:161} INFO - Started process (PID=10900) to work on /home/newrey/airflow/airflow-env/lib/python3.10/site-packages/airflow/example_dags/example_kubernetes_executor.py
[2024-04-17T23:03:31.980+0700] {processor.py:830} INFO - Processing file /home/newrey/airflow/airflow-env/lib/python3.10/site-packages/airflow/example_dags/example_kubernetes_executor.py for tasks to queue
[2024-04-17T23:03:31.984+0700] {logging_mixin.py:188} INFO - [2024-04-17T23:03:31.983+0700] {dagbag.py:540} INFO - Filling up the DagBag from /home/newrey/airflow/airflow-env/lib/python3.10/site-packages/airflow/example_dags/example_kubernetes_executor.py
[2024-04-17T23:03:31.990+0700] {logging_mixin.py:188} INFO - [2024-04-17T23:03:31.990+0700] {example_kubernetes_executor.py:39} WARNING - The example_kubernetes_executor example DAG requires the kubernetes provider. Please install it with: pip install apache-airflow[cncf.kubernetes]
[2024-04-17T23:03:31.991+0700] {processor.py:842} WARNING - No viable dags retrieved from /home/newrey/airflow/airflow-env/lib/python3.10/site-packages/airflow/example_dags/example_kubernetes_executor.py
[2024-04-17T23:03:32.015+0700] {processor.py:183} INFO - Processing /home/newrey/airflow/airflow-env/lib/python3.10/site-packages/airflow/example_dags/example_kubernetes_executor.py took 0.059 seconds
[2024-04-17T23:04:25.883+0700] {processor.py:161} INFO - Started process (PID=11042) to work on /home/newrey/airflow/airflow-env/lib/python3.10/site-packages/airflow/example_dags/example_kubernetes_executor.py
[2024-04-17T23:04:25.886+0700] {processor.py:830} INFO - Processing file /home/newrey/airflow/airflow-env/lib/python3.10/site-packages/airflow/example_dags/example_kubernetes_executor.py for tasks to queue
[2024-04-17T23:04:25.888+0700] {logging_mixin.py:188} INFO - [2024-04-17T23:04:25.887+0700] {dagbag.py:540} INFO - Filling up the DagBag from /home/newrey/airflow/airflow-env/lib/python3.10/site-packages/airflow/example_dags/example_kubernetes_executor.py
[2024-04-17T23:04:25.892+0700] {logging_mixin.py:188} INFO - [2024-04-17T23:04:25.891+0700] {example_kubernetes_executor.py:39} WARNING - The example_kubernetes_executor example DAG requires the kubernetes provider. Please install it with: pip install apache-airflow[cncf.kubernetes]
[2024-04-17T23:04:25.892+0700] {processor.py:842} WARNING - No viable dags retrieved from /home/newrey/airflow/airflow-env/lib/python3.10/site-packages/airflow/example_dags/example_kubernetes_executor.py
[2024-04-17T23:04:25.905+0700] {processor.py:183} INFO - Processing /home/newrey/airflow/airflow-env/lib/python3.10/site-packages/airflow/example_dags/example_kubernetes_executor.py took 0.034 seconds
[2024-04-17T23:05:21.437+0700] {processor.py:161} INFO - Started process (PID=11114) to work on /home/newrey/airflow/airflow-env/lib/python3.10/site-packages/airflow/example_dags/example_kubernetes_executor.py
[2024-04-17T23:05:21.441+0700] {processor.py:830} INFO - Processing file /home/newrey/airflow/airflow-env/lib/python3.10/site-packages/airflow/example_dags/example_kubernetes_executor.py for tasks to queue
[2024-04-17T23:05:21.443+0700] {logging_mixin.py:188} INFO - [2024-04-17T23:05:21.442+0700] {dagbag.py:540} INFO - Filling up the DagBag from /home/newrey/airflow/airflow-env/lib/python3.10/site-packages/airflow/example_dags/example_kubernetes_executor.py
[2024-04-17T23:05:21.447+0700] {logging_mixin.py:188} INFO - [2024-04-17T23:05:21.446+0700] {example_kubernetes_executor.py:39} WARNING - The example_kubernetes_executor example DAG requires the kubernetes provider. Please install it with: pip install apache-airflow[cncf.kubernetes]
[2024-04-17T23:05:21.447+0700] {processor.py:842} WARNING - No viable dags retrieved from /home/newrey/airflow/airflow-env/lib/python3.10/site-packages/airflow/example_dags/example_kubernetes_executor.py
[2024-04-17T23:05:21.461+0700] {processor.py:183} INFO - Processing /home/newrey/airflow/airflow-env/lib/python3.10/site-packages/airflow/example_dags/example_kubernetes_executor.py took 0.041 seconds
[2024-04-17T23:06:21.125+0700] {processor.py:161} INFO - Started process (PID=11249) to work on /home/newrey/airflow/airflow-env/lib/python3.10/site-packages/airflow/example_dags/example_kubernetes_executor.py
[2024-04-17T23:06:21.148+0700] {processor.py:830} INFO - Processing file /home/newrey/airflow/airflow-env/lib/python3.10/site-packages/airflow/example_dags/example_kubernetes_executor.py for tasks to queue
[2024-04-17T23:06:21.151+0700] {logging_mixin.py:188} INFO - [2024-04-17T23:06:21.150+0700] {dagbag.py:540} INFO - Filling up the DagBag from /home/newrey/airflow/airflow-env/lib/python3.10/site-packages/airflow/example_dags/example_kubernetes_executor.py
[2024-04-17T23:06:21.154+0700] {logging_mixin.py:188} INFO - [2024-04-17T23:06:21.154+0700] {example_kubernetes_executor.py:39} WARNING - The example_kubernetes_executor example DAG requires the kubernetes provider. Please install it with: pip install apache-airflow[cncf.kubernetes]
[2024-04-17T23:06:21.155+0700] {processor.py:842} WARNING - No viable dags retrieved from /home/newrey/airflow/airflow-env/lib/python3.10/site-packages/airflow/example_dags/example_kubernetes_executor.py
[2024-04-17T23:06:21.168+0700] {processor.py:183} INFO - Processing /home/newrey/airflow/airflow-env/lib/python3.10/site-packages/airflow/example_dags/example_kubernetes_executor.py took 0.056 seconds
