[2024-04-17T22:42:35.073+0700] {processor.py:161} INFO - Started process (PID=4543) to work on /home/newrey/airflow/airflow-env/lib/python3.10/site-packages/airflow/example_dags/example_trigger_controller_dag.py
[2024-04-17T22:42:35.074+0700] {processor.py:830} INFO - Processing file /home/newrey/airflow/airflow-env/lib/python3.10/site-packages/airflow/example_dags/example_trigger_controller_dag.py for tasks to queue
[2024-04-17T22:42:35.075+0700] {logging_mixin.py:188} INFO - [2024-04-17T22:42:35.075+0700] {dagbag.py:540} INFO - Filling up the DagBag from /home/newrey/airflow/airflow-env/lib/python3.10/site-packages/airflow/example_dags/example_trigger_controller_dag.py
[2024-04-17T22:42:35.080+0700] {processor.py:840} INFO - DAG(s) 'example_trigger_controller_dag' retrieved from /home/newrey/airflow/airflow-env/lib/python3.10/site-packages/airflow/example_dags/example_trigger_controller_dag.py
[2024-04-17T22:42:35.086+0700] {logging_mixin.py:188} INFO - [2024-04-17T22:42:35.086+0700] {dag.py:3096} INFO - Sync 1 DAGs
[2024-04-17T22:42:35.103+0700] {logging_mixin.py:188} INFO - [2024-04-17T22:42:35.103+0700] {dag.py:3954} INFO - Setting next_dagrun for example_trigger_controller_dag to 2021-01-01 00:00:00+00:00, run_after=2021-01-01 00:00:00+00:00
[2024-04-17T22:42:35.125+0700] {processor.py:183} INFO - Processing /home/newrey/airflow/airflow-env/lib/python3.10/site-packages/airflow/example_dags/example_trigger_controller_dag.py took 0.057 seconds
[2024-04-17T22:43:33.258+0700] {processor.py:161} INFO - Started process (PID=4882) to work on /home/newrey/airflow/airflow-env/lib/python3.10/site-packages/airflow/example_dags/example_trigger_controller_dag.py
[2024-04-17T22:43:33.260+0700] {processor.py:830} INFO - Processing file /home/newrey/airflow/airflow-env/lib/python3.10/site-packages/airflow/example_dags/example_trigger_controller_dag.py for tasks to queue
[2024-04-17T22:43:33.262+0700] {logging_mixin.py:188} INFO - [2024-04-17T22:43:33.261+0700] {dagbag.py:540} INFO - Filling up the DagBag from /home/newrey/airflow/airflow-env/lib/python3.10/site-packages/airflow/example_dags/example_trigger_controller_dag.py
[2024-04-17T22:43:33.266+0700] {processor.py:840} INFO - DAG(s) 'example_trigger_controller_dag' retrieved from /home/newrey/airflow/airflow-env/lib/python3.10/site-packages/airflow/example_dags/example_trigger_controller_dag.py
[2024-04-17T22:43:33.446+0700] {logging_mixin.py:188} INFO - [2024-04-17T22:43:33.446+0700] {dag.py:3096} INFO - Sync 1 DAGs
[2024-04-17T22:43:33.461+0700] {logging_mixin.py:188} INFO - [2024-04-17T22:43:33.461+0700] {dag.py:3954} INFO - Setting next_dagrun for example_trigger_controller_dag to 2021-01-01 00:00:00+00:00, run_after=2021-01-01 00:00:00+00:00
[2024-04-17T22:43:33.483+0700] {processor.py:183} INFO - Processing /home/newrey/airflow/airflow-env/lib/python3.10/site-packages/airflow/example_dags/example_trigger_controller_dag.py took 0.230 seconds
[2024-04-17T22:44:35.188+0700] {processor.py:161} INFO - Started process (PID=5007) to work on /home/newrey/airflow/airflow-env/lib/python3.10/site-packages/airflow/example_dags/example_trigger_controller_dag.py
[2024-04-17T22:44:35.190+0700] {processor.py:830} INFO - Processing file /home/newrey/airflow/airflow-env/lib/python3.10/site-packages/airflow/example_dags/example_trigger_controller_dag.py for tasks to queue
[2024-04-17T22:44:35.195+0700] {logging_mixin.py:188} INFO - [2024-04-17T22:44:35.194+0700] {dagbag.py:540} INFO - Filling up the DagBag from /home/newrey/airflow/airflow-env/lib/python3.10/site-packages/airflow/example_dags/example_trigger_controller_dag.py
[2024-04-17T22:44:35.201+0700] {processor.py:840} INFO - DAG(s) 'example_trigger_controller_dag' retrieved from /home/newrey/airflow/airflow-env/lib/python3.10/site-packages/airflow/example_dags/example_trigger_controller_dag.py
[2024-04-17T22:44:35.223+0700] {logging_mixin.py:188} INFO - [2024-04-17T22:44:35.223+0700] {dag.py:3096} INFO - Sync 1 DAGs
[2024-04-17T22:44:35.478+0700] {logging_mixin.py:188} INFO - [2024-04-17T22:44:35.478+0700] {dag.py:3954} INFO - Setting next_dagrun for example_trigger_controller_dag to 2021-01-01 00:00:00+00:00, run_after=2021-01-01 00:00:00+00:00
[2024-04-17T22:44:35.534+0700] {processor.py:183} INFO - Processing /home/newrey/airflow/airflow-env/lib/python3.10/site-packages/airflow/example_dags/example_trigger_controller_dag.py took 0.357 seconds
[2024-04-17T22:45:28.760+0700] {processor.py:161} INFO - Started process (PID=5135) to work on /home/newrey/airflow/airflow-env/lib/python3.10/site-packages/airflow/example_dags/example_trigger_controller_dag.py
[2024-04-17T22:45:28.762+0700] {processor.py:830} INFO - Processing file /home/newrey/airflow/airflow-env/lib/python3.10/site-packages/airflow/example_dags/example_trigger_controller_dag.py for tasks to queue
[2024-04-17T22:45:28.764+0700] {logging_mixin.py:188} INFO - [2024-04-17T22:45:28.763+0700] {dagbag.py:540} INFO - Filling up the DagBag from /home/newrey/airflow/airflow-env/lib/python3.10/site-packages/airflow/example_dags/example_trigger_controller_dag.py
[2024-04-17T22:45:28.770+0700] {processor.py:840} INFO - DAG(s) 'example_trigger_controller_dag' retrieved from /home/newrey/airflow/airflow-env/lib/python3.10/site-packages/airflow/example_dags/example_trigger_controller_dag.py
[2024-04-17T22:45:28.786+0700] {logging_mixin.py:188} INFO - [2024-04-17T22:45:28.785+0700] {dag.py:3096} INFO - Sync 1 DAGs
[2024-04-17T22:45:28.805+0700] {logging_mixin.py:188} INFO - [2024-04-17T22:45:28.805+0700] {dag.py:3954} INFO - Setting next_dagrun for example_trigger_controller_dag to 2021-01-01 00:00:00+00:00, run_after=2021-01-01 00:00:00+00:00
[2024-04-17T22:45:28.837+0700] {processor.py:183} INFO - Processing /home/newrey/airflow/airflow-env/lib/python3.10/site-packages/airflow/example_dags/example_trigger_controller_dag.py took 0.088 seconds
[2024-04-17T22:46:19.367+0700] {processor.py:161} INFO - Started process (PID=5194) to work on /home/newrey/airflow/airflow-env/lib/python3.10/site-packages/airflow/example_dags/example_trigger_controller_dag.py
[2024-04-17T22:46:19.368+0700] {processor.py:830} INFO - Processing file /home/newrey/airflow/airflow-env/lib/python3.10/site-packages/airflow/example_dags/example_trigger_controller_dag.py for tasks to queue
[2024-04-17T22:46:19.370+0700] {logging_mixin.py:188} INFO - [2024-04-17T22:46:19.369+0700] {dagbag.py:540} INFO - Filling up the DagBag from /home/newrey/airflow/airflow-env/lib/python3.10/site-packages/airflow/example_dags/example_trigger_controller_dag.py
[2024-04-17T22:46:19.375+0700] {processor.py:840} INFO - DAG(s) 'example_trigger_controller_dag' retrieved from /home/newrey/airflow/airflow-env/lib/python3.10/site-packages/airflow/example_dags/example_trigger_controller_dag.py
[2024-04-17T22:46:19.390+0700] {logging_mixin.py:188} INFO - [2024-04-17T22:46:19.390+0700] {dag.py:3096} INFO - Sync 1 DAGs
[2024-04-17T22:46:19.415+0700] {logging_mixin.py:188} INFO - [2024-04-17T22:46:19.415+0700] {dag.py:3954} INFO - Setting next_dagrun for example_trigger_controller_dag to 2021-01-01 00:00:00+00:00, run_after=2021-01-01 00:00:00+00:00
[2024-04-17T22:46:19.439+0700] {processor.py:183} INFO - Processing /home/newrey/airflow/airflow-env/lib/python3.10/site-packages/airflow/example_dags/example_trigger_controller_dag.py took 0.082 seconds
[2024-04-17T22:47:09.848+0700] {processor.py:161} INFO - Started process (PID=5430) to work on /home/newrey/airflow/airflow-env/lib/python3.10/site-packages/airflow/example_dags/example_trigger_controller_dag.py
[2024-04-17T22:47:09.850+0700] {processor.py:830} INFO - Processing file /home/newrey/airflow/airflow-env/lib/python3.10/site-packages/airflow/example_dags/example_trigger_controller_dag.py for tasks to queue
[2024-04-17T22:47:09.853+0700] {logging_mixin.py:188} INFO - [2024-04-17T22:47:09.852+0700] {dagbag.py:540} INFO - Filling up the DagBag from /home/newrey/airflow/airflow-env/lib/python3.10/site-packages/airflow/example_dags/example_trigger_controller_dag.py
[2024-04-17T22:47:09.858+0700] {processor.py:840} INFO - DAG(s) 'example_trigger_controller_dag' retrieved from /home/newrey/airflow/airflow-env/lib/python3.10/site-packages/airflow/example_dags/example_trigger_controller_dag.py
[2024-04-17T22:47:09.876+0700] {logging_mixin.py:188} INFO - [2024-04-17T22:47:09.876+0700] {dag.py:3096} INFO - Sync 1 DAGs
[2024-04-17T22:47:09.903+0700] {logging_mixin.py:188} INFO - [2024-04-17T22:47:09.902+0700] {dag.py:3954} INFO - Setting next_dagrun for example_trigger_controller_dag to 2021-01-01 00:00:00+00:00, run_after=2021-01-01 00:00:00+00:00
[2024-04-17T22:47:09.933+0700] {processor.py:183} INFO - Processing /home/newrey/airflow/airflow-env/lib/python3.10/site-packages/airflow/example_dags/example_trigger_controller_dag.py took 0.093 seconds
[2024-04-17T22:47:57.388+0700] {processor.py:161} INFO - Started process (PID=5808) to work on /home/newrey/airflow/airflow-env/lib/python3.10/site-packages/airflow/example_dags/example_trigger_controller_dag.py
[2024-04-17T22:47:57.393+0700] {processor.py:830} INFO - Processing file /home/newrey/airflow/airflow-env/lib/python3.10/site-packages/airflow/example_dags/example_trigger_controller_dag.py for tasks to queue
[2024-04-17T22:47:57.396+0700] {logging_mixin.py:188} INFO - [2024-04-17T22:47:57.395+0700] {dagbag.py:540} INFO - Filling up the DagBag from /home/newrey/airflow/airflow-env/lib/python3.10/site-packages/airflow/example_dags/example_trigger_controller_dag.py
[2024-04-17T22:47:57.400+0700] {processor.py:840} INFO - DAG(s) 'example_trigger_controller_dag' retrieved from /home/newrey/airflow/airflow-env/lib/python3.10/site-packages/airflow/example_dags/example_trigger_controller_dag.py
[2024-04-17T22:47:57.424+0700] {logging_mixin.py:188} INFO - [2024-04-17T22:47:57.423+0700] {dag.py:3096} INFO - Sync 1 DAGs
[2024-04-17T22:47:57.455+0700] {logging_mixin.py:188} INFO - [2024-04-17T22:47:57.455+0700] {dag.py:3954} INFO - Setting next_dagrun for example_trigger_controller_dag to 2021-01-01 00:00:00+00:00, run_after=2021-01-01 00:00:00+00:00
[2024-04-17T22:47:57.495+0700] {processor.py:183} INFO - Processing /home/newrey/airflow/airflow-env/lib/python3.10/site-packages/airflow/example_dags/example_trigger_controller_dag.py took 0.121 seconds
[2024-04-17T22:48:45.442+0700] {processor.py:161} INFO - Started process (PID=6052) to work on /home/newrey/airflow/airflow-env/lib/python3.10/site-packages/airflow/example_dags/example_trigger_controller_dag.py
[2024-04-17T22:48:45.444+0700] {processor.py:830} INFO - Processing file /home/newrey/airflow/airflow-env/lib/python3.10/site-packages/airflow/example_dags/example_trigger_controller_dag.py for tasks to queue
[2024-04-17T22:48:45.446+0700] {logging_mixin.py:188} INFO - [2024-04-17T22:48:45.445+0700] {dagbag.py:540} INFO - Filling up the DagBag from /home/newrey/airflow/airflow-env/lib/python3.10/site-packages/airflow/example_dags/example_trigger_controller_dag.py
[2024-04-17T22:48:45.450+0700] {processor.py:840} INFO - DAG(s) 'example_trigger_controller_dag' retrieved from /home/newrey/airflow/airflow-env/lib/python3.10/site-packages/airflow/example_dags/example_trigger_controller_dag.py
[2024-04-17T22:48:45.466+0700] {logging_mixin.py:188} INFO - [2024-04-17T22:48:45.465+0700] {dag.py:3096} INFO - Sync 1 DAGs
[2024-04-17T22:48:45.495+0700] {logging_mixin.py:188} INFO - [2024-04-17T22:48:45.495+0700] {dag.py:3954} INFO - Setting next_dagrun for example_trigger_controller_dag to 2021-01-01 00:00:00+00:00, run_after=2021-01-01 00:00:00+00:00
[2024-04-17T22:48:45.534+0700] {processor.py:183} INFO - Processing /home/newrey/airflow/airflow-env/lib/python3.10/site-packages/airflow/example_dags/example_trigger_controller_dag.py took 0.105 seconds
[2024-04-17T22:49:36.195+0700] {processor.py:161} INFO - Started process (PID=6487) to work on /home/newrey/airflow/airflow-env/lib/python3.10/site-packages/airflow/example_dags/example_trigger_controller_dag.py
[2024-04-17T22:49:36.196+0700] {processor.py:830} INFO - Processing file /home/newrey/airflow/airflow-env/lib/python3.10/site-packages/airflow/example_dags/example_trigger_controller_dag.py for tasks to queue
[2024-04-17T22:49:36.198+0700] {logging_mixin.py:188} INFO - [2024-04-17T22:49:36.198+0700] {dagbag.py:540} INFO - Filling up the DagBag from /home/newrey/airflow/airflow-env/lib/python3.10/site-packages/airflow/example_dags/example_trigger_controller_dag.py
[2024-04-17T22:49:36.202+0700] {processor.py:840} INFO - DAG(s) 'example_trigger_controller_dag' retrieved from /home/newrey/airflow/airflow-env/lib/python3.10/site-packages/airflow/example_dags/example_trigger_controller_dag.py
[2024-04-17T22:49:36.220+0700] {logging_mixin.py:188} INFO - [2024-04-17T22:49:36.220+0700] {dag.py:3096} INFO - Sync 1 DAGs
[2024-04-17T22:49:36.239+0700] {logging_mixin.py:188} INFO - [2024-04-17T22:49:36.239+0700] {dag.py:3954} INFO - Setting next_dagrun for example_trigger_controller_dag to 2021-01-01 00:00:00+00:00, run_after=2021-01-01 00:00:00+00:00
[2024-04-17T22:49:36.262+0700] {processor.py:183} INFO - Processing /home/newrey/airflow/airflow-env/lib/python3.10/site-packages/airflow/example_dags/example_trigger_controller_dag.py took 0.076 seconds
[2024-04-17T22:50:23.320+0700] {processor.py:161} INFO - Started process (PID=6553) to work on /home/newrey/airflow/airflow-env/lib/python3.10/site-packages/airflow/example_dags/example_trigger_controller_dag.py
[2024-04-17T22:50:23.325+0700] {processor.py:830} INFO - Processing file /home/newrey/airflow/airflow-env/lib/python3.10/site-packages/airflow/example_dags/example_trigger_controller_dag.py for tasks to queue
[2024-04-17T22:50:23.328+0700] {logging_mixin.py:188} INFO - [2024-04-17T22:50:23.327+0700] {dagbag.py:540} INFO - Filling up the DagBag from /home/newrey/airflow/airflow-env/lib/python3.10/site-packages/airflow/example_dags/example_trigger_controller_dag.py
[2024-04-17T22:50:23.343+0700] {processor.py:840} INFO - DAG(s) 'example_trigger_controller_dag' retrieved from /home/newrey/airflow/airflow-env/lib/python3.10/site-packages/airflow/example_dags/example_trigger_controller_dag.py
[2024-04-17T22:50:23.374+0700] {logging_mixin.py:188} INFO - [2024-04-17T22:50:23.373+0700] {dag.py:3096} INFO - Sync 1 DAGs
[2024-04-17T22:50:23.399+0700] {logging_mixin.py:188} INFO - [2024-04-17T22:50:23.399+0700] {dag.py:3954} INFO - Setting next_dagrun for example_trigger_controller_dag to 2021-01-01 00:00:00+00:00, run_after=2021-01-01 00:00:00+00:00
[2024-04-17T22:50:23.423+0700] {processor.py:183} INFO - Processing /home/newrey/airflow/airflow-env/lib/python3.10/site-packages/airflow/example_dags/example_trigger_controller_dag.py took 0.111 seconds
[2024-04-17T22:51:12.206+0700] {processor.py:161} INFO - Started process (PID=6933) to work on /home/newrey/airflow/airflow-env/lib/python3.10/site-packages/airflow/example_dags/example_trigger_controller_dag.py
[2024-04-17T22:51:12.208+0700] {processor.py:830} INFO - Processing file /home/newrey/airflow/airflow-env/lib/python3.10/site-packages/airflow/example_dags/example_trigger_controller_dag.py for tasks to queue
[2024-04-17T22:51:12.211+0700] {logging_mixin.py:188} INFO - [2024-04-17T22:51:12.210+0700] {dagbag.py:540} INFO - Filling up the DagBag from /home/newrey/airflow/airflow-env/lib/python3.10/site-packages/airflow/example_dags/example_trigger_controller_dag.py
[2024-04-17T22:51:12.217+0700] {processor.py:840} INFO - DAG(s) 'example_trigger_controller_dag' retrieved from /home/newrey/airflow/airflow-env/lib/python3.10/site-packages/airflow/example_dags/example_trigger_controller_dag.py
[2024-04-17T22:51:12.251+0700] {logging_mixin.py:188} INFO - [2024-04-17T22:51:12.250+0700] {dag.py:3096} INFO - Sync 1 DAGs
[2024-04-17T22:51:12.331+0700] {logging_mixin.py:188} INFO - [2024-04-17T22:51:12.330+0700] {dag.py:3954} INFO - Setting next_dagrun for example_trigger_controller_dag to 2021-01-01 00:00:00+00:00, run_after=2021-01-01 00:00:00+00:00
[2024-04-17T22:51:12.378+0700] {processor.py:183} INFO - Processing /home/newrey/airflow/airflow-env/lib/python3.10/site-packages/airflow/example_dags/example_trigger_controller_dag.py took 0.187 seconds
[2024-04-17T22:52:26.284+0700] {processor.py:161} INFO - Started process (PID=7938) to work on /home/newrey/airflow/airflow-env/lib/python3.10/site-packages/airflow/example_dags/example_trigger_controller_dag.py
[2024-04-17T22:52:26.285+0700] {processor.py:830} INFO - Processing file /home/newrey/airflow/airflow-env/lib/python3.10/site-packages/airflow/example_dags/example_trigger_controller_dag.py for tasks to queue
[2024-04-17T22:52:26.286+0700] {logging_mixin.py:188} INFO - [2024-04-17T22:52:26.286+0700] {dagbag.py:540} INFO - Filling up the DagBag from /home/newrey/airflow/airflow-env/lib/python3.10/site-packages/airflow/example_dags/example_trigger_controller_dag.py
[2024-04-17T22:52:26.292+0700] {processor.py:840} INFO - DAG(s) 'example_trigger_controller_dag' retrieved from /home/newrey/airflow/airflow-env/lib/python3.10/site-packages/airflow/example_dags/example_trigger_controller_dag.py
[2024-04-17T22:52:26.309+0700] {logging_mixin.py:188} INFO - [2024-04-17T22:52:26.309+0700] {dag.py:3096} INFO - Sync 1 DAGs
[2024-04-17T22:52:26.337+0700] {logging_mixin.py:188} INFO - [2024-04-17T22:52:26.337+0700] {dag.py:3954} INFO - Setting next_dagrun for example_trigger_controller_dag to 2021-01-01 00:00:00+00:00, run_after=2021-01-01 00:00:00+00:00
[2024-04-17T22:52:26.362+0700] {processor.py:183} INFO - Processing /home/newrey/airflow/airflow-env/lib/python3.10/site-packages/airflow/example_dags/example_trigger_controller_dag.py took 0.096 seconds
[2024-04-17T22:53:16.898+0700] {processor.py:161} INFO - Started process (PID=8612) to work on /home/newrey/airflow/airflow-env/lib/python3.10/site-packages/airflow/example_dags/example_trigger_controller_dag.py
[2024-04-17T22:53:16.899+0700] {processor.py:830} INFO - Processing file /home/newrey/airflow/airflow-env/lib/python3.10/site-packages/airflow/example_dags/example_trigger_controller_dag.py for tasks to queue
[2024-04-17T22:53:16.900+0700] {logging_mixin.py:188} INFO - [2024-04-17T22:53:16.900+0700] {dagbag.py:540} INFO - Filling up the DagBag from /home/newrey/airflow/airflow-env/lib/python3.10/site-packages/airflow/example_dags/example_trigger_controller_dag.py
[2024-04-17T22:53:16.904+0700] {processor.py:840} INFO - DAG(s) 'example_trigger_controller_dag' retrieved from /home/newrey/airflow/airflow-env/lib/python3.10/site-packages/airflow/example_dags/example_trigger_controller_dag.py
[2024-04-17T22:53:16.924+0700] {logging_mixin.py:188} INFO - [2024-04-17T22:53:16.924+0700] {dag.py:3096} INFO - Sync 1 DAGs
[2024-04-17T22:53:17.008+0700] {logging_mixin.py:188} INFO - [2024-04-17T22:53:17.008+0700] {dag.py:3954} INFO - Setting next_dagrun for example_trigger_controller_dag to 2021-01-01 00:00:00+00:00, run_after=2021-01-01 00:00:00+00:00
[2024-04-17T22:53:17.225+0700] {processor.py:183} INFO - Processing /home/newrey/airflow/airflow-env/lib/python3.10/site-packages/airflow/example_dags/example_trigger_controller_dag.py took 0.338 seconds
[2024-04-17T22:54:19.449+0700] {processor.py:161} INFO - Started process (PID=9153) to work on /home/newrey/airflow/airflow-env/lib/python3.10/site-packages/airflow/example_dags/example_trigger_controller_dag.py
[2024-04-17T22:54:19.451+0700] {processor.py:830} INFO - Processing file /home/newrey/airflow/airflow-env/lib/python3.10/site-packages/airflow/example_dags/example_trigger_controller_dag.py for tasks to queue
[2024-04-17T22:54:19.453+0700] {logging_mixin.py:188} INFO - [2024-04-17T22:54:19.453+0700] {dagbag.py:540} INFO - Filling up the DagBag from /home/newrey/airflow/airflow-env/lib/python3.10/site-packages/airflow/example_dags/example_trigger_controller_dag.py
[2024-04-17T22:54:19.458+0700] {processor.py:840} INFO - DAG(s) 'example_trigger_controller_dag' retrieved from /home/newrey/airflow/airflow-env/lib/python3.10/site-packages/airflow/example_dags/example_trigger_controller_dag.py
[2024-04-17T22:54:19.475+0700] {logging_mixin.py:188} INFO - [2024-04-17T22:54:19.475+0700] {dag.py:3096} INFO - Sync 1 DAGs
[2024-04-17T22:54:19.495+0700] {logging_mixin.py:188} INFO - [2024-04-17T22:54:19.495+0700] {dag.py:3954} INFO - Setting next_dagrun for example_trigger_controller_dag to 2021-01-01 00:00:00+00:00, run_after=2021-01-01 00:00:00+00:00
[2024-04-17T22:54:19.519+0700] {processor.py:183} INFO - Processing /home/newrey/airflow/airflow-env/lib/python3.10/site-packages/airflow/example_dags/example_trigger_controller_dag.py took 0.083 seconds
[2024-04-17T22:55:08.066+0700] {processor.py:161} INFO - Started process (PID=9284) to work on /home/newrey/airflow/airflow-env/lib/python3.10/site-packages/airflow/example_dags/example_trigger_controller_dag.py
[2024-04-17T22:55:08.067+0700] {processor.py:830} INFO - Processing file /home/newrey/airflow/airflow-env/lib/python3.10/site-packages/airflow/example_dags/example_trigger_controller_dag.py for tasks to queue
[2024-04-17T22:55:08.068+0700] {logging_mixin.py:188} INFO - [2024-04-17T22:55:08.068+0700] {dagbag.py:540} INFO - Filling up the DagBag from /home/newrey/airflow/airflow-env/lib/python3.10/site-packages/airflow/example_dags/example_trigger_controller_dag.py
[2024-04-17T22:55:08.072+0700] {processor.py:840} INFO - DAG(s) 'example_trigger_controller_dag' retrieved from /home/newrey/airflow/airflow-env/lib/python3.10/site-packages/airflow/example_dags/example_trigger_controller_dag.py
[2024-04-17T22:55:08.084+0700] {logging_mixin.py:188} INFO - [2024-04-17T22:55:08.084+0700] {dag.py:3096} INFO - Sync 1 DAGs
[2024-04-17T22:55:08.105+0700] {logging_mixin.py:188} INFO - [2024-04-17T22:55:08.105+0700] {dag.py:3954} INFO - Setting next_dagrun for example_trigger_controller_dag to 2021-01-01 00:00:00+00:00, run_after=2021-01-01 00:00:00+00:00
[2024-04-17T22:55:08.126+0700] {processor.py:183} INFO - Processing /home/newrey/airflow/airflow-env/lib/python3.10/site-packages/airflow/example_dags/example_trigger_controller_dag.py took 0.070 seconds
[2024-04-17T22:55:51.931+0700] {processor.py:161} INFO - Started process (PID=9406) to work on /home/newrey/airflow/airflow-env/lib/python3.10/site-packages/airflow/example_dags/example_trigger_controller_dag.py
[2024-04-17T22:55:51.934+0700] {processor.py:830} INFO - Processing file /home/newrey/airflow/airflow-env/lib/python3.10/site-packages/airflow/example_dags/example_trigger_controller_dag.py for tasks to queue
[2024-04-17T22:55:51.935+0700] {logging_mixin.py:188} INFO - [2024-04-17T22:55:51.935+0700] {dagbag.py:540} INFO - Filling up the DagBag from /home/newrey/airflow/airflow-env/lib/python3.10/site-packages/airflow/example_dags/example_trigger_controller_dag.py
[2024-04-17T22:55:51.939+0700] {processor.py:840} INFO - DAG(s) 'example_trigger_controller_dag' retrieved from /home/newrey/airflow/airflow-env/lib/python3.10/site-packages/airflow/example_dags/example_trigger_controller_dag.py
[2024-04-17T22:55:51.952+0700] {logging_mixin.py:188} INFO - [2024-04-17T22:55:51.952+0700] {dag.py:3096} INFO - Sync 1 DAGs
[2024-04-17T22:55:51.970+0700] {logging_mixin.py:188} INFO - [2024-04-17T22:55:51.969+0700] {dag.py:3954} INFO - Setting next_dagrun for example_trigger_controller_dag to 2021-01-01 00:00:00+00:00, run_after=2021-01-01 00:00:00+00:00
[2024-04-17T22:55:51.991+0700] {processor.py:183} INFO - Processing /home/newrey/airflow/airflow-env/lib/python3.10/site-packages/airflow/example_dags/example_trigger_controller_dag.py took 0.070 seconds
[2024-04-17T22:56:40.598+0700] {processor.py:161} INFO - Started process (PID=9533) to work on /home/newrey/airflow/airflow-env/lib/python3.10/site-packages/airflow/example_dags/example_trigger_controller_dag.py
[2024-04-17T22:56:40.599+0700] {processor.py:830} INFO - Processing file /home/newrey/airflow/airflow-env/lib/python3.10/site-packages/airflow/example_dags/example_trigger_controller_dag.py for tasks to queue
[2024-04-17T22:56:40.601+0700] {logging_mixin.py:188} INFO - [2024-04-17T22:56:40.600+0700] {dagbag.py:540} INFO - Filling up the DagBag from /home/newrey/airflow/airflow-env/lib/python3.10/site-packages/airflow/example_dags/example_trigger_controller_dag.py
[2024-04-17T22:56:40.604+0700] {processor.py:840} INFO - DAG(s) 'example_trigger_controller_dag' retrieved from /home/newrey/airflow/airflow-env/lib/python3.10/site-packages/airflow/example_dags/example_trigger_controller_dag.py
[2024-04-17T22:56:40.618+0700] {logging_mixin.py:188} INFO - [2024-04-17T22:56:40.618+0700] {dag.py:3096} INFO - Sync 1 DAGs
[2024-04-17T22:56:40.638+0700] {logging_mixin.py:188} INFO - [2024-04-17T22:56:40.638+0700] {dag.py:3954} INFO - Setting next_dagrun for example_trigger_controller_dag to 2021-01-01 00:00:00+00:00, run_after=2021-01-01 00:00:00+00:00
[2024-04-17T22:56:40.667+0700] {processor.py:183} INFO - Processing /home/newrey/airflow/airflow-env/lib/python3.10/site-packages/airflow/example_dags/example_trigger_controller_dag.py took 0.081 seconds
[2024-04-17T22:57:24.008+0700] {processor.py:161} INFO - Started process (PID=9595) to work on /home/newrey/airflow/airflow-env/lib/python3.10/site-packages/airflow/example_dags/example_trigger_controller_dag.py
[2024-04-17T22:57:24.009+0700] {processor.py:830} INFO - Processing file /home/newrey/airflow/airflow-env/lib/python3.10/site-packages/airflow/example_dags/example_trigger_controller_dag.py for tasks to queue
[2024-04-17T22:57:24.010+0700] {logging_mixin.py:188} INFO - [2024-04-17T22:57:24.010+0700] {dagbag.py:540} INFO - Filling up the DagBag from /home/newrey/airflow/airflow-env/lib/python3.10/site-packages/airflow/example_dags/example_trigger_controller_dag.py
[2024-04-17T22:57:24.013+0700] {processor.py:840} INFO - DAG(s) 'example_trigger_controller_dag' retrieved from /home/newrey/airflow/airflow-env/lib/python3.10/site-packages/airflow/example_dags/example_trigger_controller_dag.py
[2024-04-17T22:57:24.029+0700] {logging_mixin.py:188} INFO - [2024-04-17T22:57:24.028+0700] {dag.py:3096} INFO - Sync 1 DAGs
[2024-04-17T22:57:24.050+0700] {logging_mixin.py:188} INFO - [2024-04-17T22:57:24.050+0700] {dag.py:3954} INFO - Setting next_dagrun for example_trigger_controller_dag to 2021-01-01 00:00:00+00:00, run_after=2021-01-01 00:00:00+00:00
[2024-04-17T22:57:24.074+0700] {processor.py:183} INFO - Processing /home/newrey/airflow/airflow-env/lib/python3.10/site-packages/airflow/example_dags/example_trigger_controller_dag.py took 0.075 seconds
[2024-04-17T22:58:10.955+0700] {processor.py:161} INFO - Started process (PID=9780) to work on /home/newrey/airflow/airflow-env/lib/python3.10/site-packages/airflow/example_dags/example_trigger_controller_dag.py
[2024-04-17T22:58:10.957+0700] {processor.py:830} INFO - Processing file /home/newrey/airflow/airflow-env/lib/python3.10/site-packages/airflow/example_dags/example_trigger_controller_dag.py for tasks to queue
[2024-04-17T22:58:10.959+0700] {logging_mixin.py:188} INFO - [2024-04-17T22:58:10.959+0700] {dagbag.py:540} INFO - Filling up the DagBag from /home/newrey/airflow/airflow-env/lib/python3.10/site-packages/airflow/example_dags/example_trigger_controller_dag.py
[2024-04-17T22:58:10.962+0700] {processor.py:840} INFO - DAG(s) 'example_trigger_controller_dag' retrieved from /home/newrey/airflow/airflow-env/lib/python3.10/site-packages/airflow/example_dags/example_trigger_controller_dag.py
[2024-04-17T22:58:10.977+0700] {logging_mixin.py:188} INFO - [2024-04-17T22:58:10.976+0700] {dag.py:3096} INFO - Sync 1 DAGs
[2024-04-17T22:58:10.996+0700] {logging_mixin.py:188} INFO - [2024-04-17T22:58:10.996+0700] {dag.py:3954} INFO - Setting next_dagrun for example_trigger_controller_dag to 2021-01-01 00:00:00+00:00, run_after=2021-01-01 00:00:00+00:00
[2024-04-17T22:58:11.020+0700] {processor.py:183} INFO - Processing /home/newrey/airflow/airflow-env/lib/python3.10/site-packages/airflow/example_dags/example_trigger_controller_dag.py took 0.075 seconds
[2024-04-17T22:58:58.481+0700] {processor.py:161} INFO - Started process (PID=9971) to work on /home/newrey/airflow/airflow-env/lib/python3.10/site-packages/airflow/example_dags/example_trigger_controller_dag.py
[2024-04-17T22:58:58.483+0700] {processor.py:830} INFO - Processing file /home/newrey/airflow/airflow-env/lib/python3.10/site-packages/airflow/example_dags/example_trigger_controller_dag.py for tasks to queue
[2024-04-17T22:58:58.485+0700] {logging_mixin.py:188} INFO - [2024-04-17T22:58:58.485+0700] {dagbag.py:540} INFO - Filling up the DagBag from /home/newrey/airflow/airflow-env/lib/python3.10/site-packages/airflow/example_dags/example_trigger_controller_dag.py
[2024-04-17T22:58:58.492+0700] {processor.py:840} INFO - DAG(s) 'example_trigger_controller_dag' retrieved from /home/newrey/airflow/airflow-env/lib/python3.10/site-packages/airflow/example_dags/example_trigger_controller_dag.py
[2024-04-17T22:58:58.544+0700] {logging_mixin.py:188} INFO - [2024-04-17T22:58:58.544+0700] {dag.py:3096} INFO - Sync 1 DAGs
[2024-04-17T22:58:58.620+0700] {logging_mixin.py:188} INFO - [2024-04-17T22:58:58.619+0700] {dag.py:3954} INFO - Setting next_dagrun for example_trigger_controller_dag to 2021-01-01 00:00:00+00:00, run_after=2021-01-01 00:00:00+00:00
[2024-04-17T22:58:58.710+0700] {processor.py:183} INFO - Processing /home/newrey/airflow/airflow-env/lib/python3.10/site-packages/airflow/example_dags/example_trigger_controller_dag.py took 0.245 seconds
[2024-04-17T22:59:44.169+0700] {processor.py:161} INFO - Started process (PID=10162) to work on /home/newrey/airflow/airflow-env/lib/python3.10/site-packages/airflow/example_dags/example_trigger_controller_dag.py
[2024-04-17T22:59:44.171+0700] {processor.py:830} INFO - Processing file /home/newrey/airflow/airflow-env/lib/python3.10/site-packages/airflow/example_dags/example_trigger_controller_dag.py for tasks to queue
[2024-04-17T22:59:44.173+0700] {logging_mixin.py:188} INFO - [2024-04-17T22:59:44.173+0700] {dagbag.py:540} INFO - Filling up the DagBag from /home/newrey/airflow/airflow-env/lib/python3.10/site-packages/airflow/example_dags/example_trigger_controller_dag.py
[2024-04-17T22:59:44.176+0700] {processor.py:840} INFO - DAG(s) 'example_trigger_controller_dag' retrieved from /home/newrey/airflow/airflow-env/lib/python3.10/site-packages/airflow/example_dags/example_trigger_controller_dag.py
[2024-04-17T22:59:44.192+0700] {logging_mixin.py:188} INFO - [2024-04-17T22:59:44.192+0700] {dag.py:3096} INFO - Sync 1 DAGs
[2024-04-17T22:59:44.211+0700] {logging_mixin.py:188} INFO - [2024-04-17T22:59:44.211+0700] {dag.py:3954} INFO - Setting next_dagrun for example_trigger_controller_dag to 2021-01-01 00:00:00+00:00, run_after=2021-01-01 00:00:00+00:00
[2024-04-17T22:59:44.239+0700] {processor.py:183} INFO - Processing /home/newrey/airflow/airflow-env/lib/python3.10/site-packages/airflow/example_dags/example_trigger_controller_dag.py took 0.081 seconds
[2024-04-17T23:00:34.132+0700] {processor.py:161} INFO - Started process (PID=10415) to work on /home/newrey/airflow/airflow-env/lib/python3.10/site-packages/airflow/example_dags/example_trigger_controller_dag.py
[2024-04-17T23:00:34.133+0700] {processor.py:830} INFO - Processing file /home/newrey/airflow/airflow-env/lib/python3.10/site-packages/airflow/example_dags/example_trigger_controller_dag.py for tasks to queue
[2024-04-17T23:00:34.136+0700] {logging_mixin.py:188} INFO - [2024-04-17T23:00:34.136+0700] {dagbag.py:540} INFO - Filling up the DagBag from /home/newrey/airflow/airflow-env/lib/python3.10/site-packages/airflow/example_dags/example_trigger_controller_dag.py
[2024-04-17T23:00:34.142+0700] {processor.py:840} INFO - DAG(s) 'example_trigger_controller_dag' retrieved from /home/newrey/airflow/airflow-env/lib/python3.10/site-packages/airflow/example_dags/example_trigger_controller_dag.py
[2024-04-17T23:00:34.162+0700] {logging_mixin.py:188} INFO - [2024-04-17T23:00:34.161+0700] {dag.py:3096} INFO - Sync 1 DAGs
[2024-04-17T23:00:34.183+0700] {logging_mixin.py:188} INFO - [2024-04-17T23:00:34.183+0700] {dag.py:3954} INFO - Setting next_dagrun for example_trigger_controller_dag to 2021-01-01 00:00:00+00:00, run_after=2021-01-01 00:00:00+00:00
[2024-04-17T23:00:34.206+0700] {processor.py:183} INFO - Processing /home/newrey/airflow/airflow-env/lib/python3.10/site-packages/airflow/example_dags/example_trigger_controller_dag.py took 0.084 seconds
[2024-04-17T23:01:25.846+0700] {processor.py:161} INFO - Started process (PID=10547) to work on /home/newrey/airflow/airflow-env/lib/python3.10/site-packages/airflow/example_dags/example_trigger_controller_dag.py
[2024-04-17T23:01:25.849+0700] {processor.py:830} INFO - Processing file /home/newrey/airflow/airflow-env/lib/python3.10/site-packages/airflow/example_dags/example_trigger_controller_dag.py for tasks to queue
[2024-04-17T23:01:25.850+0700] {logging_mixin.py:188} INFO - [2024-04-17T23:01:25.850+0700] {dagbag.py:540} INFO - Filling up the DagBag from /home/newrey/airflow/airflow-env/lib/python3.10/site-packages/airflow/example_dags/example_trigger_controller_dag.py
[2024-04-17T23:01:25.854+0700] {processor.py:840} INFO - DAG(s) 'example_trigger_controller_dag' retrieved from /home/newrey/airflow/airflow-env/lib/python3.10/site-packages/airflow/example_dags/example_trigger_controller_dag.py
[2024-04-17T23:01:25.866+0700] {logging_mixin.py:188} INFO - [2024-04-17T23:01:25.866+0700] {dag.py:3096} INFO - Sync 1 DAGs
[2024-04-17T23:01:25.884+0700] {logging_mixin.py:188} INFO - [2024-04-17T23:01:25.884+0700] {dag.py:3954} INFO - Setting next_dagrun for example_trigger_controller_dag to 2021-01-01 00:00:00+00:00, run_after=2021-01-01 00:00:00+00:00
[2024-04-17T23:01:25.909+0700] {processor.py:183} INFO - Processing /home/newrey/airflow/airflow-env/lib/python3.10/site-packages/airflow/example_dags/example_trigger_controller_dag.py took 0.071 seconds
[2024-04-17T23:02:14.241+0700] {processor.py:161} INFO - Started process (PID=10614) to work on /home/newrey/airflow/airflow-env/lib/python3.10/site-packages/airflow/example_dags/example_trigger_controller_dag.py
[2024-04-17T23:02:14.242+0700] {processor.py:830} INFO - Processing file /home/newrey/airflow/airflow-env/lib/python3.10/site-packages/airflow/example_dags/example_trigger_controller_dag.py for tasks to queue
[2024-04-17T23:02:14.244+0700] {logging_mixin.py:188} INFO - [2024-04-17T23:02:14.244+0700] {dagbag.py:540} INFO - Filling up the DagBag from /home/newrey/airflow/airflow-env/lib/python3.10/site-packages/airflow/example_dags/example_trigger_controller_dag.py
[2024-04-17T23:02:14.247+0700] {processor.py:840} INFO - DAG(s) 'example_trigger_controller_dag' retrieved from /home/newrey/airflow/airflow-env/lib/python3.10/site-packages/airflow/example_dags/example_trigger_controller_dag.py
[2024-04-17T23:02:14.260+0700] {logging_mixin.py:188} INFO - [2024-04-17T23:02:14.259+0700] {dag.py:3096} INFO - Sync 1 DAGs
[2024-04-17T23:02:14.283+0700] {logging_mixin.py:188} INFO - [2024-04-17T23:02:14.282+0700] {dag.py:3954} INFO - Setting next_dagrun for example_trigger_controller_dag to 2021-01-01 00:00:00+00:00, run_after=2021-01-01 00:00:00+00:00
[2024-04-17T23:02:14.309+0700] {processor.py:183} INFO - Processing /home/newrey/airflow/airflow-env/lib/python3.10/site-packages/airflow/example_dags/example_trigger_controller_dag.py took 0.081 seconds
[2024-04-17T23:03:07.314+0700] {processor.py:161} INFO - Started process (PID=10810) to work on /home/newrey/airflow/airflow-env/lib/python3.10/site-packages/airflow/example_dags/example_trigger_controller_dag.py
[2024-04-17T23:03:07.315+0700] {processor.py:830} INFO - Processing file /home/newrey/airflow/airflow-env/lib/python3.10/site-packages/airflow/example_dags/example_trigger_controller_dag.py for tasks to queue
[2024-04-17T23:03:07.317+0700] {logging_mixin.py:188} INFO - [2024-04-17T23:03:07.317+0700] {dagbag.py:540} INFO - Filling up the DagBag from /home/newrey/airflow/airflow-env/lib/python3.10/site-packages/airflow/example_dags/example_trigger_controller_dag.py
[2024-04-17T23:03:07.322+0700] {processor.py:840} INFO - DAG(s) 'example_trigger_controller_dag' retrieved from /home/newrey/airflow/airflow-env/lib/python3.10/site-packages/airflow/example_dags/example_trigger_controller_dag.py
[2024-04-17T23:03:07.336+0700] {logging_mixin.py:188} INFO - [2024-04-17T23:03:07.335+0700] {dag.py:3096} INFO - Sync 1 DAGs
[2024-04-17T23:03:07.355+0700] {logging_mixin.py:188} INFO - [2024-04-17T23:03:07.354+0700] {dag.py:3954} INFO - Setting next_dagrun for example_trigger_controller_dag to 2021-01-01 00:00:00+00:00, run_after=2021-01-01 00:00:00+00:00
[2024-04-17T23:03:07.378+0700] {processor.py:183} INFO - Processing /home/newrey/airflow/airflow-env/lib/python3.10/site-packages/airflow/example_dags/example_trigger_controller_dag.py took 0.073 seconds
[2024-04-17T23:03:59.147+0700] {processor.py:161} INFO - Started process (PID=10948) to work on /home/newrey/airflow/airflow-env/lib/python3.10/site-packages/airflow/example_dags/example_trigger_controller_dag.py
[2024-04-17T23:03:59.149+0700] {processor.py:830} INFO - Processing file /home/newrey/airflow/airflow-env/lib/python3.10/site-packages/airflow/example_dags/example_trigger_controller_dag.py for tasks to queue
[2024-04-17T23:03:59.152+0700] {logging_mixin.py:188} INFO - [2024-04-17T23:03:59.151+0700] {dagbag.py:540} INFO - Filling up the DagBag from /home/newrey/airflow/airflow-env/lib/python3.10/site-packages/airflow/example_dags/example_trigger_controller_dag.py
[2024-04-17T23:03:59.157+0700] {processor.py:840} INFO - DAG(s) 'example_trigger_controller_dag' retrieved from /home/newrey/airflow/airflow-env/lib/python3.10/site-packages/airflow/example_dags/example_trigger_controller_dag.py
[2024-04-17T23:03:59.177+0700] {logging_mixin.py:188} INFO - [2024-04-17T23:03:59.176+0700] {dag.py:3096} INFO - Sync 1 DAGs
[2024-04-17T23:03:59.207+0700] {logging_mixin.py:188} INFO - [2024-04-17T23:03:59.206+0700] {dag.py:3954} INFO - Setting next_dagrun for example_trigger_controller_dag to 2021-01-01 00:00:00+00:00, run_after=2021-01-01 00:00:00+00:00
[2024-04-17T23:03:59.260+0700] {processor.py:183} INFO - Processing /home/newrey/airflow/airflow-env/lib/python3.10/site-packages/airflow/example_dags/example_trigger_controller_dag.py took 0.124 seconds
[2024-04-17T23:04:53.678+0700] {processor.py:161} INFO - Started process (PID=11084) to work on /home/newrey/airflow/airflow-env/lib/python3.10/site-packages/airflow/example_dags/example_trigger_controller_dag.py
[2024-04-17T23:04:53.680+0700] {processor.py:830} INFO - Processing file /home/newrey/airflow/airflow-env/lib/python3.10/site-packages/airflow/example_dags/example_trigger_controller_dag.py for tasks to queue
[2024-04-17T23:04:53.683+0700] {logging_mixin.py:188} INFO - [2024-04-17T23:04:53.682+0700] {dagbag.py:540} INFO - Filling up the DagBag from /home/newrey/airflow/airflow-env/lib/python3.10/site-packages/airflow/example_dags/example_trigger_controller_dag.py
[2024-04-17T23:04:53.687+0700] {processor.py:840} INFO - DAG(s) 'example_trigger_controller_dag' retrieved from /home/newrey/airflow/airflow-env/lib/python3.10/site-packages/airflow/example_dags/example_trigger_controller_dag.py
[2024-04-17T23:04:53.707+0700] {logging_mixin.py:188} INFO - [2024-04-17T23:04:53.706+0700] {dag.py:3096} INFO - Sync 1 DAGs
[2024-04-17T23:04:53.737+0700] {logging_mixin.py:188} INFO - [2024-04-17T23:04:53.737+0700] {dag.py:3954} INFO - Setting next_dagrun for example_trigger_controller_dag to 2021-01-01 00:00:00+00:00, run_after=2021-01-01 00:00:00+00:00
[2024-04-17T23:04:53.770+0700] {processor.py:183} INFO - Processing /home/newrey/airflow/airflow-env/lib/python3.10/site-packages/airflow/example_dags/example_trigger_controller_dag.py took 0.103 seconds
[2024-04-17T23:05:53.353+0700] {processor.py:161} INFO - Started process (PID=11218) to work on /home/newrey/airflow/airflow-env/lib/python3.10/site-packages/airflow/example_dags/example_trigger_controller_dag.py
[2024-04-17T23:05:53.355+0700] {processor.py:830} INFO - Processing file /home/newrey/airflow/airflow-env/lib/python3.10/site-packages/airflow/example_dags/example_trigger_controller_dag.py for tasks to queue
[2024-04-17T23:05:53.357+0700] {logging_mixin.py:188} INFO - [2024-04-17T23:05:53.356+0700] {dagbag.py:540} INFO - Filling up the DagBag from /home/newrey/airflow/airflow-env/lib/python3.10/site-packages/airflow/example_dags/example_trigger_controller_dag.py
[2024-04-17T23:05:53.362+0700] {processor.py:840} INFO - DAG(s) 'example_trigger_controller_dag' retrieved from /home/newrey/airflow/airflow-env/lib/python3.10/site-packages/airflow/example_dags/example_trigger_controller_dag.py
[2024-04-17T23:05:53.382+0700] {logging_mixin.py:188} INFO - [2024-04-17T23:05:53.381+0700] {dag.py:3096} INFO - Sync 1 DAGs
[2024-04-17T23:05:53.410+0700] {logging_mixin.py:188} INFO - [2024-04-17T23:05:53.410+0700] {dag.py:3954} INFO - Setting next_dagrun for example_trigger_controller_dag to 2021-01-01 00:00:00+00:00, run_after=2021-01-01 00:00:00+00:00
[2024-04-17T23:05:53.448+0700] {processor.py:183} INFO - Processing /home/newrey/airflow/airflow-env/lib/python3.10/site-packages/airflow/example_dags/example_trigger_controller_dag.py took 0.112 seconds
[2024-04-17T23:06:50.741+0700] {processor.py:161} INFO - Started process (PID=11354) to work on /home/newrey/airflow/airflow-env/lib/python3.10/site-packages/airflow/example_dags/example_trigger_controller_dag.py
[2024-04-17T23:06:50.753+0700] {processor.py:830} INFO - Processing file /home/newrey/airflow/airflow-env/lib/python3.10/site-packages/airflow/example_dags/example_trigger_controller_dag.py for tasks to queue
[2024-04-17T23:06:50.756+0700] {logging_mixin.py:188} INFO - [2024-04-17T23:06:50.755+0700] {dagbag.py:540} INFO - Filling up the DagBag from /home/newrey/airflow/airflow-env/lib/python3.10/site-packages/airflow/example_dags/example_trigger_controller_dag.py
[2024-04-17T23:06:50.762+0700] {processor.py:840} INFO - DAG(s) 'example_trigger_controller_dag' retrieved from /home/newrey/airflow/airflow-env/lib/python3.10/site-packages/airflow/example_dags/example_trigger_controller_dag.py
[2024-04-17T23:06:50.786+0700] {logging_mixin.py:188} INFO - [2024-04-17T23:06:50.786+0700] {dag.py:3096} INFO - Sync 1 DAGs
[2024-04-17T23:06:50.819+0700] {logging_mixin.py:188} INFO - [2024-04-17T23:06:50.818+0700] {dag.py:3954} INFO - Setting next_dagrun for example_trigger_controller_dag to 2021-01-01 00:00:00+00:00, run_after=2021-01-01 00:00:00+00:00
[2024-04-17T23:06:50.900+0700] {processor.py:183} INFO - Processing /home/newrey/airflow/airflow-env/lib/python3.10/site-packages/airflow/example_dags/example_trigger_controller_dag.py took 0.174 seconds
