[2024-04-14T12:49:44.955+0000] {processor.py:161} INFO - Started process (PID=77) to work on /home/airflow/.local/lib/python3.12/site-packages/airflow/example_dags/example_sensors.py
[2024-04-14T12:49:44.967+0000] {processor.py:830} INFO - Processing file /home/airflow/.local/lib/python3.12/site-packages/airflow/example_dags/example_sensors.py for tasks to queue
[2024-04-14T12:49:44.972+0000] {logging_mixin.py:188} INFO - [2024-04-14T12:49:44.971+0000] {dagbag.py:540} INFO - Filling up the DagBag from /home/airflow/.local/lib/python3.12/site-packages/airflow/example_dags/example_sensors.py
[2024-04-14T12:49:45.056+0000] {processor.py:840} INFO - DAG(s) 'example_sensors' retrieved from /home/airflow/.local/lib/python3.12/site-packages/airflow/example_dags/example_sensors.py
[2024-04-14T12:49:46.550+0000] {logging_mixin.py:188} INFO - [2024-04-14T12:49:46.550+0000] {dag.py:3096} INFO - Sync 1 DAGs
[2024-04-14T12:49:46.632+0000] {logging_mixin.py:188} INFO - [2024-04-14T12:49:46.632+0000] {dag.py:3954} INFO - Setting next_dagrun for example_sensors to None, run_after=None
[2024-04-14T12:49:46.798+0000] {processor.py:183} INFO - Processing /home/airflow/.local/lib/python3.12/site-packages/airflow/example_dags/example_sensors.py took 1.860 seconds
[2024-04-14T12:50:17.152+0000] {processor.py:161} INFO - Started process (PID=135) to work on /home/airflow/.local/lib/python3.12/site-packages/airflow/example_dags/example_sensors.py
[2024-04-14T12:50:17.159+0000] {processor.py:830} INFO - Processing file /home/airflow/.local/lib/python3.12/site-packages/airflow/example_dags/example_sensors.py for tasks to queue
[2024-04-14T12:50:17.164+0000] {logging_mixin.py:188} INFO - [2024-04-14T12:50:17.163+0000] {dagbag.py:540} INFO - Filling up the DagBag from /home/airflow/.local/lib/python3.12/site-packages/airflow/example_dags/example_sensors.py
[2024-04-14T12:50:17.186+0000] {processor.py:840} INFO - DAG(s) 'example_sensors' retrieved from /home/airflow/.local/lib/python3.12/site-packages/airflow/example_dags/example_sensors.py
[2024-04-14T12:50:17.252+0000] {logging_mixin.py:188} INFO - [2024-04-14T12:50:17.240+0000] {dag.py:3096} INFO - Sync 1 DAGs
[2024-04-14T12:50:17.357+0000] {logging_mixin.py:188} INFO - [2024-04-14T12:50:17.357+0000] {dag.py:3954} INFO - Setting next_dagrun for example_sensors to None, run_after=None
[2024-04-14T12:50:17.390+0000] {processor.py:183} INFO - Processing /home/airflow/.local/lib/python3.12/site-packages/airflow/example_dags/example_sensors.py took 0.256 seconds
[2024-04-14T12:50:47.938+0000] {processor.py:161} INFO - Started process (PID=192) to work on /home/airflow/.local/lib/python3.12/site-packages/airflow/example_dags/example_sensors.py
[2024-04-14T12:50:47.943+0000] {processor.py:830} INFO - Processing file /home/airflow/.local/lib/python3.12/site-packages/airflow/example_dags/example_sensors.py for tasks to queue
[2024-04-14T12:50:47.947+0000] {logging_mixin.py:188} INFO - [2024-04-14T12:50:47.946+0000] {dagbag.py:540} INFO - Filling up the DagBag from /home/airflow/.local/lib/python3.12/site-packages/airflow/example_dags/example_sensors.py
[2024-04-14T12:50:47.973+0000] {processor.py:840} INFO - DAG(s) 'example_sensors' retrieved from /home/airflow/.local/lib/python3.12/site-packages/airflow/example_dags/example_sensors.py
[2024-04-14T12:50:48.034+0000] {logging_mixin.py:188} INFO - [2024-04-14T12:50:48.033+0000] {dag.py:3096} INFO - Sync 1 DAGs
[2024-04-14T12:50:48.071+0000] {logging_mixin.py:188} INFO - [2024-04-14T12:50:48.070+0000] {dag.py:3954} INFO - Setting next_dagrun for example_sensors to None, run_after=None
[2024-04-14T12:50:48.116+0000] {processor.py:183} INFO - Processing /home/airflow/.local/lib/python3.12/site-packages/airflow/example_dags/example_sensors.py took 0.192 seconds
[2024-04-14T12:51:18.670+0000] {processor.py:161} INFO - Started process (PID=250) to work on /home/airflow/.local/lib/python3.12/site-packages/airflow/example_dags/example_sensors.py
[2024-04-14T12:51:18.671+0000] {processor.py:830} INFO - Processing file /home/airflow/.local/lib/python3.12/site-packages/airflow/example_dags/example_sensors.py for tasks to queue
[2024-04-14T12:51:18.674+0000] {logging_mixin.py:188} INFO - [2024-04-14T12:51:18.673+0000] {dagbag.py:540} INFO - Filling up the DagBag from /home/airflow/.local/lib/python3.12/site-packages/airflow/example_dags/example_sensors.py
[2024-04-14T12:51:18.685+0000] {processor.py:840} INFO - DAG(s) 'example_sensors' retrieved from /home/airflow/.local/lib/python3.12/site-packages/airflow/example_dags/example_sensors.py
[2024-04-14T12:51:18.723+0000] {logging_mixin.py:188} INFO - [2024-04-14T12:51:18.723+0000] {dag.py:3096} INFO - Sync 1 DAGs
[2024-04-14T12:51:18.742+0000] {logging_mixin.py:188} INFO - [2024-04-14T12:51:18.742+0000] {dag.py:3954} INFO - Setting next_dagrun for example_sensors to None, run_after=None
[2024-04-14T12:51:18.780+0000] {processor.py:183} INFO - Processing /home/airflow/.local/lib/python3.12/site-packages/airflow/example_dags/example_sensors.py took 0.118 seconds
[2024-04-14T12:51:48.891+0000] {processor.py:161} INFO - Started process (PID=308) to work on /home/airflow/.local/lib/python3.12/site-packages/airflow/example_dags/example_sensors.py
[2024-04-14T12:51:48.893+0000] {processor.py:830} INFO - Processing file /home/airflow/.local/lib/python3.12/site-packages/airflow/example_dags/example_sensors.py for tasks to queue
[2024-04-14T12:51:48.896+0000] {logging_mixin.py:188} INFO - [2024-04-14T12:51:48.895+0000] {dagbag.py:540} INFO - Filling up the DagBag from /home/airflow/.local/lib/python3.12/site-packages/airflow/example_dags/example_sensors.py
[2024-04-14T12:51:48.914+0000] {processor.py:840} INFO - DAG(s) 'example_sensors' retrieved from /home/airflow/.local/lib/python3.12/site-packages/airflow/example_dags/example_sensors.py
[2024-04-14T12:51:48.989+0000] {logging_mixin.py:188} INFO - [2024-04-14T12:51:48.985+0000] {dag.py:3096} INFO - Sync 1 DAGs
[2024-04-14T12:51:49.027+0000] {logging_mixin.py:188} INFO - [2024-04-14T12:51:49.027+0000] {dag.py:3954} INFO - Setting next_dagrun for example_sensors to None, run_after=None
[2024-04-14T12:51:49.152+0000] {processor.py:183} INFO - Processing /home/airflow/.local/lib/python3.12/site-packages/airflow/example_dags/example_sensors.py took 0.272 seconds
[2024-04-14T12:52:19.259+0000] {processor.py:161} INFO - Started process (PID=365) to work on /home/airflow/.local/lib/python3.12/site-packages/airflow/example_dags/example_sensors.py
[2024-04-14T12:52:19.260+0000] {processor.py:830} INFO - Processing file /home/airflow/.local/lib/python3.12/site-packages/airflow/example_dags/example_sensors.py for tasks to queue
[2024-04-14T12:52:19.263+0000] {logging_mixin.py:188} INFO - [2024-04-14T12:52:19.262+0000] {dagbag.py:540} INFO - Filling up the DagBag from /home/airflow/.local/lib/python3.12/site-packages/airflow/example_dags/example_sensors.py
[2024-04-14T12:52:19.272+0000] {processor.py:840} INFO - DAG(s) 'example_sensors' retrieved from /home/airflow/.local/lib/python3.12/site-packages/airflow/example_dags/example_sensors.py
[2024-04-14T12:52:19.307+0000] {logging_mixin.py:188} INFO - [2024-04-14T12:52:19.306+0000] {dag.py:3096} INFO - Sync 1 DAGs
[2024-04-14T12:52:19.323+0000] {logging_mixin.py:188} INFO - [2024-04-14T12:52:19.322+0000] {dag.py:3954} INFO - Setting next_dagrun for example_sensors to None, run_after=None
[2024-04-14T12:52:19.351+0000] {processor.py:183} INFO - Processing /home/airflow/.local/lib/python3.12/site-packages/airflow/example_dags/example_sensors.py took 0.098 seconds
[2024-04-14T12:52:49.957+0000] {processor.py:161} INFO - Started process (PID=424) to work on /home/airflow/.local/lib/python3.12/site-packages/airflow/example_dags/example_sensors.py
[2024-04-14T12:52:49.959+0000] {processor.py:830} INFO - Processing file /home/airflow/.local/lib/python3.12/site-packages/airflow/example_dags/example_sensors.py for tasks to queue
[2024-04-14T12:52:49.962+0000] {logging_mixin.py:188} INFO - [2024-04-14T12:52:49.961+0000] {dagbag.py:540} INFO - Filling up the DagBag from /home/airflow/.local/lib/python3.12/site-packages/airflow/example_dags/example_sensors.py
[2024-04-14T12:52:49.976+0000] {processor.py:840} INFO - DAG(s) 'example_sensors' retrieved from /home/airflow/.local/lib/python3.12/site-packages/airflow/example_dags/example_sensors.py
[2024-04-14T12:52:50.031+0000] {logging_mixin.py:188} INFO - [2024-04-14T12:52:50.031+0000] {dag.py:3096} INFO - Sync 1 DAGs
[2024-04-14T12:52:50.060+0000] {logging_mixin.py:188} INFO - [2024-04-14T12:52:50.059+0000] {dag.py:3954} INFO - Setting next_dagrun for example_sensors to None, run_after=None
[2024-04-14T12:52:50.107+0000] {processor.py:183} INFO - Processing /home/airflow/.local/lib/python3.12/site-packages/airflow/example_dags/example_sensors.py took 0.159 seconds
[2024-04-14T12:53:20.888+0000] {processor.py:161} INFO - Started process (PID=482) to work on /home/airflow/.local/lib/python3.12/site-packages/airflow/example_dags/example_sensors.py
[2024-04-14T12:53:20.890+0000] {processor.py:830} INFO - Processing file /home/airflow/.local/lib/python3.12/site-packages/airflow/example_dags/example_sensors.py for tasks to queue
[2024-04-14T12:53:20.895+0000] {logging_mixin.py:188} INFO - [2024-04-14T12:53:20.894+0000] {dagbag.py:540} INFO - Filling up the DagBag from /home/airflow/.local/lib/python3.12/site-packages/airflow/example_dags/example_sensors.py
[2024-04-14T12:53:20.962+0000] {processor.py:840} INFO - DAG(s) 'example_sensors' retrieved from /home/airflow/.local/lib/python3.12/site-packages/airflow/example_dags/example_sensors.py
[2024-04-14T12:53:21.252+0000] {logging_mixin.py:188} INFO - [2024-04-14T12:53:21.243+0000] {dag.py:3096} INFO - Sync 1 DAGs
[2024-04-14T12:53:21.558+0000] {logging_mixin.py:188} INFO - [2024-04-14T12:53:21.557+0000] {dag.py:3954} INFO - Setting next_dagrun for example_sensors to None, run_after=None
[2024-04-14T12:53:21.730+0000] {processor.py:183} INFO - Processing /home/airflow/.local/lib/python3.12/site-packages/airflow/example_dags/example_sensors.py took 0.864 seconds
[2024-04-14T12:53:52.403+0000] {processor.py:161} INFO - Started process (PID=540) to work on /home/airflow/.local/lib/python3.12/site-packages/airflow/example_dags/example_sensors.py
[2024-04-14T12:53:52.404+0000] {processor.py:830} INFO - Processing file /home/airflow/.local/lib/python3.12/site-packages/airflow/example_dags/example_sensors.py for tasks to queue
[2024-04-14T12:53:52.407+0000] {logging_mixin.py:188} INFO - [2024-04-14T12:53:52.407+0000] {dagbag.py:540} INFO - Filling up the DagBag from /home/airflow/.local/lib/python3.12/site-packages/airflow/example_dags/example_sensors.py
[2024-04-14T12:53:52.423+0000] {processor.py:840} INFO - DAG(s) 'example_sensors' retrieved from /home/airflow/.local/lib/python3.12/site-packages/airflow/example_dags/example_sensors.py
[2024-04-14T12:53:52.480+0000] {logging_mixin.py:188} INFO - [2024-04-14T12:53:52.480+0000] {dag.py:3096} INFO - Sync 1 DAGs
[2024-04-14T12:53:52.507+0000] {logging_mixin.py:188} INFO - [2024-04-14T12:53:52.507+0000] {dag.py:3954} INFO - Setting next_dagrun for example_sensors to None, run_after=None
[2024-04-14T12:53:52.621+0000] {processor.py:183} INFO - Processing /home/airflow/.local/lib/python3.12/site-packages/airflow/example_dags/example_sensors.py took 0.229 seconds
[2024-04-14T12:54:22.731+0000] {processor.py:161} INFO - Started process (PID=597) to work on /home/airflow/.local/lib/python3.12/site-packages/airflow/example_dags/example_sensors.py
[2024-04-14T12:54:22.733+0000] {processor.py:830} INFO - Processing file /home/airflow/.local/lib/python3.12/site-packages/airflow/example_dags/example_sensors.py for tasks to queue
[2024-04-14T12:54:22.736+0000] {logging_mixin.py:188} INFO - [2024-04-14T12:54:22.735+0000] {dagbag.py:540} INFO - Filling up the DagBag from /home/airflow/.local/lib/python3.12/site-packages/airflow/example_dags/example_sensors.py
[2024-04-14T12:54:22.759+0000] {processor.py:840} INFO - DAG(s) 'example_sensors' retrieved from /home/airflow/.local/lib/python3.12/site-packages/airflow/example_dags/example_sensors.py
[2024-04-14T12:54:22.871+0000] {logging_mixin.py:188} INFO - [2024-04-14T12:54:22.870+0000] {dag.py:3096} INFO - Sync 1 DAGs
[2024-04-14T12:54:22.929+0000] {logging_mixin.py:188} INFO - [2024-04-14T12:54:22.928+0000] {dag.py:3954} INFO - Setting next_dagrun for example_sensors to None, run_after=None
[2024-04-14T12:54:23.016+0000] {processor.py:183} INFO - Processing /home/airflow/.local/lib/python3.12/site-packages/airflow/example_dags/example_sensors.py took 0.299 seconds
[2024-04-14T12:54:56.971+0000] {processor.py:161} INFO - Started process (PID=657) to work on /home/airflow/.local/lib/python3.12/site-packages/airflow/example_dags/example_sensors.py
[2024-04-14T12:54:56.983+0000] {processor.py:830} INFO - Processing file /home/airflow/.local/lib/python3.12/site-packages/airflow/example_dags/example_sensors.py for tasks to queue
[2024-04-14T12:54:57.004+0000] {logging_mixin.py:188} INFO - [2024-04-14T12:54:57.003+0000] {dagbag.py:540} INFO - Filling up the DagBag from /home/airflow/.local/lib/python3.12/site-packages/airflow/example_dags/example_sensors.py
[2024-04-14T12:54:57.107+0000] {processor.py:840} INFO - DAG(s) 'example_sensors' retrieved from /home/airflow/.local/lib/python3.12/site-packages/airflow/example_dags/example_sensors.py
[2024-04-14T12:54:57.350+0000] {logging_mixin.py:188} INFO - [2024-04-14T12:54:57.348+0000] {dag.py:3096} INFO - Sync 1 DAGs
[2024-04-14T12:54:57.518+0000] {logging_mixin.py:188} INFO - [2024-04-14T12:54:57.518+0000] {dag.py:3954} INFO - Setting next_dagrun for example_sensors to None, run_after=None
[2024-04-14T12:54:57.643+0000] {processor.py:183} INFO - Processing /home/airflow/.local/lib/python3.12/site-packages/airflow/example_dags/example_sensors.py took 0.707 seconds
[2024-04-14T12:55:30.964+0000] {processor.py:161} INFO - Started process (PID=715) to work on /home/airflow/.local/lib/python3.12/site-packages/airflow/example_dags/example_sensors.py
[2024-04-14T12:55:31.012+0000] {processor.py:830} INFO - Processing file /home/airflow/.local/lib/python3.12/site-packages/airflow/example_dags/example_sensors.py for tasks to queue
[2024-04-14T12:55:31.020+0000] {logging_mixin.py:188} INFO - [2024-04-14T12:55:31.019+0000] {dagbag.py:540} INFO - Filling up the DagBag from /home/airflow/.local/lib/python3.12/site-packages/airflow/example_dags/example_sensors.py
[2024-04-14T12:55:31.107+0000] {processor.py:840} INFO - DAG(s) 'example_sensors' retrieved from /home/airflow/.local/lib/python3.12/site-packages/airflow/example_dags/example_sensors.py
[2024-04-14T12:55:31.339+0000] {logging_mixin.py:188} INFO - [2024-04-14T12:55:31.339+0000] {dag.py:3096} INFO - Sync 1 DAGs
[2024-04-14T12:55:31.519+0000] {logging_mixin.py:188} INFO - [2024-04-14T12:55:31.518+0000] {dag.py:3954} INFO - Setting next_dagrun for example_sensors to None, run_after=None
[2024-04-14T12:55:31.700+0000] {processor.py:183} INFO - Processing /home/airflow/.local/lib/python3.12/site-packages/airflow/example_dags/example_sensors.py took 0.769 seconds
[2024-04-14T12:56:02.149+0000] {processor.py:161} INFO - Started process (PID=773) to work on /home/airflow/.local/lib/python3.12/site-packages/airflow/example_dags/example_sensors.py
[2024-04-14T12:56:02.158+0000] {processor.py:830} INFO - Processing file /home/airflow/.local/lib/python3.12/site-packages/airflow/example_dags/example_sensors.py for tasks to queue
[2024-04-14T12:56:02.172+0000] {logging_mixin.py:188} INFO - [2024-04-14T12:56:02.171+0000] {dagbag.py:540} INFO - Filling up the DagBag from /home/airflow/.local/lib/python3.12/site-packages/airflow/example_dags/example_sensors.py
[2024-04-14T12:56:02.214+0000] {processor.py:840} INFO - DAG(s) 'example_sensors' retrieved from /home/airflow/.local/lib/python3.12/site-packages/airflow/example_dags/example_sensors.py
[2024-04-14T12:56:02.299+0000] {logging_mixin.py:188} INFO - [2024-04-14T12:56:02.299+0000] {dag.py:3096} INFO - Sync 1 DAGs
[2024-04-14T12:56:02.332+0000] {logging_mixin.py:188} INFO - [2024-04-14T12:56:02.332+0000] {dag.py:3954} INFO - Setting next_dagrun for example_sensors to None, run_after=None
[2024-04-14T12:56:02.379+0000] {processor.py:183} INFO - Processing /home/airflow/.local/lib/python3.12/site-packages/airflow/example_dags/example_sensors.py took 0.259 seconds
[2024-04-14T12:56:32.507+0000] {processor.py:161} INFO - Started process (PID=830) to work on /home/airflow/.local/lib/python3.12/site-packages/airflow/example_dags/example_sensors.py
[2024-04-14T12:56:32.514+0000] {processor.py:830} INFO - Processing file /home/airflow/.local/lib/python3.12/site-packages/airflow/example_dags/example_sensors.py for tasks to queue
[2024-04-14T12:56:32.524+0000] {logging_mixin.py:188} INFO - [2024-04-14T12:56:32.523+0000] {dagbag.py:540} INFO - Filling up the DagBag from /home/airflow/.local/lib/python3.12/site-packages/airflow/example_dags/example_sensors.py
[2024-04-14T12:56:32.565+0000] {processor.py:840} INFO - DAG(s) 'example_sensors' retrieved from /home/airflow/.local/lib/python3.12/site-packages/airflow/example_dags/example_sensors.py
[2024-04-14T12:56:32.677+0000] {logging_mixin.py:188} INFO - [2024-04-14T12:56:32.676+0000] {dag.py:3096} INFO - Sync 1 DAGs
[2024-04-14T12:56:32.737+0000] {logging_mixin.py:188} INFO - [2024-04-14T12:56:32.736+0000] {dag.py:3954} INFO - Setting next_dagrun for example_sensors to None, run_after=None
[2024-04-14T12:56:32.836+0000] {processor.py:183} INFO - Processing /home/airflow/.local/lib/python3.12/site-packages/airflow/example_dags/example_sensors.py took 0.348 seconds
[2024-04-14T12:57:03.387+0000] {processor.py:161} INFO - Started process (PID=889) to work on /home/airflow/.local/lib/python3.12/site-packages/airflow/example_dags/example_sensors.py
[2024-04-14T12:57:03.389+0000] {processor.py:830} INFO - Processing file /home/airflow/.local/lib/python3.12/site-packages/airflow/example_dags/example_sensors.py for tasks to queue
[2024-04-14T12:57:03.402+0000] {logging_mixin.py:188} INFO - [2024-04-14T12:57:03.401+0000] {dagbag.py:540} INFO - Filling up the DagBag from /home/airflow/.local/lib/python3.12/site-packages/airflow/example_dags/example_sensors.py
[2024-04-14T12:57:03.446+0000] {processor.py:840} INFO - DAG(s) 'example_sensors' retrieved from /home/airflow/.local/lib/python3.12/site-packages/airflow/example_dags/example_sensors.py
[2024-04-14T12:57:03.579+0000] {logging_mixin.py:188} INFO - [2024-04-14T12:57:03.579+0000] {dag.py:3096} INFO - Sync 1 DAGs
[2024-04-14T12:57:03.681+0000] {logging_mixin.py:188} INFO - [2024-04-14T12:57:03.680+0000] {dag.py:3954} INFO - Setting next_dagrun for example_sensors to None, run_after=None
[2024-04-14T12:57:04.251+0000] {processor.py:183} INFO - Processing /home/airflow/.local/lib/python3.12/site-packages/airflow/example_dags/example_sensors.py took 0.887 seconds
[2024-04-14T12:57:34.599+0000] {processor.py:161} INFO - Started process (PID=947) to work on /home/airflow/.local/lib/python3.12/site-packages/airflow/example_dags/example_sensors.py
[2024-04-14T12:57:34.607+0000] {processor.py:830} INFO - Processing file /home/airflow/.local/lib/python3.12/site-packages/airflow/example_dags/example_sensors.py for tasks to queue
[2024-04-14T12:57:34.611+0000] {logging_mixin.py:188} INFO - [2024-04-14T12:57:34.610+0000] {dagbag.py:540} INFO - Filling up the DagBag from /home/airflow/.local/lib/python3.12/site-packages/airflow/example_dags/example_sensors.py
[2024-04-14T12:57:34.640+0000] {processor.py:840} INFO - DAG(s) 'example_sensors' retrieved from /home/airflow/.local/lib/python3.12/site-packages/airflow/example_dags/example_sensors.py
[2024-04-14T12:57:34.736+0000] {logging_mixin.py:188} INFO - [2024-04-14T12:57:34.735+0000] {dag.py:3096} INFO - Sync 1 DAGs
[2024-04-14T12:57:34.812+0000] {logging_mixin.py:188} INFO - [2024-04-14T12:57:34.812+0000] {dag.py:3954} INFO - Setting next_dagrun for example_sensors to None, run_after=None
[2024-04-14T12:57:34.912+0000] {processor.py:183} INFO - Processing /home/airflow/.local/lib/python3.12/site-packages/airflow/example_dags/example_sensors.py took 0.328 seconds
[2024-04-14T12:58:05.389+0000] {processor.py:161} INFO - Started process (PID=1006) to work on /home/airflow/.local/lib/python3.12/site-packages/airflow/example_dags/example_sensors.py
[2024-04-14T12:58:05.391+0000] {processor.py:830} INFO - Processing file /home/airflow/.local/lib/python3.12/site-packages/airflow/example_dags/example_sensors.py for tasks to queue
[2024-04-14T12:58:05.395+0000] {logging_mixin.py:188} INFO - [2024-04-14T12:58:05.394+0000] {dagbag.py:540} INFO - Filling up the DagBag from /home/airflow/.local/lib/python3.12/site-packages/airflow/example_dags/example_sensors.py
[2024-04-14T12:58:05.431+0000] {processor.py:840} INFO - DAG(s) 'example_sensors' retrieved from /home/airflow/.local/lib/python3.12/site-packages/airflow/example_dags/example_sensors.py
[2024-04-14T12:58:05.560+0000] {logging_mixin.py:188} INFO - [2024-04-14T12:58:05.560+0000] {dag.py:3096} INFO - Sync 1 DAGs
[2024-04-14T12:58:05.633+0000] {logging_mixin.py:188} INFO - [2024-04-14T12:58:05.633+0000] {dag.py:3954} INFO - Setting next_dagrun for example_sensors to None, run_after=None
[2024-04-14T12:58:05.784+0000] {processor.py:183} INFO - Processing /home/airflow/.local/lib/python3.12/site-packages/airflow/example_dags/example_sensors.py took 0.421 seconds
[2024-04-14T12:58:36.080+0000] {processor.py:161} INFO - Started process (PID=1064) to work on /home/airflow/.local/lib/python3.12/site-packages/airflow/example_dags/example_sensors.py
[2024-04-14T12:58:36.082+0000] {processor.py:830} INFO - Processing file /home/airflow/.local/lib/python3.12/site-packages/airflow/example_dags/example_sensors.py for tasks to queue
[2024-04-14T12:58:36.086+0000] {logging_mixin.py:188} INFO - [2024-04-14T12:58:36.085+0000] {dagbag.py:540} INFO - Filling up the DagBag from /home/airflow/.local/lib/python3.12/site-packages/airflow/example_dags/example_sensors.py
[2024-04-14T12:58:36.106+0000] {processor.py:840} INFO - DAG(s) 'example_sensors' retrieved from /home/airflow/.local/lib/python3.12/site-packages/airflow/example_dags/example_sensors.py
[2024-04-14T12:58:36.182+0000] {logging_mixin.py:188} INFO - [2024-04-14T12:58:36.181+0000] {dag.py:3096} INFO - Sync 1 DAGs
[2024-04-14T12:58:36.215+0000] {logging_mixin.py:188} INFO - [2024-04-14T12:58:36.215+0000] {dag.py:3954} INFO - Setting next_dagrun for example_sensors to None, run_after=None
[2024-04-14T12:58:36.259+0000] {processor.py:183} INFO - Processing /home/airflow/.local/lib/python3.12/site-packages/airflow/example_dags/example_sensors.py took 0.191 seconds
[2024-04-14T12:59:07.508+0000] {processor.py:161} INFO - Started process (PID=1122) to work on /home/airflow/.local/lib/python3.12/site-packages/airflow/example_dags/example_sensors.py
[2024-04-14T12:59:07.513+0000] {processor.py:830} INFO - Processing file /home/airflow/.local/lib/python3.12/site-packages/airflow/example_dags/example_sensors.py for tasks to queue
[2024-04-14T12:59:07.523+0000] {logging_mixin.py:188} INFO - [2024-04-14T12:59:07.522+0000] {dagbag.py:540} INFO - Filling up the DagBag from /home/airflow/.local/lib/python3.12/site-packages/airflow/example_dags/example_sensors.py
[2024-04-14T12:59:07.597+0000] {processor.py:840} INFO - DAG(s) 'example_sensors' retrieved from /home/airflow/.local/lib/python3.12/site-packages/airflow/example_dags/example_sensors.py
[2024-04-14T12:59:07.655+0000] {logging_mixin.py:188} INFO - [2024-04-14T12:59:07.646+0000] {dag.py:3096} INFO - Sync 1 DAGs
[2024-04-14T12:59:07.783+0000] {logging_mixin.py:188} INFO - [2024-04-14T12:59:07.782+0000] {dag.py:3954} INFO - Setting next_dagrun for example_sensors to None, run_after=None
[2024-04-14T12:59:07.908+0000] {processor.py:183} INFO - Processing /home/airflow/.local/lib/python3.12/site-packages/airflow/example_dags/example_sensors.py took 0.440 seconds
[2024-04-14T12:59:38.193+0000] {processor.py:161} INFO - Started process (PID=1181) to work on /home/airflow/.local/lib/python3.12/site-packages/airflow/example_dags/example_sensors.py
[2024-04-14T12:59:38.194+0000] {processor.py:830} INFO - Processing file /home/airflow/.local/lib/python3.12/site-packages/airflow/example_dags/example_sensors.py for tasks to queue
[2024-04-14T12:59:38.198+0000] {logging_mixin.py:188} INFO - [2024-04-14T12:59:38.195+0000] {dagbag.py:540} INFO - Filling up the DagBag from /home/airflow/.local/lib/python3.12/site-packages/airflow/example_dags/example_sensors.py
[2024-04-14T12:59:38.220+0000] {processor.py:840} INFO - DAG(s) 'example_sensors' retrieved from /home/airflow/.local/lib/python3.12/site-packages/airflow/example_dags/example_sensors.py
[2024-04-14T12:59:38.530+0000] {logging_mixin.py:188} INFO - [2024-04-14T12:59:38.529+0000] {dag.py:3096} INFO - Sync 1 DAGs
[2024-04-14T12:59:38.563+0000] {logging_mixin.py:188} INFO - [2024-04-14T12:59:38.561+0000] {dag.py:3954} INFO - Setting next_dagrun for example_sensors to None, run_after=None
[2024-04-14T12:59:38.637+0000] {processor.py:183} INFO - Processing /home/airflow/.local/lib/python3.12/site-packages/airflow/example_dags/example_sensors.py took 0.460 seconds
[2024-04-14T13:00:09.354+0000] {processor.py:161} INFO - Started process (PID=1238) to work on /home/airflow/.local/lib/python3.12/site-packages/airflow/example_dags/example_sensors.py
[2024-04-14T13:00:09.356+0000] {processor.py:830} INFO - Processing file /home/airflow/.local/lib/python3.12/site-packages/airflow/example_dags/example_sensors.py for tasks to queue
[2024-04-14T13:00:09.358+0000] {logging_mixin.py:188} INFO - [2024-04-14T13:00:09.357+0000] {dagbag.py:540} INFO - Filling up the DagBag from /home/airflow/.local/lib/python3.12/site-packages/airflow/example_dags/example_sensors.py
[2024-04-14T13:00:09.374+0000] {processor.py:840} INFO - DAG(s) 'example_sensors' retrieved from /home/airflow/.local/lib/python3.12/site-packages/airflow/example_dags/example_sensors.py
[2024-04-14T13:00:09.418+0000] {logging_mixin.py:188} INFO - [2024-04-14T13:00:09.417+0000] {dag.py:3096} INFO - Sync 1 DAGs
[2024-04-14T13:00:09.441+0000] {logging_mixin.py:188} INFO - [2024-04-14T13:00:09.441+0000] {dag.py:3954} INFO - Setting next_dagrun for example_sensors to None, run_after=None
[2024-04-14T13:00:09.476+0000] {processor.py:183} INFO - Processing /home/airflow/.local/lib/python3.12/site-packages/airflow/example_dags/example_sensors.py took 0.130 seconds
[2024-04-14T13:00:39.919+0000] {processor.py:161} INFO - Started process (PID=1297) to work on /home/airflow/.local/lib/python3.12/site-packages/airflow/example_dags/example_sensors.py
[2024-04-14T13:00:39.921+0000] {processor.py:830} INFO - Processing file /home/airflow/.local/lib/python3.12/site-packages/airflow/example_dags/example_sensors.py for tasks to queue
[2024-04-14T13:00:39.923+0000] {logging_mixin.py:188} INFO - [2024-04-14T13:00:39.923+0000] {dagbag.py:540} INFO - Filling up the DagBag from /home/airflow/.local/lib/python3.12/site-packages/airflow/example_dags/example_sensors.py
[2024-04-14T13:00:39.959+0000] {processor.py:840} INFO - DAG(s) 'example_sensors' retrieved from /home/airflow/.local/lib/python3.12/site-packages/airflow/example_dags/example_sensors.py
[2024-04-14T13:00:40.026+0000] {logging_mixin.py:188} INFO - [2024-04-14T13:00:40.025+0000] {dag.py:3096} INFO - Sync 1 DAGs
[2024-04-14T13:00:40.061+0000] {logging_mixin.py:188} INFO - [2024-04-14T13:00:40.060+0000] {dag.py:3954} INFO - Setting next_dagrun for example_sensors to None, run_after=None
[2024-04-14T13:00:40.121+0000] {processor.py:183} INFO - Processing /home/airflow/.local/lib/python3.12/site-packages/airflow/example_dags/example_sensors.py took 0.215 seconds
[2024-04-14T13:01:10.953+0000] {processor.py:161} INFO - Started process (PID=1356) to work on /home/airflow/.local/lib/python3.12/site-packages/airflow/example_dags/example_sensors.py
[2024-04-14T13:01:10.967+0000] {processor.py:830} INFO - Processing file /home/airflow/.local/lib/python3.12/site-packages/airflow/example_dags/example_sensors.py for tasks to queue
[2024-04-14T13:01:10.983+0000] {logging_mixin.py:188} INFO - [2024-04-14T13:01:10.980+0000] {dagbag.py:540} INFO - Filling up the DagBag from /home/airflow/.local/lib/python3.12/site-packages/airflow/example_dags/example_sensors.py
[2024-04-14T13:01:11.043+0000] {processor.py:840} INFO - DAG(s) 'example_sensors' retrieved from /home/airflow/.local/lib/python3.12/site-packages/airflow/example_dags/example_sensors.py
[2024-04-14T13:01:11.230+0000] {logging_mixin.py:188} INFO - [2024-04-14T13:01:11.228+0000] {dag.py:3096} INFO - Sync 1 DAGs
[2024-04-14T13:01:11.333+0000] {logging_mixin.py:188} INFO - [2024-04-14T13:01:11.330+0000] {dag.py:3954} INFO - Setting next_dagrun for example_sensors to None, run_after=None
[2024-04-14T13:01:11.550+0000] {processor.py:183} INFO - Processing /home/airflow/.local/lib/python3.12/site-packages/airflow/example_dags/example_sensors.py took 0.633 seconds
[2024-04-14T13:01:41.877+0000] {processor.py:161} INFO - Started process (PID=1415) to work on /home/airflow/.local/lib/python3.12/site-packages/airflow/example_dags/example_sensors.py
[2024-04-14T13:01:41.884+0000] {processor.py:830} INFO - Processing file /home/airflow/.local/lib/python3.12/site-packages/airflow/example_dags/example_sensors.py for tasks to queue
[2024-04-14T13:01:41.890+0000] {logging_mixin.py:188} INFO - [2024-04-14T13:01:41.887+0000] {dagbag.py:540} INFO - Filling up the DagBag from /home/airflow/.local/lib/python3.12/site-packages/airflow/example_dags/example_sensors.py
[2024-04-14T13:01:41.937+0000] {processor.py:840} INFO - DAG(s) 'example_sensors' retrieved from /home/airflow/.local/lib/python3.12/site-packages/airflow/example_dags/example_sensors.py
[2024-04-14T13:01:42.036+0000] {logging_mixin.py:188} INFO - [2024-04-14T13:01:42.036+0000] {dag.py:3096} INFO - Sync 1 DAGs
[2024-04-14T13:01:42.083+0000] {logging_mixin.py:188} INFO - [2024-04-14T13:01:42.082+0000] {dag.py:3954} INFO - Setting next_dagrun for example_sensors to None, run_after=None
[2024-04-14T13:01:42.149+0000] {processor.py:183} INFO - Processing /home/airflow/.local/lib/python3.12/site-packages/airflow/example_dags/example_sensors.py took 0.307 seconds
[2024-04-14T13:02:12.752+0000] {processor.py:161} INFO - Started process (PID=1474) to work on /home/airflow/.local/lib/python3.12/site-packages/airflow/example_dags/example_sensors.py
[2024-04-14T13:02:12.753+0000] {processor.py:830} INFO - Processing file /home/airflow/.local/lib/python3.12/site-packages/airflow/example_dags/example_sensors.py for tasks to queue
[2024-04-14T13:02:12.755+0000] {logging_mixin.py:188} INFO - [2024-04-14T13:02:12.754+0000] {dagbag.py:540} INFO - Filling up the DagBag from /home/airflow/.local/lib/python3.12/site-packages/airflow/example_dags/example_sensors.py
[2024-04-14T13:02:12.768+0000] {processor.py:840} INFO - DAG(s) 'example_sensors' retrieved from /home/airflow/.local/lib/python3.12/site-packages/airflow/example_dags/example_sensors.py
[2024-04-14T13:02:12.882+0000] {logging_mixin.py:188} INFO - [2024-04-14T13:02:12.882+0000] {dag.py:3096} INFO - Sync 1 DAGs
[2024-04-14T13:02:12.922+0000] {logging_mixin.py:188} INFO - [2024-04-14T13:02:12.920+0000] {dag.py:3954} INFO - Setting next_dagrun for example_sensors to None, run_after=None
[2024-04-14T13:02:12.957+0000] {processor.py:183} INFO - Processing /home/airflow/.local/lib/python3.12/site-packages/airflow/example_dags/example_sensors.py took 0.215 seconds
[2024-04-14T13:02:43.060+0000] {processor.py:161} INFO - Started process (PID=1533) to work on /home/airflow/.local/lib/python3.12/site-packages/airflow/example_dags/example_sensors.py
[2024-04-14T13:02:43.061+0000] {processor.py:830} INFO - Processing file /home/airflow/.local/lib/python3.12/site-packages/airflow/example_dags/example_sensors.py for tasks to queue
[2024-04-14T13:02:43.062+0000] {logging_mixin.py:188} INFO - [2024-04-14T13:02:43.062+0000] {dagbag.py:540} INFO - Filling up the DagBag from /home/airflow/.local/lib/python3.12/site-packages/airflow/example_dags/example_sensors.py
[2024-04-14T13:02:43.078+0000] {processor.py:840} INFO - DAG(s) 'example_sensors' retrieved from /home/airflow/.local/lib/python3.12/site-packages/airflow/example_dags/example_sensors.py
[2024-04-14T13:02:43.118+0000] {logging_mixin.py:188} INFO - [2024-04-14T13:02:43.118+0000] {dag.py:3096} INFO - Sync 1 DAGs
[2024-04-14T13:02:43.139+0000] {logging_mixin.py:188} INFO - [2024-04-14T13:02:43.139+0000] {dag.py:3954} INFO - Setting next_dagrun for example_sensors to None, run_after=None
[2024-04-14T13:02:43.175+0000] {processor.py:183} INFO - Processing /home/airflow/.local/lib/python3.12/site-packages/airflow/example_dags/example_sensors.py took 0.122 seconds
[2024-04-14T13:03:13.592+0000] {processor.py:161} INFO - Started process (PID=1593) to work on /home/airflow/.local/lib/python3.12/site-packages/airflow/example_dags/example_sensors.py
[2024-04-14T13:03:13.593+0000] {processor.py:830} INFO - Processing file /home/airflow/.local/lib/python3.12/site-packages/airflow/example_dags/example_sensors.py for tasks to queue
[2024-04-14T13:03:13.594+0000] {logging_mixin.py:188} INFO - [2024-04-14T13:03:13.594+0000] {dagbag.py:540} INFO - Filling up the DagBag from /home/airflow/.local/lib/python3.12/site-packages/airflow/example_dags/example_sensors.py
[2024-04-14T13:03:13.607+0000] {processor.py:840} INFO - DAG(s) 'example_sensors' retrieved from /home/airflow/.local/lib/python3.12/site-packages/airflow/example_dags/example_sensors.py
[2024-04-14T13:03:13.650+0000] {logging_mixin.py:188} INFO - [2024-04-14T13:03:13.650+0000] {dag.py:3096} INFO - Sync 1 DAGs
[2024-04-14T13:03:13.671+0000] {logging_mixin.py:188} INFO - [2024-04-14T13:03:13.670+0000] {dag.py:3954} INFO - Setting next_dagrun for example_sensors to None, run_after=None
[2024-04-14T13:03:13.701+0000] {processor.py:183} INFO - Processing /home/airflow/.local/lib/python3.12/site-packages/airflow/example_dags/example_sensors.py took 0.119 seconds
[2024-04-14T13:03:43.946+0000] {processor.py:161} INFO - Started process (PID=1652) to work on /home/airflow/.local/lib/python3.12/site-packages/airflow/example_dags/example_sensors.py
[2024-04-14T13:03:43.948+0000] {processor.py:830} INFO - Processing file /home/airflow/.local/lib/python3.12/site-packages/airflow/example_dags/example_sensors.py for tasks to queue
[2024-04-14T13:03:43.951+0000] {logging_mixin.py:188} INFO - [2024-04-14T13:03:43.949+0000] {dagbag.py:540} INFO - Filling up the DagBag from /home/airflow/.local/lib/python3.12/site-packages/airflow/example_dags/example_sensors.py
[2024-04-14T13:03:43.997+0000] {processor.py:840} INFO - DAG(s) 'example_sensors' retrieved from /home/airflow/.local/lib/python3.12/site-packages/airflow/example_dags/example_sensors.py
[2024-04-14T13:03:44.101+0000] {logging_mixin.py:188} INFO - [2024-04-14T13:03:44.100+0000] {dag.py:3096} INFO - Sync 1 DAGs
[2024-04-14T13:03:44.143+0000] {logging_mixin.py:188} INFO - [2024-04-14T13:03:44.143+0000] {dag.py:3954} INFO - Setting next_dagrun for example_sensors to None, run_after=None
[2024-04-14T13:03:44.393+0000] {processor.py:183} INFO - Processing /home/airflow/.local/lib/python3.12/site-packages/airflow/example_dags/example_sensors.py took 0.468 seconds
[2024-04-14T13:04:14.649+0000] {processor.py:161} INFO - Started process (PID=1712) to work on /home/airflow/.local/lib/python3.12/site-packages/airflow/example_dags/example_sensors.py
[2024-04-14T13:04:14.651+0000] {processor.py:830} INFO - Processing file /home/airflow/.local/lib/python3.12/site-packages/airflow/example_dags/example_sensors.py for tasks to queue
[2024-04-14T13:04:14.653+0000] {logging_mixin.py:188} INFO - [2024-04-14T13:04:14.652+0000] {dagbag.py:540} INFO - Filling up the DagBag from /home/airflow/.local/lib/python3.12/site-packages/airflow/example_dags/example_sensors.py
[2024-04-14T13:04:14.675+0000] {processor.py:840} INFO - DAG(s) 'example_sensors' retrieved from /home/airflow/.local/lib/python3.12/site-packages/airflow/example_dags/example_sensors.py
[2024-04-14T13:04:14.767+0000] {logging_mixin.py:188} INFO - [2024-04-14T13:04:14.766+0000] {dag.py:3096} INFO - Sync 1 DAGs
[2024-04-14T13:04:14.798+0000] {logging_mixin.py:188} INFO - [2024-04-14T13:04:14.797+0000] {dag.py:3954} INFO - Setting next_dagrun for example_sensors to None, run_after=None
[2024-04-14T13:04:14.898+0000] {processor.py:183} INFO - Processing /home/airflow/.local/lib/python3.12/site-packages/airflow/example_dags/example_sensors.py took 0.263 seconds
[2024-04-14T13:04:45.095+0000] {processor.py:161} INFO - Started process (PID=1772) to work on /home/airflow/.local/lib/python3.12/site-packages/airflow/example_dags/example_sensors.py
[2024-04-14T13:04:45.096+0000] {processor.py:830} INFO - Processing file /home/airflow/.local/lib/python3.12/site-packages/airflow/example_dags/example_sensors.py for tasks to queue
[2024-04-14T13:04:45.098+0000] {logging_mixin.py:188} INFO - [2024-04-14T13:04:45.097+0000] {dagbag.py:540} INFO - Filling up the DagBag from /home/airflow/.local/lib/python3.12/site-packages/airflow/example_dags/example_sensors.py
[2024-04-14T13:04:45.114+0000] {processor.py:840} INFO - DAG(s) 'example_sensors' retrieved from /home/airflow/.local/lib/python3.12/site-packages/airflow/example_dags/example_sensors.py
[2024-04-14T13:04:45.180+0000] {logging_mixin.py:188} INFO - [2024-04-14T13:04:45.180+0000] {dag.py:3096} INFO - Sync 1 DAGs
[2024-04-14T13:04:45.207+0000] {logging_mixin.py:188} INFO - [2024-04-14T13:04:45.207+0000] {dag.py:3954} INFO - Setting next_dagrun for example_sensors to None, run_after=None
[2024-04-14T13:04:45.252+0000] {processor.py:183} INFO - Processing /home/airflow/.local/lib/python3.12/site-packages/airflow/example_dags/example_sensors.py took 0.166 seconds
[2024-04-14T13:05:15.849+0000] {processor.py:161} INFO - Started process (PID=1830) to work on /home/airflow/.local/lib/python3.12/site-packages/airflow/example_dags/example_sensors.py
[2024-04-14T13:05:15.850+0000] {processor.py:830} INFO - Processing file /home/airflow/.local/lib/python3.12/site-packages/airflow/example_dags/example_sensors.py for tasks to queue
[2024-04-14T13:05:15.852+0000] {logging_mixin.py:188} INFO - [2024-04-14T13:05:15.851+0000] {dagbag.py:540} INFO - Filling up the DagBag from /home/airflow/.local/lib/python3.12/site-packages/airflow/example_dags/example_sensors.py
[2024-04-14T13:05:15.868+0000] {processor.py:840} INFO - DAG(s) 'example_sensors' retrieved from /home/airflow/.local/lib/python3.12/site-packages/airflow/example_dags/example_sensors.py
[2024-04-14T13:05:15.931+0000] {logging_mixin.py:188} INFO - [2024-04-14T13:05:15.931+0000] {dag.py:3096} INFO - Sync 1 DAGs
[2024-04-14T13:05:15.956+0000] {logging_mixin.py:188} INFO - [2024-04-14T13:05:15.955+0000] {dag.py:3954} INFO - Setting next_dagrun for example_sensors to None, run_after=None
[2024-04-14T13:05:15.996+0000] {processor.py:183} INFO - Processing /home/airflow/.local/lib/python3.12/site-packages/airflow/example_dags/example_sensors.py took 0.156 seconds
[2024-04-14T13:05:46.235+0000] {processor.py:161} INFO - Started process (PID=1888) to work on /home/airflow/.local/lib/python3.12/site-packages/airflow/example_dags/example_sensors.py
[2024-04-14T13:05:46.237+0000] {processor.py:830} INFO - Processing file /home/airflow/.local/lib/python3.12/site-packages/airflow/example_dags/example_sensors.py for tasks to queue
[2024-04-14T13:05:46.238+0000] {logging_mixin.py:188} INFO - [2024-04-14T13:05:46.238+0000] {dagbag.py:540} INFO - Filling up the DagBag from /home/airflow/.local/lib/python3.12/site-packages/airflow/example_dags/example_sensors.py
[2024-04-14T13:05:46.254+0000] {processor.py:840} INFO - DAG(s) 'example_sensors' retrieved from /home/airflow/.local/lib/python3.12/site-packages/airflow/example_dags/example_sensors.py
[2024-04-14T13:05:46.291+0000] {logging_mixin.py:188} INFO - [2024-04-14T13:05:46.291+0000] {dag.py:3096} INFO - Sync 1 DAGs
[2024-04-14T13:05:46.314+0000] {logging_mixin.py:188} INFO - [2024-04-14T13:05:46.314+0000] {dag.py:3954} INFO - Setting next_dagrun for example_sensors to None, run_after=None
[2024-04-14T13:05:46.349+0000] {processor.py:183} INFO - Processing /home/airflow/.local/lib/python3.12/site-packages/airflow/example_dags/example_sensors.py took 0.121 seconds
[2024-04-14T13:06:17.131+0000] {processor.py:161} INFO - Started process (PID=1947) to work on /home/airflow/.local/lib/python3.12/site-packages/airflow/example_dags/example_sensors.py
[2024-04-14T13:06:17.145+0000] {processor.py:830} INFO - Processing file /home/airflow/.local/lib/python3.12/site-packages/airflow/example_dags/example_sensors.py for tasks to queue
[2024-04-14T13:06:17.150+0000] {logging_mixin.py:188} INFO - [2024-04-14T13:06:17.149+0000] {dagbag.py:540} INFO - Filling up the DagBag from /home/airflow/.local/lib/python3.12/site-packages/airflow/example_dags/example_sensors.py
[2024-04-14T13:06:17.174+0000] {processor.py:840} INFO - DAG(s) 'example_sensors' retrieved from /home/airflow/.local/lib/python3.12/site-packages/airflow/example_dags/example_sensors.py
[2024-04-14T13:06:17.231+0000] {logging_mixin.py:188} INFO - [2024-04-14T13:06:17.231+0000] {dag.py:3096} INFO - Sync 1 DAGs
[2024-04-14T13:06:17.266+0000] {logging_mixin.py:188} INFO - [2024-04-14T13:06:17.266+0000] {dag.py:3954} INFO - Setting next_dagrun for example_sensors to None, run_after=None
[2024-04-14T13:06:17.370+0000] {processor.py:183} INFO - Processing /home/airflow/.local/lib/python3.12/site-packages/airflow/example_dags/example_sensors.py took 0.253 seconds
[2024-04-14T13:06:47.907+0000] {processor.py:161} INFO - Started process (PID=2006) to work on /home/airflow/.local/lib/python3.12/site-packages/airflow/example_dags/example_sensors.py
[2024-04-14T13:06:47.917+0000] {processor.py:830} INFO - Processing file /home/airflow/.local/lib/python3.12/site-packages/airflow/example_dags/example_sensors.py for tasks to queue
[2024-04-14T13:06:47.920+0000] {logging_mixin.py:188} INFO - [2024-04-14T13:06:47.919+0000] {dagbag.py:540} INFO - Filling up the DagBag from /home/airflow/.local/lib/python3.12/site-packages/airflow/example_dags/example_sensors.py
[2024-04-14T13:06:47.975+0000] {processor.py:840} INFO - DAG(s) 'example_sensors' retrieved from /home/airflow/.local/lib/python3.12/site-packages/airflow/example_dags/example_sensors.py
[2024-04-14T13:06:48.120+0000] {logging_mixin.py:188} INFO - [2024-04-14T13:06:48.119+0000] {dag.py:3096} INFO - Sync 1 DAGs
[2024-04-14T13:06:48.163+0000] {logging_mixin.py:188} INFO - [2024-04-14T13:06:48.162+0000] {dag.py:3954} INFO - Setting next_dagrun for example_sensors to None, run_after=None
[2024-04-14T13:06:48.229+0000] {processor.py:183} INFO - Processing /home/airflow/.local/lib/python3.12/site-packages/airflow/example_dags/example_sensors.py took 0.344 seconds
[2024-04-14T13:07:18.671+0000] {processor.py:161} INFO - Started process (PID=2065) to work on /home/airflow/.local/lib/python3.12/site-packages/airflow/example_dags/example_sensors.py
[2024-04-14T13:07:18.673+0000] {processor.py:830} INFO - Processing file /home/airflow/.local/lib/python3.12/site-packages/airflow/example_dags/example_sensors.py for tasks to queue
[2024-04-14T13:07:18.675+0000] {logging_mixin.py:188} INFO - [2024-04-14T13:07:18.674+0000] {dagbag.py:540} INFO - Filling up the DagBag from /home/airflow/.local/lib/python3.12/site-packages/airflow/example_dags/example_sensors.py
[2024-04-14T13:07:18.701+0000] {processor.py:840} INFO - DAG(s) 'example_sensors' retrieved from /home/airflow/.local/lib/python3.12/site-packages/airflow/example_dags/example_sensors.py
[2024-04-14T13:07:18.744+0000] {logging_mixin.py:188} INFO - [2024-04-14T13:07:18.744+0000] {dag.py:3096} INFO - Sync 1 DAGs
[2024-04-14T13:07:18.773+0000] {logging_mixin.py:188} INFO - [2024-04-14T13:07:18.772+0000] {dag.py:3954} INFO - Setting next_dagrun for example_sensors to None, run_after=None
[2024-04-14T13:07:18.807+0000] {processor.py:183} INFO - Processing /home/airflow/.local/lib/python3.12/site-packages/airflow/example_dags/example_sensors.py took 0.144 seconds
[2024-04-14T13:07:49.556+0000] {processor.py:161} INFO - Started process (PID=2131) to work on /home/airflow/.local/lib/python3.12/site-packages/airflow/example_dags/example_sensors.py
[2024-04-14T13:07:49.559+0000] {processor.py:830} INFO - Processing file /home/airflow/.local/lib/python3.12/site-packages/airflow/example_dags/example_sensors.py for tasks to queue
[2024-04-14T13:07:49.578+0000] {logging_mixin.py:188} INFO - [2024-04-14T13:07:49.577+0000] {dagbag.py:540} INFO - Filling up the DagBag from /home/airflow/.local/lib/python3.12/site-packages/airflow/example_dags/example_sensors.py
[2024-04-14T13:07:49.608+0000] {processor.py:840} INFO - DAG(s) 'example_sensors' retrieved from /home/airflow/.local/lib/python3.12/site-packages/airflow/example_dags/example_sensors.py
[2024-04-14T13:07:49.699+0000] {logging_mixin.py:188} INFO - [2024-04-14T13:07:49.698+0000] {dag.py:3096} INFO - Sync 1 DAGs
[2024-04-14T13:07:49.732+0000] {logging_mixin.py:188} INFO - [2024-04-14T13:07:49.731+0000] {dag.py:3954} INFO - Setting next_dagrun for example_sensors to None, run_after=None
[2024-04-14T13:07:49.812+0000] {processor.py:183} INFO - Processing /home/airflow/.local/lib/python3.12/site-packages/airflow/example_dags/example_sensors.py took 0.277 seconds
[2024-04-14T13:08:21.921+0000] {processor.py:161} INFO - Started process (PID=2193) to work on /home/airflow/.local/lib/python3.12/site-packages/airflow/example_dags/example_sensors.py
[2024-04-14T13:08:21.923+0000] {processor.py:830} INFO - Processing file /home/airflow/.local/lib/python3.12/site-packages/airflow/example_dags/example_sensors.py for tasks to queue
[2024-04-14T13:08:21.927+0000] {logging_mixin.py:188} INFO - [2024-04-14T13:08:21.926+0000] {dagbag.py:540} INFO - Filling up the DagBag from /home/airflow/.local/lib/python3.12/site-packages/airflow/example_dags/example_sensors.py
[2024-04-14T13:08:21.955+0000] {processor.py:840} INFO - DAG(s) 'example_sensors' retrieved from /home/airflow/.local/lib/python3.12/site-packages/airflow/example_dags/example_sensors.py
[2024-04-14T13:08:22.054+0000] {logging_mixin.py:188} INFO - [2024-04-14T13:08:22.053+0000] {dag.py:3096} INFO - Sync 1 DAGs
[2024-04-14T13:08:22.088+0000] {logging_mixin.py:188} INFO - [2024-04-14T13:08:22.087+0000] {dag.py:3954} INFO - Setting next_dagrun for example_sensors to None, run_after=None
[2024-04-14T13:08:22.123+0000] {processor.py:183} INFO - Processing /home/airflow/.local/lib/python3.12/site-packages/airflow/example_dags/example_sensors.py took 0.213 seconds
[2024-04-14T13:08:52.351+0000] {processor.py:161} INFO - Started process (PID=2252) to work on /home/airflow/.local/lib/python3.12/site-packages/airflow/example_dags/example_sensors.py
[2024-04-14T13:08:52.353+0000] {processor.py:830} INFO - Processing file /home/airflow/.local/lib/python3.12/site-packages/airflow/example_dags/example_sensors.py for tasks to queue
[2024-04-14T13:08:52.355+0000] {logging_mixin.py:188} INFO - [2024-04-14T13:08:52.354+0000] {dagbag.py:540} INFO - Filling up the DagBag from /home/airflow/.local/lib/python3.12/site-packages/airflow/example_dags/example_sensors.py
[2024-04-14T13:08:52.378+0000] {processor.py:840} INFO - DAG(s) 'example_sensors' retrieved from /home/airflow/.local/lib/python3.12/site-packages/airflow/example_dags/example_sensors.py
[2024-04-14T13:08:52.416+0000] {logging_mixin.py:188} INFO - [2024-04-14T13:08:52.416+0000] {dag.py:3096} INFO - Sync 1 DAGs
[2024-04-14T13:08:52.448+0000] {logging_mixin.py:188} INFO - [2024-04-14T13:08:52.447+0000] {dag.py:3954} INFO - Setting next_dagrun for example_sensors to None, run_after=None
[2024-04-14T13:08:52.484+0000] {processor.py:183} INFO - Processing /home/airflow/.local/lib/python3.12/site-packages/airflow/example_dags/example_sensors.py took 0.146 seconds
[2024-04-14T13:09:22.876+0000] {processor.py:161} INFO - Started process (PID=2311) to work on /home/airflow/.local/lib/python3.12/site-packages/airflow/example_dags/example_sensors.py
[2024-04-14T13:09:22.888+0000] {processor.py:830} INFO - Processing file /home/airflow/.local/lib/python3.12/site-packages/airflow/example_dags/example_sensors.py for tasks to queue
[2024-04-14T13:09:22.893+0000] {logging_mixin.py:188} INFO - [2024-04-14T13:09:22.893+0000] {dagbag.py:540} INFO - Filling up the DagBag from /home/airflow/.local/lib/python3.12/site-packages/airflow/example_dags/example_sensors.py
[2024-04-14T13:09:22.920+0000] {processor.py:840} INFO - DAG(s) 'example_sensors' retrieved from /home/airflow/.local/lib/python3.12/site-packages/airflow/example_dags/example_sensors.py
[2024-04-14T13:09:23.000+0000] {logging_mixin.py:188} INFO - [2024-04-14T13:09:22.999+0000] {dag.py:3096} INFO - Sync 1 DAGs
[2024-04-14T13:09:23.054+0000] {logging_mixin.py:188} INFO - [2024-04-14T13:09:23.054+0000] {dag.py:3954} INFO - Setting next_dagrun for example_sensors to None, run_after=None
[2024-04-14T13:09:23.287+0000] {processor.py:183} INFO - Processing /home/airflow/.local/lib/python3.12/site-packages/airflow/example_dags/example_sensors.py took 0.423 seconds
[2024-04-14T13:09:54.737+0000] {processor.py:161} INFO - Started process (PID=2370) to work on /home/airflow/.local/lib/python3.12/site-packages/airflow/example_dags/example_sensors.py
[2024-04-14T13:09:54.739+0000] {processor.py:830} INFO - Processing file /home/airflow/.local/lib/python3.12/site-packages/airflow/example_dags/example_sensors.py for tasks to queue
[2024-04-14T13:09:54.741+0000] {logging_mixin.py:188} INFO - [2024-04-14T13:09:54.741+0000] {dagbag.py:540} INFO - Filling up the DagBag from /home/airflow/.local/lib/python3.12/site-packages/airflow/example_dags/example_sensors.py
[2024-04-14T13:09:54.764+0000] {processor.py:840} INFO - DAG(s) 'example_sensors' retrieved from /home/airflow/.local/lib/python3.12/site-packages/airflow/example_dags/example_sensors.py
[2024-04-14T13:09:54.833+0000] {logging_mixin.py:188} INFO - [2024-04-14T13:09:54.832+0000] {dag.py:3096} INFO - Sync 1 DAGs
[2024-04-14T13:09:54.866+0000] {logging_mixin.py:188} INFO - [2024-04-14T13:09:54.864+0000] {dag.py:3954} INFO - Setting next_dagrun for example_sensors to None, run_after=None
[2024-04-14T13:09:54.916+0000] {processor.py:183} INFO - Processing /home/airflow/.local/lib/python3.12/site-packages/airflow/example_dags/example_sensors.py took 0.193 seconds
[2024-04-14T13:10:25.181+0000] {processor.py:161} INFO - Started process (PID=2429) to work on /home/airflow/.local/lib/python3.12/site-packages/airflow/example_dags/example_sensors.py
[2024-04-14T13:10:25.183+0000] {processor.py:830} INFO - Processing file /home/airflow/.local/lib/python3.12/site-packages/airflow/example_dags/example_sensors.py for tasks to queue
[2024-04-14T13:10:25.186+0000] {logging_mixin.py:188} INFO - [2024-04-14T13:10:25.185+0000] {dagbag.py:540} INFO - Filling up the DagBag from /home/airflow/.local/lib/python3.12/site-packages/airflow/example_dags/example_sensors.py
[2024-04-14T13:10:25.202+0000] {processor.py:840} INFO - DAG(s) 'example_sensors' retrieved from /home/airflow/.local/lib/python3.12/site-packages/airflow/example_dags/example_sensors.py
[2024-04-14T13:10:25.247+0000] {logging_mixin.py:188} INFO - [2024-04-14T13:10:25.247+0000] {dag.py:3096} INFO - Sync 1 DAGs
[2024-04-14T13:10:25.271+0000] {logging_mixin.py:188} INFO - [2024-04-14T13:10:25.271+0000] {dag.py:3954} INFO - Setting next_dagrun for example_sensors to None, run_after=None
[2024-04-14T13:10:25.309+0000] {processor.py:183} INFO - Processing /home/airflow/.local/lib/python3.12/site-packages/airflow/example_dags/example_sensors.py took 0.141 seconds
[2024-04-14T13:10:55.692+0000] {processor.py:161} INFO - Started process (PID=2488) to work on /home/airflow/.local/lib/python3.12/site-packages/airflow/example_dags/example_sensors.py
[2024-04-14T13:10:55.693+0000] {processor.py:830} INFO - Processing file /home/airflow/.local/lib/python3.12/site-packages/airflow/example_dags/example_sensors.py for tasks to queue
[2024-04-14T13:10:55.695+0000] {logging_mixin.py:188} INFO - [2024-04-14T13:10:55.695+0000] {dagbag.py:540} INFO - Filling up the DagBag from /home/airflow/.local/lib/python3.12/site-packages/airflow/example_dags/example_sensors.py
[2024-04-14T13:10:55.713+0000] {processor.py:840} INFO - DAG(s) 'example_sensors' retrieved from /home/airflow/.local/lib/python3.12/site-packages/airflow/example_dags/example_sensors.py
[2024-04-14T13:10:55.758+0000] {logging_mixin.py:188} INFO - [2024-04-14T13:10:55.757+0000] {dag.py:3096} INFO - Sync 1 DAGs
[2024-04-14T13:10:55.783+0000] {logging_mixin.py:188} INFO - [2024-04-14T13:10:55.783+0000] {dag.py:3954} INFO - Setting next_dagrun for example_sensors to None, run_after=None
[2024-04-14T13:10:55.818+0000] {processor.py:183} INFO - Processing /home/airflow/.local/lib/python3.12/site-packages/airflow/example_dags/example_sensors.py took 0.134 seconds
[2024-04-14T13:11:26.239+0000] {processor.py:161} INFO - Started process (PID=2546) to work on /home/airflow/.local/lib/python3.12/site-packages/airflow/example_dags/example_sensors.py
[2024-04-14T13:11:26.242+0000] {processor.py:830} INFO - Processing file /home/airflow/.local/lib/python3.12/site-packages/airflow/example_dags/example_sensors.py for tasks to queue
[2024-04-14T13:11:26.246+0000] {logging_mixin.py:188} INFO - [2024-04-14T13:11:26.245+0000] {dagbag.py:540} INFO - Filling up the DagBag from /home/airflow/.local/lib/python3.12/site-packages/airflow/example_dags/example_sensors.py
[2024-04-14T13:11:26.267+0000] {processor.py:840} INFO - DAG(s) 'example_sensors' retrieved from /home/airflow/.local/lib/python3.12/site-packages/airflow/example_dags/example_sensors.py
[2024-04-14T13:11:26.321+0000] {logging_mixin.py:188} INFO - [2024-04-14T13:11:26.321+0000] {dag.py:3096} INFO - Sync 1 DAGs
[2024-04-14T13:11:26.350+0000] {logging_mixin.py:188} INFO - [2024-04-14T13:11:26.350+0000] {dag.py:3954} INFO - Setting next_dagrun for example_sensors to None, run_after=None
[2024-04-14T13:11:26.402+0000] {processor.py:183} INFO - Processing /home/airflow/.local/lib/python3.12/site-packages/airflow/example_dags/example_sensors.py took 0.173 seconds
[2024-04-14T13:11:56.800+0000] {processor.py:161} INFO - Started process (PID=2605) to work on /home/airflow/.local/lib/python3.12/site-packages/airflow/example_dags/example_sensors.py
[2024-04-14T13:11:56.802+0000] {processor.py:830} INFO - Processing file /home/airflow/.local/lib/python3.12/site-packages/airflow/example_dags/example_sensors.py for tasks to queue
[2024-04-14T13:11:56.803+0000] {logging_mixin.py:188} INFO - [2024-04-14T13:11:56.803+0000] {dagbag.py:540} INFO - Filling up the DagBag from /home/airflow/.local/lib/python3.12/site-packages/airflow/example_dags/example_sensors.py
[2024-04-14T13:11:56.831+0000] {processor.py:840} INFO - DAG(s) 'example_sensors' retrieved from /home/airflow/.local/lib/python3.12/site-packages/airflow/example_dags/example_sensors.py
[2024-04-14T13:11:56.940+0000] {logging_mixin.py:188} INFO - [2024-04-14T13:11:56.940+0000] {dag.py:3096} INFO - Sync 1 DAGs
[2024-04-14T13:11:57.033+0000] {logging_mixin.py:188} INFO - [2024-04-14T13:11:57.032+0000] {dag.py:3954} INFO - Setting next_dagrun for example_sensors to None, run_after=None
[2024-04-14T13:11:57.209+0000] {processor.py:183} INFO - Processing /home/airflow/.local/lib/python3.12/site-packages/airflow/example_dags/example_sensors.py took 0.421 seconds
[2024-04-14T13:12:28.545+0000] {processor.py:161} INFO - Started process (PID=2664) to work on /home/airflow/.local/lib/python3.12/site-packages/airflow/example_dags/example_sensors.py
[2024-04-14T13:12:28.582+0000] {processor.py:830} INFO - Processing file /home/airflow/.local/lib/python3.12/site-packages/airflow/example_dags/example_sensors.py for tasks to queue
[2024-04-14T13:12:28.586+0000] {logging_mixin.py:188} INFO - [2024-04-14T13:12:28.585+0000] {dagbag.py:540} INFO - Filling up the DagBag from /home/airflow/.local/lib/python3.12/site-packages/airflow/example_dags/example_sensors.py
[2024-04-14T13:12:28.624+0000] {processor.py:840} INFO - DAG(s) 'example_sensors' retrieved from /home/airflow/.local/lib/python3.12/site-packages/airflow/example_dags/example_sensors.py
[2024-04-14T13:12:28.731+0000] {logging_mixin.py:188} INFO - [2024-04-14T13:12:28.730+0000] {dag.py:3096} INFO - Sync 1 DAGs
[2024-04-14T13:12:28.771+0000] {logging_mixin.py:188} INFO - [2024-04-14T13:12:28.771+0000] {dag.py:3954} INFO - Setting next_dagrun for example_sensors to None, run_after=None
[2024-04-14T13:12:28.830+0000] {processor.py:183} INFO - Processing /home/airflow/.local/lib/python3.12/site-packages/airflow/example_dags/example_sensors.py took 0.372 seconds
[2024-04-14T13:12:59.060+0000] {processor.py:161} INFO - Started process (PID=2723) to work on /home/airflow/.local/lib/python3.12/site-packages/airflow/example_dags/example_sensors.py
[2024-04-14T13:12:59.062+0000] {processor.py:830} INFO - Processing file /home/airflow/.local/lib/python3.12/site-packages/airflow/example_dags/example_sensors.py for tasks to queue
[2024-04-14T13:12:59.075+0000] {logging_mixin.py:188} INFO - [2024-04-14T13:12:59.074+0000] {dagbag.py:540} INFO - Filling up the DagBag from /home/airflow/.local/lib/python3.12/site-packages/airflow/example_dags/example_sensors.py
[2024-04-14T13:12:59.119+0000] {processor.py:840} INFO - DAG(s) 'example_sensors' retrieved from /home/airflow/.local/lib/python3.12/site-packages/airflow/example_dags/example_sensors.py
[2024-04-14T13:12:59.173+0000] {logging_mixin.py:188} INFO - [2024-04-14T13:12:59.173+0000] {dag.py:3096} INFO - Sync 1 DAGs
[2024-04-14T13:12:59.196+0000] {logging_mixin.py:188} INFO - [2024-04-14T13:12:59.196+0000] {dag.py:3954} INFO - Setting next_dagrun for example_sensors to None, run_after=None
[2024-04-14T13:12:59.228+0000] {processor.py:183} INFO - Processing /home/airflow/.local/lib/python3.12/site-packages/airflow/example_dags/example_sensors.py took 0.184 seconds
