[2024-04-14T12:49:47.185+0000] {processor.py:161} INFO - Started process (PID=79) to work on /home/airflow/.local/lib/python3.12/site-packages/airflow/example_dags/example_complex.py
[2024-04-14T12:49:47.186+0000] {processor.py:830} INFO - Processing file /home/airflow/.local/lib/python3.12/site-packages/airflow/example_dags/example_complex.py for tasks to queue
[2024-04-14T12:49:47.194+0000] {logging_mixin.py:188} INFO - [2024-04-14T12:49:47.193+0000] {dagbag.py:540} INFO - Filling up the DagBag from /home/airflow/.local/lib/python3.12/site-packages/airflow/example_dags/example_complex.py
[2024-04-14T12:49:47.231+0000] {processor.py:840} INFO - DAG(s) 'example_complex' retrieved from /home/airflow/.local/lib/python3.12/site-packages/airflow/example_dags/example_complex.py
[2024-04-14T12:49:47.866+0000] {logging_mixin.py:188} INFO - [2024-04-14T12:49:47.863+0000] {dag.py:3096} INFO - Sync 1 DAGs
[2024-04-14T12:49:48.003+0000] {logging_mixin.py:188} INFO - [2024-04-14T12:49:48.003+0000] {dag.py:3954} INFO - Setting next_dagrun for example_complex to None, run_after=None
[2024-04-14T12:49:48.140+0000] {processor.py:183} INFO - Processing /home/airflow/.local/lib/python3.12/site-packages/airflow/example_dags/example_complex.py took 1.004 seconds
[2024-04-14T12:50:18.352+0000] {processor.py:161} INFO - Started process (PID=137) to work on /home/airflow/.local/lib/python3.12/site-packages/airflow/example_dags/example_complex.py
[2024-04-14T12:50:18.354+0000] {processor.py:830} INFO - Processing file /home/airflow/.local/lib/python3.12/site-packages/airflow/example_dags/example_complex.py for tasks to queue
[2024-04-14T12:50:18.356+0000] {logging_mixin.py:188} INFO - [2024-04-14T12:50:18.356+0000] {dagbag.py:540} INFO - Filling up the DagBag from /home/airflow/.local/lib/python3.12/site-packages/airflow/example_dags/example_complex.py
[2024-04-14T12:50:18.373+0000] {processor.py:840} INFO - DAG(s) 'example_complex' retrieved from /home/airflow/.local/lib/python3.12/site-packages/airflow/example_dags/example_complex.py
[2024-04-14T12:50:18.430+0000] {logging_mixin.py:188} INFO - [2024-04-14T12:50:18.429+0000] {dag.py:3096} INFO - Sync 1 DAGs
[2024-04-14T12:50:18.450+0000] {logging_mixin.py:188} INFO - [2024-04-14T12:50:18.450+0000] {dag.py:3954} INFO - Setting next_dagrun for example_complex to None, run_after=None
[2024-04-14T12:50:18.482+0000] {processor.py:183} INFO - Processing /home/airflow/.local/lib/python3.12/site-packages/airflow/example_dags/example_complex.py took 0.137 seconds
[2024-04-14T12:50:49.110+0000] {processor.py:161} INFO - Started process (PID=194) to work on /home/airflow/.local/lib/python3.12/site-packages/airflow/example_dags/example_complex.py
[2024-04-14T12:50:49.116+0000] {processor.py:830} INFO - Processing file /home/airflow/.local/lib/python3.12/site-packages/airflow/example_dags/example_complex.py for tasks to queue
[2024-04-14T12:50:49.129+0000] {logging_mixin.py:188} INFO - [2024-04-14T12:50:49.129+0000] {dagbag.py:540} INFO - Filling up the DagBag from /home/airflow/.local/lib/python3.12/site-packages/airflow/example_dags/example_complex.py
[2024-04-14T12:50:49.197+0000] {processor.py:840} INFO - DAG(s) 'example_complex' retrieved from /home/airflow/.local/lib/python3.12/site-packages/airflow/example_dags/example_complex.py
[2024-04-14T12:50:49.402+0000] {logging_mixin.py:188} INFO - [2024-04-14T12:50:49.401+0000] {dag.py:3096} INFO - Sync 1 DAGs
[2024-04-14T12:50:49.428+0000] {logging_mixin.py:188} INFO - [2024-04-14T12:50:49.428+0000] {dag.py:3954} INFO - Setting next_dagrun for example_complex to None, run_after=None
[2024-04-14T12:50:49.485+0000] {processor.py:183} INFO - Processing /home/airflow/.local/lib/python3.12/site-packages/airflow/example_dags/example_complex.py took 0.398 seconds
[2024-04-14T12:51:19.773+0000] {processor.py:161} INFO - Started process (PID=252) to work on /home/airflow/.local/lib/python3.12/site-packages/airflow/example_dags/example_complex.py
[2024-04-14T12:51:19.778+0000] {processor.py:830} INFO - Processing file /home/airflow/.local/lib/python3.12/site-packages/airflow/example_dags/example_complex.py for tasks to queue
[2024-04-14T12:51:19.782+0000] {logging_mixin.py:188} INFO - [2024-04-14T12:51:19.781+0000] {dagbag.py:540} INFO - Filling up the DagBag from /home/airflow/.local/lib/python3.12/site-packages/airflow/example_dags/example_complex.py
[2024-04-14T12:51:19.839+0000] {processor.py:840} INFO - DAG(s) 'example_complex' retrieved from /home/airflow/.local/lib/python3.12/site-packages/airflow/example_dags/example_complex.py
[2024-04-14T12:51:19.972+0000] {logging_mixin.py:188} INFO - [2024-04-14T12:51:19.971+0000] {dag.py:3096} INFO - Sync 1 DAGs
[2024-04-14T12:51:20.026+0000] {logging_mixin.py:188} INFO - [2024-04-14T12:51:20.026+0000] {dag.py:3954} INFO - Setting next_dagrun for example_complex to None, run_after=None
[2024-04-14T12:51:20.077+0000] {processor.py:183} INFO - Processing /home/airflow/.local/lib/python3.12/site-packages/airflow/example_dags/example_complex.py took 0.335 seconds
[2024-04-14T12:51:50.228+0000] {processor.py:161} INFO - Started process (PID=310) to work on /home/airflow/.local/lib/python3.12/site-packages/airflow/example_dags/example_complex.py
[2024-04-14T12:51:50.229+0000] {processor.py:830} INFO - Processing file /home/airflow/.local/lib/python3.12/site-packages/airflow/example_dags/example_complex.py for tasks to queue
[2024-04-14T12:51:50.231+0000] {logging_mixin.py:188} INFO - [2024-04-14T12:51:50.231+0000] {dagbag.py:540} INFO - Filling up the DagBag from /home/airflow/.local/lib/python3.12/site-packages/airflow/example_dags/example_complex.py
[2024-04-14T12:51:50.247+0000] {processor.py:840} INFO - DAG(s) 'example_complex' retrieved from /home/airflow/.local/lib/python3.12/site-packages/airflow/example_dags/example_complex.py
[2024-04-14T12:51:50.292+0000] {logging_mixin.py:188} INFO - [2024-04-14T12:51:50.291+0000] {dag.py:3096} INFO - Sync 1 DAGs
[2024-04-14T12:51:50.312+0000] {logging_mixin.py:188} INFO - [2024-04-14T12:51:50.311+0000] {dag.py:3954} INFO - Setting next_dagrun for example_complex to None, run_after=None
[2024-04-14T12:51:50.347+0000] {processor.py:183} INFO - Processing /home/airflow/.local/lib/python3.12/site-packages/airflow/example_dags/example_complex.py took 0.127 seconds
[2024-04-14T12:52:20.418+0000] {processor.py:161} INFO - Started process (PID=368) to work on /home/airflow/.local/lib/python3.12/site-packages/airflow/example_dags/example_complex.py
[2024-04-14T12:52:20.419+0000] {processor.py:830} INFO - Processing file /home/airflow/.local/lib/python3.12/site-packages/airflow/example_dags/example_complex.py for tasks to queue
[2024-04-14T12:52:20.422+0000] {logging_mixin.py:188} INFO - [2024-04-14T12:52:20.421+0000] {dagbag.py:540} INFO - Filling up the DagBag from /home/airflow/.local/lib/python3.12/site-packages/airflow/example_dags/example_complex.py
[2024-04-14T12:52:20.437+0000] {processor.py:840} INFO - DAG(s) 'example_complex' retrieved from /home/airflow/.local/lib/python3.12/site-packages/airflow/example_dags/example_complex.py
[2024-04-14T12:52:20.487+0000] {logging_mixin.py:188} INFO - [2024-04-14T12:52:20.486+0000] {dag.py:3096} INFO - Sync 1 DAGs
[2024-04-14T12:52:20.507+0000] {logging_mixin.py:188} INFO - [2024-04-14T12:52:20.506+0000] {dag.py:3954} INFO - Setting next_dagrun for example_complex to None, run_after=None
[2024-04-14T12:52:20.550+0000] {processor.py:183} INFO - Processing /home/airflow/.local/lib/python3.12/site-packages/airflow/example_dags/example_complex.py took 0.138 seconds
[2024-04-14T12:52:51.197+0000] {processor.py:161} INFO - Started process (PID=426) to work on /home/airflow/.local/lib/python3.12/site-packages/airflow/example_dags/example_complex.py
[2024-04-14T12:52:51.217+0000] {processor.py:830} INFO - Processing file /home/airflow/.local/lib/python3.12/site-packages/airflow/example_dags/example_complex.py for tasks to queue
[2024-04-14T12:52:51.223+0000] {logging_mixin.py:188} INFO - [2024-04-14T12:52:51.221+0000] {dagbag.py:540} INFO - Filling up the DagBag from /home/airflow/.local/lib/python3.12/site-packages/airflow/example_dags/example_complex.py
[2024-04-14T12:52:51.266+0000] {processor.py:840} INFO - DAG(s) 'example_complex' retrieved from /home/airflow/.local/lib/python3.12/site-packages/airflow/example_dags/example_complex.py
[2024-04-14T12:52:51.478+0000] {logging_mixin.py:188} INFO - [2024-04-14T12:52:51.478+0000] {dag.py:3096} INFO - Sync 1 DAGs
[2024-04-14T12:52:51.536+0000] {logging_mixin.py:188} INFO - [2024-04-14T12:52:51.535+0000] {dag.py:3954} INFO - Setting next_dagrun for example_complex to None, run_after=None
[2024-04-14T12:52:51.640+0000] {processor.py:183} INFO - Processing /home/airflow/.local/lib/python3.12/site-packages/airflow/example_dags/example_complex.py took 0.453 seconds
[2024-04-14T12:53:22.463+0000] {processor.py:161} INFO - Started process (PID=484) to work on /home/airflow/.local/lib/python3.12/site-packages/airflow/example_dags/example_complex.py
[2024-04-14T12:53:22.472+0000] {processor.py:830} INFO - Processing file /home/airflow/.local/lib/python3.12/site-packages/airflow/example_dags/example_complex.py for tasks to queue
[2024-04-14T12:53:22.480+0000] {logging_mixin.py:188} INFO - [2024-04-14T12:53:22.479+0000] {dagbag.py:540} INFO - Filling up the DagBag from /home/airflow/.local/lib/python3.12/site-packages/airflow/example_dags/example_complex.py
[2024-04-14T12:53:22.533+0000] {processor.py:840} INFO - DAG(s) 'example_complex' retrieved from /home/airflow/.local/lib/python3.12/site-packages/airflow/example_dags/example_complex.py
[2024-04-14T12:53:22.687+0000] {logging_mixin.py:188} INFO - [2024-04-14T12:53:22.686+0000] {dag.py:3096} INFO - Sync 1 DAGs
[2024-04-14T12:53:22.726+0000] {logging_mixin.py:188} INFO - [2024-04-14T12:53:22.726+0000] {dag.py:3954} INFO - Setting next_dagrun for example_complex to None, run_after=None
[2024-04-14T12:53:22.802+0000] {processor.py:183} INFO - Processing /home/airflow/.local/lib/python3.12/site-packages/airflow/example_dags/example_complex.py took 0.392 seconds
[2024-04-14T12:53:52.891+0000] {processor.py:161} INFO - Started process (PID=542) to work on /home/airflow/.local/lib/python3.12/site-packages/airflow/example_dags/example_complex.py
[2024-04-14T12:53:52.892+0000] {processor.py:830} INFO - Processing file /home/airflow/.local/lib/python3.12/site-packages/airflow/example_dags/example_complex.py for tasks to queue
[2024-04-14T12:53:52.896+0000] {logging_mixin.py:188} INFO - [2024-04-14T12:53:52.895+0000] {dagbag.py:540} INFO - Filling up the DagBag from /home/airflow/.local/lib/python3.12/site-packages/airflow/example_dags/example_complex.py
[2024-04-14T12:53:52.914+0000] {processor.py:840} INFO - DAG(s) 'example_complex' retrieved from /home/airflow/.local/lib/python3.12/site-packages/airflow/example_dags/example_complex.py
[2024-04-14T12:53:52.973+0000] {logging_mixin.py:188} INFO - [2024-04-14T12:53:52.973+0000] {dag.py:3096} INFO - Sync 1 DAGs
[2024-04-14T12:53:52.997+0000] {logging_mixin.py:188} INFO - [2024-04-14T12:53:52.997+0000] {dag.py:3954} INFO - Setting next_dagrun for example_complex to None, run_after=None
[2024-04-14T12:53:53.035+0000] {processor.py:183} INFO - Processing /home/airflow/.local/lib/python3.12/site-packages/airflow/example_dags/example_complex.py took 0.156 seconds
[2024-04-14T12:54:23.669+0000] {processor.py:161} INFO - Started process (PID=600) to work on /home/airflow/.local/lib/python3.12/site-packages/airflow/example_dags/example_complex.py
[2024-04-14T12:54:23.680+0000] {processor.py:830} INFO - Processing file /home/airflow/.local/lib/python3.12/site-packages/airflow/example_dags/example_complex.py for tasks to queue
[2024-04-14T12:54:23.686+0000] {logging_mixin.py:188} INFO - [2024-04-14T12:54:23.685+0000] {dagbag.py:540} INFO - Filling up the DagBag from /home/airflow/.local/lib/python3.12/site-packages/airflow/example_dags/example_complex.py
[2024-04-14T12:54:23.756+0000] {processor.py:840} INFO - DAG(s) 'example_complex' retrieved from /home/airflow/.local/lib/python3.12/site-packages/airflow/example_dags/example_complex.py
[2024-04-14T12:54:23.967+0000] {logging_mixin.py:188} INFO - [2024-04-14T12:54:23.966+0000] {dag.py:3096} INFO - Sync 1 DAGs
[2024-04-14T12:54:24.005+0000] {logging_mixin.py:188} INFO - [2024-04-14T12:54:24.005+0000] {dag.py:3954} INFO - Setting next_dagrun for example_complex to None, run_after=None
[2024-04-14T12:54:24.048+0000] {processor.py:183} INFO - Processing /home/airflow/.local/lib/python3.12/site-packages/airflow/example_dags/example_complex.py took 0.415 seconds
[2024-04-14T12:54:58.647+0000] {processor.py:161} INFO - Started process (PID=659) to work on /home/airflow/.local/lib/python3.12/site-packages/airflow/example_dags/example_complex.py
[2024-04-14T12:54:58.650+0000] {processor.py:830} INFO - Processing file /home/airflow/.local/lib/python3.12/site-packages/airflow/example_dags/example_complex.py for tasks to queue
[2024-04-14T12:54:58.662+0000] {logging_mixin.py:188} INFO - [2024-04-14T12:54:58.655+0000] {dagbag.py:540} INFO - Filling up the DagBag from /home/airflow/.local/lib/python3.12/site-packages/airflow/example_dags/example_complex.py
[2024-04-14T12:54:58.712+0000] {processor.py:840} INFO - DAG(s) 'example_complex' retrieved from /home/airflow/.local/lib/python3.12/site-packages/airflow/example_dags/example_complex.py
[2024-04-14T12:54:58.901+0000] {logging_mixin.py:188} INFO - [2024-04-14T12:54:58.901+0000] {dag.py:3096} INFO - Sync 1 DAGs
[2024-04-14T12:54:58.984+0000] {logging_mixin.py:188} INFO - [2024-04-14T12:54:58.984+0000] {dag.py:3954} INFO - Setting next_dagrun for example_complex to None, run_after=None
[2024-04-14T12:54:59.105+0000] {processor.py:183} INFO - Processing /home/airflow/.local/lib/python3.12/site-packages/airflow/example_dags/example_complex.py took 0.491 seconds
[2024-04-14T12:55:35.626+0000] {processor.py:161} INFO - Started process (PID=719) to work on /home/airflow/.local/lib/python3.12/site-packages/airflow/example_dags/example_complex.py
[2024-04-14T12:55:35.640+0000] {processor.py:830} INFO - Processing file /home/airflow/.local/lib/python3.12/site-packages/airflow/example_dags/example_complex.py for tasks to queue
[2024-04-14T12:55:35.708+0000] {logging_mixin.py:188} INFO - [2024-04-14T12:55:35.708+0000] {dagbag.py:540} INFO - Filling up the DagBag from /home/airflow/.local/lib/python3.12/site-packages/airflow/example_dags/example_complex.py
[2024-04-14T12:55:35.789+0000] {processor.py:840} INFO - DAG(s) 'example_complex' retrieved from /home/airflow/.local/lib/python3.12/site-packages/airflow/example_dags/example_complex.py
[2024-04-14T12:55:36.036+0000] {logging_mixin.py:188} INFO - [2024-04-14T12:55:36.036+0000] {dag.py:3096} INFO - Sync 1 DAGs
[2024-04-14T12:55:36.172+0000] {logging_mixin.py:188} INFO - [2024-04-14T12:55:36.171+0000] {dag.py:3954} INFO - Setting next_dagrun for example_complex to None, run_after=None
[2024-04-14T12:55:36.335+0000] {processor.py:183} INFO - Processing /home/airflow/.local/lib/python3.12/site-packages/airflow/example_dags/example_complex.py took 0.720 seconds
[2024-04-14T12:56:06.980+0000] {processor.py:161} INFO - Started process (PID=777) to work on /home/airflow/.local/lib/python3.12/site-packages/airflow/example_dags/example_complex.py
[2024-04-14T12:56:06.982+0000] {processor.py:830} INFO - Processing file /home/airflow/.local/lib/python3.12/site-packages/airflow/example_dags/example_complex.py for tasks to queue
[2024-04-14T12:56:06.984+0000] {logging_mixin.py:188} INFO - [2024-04-14T12:56:06.984+0000] {dagbag.py:540} INFO - Filling up the DagBag from /home/airflow/.local/lib/python3.12/site-packages/airflow/example_dags/example_complex.py
[2024-04-14T12:56:07.004+0000] {processor.py:840} INFO - DAG(s) 'example_complex' retrieved from /home/airflow/.local/lib/python3.12/site-packages/airflow/example_dags/example_complex.py
[2024-04-14T12:56:07.053+0000] {logging_mixin.py:188} INFO - [2024-04-14T12:56:07.053+0000] {dag.py:3096} INFO - Sync 1 DAGs
[2024-04-14T12:56:07.076+0000] {logging_mixin.py:188} INFO - [2024-04-14T12:56:07.075+0000] {dag.py:3954} INFO - Setting next_dagrun for example_complex to None, run_after=None
[2024-04-14T12:56:07.108+0000] {processor.py:183} INFO - Processing /home/airflow/.local/lib/python3.12/site-packages/airflow/example_dags/example_complex.py took 0.135 seconds
[2024-04-14T12:56:37.216+0000] {processor.py:161} INFO - Started process (PID=835) to work on /home/airflow/.local/lib/python3.12/site-packages/airflow/example_dags/example_complex.py
[2024-04-14T12:56:37.218+0000] {processor.py:830} INFO - Processing file /home/airflow/.local/lib/python3.12/site-packages/airflow/example_dags/example_complex.py for tasks to queue
[2024-04-14T12:56:37.222+0000] {logging_mixin.py:188} INFO - [2024-04-14T12:56:37.221+0000] {dagbag.py:540} INFO - Filling up the DagBag from /home/airflow/.local/lib/python3.12/site-packages/airflow/example_dags/example_complex.py
[2024-04-14T12:56:37.240+0000] {processor.py:840} INFO - DAG(s) 'example_complex' retrieved from /home/airflow/.local/lib/python3.12/site-packages/airflow/example_dags/example_complex.py
[2024-04-14T12:56:37.299+0000] {logging_mixin.py:188} INFO - [2024-04-14T12:56:37.298+0000] {dag.py:3096} INFO - Sync 1 DAGs
[2024-04-14T12:56:37.323+0000] {logging_mixin.py:188} INFO - [2024-04-14T12:56:37.323+0000] {dag.py:3954} INFO - Setting next_dagrun for example_complex to None, run_after=None
[2024-04-14T12:56:37.360+0000] {processor.py:183} INFO - Processing /home/airflow/.local/lib/python3.12/site-packages/airflow/example_dags/example_complex.py took 0.151 seconds
[2024-04-14T12:57:07.713+0000] {processor.py:161} INFO - Started process (PID=894) to work on /home/airflow/.local/lib/python3.12/site-packages/airflow/example_dags/example_complex.py
[2024-04-14T12:57:07.717+0000] {processor.py:830} INFO - Processing file /home/airflow/.local/lib/python3.12/site-packages/airflow/example_dags/example_complex.py for tasks to queue
[2024-04-14T12:57:07.722+0000] {logging_mixin.py:188} INFO - [2024-04-14T12:57:07.721+0000] {dagbag.py:540} INFO - Filling up the DagBag from /home/airflow/.local/lib/python3.12/site-packages/airflow/example_dags/example_complex.py
[2024-04-14T12:57:07.767+0000] {processor.py:840} INFO - DAG(s) 'example_complex' retrieved from /home/airflow/.local/lib/python3.12/site-packages/airflow/example_dags/example_complex.py
[2024-04-14T12:57:08.006+0000] {logging_mixin.py:188} INFO - [2024-04-14T12:57:07.995+0000] {dag.py:3096} INFO - Sync 1 DAGs
[2024-04-14T12:57:08.118+0000] {logging_mixin.py:188} INFO - [2024-04-14T12:57:08.117+0000] {dag.py:3954} INFO - Setting next_dagrun for example_complex to None, run_after=None
[2024-04-14T12:57:08.270+0000] {processor.py:183} INFO - Processing /home/airflow/.local/lib/python3.12/site-packages/airflow/example_dags/example_complex.py took 0.570 seconds
[2024-04-14T12:57:38.444+0000] {processor.py:161} INFO - Started process (PID=952) to work on /home/airflow/.local/lib/python3.12/site-packages/airflow/example_dags/example_complex.py
[2024-04-14T12:57:38.447+0000] {processor.py:830} INFO - Processing file /home/airflow/.local/lib/python3.12/site-packages/airflow/example_dags/example_complex.py for tasks to queue
[2024-04-14T12:57:38.450+0000] {logging_mixin.py:188} INFO - [2024-04-14T12:57:38.449+0000] {dagbag.py:540} INFO - Filling up the DagBag from /home/airflow/.local/lib/python3.12/site-packages/airflow/example_dags/example_complex.py
[2024-04-14T12:57:38.467+0000] {processor.py:840} INFO - DAG(s) 'example_complex' retrieved from /home/airflow/.local/lib/python3.12/site-packages/airflow/example_dags/example_complex.py
[2024-04-14T12:57:38.544+0000] {logging_mixin.py:188} INFO - [2024-04-14T12:57:38.543+0000] {dag.py:3096} INFO - Sync 1 DAGs
[2024-04-14T12:57:38.573+0000] {logging_mixin.py:188} INFO - [2024-04-14T12:57:38.572+0000] {dag.py:3954} INFO - Setting next_dagrun for example_complex to None, run_after=None
[2024-04-14T12:57:38.633+0000] {processor.py:183} INFO - Processing /home/airflow/.local/lib/python3.12/site-packages/airflow/example_dags/example_complex.py took 0.197 seconds
[2024-04-14T12:58:09.420+0000] {processor.py:161} INFO - Started process (PID=1011) to work on /home/airflow/.local/lib/python3.12/site-packages/airflow/example_dags/example_complex.py
[2024-04-14T12:58:09.421+0000] {processor.py:830} INFO - Processing file /home/airflow/.local/lib/python3.12/site-packages/airflow/example_dags/example_complex.py for tasks to queue
[2024-04-14T12:58:09.424+0000] {logging_mixin.py:188} INFO - [2024-04-14T12:58:09.423+0000] {dagbag.py:540} INFO - Filling up the DagBag from /home/airflow/.local/lib/python3.12/site-packages/airflow/example_dags/example_complex.py
[2024-04-14T12:58:09.445+0000] {processor.py:840} INFO - DAG(s) 'example_complex' retrieved from /home/airflow/.local/lib/python3.12/site-packages/airflow/example_dags/example_complex.py
[2024-04-14T12:58:09.516+0000] {logging_mixin.py:188} INFO - [2024-04-14T12:58:09.516+0000] {dag.py:3096} INFO - Sync 1 DAGs
[2024-04-14T12:58:09.782+0000] {logging_mixin.py:188} INFO - [2024-04-14T12:58:09.781+0000] {dag.py:3954} INFO - Setting next_dagrun for example_complex to None, run_after=None
[2024-04-14T12:58:09.878+0000] {processor.py:183} INFO - Processing /home/airflow/.local/lib/python3.12/site-packages/airflow/example_dags/example_complex.py took 0.467 seconds
[2024-04-14T12:58:40.715+0000] {processor.py:161} INFO - Started process (PID=1069) to work on /home/airflow/.local/lib/python3.12/site-packages/airflow/example_dags/example_complex.py
[2024-04-14T12:58:40.718+0000] {processor.py:830} INFO - Processing file /home/airflow/.local/lib/python3.12/site-packages/airflow/example_dags/example_complex.py for tasks to queue
[2024-04-14T12:58:40.727+0000] {logging_mixin.py:188} INFO - [2024-04-14T12:58:40.726+0000] {dagbag.py:540} INFO - Filling up the DagBag from /home/airflow/.local/lib/python3.12/site-packages/airflow/example_dags/example_complex.py
[2024-04-14T12:58:40.754+0000] {processor.py:840} INFO - DAG(s) 'example_complex' retrieved from /home/airflow/.local/lib/python3.12/site-packages/airflow/example_dags/example_complex.py
[2024-04-14T12:58:40.838+0000] {logging_mixin.py:188} INFO - [2024-04-14T12:58:40.837+0000] {dag.py:3096} INFO - Sync 1 DAGs
[2024-04-14T12:58:40.884+0000] {logging_mixin.py:188} INFO - [2024-04-14T12:58:40.884+0000] {dag.py:3954} INFO - Setting next_dagrun for example_complex to None, run_after=None
[2024-04-14T12:58:40.946+0000] {processor.py:183} INFO - Processing /home/airflow/.local/lib/python3.12/site-packages/airflow/example_dags/example_complex.py took 0.248 seconds
[2024-04-14T12:59:12.048+0000] {processor.py:161} INFO - Started process (PID=1127) to work on /home/airflow/.local/lib/python3.12/site-packages/airflow/example_dags/example_complex.py
[2024-04-14T12:59:12.060+0000] {processor.py:830} INFO - Processing file /home/airflow/.local/lib/python3.12/site-packages/airflow/example_dags/example_complex.py for tasks to queue
[2024-04-14T12:59:12.065+0000] {logging_mixin.py:188} INFO - [2024-04-14T12:59:12.064+0000] {dagbag.py:540} INFO - Filling up the DagBag from /home/airflow/.local/lib/python3.12/site-packages/airflow/example_dags/example_complex.py
[2024-04-14T12:59:12.145+0000] {processor.py:840} INFO - DAG(s) 'example_complex' retrieved from /home/airflow/.local/lib/python3.12/site-packages/airflow/example_dags/example_complex.py
[2024-04-14T12:59:12.272+0000] {logging_mixin.py:188} INFO - [2024-04-14T12:59:12.271+0000] {dag.py:3096} INFO - Sync 1 DAGs
[2024-04-14T12:59:12.435+0000] {logging_mixin.py:188} INFO - [2024-04-14T12:59:12.421+0000] {dag.py:3954} INFO - Setting next_dagrun for example_complex to None, run_after=None
[2024-04-14T12:59:12.688+0000] {processor.py:183} INFO - Processing /home/airflow/.local/lib/python3.12/site-packages/airflow/example_dags/example_complex.py took 0.671 seconds
[2024-04-14T12:59:46.015+0000] {processor.py:161} INFO - Started process (PID=1186) to work on /home/airflow/.local/lib/python3.12/site-packages/airflow/example_dags/example_complex.py
[2024-04-14T12:59:46.018+0000] {processor.py:830} INFO - Processing file /home/airflow/.local/lib/python3.12/site-packages/airflow/example_dags/example_complex.py for tasks to queue
[2024-04-14T12:59:46.030+0000] {logging_mixin.py:188} INFO - [2024-04-14T12:59:46.029+0000] {dagbag.py:540} INFO - Filling up the DagBag from /home/airflow/.local/lib/python3.12/site-packages/airflow/example_dags/example_complex.py
[2024-04-14T12:59:46.099+0000] {processor.py:840} INFO - DAG(s) 'example_complex' retrieved from /home/airflow/.local/lib/python3.12/site-packages/airflow/example_dags/example_complex.py
[2024-04-14T12:59:47.165+0000] {logging_mixin.py:188} INFO - [2024-04-14T12:59:47.164+0000] {dag.py:3096} INFO - Sync 1 DAGs
[2024-04-14T12:59:47.240+0000] {logging_mixin.py:188} INFO - [2024-04-14T12:59:47.240+0000] {dag.py:3954} INFO - Setting next_dagrun for example_complex to None, run_after=None
[2024-04-14T12:59:47.423+0000] {processor.py:183} INFO - Processing /home/airflow/.local/lib/python3.12/site-packages/airflow/example_dags/example_complex.py took 1.444 seconds
[2024-04-14T13:00:17.584+0000] {processor.py:161} INFO - Started process (PID=1251) to work on /home/airflow/.local/lib/python3.12/site-packages/airflow/example_dags/example_complex.py
[2024-04-14T13:00:17.585+0000] {processor.py:830} INFO - Processing file /home/airflow/.local/lib/python3.12/site-packages/airflow/example_dags/example_complex.py for tasks to queue
[2024-04-14T13:00:17.587+0000] {logging_mixin.py:188} INFO - [2024-04-14T13:00:17.587+0000] {dagbag.py:540} INFO - Filling up the DagBag from /home/airflow/.local/lib/python3.12/site-packages/airflow/example_dags/example_complex.py
[2024-04-14T13:00:17.618+0000] {processor.py:840} INFO - DAG(s) 'example_complex' retrieved from /home/airflow/.local/lib/python3.12/site-packages/airflow/example_dags/example_complex.py
[2024-04-14T13:00:17.714+0000] {logging_mixin.py:188} INFO - [2024-04-14T13:00:17.714+0000] {dag.py:3096} INFO - Sync 1 DAGs
[2024-04-14T13:00:17.763+0000] {logging_mixin.py:188} INFO - [2024-04-14T13:00:17.762+0000] {dag.py:3954} INFO - Setting next_dagrun for example_complex to None, run_after=None
[2024-04-14T13:00:17.813+0000] {processor.py:183} INFO - Processing /home/airflow/.local/lib/python3.12/site-packages/airflow/example_dags/example_complex.py took 0.241 seconds
[2024-04-14T13:00:47.901+0000] {processor.py:161} INFO - Started process (PID=1310) to work on /home/airflow/.local/lib/python3.12/site-packages/airflow/example_dags/example_complex.py
[2024-04-14T13:00:47.903+0000] {processor.py:830} INFO - Processing file /home/airflow/.local/lib/python3.12/site-packages/airflow/example_dags/example_complex.py for tasks to queue
[2024-04-14T13:00:47.905+0000] {logging_mixin.py:188} INFO - [2024-04-14T13:00:47.905+0000] {dagbag.py:540} INFO - Filling up the DagBag from /home/airflow/.local/lib/python3.12/site-packages/airflow/example_dags/example_complex.py
[2024-04-14T13:00:47.938+0000] {processor.py:840} INFO - DAG(s) 'example_complex' retrieved from /home/airflow/.local/lib/python3.12/site-packages/airflow/example_dags/example_complex.py
[2024-04-14T13:00:48.014+0000] {logging_mixin.py:188} INFO - [2024-04-14T13:00:48.014+0000] {dag.py:3096} INFO - Sync 1 DAGs
[2024-04-14T13:00:48.036+0000] {logging_mixin.py:188} INFO - [2024-04-14T13:00:48.036+0000] {dag.py:3954} INFO - Setting next_dagrun for example_complex to None, run_after=None
[2024-04-14T13:00:48.078+0000] {processor.py:183} INFO - Processing /home/airflow/.local/lib/python3.12/site-packages/airflow/example_dags/example_complex.py took 0.192 seconds
[2024-04-14T13:01:19.207+0000] {processor.py:161} INFO - Started process (PID=1369) to work on /home/airflow/.local/lib/python3.12/site-packages/airflow/example_dags/example_complex.py
[2024-04-14T13:01:19.212+0000] {processor.py:830} INFO - Processing file /home/airflow/.local/lib/python3.12/site-packages/airflow/example_dags/example_complex.py for tasks to queue
[2024-04-14T13:01:19.217+0000] {logging_mixin.py:188} INFO - [2024-04-14T13:01:19.214+0000] {dagbag.py:540} INFO - Filling up the DagBag from /home/airflow/.local/lib/python3.12/site-packages/airflow/example_dags/example_complex.py
[2024-04-14T13:01:19.250+0000] {processor.py:840} INFO - DAG(s) 'example_complex' retrieved from /home/airflow/.local/lib/python3.12/site-packages/airflow/example_dags/example_complex.py
[2024-04-14T13:01:19.342+0000] {logging_mixin.py:188} INFO - [2024-04-14T13:01:19.341+0000] {dag.py:3096} INFO - Sync 1 DAGs
[2024-04-14T13:01:19.376+0000] {logging_mixin.py:188} INFO - [2024-04-14T13:01:19.376+0000] {dag.py:3954} INFO - Setting next_dagrun for example_complex to None, run_after=None
[2024-04-14T13:01:19.461+0000] {processor.py:183} INFO - Processing /home/airflow/.local/lib/python3.12/site-packages/airflow/example_dags/example_complex.py took 0.266 seconds
[2024-04-14T13:01:49.816+0000] {processor.py:161} INFO - Started process (PID=1428) to work on /home/airflow/.local/lib/python3.12/site-packages/airflow/example_dags/example_complex.py
[2024-04-14T13:01:49.819+0000] {processor.py:830} INFO - Processing file /home/airflow/.local/lib/python3.12/site-packages/airflow/example_dags/example_complex.py for tasks to queue
[2024-04-14T13:01:49.822+0000] {logging_mixin.py:188} INFO - [2024-04-14T13:01:49.821+0000] {dagbag.py:540} INFO - Filling up the DagBag from /home/airflow/.local/lib/python3.12/site-packages/airflow/example_dags/example_complex.py
[2024-04-14T13:01:49.870+0000] {processor.py:840} INFO - DAG(s) 'example_complex' retrieved from /home/airflow/.local/lib/python3.12/site-packages/airflow/example_dags/example_complex.py
[2024-04-14T13:01:50.021+0000] {logging_mixin.py:188} INFO - [2024-04-14T13:01:50.021+0000] {dag.py:3096} INFO - Sync 1 DAGs
[2024-04-14T13:01:50.060+0000] {logging_mixin.py:188} INFO - [2024-04-14T13:01:50.059+0000] {dag.py:3954} INFO - Setting next_dagrun for example_complex to None, run_after=None
[2024-04-14T13:01:50.158+0000] {processor.py:183} INFO - Processing /home/airflow/.local/lib/python3.12/site-packages/airflow/example_dags/example_complex.py took 0.362 seconds
[2024-04-14T13:02:20.951+0000] {processor.py:161} INFO - Started process (PID=1488) to work on /home/airflow/.local/lib/python3.12/site-packages/airflow/example_dags/example_complex.py
[2024-04-14T13:02:20.953+0000] {processor.py:830} INFO - Processing file /home/airflow/.local/lib/python3.12/site-packages/airflow/example_dags/example_complex.py for tasks to queue
[2024-04-14T13:02:20.956+0000] {logging_mixin.py:188} INFO - [2024-04-14T13:02:20.955+0000] {dagbag.py:540} INFO - Filling up the DagBag from /home/airflow/.local/lib/python3.12/site-packages/airflow/example_dags/example_complex.py
[2024-04-14T13:02:20.984+0000] {processor.py:840} INFO - DAG(s) 'example_complex' retrieved from /home/airflow/.local/lib/python3.12/site-packages/airflow/example_dags/example_complex.py
[2024-04-14T13:02:21.076+0000] {logging_mixin.py:188} INFO - [2024-04-14T13:02:21.075+0000] {dag.py:3096} INFO - Sync 1 DAGs
[2024-04-14T13:02:21.108+0000] {logging_mixin.py:188} INFO - [2024-04-14T13:02:21.108+0000] {dag.py:3954} INFO - Setting next_dagrun for example_complex to None, run_after=None
[2024-04-14T13:02:21.148+0000] {processor.py:183} INFO - Processing /home/airflow/.local/lib/python3.12/site-packages/airflow/example_dags/example_complex.py took 0.209 seconds
[2024-04-14T13:02:51.470+0000] {processor.py:161} INFO - Started process (PID=1547) to work on /home/airflow/.local/lib/python3.12/site-packages/airflow/example_dags/example_complex.py
[2024-04-14T13:02:51.472+0000] {processor.py:830} INFO - Processing file /home/airflow/.local/lib/python3.12/site-packages/airflow/example_dags/example_complex.py for tasks to queue
[2024-04-14T13:02:51.473+0000] {logging_mixin.py:188} INFO - [2024-04-14T13:02:51.473+0000] {dagbag.py:540} INFO - Filling up the DagBag from /home/airflow/.local/lib/python3.12/site-packages/airflow/example_dags/example_complex.py
[2024-04-14T13:02:51.494+0000] {processor.py:840} INFO - DAG(s) 'example_complex' retrieved from /home/airflow/.local/lib/python3.12/site-packages/airflow/example_dags/example_complex.py
[2024-04-14T13:02:51.577+0000] {logging_mixin.py:188} INFO - [2024-04-14T13:02:51.576+0000] {dag.py:3096} INFO - Sync 1 DAGs
[2024-04-14T13:02:51.616+0000] {logging_mixin.py:188} INFO - [2024-04-14T13:02:51.616+0000] {dag.py:3954} INFO - Setting next_dagrun for example_complex to None, run_after=None
[2024-04-14T13:02:51.688+0000] {processor.py:183} INFO - Processing /home/airflow/.local/lib/python3.12/site-packages/airflow/example_dags/example_complex.py took 0.229 seconds
[2024-04-14T13:03:22.276+0000] {processor.py:161} INFO - Started process (PID=1607) to work on /home/airflow/.local/lib/python3.12/site-packages/airflow/example_dags/example_complex.py
[2024-04-14T13:03:22.278+0000] {processor.py:830} INFO - Processing file /home/airflow/.local/lib/python3.12/site-packages/airflow/example_dags/example_complex.py for tasks to queue
[2024-04-14T13:03:22.280+0000] {logging_mixin.py:188} INFO - [2024-04-14T13:03:22.280+0000] {dagbag.py:540} INFO - Filling up the DagBag from /home/airflow/.local/lib/python3.12/site-packages/airflow/example_dags/example_complex.py
[2024-04-14T13:03:22.303+0000] {processor.py:840} INFO - DAG(s) 'example_complex' retrieved from /home/airflow/.local/lib/python3.12/site-packages/airflow/example_dags/example_complex.py
[2024-04-14T13:03:22.420+0000] {logging_mixin.py:188} INFO - [2024-04-14T13:03:22.419+0000] {dag.py:3096} INFO - Sync 1 DAGs
[2024-04-14T13:03:22.451+0000] {logging_mixin.py:188} INFO - [2024-04-14T13:03:22.450+0000] {dag.py:3954} INFO - Setting next_dagrun for example_complex to None, run_after=None
[2024-04-14T13:03:22.487+0000] {processor.py:183} INFO - Processing /home/airflow/.local/lib/python3.12/site-packages/airflow/example_dags/example_complex.py took 0.223 seconds
[2024-04-14T13:03:52.950+0000] {processor.py:161} INFO - Started process (PID=1668) to work on /home/airflow/.local/lib/python3.12/site-packages/airflow/example_dags/example_complex.py
[2024-04-14T13:03:52.952+0000] {processor.py:830} INFO - Processing file /home/airflow/.local/lib/python3.12/site-packages/airflow/example_dags/example_complex.py for tasks to queue
[2024-04-14T13:03:52.954+0000] {logging_mixin.py:188} INFO - [2024-04-14T13:03:52.954+0000] {dagbag.py:540} INFO - Filling up the DagBag from /home/airflow/.local/lib/python3.12/site-packages/airflow/example_dags/example_complex.py
[2024-04-14T13:03:52.984+0000] {processor.py:840} INFO - DAG(s) 'example_complex' retrieved from /home/airflow/.local/lib/python3.12/site-packages/airflow/example_dags/example_complex.py
[2024-04-14T13:03:53.096+0000] {logging_mixin.py:188} INFO - [2024-04-14T13:03:53.095+0000] {dag.py:3096} INFO - Sync 1 DAGs
[2024-04-14T13:03:53.132+0000] {logging_mixin.py:188} INFO - [2024-04-14T13:03:53.131+0000] {dag.py:3954} INFO - Setting next_dagrun for example_complex to None, run_after=None
[2024-04-14T13:03:53.187+0000] {processor.py:183} INFO - Processing /home/airflow/.local/lib/python3.12/site-packages/airflow/example_dags/example_complex.py took 0.247 seconds
[2024-04-14T13:04:23.594+0000] {processor.py:161} INFO - Started process (PID=1728) to work on /home/airflow/.local/lib/python3.12/site-packages/airflow/example_dags/example_complex.py
[2024-04-14T13:04:23.595+0000] {processor.py:830} INFO - Processing file /home/airflow/.local/lib/python3.12/site-packages/airflow/example_dags/example_complex.py for tasks to queue
[2024-04-14T13:04:23.597+0000] {logging_mixin.py:188} INFO - [2024-04-14T13:04:23.597+0000] {dagbag.py:540} INFO - Filling up the DagBag from /home/airflow/.local/lib/python3.12/site-packages/airflow/example_dags/example_complex.py
[2024-04-14T13:04:23.625+0000] {processor.py:840} INFO - DAG(s) 'example_complex' retrieved from /home/airflow/.local/lib/python3.12/site-packages/airflow/example_dags/example_complex.py
[2024-04-14T13:04:23.716+0000] {logging_mixin.py:188} INFO - [2024-04-14T13:04:23.716+0000] {dag.py:3096} INFO - Sync 1 DAGs
[2024-04-14T13:04:23.745+0000] {logging_mixin.py:188} INFO - [2024-04-14T13:04:23.745+0000] {dag.py:3954} INFO - Setting next_dagrun for example_complex to None, run_after=None
[2024-04-14T13:04:23.787+0000] {processor.py:183} INFO - Processing /home/airflow/.local/lib/python3.12/site-packages/airflow/example_dags/example_complex.py took 0.208 seconds
[2024-04-14T13:04:54.229+0000] {processor.py:161} INFO - Started process (PID=1785) to work on /home/airflow/.local/lib/python3.12/site-packages/airflow/example_dags/example_complex.py
[2024-04-14T13:04:54.232+0000] {processor.py:830} INFO - Processing file /home/airflow/.local/lib/python3.12/site-packages/airflow/example_dags/example_complex.py for tasks to queue
[2024-04-14T13:04:54.235+0000] {logging_mixin.py:188} INFO - [2024-04-14T13:04:54.234+0000] {dagbag.py:540} INFO - Filling up the DagBag from /home/airflow/.local/lib/python3.12/site-packages/airflow/example_dags/example_complex.py
[2024-04-14T13:04:54.274+0000] {processor.py:840} INFO - DAG(s) 'example_complex' retrieved from /home/airflow/.local/lib/python3.12/site-packages/airflow/example_dags/example_complex.py
[2024-04-14T13:04:54.383+0000] {logging_mixin.py:188} INFO - [2024-04-14T13:04:54.382+0000] {dag.py:3096} INFO - Sync 1 DAGs
[2024-04-14T13:04:54.429+0000] {logging_mixin.py:188} INFO - [2024-04-14T13:04:54.428+0000] {dag.py:3954} INFO - Setting next_dagrun for example_complex to None, run_after=None
[2024-04-14T13:04:54.517+0000] {processor.py:183} INFO - Processing /home/airflow/.local/lib/python3.12/site-packages/airflow/example_dags/example_complex.py took 0.308 seconds
[2024-04-14T13:05:25.619+0000] {processor.py:161} INFO - Started process (PID=1845) to work on /home/airflow/.local/lib/python3.12/site-packages/airflow/example_dags/example_complex.py
[2024-04-14T13:05:25.622+0000] {processor.py:830} INFO - Processing file /home/airflow/.local/lib/python3.12/site-packages/airflow/example_dags/example_complex.py for tasks to queue
[2024-04-14T13:05:25.625+0000] {logging_mixin.py:188} INFO - [2024-04-14T13:05:25.624+0000] {dagbag.py:540} INFO - Filling up the DagBag from /home/airflow/.local/lib/python3.12/site-packages/airflow/example_dags/example_complex.py
[2024-04-14T13:05:25.652+0000] {processor.py:840} INFO - DAG(s) 'example_complex' retrieved from /home/airflow/.local/lib/python3.12/site-packages/airflow/example_dags/example_complex.py
[2024-04-14T13:05:25.746+0000] {logging_mixin.py:188} INFO - [2024-04-14T13:05:25.745+0000] {dag.py:3096} INFO - Sync 1 DAGs
[2024-04-14T13:05:25.779+0000] {logging_mixin.py:188} INFO - [2024-04-14T13:05:25.778+0000] {dag.py:3954} INFO - Setting next_dagrun for example_complex to None, run_after=None
[2024-04-14T13:05:25.827+0000] {processor.py:183} INFO - Processing /home/airflow/.local/lib/python3.12/site-packages/airflow/example_dags/example_complex.py took 0.220 seconds
[2024-04-14T13:05:56.947+0000] {processor.py:161} INFO - Started process (PID=1905) to work on /home/airflow/.local/lib/python3.12/site-packages/airflow/example_dags/example_complex.py
[2024-04-14T13:05:56.978+0000] {processor.py:830} INFO - Processing file /home/airflow/.local/lib/python3.12/site-packages/airflow/example_dags/example_complex.py for tasks to queue
[2024-04-14T13:05:56.995+0000] {logging_mixin.py:188} INFO - [2024-04-14T13:05:56.994+0000] {dagbag.py:540} INFO - Filling up the DagBag from /home/airflow/.local/lib/python3.12/site-packages/airflow/example_dags/example_complex.py
[2024-04-14T13:05:57.047+0000] {processor.py:840} INFO - DAG(s) 'example_complex' retrieved from /home/airflow/.local/lib/python3.12/site-packages/airflow/example_dags/example_complex.py
[2024-04-14T13:05:57.156+0000] {logging_mixin.py:188} INFO - [2024-04-14T13:05:57.155+0000] {dag.py:3096} INFO - Sync 1 DAGs
[2024-04-14T13:05:57.184+0000] {logging_mixin.py:188} INFO - [2024-04-14T13:05:57.184+0000] {dag.py:3954} INFO - Setting next_dagrun for example_complex to None, run_after=None
[2024-04-14T13:05:57.231+0000] {processor.py:183} INFO - Processing /home/airflow/.local/lib/python3.12/site-packages/airflow/example_dags/example_complex.py took 0.310 seconds
[2024-04-14T13:06:28.169+0000] {processor.py:161} INFO - Started process (PID=1965) to work on /home/airflow/.local/lib/python3.12/site-packages/airflow/example_dags/example_complex.py
[2024-04-14T13:06:28.194+0000] {processor.py:830} INFO - Processing file /home/airflow/.local/lib/python3.12/site-packages/airflow/example_dags/example_complex.py for tasks to queue
[2024-04-14T13:06:28.197+0000] {logging_mixin.py:188} INFO - [2024-04-14T13:06:28.196+0000] {dagbag.py:540} INFO - Filling up the DagBag from /home/airflow/.local/lib/python3.12/site-packages/airflow/example_dags/example_complex.py
[2024-04-14T13:06:28.240+0000] {processor.py:840} INFO - DAG(s) 'example_complex' retrieved from /home/airflow/.local/lib/python3.12/site-packages/airflow/example_dags/example_complex.py
[2024-04-14T13:06:28.324+0000] {logging_mixin.py:188} INFO - [2024-04-14T13:06:28.324+0000] {dag.py:3096} INFO - Sync 1 DAGs
[2024-04-14T13:06:28.353+0000] {logging_mixin.py:188} INFO - [2024-04-14T13:06:28.353+0000] {dag.py:3954} INFO - Setting next_dagrun for example_complex to None, run_after=None
[2024-04-14T13:06:28.389+0000] {processor.py:183} INFO - Processing /home/airflow/.local/lib/python3.12/site-packages/airflow/example_dags/example_complex.py took 0.235 seconds
[2024-04-14T13:06:58.799+0000] {processor.py:161} INFO - Started process (PID=2024) to work on /home/airflow/.local/lib/python3.12/site-packages/airflow/example_dags/example_complex.py
[2024-04-14T13:06:58.800+0000] {processor.py:830} INFO - Processing file /home/airflow/.local/lib/python3.12/site-packages/airflow/example_dags/example_complex.py for tasks to queue
[2024-04-14T13:06:58.802+0000] {logging_mixin.py:188} INFO - [2024-04-14T13:06:58.801+0000] {dagbag.py:540} INFO - Filling up the DagBag from /home/airflow/.local/lib/python3.12/site-packages/airflow/example_dags/example_complex.py
[2024-04-14T13:06:58.821+0000] {processor.py:840} INFO - DAG(s) 'example_complex' retrieved from /home/airflow/.local/lib/python3.12/site-packages/airflow/example_dags/example_complex.py
[2024-04-14T13:06:58.885+0000] {logging_mixin.py:188} INFO - [2024-04-14T13:06:58.885+0000] {dag.py:3096} INFO - Sync 1 DAGs
[2024-04-14T13:06:58.912+0000] {logging_mixin.py:188} INFO - [2024-04-14T13:06:58.911+0000] {dag.py:3954} INFO - Setting next_dagrun for example_complex to None, run_after=None
[2024-04-14T13:06:58.963+0000] {processor.py:183} INFO - Processing /home/airflow/.local/lib/python3.12/site-packages/airflow/example_dags/example_complex.py took 0.174 seconds
[2024-04-14T13:07:29.806+0000] {processor.py:161} INFO - Started process (PID=2084) to work on /home/airflow/.local/lib/python3.12/site-packages/airflow/example_dags/example_complex.py
[2024-04-14T13:07:29.808+0000] {processor.py:830} INFO - Processing file /home/airflow/.local/lib/python3.12/site-packages/airflow/example_dags/example_complex.py for tasks to queue
[2024-04-14T13:07:29.810+0000] {logging_mixin.py:188} INFO - [2024-04-14T13:07:29.809+0000] {dagbag.py:540} INFO - Filling up the DagBag from /home/airflow/.local/lib/python3.12/site-packages/airflow/example_dags/example_complex.py
[2024-04-14T13:07:29.835+0000] {processor.py:840} INFO - DAG(s) 'example_complex' retrieved from /home/airflow/.local/lib/python3.12/site-packages/airflow/example_dags/example_complex.py
[2024-04-14T13:07:29.903+0000] {logging_mixin.py:188} INFO - [2024-04-14T13:07:29.902+0000] {dag.py:3096} INFO - Sync 1 DAGs
[2024-04-14T13:07:29.933+0000] {logging_mixin.py:188} INFO - [2024-04-14T13:07:29.933+0000] {dag.py:3954} INFO - Setting next_dagrun for example_complex to None, run_after=None
[2024-04-14T13:07:29.974+0000] {processor.py:183} INFO - Processing /home/airflow/.local/lib/python3.12/site-packages/airflow/example_dags/example_complex.py took 0.179 seconds
[2024-04-14T13:08:00.348+0000] {processor.py:161} INFO - Started process (PID=2141) to work on /home/airflow/.local/lib/python3.12/site-packages/airflow/example_dags/example_complex.py
[2024-04-14T13:08:00.350+0000] {processor.py:830} INFO - Processing file /home/airflow/.local/lib/python3.12/site-packages/airflow/example_dags/example_complex.py for tasks to queue
[2024-04-14T13:08:00.352+0000] {logging_mixin.py:188} INFO - [2024-04-14T13:08:00.351+0000] {dagbag.py:540} INFO - Filling up the DagBag from /home/airflow/.local/lib/python3.12/site-packages/airflow/example_dags/example_complex.py
[2024-04-14T13:08:00.375+0000] {processor.py:840} INFO - DAG(s) 'example_complex' retrieved from /home/airflow/.local/lib/python3.12/site-packages/airflow/example_dags/example_complex.py
[2024-04-14T13:08:00.540+0000] {logging_mixin.py:188} INFO - [2024-04-14T13:08:00.539+0000] {dag.py:3096} INFO - Sync 1 DAGs
[2024-04-14T13:08:00.647+0000] {logging_mixin.py:188} INFO - [2024-04-14T13:08:00.646+0000] {dag.py:3954} INFO - Setting next_dagrun for example_complex to None, run_after=None
[2024-04-14T13:08:00.778+0000] {processor.py:183} INFO - Processing /home/airflow/.local/lib/python3.12/site-packages/airflow/example_dags/example_complex.py took 0.440 seconds
[2024-04-14T13:08:31.678+0000] {processor.py:161} INFO - Started process (PID=2203) to work on /home/airflow/.local/lib/python3.12/site-packages/airflow/example_dags/example_complex.py
[2024-04-14T13:08:31.680+0000] {processor.py:830} INFO - Processing file /home/airflow/.local/lib/python3.12/site-packages/airflow/example_dags/example_complex.py for tasks to queue
[2024-04-14T13:08:31.685+0000] {logging_mixin.py:188} INFO - [2024-04-14T13:08:31.683+0000] {dagbag.py:540} INFO - Filling up the DagBag from /home/airflow/.local/lib/python3.12/site-packages/airflow/example_dags/example_complex.py
[2024-04-14T13:08:31.778+0000] {processor.py:840} INFO - DAG(s) 'example_complex' retrieved from /home/airflow/.local/lib/python3.12/site-packages/airflow/example_dags/example_complex.py
[2024-04-14T13:08:31.893+0000] {logging_mixin.py:188} INFO - [2024-04-14T13:08:31.893+0000] {dag.py:3096} INFO - Sync 1 DAGs
[2024-04-14T13:08:31.925+0000] {logging_mixin.py:188} INFO - [2024-04-14T13:08:31.925+0000] {dag.py:3954} INFO - Setting next_dagrun for example_complex to None, run_after=None
[2024-04-14T13:08:31.967+0000] {processor.py:183} INFO - Processing /home/airflow/.local/lib/python3.12/site-packages/airflow/example_dags/example_complex.py took 0.312 seconds
[2024-04-14T13:09:02.318+0000] {processor.py:161} INFO - Started process (PID=2262) to work on /home/airflow/.local/lib/python3.12/site-packages/airflow/example_dags/example_complex.py
[2024-04-14T13:09:02.320+0000] {processor.py:830} INFO - Processing file /home/airflow/.local/lib/python3.12/site-packages/airflow/example_dags/example_complex.py for tasks to queue
[2024-04-14T13:09:02.321+0000] {logging_mixin.py:188} INFO - [2024-04-14T13:09:02.321+0000] {dagbag.py:540} INFO - Filling up the DagBag from /home/airflow/.local/lib/python3.12/site-packages/airflow/example_dags/example_complex.py
[2024-04-14T13:09:02.343+0000] {processor.py:840} INFO - DAG(s) 'example_complex' retrieved from /home/airflow/.local/lib/python3.12/site-packages/airflow/example_dags/example_complex.py
[2024-04-14T13:09:02.401+0000] {logging_mixin.py:188} INFO - [2024-04-14T13:09:02.400+0000] {dag.py:3096} INFO - Sync 1 DAGs
[2024-04-14T13:09:02.425+0000] {logging_mixin.py:188} INFO - [2024-04-14T13:09:02.425+0000] {dag.py:3954} INFO - Setting next_dagrun for example_complex to None, run_after=None
[2024-04-14T13:09:02.461+0000] {processor.py:183} INFO - Processing /home/airflow/.local/lib/python3.12/site-packages/airflow/example_dags/example_complex.py took 0.154 seconds
[2024-04-14T13:09:32.673+0000] {processor.py:161} INFO - Started process (PID=2320) to work on /home/airflow/.local/lib/python3.12/site-packages/airflow/example_dags/example_complex.py
[2024-04-14T13:09:32.675+0000] {processor.py:830} INFO - Processing file /home/airflow/.local/lib/python3.12/site-packages/airflow/example_dags/example_complex.py for tasks to queue
[2024-04-14T13:09:32.678+0000] {logging_mixin.py:188} INFO - [2024-04-14T13:09:32.677+0000] {dagbag.py:540} INFO - Filling up the DagBag from /home/airflow/.local/lib/python3.12/site-packages/airflow/example_dags/example_complex.py
[2024-04-14T13:09:32.711+0000] {processor.py:840} INFO - DAG(s) 'example_complex' retrieved from /home/airflow/.local/lib/python3.12/site-packages/airflow/example_dags/example_complex.py
[2024-04-14T13:09:32.951+0000] {logging_mixin.py:188} INFO - [2024-04-14T13:09:32.950+0000] {dag.py:3096} INFO - Sync 1 DAGs
[2024-04-14T13:09:33.022+0000] {logging_mixin.py:188} INFO - [2024-04-14T13:09:33.022+0000] {dag.py:3954} INFO - Setting next_dagrun for example_complex to None, run_after=None
[2024-04-14T13:09:33.116+0000] {processor.py:183} INFO - Processing /home/airflow/.local/lib/python3.12/site-packages/airflow/example_dags/example_complex.py took 0.459 seconds
[2024-04-14T13:10:06.005+0000] {processor.py:161} INFO - Started process (PID=2382) to work on /home/airflow/.local/lib/python3.12/site-packages/airflow/example_dags/example_complex.py
[2024-04-14T13:10:06.008+0000] {processor.py:830} INFO - Processing file /home/airflow/.local/lib/python3.12/site-packages/airflow/example_dags/example_complex.py for tasks to queue
[2024-04-14T13:10:06.011+0000] {logging_mixin.py:188} INFO - [2024-04-14T13:10:06.010+0000] {dagbag.py:540} INFO - Filling up the DagBag from /home/airflow/.local/lib/python3.12/site-packages/airflow/example_dags/example_complex.py
[2024-04-14T13:10:06.063+0000] {processor.py:840} INFO - DAG(s) 'example_complex' retrieved from /home/airflow/.local/lib/python3.12/site-packages/airflow/example_dags/example_complex.py
[2024-04-14T13:10:06.251+0000] {logging_mixin.py:188} INFO - [2024-04-14T13:10:06.251+0000] {dag.py:3096} INFO - Sync 1 DAGs
[2024-04-14T13:10:06.346+0000] {logging_mixin.py:188} INFO - [2024-04-14T13:10:06.344+0000] {dag.py:3954} INFO - Setting next_dagrun for example_complex to None, run_after=None
[2024-04-14T13:10:06.490+0000] {processor.py:183} INFO - Processing /home/airflow/.local/lib/python3.12/site-packages/airflow/example_dags/example_complex.py took 0.505 seconds
[2024-04-14T13:10:36.656+0000] {processor.py:161} INFO - Started process (PID=2441) to work on /home/airflow/.local/lib/python3.12/site-packages/airflow/example_dags/example_complex.py
[2024-04-14T13:10:36.658+0000] {processor.py:830} INFO - Processing file /home/airflow/.local/lib/python3.12/site-packages/airflow/example_dags/example_complex.py for tasks to queue
[2024-04-14T13:10:36.660+0000] {logging_mixin.py:188} INFO - [2024-04-14T13:10:36.660+0000] {dagbag.py:540} INFO - Filling up the DagBag from /home/airflow/.local/lib/python3.12/site-packages/airflow/example_dags/example_complex.py
[2024-04-14T13:10:36.693+0000] {processor.py:840} INFO - DAG(s) 'example_complex' retrieved from /home/airflow/.local/lib/python3.12/site-packages/airflow/example_dags/example_complex.py
[2024-04-14T13:10:36.783+0000] {logging_mixin.py:188} INFO - [2024-04-14T13:10:36.782+0000] {dag.py:3096} INFO - Sync 1 DAGs
[2024-04-14T13:10:36.815+0000] {logging_mixin.py:188} INFO - [2024-04-14T13:10:36.815+0000] {dag.py:3954} INFO - Setting next_dagrun for example_complex to None, run_after=None
[2024-04-14T13:10:36.863+0000] {processor.py:183} INFO - Processing /home/airflow/.local/lib/python3.12/site-packages/airflow/example_dags/example_complex.py took 0.221 seconds
[2024-04-14T13:11:07.789+0000] {processor.py:161} INFO - Started process (PID=2501) to work on /home/airflow/.local/lib/python3.12/site-packages/airflow/example_dags/example_complex.py
[2024-04-14T13:11:07.792+0000] {processor.py:830} INFO - Processing file /home/airflow/.local/lib/python3.12/site-packages/airflow/example_dags/example_complex.py for tasks to queue
[2024-04-14T13:11:07.804+0000] {logging_mixin.py:188} INFO - [2024-04-14T13:11:07.803+0000] {dagbag.py:540} INFO - Filling up the DagBag from /home/airflow/.local/lib/python3.12/site-packages/airflow/example_dags/example_complex.py
[2024-04-14T13:11:07.923+0000] {processor.py:840} INFO - DAG(s) 'example_complex' retrieved from /home/airflow/.local/lib/python3.12/site-packages/airflow/example_dags/example_complex.py
[2024-04-14T13:11:08.219+0000] {logging_mixin.py:188} INFO - [2024-04-14T13:11:08.219+0000] {dag.py:3096} INFO - Sync 1 DAGs
[2024-04-14T13:11:08.362+0000] {logging_mixin.py:188} INFO - [2024-04-14T13:11:08.358+0000] {dag.py:3954} INFO - Setting next_dagrun for example_complex to None, run_after=None
[2024-04-14T13:11:08.540+0000] {processor.py:183} INFO - Processing /home/airflow/.local/lib/python3.12/site-packages/airflow/example_dags/example_complex.py took 0.810 seconds
[2024-04-14T13:11:39.440+0000] {processor.py:161} INFO - Started process (PID=2560) to work on /home/airflow/.local/lib/python3.12/site-packages/airflow/example_dags/example_complex.py
[2024-04-14T13:11:39.441+0000] {processor.py:830} INFO - Processing file /home/airflow/.local/lib/python3.12/site-packages/airflow/example_dags/example_complex.py for tasks to queue
[2024-04-14T13:11:39.443+0000] {logging_mixin.py:188} INFO - [2024-04-14T13:11:39.442+0000] {dagbag.py:540} INFO - Filling up the DagBag from /home/airflow/.local/lib/python3.12/site-packages/airflow/example_dags/example_complex.py
[2024-04-14T13:11:39.460+0000] {processor.py:840} INFO - DAG(s) 'example_complex' retrieved from /home/airflow/.local/lib/python3.12/site-packages/airflow/example_dags/example_complex.py
[2024-04-14T13:11:39.516+0000] {logging_mixin.py:188} INFO - [2024-04-14T13:11:39.515+0000] {dag.py:3096} INFO - Sync 1 DAGs
[2024-04-14T13:11:39.541+0000] {logging_mixin.py:188} INFO - [2024-04-14T13:11:39.541+0000] {dag.py:3954} INFO - Setting next_dagrun for example_complex to None, run_after=None
[2024-04-14T13:11:39.580+0000] {processor.py:183} INFO - Processing /home/airflow/.local/lib/python3.12/site-packages/airflow/example_dags/example_complex.py took 0.150 seconds
[2024-04-14T13:12:09.754+0000] {processor.py:161} INFO - Started process (PID=2619) to work on /home/airflow/.local/lib/python3.12/site-packages/airflow/example_dags/example_complex.py
[2024-04-14T13:12:09.756+0000] {processor.py:830} INFO - Processing file /home/airflow/.local/lib/python3.12/site-packages/airflow/example_dags/example_complex.py for tasks to queue
[2024-04-14T13:12:09.757+0000] {logging_mixin.py:188} INFO - [2024-04-14T13:12:09.757+0000] {dagbag.py:540} INFO - Filling up the DagBag from /home/airflow/.local/lib/python3.12/site-packages/airflow/example_dags/example_complex.py
[2024-04-14T13:12:09.776+0000] {processor.py:840} INFO - DAG(s) 'example_complex' retrieved from /home/airflow/.local/lib/python3.12/site-packages/airflow/example_dags/example_complex.py
[2024-04-14T13:12:09.831+0000] {logging_mixin.py:188} INFO - [2024-04-14T13:12:09.831+0000] {dag.py:3096} INFO - Sync 1 DAGs
[2024-04-14T13:12:09.852+0000] {logging_mixin.py:188} INFO - [2024-04-14T13:12:09.851+0000] {dag.py:3954} INFO - Setting next_dagrun for example_complex to None, run_after=None
[2024-04-14T13:12:09.920+0000] {processor.py:183} INFO - Processing /home/airflow/.local/lib/python3.12/site-packages/airflow/example_dags/example_complex.py took 0.173 seconds
[2024-04-14T13:12:40.017+0000] {processor.py:161} INFO - Started process (PID=2677) to work on /home/airflow/.local/lib/python3.12/site-packages/airflow/example_dags/example_complex.py
[2024-04-14T13:12:40.018+0000] {processor.py:830} INFO - Processing file /home/airflow/.local/lib/python3.12/site-packages/airflow/example_dags/example_complex.py for tasks to queue
[2024-04-14T13:12:40.020+0000] {logging_mixin.py:188} INFO - [2024-04-14T13:12:40.019+0000] {dagbag.py:540} INFO - Filling up the DagBag from /home/airflow/.local/lib/python3.12/site-packages/airflow/example_dags/example_complex.py
[2024-04-14T13:12:40.040+0000] {processor.py:840} INFO - DAG(s) 'example_complex' retrieved from /home/airflow/.local/lib/python3.12/site-packages/airflow/example_dags/example_complex.py
[2024-04-14T13:12:40.092+0000] {logging_mixin.py:188} INFO - [2024-04-14T13:12:40.091+0000] {dag.py:3096} INFO - Sync 1 DAGs
[2024-04-14T13:12:40.112+0000] {logging_mixin.py:188} INFO - [2024-04-14T13:12:40.112+0000] {dag.py:3954} INFO - Setting next_dagrun for example_complex to None, run_after=None
[2024-04-14T13:12:40.147+0000] {processor.py:183} INFO - Processing /home/airflow/.local/lib/python3.12/site-packages/airflow/example_dags/example_complex.py took 0.137 seconds
[2024-04-14T13:13:10.755+0000] {processor.py:161} INFO - Started process (PID=2737) to work on /home/airflow/.local/lib/python3.12/site-packages/airflow/example_dags/example_complex.py
[2024-04-14T13:13:10.757+0000] {processor.py:830} INFO - Processing file /home/airflow/.local/lib/python3.12/site-packages/airflow/example_dags/example_complex.py for tasks to queue
[2024-04-14T13:13:10.769+0000] {logging_mixin.py:188} INFO - [2024-04-14T13:13:10.768+0000] {dagbag.py:540} INFO - Filling up the DagBag from /home/airflow/.local/lib/python3.12/site-packages/airflow/example_dags/example_complex.py
[2024-04-14T13:13:10.837+0000] {processor.py:840} INFO - DAG(s) 'example_complex' retrieved from /home/airflow/.local/lib/python3.12/site-packages/airflow/example_dags/example_complex.py
[2024-04-14T13:13:11.025+0000] {logging_mixin.py:188} INFO - [2024-04-14T13:13:11.024+0000] {dag.py:3096} INFO - Sync 1 DAGs
[2024-04-14T13:13:11.050+0000] {logging_mixin.py:188} INFO - [2024-04-14T13:13:11.049+0000] {dag.py:3954} INFO - Setting next_dagrun for example_complex to None, run_after=None
[2024-04-14T13:13:11.081+0000] {processor.py:183} INFO - Processing /home/airflow/.local/lib/python3.12/site-packages/airflow/example_dags/example_complex.py took 0.337 seconds
[2024-04-14T13:13:42.306+0000] {processor.py:161} INFO - Started process (PID=2796) to work on /home/airflow/.local/lib/python3.12/site-packages/airflow/example_dags/example_complex.py
[2024-04-14T13:13:42.308+0000] {processor.py:830} INFO - Processing file /home/airflow/.local/lib/python3.12/site-packages/airflow/example_dags/example_complex.py for tasks to queue
[2024-04-14T13:13:42.310+0000] {logging_mixin.py:188} INFO - [2024-04-14T13:13:42.309+0000] {dagbag.py:540} INFO - Filling up the DagBag from /home/airflow/.local/lib/python3.12/site-packages/airflow/example_dags/example_complex.py
[2024-04-14T13:13:42.336+0000] {processor.py:840} INFO - DAG(s) 'example_complex' retrieved from /home/airflow/.local/lib/python3.12/site-packages/airflow/example_dags/example_complex.py
[2024-04-14T13:13:42.520+0000] {logging_mixin.py:188} INFO - [2024-04-14T13:13:42.520+0000] {dag.py:3096} INFO - Sync 1 DAGs
[2024-04-14T13:13:42.595+0000] {logging_mixin.py:188} INFO - [2024-04-14T13:13:42.594+0000] {dag.py:3954} INFO - Setting next_dagrun for example_complex to None, run_after=None
[2024-04-14T13:13:42.742+0000] {processor.py:183} INFO - Processing /home/airflow/.local/lib/python3.12/site-packages/airflow/example_dags/example_complex.py took 0.447 seconds
[2024-04-14T13:14:13.763+0000] {processor.py:161} INFO - Started process (PID=2855) to work on /home/airflow/.local/lib/python3.12/site-packages/airflow/example_dags/example_complex.py
[2024-04-14T13:14:13.765+0000] {processor.py:830} INFO - Processing file /home/airflow/.local/lib/python3.12/site-packages/airflow/example_dags/example_complex.py for tasks to queue
[2024-04-14T13:14:13.767+0000] {logging_mixin.py:188} INFO - [2024-04-14T13:14:13.766+0000] {dagbag.py:540} INFO - Filling up the DagBag from /home/airflow/.local/lib/python3.12/site-packages/airflow/example_dags/example_complex.py
[2024-04-14T13:14:13.819+0000] {processor.py:840} INFO - DAG(s) 'example_complex' retrieved from /home/airflow/.local/lib/python3.12/site-packages/airflow/example_dags/example_complex.py
[2024-04-14T13:14:13.987+0000] {logging_mixin.py:188} INFO - [2024-04-14T13:14:13.986+0000] {dag.py:3096} INFO - Sync 1 DAGs
[2024-04-14T13:14:14.035+0000] {logging_mixin.py:188} INFO - [2024-04-14T13:14:14.034+0000] {dag.py:3954} INFO - Setting next_dagrun for example_complex to None, run_after=None
[2024-04-14T13:14:14.132+0000] {processor.py:183} INFO - Processing /home/airflow/.local/lib/python3.12/site-packages/airflow/example_dags/example_complex.py took 0.391 seconds
[2024-04-14T13:14:44.270+0000] {processor.py:161} INFO - Started process (PID=2915) to work on /home/airflow/.local/lib/python3.12/site-packages/airflow/example_dags/example_complex.py
[2024-04-14T13:14:44.271+0000] {processor.py:830} INFO - Processing file /home/airflow/.local/lib/python3.12/site-packages/airflow/example_dags/example_complex.py for tasks to queue
[2024-04-14T13:14:44.272+0000] {logging_mixin.py:188} INFO - [2024-04-14T13:14:44.272+0000] {dagbag.py:540} INFO - Filling up the DagBag from /home/airflow/.local/lib/python3.12/site-packages/airflow/example_dags/example_complex.py
[2024-04-14T13:14:44.290+0000] {processor.py:840} INFO - DAG(s) 'example_complex' retrieved from /home/airflow/.local/lib/python3.12/site-packages/airflow/example_dags/example_complex.py
[2024-04-14T13:14:44.342+0000] {logging_mixin.py:188} INFO - [2024-04-14T13:14:44.342+0000] {dag.py:3096} INFO - Sync 1 DAGs
[2024-04-14T13:14:44.368+0000] {logging_mixin.py:188} INFO - [2024-04-14T13:14:44.367+0000] {dag.py:3954} INFO - Setting next_dagrun for example_complex to None, run_after=None
[2024-04-14T13:14:44.398+0000] {processor.py:183} INFO - Processing /home/airflow/.local/lib/python3.12/site-packages/airflow/example_dags/example_complex.py took 0.137 seconds
[2024-04-14T13:15:15.249+0000] {processor.py:161} INFO - Started process (PID=2973) to work on /home/airflow/.local/lib/python3.12/site-packages/airflow/example_dags/example_complex.py
[2024-04-14T13:15:15.250+0000] {processor.py:830} INFO - Processing file /home/airflow/.local/lib/python3.12/site-packages/airflow/example_dags/example_complex.py for tasks to queue
[2024-04-14T13:15:15.252+0000] {logging_mixin.py:188} INFO - [2024-04-14T13:15:15.251+0000] {dagbag.py:540} INFO - Filling up the DagBag from /home/airflow/.local/lib/python3.12/site-packages/airflow/example_dags/example_complex.py
[2024-04-14T13:15:15.268+0000] {processor.py:840} INFO - DAG(s) 'example_complex' retrieved from /home/airflow/.local/lib/python3.12/site-packages/airflow/example_dags/example_complex.py
[2024-04-14T13:15:15.321+0000] {logging_mixin.py:188} INFO - [2024-04-14T13:15:15.321+0000] {dag.py:3096} INFO - Sync 1 DAGs
[2024-04-14T13:15:15.342+0000] {logging_mixin.py:188} INFO - [2024-04-14T13:15:15.341+0000] {dag.py:3954} INFO - Setting next_dagrun for example_complex to None, run_after=None
[2024-04-14T13:15:15.388+0000] {processor.py:183} INFO - Processing /home/airflow/.local/lib/python3.12/site-packages/airflow/example_dags/example_complex.py took 0.146 seconds
[2024-04-14T13:15:46.110+0000] {processor.py:161} INFO - Started process (PID=3032) to work on /home/airflow/.local/lib/python3.12/site-packages/airflow/example_dags/example_complex.py
[2024-04-14T13:15:46.112+0000] {processor.py:830} INFO - Processing file /home/airflow/.local/lib/python3.12/site-packages/airflow/example_dags/example_complex.py for tasks to queue
[2024-04-14T13:15:46.113+0000] {logging_mixin.py:188} INFO - [2024-04-14T13:15:46.113+0000] {dagbag.py:540} INFO - Filling up the DagBag from /home/airflow/.local/lib/python3.12/site-packages/airflow/example_dags/example_complex.py
[2024-04-14T13:15:46.130+0000] {processor.py:840} INFO - DAG(s) 'example_complex' retrieved from /home/airflow/.local/lib/python3.12/site-packages/airflow/example_dags/example_complex.py
[2024-04-14T13:15:46.189+0000] {logging_mixin.py:188} INFO - [2024-04-14T13:15:46.188+0000] {dag.py:3096} INFO - Sync 1 DAGs
[2024-04-14T13:15:46.213+0000] {logging_mixin.py:188} INFO - [2024-04-14T13:15:46.212+0000] {dag.py:3954} INFO - Setting next_dagrun for example_complex to None, run_after=None
[2024-04-14T13:15:46.264+0000] {processor.py:183} INFO - Processing /home/airflow/.local/lib/python3.12/site-packages/airflow/example_dags/example_complex.py took 0.166 seconds
[2024-04-14T13:16:18.042+0000] {processor.py:161} INFO - Started process (PID=3092) to work on /home/airflow/.local/lib/python3.12/site-packages/airflow/example_dags/example_complex.py
[2024-04-14T13:16:18.051+0000] {processor.py:830} INFO - Processing file /home/airflow/.local/lib/python3.12/site-packages/airflow/example_dags/example_complex.py for tasks to queue
[2024-04-14T13:16:18.058+0000] {logging_mixin.py:188} INFO - [2024-04-14T13:16:18.057+0000] {dagbag.py:540} INFO - Filling up the DagBag from /home/airflow/.local/lib/python3.12/site-packages/airflow/example_dags/example_complex.py
[2024-04-14T13:16:18.136+0000] {processor.py:840} INFO - DAG(s) 'example_complex' retrieved from /home/airflow/.local/lib/python3.12/site-packages/airflow/example_dags/example_complex.py
[2024-04-14T13:16:18.401+0000] {logging_mixin.py:188} INFO - [2024-04-14T13:16:18.400+0000] {dag.py:3096} INFO - Sync 1 DAGs
[2024-04-14T13:16:18.594+0000] {logging_mixin.py:188} INFO - [2024-04-14T13:16:18.594+0000] {dag.py:3954} INFO - Setting next_dagrun for example_complex to None, run_after=None
[2024-04-14T13:16:18.710+0000] {processor.py:183} INFO - Processing /home/airflow/.local/lib/python3.12/site-packages/airflow/example_dags/example_complex.py took 0.694 seconds
[2024-04-14T13:16:49.460+0000] {processor.py:161} INFO - Started process (PID=3151) to work on /home/airflow/.local/lib/python3.12/site-packages/airflow/example_dags/example_complex.py
[2024-04-14T13:16:49.464+0000] {processor.py:830} INFO - Processing file /home/airflow/.local/lib/python3.12/site-packages/airflow/example_dags/example_complex.py for tasks to queue
[2024-04-14T13:16:49.466+0000] {logging_mixin.py:188} INFO - [2024-04-14T13:16:49.465+0000] {dagbag.py:540} INFO - Filling up the DagBag from /home/airflow/.local/lib/python3.12/site-packages/airflow/example_dags/example_complex.py
[2024-04-14T13:16:49.497+0000] {processor.py:840} INFO - DAG(s) 'example_complex' retrieved from /home/airflow/.local/lib/python3.12/site-packages/airflow/example_dags/example_complex.py
[2024-04-14T13:16:49.579+0000] {logging_mixin.py:188} INFO - [2024-04-14T13:16:49.578+0000] {dag.py:3096} INFO - Sync 1 DAGs
[2024-04-14T13:16:49.607+0000] {logging_mixin.py:188} INFO - [2024-04-14T13:16:49.606+0000] {dag.py:3954} INFO - Setting next_dagrun for example_complex to None, run_after=None
[2024-04-14T13:16:49.646+0000] {processor.py:183} INFO - Processing /home/airflow/.local/lib/python3.12/site-packages/airflow/example_dags/example_complex.py took 0.198 seconds
