[2024-04-14T12:49:35.548+0000] {processor.py:161} INFO - Started process (PID=62) to work on /home/airflow/.local/lib/python3.12/site-packages/airflow/example_dags/example_branch_python_dop_operator_3.py
[2024-04-14T12:49:35.551+0000] {processor.py:830} INFO - Processing file /home/airflow/.local/lib/python3.12/site-packages/airflow/example_dags/example_branch_python_dop_operator_3.py for tasks to queue
[2024-04-14T12:49:35.556+0000] {logging_mixin.py:188} INFO - [2024-04-14T12:49:35.555+0000] {dagbag.py:540} INFO - Filling up the DagBag from /home/airflow/.local/lib/python3.12/site-packages/airflow/example_dags/example_branch_python_dop_operator_3.py
[2024-04-14T12:49:35.600+0000] {processor.py:840} INFO - DAG(s) 'example_branch_dop_operator_v3' retrieved from /home/airflow/.local/lib/python3.12/site-packages/airflow/example_dags/example_branch_python_dop_operator_3.py
[2024-04-14T12:49:36.088+0000] {logging_mixin.py:188} INFO - [2024-04-14T12:49:36.087+0000] {dag.py:3096} INFO - Sync 1 DAGs
[2024-04-14T12:49:36.236+0000] {logging_mixin.py:188} INFO - [2024-04-14T12:49:36.236+0000] {dag.py:3954} INFO - Setting next_dagrun for example_branch_dop_operator_v3 to 2024-04-14 12:48:00+00:00, run_after=2024-04-14 12:49:00+00:00
[2024-04-14T12:49:36.380+0000] {processor.py:183} INFO - Processing /home/airflow/.local/lib/python3.12/site-packages/airflow/example_dags/example_branch_python_dop_operator_3.py took 0.901 seconds
[2024-04-14T12:50:07.130+0000] {processor.py:161} INFO - Started process (PID=119) to work on /home/airflow/.local/lib/python3.12/site-packages/airflow/example_dags/example_branch_python_dop_operator_3.py
[2024-04-14T12:50:07.148+0000] {processor.py:830} INFO - Processing file /home/airflow/.local/lib/python3.12/site-packages/airflow/example_dags/example_branch_python_dop_operator_3.py for tasks to queue
[2024-04-14T12:50:07.163+0000] {logging_mixin.py:188} INFO - [2024-04-14T12:50:07.162+0000] {dagbag.py:540} INFO - Filling up the DagBag from /home/airflow/.local/lib/python3.12/site-packages/airflow/example_dags/example_branch_python_dop_operator_3.py
[2024-04-14T12:50:07.234+0000] {processor.py:840} INFO - DAG(s) 'example_branch_dop_operator_v3' retrieved from /home/airflow/.local/lib/python3.12/site-packages/airflow/example_dags/example_branch_python_dop_operator_3.py
[2024-04-14T12:50:07.497+0000] {logging_mixin.py:188} INFO - [2024-04-14T12:50:07.497+0000] {dag.py:3096} INFO - Sync 1 DAGs
[2024-04-14T12:50:07.727+0000] {logging_mixin.py:188} INFO - [2024-04-14T12:50:07.727+0000] {dag.py:3954} INFO - Setting next_dagrun for example_branch_dop_operator_v3 to 2024-04-14 12:49:00+00:00, run_after=2024-04-14 12:50:00+00:00
[2024-04-14T12:50:07.839+0000] {processor.py:183} INFO - Processing /home/airflow/.local/lib/python3.12/site-packages/airflow/example_dags/example_branch_python_dop_operator_3.py took 0.770 seconds
[2024-04-14T12:50:38.195+0000] {processor.py:161} INFO - Started process (PID=177) to work on /home/airflow/.local/lib/python3.12/site-packages/airflow/example_dags/example_branch_python_dop_operator_3.py
[2024-04-14T12:50:38.197+0000] {processor.py:830} INFO - Processing file /home/airflow/.local/lib/python3.12/site-packages/airflow/example_dags/example_branch_python_dop_operator_3.py for tasks to queue
[2024-04-14T12:50:38.201+0000] {logging_mixin.py:188} INFO - [2024-04-14T12:50:38.200+0000] {dagbag.py:540} INFO - Filling up the DagBag from /home/airflow/.local/lib/python3.12/site-packages/airflow/example_dags/example_branch_python_dop_operator_3.py
[2024-04-14T12:50:38.218+0000] {processor.py:840} INFO - DAG(s) 'example_branch_dop_operator_v3' retrieved from /home/airflow/.local/lib/python3.12/site-packages/airflow/example_dags/example_branch_python_dop_operator_3.py
[2024-04-14T12:50:38.253+0000] {logging_mixin.py:188} INFO - [2024-04-14T12:50:38.253+0000] {dag.py:3096} INFO - Sync 1 DAGs
[2024-04-14T12:50:38.368+0000] {logging_mixin.py:188} INFO - [2024-04-14T12:50:38.368+0000] {dag.py:3954} INFO - Setting next_dagrun for example_branch_dop_operator_v3 to 2024-04-14 12:49:00+00:00, run_after=2024-04-14 12:50:00+00:00
[2024-04-14T12:50:38.450+0000] {processor.py:183} INFO - Processing /home/airflow/.local/lib/python3.12/site-packages/airflow/example_dags/example_branch_python_dop_operator_3.py took 0.264 seconds
[2024-04-14T12:51:08.781+0000] {processor.py:161} INFO - Started process (PID=234) to work on /home/airflow/.local/lib/python3.12/site-packages/airflow/example_dags/example_branch_python_dop_operator_3.py
[2024-04-14T12:51:08.786+0000] {processor.py:830} INFO - Processing file /home/airflow/.local/lib/python3.12/site-packages/airflow/example_dags/example_branch_python_dop_operator_3.py for tasks to queue
[2024-04-14T12:51:08.789+0000] {logging_mixin.py:188} INFO - [2024-04-14T12:51:08.788+0000] {dagbag.py:540} INFO - Filling up the DagBag from /home/airflow/.local/lib/python3.12/site-packages/airflow/example_dags/example_branch_python_dop_operator_3.py
[2024-04-14T12:51:08.806+0000] {processor.py:840} INFO - DAG(s) 'example_branch_dop_operator_v3' retrieved from /home/airflow/.local/lib/python3.12/site-packages/airflow/example_dags/example_branch_python_dop_operator_3.py
[2024-04-14T12:51:08.838+0000] {logging_mixin.py:188} INFO - [2024-04-14T12:51:08.837+0000] {dag.py:3096} INFO - Sync 1 DAGs
[2024-04-14T12:51:08.890+0000] {logging_mixin.py:188} INFO - [2024-04-14T12:51:08.890+0000] {dag.py:3954} INFO - Setting next_dagrun for example_branch_dop_operator_v3 to 2024-04-14 12:50:00+00:00, run_after=2024-04-14 12:51:00+00:00
[2024-04-14T12:51:08.928+0000] {processor.py:183} INFO - Processing /home/airflow/.local/lib/python3.12/site-packages/airflow/example_dags/example_branch_python_dop_operator_3.py took 0.154 seconds
[2024-04-14T12:51:39.807+0000] {processor.py:161} INFO - Started process (PID=292) to work on /home/airflow/.local/lib/python3.12/site-packages/airflow/example_dags/example_branch_python_dop_operator_3.py
[2024-04-14T12:51:39.808+0000] {processor.py:830} INFO - Processing file /home/airflow/.local/lib/python3.12/site-packages/airflow/example_dags/example_branch_python_dop_operator_3.py for tasks to queue
[2024-04-14T12:51:39.811+0000] {logging_mixin.py:188} INFO - [2024-04-14T12:51:39.810+0000] {dagbag.py:540} INFO - Filling up the DagBag from /home/airflow/.local/lib/python3.12/site-packages/airflow/example_dags/example_branch_python_dop_operator_3.py
[2024-04-14T12:51:39.826+0000] {processor.py:840} INFO - DAG(s) 'example_branch_dop_operator_v3' retrieved from /home/airflow/.local/lib/python3.12/site-packages/airflow/example_dags/example_branch_python_dop_operator_3.py
[2024-04-14T12:51:39.852+0000] {logging_mixin.py:188} INFO - [2024-04-14T12:51:39.851+0000] {dag.py:3096} INFO - Sync 1 DAGs
[2024-04-14T12:51:39.889+0000] {logging_mixin.py:188} INFO - [2024-04-14T12:51:39.889+0000] {dag.py:3954} INFO - Setting next_dagrun for example_branch_dop_operator_v3 to 2024-04-14 12:50:00+00:00, run_after=2024-04-14 12:51:00+00:00
[2024-04-14T12:51:39.919+0000] {processor.py:183} INFO - Processing /home/airflow/.local/lib/python3.12/site-packages/airflow/example_dags/example_branch_python_dop_operator_3.py took 0.121 seconds
[2024-04-14T12:52:10.629+0000] {processor.py:161} INFO - Started process (PID=350) to work on /home/airflow/.local/lib/python3.12/site-packages/airflow/example_dags/example_branch_python_dop_operator_3.py
[2024-04-14T12:52:10.630+0000] {processor.py:830} INFO - Processing file /home/airflow/.local/lib/python3.12/site-packages/airflow/example_dags/example_branch_python_dop_operator_3.py for tasks to queue
[2024-04-14T12:52:10.633+0000] {logging_mixin.py:188} INFO - [2024-04-14T12:52:10.632+0000] {dagbag.py:540} INFO - Filling up the DagBag from /home/airflow/.local/lib/python3.12/site-packages/airflow/example_dags/example_branch_python_dop_operator_3.py
[2024-04-14T12:52:10.647+0000] {processor.py:840} INFO - DAG(s) 'example_branch_dop_operator_v3' retrieved from /home/airflow/.local/lib/python3.12/site-packages/airflow/example_dags/example_branch_python_dop_operator_3.py
[2024-04-14T12:52:10.679+0000] {logging_mixin.py:188} INFO - [2024-04-14T12:52:10.679+0000] {dag.py:3096} INFO - Sync 1 DAGs
[2024-04-14T12:52:10.733+0000] {logging_mixin.py:188} INFO - [2024-04-14T12:52:10.732+0000] {dag.py:3954} INFO - Setting next_dagrun for example_branch_dop_operator_v3 to 2024-04-14 12:51:00+00:00, run_after=2024-04-14 12:52:00+00:00
[2024-04-14T12:52:10.769+0000] {processor.py:183} INFO - Processing /home/airflow/.local/lib/python3.12/site-packages/airflow/example_dags/example_branch_python_dop_operator_3.py took 0.151 seconds
[2024-04-14T12:52:40.971+0000] {processor.py:161} INFO - Started process (PID=408) to work on /home/airflow/.local/lib/python3.12/site-packages/airflow/example_dags/example_branch_python_dop_operator_3.py
[2024-04-14T12:52:40.977+0000] {processor.py:830} INFO - Processing file /home/airflow/.local/lib/python3.12/site-packages/airflow/example_dags/example_branch_python_dop_operator_3.py for tasks to queue
[2024-04-14T12:52:40.980+0000] {logging_mixin.py:188} INFO - [2024-04-14T12:52:40.980+0000] {dagbag.py:540} INFO - Filling up the DagBag from /home/airflow/.local/lib/python3.12/site-packages/airflow/example_dags/example_branch_python_dop_operator_3.py
[2024-04-14T12:52:41.004+0000] {processor.py:840} INFO - DAG(s) 'example_branch_dop_operator_v3' retrieved from /home/airflow/.local/lib/python3.12/site-packages/airflow/example_dags/example_branch_python_dop_operator_3.py
[2024-04-14T12:52:41.104+0000] {logging_mixin.py:188} INFO - [2024-04-14T12:52:41.104+0000] {dag.py:3096} INFO - Sync 1 DAGs
[2024-04-14T12:52:41.306+0000] {logging_mixin.py:188} INFO - [2024-04-14T12:52:41.305+0000] {dag.py:3954} INFO - Setting next_dagrun for example_branch_dop_operator_v3 to 2024-04-14 12:51:00+00:00, run_after=2024-04-14 12:52:00+00:00
[2024-04-14T12:52:41.516+0000] {processor.py:183} INFO - Processing /home/airflow/.local/lib/python3.12/site-packages/airflow/example_dags/example_branch_python_dop_operator_3.py took 0.552 seconds
[2024-04-14T12:53:12.139+0000] {processor.py:161} INFO - Started process (PID=466) to work on /home/airflow/.local/lib/python3.12/site-packages/airflow/example_dags/example_branch_python_dop_operator_3.py
[2024-04-14T12:53:12.140+0000] {processor.py:830} INFO - Processing file /home/airflow/.local/lib/python3.12/site-packages/airflow/example_dags/example_branch_python_dop_operator_3.py for tasks to queue
[2024-04-14T12:53:12.153+0000] {logging_mixin.py:188} INFO - [2024-04-14T12:53:12.152+0000] {dagbag.py:540} INFO - Filling up the DagBag from /home/airflow/.local/lib/python3.12/site-packages/airflow/example_dags/example_branch_python_dop_operator_3.py
[2024-04-14T12:53:12.181+0000] {processor.py:840} INFO - DAG(s) 'example_branch_dop_operator_v3' retrieved from /home/airflow/.local/lib/python3.12/site-packages/airflow/example_dags/example_branch_python_dop_operator_3.py
[2024-04-14T12:53:12.320+0000] {logging_mixin.py:188} INFO - [2024-04-14T12:53:12.320+0000] {dag.py:3096} INFO - Sync 1 DAGs
[2024-04-14T12:53:12.413+0000] {logging_mixin.py:188} INFO - [2024-04-14T12:53:12.413+0000] {dag.py:3954} INFO - Setting next_dagrun for example_branch_dop_operator_v3 to 2024-04-14 12:52:00+00:00, run_after=2024-04-14 12:53:00+00:00
[2024-04-14T12:53:12.514+0000] {processor.py:183} INFO - Processing /home/airflow/.local/lib/python3.12/site-packages/airflow/example_dags/example_branch_python_dop_operator_3.py took 0.400 seconds
[2024-04-14T12:53:43.524+0000] {processor.py:161} INFO - Started process (PID=524) to work on /home/airflow/.local/lib/python3.12/site-packages/airflow/example_dags/example_branch_python_dop_operator_3.py
[2024-04-14T12:53:43.525+0000] {processor.py:830} INFO - Processing file /home/airflow/.local/lib/python3.12/site-packages/airflow/example_dags/example_branch_python_dop_operator_3.py for tasks to queue
[2024-04-14T12:53:43.530+0000] {logging_mixin.py:188} INFO - [2024-04-14T12:53:43.529+0000] {dagbag.py:540} INFO - Filling up the DagBag from /home/airflow/.local/lib/python3.12/site-packages/airflow/example_dags/example_branch_python_dop_operator_3.py
[2024-04-14T12:53:43.556+0000] {processor.py:840} INFO - DAG(s) 'example_branch_dop_operator_v3' retrieved from /home/airflow/.local/lib/python3.12/site-packages/airflow/example_dags/example_branch_python_dop_operator_3.py
[2024-04-14T12:53:43.603+0000] {logging_mixin.py:188} INFO - [2024-04-14T12:53:43.603+0000] {dag.py:3096} INFO - Sync 1 DAGs
[2024-04-14T12:53:43.656+0000] {logging_mixin.py:188} INFO - [2024-04-14T12:53:43.655+0000] {dag.py:3954} INFO - Setting next_dagrun for example_branch_dop_operator_v3 to 2024-04-14 12:52:00+00:00, run_after=2024-04-14 12:53:00+00:00
[2024-04-14T12:53:43.695+0000] {processor.py:183} INFO - Processing /home/airflow/.local/lib/python3.12/site-packages/airflow/example_dags/example_branch_python_dop_operator_3.py took 0.181 seconds
[2024-04-14T12:54:14.460+0000] {processor.py:161} INFO - Started process (PID=582) to work on /home/airflow/.local/lib/python3.12/site-packages/airflow/example_dags/example_branch_python_dop_operator_3.py
[2024-04-14T12:54:14.463+0000] {processor.py:830} INFO - Processing file /home/airflow/.local/lib/python3.12/site-packages/airflow/example_dags/example_branch_python_dop_operator_3.py for tasks to queue
[2024-04-14T12:54:14.466+0000] {logging_mixin.py:188} INFO - [2024-04-14T12:54:14.465+0000] {dagbag.py:540} INFO - Filling up the DagBag from /home/airflow/.local/lib/python3.12/site-packages/airflow/example_dags/example_branch_python_dop_operator_3.py
[2024-04-14T12:54:14.519+0000] {processor.py:840} INFO - DAG(s) 'example_branch_dop_operator_v3' retrieved from /home/airflow/.local/lib/python3.12/site-packages/airflow/example_dags/example_branch_python_dop_operator_3.py
[2024-04-14T12:54:14.647+0000] {logging_mixin.py:188} INFO - [2024-04-14T12:54:14.647+0000] {dag.py:3096} INFO - Sync 1 DAGs
[2024-04-14T12:54:14.824+0000] {logging_mixin.py:188} INFO - [2024-04-14T12:54:14.823+0000] {dag.py:3954} INFO - Setting next_dagrun for example_branch_dop_operator_v3 to 2024-04-14 12:53:00+00:00, run_after=2024-04-14 12:54:00+00:00
[2024-04-14T12:54:14.992+0000] {processor.py:183} INFO - Processing /home/airflow/.local/lib/python3.12/site-packages/airflow/example_dags/example_branch_python_dop_operator_3.py took 0.554 seconds
[2024-04-14T12:54:48.357+0000] {processor.py:161} INFO - Started process (PID=647) to work on /home/airflow/.local/lib/python3.12/site-packages/airflow/example_dags/example_branch_python_dop_operator_3.py
[2024-04-14T12:54:48.446+0000] {processor.py:830} INFO - Processing file /home/airflow/.local/lib/python3.12/site-packages/airflow/example_dags/example_branch_python_dop_operator_3.py for tasks to queue
[2024-04-14T12:54:48.531+0000] {logging_mixin.py:188} INFO - [2024-04-14T12:54:48.530+0000] {dagbag.py:540} INFO - Filling up the DagBag from /home/airflow/.local/lib/python3.12/site-packages/airflow/example_dags/example_branch_python_dop_operator_3.py
[2024-04-14T12:54:48.726+0000] {processor.py:840} INFO - DAG(s) 'example_branch_dop_operator_v3' retrieved from /home/airflow/.local/lib/python3.12/site-packages/airflow/example_dags/example_branch_python_dop_operator_3.py
[2024-04-14T12:54:49.000+0000] {logging_mixin.py:188} INFO - [2024-04-14T12:54:48.999+0000] {dag.py:3096} INFO - Sync 1 DAGs
[2024-04-14T12:54:49.301+0000] {logging_mixin.py:188} INFO - [2024-04-14T12:54:49.300+0000] {dag.py:3954} INFO - Setting next_dagrun for example_branch_dop_operator_v3 to 2024-04-14 12:53:00+00:00, run_after=2024-04-14 12:54:00+00:00
[2024-04-14T12:54:49.486+0000] {processor.py:183} INFO - Processing /home/airflow/.local/lib/python3.12/site-packages/airflow/example_dags/example_branch_python_dop_operator_3.py took 1.154 seconds
[2024-04-14T12:55:20.713+0000] {processor.py:161} INFO - Started process (PID=703) to work on /home/airflow/.local/lib/python3.12/site-packages/airflow/example_dags/example_branch_python_dop_operator_3.py
[2024-04-14T12:55:20.715+0000] {processor.py:830} INFO - Processing file /home/airflow/.local/lib/python3.12/site-packages/airflow/example_dags/example_branch_python_dop_operator_3.py for tasks to queue
[2024-04-14T12:55:20.719+0000] {logging_mixin.py:188} INFO - [2024-04-14T12:55:20.718+0000] {dagbag.py:540} INFO - Filling up the DagBag from /home/airflow/.local/lib/python3.12/site-packages/airflow/example_dags/example_branch_python_dop_operator_3.py
[2024-04-14T12:55:20.778+0000] {processor.py:840} INFO - DAG(s) 'example_branch_dop_operator_v3' retrieved from /home/airflow/.local/lib/python3.12/site-packages/airflow/example_dags/example_branch_python_dop_operator_3.py
[2024-04-14T12:55:20.868+0000] {logging_mixin.py:188} INFO - [2024-04-14T12:55:20.867+0000] {dag.py:3096} INFO - Sync 1 DAGs
[2024-04-14T12:55:20.978+0000] {logging_mixin.py:188} INFO - [2024-04-14T12:55:20.977+0000] {dag.py:3954} INFO - Setting next_dagrun for example_branch_dop_operator_v3 to 2024-04-14 12:54:00+00:00, run_after=2024-04-14 12:55:00+00:00
[2024-04-14T12:55:21.078+0000] {processor.py:183} INFO - Processing /home/airflow/.local/lib/python3.12/site-packages/airflow/example_dags/example_branch_python_dop_operator_3.py took 0.409 seconds
[2024-04-14T12:55:51.431+0000] {processor.py:161} INFO - Started process (PID=761) to work on /home/airflow/.local/lib/python3.12/site-packages/airflow/example_dags/example_branch_python_dop_operator_3.py
[2024-04-14T12:55:51.432+0000] {processor.py:830} INFO - Processing file /home/airflow/.local/lib/python3.12/site-packages/airflow/example_dags/example_branch_python_dop_operator_3.py for tasks to queue
[2024-04-14T12:55:51.434+0000] {logging_mixin.py:188} INFO - [2024-04-14T12:55:51.433+0000] {dagbag.py:540} INFO - Filling up the DagBag from /home/airflow/.local/lib/python3.12/site-packages/airflow/example_dags/example_branch_python_dop_operator_3.py
[2024-04-14T12:55:51.444+0000] {processor.py:840} INFO - DAG(s) 'example_branch_dop_operator_v3' retrieved from /home/airflow/.local/lib/python3.12/site-packages/airflow/example_dags/example_branch_python_dop_operator_3.py
[2024-04-14T12:55:51.468+0000] {logging_mixin.py:188} INFO - [2024-04-14T12:55:51.468+0000] {dag.py:3096} INFO - Sync 1 DAGs
[2024-04-14T12:55:51.506+0000] {logging_mixin.py:188} INFO - [2024-04-14T12:55:51.506+0000] {dag.py:3954} INFO - Setting next_dagrun for example_branch_dop_operator_v3 to 2024-04-14 12:54:00+00:00, run_after=2024-04-14 12:55:00+00:00
[2024-04-14T12:55:51.531+0000] {processor.py:183} INFO - Processing /home/airflow/.local/lib/python3.12/site-packages/airflow/example_dags/example_branch_python_dop_operator_3.py took 0.107 seconds
[2024-04-14T12:56:22.153+0000] {processor.py:161} INFO - Started process (PID=819) to work on /home/airflow/.local/lib/python3.12/site-packages/airflow/example_dags/example_branch_python_dop_operator_3.py
[2024-04-14T12:56:22.166+0000] {processor.py:830} INFO - Processing file /home/airflow/.local/lib/python3.12/site-packages/airflow/example_dags/example_branch_python_dop_operator_3.py for tasks to queue
[2024-04-14T12:56:22.170+0000] {logging_mixin.py:188} INFO - [2024-04-14T12:56:22.169+0000] {dagbag.py:540} INFO - Filling up the DagBag from /home/airflow/.local/lib/python3.12/site-packages/airflow/example_dags/example_branch_python_dop_operator_3.py
[2024-04-14T12:56:22.220+0000] {processor.py:840} INFO - DAG(s) 'example_branch_dop_operator_v3' retrieved from /home/airflow/.local/lib/python3.12/site-packages/airflow/example_dags/example_branch_python_dop_operator_3.py
[2024-04-14T12:56:22.306+0000] {logging_mixin.py:188} INFO - [2024-04-14T12:56:22.306+0000] {dag.py:3096} INFO - Sync 1 DAGs
[2024-04-14T12:56:22.494+0000] {logging_mixin.py:188} INFO - [2024-04-14T12:56:22.484+0000] {dag.py:3954} INFO - Setting next_dagrun for example_branch_dop_operator_v3 to 2024-04-14 12:55:00+00:00, run_after=2024-04-14 12:56:00+00:00
[2024-04-14T12:56:22.648+0000] {processor.py:183} INFO - Processing /home/airflow/.local/lib/python3.12/site-packages/airflow/example_dags/example_branch_python_dop_operator_3.py took 0.515 seconds
[2024-04-14T12:56:52.771+0000] {processor.py:161} INFO - Started process (PID=878) to work on /home/airflow/.local/lib/python3.12/site-packages/airflow/example_dags/example_branch_python_dop_operator_3.py
[2024-04-14T12:56:52.772+0000] {processor.py:830} INFO - Processing file /home/airflow/.local/lib/python3.12/site-packages/airflow/example_dags/example_branch_python_dop_operator_3.py for tasks to queue
[2024-04-14T12:56:52.775+0000] {logging_mixin.py:188} INFO - [2024-04-14T12:56:52.774+0000] {dagbag.py:540} INFO - Filling up the DagBag from /home/airflow/.local/lib/python3.12/site-packages/airflow/example_dags/example_branch_python_dop_operator_3.py
[2024-04-14T12:56:52.788+0000] {processor.py:840} INFO - DAG(s) 'example_branch_dop_operator_v3' retrieved from /home/airflow/.local/lib/python3.12/site-packages/airflow/example_dags/example_branch_python_dop_operator_3.py
[2024-04-14T12:56:52.824+0000] {logging_mixin.py:188} INFO - [2024-04-14T12:56:52.824+0000] {dag.py:3096} INFO - Sync 1 DAGs
[2024-04-14T12:56:52.890+0000] {logging_mixin.py:188} INFO - [2024-04-14T12:56:52.889+0000] {dag.py:3954} INFO - Setting next_dagrun for example_branch_dop_operator_v3 to 2024-04-14 12:55:00+00:00, run_after=2024-04-14 12:56:00+00:00
[2024-04-14T12:56:52.925+0000] {processor.py:183} INFO - Processing /home/airflow/.local/lib/python3.12/site-packages/airflow/example_dags/example_branch_python_dop_operator_3.py took 0.165 seconds
[2024-04-14T12:57:23.346+0000] {processor.py:161} INFO - Started process (PID=936) to work on /home/airflow/.local/lib/python3.12/site-packages/airflow/example_dags/example_branch_python_dop_operator_3.py
[2024-04-14T12:57:23.348+0000] {processor.py:830} INFO - Processing file /home/airflow/.local/lib/python3.12/site-packages/airflow/example_dags/example_branch_python_dop_operator_3.py for tasks to queue
[2024-04-14T12:57:23.351+0000] {logging_mixin.py:188} INFO - [2024-04-14T12:57:23.350+0000] {dagbag.py:540} INFO - Filling up the DagBag from /home/airflow/.local/lib/python3.12/site-packages/airflow/example_dags/example_branch_python_dop_operator_3.py
[2024-04-14T12:57:23.367+0000] {processor.py:840} INFO - DAG(s) 'example_branch_dop_operator_v3' retrieved from /home/airflow/.local/lib/python3.12/site-packages/airflow/example_dags/example_branch_python_dop_operator_3.py
[2024-04-14T12:57:23.396+0000] {logging_mixin.py:188} INFO - [2024-04-14T12:57:23.396+0000] {dag.py:3096} INFO - Sync 1 DAGs
[2024-04-14T12:57:23.437+0000] {logging_mixin.py:188} INFO - [2024-04-14T12:57:23.436+0000] {dag.py:3954} INFO - Setting next_dagrun for example_branch_dop_operator_v3 to 2024-04-14 12:56:00+00:00, run_after=2024-04-14 12:57:00+00:00
[2024-04-14T12:57:23.465+0000] {processor.py:183} INFO - Processing /home/airflow/.local/lib/python3.12/site-packages/airflow/example_dags/example_branch_python_dop_operator_3.py took 0.130 seconds
[2024-04-14T12:57:54.273+0000] {processor.py:161} INFO - Started process (PID=995) to work on /home/airflow/.local/lib/python3.12/site-packages/airflow/example_dags/example_branch_python_dop_operator_3.py
[2024-04-14T12:57:54.275+0000] {processor.py:830} INFO - Processing file /home/airflow/.local/lib/python3.12/site-packages/airflow/example_dags/example_branch_python_dop_operator_3.py for tasks to queue
[2024-04-14T12:57:54.279+0000] {logging_mixin.py:188} INFO - [2024-04-14T12:57:54.278+0000] {dagbag.py:540} INFO - Filling up the DagBag from /home/airflow/.local/lib/python3.12/site-packages/airflow/example_dags/example_branch_python_dop_operator_3.py
[2024-04-14T12:57:54.296+0000] {processor.py:840} INFO - DAG(s) 'example_branch_dop_operator_v3' retrieved from /home/airflow/.local/lib/python3.12/site-packages/airflow/example_dags/example_branch_python_dop_operator_3.py
[2024-04-14T12:57:54.349+0000] {logging_mixin.py:188} INFO - [2024-04-14T12:57:54.348+0000] {dag.py:3096} INFO - Sync 1 DAGs
[2024-04-14T12:57:54.433+0000] {logging_mixin.py:188} INFO - [2024-04-14T12:57:54.432+0000] {dag.py:3954} INFO - Setting next_dagrun for example_branch_dop_operator_v3 to 2024-04-14 12:56:00+00:00, run_after=2024-04-14 12:57:00+00:00
[2024-04-14T12:57:54.568+0000] {processor.py:183} INFO - Processing /home/airflow/.local/lib/python3.12/site-packages/airflow/example_dags/example_branch_python_dop_operator_3.py took 0.304 seconds
[2024-04-14T12:58:24.645+0000] {processor.py:161} INFO - Started process (PID=1053) to work on /home/airflow/.local/lib/python3.12/site-packages/airflow/example_dags/example_branch_python_dop_operator_3.py
[2024-04-14T12:58:24.647+0000] {processor.py:830} INFO - Processing file /home/airflow/.local/lib/python3.12/site-packages/airflow/example_dags/example_branch_python_dop_operator_3.py for tasks to queue
[2024-04-14T12:58:24.650+0000] {logging_mixin.py:188} INFO - [2024-04-14T12:58:24.649+0000] {dagbag.py:540} INFO - Filling up the DagBag from /home/airflow/.local/lib/python3.12/site-packages/airflow/example_dags/example_branch_python_dop_operator_3.py
[2024-04-14T12:58:24.666+0000] {processor.py:840} INFO - DAG(s) 'example_branch_dop_operator_v3' retrieved from /home/airflow/.local/lib/python3.12/site-packages/airflow/example_dags/example_branch_python_dop_operator_3.py
[2024-04-14T12:58:24.697+0000] {logging_mixin.py:188} INFO - [2024-04-14T12:58:24.697+0000] {dag.py:3096} INFO - Sync 1 DAGs
[2024-04-14T12:58:24.753+0000] {logging_mixin.py:188} INFO - [2024-04-14T12:58:24.753+0000] {dag.py:3954} INFO - Setting next_dagrun for example_branch_dop_operator_v3 to 2024-04-14 12:57:00+00:00, run_after=2024-04-14 12:58:00+00:00
[2024-04-14T12:58:24.808+0000] {processor.py:183} INFO - Processing /home/airflow/.local/lib/python3.12/site-packages/airflow/example_dags/example_branch_python_dop_operator_3.py took 0.175 seconds
[2024-04-14T12:58:55.500+0000] {processor.py:161} INFO - Started process (PID=1111) to work on /home/airflow/.local/lib/python3.12/site-packages/airflow/example_dags/example_branch_python_dop_operator_3.py
[2024-04-14T12:58:55.502+0000] {processor.py:830} INFO - Processing file /home/airflow/.local/lib/python3.12/site-packages/airflow/example_dags/example_branch_python_dop_operator_3.py for tasks to queue
[2024-04-14T12:58:55.506+0000] {logging_mixin.py:188} INFO - [2024-04-14T12:58:55.505+0000] {dagbag.py:540} INFO - Filling up the DagBag from /home/airflow/.local/lib/python3.12/site-packages/airflow/example_dags/example_branch_python_dop_operator_3.py
[2024-04-14T12:58:55.548+0000] {processor.py:840} INFO - DAG(s) 'example_branch_dop_operator_v3' retrieved from /home/airflow/.local/lib/python3.12/site-packages/airflow/example_dags/example_branch_python_dop_operator_3.py
[2024-04-14T12:58:55.573+0000] {logging_mixin.py:188} INFO - [2024-04-14T12:58:55.573+0000] {dag.py:3096} INFO - Sync 1 DAGs
[2024-04-14T12:58:55.685+0000] {logging_mixin.py:188} INFO - [2024-04-14T12:58:55.684+0000] {dag.py:3954} INFO - Setting next_dagrun for example_branch_dop_operator_v3 to 2024-04-14 12:57:00+00:00, run_after=2024-04-14 12:58:00+00:00
[2024-04-14T12:58:55.744+0000] {processor.py:183} INFO - Processing /home/airflow/.local/lib/python3.12/site-packages/airflow/example_dags/example_branch_python_dop_operator_3.py took 0.258 seconds
[2024-04-14T12:59:26.553+0000] {processor.py:161} INFO - Started process (PID=1170) to work on /home/airflow/.local/lib/python3.12/site-packages/airflow/example_dags/example_branch_python_dop_operator_3.py
[2024-04-14T12:59:26.555+0000] {processor.py:830} INFO - Processing file /home/airflow/.local/lib/python3.12/site-packages/airflow/example_dags/example_branch_python_dop_operator_3.py for tasks to queue
[2024-04-14T12:59:26.558+0000] {logging_mixin.py:188} INFO - [2024-04-14T12:59:26.557+0000] {dagbag.py:540} INFO - Filling up the DagBag from /home/airflow/.local/lib/python3.12/site-packages/airflow/example_dags/example_branch_python_dop_operator_3.py
[2024-04-14T12:59:26.573+0000] {processor.py:840} INFO - DAG(s) 'example_branch_dop_operator_v3' retrieved from /home/airflow/.local/lib/python3.12/site-packages/airflow/example_dags/example_branch_python_dop_operator_3.py
[2024-04-14T12:59:26.778+0000] {logging_mixin.py:188} INFO - [2024-04-14T12:59:26.778+0000] {dag.py:3096} INFO - Sync 1 DAGs
[2024-04-14T12:59:26.836+0000] {logging_mixin.py:188} INFO - [2024-04-14T12:59:26.835+0000] {dag.py:3954} INFO - Setting next_dagrun for example_branch_dop_operator_v3 to 2024-04-14 12:58:00+00:00, run_after=2024-04-14 12:59:00+00:00
[2024-04-14T12:59:26.875+0000] {processor.py:183} INFO - Processing /home/airflow/.local/lib/python3.12/site-packages/airflow/example_dags/example_branch_python_dop_operator_3.py took 0.330 seconds
[2024-04-14T12:59:57.309+0000] {processor.py:161} INFO - Started process (PID=1229) to work on /home/airflow/.local/lib/python3.12/site-packages/airflow/example_dags/example_branch_python_dop_operator_3.py
[2024-04-14T12:59:57.310+0000] {processor.py:830} INFO - Processing file /home/airflow/.local/lib/python3.12/site-packages/airflow/example_dags/example_branch_python_dop_operator_3.py for tasks to queue
[2024-04-14T12:59:57.313+0000] {logging_mixin.py:188} INFO - [2024-04-14T12:59:57.312+0000] {dagbag.py:540} INFO - Filling up the DagBag from /home/airflow/.local/lib/python3.12/site-packages/airflow/example_dags/example_branch_python_dop_operator_3.py
[2024-04-14T12:59:57.326+0000] {processor.py:840} INFO - DAG(s) 'example_branch_dop_operator_v3' retrieved from /home/airflow/.local/lib/python3.12/site-packages/airflow/example_dags/example_branch_python_dop_operator_3.py
[2024-04-14T12:59:57.362+0000] {logging_mixin.py:188} INFO - [2024-04-14T12:59:57.362+0000] {dag.py:3096} INFO - Sync 1 DAGs
[2024-04-14T12:59:57.402+0000] {logging_mixin.py:188} INFO - [2024-04-14T12:59:57.402+0000] {dag.py:3954} INFO - Setting next_dagrun for example_branch_dop_operator_v3 to 2024-04-14 12:58:00+00:00, run_after=2024-04-14 12:59:00+00:00
[2024-04-14T12:59:57.431+0000] {processor.py:183} INFO - Processing /home/airflow/.local/lib/python3.12/site-packages/airflow/example_dags/example_branch_python_dop_operator_3.py took 0.133 seconds
[2024-04-14T13:00:27.889+0000] {processor.py:161} INFO - Started process (PID=1288) to work on /home/airflow/.local/lib/python3.12/site-packages/airflow/example_dags/example_branch_python_dop_operator_3.py
[2024-04-14T13:00:27.891+0000] {processor.py:830} INFO - Processing file /home/airflow/.local/lib/python3.12/site-packages/airflow/example_dags/example_branch_python_dop_operator_3.py for tasks to queue
[2024-04-14T13:00:27.892+0000] {logging_mixin.py:188} INFO - [2024-04-14T13:00:27.892+0000] {dagbag.py:540} INFO - Filling up the DagBag from /home/airflow/.local/lib/python3.12/site-packages/airflow/example_dags/example_branch_python_dop_operator_3.py
[2024-04-14T13:00:27.908+0000] {processor.py:840} INFO - DAG(s) 'example_branch_dop_operator_v3' retrieved from /home/airflow/.local/lib/python3.12/site-packages/airflow/example_dags/example_branch_python_dop_operator_3.py
[2024-04-14T13:00:27.948+0000] {logging_mixin.py:188} INFO - [2024-04-14T13:00:27.947+0000] {dag.py:3096} INFO - Sync 1 DAGs
[2024-04-14T13:00:28.019+0000] {logging_mixin.py:188} INFO - [2024-04-14T13:00:28.019+0000] {dag.py:3954} INFO - Setting next_dagrun for example_branch_dop_operator_v3 to 2024-04-14 12:59:00+00:00, run_after=2024-04-14 13:00:00+00:00
[2024-04-14T13:00:28.074+0000] {processor.py:183} INFO - Processing /home/airflow/.local/lib/python3.12/site-packages/airflow/example_dags/example_branch_python_dop_operator_3.py took 0.194 seconds
[2024-04-14T13:01:00.148+0000] {processor.py:161} INFO - Started process (PID=1347) to work on /home/airflow/.local/lib/python3.12/site-packages/airflow/example_dags/example_branch_python_dop_operator_3.py
[2024-04-14T13:01:00.150+0000] {processor.py:830} INFO - Processing file /home/airflow/.local/lib/python3.12/site-packages/airflow/example_dags/example_branch_python_dop_operator_3.py for tasks to queue
[2024-04-14T13:01:00.152+0000] {logging_mixin.py:188} INFO - [2024-04-14T13:01:00.151+0000] {dagbag.py:540} INFO - Filling up the DagBag from /home/airflow/.local/lib/python3.12/site-packages/airflow/example_dags/example_branch_python_dop_operator_3.py
[2024-04-14T13:01:00.175+0000] {processor.py:840} INFO - DAG(s) 'example_branch_dop_operator_v3' retrieved from /home/airflow/.local/lib/python3.12/site-packages/airflow/example_dags/example_branch_python_dop_operator_3.py
[2024-04-14T13:01:00.226+0000] {logging_mixin.py:188} INFO - [2024-04-14T13:01:00.225+0000] {dag.py:3096} INFO - Sync 1 DAGs
[2024-04-14T13:01:00.287+0000] {logging_mixin.py:188} INFO - [2024-04-14T13:01:00.287+0000] {dag.py:3954} INFO - Setting next_dagrun for example_branch_dop_operator_v3 to 2024-04-14 13:00:00+00:00, run_after=2024-04-14 13:01:00+00:00
[2024-04-14T13:01:00.342+0000] {processor.py:183} INFO - Processing /home/airflow/.local/lib/python3.12/site-packages/airflow/example_dags/example_branch_python_dop_operator_3.py took 0.207 seconds
[2024-04-14T13:01:31.239+0000] {processor.py:161} INFO - Started process (PID=1406) to work on /home/airflow/.local/lib/python3.12/site-packages/airflow/example_dags/example_branch_python_dop_operator_3.py
[2024-04-14T13:01:31.241+0000] {processor.py:830} INFO - Processing file /home/airflow/.local/lib/python3.12/site-packages/airflow/example_dags/example_branch_python_dop_operator_3.py for tasks to queue
[2024-04-14T13:01:31.243+0000] {logging_mixin.py:188} INFO - [2024-04-14T13:01:31.242+0000] {dagbag.py:540} INFO - Filling up the DagBag from /home/airflow/.local/lib/python3.12/site-packages/airflow/example_dags/example_branch_python_dop_operator_3.py
[2024-04-14T13:01:31.256+0000] {processor.py:840} INFO - DAG(s) 'example_branch_dop_operator_v3' retrieved from /home/airflow/.local/lib/python3.12/site-packages/airflow/example_dags/example_branch_python_dop_operator_3.py
[2024-04-14T13:01:31.296+0000] {logging_mixin.py:188} INFO - [2024-04-14T13:01:31.296+0000] {dag.py:3096} INFO - Sync 1 DAGs
[2024-04-14T13:01:31.365+0000] {logging_mixin.py:188} INFO - [2024-04-14T13:01:31.365+0000] {dag.py:3954} INFO - Setting next_dagrun for example_branch_dop_operator_v3 to 2024-04-14 13:00:00+00:00, run_after=2024-04-14 13:01:00+00:00
[2024-04-14T13:01:31.406+0000] {processor.py:183} INFO - Processing /home/airflow/.local/lib/python3.12/site-packages/airflow/example_dags/example_branch_python_dop_operator_3.py took 0.175 seconds
[2024-04-14T13:02:01.680+0000] {processor.py:161} INFO - Started process (PID=1466) to work on /home/airflow/.local/lib/python3.12/site-packages/airflow/example_dags/example_branch_python_dop_operator_3.py
[2024-04-14T13:02:01.682+0000] {processor.py:830} INFO - Processing file /home/airflow/.local/lib/python3.12/site-packages/airflow/example_dags/example_branch_python_dop_operator_3.py for tasks to queue
[2024-04-14T13:02:01.683+0000] {logging_mixin.py:188} INFO - [2024-04-14T13:02:01.683+0000] {dagbag.py:540} INFO - Filling up the DagBag from /home/airflow/.local/lib/python3.12/site-packages/airflow/example_dags/example_branch_python_dop_operator_3.py
[2024-04-14T13:02:01.695+0000] {processor.py:840} INFO - DAG(s) 'example_branch_dop_operator_v3' retrieved from /home/airflow/.local/lib/python3.12/site-packages/airflow/example_dags/example_branch_python_dop_operator_3.py
[2024-04-14T13:02:01.727+0000] {logging_mixin.py:188} INFO - [2024-04-14T13:02:01.727+0000] {dag.py:3096} INFO - Sync 1 DAGs
[2024-04-14T13:02:01.767+0000] {logging_mixin.py:188} INFO - [2024-04-14T13:02:01.767+0000] {dag.py:3954} INFO - Setting next_dagrun for example_branch_dop_operator_v3 to 2024-04-14 13:01:00+00:00, run_after=2024-04-14 13:02:00+00:00
[2024-04-14T13:02:01.799+0000] {processor.py:183} INFO - Processing /home/airflow/.local/lib/python3.12/site-packages/airflow/example_dags/example_branch_python_dop_operator_3.py took 0.129 seconds
[2024-04-14T13:02:32.117+0000] {processor.py:161} INFO - Started process (PID=1525) to work on /home/airflow/.local/lib/python3.12/site-packages/airflow/example_dags/example_branch_python_dop_operator_3.py
[2024-04-14T13:02:32.120+0000] {processor.py:830} INFO - Processing file /home/airflow/.local/lib/python3.12/site-packages/airflow/example_dags/example_branch_python_dop_operator_3.py for tasks to queue
[2024-04-14T13:02:32.122+0000] {logging_mixin.py:188} INFO - [2024-04-14T13:02:32.121+0000] {dagbag.py:540} INFO - Filling up the DagBag from /home/airflow/.local/lib/python3.12/site-packages/airflow/example_dags/example_branch_python_dop_operator_3.py
[2024-04-14T13:02:32.137+0000] {processor.py:840} INFO - DAG(s) 'example_branch_dop_operator_v3' retrieved from /home/airflow/.local/lib/python3.12/site-packages/airflow/example_dags/example_branch_python_dop_operator_3.py
[2024-04-14T13:02:32.190+0000] {logging_mixin.py:188} INFO - [2024-04-14T13:02:32.189+0000] {dag.py:3096} INFO - Sync 1 DAGs
[2024-04-14T13:02:32.258+0000] {logging_mixin.py:188} INFO - [2024-04-14T13:02:32.258+0000] {dag.py:3954} INFO - Setting next_dagrun for example_branch_dop_operator_v3 to 2024-04-14 13:01:00+00:00, run_after=2024-04-14 13:02:00+00:00
[2024-04-14T13:02:32.301+0000] {processor.py:183} INFO - Processing /home/airflow/.local/lib/python3.12/site-packages/airflow/example_dags/example_branch_python_dop_operator_3.py took 0.192 seconds
[2024-04-14T13:03:04.359+0000] {processor.py:161} INFO - Started process (PID=1581) to work on /home/airflow/.local/lib/python3.12/site-packages/airflow/example_dags/example_branch_python_dop_operator_3.py
[2024-04-14T13:03:04.361+0000] {processor.py:830} INFO - Processing file /home/airflow/.local/lib/python3.12/site-packages/airflow/example_dags/example_branch_python_dop_operator_3.py for tasks to queue
[2024-04-14T13:03:04.364+0000] {logging_mixin.py:188} INFO - [2024-04-14T13:03:04.363+0000] {dagbag.py:540} INFO - Filling up the DagBag from /home/airflow/.local/lib/python3.12/site-packages/airflow/example_dags/example_branch_python_dop_operator_3.py
[2024-04-14T13:03:04.382+0000] {processor.py:840} INFO - DAG(s) 'example_branch_dop_operator_v3' retrieved from /home/airflow/.local/lib/python3.12/site-packages/airflow/example_dags/example_branch_python_dop_operator_3.py
[2024-04-14T13:03:04.425+0000] {logging_mixin.py:188} INFO - [2024-04-14T13:03:04.424+0000] {dag.py:3096} INFO - Sync 1 DAGs
[2024-04-14T13:03:04.514+0000] {logging_mixin.py:188} INFO - [2024-04-14T13:03:04.513+0000] {dag.py:3954} INFO - Setting next_dagrun for example_branch_dop_operator_v3 to 2024-04-14 13:02:00+00:00, run_after=2024-04-14 13:03:00+00:00
[2024-04-14T13:03:04.570+0000] {processor.py:183} INFO - Processing /home/airflow/.local/lib/python3.12/site-packages/airflow/example_dags/example_branch_python_dop_operator_3.py took 0.228 seconds
[2024-04-14T13:03:37.908+0000] {processor.py:161} INFO - Started process (PID=1640) to work on /home/airflow/.local/lib/python3.12/site-packages/airflow/example_dags/example_branch_python_dop_operator_3.py
[2024-04-14T13:03:37.910+0000] {processor.py:830} INFO - Processing file /home/airflow/.local/lib/python3.12/site-packages/airflow/example_dags/example_branch_python_dop_operator_3.py for tasks to queue
[2024-04-14T13:03:37.912+0000] {logging_mixin.py:188} INFO - [2024-04-14T13:03:37.912+0000] {dagbag.py:540} INFO - Filling up the DagBag from /home/airflow/.local/lib/python3.12/site-packages/airflow/example_dags/example_branch_python_dop_operator_3.py
[2024-04-14T13:03:37.958+0000] {processor.py:840} INFO - DAG(s) 'example_branch_dop_operator_v3' retrieved from /home/airflow/.local/lib/python3.12/site-packages/airflow/example_dags/example_branch_python_dop_operator_3.py
[2024-04-14T13:03:38.143+0000] {logging_mixin.py:188} INFO - [2024-04-14T13:03:38.136+0000] {dag.py:3096} INFO - Sync 1 DAGs
[2024-04-14T13:03:38.504+0000] {logging_mixin.py:188} INFO - [2024-04-14T13:03:38.504+0000] {dag.py:3954} INFO - Setting next_dagrun for example_branch_dop_operator_v3 to 2024-04-14 13:02:00+00:00, run_after=2024-04-14 13:03:00+00:00
[2024-04-14T13:03:38.751+0000] {processor.py:183} INFO - Processing /home/airflow/.local/lib/python3.12/site-packages/airflow/example_dags/example_branch_python_dop_operator_3.py took 0.869 seconds
[2024-04-14T13:04:09.362+0000] {processor.py:161} INFO - Started process (PID=1700) to work on /home/airflow/.local/lib/python3.12/site-packages/airflow/example_dags/example_branch_python_dop_operator_3.py
[2024-04-14T13:04:09.371+0000] {processor.py:830} INFO - Processing file /home/airflow/.local/lib/python3.12/site-packages/airflow/example_dags/example_branch_python_dop_operator_3.py for tasks to queue
[2024-04-14T13:04:09.378+0000] {logging_mixin.py:188} INFO - [2024-04-14T13:04:09.373+0000] {dagbag.py:540} INFO - Filling up the DagBag from /home/airflow/.local/lib/python3.12/site-packages/airflow/example_dags/example_branch_python_dop_operator_3.py
[2024-04-14T13:04:09.445+0000] {processor.py:840} INFO - DAG(s) 'example_branch_dop_operator_v3' retrieved from /home/airflow/.local/lib/python3.12/site-packages/airflow/example_dags/example_branch_python_dop_operator_3.py
[2024-04-14T13:04:09.694+0000] {logging_mixin.py:188} INFO - [2024-04-14T13:04:09.694+0000] {dag.py:3096} INFO - Sync 1 DAGs
[2024-04-14T13:04:09.890+0000] {logging_mixin.py:188} INFO - [2024-04-14T13:04:09.890+0000] {dag.py:3954} INFO - Setting next_dagrun for example_branch_dop_operator_v3 to 2024-04-14 13:03:00+00:00, run_after=2024-04-14 13:04:00+00:00
[2024-04-14T13:04:10.012+0000] {processor.py:183} INFO - Processing /home/airflow/.local/lib/python3.12/site-packages/airflow/example_dags/example_branch_python_dop_operator_3.py took 0.716 seconds
[2024-04-14T13:04:40.847+0000] {processor.py:161} INFO - Started process (PID=1760) to work on /home/airflow/.local/lib/python3.12/site-packages/airflow/example_dags/example_branch_python_dop_operator_3.py
[2024-04-14T13:04:40.849+0000] {processor.py:830} INFO - Processing file /home/airflow/.local/lib/python3.12/site-packages/airflow/example_dags/example_branch_python_dop_operator_3.py for tasks to queue
[2024-04-14T13:04:40.850+0000] {logging_mixin.py:188} INFO - [2024-04-14T13:04:40.850+0000] {dagbag.py:540} INFO - Filling up the DagBag from /home/airflow/.local/lib/python3.12/site-packages/airflow/example_dags/example_branch_python_dop_operator_3.py
[2024-04-14T13:04:40.865+0000] {processor.py:840} INFO - DAG(s) 'example_branch_dop_operator_v3' retrieved from /home/airflow/.local/lib/python3.12/site-packages/airflow/example_dags/example_branch_python_dop_operator_3.py
[2024-04-14T13:04:40.898+0000] {logging_mixin.py:188} INFO - [2024-04-14T13:04:40.897+0000] {dag.py:3096} INFO - Sync 1 DAGs
[2024-04-14T13:04:40.951+0000] {logging_mixin.py:188} INFO - [2024-04-14T13:04:40.951+0000] {dag.py:3954} INFO - Setting next_dagrun for example_branch_dop_operator_v3 to 2024-04-14 13:03:00+00:00, run_after=2024-04-14 13:04:00+00:00
[2024-04-14T13:04:40.992+0000] {processor.py:183} INFO - Processing /home/airflow/.local/lib/python3.12/site-packages/airflow/example_dags/example_branch_python_dop_operator_3.py took 0.153 seconds
[2024-04-14T13:05:11.165+0000] {processor.py:161} INFO - Started process (PID=1818) to work on /home/airflow/.local/lib/python3.12/site-packages/airflow/example_dags/example_branch_python_dop_operator_3.py
[2024-04-14T13:05:11.167+0000] {processor.py:830} INFO - Processing file /home/airflow/.local/lib/python3.12/site-packages/airflow/example_dags/example_branch_python_dop_operator_3.py for tasks to queue
[2024-04-14T13:05:11.169+0000] {logging_mixin.py:188} INFO - [2024-04-14T13:05:11.169+0000] {dagbag.py:540} INFO - Filling up the DagBag from /home/airflow/.local/lib/python3.12/site-packages/airflow/example_dags/example_branch_python_dop_operator_3.py
[2024-04-14T13:05:11.185+0000] {processor.py:840} INFO - DAG(s) 'example_branch_dop_operator_v3' retrieved from /home/airflow/.local/lib/python3.12/site-packages/airflow/example_dags/example_branch_python_dop_operator_3.py
[2024-04-14T13:05:11.260+0000] {logging_mixin.py:188} INFO - [2024-04-14T13:05:11.259+0000] {dag.py:3096} INFO - Sync 1 DAGs
[2024-04-14T13:05:11.358+0000] {logging_mixin.py:188} INFO - [2024-04-14T13:05:11.356+0000] {dag.py:3954} INFO - Setting next_dagrun for example_branch_dop_operator_v3 to 2024-04-14 13:04:00+00:00, run_after=2024-04-14 13:05:00+00:00
[2024-04-14T13:05:11.464+0000] {processor.py:183} INFO - Processing /home/airflow/.local/lib/python3.12/site-packages/airflow/example_dags/example_branch_python_dop_operator_3.py took 0.308 seconds
[2024-04-14T13:05:42.019+0000] {processor.py:161} INFO - Started process (PID=1876) to work on /home/airflow/.local/lib/python3.12/site-packages/airflow/example_dags/example_branch_python_dop_operator_3.py
[2024-04-14T13:05:42.021+0000] {processor.py:830} INFO - Processing file /home/airflow/.local/lib/python3.12/site-packages/airflow/example_dags/example_branch_python_dop_operator_3.py for tasks to queue
[2024-04-14T13:05:42.024+0000] {logging_mixin.py:188} INFO - [2024-04-14T13:05:42.023+0000] {dagbag.py:540} INFO - Filling up the DagBag from /home/airflow/.local/lib/python3.12/site-packages/airflow/example_dags/example_branch_python_dop_operator_3.py
[2024-04-14T13:05:42.039+0000] {processor.py:840} INFO - DAG(s) 'example_branch_dop_operator_v3' retrieved from /home/airflow/.local/lib/python3.12/site-packages/airflow/example_dags/example_branch_python_dop_operator_3.py
[2024-04-14T13:05:42.077+0000] {logging_mixin.py:188} INFO - [2024-04-14T13:05:42.077+0000] {dag.py:3096} INFO - Sync 1 DAGs
[2024-04-14T13:05:42.134+0000] {logging_mixin.py:188} INFO - [2024-04-14T13:05:42.134+0000] {dag.py:3954} INFO - Setting next_dagrun for example_branch_dop_operator_v3 to 2024-04-14 13:04:00+00:00, run_after=2024-04-14 13:05:00+00:00
[2024-04-14T13:05:42.179+0000] {processor.py:183} INFO - Processing /home/airflow/.local/lib/python3.12/site-packages/airflow/example_dags/example_branch_python_dop_operator_3.py took 0.169 seconds
[2024-04-14T13:06:12.878+0000] {processor.py:161} INFO - Started process (PID=1933) to work on /home/airflow/.local/lib/python3.12/site-packages/airflow/example_dags/example_branch_python_dop_operator_3.py
[2024-04-14T13:06:12.879+0000] {processor.py:830} INFO - Processing file /home/airflow/.local/lib/python3.12/site-packages/airflow/example_dags/example_branch_python_dop_operator_3.py for tasks to queue
[2024-04-14T13:06:12.885+0000] {logging_mixin.py:188} INFO - [2024-04-14T13:06:12.882+0000] {dagbag.py:540} INFO - Filling up the DagBag from /home/airflow/.local/lib/python3.12/site-packages/airflow/example_dags/example_branch_python_dop_operator_3.py
[2024-04-14T13:06:12.911+0000] {processor.py:840} INFO - DAG(s) 'example_branch_dop_operator_v3' retrieved from /home/airflow/.local/lib/python3.12/site-packages/airflow/example_dags/example_branch_python_dop_operator_3.py
[2024-04-14T13:06:12.974+0000] {logging_mixin.py:188} INFO - [2024-04-14T13:06:12.974+0000] {dag.py:3096} INFO - Sync 1 DAGs
[2024-04-14T13:06:13.056+0000] {logging_mixin.py:188} INFO - [2024-04-14T13:06:13.055+0000] {dag.py:3954} INFO - Setting next_dagrun for example_branch_dop_operator_v3 to 2024-04-14 13:05:00+00:00, run_after=2024-04-14 13:06:00+00:00
[2024-04-14T13:06:13.137+0000] {processor.py:183} INFO - Processing /home/airflow/.local/lib/python3.12/site-packages/airflow/example_dags/example_branch_python_dop_operator_3.py took 0.273 seconds
[2024-04-14T13:06:44.046+0000] {processor.py:161} INFO - Started process (PID=1992) to work on /home/airflow/.local/lib/python3.12/site-packages/airflow/example_dags/example_branch_python_dop_operator_3.py
[2024-04-14T13:06:44.047+0000] {processor.py:830} INFO - Processing file /home/airflow/.local/lib/python3.12/site-packages/airflow/example_dags/example_branch_python_dop_operator_3.py for tasks to queue
[2024-04-14T13:06:44.049+0000] {logging_mixin.py:188} INFO - [2024-04-14T13:06:44.049+0000] {dagbag.py:540} INFO - Filling up the DagBag from /home/airflow/.local/lib/python3.12/site-packages/airflow/example_dags/example_branch_python_dop_operator_3.py
[2024-04-14T13:06:44.069+0000] {processor.py:840} INFO - DAG(s) 'example_branch_dop_operator_v3' retrieved from /home/airflow/.local/lib/python3.12/site-packages/airflow/example_dags/example_branch_python_dop_operator_3.py
[2024-04-14T13:06:44.118+0000] {logging_mixin.py:188} INFO - [2024-04-14T13:06:44.117+0000] {dag.py:3096} INFO - Sync 1 DAGs
[2024-04-14T13:06:44.170+0000] {logging_mixin.py:188} INFO - [2024-04-14T13:06:44.170+0000] {dag.py:3954} INFO - Setting next_dagrun for example_branch_dop_operator_v3 to 2024-04-14 13:05:00+00:00, run_after=2024-04-14 13:06:00+00:00
[2024-04-14T13:06:44.208+0000] {processor.py:183} INFO - Processing /home/airflow/.local/lib/python3.12/site-packages/airflow/example_dags/example_branch_python_dop_operator_3.py took 0.174 seconds
[2024-04-14T13:07:15.145+0000] {processor.py:161} INFO - Started process (PID=2051) to work on /home/airflow/.local/lib/python3.12/site-packages/airflow/example_dags/example_branch_python_dop_operator_3.py
[2024-04-14T13:07:15.155+0000] {processor.py:830} INFO - Processing file /home/airflow/.local/lib/python3.12/site-packages/airflow/example_dags/example_branch_python_dop_operator_3.py for tasks to queue
[2024-04-14T13:07:15.159+0000] {logging_mixin.py:188} INFO - [2024-04-14T13:07:15.158+0000] {dagbag.py:540} INFO - Filling up the DagBag from /home/airflow/.local/lib/python3.12/site-packages/airflow/example_dags/example_branch_python_dop_operator_3.py
[2024-04-14T13:07:15.188+0000] {processor.py:840} INFO - DAG(s) 'example_branch_dop_operator_v3' retrieved from /home/airflow/.local/lib/python3.12/site-packages/airflow/example_dags/example_branch_python_dop_operator_3.py
[2024-04-14T13:07:15.244+0000] {logging_mixin.py:188} INFO - [2024-04-14T13:07:15.243+0000] {dag.py:3096} INFO - Sync 1 DAGs
[2024-04-14T13:07:15.318+0000] {logging_mixin.py:188} INFO - [2024-04-14T13:07:15.318+0000] {dag.py:3954} INFO - Setting next_dagrun for example_branch_dop_operator_v3 to 2024-04-14 13:06:00+00:00, run_after=2024-04-14 13:07:00+00:00
[2024-04-14T13:07:15.350+0000] {processor.py:183} INFO - Processing /home/airflow/.local/lib/python3.12/site-packages/airflow/example_dags/example_branch_python_dop_operator_3.py took 0.223 seconds
[2024-04-14T13:07:46.030+0000] {processor.py:161} INFO - Started process (PID=2111) to work on /home/airflow/.local/lib/python3.12/site-packages/airflow/example_dags/example_branch_python_dop_operator_3.py
[2024-04-14T13:07:46.031+0000] {processor.py:830} INFO - Processing file /home/airflow/.local/lib/python3.12/site-packages/airflow/example_dags/example_branch_python_dop_operator_3.py for tasks to queue
[2024-04-14T13:07:46.032+0000] {logging_mixin.py:188} INFO - [2024-04-14T13:07:46.032+0000] {dagbag.py:540} INFO - Filling up the DagBag from /home/airflow/.local/lib/python3.12/site-packages/airflow/example_dags/example_branch_python_dop_operator_3.py
[2024-04-14T13:07:46.042+0000] {processor.py:840} INFO - DAG(s) 'example_branch_dop_operator_v3' retrieved from /home/airflow/.local/lib/python3.12/site-packages/airflow/example_dags/example_branch_python_dop_operator_3.py
[2024-04-14T13:07:46.070+0000] {logging_mixin.py:188} INFO - [2024-04-14T13:07:46.069+0000] {dag.py:3096} INFO - Sync 1 DAGs
[2024-04-14T13:07:46.108+0000] {logging_mixin.py:188} INFO - [2024-04-14T13:07:46.108+0000] {dag.py:3954} INFO - Setting next_dagrun for example_branch_dop_operator_v3 to 2024-04-14 13:06:00+00:00, run_after=2024-04-14 13:07:00+00:00
[2024-04-14T13:07:46.142+0000] {processor.py:183} INFO - Processing /home/airflow/.local/lib/python3.12/site-packages/airflow/example_dags/example_branch_python_dop_operator_3.py took 0.120 seconds
[2024-04-14T13:08:16.335+0000] {processor.py:161} INFO - Started process (PID=2172) to work on /home/airflow/.local/lib/python3.12/site-packages/airflow/example_dags/example_branch_python_dop_operator_3.py
[2024-04-14T13:08:16.337+0000] {processor.py:830} INFO - Processing file /home/airflow/.local/lib/python3.12/site-packages/airflow/example_dags/example_branch_python_dop_operator_3.py for tasks to queue
[2024-04-14T13:08:16.339+0000] {logging_mixin.py:188} INFO - [2024-04-14T13:08:16.339+0000] {dagbag.py:540} INFO - Filling up the DagBag from /home/airflow/.local/lib/python3.12/site-packages/airflow/example_dags/example_branch_python_dop_operator_3.py
[2024-04-14T13:08:16.387+0000] {processor.py:840} INFO - DAG(s) 'example_branch_dop_operator_v3' retrieved from /home/airflow/.local/lib/python3.12/site-packages/airflow/example_dags/example_branch_python_dop_operator_3.py
[2024-04-14T13:08:16.485+0000] {logging_mixin.py:188} INFO - [2024-04-14T13:08:16.485+0000] {dag.py:3096} INFO - Sync 1 DAGs
[2024-04-14T13:08:16.594+0000] {logging_mixin.py:188} INFO - [2024-04-14T13:08:16.594+0000] {dag.py:3954} INFO - Setting next_dagrun for example_branch_dop_operator_v3 to 2024-04-14 13:07:00+00:00, run_after=2024-04-14 13:08:00+00:00
[2024-04-14T13:08:16.706+0000] {processor.py:183} INFO - Processing /home/airflow/.local/lib/python3.12/site-packages/airflow/example_dags/example_branch_python_dop_operator_3.py took 0.388 seconds
[2024-04-14T13:08:46.901+0000] {processor.py:161} INFO - Started process (PID=2231) to work on /home/airflow/.local/lib/python3.12/site-packages/airflow/example_dags/example_branch_python_dop_operator_3.py
[2024-04-14T13:08:46.903+0000] {processor.py:830} INFO - Processing file /home/airflow/.local/lib/python3.12/site-packages/airflow/example_dags/example_branch_python_dop_operator_3.py for tasks to queue
[2024-04-14T13:08:46.905+0000] {logging_mixin.py:188} INFO - [2024-04-14T13:08:46.904+0000] {dagbag.py:540} INFO - Filling up the DagBag from /home/airflow/.local/lib/python3.12/site-packages/airflow/example_dags/example_branch_python_dop_operator_3.py
[2024-04-14T13:08:46.932+0000] {processor.py:840} INFO - DAG(s) 'example_branch_dop_operator_v3' retrieved from /home/airflow/.local/lib/python3.12/site-packages/airflow/example_dags/example_branch_python_dop_operator_3.py
[2024-04-14T13:08:46.990+0000] {logging_mixin.py:188} INFO - [2024-04-14T13:08:46.990+0000] {dag.py:3096} INFO - Sync 1 DAGs
[2024-04-14T13:08:47.057+0000] {logging_mixin.py:188} INFO - [2024-04-14T13:08:47.056+0000] {dag.py:3954} INFO - Setting next_dagrun for example_branch_dop_operator_v3 to 2024-04-14 13:07:00+00:00, run_after=2024-04-14 13:08:00+00:00
[2024-04-14T13:08:47.098+0000] {processor.py:183} INFO - Processing /home/airflow/.local/lib/python3.12/site-packages/airflow/example_dags/example_branch_python_dop_operator_3.py took 0.208 seconds
[2024-04-14T13:09:17.893+0000] {processor.py:161} INFO - Started process (PID=2290) to work on /home/airflow/.local/lib/python3.12/site-packages/airflow/example_dags/example_branch_python_dop_operator_3.py
[2024-04-14T13:09:17.895+0000] {processor.py:830} INFO - Processing file /home/airflow/.local/lib/python3.12/site-packages/airflow/example_dags/example_branch_python_dop_operator_3.py for tasks to queue
[2024-04-14T13:09:17.898+0000] {logging_mixin.py:188} INFO - [2024-04-14T13:09:17.897+0000] {dagbag.py:540} INFO - Filling up the DagBag from /home/airflow/.local/lib/python3.12/site-packages/airflow/example_dags/example_branch_python_dop_operator_3.py
[2024-04-14T13:09:17.932+0000] {processor.py:840} INFO - DAG(s) 'example_branch_dop_operator_v3' retrieved from /home/airflow/.local/lib/python3.12/site-packages/airflow/example_dags/example_branch_python_dop_operator_3.py
[2024-04-14T13:09:18.043+0000] {logging_mixin.py:188} INFO - [2024-04-14T13:09:18.042+0000] {dag.py:3096} INFO - Sync 1 DAGs
[2024-04-14T13:09:18.143+0000] {logging_mixin.py:188} INFO - [2024-04-14T13:09:18.142+0000] {dag.py:3954} INFO - Setting next_dagrun for example_branch_dop_operator_v3 to 2024-04-14 13:08:00+00:00, run_after=2024-04-14 13:09:00+00:00
[2024-04-14T13:09:18.262+0000] {processor.py:183} INFO - Processing /home/airflow/.local/lib/python3.12/site-packages/airflow/example_dags/example_branch_python_dop_operator_3.py took 0.424 seconds
[2024-04-14T13:09:48.350+0000] {processor.py:161} INFO - Started process (PID=2349) to work on /home/airflow/.local/lib/python3.12/site-packages/airflow/example_dags/example_branch_python_dop_operator_3.py
[2024-04-14T13:09:48.352+0000] {processor.py:830} INFO - Processing file /home/airflow/.local/lib/python3.12/site-packages/airflow/example_dags/example_branch_python_dop_operator_3.py for tasks to queue
[2024-04-14T13:09:48.354+0000] {logging_mixin.py:188} INFO - [2024-04-14T13:09:48.353+0000] {dagbag.py:540} INFO - Filling up the DagBag from /home/airflow/.local/lib/python3.12/site-packages/airflow/example_dags/example_branch_python_dop_operator_3.py
[2024-04-14T13:09:48.379+0000] {processor.py:840} INFO - DAG(s) 'example_branch_dop_operator_v3' retrieved from /home/airflow/.local/lib/python3.12/site-packages/airflow/example_dags/example_branch_python_dop_operator_3.py
[2024-04-14T13:09:48.425+0000] {logging_mixin.py:188} INFO - [2024-04-14T13:09:48.424+0000] {dag.py:3096} INFO - Sync 1 DAGs
[2024-04-14T13:09:48.488+0000] {logging_mixin.py:188} INFO - [2024-04-14T13:09:48.488+0000] {dag.py:3954} INFO - Setting next_dagrun for example_branch_dop_operator_v3 to 2024-04-14 13:08:00+00:00, run_after=2024-04-14 13:09:00+00:00
[2024-04-14T13:09:48.539+0000] {processor.py:183} INFO - Processing /home/airflow/.local/lib/python3.12/site-packages/airflow/example_dags/example_branch_python_dop_operator_3.py took 0.202 seconds
[2024-04-14T13:10:19.228+0000] {processor.py:161} INFO - Started process (PID=2408) to work on /home/airflow/.local/lib/python3.12/site-packages/airflow/example_dags/example_branch_python_dop_operator_3.py
[2024-04-14T13:10:19.229+0000] {processor.py:830} INFO - Processing file /home/airflow/.local/lib/python3.12/site-packages/airflow/example_dags/example_branch_python_dop_operator_3.py for tasks to queue
[2024-04-14T13:10:19.230+0000] {logging_mixin.py:188} INFO - [2024-04-14T13:10:19.230+0000] {dagbag.py:540} INFO - Filling up the DagBag from /home/airflow/.local/lib/python3.12/site-packages/airflow/example_dags/example_branch_python_dop_operator_3.py
[2024-04-14T13:10:19.243+0000] {processor.py:840} INFO - DAG(s) 'example_branch_dop_operator_v3' retrieved from /home/airflow/.local/lib/python3.12/site-packages/airflow/example_dags/example_branch_python_dop_operator_3.py
[2024-04-14T13:10:19.279+0000] {logging_mixin.py:188} INFO - [2024-04-14T13:10:19.278+0000] {dag.py:3096} INFO - Sync 1 DAGs
[2024-04-14T13:10:19.326+0000] {logging_mixin.py:188} INFO - [2024-04-14T13:10:19.326+0000] {dag.py:3954} INFO - Setting next_dagrun for example_branch_dop_operator_v3 to 2024-04-14 13:09:00+00:00, run_after=2024-04-14 13:10:00+00:00
[2024-04-14T13:10:19.368+0000] {processor.py:183} INFO - Processing /home/airflow/.local/lib/python3.12/site-packages/airflow/example_dags/example_branch_python_dop_operator_3.py took 0.148 seconds
[2024-04-14T13:10:49.526+0000] {processor.py:161} INFO - Started process (PID=2465) to work on /home/airflow/.local/lib/python3.12/site-packages/airflow/example_dags/example_branch_python_dop_operator_3.py
[2024-04-14T13:10:49.527+0000] {processor.py:830} INFO - Processing file /home/airflow/.local/lib/python3.12/site-packages/airflow/example_dags/example_branch_python_dop_operator_3.py for tasks to queue
[2024-04-14T13:10:49.529+0000] {logging_mixin.py:188} INFO - [2024-04-14T13:10:49.528+0000] {dagbag.py:540} INFO - Filling up the DagBag from /home/airflow/.local/lib/python3.12/site-packages/airflow/example_dags/example_branch_python_dop_operator_3.py
[2024-04-14T13:10:49.548+0000] {processor.py:840} INFO - DAG(s) 'example_branch_dop_operator_v3' retrieved from /home/airflow/.local/lib/python3.12/site-packages/airflow/example_dags/example_branch_python_dop_operator_3.py
[2024-04-14T13:10:49.587+0000] {logging_mixin.py:188} INFO - [2024-04-14T13:10:49.587+0000] {dag.py:3096} INFO - Sync 1 DAGs
[2024-04-14T13:10:49.636+0000] {logging_mixin.py:188} INFO - [2024-04-14T13:10:49.635+0000] {dag.py:3954} INFO - Setting next_dagrun for example_branch_dop_operator_v3 to 2024-04-14 13:09:00+00:00, run_after=2024-04-14 13:10:00+00:00
[2024-04-14T13:10:49.686+0000] {processor.py:183} INFO - Processing /home/airflow/.local/lib/python3.12/site-packages/airflow/example_dags/example_branch_python_dop_operator_3.py took 0.168 seconds
[2024-04-14T13:11:20.507+0000] {processor.py:161} INFO - Started process (PID=2530) to work on /home/airflow/.local/lib/python3.12/site-packages/airflow/example_dags/example_branch_python_dop_operator_3.py
[2024-04-14T13:11:20.510+0000] {processor.py:830} INFO - Processing file /home/airflow/.local/lib/python3.12/site-packages/airflow/example_dags/example_branch_python_dop_operator_3.py for tasks to queue
[2024-04-14T13:11:20.512+0000] {logging_mixin.py:188} INFO - [2024-04-14T13:11:20.511+0000] {dagbag.py:540} INFO - Filling up the DagBag from /home/airflow/.local/lib/python3.12/site-packages/airflow/example_dags/example_branch_python_dop_operator_3.py
[2024-04-14T13:11:20.536+0000] {processor.py:840} INFO - DAG(s) 'example_branch_dop_operator_v3' retrieved from /home/airflow/.local/lib/python3.12/site-packages/airflow/example_dags/example_branch_python_dop_operator_3.py
[2024-04-14T13:11:20.622+0000] {logging_mixin.py:188} INFO - [2024-04-14T13:11:20.621+0000] {dag.py:3096} INFO - Sync 1 DAGs
[2024-04-14T13:11:20.784+0000] {logging_mixin.py:188} INFO - [2024-04-14T13:11:20.783+0000] {dag.py:3954} INFO - Setting next_dagrun for example_branch_dop_operator_v3 to 2024-04-14 13:10:00+00:00, run_after=2024-04-14 13:11:00+00:00
[2024-04-14T13:11:20.905+0000] {processor.py:183} INFO - Processing /home/airflow/.local/lib/python3.12/site-packages/airflow/example_dags/example_branch_python_dop_operator_3.py took 0.414 seconds
[2024-04-14T13:11:51.126+0000] {processor.py:161} INFO - Started process (PID=2589) to work on /home/airflow/.local/lib/python3.12/site-packages/airflow/example_dags/example_branch_python_dop_operator_3.py
[2024-04-14T13:11:51.128+0000] {processor.py:830} INFO - Processing file /home/airflow/.local/lib/python3.12/site-packages/airflow/example_dags/example_branch_python_dop_operator_3.py for tasks to queue
[2024-04-14T13:11:51.131+0000] {logging_mixin.py:188} INFO - [2024-04-14T13:11:51.130+0000] {dagbag.py:540} INFO - Filling up the DagBag from /home/airflow/.local/lib/python3.12/site-packages/airflow/example_dags/example_branch_python_dop_operator_3.py
[2024-04-14T13:11:51.147+0000] {processor.py:840} INFO - DAG(s) 'example_branch_dop_operator_v3' retrieved from /home/airflow/.local/lib/python3.12/site-packages/airflow/example_dags/example_branch_python_dop_operator_3.py
[2024-04-14T13:11:51.184+0000] {logging_mixin.py:188} INFO - [2024-04-14T13:11:51.183+0000] {dag.py:3096} INFO - Sync 1 DAGs
[2024-04-14T13:11:51.239+0000] {logging_mixin.py:188} INFO - [2024-04-14T13:11:51.238+0000] {dag.py:3954} INFO - Setting next_dagrun for example_branch_dop_operator_v3 to 2024-04-14 13:10:00+00:00, run_after=2024-04-14 13:11:00+00:00
[2024-04-14T13:11:51.330+0000] {processor.py:183} INFO - Processing /home/airflow/.local/lib/python3.12/site-packages/airflow/example_dags/example_branch_python_dop_operator_3.py took 0.220 seconds
[2024-04-14T13:12:21.475+0000] {processor.py:161} INFO - Started process (PID=2648) to work on /home/airflow/.local/lib/python3.12/site-packages/airflow/example_dags/example_branch_python_dop_operator_3.py
[2024-04-14T13:12:21.476+0000] {processor.py:830} INFO - Processing file /home/airflow/.local/lib/python3.12/site-packages/airflow/example_dags/example_branch_python_dop_operator_3.py for tasks to queue
[2024-04-14T13:12:21.478+0000] {logging_mixin.py:188} INFO - [2024-04-14T13:12:21.478+0000] {dagbag.py:540} INFO - Filling up the DagBag from /home/airflow/.local/lib/python3.12/site-packages/airflow/example_dags/example_branch_python_dop_operator_3.py
[2024-04-14T13:12:21.496+0000] {processor.py:840} INFO - DAG(s) 'example_branch_dop_operator_v3' retrieved from /home/airflow/.local/lib/python3.12/site-packages/airflow/example_dags/example_branch_python_dop_operator_3.py
[2024-04-14T13:12:21.534+0000] {logging_mixin.py:188} INFO - [2024-04-14T13:12:21.533+0000] {dag.py:3096} INFO - Sync 1 DAGs
[2024-04-14T13:12:21.586+0000] {logging_mixin.py:188} INFO - [2024-04-14T13:12:21.585+0000] {dag.py:3954} INFO - Setting next_dagrun for example_branch_dop_operator_v3 to 2024-04-14 13:11:00+00:00, run_after=2024-04-14 13:12:00+00:00
[2024-04-14T13:12:21.627+0000] {processor.py:183} INFO - Processing /home/airflow/.local/lib/python3.12/site-packages/airflow/example_dags/example_branch_python_dop_operator_3.py took 0.159 seconds
[2024-04-14T13:12:52.210+0000] {processor.py:161} INFO - Started process (PID=2707) to work on /home/airflow/.local/lib/python3.12/site-packages/airflow/example_dags/example_branch_python_dop_operator_3.py
[2024-04-14T13:12:52.212+0000] {processor.py:830} INFO - Processing file /home/airflow/.local/lib/python3.12/site-packages/airflow/example_dags/example_branch_python_dop_operator_3.py for tasks to queue
[2024-04-14T13:12:52.214+0000] {logging_mixin.py:188} INFO - [2024-04-14T13:12:52.213+0000] {dagbag.py:540} INFO - Filling up the DagBag from /home/airflow/.local/lib/python3.12/site-packages/airflow/example_dags/example_branch_python_dop_operator_3.py
[2024-04-14T13:12:52.237+0000] {processor.py:840} INFO - DAG(s) 'example_branch_dop_operator_v3' retrieved from /home/airflow/.local/lib/python3.12/site-packages/airflow/example_dags/example_branch_python_dop_operator_3.py
[2024-04-14T13:12:52.281+0000] {logging_mixin.py:188} INFO - [2024-04-14T13:12:52.281+0000] {dag.py:3096} INFO - Sync 1 DAGs
[2024-04-14T13:12:52.343+0000] {logging_mixin.py:188} INFO - [2024-04-14T13:12:52.343+0000] {dag.py:3954} INFO - Setting next_dagrun for example_branch_dop_operator_v3 to 2024-04-14 13:11:00+00:00, run_after=2024-04-14 13:12:00+00:00
[2024-04-14T13:12:52.382+0000] {processor.py:183} INFO - Processing /home/airflow/.local/lib/python3.12/site-packages/airflow/example_dags/example_branch_python_dop_operator_3.py took 0.185 seconds
[2024-04-14T13:13:22.889+0000] {processor.py:161} INFO - Started process (PID=2765) to work on /home/airflow/.local/lib/python3.12/site-packages/airflow/example_dags/example_branch_python_dop_operator_3.py
[2024-04-14T13:13:22.891+0000] {processor.py:830} INFO - Processing file /home/airflow/.local/lib/python3.12/site-packages/airflow/example_dags/example_branch_python_dop_operator_3.py for tasks to queue
[2024-04-14T13:13:22.893+0000] {logging_mixin.py:188} INFO - [2024-04-14T13:13:22.892+0000] {dagbag.py:540} INFO - Filling up the DagBag from /home/airflow/.local/lib/python3.12/site-packages/airflow/example_dags/example_branch_python_dop_operator_3.py
[2024-04-14T13:13:22.907+0000] {processor.py:840} INFO - DAG(s) 'example_branch_dop_operator_v3' retrieved from /home/airflow/.local/lib/python3.12/site-packages/airflow/example_dags/example_branch_python_dop_operator_3.py
[2024-04-14T13:13:22.948+0000] {logging_mixin.py:188} INFO - [2024-04-14T13:13:22.948+0000] {dag.py:3096} INFO - Sync 1 DAGs
[2024-04-14T13:13:22.990+0000] {logging_mixin.py:188} INFO - [2024-04-14T13:13:22.989+0000] {dag.py:3954} INFO - Setting next_dagrun for example_branch_dop_operator_v3 to 2024-04-14 13:12:00+00:00, run_after=2024-04-14 13:13:00+00:00
[2024-04-14T13:13:23.027+0000] {processor.py:183} INFO - Processing /home/airflow/.local/lib/python3.12/site-packages/airflow/example_dags/example_branch_python_dop_operator_3.py took 0.147 seconds
