[2024-04-14T12:49:50.428+0000] {processor.py:161} INFO - Started process (PID=85) to work on /home/airflow/.local/lib/python3.12/site-packages/airflow/example_dags/example_bash_decorator.py
[2024-04-14T12:49:50.431+0000] {processor.py:830} INFO - Processing file /home/airflow/.local/lib/python3.12/site-packages/airflow/example_dags/example_bash_decorator.py for tasks to queue
[2024-04-14T12:49:50.435+0000] {logging_mixin.py:188} INFO - [2024-04-14T12:49:50.435+0000] {dagbag.py:540} INFO - Filling up the DagBag from /home/airflow/.local/lib/python3.12/site-packages/airflow/example_dags/example_bash_decorator.py
[2024-04-14T12:49:50.493+0000] {processor.py:840} INFO - DAG(s) 'example_bash_decorator' retrieved from /home/airflow/.local/lib/python3.12/site-packages/airflow/example_dags/example_bash_decorator.py
[2024-04-14T12:49:50.824+0000] {logging_mixin.py:188} INFO - [2024-04-14T12:49:50.823+0000] {dag.py:3096} INFO - Sync 1 DAGs
[2024-04-14T12:49:50.855+0000] {logging_mixin.py:188} INFO - [2024-04-14T12:49:50.854+0000] {dag.py:3954} INFO - Setting next_dagrun for example_bash_decorator to None, run_after=None
[2024-04-14T12:49:50.962+0000] {processor.py:183} INFO - Processing /home/airflow/.local/lib/python3.12/site-packages/airflow/example_dags/example_bash_decorator.py took 0.550 seconds
[2024-04-14T12:50:21.220+0000] {processor.py:161} INFO - Started process (PID=143) to work on /home/airflow/.local/lib/python3.12/site-packages/airflow/example_dags/example_bash_decorator.py
[2024-04-14T12:50:21.221+0000] {processor.py:830} INFO - Processing file /home/airflow/.local/lib/python3.12/site-packages/airflow/example_dags/example_bash_decorator.py for tasks to queue
[2024-04-14T12:50:21.224+0000] {logging_mixin.py:188} INFO - [2024-04-14T12:50:21.223+0000] {dagbag.py:540} INFO - Filling up the DagBag from /home/airflow/.local/lib/python3.12/site-packages/airflow/example_dags/example_bash_decorator.py
[2024-04-14T12:50:21.242+0000] {processor.py:840} INFO - DAG(s) 'example_bash_decorator' retrieved from /home/airflow/.local/lib/python3.12/site-packages/airflow/example_dags/example_bash_decorator.py
[2024-04-14T12:50:21.314+0000] {logging_mixin.py:188} INFO - [2024-04-14T12:50:21.314+0000] {dag.py:3096} INFO - Sync 1 DAGs
[2024-04-14T12:50:21.333+0000] {logging_mixin.py:188} INFO - [2024-04-14T12:50:21.333+0000] {dag.py:3954} INFO - Setting next_dagrun for example_bash_decorator to None, run_after=None
[2024-04-14T12:50:21.398+0000] {processor.py:183} INFO - Processing /home/airflow/.local/lib/python3.12/site-packages/airflow/example_dags/example_bash_decorator.py took 0.194 seconds
[2024-04-14T12:50:51.876+0000] {processor.py:161} INFO - Started process (PID=200) to work on /home/airflow/.local/lib/python3.12/site-packages/airflow/example_dags/example_bash_decorator.py
[2024-04-14T12:50:51.878+0000] {processor.py:830} INFO - Processing file /home/airflow/.local/lib/python3.12/site-packages/airflow/example_dags/example_bash_decorator.py for tasks to queue
[2024-04-14T12:50:51.881+0000] {logging_mixin.py:188} INFO - [2024-04-14T12:50:51.880+0000] {dagbag.py:540} INFO - Filling up the DagBag from /home/airflow/.local/lib/python3.12/site-packages/airflow/example_dags/example_bash_decorator.py
[2024-04-14T12:50:51.911+0000] {processor.py:840} INFO - DAG(s) 'example_bash_decorator' retrieved from /home/airflow/.local/lib/python3.12/site-packages/airflow/example_dags/example_bash_decorator.py
[2024-04-14T12:50:51.952+0000] {logging_mixin.py:188} INFO - [2024-04-14T12:50:51.952+0000] {dag.py:3096} INFO - Sync 1 DAGs
[2024-04-14T12:50:51.980+0000] {logging_mixin.py:188} INFO - [2024-04-14T12:50:51.979+0000] {dag.py:3954} INFO - Setting next_dagrun for example_bash_decorator to None, run_after=None
[2024-04-14T12:50:52.034+0000] {processor.py:183} INFO - Processing /home/airflow/.local/lib/python3.12/site-packages/airflow/example_dags/example_bash_decorator.py took 0.170 seconds
[2024-04-14T12:51:22.850+0000] {processor.py:161} INFO - Started process (PID=258) to work on /home/airflow/.local/lib/python3.12/site-packages/airflow/example_dags/example_bash_decorator.py
[2024-04-14T12:51:22.852+0000] {processor.py:830} INFO - Processing file /home/airflow/.local/lib/python3.12/site-packages/airflow/example_dags/example_bash_decorator.py for tasks to queue
[2024-04-14T12:51:22.856+0000] {logging_mixin.py:188} INFO - [2024-04-14T12:51:22.855+0000] {dagbag.py:540} INFO - Filling up the DagBag from /home/airflow/.local/lib/python3.12/site-packages/airflow/example_dags/example_bash_decorator.py
[2024-04-14T12:51:22.899+0000] {processor.py:840} INFO - DAG(s) 'example_bash_decorator' retrieved from /home/airflow/.local/lib/python3.12/site-packages/airflow/example_dags/example_bash_decorator.py
[2024-04-14T12:51:22.975+0000] {logging_mixin.py:188} INFO - [2024-04-14T12:51:22.974+0000] {dag.py:3096} INFO - Sync 1 DAGs
[2024-04-14T12:51:23.014+0000] {logging_mixin.py:188} INFO - [2024-04-14T12:51:23.013+0000] {dag.py:3954} INFO - Setting next_dagrun for example_bash_decorator to None, run_after=None
[2024-04-14T12:51:23.061+0000] {processor.py:183} INFO - Processing /home/airflow/.local/lib/python3.12/site-packages/airflow/example_dags/example_bash_decorator.py took 0.227 seconds
[2024-04-14T12:51:54.057+0000] {processor.py:161} INFO - Started process (PID=316) to work on /home/airflow/.local/lib/python3.12/site-packages/airflow/example_dags/example_bash_decorator.py
[2024-04-14T12:51:54.058+0000] {processor.py:830} INFO - Processing file /home/airflow/.local/lib/python3.12/site-packages/airflow/example_dags/example_bash_decorator.py for tasks to queue
[2024-04-14T12:51:54.068+0000] {logging_mixin.py:188} INFO - [2024-04-14T12:51:54.064+0000] {dagbag.py:540} INFO - Filling up the DagBag from /home/airflow/.local/lib/python3.12/site-packages/airflow/example_dags/example_bash_decorator.py
[2024-04-14T12:51:54.110+0000] {processor.py:840} INFO - DAG(s) 'example_bash_decorator' retrieved from /home/airflow/.local/lib/python3.12/site-packages/airflow/example_dags/example_bash_decorator.py
[2024-04-14T12:51:54.204+0000] {logging_mixin.py:188} INFO - [2024-04-14T12:51:54.204+0000] {dag.py:3096} INFO - Sync 1 DAGs
[2024-04-14T12:51:54.243+0000] {logging_mixin.py:188} INFO - [2024-04-14T12:51:54.243+0000] {dag.py:3954} INFO - Setting next_dagrun for example_bash_decorator to None, run_after=None
[2024-04-14T12:51:54.295+0000] {processor.py:183} INFO - Processing /home/airflow/.local/lib/python3.12/site-packages/airflow/example_dags/example_bash_decorator.py took 0.249 seconds
[2024-04-14T12:52:24.474+0000] {processor.py:161} INFO - Started process (PID=374) to work on /home/airflow/.local/lib/python3.12/site-packages/airflow/example_dags/example_bash_decorator.py
[2024-04-14T12:52:24.476+0000] {processor.py:830} INFO - Processing file /home/airflow/.local/lib/python3.12/site-packages/airflow/example_dags/example_bash_decorator.py for tasks to queue
[2024-04-14T12:52:24.478+0000] {logging_mixin.py:188} INFO - [2024-04-14T12:52:24.478+0000] {dagbag.py:540} INFO - Filling up the DagBag from /home/airflow/.local/lib/python3.12/site-packages/airflow/example_dags/example_bash_decorator.py
[2024-04-14T12:52:24.492+0000] {processor.py:840} INFO - DAG(s) 'example_bash_decorator' retrieved from /home/airflow/.local/lib/python3.12/site-packages/airflow/example_dags/example_bash_decorator.py
[2024-04-14T12:52:24.523+0000] {logging_mixin.py:188} INFO - [2024-04-14T12:52:24.523+0000] {dag.py:3096} INFO - Sync 1 DAGs
[2024-04-14T12:52:24.549+0000] {logging_mixin.py:188} INFO - [2024-04-14T12:52:24.548+0000] {dag.py:3954} INFO - Setting next_dagrun for example_bash_decorator to None, run_after=None
[2024-04-14T12:52:24.582+0000] {processor.py:183} INFO - Processing /home/airflow/.local/lib/python3.12/site-packages/airflow/example_dags/example_bash_decorator.py took 0.114 seconds
[2024-04-14T12:52:54.831+0000] {processor.py:161} INFO - Started process (PID=432) to work on /home/airflow/.local/lib/python3.12/site-packages/airflow/example_dags/example_bash_decorator.py
[2024-04-14T12:52:54.833+0000] {processor.py:830} INFO - Processing file /home/airflow/.local/lib/python3.12/site-packages/airflow/example_dags/example_bash_decorator.py for tasks to queue
[2024-04-14T12:52:54.836+0000] {logging_mixin.py:188} INFO - [2024-04-14T12:52:54.836+0000] {dagbag.py:540} INFO - Filling up the DagBag from /home/airflow/.local/lib/python3.12/site-packages/airflow/example_dags/example_bash_decorator.py
[2024-04-14T12:52:54.876+0000] {processor.py:840} INFO - DAG(s) 'example_bash_decorator' retrieved from /home/airflow/.local/lib/python3.12/site-packages/airflow/example_dags/example_bash_decorator.py
[2024-04-14T12:52:54.942+0000] {logging_mixin.py:188} INFO - [2024-04-14T12:52:54.942+0000] {dag.py:3096} INFO - Sync 1 DAGs
[2024-04-14T12:52:54.972+0000] {logging_mixin.py:188} INFO - [2024-04-14T12:52:54.971+0000] {dag.py:3954} INFO - Setting next_dagrun for example_bash_decorator to None, run_after=None
[2024-04-14T12:52:55.013+0000] {processor.py:183} INFO - Processing /home/airflow/.local/lib/python3.12/site-packages/airflow/example_dags/example_bash_decorator.py took 0.198 seconds
[2024-04-14T12:53:25.484+0000] {processor.py:161} INFO - Started process (PID=490) to work on /home/airflow/.local/lib/python3.12/site-packages/airflow/example_dags/example_bash_decorator.py
[2024-04-14T12:53:25.485+0000] {processor.py:830} INFO - Processing file /home/airflow/.local/lib/python3.12/site-packages/airflow/example_dags/example_bash_decorator.py for tasks to queue
[2024-04-14T12:53:25.489+0000] {logging_mixin.py:188} INFO - [2024-04-14T12:53:25.488+0000] {dagbag.py:540} INFO - Filling up the DagBag from /home/airflow/.local/lib/python3.12/site-packages/airflow/example_dags/example_bash_decorator.py
[2024-04-14T12:53:25.564+0000] {processor.py:840} INFO - DAG(s) 'example_bash_decorator' retrieved from /home/airflow/.local/lib/python3.12/site-packages/airflow/example_dags/example_bash_decorator.py
[2024-04-14T12:53:25.637+0000] {logging_mixin.py:188} INFO - [2024-04-14T12:53:25.636+0000] {dag.py:3096} INFO - Sync 1 DAGs
[2024-04-14T12:53:25.666+0000] {logging_mixin.py:188} INFO - [2024-04-14T12:53:25.666+0000] {dag.py:3954} INFO - Setting next_dagrun for example_bash_decorator to None, run_after=None
[2024-04-14T12:53:25.704+0000] {processor.py:183} INFO - Processing /home/airflow/.local/lib/python3.12/site-packages/airflow/example_dags/example_bash_decorator.py took 0.232 seconds
[2024-04-14T12:53:55.812+0000] {processor.py:161} INFO - Started process (PID=548) to work on /home/airflow/.local/lib/python3.12/site-packages/airflow/example_dags/example_bash_decorator.py
[2024-04-14T12:53:55.814+0000] {processor.py:830} INFO - Processing file /home/airflow/.local/lib/python3.12/site-packages/airflow/example_dags/example_bash_decorator.py for tasks to queue
[2024-04-14T12:53:55.818+0000] {logging_mixin.py:188} INFO - [2024-04-14T12:53:55.817+0000] {dagbag.py:540} INFO - Filling up the DagBag from /home/airflow/.local/lib/python3.12/site-packages/airflow/example_dags/example_bash_decorator.py
[2024-04-14T12:53:55.850+0000] {processor.py:840} INFO - DAG(s) 'example_bash_decorator' retrieved from /home/airflow/.local/lib/python3.12/site-packages/airflow/example_dags/example_bash_decorator.py
[2024-04-14T12:53:55.896+0000] {logging_mixin.py:188} INFO - [2024-04-14T12:53:55.895+0000] {dag.py:3096} INFO - Sync 1 DAGs
[2024-04-14T12:53:55.920+0000] {logging_mixin.py:188} INFO - [2024-04-14T12:53:55.919+0000] {dag.py:3954} INFO - Setting next_dagrun for example_bash_decorator to None, run_after=None
[2024-04-14T12:53:55.954+0000] {processor.py:183} INFO - Processing /home/airflow/.local/lib/python3.12/site-packages/airflow/example_dags/example_bash_decorator.py took 0.153 seconds
[2024-04-14T12:54:28.338+0000] {processor.py:161} INFO - Started process (PID=606) to work on /home/airflow/.local/lib/python3.12/site-packages/airflow/example_dags/example_bash_decorator.py
[2024-04-14T12:54:28.340+0000] {processor.py:830} INFO - Processing file /home/airflow/.local/lib/python3.12/site-packages/airflow/example_dags/example_bash_decorator.py for tasks to queue
[2024-04-14T12:54:28.345+0000] {logging_mixin.py:188} INFO - [2024-04-14T12:54:28.345+0000] {dagbag.py:540} INFO - Filling up the DagBag from /home/airflow/.local/lib/python3.12/site-packages/airflow/example_dags/example_bash_decorator.py
[2024-04-14T12:54:28.383+0000] {processor.py:840} INFO - DAG(s) 'example_bash_decorator' retrieved from /home/airflow/.local/lib/python3.12/site-packages/airflow/example_dags/example_bash_decorator.py
[2024-04-14T12:54:28.472+0000] {logging_mixin.py:188} INFO - [2024-04-14T12:54:28.471+0000] {dag.py:3096} INFO - Sync 1 DAGs
[2024-04-14T12:54:28.515+0000] {logging_mixin.py:188} INFO - [2024-04-14T12:54:28.514+0000] {dag.py:3954} INFO - Setting next_dagrun for example_bash_decorator to None, run_after=None
[2024-04-14T12:54:28.559+0000] {processor.py:183} INFO - Processing /home/airflow/.local/lib/python3.12/site-packages/airflow/example_dags/example_bash_decorator.py took 0.236 seconds
[2024-04-14T12:55:00.802+0000] {processor.py:161} INFO - Started process (PID=665) to work on /home/airflow/.local/lib/python3.12/site-packages/airflow/example_dags/example_bash_decorator.py
[2024-04-14T12:55:00.804+0000] {processor.py:830} INFO - Processing file /home/airflow/.local/lib/python3.12/site-packages/airflow/example_dags/example_bash_decorator.py for tasks to queue
[2024-04-14T12:55:00.810+0000] {logging_mixin.py:188} INFO - [2024-04-14T12:55:00.808+0000] {dagbag.py:540} INFO - Filling up the DagBag from /home/airflow/.local/lib/python3.12/site-packages/airflow/example_dags/example_bash_decorator.py
[2024-04-14T12:55:00.850+0000] {processor.py:840} INFO - DAG(s) 'example_bash_decorator' retrieved from /home/airflow/.local/lib/python3.12/site-packages/airflow/example_dags/example_bash_decorator.py
[2024-04-14T12:55:00.920+0000] {logging_mixin.py:188} INFO - [2024-04-14T12:55:00.919+0000] {dag.py:3096} INFO - Sync 1 DAGs
[2024-04-14T12:55:00.951+0000] {logging_mixin.py:188} INFO - [2024-04-14T12:55:00.951+0000] {dag.py:3954} INFO - Setting next_dagrun for example_bash_decorator to None, run_after=None
[2024-04-14T12:55:01.007+0000] {processor.py:183} INFO - Processing /home/airflow/.local/lib/python3.12/site-packages/airflow/example_dags/example_bash_decorator.py took 0.216 seconds
[2024-04-14T12:55:38.652+0000] {processor.py:161} INFO - Started process (PID=725) to work on /home/airflow/.local/lib/python3.12/site-packages/airflow/example_dags/example_bash_decorator.py
[2024-04-14T12:55:38.657+0000] {processor.py:830} INFO - Processing file /home/airflow/.local/lib/python3.12/site-packages/airflow/example_dags/example_bash_decorator.py for tasks to queue
[2024-04-14T12:55:38.665+0000] {logging_mixin.py:188} INFO - [2024-04-14T12:55:38.665+0000] {dagbag.py:540} INFO - Filling up the DagBag from /home/airflow/.local/lib/python3.12/site-packages/airflow/example_dags/example_bash_decorator.py
[2024-04-14T12:55:38.749+0000] {processor.py:840} INFO - DAG(s) 'example_bash_decorator' retrieved from /home/airflow/.local/lib/python3.12/site-packages/airflow/example_dags/example_bash_decorator.py
[2024-04-14T12:55:38.874+0000] {logging_mixin.py:188} INFO - [2024-04-14T12:55:38.873+0000] {dag.py:3096} INFO - Sync 1 DAGs
[2024-04-14T12:55:38.945+0000] {logging_mixin.py:188} INFO - [2024-04-14T12:55:38.945+0000] {dag.py:3954} INFO - Setting next_dagrun for example_bash_decorator to None, run_after=None
[2024-04-14T12:55:39.045+0000] {processor.py:183} INFO - Processing /home/airflow/.local/lib/python3.12/site-packages/airflow/example_dags/example_bash_decorator.py took 0.416 seconds
[2024-04-14T12:56:09.737+0000] {processor.py:161} INFO - Started process (PID=784) to work on /home/airflow/.local/lib/python3.12/site-packages/airflow/example_dags/example_bash_decorator.py
[2024-04-14T12:56:09.739+0000] {processor.py:830} INFO - Processing file /home/airflow/.local/lib/python3.12/site-packages/airflow/example_dags/example_bash_decorator.py for tasks to queue
[2024-04-14T12:56:09.742+0000] {logging_mixin.py:188} INFO - [2024-04-14T12:56:09.742+0000] {dagbag.py:540} INFO - Filling up the DagBag from /home/airflow/.local/lib/python3.12/site-packages/airflow/example_dags/example_bash_decorator.py
[2024-04-14T12:56:09.772+0000] {processor.py:840} INFO - DAG(s) 'example_bash_decorator' retrieved from /home/airflow/.local/lib/python3.12/site-packages/airflow/example_dags/example_bash_decorator.py
[2024-04-14T12:56:09.815+0000] {logging_mixin.py:188} INFO - [2024-04-14T12:56:09.815+0000] {dag.py:3096} INFO - Sync 1 DAGs
[2024-04-14T12:56:09.841+0000] {logging_mixin.py:188} INFO - [2024-04-14T12:56:09.840+0000] {dag.py:3954} INFO - Setting next_dagrun for example_bash_decorator to None, run_after=None
[2024-04-14T12:56:09.875+0000] {processor.py:183} INFO - Processing /home/airflow/.local/lib/python3.12/site-packages/airflow/example_dags/example_bash_decorator.py took 0.150 seconds
[2024-04-14T12:56:41.551+0000] {processor.py:161} INFO - Started process (PID=847) to work on /home/airflow/.local/lib/python3.12/site-packages/airflow/example_dags/example_bash_decorator.py
[2024-04-14T12:56:41.553+0000] {processor.py:830} INFO - Processing file /home/airflow/.local/lib/python3.12/site-packages/airflow/example_dags/example_bash_decorator.py for tasks to queue
[2024-04-14T12:56:41.557+0000] {logging_mixin.py:188} INFO - [2024-04-14T12:56:41.556+0000] {dagbag.py:540} INFO - Filling up the DagBag from /home/airflow/.local/lib/python3.12/site-packages/airflow/example_dags/example_bash_decorator.py
[2024-04-14T12:56:41.581+0000] {processor.py:840} INFO - DAG(s) 'example_bash_decorator' retrieved from /home/airflow/.local/lib/python3.12/site-packages/airflow/example_dags/example_bash_decorator.py
[2024-04-14T12:56:41.637+0000] {logging_mixin.py:188} INFO - [2024-04-14T12:56:41.637+0000] {dag.py:3096} INFO - Sync 1 DAGs
[2024-04-14T12:56:41.663+0000] {logging_mixin.py:188} INFO - [2024-04-14T12:56:41.663+0000] {dag.py:3954} INFO - Setting next_dagrun for example_bash_decorator to None, run_after=None
[2024-04-14T12:56:41.705+0000] {processor.py:183} INFO - Processing /home/airflow/.local/lib/python3.12/site-packages/airflow/example_dags/example_bash_decorator.py took 0.164 seconds
[2024-04-14T12:57:13.710+0000] {processor.py:161} INFO - Started process (PID=909) to work on /home/airflow/.local/lib/python3.12/site-packages/airflow/example_dags/example_bash_decorator.py
[2024-04-14T12:57:13.718+0000] {processor.py:830} INFO - Processing file /home/airflow/.local/lib/python3.12/site-packages/airflow/example_dags/example_bash_decorator.py for tasks to queue
[2024-04-14T12:57:13.725+0000] {logging_mixin.py:188} INFO - [2024-04-14T12:57:13.724+0000] {dagbag.py:540} INFO - Filling up the DagBag from /home/airflow/.local/lib/python3.12/site-packages/airflow/example_dags/example_bash_decorator.py
[2024-04-14T12:57:13.762+0000] {processor.py:840} INFO - DAG(s) 'example_bash_decorator' retrieved from /home/airflow/.local/lib/python3.12/site-packages/airflow/example_dags/example_bash_decorator.py
[2024-04-14T12:57:13.860+0000] {logging_mixin.py:188} INFO - [2024-04-14T12:57:13.860+0000] {dag.py:3096} INFO - Sync 1 DAGs
[2024-04-14T12:57:13.887+0000] {logging_mixin.py:188} INFO - [2024-04-14T12:57:13.886+0000] {dag.py:3954} INFO - Setting next_dagrun for example_bash_decorator to None, run_after=None
[2024-04-14T12:57:13.947+0000] {processor.py:183} INFO - Processing /home/airflow/.local/lib/python3.12/site-packages/airflow/example_dags/example_bash_decorator.py took 0.260 seconds
[2024-04-14T12:57:44.773+0000] {processor.py:161} INFO - Started process (PID=969) to work on /home/airflow/.local/lib/python3.12/site-packages/airflow/example_dags/example_bash_decorator.py
[2024-04-14T12:57:44.775+0000] {processor.py:830} INFO - Processing file /home/airflow/.local/lib/python3.12/site-packages/airflow/example_dags/example_bash_decorator.py for tasks to queue
[2024-04-14T12:57:44.777+0000] {logging_mixin.py:188} INFO - [2024-04-14T12:57:44.777+0000] {dagbag.py:540} INFO - Filling up the DagBag from /home/airflow/.local/lib/python3.12/site-packages/airflow/example_dags/example_bash_decorator.py
[2024-04-14T12:57:44.822+0000] {processor.py:840} INFO - DAG(s) 'example_bash_decorator' retrieved from /home/airflow/.local/lib/python3.12/site-packages/airflow/example_dags/example_bash_decorator.py
[2024-04-14T12:57:44.884+0000] {logging_mixin.py:188} INFO - [2024-04-14T12:57:44.883+0000] {dag.py:3096} INFO - Sync 1 DAGs
[2024-04-14T12:57:44.920+0000] {logging_mixin.py:188} INFO - [2024-04-14T12:57:44.919+0000] {dag.py:3954} INFO - Setting next_dagrun for example_bash_decorator to None, run_after=None
[2024-04-14T12:57:44.978+0000] {processor.py:183} INFO - Processing /home/airflow/.local/lib/python3.12/site-packages/airflow/example_dags/example_bash_decorator.py took 0.218 seconds
[2024-04-14T12:58:16.497+0000] {processor.py:161} INFO - Started process (PID=1034) to work on /home/airflow/.local/lib/python3.12/site-packages/airflow/example_dags/example_bash_decorator.py
[2024-04-14T12:58:16.499+0000] {processor.py:830} INFO - Processing file /home/airflow/.local/lib/python3.12/site-packages/airflow/example_dags/example_bash_decorator.py for tasks to queue
[2024-04-14T12:58:16.503+0000] {logging_mixin.py:188} INFO - [2024-04-14T12:58:16.502+0000] {dagbag.py:540} INFO - Filling up the DagBag from /home/airflow/.local/lib/python3.12/site-packages/airflow/example_dags/example_bash_decorator.py
[2024-04-14T12:58:16.542+0000] {processor.py:840} INFO - DAG(s) 'example_bash_decorator' retrieved from /home/airflow/.local/lib/python3.12/site-packages/airflow/example_dags/example_bash_decorator.py
[2024-04-14T12:58:16.840+0000] {logging_mixin.py:188} INFO - [2024-04-14T12:58:16.840+0000] {dag.py:3096} INFO - Sync 1 DAGs
[2024-04-14T12:58:16.863+0000] {logging_mixin.py:188} INFO - [2024-04-14T12:58:16.862+0000] {dag.py:3954} INFO - Setting next_dagrun for example_bash_decorator to None, run_after=None
[2024-04-14T12:58:16.898+0000] {processor.py:183} INFO - Processing /home/airflow/.local/lib/python3.12/site-packages/airflow/example_dags/example_bash_decorator.py took 0.420 seconds
[2024-04-14T12:58:49.531+0000] {processor.py:161} INFO - Started process (PID=1095) to work on /home/airflow/.local/lib/python3.12/site-packages/airflow/example_dags/example_bash_decorator.py
[2024-04-14T12:58:49.539+0000] {processor.py:830} INFO - Processing file /home/airflow/.local/lib/python3.12/site-packages/airflow/example_dags/example_bash_decorator.py for tasks to queue
[2024-04-14T12:58:49.547+0000] {logging_mixin.py:188} INFO - [2024-04-14T12:58:49.546+0000] {dagbag.py:540} INFO - Filling up the DagBag from /home/airflow/.local/lib/python3.12/site-packages/airflow/example_dags/example_bash_decorator.py
[2024-04-14T12:58:49.608+0000] {processor.py:840} INFO - DAG(s) 'example_bash_decorator' retrieved from /home/airflow/.local/lib/python3.12/site-packages/airflow/example_dags/example_bash_decorator.py
[2024-04-14T12:58:49.675+0000] {logging_mixin.py:188} INFO - [2024-04-14T12:58:49.674+0000] {dag.py:3096} INFO - Sync 1 DAGs
[2024-04-14T12:58:49.758+0000] {logging_mixin.py:188} INFO - [2024-04-14T12:58:49.758+0000] {dag.py:3954} INFO - Setting next_dagrun for example_bash_decorator to None, run_after=None
[2024-04-14T12:58:49.844+0000] {processor.py:183} INFO - Processing /home/airflow/.local/lib/python3.12/site-packages/airflow/example_dags/example_bash_decorator.py took 0.355 seconds
[2024-04-14T12:59:20.095+0000] {processor.py:161} INFO - Started process (PID=1154) to work on /home/airflow/.local/lib/python3.12/site-packages/airflow/example_dags/example_bash_decorator.py
[2024-04-14T12:59:20.097+0000] {processor.py:830} INFO - Processing file /home/airflow/.local/lib/python3.12/site-packages/airflow/example_dags/example_bash_decorator.py for tasks to queue
[2024-04-14T12:59:20.098+0000] {logging_mixin.py:188} INFO - [2024-04-14T12:59:20.098+0000] {dagbag.py:540} INFO - Filling up the DagBag from /home/airflow/.local/lib/python3.12/site-packages/airflow/example_dags/example_bash_decorator.py
[2024-04-14T12:59:20.127+0000] {processor.py:840} INFO - DAG(s) 'example_bash_decorator' retrieved from /home/airflow/.local/lib/python3.12/site-packages/airflow/example_dags/example_bash_decorator.py
[2024-04-14T12:59:20.329+0000] {logging_mixin.py:188} INFO - [2024-04-14T12:59:20.328+0000] {dag.py:3096} INFO - Sync 1 DAGs
[2024-04-14T12:59:20.347+0000] {logging_mixin.py:188} INFO - [2024-04-14T12:59:20.347+0000] {dag.py:3954} INFO - Setting next_dagrun for example_bash_decorator to None, run_after=None
[2024-04-14T12:59:20.384+0000] {processor.py:183} INFO - Processing /home/airflow/.local/lib/python3.12/site-packages/airflow/example_dags/example_bash_decorator.py took 0.297 seconds
[2024-04-14T12:59:53.614+0000] {processor.py:161} INFO - Started process (PID=1213) to work on /home/airflow/.local/lib/python3.12/site-packages/airflow/example_dags/example_bash_decorator.py
[2024-04-14T12:59:53.615+0000] {processor.py:830} INFO - Processing file /home/airflow/.local/lib/python3.12/site-packages/airflow/example_dags/example_bash_decorator.py for tasks to queue
[2024-04-14T12:59:53.617+0000] {logging_mixin.py:188} INFO - [2024-04-14T12:59:53.617+0000] {dagbag.py:540} INFO - Filling up the DagBag from /home/airflow/.local/lib/python3.12/site-packages/airflow/example_dags/example_bash_decorator.py
[2024-04-14T12:59:53.641+0000] {processor.py:840} INFO - DAG(s) 'example_bash_decorator' retrieved from /home/airflow/.local/lib/python3.12/site-packages/airflow/example_dags/example_bash_decorator.py
[2024-04-14T12:59:53.684+0000] {logging_mixin.py:188} INFO - [2024-04-14T12:59:53.683+0000] {dag.py:3096} INFO - Sync 1 DAGs
[2024-04-14T12:59:53.708+0000] {logging_mixin.py:188} INFO - [2024-04-14T12:59:53.708+0000] {dag.py:3954} INFO - Setting next_dagrun for example_bash_decorator to None, run_after=None
[2024-04-14T12:59:53.744+0000] {processor.py:183} INFO - Processing /home/airflow/.local/lib/python3.12/site-packages/airflow/example_dags/example_bash_decorator.py took 0.140 seconds
[2024-04-14T13:00:25.142+0000] {processor.py:161} INFO - Started process (PID=1275) to work on /home/airflow/.local/lib/python3.12/site-packages/airflow/example_dags/example_bash_decorator.py
[2024-04-14T13:00:25.145+0000] {processor.py:830} INFO - Processing file /home/airflow/.local/lib/python3.12/site-packages/airflow/example_dags/example_bash_decorator.py for tasks to queue
[2024-04-14T13:00:25.150+0000] {logging_mixin.py:188} INFO - [2024-04-14T13:00:25.149+0000] {dagbag.py:540} INFO - Filling up the DagBag from /home/airflow/.local/lib/python3.12/site-packages/airflow/example_dags/example_bash_decorator.py
[2024-04-14T13:00:25.188+0000] {processor.py:840} INFO - DAG(s) 'example_bash_decorator' retrieved from /home/airflow/.local/lib/python3.12/site-packages/airflow/example_dags/example_bash_decorator.py
[2024-04-14T13:00:25.341+0000] {logging_mixin.py:188} INFO - [2024-04-14T13:00:25.341+0000] {dag.py:3096} INFO - Sync 1 DAGs
[2024-04-14T13:00:25.399+0000] {logging_mixin.py:188} INFO - [2024-04-14T13:00:25.398+0000] {dag.py:3954} INFO - Setting next_dagrun for example_bash_decorator to None, run_after=None
[2024-04-14T13:00:25.522+0000] {processor.py:183} INFO - Processing /home/airflow/.local/lib/python3.12/site-packages/airflow/example_dags/example_bash_decorator.py took 0.401 seconds
[2024-04-14T13:00:56.905+0000] {processor.py:161} INFO - Started process (PID=1334) to work on /home/airflow/.local/lib/python3.12/site-packages/airflow/example_dags/example_bash_decorator.py
[2024-04-14T13:00:56.907+0000] {processor.py:830} INFO - Processing file /home/airflow/.local/lib/python3.12/site-packages/airflow/example_dags/example_bash_decorator.py for tasks to queue
[2024-04-14T13:00:56.909+0000] {logging_mixin.py:188} INFO - [2024-04-14T13:00:56.909+0000] {dagbag.py:540} INFO - Filling up the DagBag from /home/airflow/.local/lib/python3.12/site-packages/airflow/example_dags/example_bash_decorator.py
[2024-04-14T13:00:56.946+0000] {processor.py:840} INFO - DAG(s) 'example_bash_decorator' retrieved from /home/airflow/.local/lib/python3.12/site-packages/airflow/example_dags/example_bash_decorator.py
[2024-04-14T13:00:57.069+0000] {logging_mixin.py:188} INFO - [2024-04-14T13:00:57.068+0000] {dag.py:3096} INFO - Sync 1 DAGs
[2024-04-14T13:00:57.158+0000] {logging_mixin.py:188} INFO - [2024-04-14T13:00:57.157+0000] {dag.py:3954} INFO - Setting next_dagrun for example_bash_decorator to None, run_after=None
[2024-04-14T13:00:57.276+0000] {processor.py:183} INFO - Processing /home/airflow/.local/lib/python3.12/site-packages/airflow/example_dags/example_bash_decorator.py took 0.387 seconds
[2024-04-14T13:01:28.485+0000] {processor.py:161} INFO - Started process (PID=1393) to work on /home/airflow/.local/lib/python3.12/site-packages/airflow/example_dags/example_bash_decorator.py
[2024-04-14T13:01:28.511+0000] {processor.py:830} INFO - Processing file /home/airflow/.local/lib/python3.12/site-packages/airflow/example_dags/example_bash_decorator.py for tasks to queue
[2024-04-14T13:01:28.515+0000] {logging_mixin.py:188} INFO - [2024-04-14T13:01:28.514+0000] {dagbag.py:540} INFO - Filling up the DagBag from /home/airflow/.local/lib/python3.12/site-packages/airflow/example_dags/example_bash_decorator.py
[2024-04-14T13:01:28.610+0000] {processor.py:840} INFO - DAG(s) 'example_bash_decorator' retrieved from /home/airflow/.local/lib/python3.12/site-packages/airflow/example_dags/example_bash_decorator.py
[2024-04-14T13:01:28.692+0000] {logging_mixin.py:188} INFO - [2024-04-14T13:01:28.691+0000] {dag.py:3096} INFO - Sync 1 DAGs
[2024-04-14T13:01:28.719+0000] {logging_mixin.py:188} INFO - [2024-04-14T13:01:28.719+0000] {dag.py:3954} INFO - Setting next_dagrun for example_bash_decorator to None, run_after=None
[2024-04-14T13:01:28.762+0000] {processor.py:183} INFO - Processing /home/airflow/.local/lib/python3.12/site-packages/airflow/example_dags/example_bash_decorator.py took 0.298 seconds
[2024-04-14T13:01:59.177+0000] {processor.py:161} INFO - Started process (PID=1452) to work on /home/airflow/.local/lib/python3.12/site-packages/airflow/example_dags/example_bash_decorator.py
[2024-04-14T13:01:59.178+0000] {processor.py:830} INFO - Processing file /home/airflow/.local/lib/python3.12/site-packages/airflow/example_dags/example_bash_decorator.py for tasks to queue
[2024-04-14T13:01:59.183+0000] {logging_mixin.py:188} INFO - [2024-04-14T13:01:59.182+0000] {dagbag.py:540} INFO - Filling up the DagBag from /home/airflow/.local/lib/python3.12/site-packages/airflow/example_dags/example_bash_decorator.py
[2024-04-14T13:01:59.217+0000] {processor.py:840} INFO - DAG(s) 'example_bash_decorator' retrieved from /home/airflow/.local/lib/python3.12/site-packages/airflow/example_dags/example_bash_decorator.py
[2024-04-14T13:01:59.303+0000] {logging_mixin.py:188} INFO - [2024-04-14T13:01:59.303+0000] {dag.py:3096} INFO - Sync 1 DAGs
[2024-04-14T13:01:59.330+0000] {logging_mixin.py:188} INFO - [2024-04-14T13:01:59.329+0000] {dag.py:3954} INFO - Setting next_dagrun for example_bash_decorator to None, run_after=None
[2024-04-14T13:01:59.399+0000] {processor.py:183} INFO - Processing /home/airflow/.local/lib/python3.12/site-packages/airflow/example_dags/example_bash_decorator.py took 0.237 seconds
[2024-04-14T13:02:29.544+0000] {processor.py:161} INFO - Started process (PID=1511) to work on /home/airflow/.local/lib/python3.12/site-packages/airflow/example_dags/example_bash_decorator.py
[2024-04-14T13:02:29.545+0000] {processor.py:830} INFO - Processing file /home/airflow/.local/lib/python3.12/site-packages/airflow/example_dags/example_bash_decorator.py for tasks to queue
[2024-04-14T13:02:29.547+0000] {logging_mixin.py:188} INFO - [2024-04-14T13:02:29.546+0000] {dagbag.py:540} INFO - Filling up the DagBag from /home/airflow/.local/lib/python3.12/site-packages/airflow/example_dags/example_bash_decorator.py
[2024-04-14T13:02:29.571+0000] {processor.py:840} INFO - DAG(s) 'example_bash_decorator' retrieved from /home/airflow/.local/lib/python3.12/site-packages/airflow/example_dags/example_bash_decorator.py
[2024-04-14T13:02:29.699+0000] {logging_mixin.py:188} INFO - [2024-04-14T13:02:29.699+0000] {dag.py:3096} INFO - Sync 1 DAGs
[2024-04-14T13:02:29.758+0000] {logging_mixin.py:188} INFO - [2024-04-14T13:02:29.757+0000] {dag.py:3954} INFO - Setting next_dagrun for example_bash_decorator to None, run_after=None
[2024-04-14T13:02:29.837+0000] {processor.py:183} INFO - Processing /home/airflow/.local/lib/python3.12/site-packages/airflow/example_dags/example_bash_decorator.py took 0.301 seconds
[2024-04-14T13:03:03.788+0000] {processor.py:161} INFO - Started process (PID=1576) to work on /home/airflow/.local/lib/python3.12/site-packages/airflow/example_dags/example_bash_decorator.py
[2024-04-14T13:03:03.790+0000] {processor.py:830} INFO - Processing file /home/airflow/.local/lib/python3.12/site-packages/airflow/example_dags/example_bash_decorator.py for tasks to queue
[2024-04-14T13:03:03.792+0000] {logging_mixin.py:188} INFO - [2024-04-14T13:03:03.791+0000] {dagbag.py:540} INFO - Filling up the DagBag from /home/airflow/.local/lib/python3.12/site-packages/airflow/example_dags/example_bash_decorator.py
[2024-04-14T13:03:03.830+0000] {processor.py:840} INFO - DAG(s) 'example_bash_decorator' retrieved from /home/airflow/.local/lib/python3.12/site-packages/airflow/example_dags/example_bash_decorator.py
[2024-04-14T13:03:03.891+0000] {logging_mixin.py:188} INFO - [2024-04-14T13:03:03.890+0000] {dag.py:3096} INFO - Sync 1 DAGs
[2024-04-14T13:03:03.927+0000] {logging_mixin.py:188} INFO - [2024-04-14T13:03:03.927+0000] {dag.py:3954} INFO - Setting next_dagrun for example_bash_decorator to None, run_after=None
[2024-04-14T13:03:03.982+0000] {processor.py:183} INFO - Processing /home/airflow/.local/lib/python3.12/site-packages/airflow/example_dags/example_bash_decorator.py took 0.225 seconds
[2024-04-14T13:03:36.115+0000] {processor.py:161} INFO - Started process (PID=1635) to work on /home/airflow/.local/lib/python3.12/site-packages/airflow/example_dags/example_bash_decorator.py
[2024-04-14T13:03:36.128+0000] {processor.py:830} INFO - Processing file /home/airflow/.local/lib/python3.12/site-packages/airflow/example_dags/example_bash_decorator.py for tasks to queue
[2024-04-14T13:03:36.131+0000] {logging_mixin.py:188} INFO - [2024-04-14T13:03:36.130+0000] {dagbag.py:540} INFO - Filling up the DagBag from /home/airflow/.local/lib/python3.12/site-packages/airflow/example_dags/example_bash_decorator.py
[2024-04-14T13:03:36.201+0000] {processor.py:840} INFO - DAG(s) 'example_bash_decorator' retrieved from /home/airflow/.local/lib/python3.12/site-packages/airflow/example_dags/example_bash_decorator.py
[2024-04-14T13:03:36.497+0000] {logging_mixin.py:188} INFO - [2024-04-14T13:03:36.496+0000] {dag.py:3096} INFO - Sync 1 DAGs
[2024-04-14T13:03:36.585+0000] {logging_mixin.py:188} INFO - [2024-04-14T13:03:36.584+0000] {dag.py:3954} INFO - Setting next_dagrun for example_bash_decorator to None, run_after=None
[2024-04-14T13:03:36.727+0000] {processor.py:183} INFO - Processing /home/airflow/.local/lib/python3.12/site-packages/airflow/example_dags/example_bash_decorator.py took 0.643 seconds
[2024-04-14T13:04:06.855+0000] {processor.py:161} INFO - Started process (PID=1695) to work on /home/airflow/.local/lib/python3.12/site-packages/airflow/example_dags/example_bash_decorator.py
[2024-04-14T13:04:06.857+0000] {processor.py:830} INFO - Processing file /home/airflow/.local/lib/python3.12/site-packages/airflow/example_dags/example_bash_decorator.py for tasks to queue
[2024-04-14T13:04:06.859+0000] {logging_mixin.py:188} INFO - [2024-04-14T13:04:06.858+0000] {dagbag.py:540} INFO - Filling up the DagBag from /home/airflow/.local/lib/python3.12/site-packages/airflow/example_dags/example_bash_decorator.py
[2024-04-14T13:04:06.880+0000] {processor.py:840} INFO - DAG(s) 'example_bash_decorator' retrieved from /home/airflow/.local/lib/python3.12/site-packages/airflow/example_dags/example_bash_decorator.py
[2024-04-14T13:04:06.921+0000] {logging_mixin.py:188} INFO - [2024-04-14T13:04:06.921+0000] {dag.py:3096} INFO - Sync 1 DAGs
[2024-04-14T13:04:06.945+0000] {logging_mixin.py:188} INFO - [2024-04-14T13:04:06.944+0000] {dag.py:3954} INFO - Setting next_dagrun for example_bash_decorator to None, run_after=None
[2024-04-14T13:04:06.979+0000] {processor.py:183} INFO - Processing /home/airflow/.local/lib/python3.12/site-packages/airflow/example_dags/example_bash_decorator.py took 0.133 seconds
[2024-04-14T13:04:37.295+0000] {processor.py:161} INFO - Started process (PID=1755) to work on /home/airflow/.local/lib/python3.12/site-packages/airflow/example_dags/example_bash_decorator.py
[2024-04-14T13:04:37.300+0000] {processor.py:830} INFO - Processing file /home/airflow/.local/lib/python3.12/site-packages/airflow/example_dags/example_bash_decorator.py for tasks to queue
[2024-04-14T13:04:37.309+0000] {logging_mixin.py:188} INFO - [2024-04-14T13:04:37.302+0000] {dagbag.py:540} INFO - Filling up the DagBag from /home/airflow/.local/lib/python3.12/site-packages/airflow/example_dags/example_bash_decorator.py
[2024-04-14T13:04:37.363+0000] {processor.py:840} INFO - DAG(s) 'example_bash_decorator' retrieved from /home/airflow/.local/lib/python3.12/site-packages/airflow/example_dags/example_bash_decorator.py
[2024-04-14T13:04:37.479+0000] {logging_mixin.py:188} INFO - [2024-04-14T13:04:37.478+0000] {dag.py:3096} INFO - Sync 1 DAGs
[2024-04-14T13:04:37.531+0000] {logging_mixin.py:188} INFO - [2024-04-14T13:04:37.530+0000] {dag.py:3954} INFO - Setting next_dagrun for example_bash_decorator to None, run_after=None
[2024-04-14T13:04:37.635+0000] {processor.py:183} INFO - Processing /home/airflow/.local/lib/python3.12/site-packages/airflow/example_dags/example_bash_decorator.py took 0.363 seconds
[2024-04-14T13:05:08.245+0000] {processor.py:161} INFO - Started process (PID=1813) to work on /home/airflow/.local/lib/python3.12/site-packages/airflow/example_dags/example_bash_decorator.py
[2024-04-14T13:05:08.247+0000] {processor.py:830} INFO - Processing file /home/airflow/.local/lib/python3.12/site-packages/airflow/example_dags/example_bash_decorator.py for tasks to queue
[2024-04-14T13:05:08.249+0000] {logging_mixin.py:188} INFO - [2024-04-14T13:05:08.249+0000] {dagbag.py:540} INFO - Filling up the DagBag from /home/airflow/.local/lib/python3.12/site-packages/airflow/example_dags/example_bash_decorator.py
[2024-04-14T13:05:08.302+0000] {processor.py:840} INFO - DAG(s) 'example_bash_decorator' retrieved from /home/airflow/.local/lib/python3.12/site-packages/airflow/example_dags/example_bash_decorator.py
[2024-04-14T13:05:08.413+0000] {logging_mixin.py:188} INFO - [2024-04-14T13:05:08.412+0000] {dag.py:3096} INFO - Sync 1 DAGs
[2024-04-14T13:05:08.455+0000] {logging_mixin.py:188} INFO - [2024-04-14T13:05:08.455+0000] {dag.py:3954} INFO - Setting next_dagrun for example_bash_decorator to None, run_after=None
[2024-04-14T13:05:08.538+0000] {processor.py:183} INFO - Processing /home/airflow/.local/lib/python3.12/site-packages/airflow/example_dags/example_bash_decorator.py took 0.314 seconds
[2024-04-14T13:05:40.250+0000] {processor.py:161} INFO - Started process (PID=1870) to work on /home/airflow/.local/lib/python3.12/site-packages/airflow/example_dags/example_bash_decorator.py
[2024-04-14T13:05:40.286+0000] {processor.py:830} INFO - Processing file /home/airflow/.local/lib/python3.12/site-packages/airflow/example_dags/example_bash_decorator.py for tasks to queue
[2024-04-14T13:05:40.295+0000] {logging_mixin.py:188} INFO - [2024-04-14T13:05:40.294+0000] {dagbag.py:540} INFO - Filling up the DagBag from /home/airflow/.local/lib/python3.12/site-packages/airflow/example_dags/example_bash_decorator.py
[2024-04-14T13:05:40.424+0000] {processor.py:840} INFO - DAG(s) 'example_bash_decorator' retrieved from /home/airflow/.local/lib/python3.12/site-packages/airflow/example_dags/example_bash_decorator.py
[2024-04-14T13:05:40.654+0000] {logging_mixin.py:188} INFO - [2024-04-14T13:05:40.653+0000] {dag.py:3096} INFO - Sync 1 DAGs
[2024-04-14T13:05:40.742+0000] {logging_mixin.py:188} INFO - [2024-04-14T13:05:40.741+0000] {dag.py:3954} INFO - Setting next_dagrun for example_bash_decorator to None, run_after=None
[2024-04-14T13:05:40.887+0000] {processor.py:183} INFO - Processing /home/airflow/.local/lib/python3.12/site-packages/airflow/example_dags/example_bash_decorator.py took 0.699 seconds
[2024-04-14T13:06:11.780+0000] {processor.py:161} INFO - Started process (PID=1929) to work on /home/airflow/.local/lib/python3.12/site-packages/airflow/example_dags/example_bash_decorator.py
[2024-04-14T13:06:11.781+0000] {processor.py:830} INFO - Processing file /home/airflow/.local/lib/python3.12/site-packages/airflow/example_dags/example_bash_decorator.py for tasks to queue
[2024-04-14T13:06:11.787+0000] {logging_mixin.py:188} INFO - [2024-04-14T13:06:11.786+0000] {dagbag.py:540} INFO - Filling up the DagBag from /home/airflow/.local/lib/python3.12/site-packages/airflow/example_dags/example_bash_decorator.py
[2024-04-14T13:06:11.838+0000] {processor.py:840} INFO - DAG(s) 'example_bash_decorator' retrieved from /home/airflow/.local/lib/python3.12/site-packages/airflow/example_dags/example_bash_decorator.py
[2024-04-14T13:06:11.944+0000] {logging_mixin.py:188} INFO - [2024-04-14T13:06:11.944+0000] {dag.py:3096} INFO - Sync 1 DAGs
[2024-04-14T13:06:11.991+0000] {logging_mixin.py:188} INFO - [2024-04-14T13:06:11.990+0000] {dag.py:3954} INFO - Setting next_dagrun for example_bash_decorator to None, run_after=None
[2024-04-14T13:06:12.060+0000] {processor.py:183} INFO - Processing /home/airflow/.local/lib/python3.12/site-packages/airflow/example_dags/example_bash_decorator.py took 0.297 seconds
[2024-04-14T13:06:42.323+0000] {processor.py:161} INFO - Started process (PID=1988) to work on /home/airflow/.local/lib/python3.12/site-packages/airflow/example_dags/example_bash_decorator.py
[2024-04-14T13:06:42.326+0000] {processor.py:830} INFO - Processing file /home/airflow/.local/lib/python3.12/site-packages/airflow/example_dags/example_bash_decorator.py for tasks to queue
[2024-04-14T13:06:42.329+0000] {logging_mixin.py:188} INFO - [2024-04-14T13:06:42.329+0000] {dagbag.py:540} INFO - Filling up the DagBag from /home/airflow/.local/lib/python3.12/site-packages/airflow/example_dags/example_bash_decorator.py
[2024-04-14T13:06:42.368+0000] {processor.py:840} INFO - DAG(s) 'example_bash_decorator' retrieved from /home/airflow/.local/lib/python3.12/site-packages/airflow/example_dags/example_bash_decorator.py
[2024-04-14T13:06:42.425+0000] {logging_mixin.py:188} INFO - [2024-04-14T13:06:42.424+0000] {dag.py:3096} INFO - Sync 1 DAGs
[2024-04-14T13:06:42.456+0000] {logging_mixin.py:188} INFO - [2024-04-14T13:06:42.455+0000] {dag.py:3954} INFO - Setting next_dagrun for example_bash_decorator to None, run_after=None
[2024-04-14T13:06:42.505+0000] {processor.py:183} INFO - Processing /home/airflow/.local/lib/python3.12/site-packages/airflow/example_dags/example_bash_decorator.py took 0.194 seconds
[2024-04-14T13:07:12.765+0000] {processor.py:161} INFO - Started process (PID=2047) to work on /home/airflow/.local/lib/python3.12/site-packages/airflow/example_dags/example_bash_decorator.py
[2024-04-14T13:07:12.767+0000] {processor.py:830} INFO - Processing file /home/airflow/.local/lib/python3.12/site-packages/airflow/example_dags/example_bash_decorator.py for tasks to queue
[2024-04-14T13:07:12.769+0000] {logging_mixin.py:188} INFO - [2024-04-14T13:07:12.769+0000] {dagbag.py:540} INFO - Filling up the DagBag from /home/airflow/.local/lib/python3.12/site-packages/airflow/example_dags/example_bash_decorator.py
[2024-04-14T13:07:12.797+0000] {processor.py:840} INFO - DAG(s) 'example_bash_decorator' retrieved from /home/airflow/.local/lib/python3.12/site-packages/airflow/example_dags/example_bash_decorator.py
[2024-04-14T13:07:12.851+0000] {logging_mixin.py:188} INFO - [2024-04-14T13:07:12.850+0000] {dag.py:3096} INFO - Sync 1 DAGs
[2024-04-14T13:07:12.889+0000] {logging_mixin.py:188} INFO - [2024-04-14T13:07:12.889+0000] {dag.py:3954} INFO - Setting next_dagrun for example_bash_decorator to None, run_after=None
[2024-04-14T13:07:12.950+0000] {processor.py:183} INFO - Processing /home/airflow/.local/lib/python3.12/site-packages/airflow/example_dags/example_bash_decorator.py took 0.196 seconds
[2024-04-14T13:07:43.691+0000] {processor.py:161} INFO - Started process (PID=2107) to work on /home/airflow/.local/lib/python3.12/site-packages/airflow/example_dags/example_bash_decorator.py
[2024-04-14T13:07:43.693+0000] {processor.py:830} INFO - Processing file /home/airflow/.local/lib/python3.12/site-packages/airflow/example_dags/example_bash_decorator.py for tasks to queue
[2024-04-14T13:07:43.694+0000] {logging_mixin.py:188} INFO - [2024-04-14T13:07:43.694+0000] {dagbag.py:540} INFO - Filling up the DagBag from /home/airflow/.local/lib/python3.12/site-packages/airflow/example_dags/example_bash_decorator.py
[2024-04-14T13:07:43.719+0000] {processor.py:840} INFO - DAG(s) 'example_bash_decorator' retrieved from /home/airflow/.local/lib/python3.12/site-packages/airflow/example_dags/example_bash_decorator.py
[2024-04-14T13:07:43.756+0000] {logging_mixin.py:188} INFO - [2024-04-14T13:07:43.756+0000] {dag.py:3096} INFO - Sync 1 DAGs
[2024-04-14T13:07:43.777+0000] {logging_mixin.py:188} INFO - [2024-04-14T13:07:43.777+0000] {dag.py:3954} INFO - Setting next_dagrun for example_bash_decorator to None, run_after=None
[2024-04-14T13:07:43.812+0000] {processor.py:183} INFO - Processing /home/airflow/.local/lib/python3.12/site-packages/airflow/example_dags/example_bash_decorator.py took 0.131 seconds
[2024-04-14T13:08:14.731+0000] {processor.py:161} INFO - Started process (PID=2169) to work on /home/airflow/.local/lib/python3.12/site-packages/airflow/example_dags/example_bash_decorator.py
[2024-04-14T13:08:14.732+0000] {processor.py:830} INFO - Processing file /home/airflow/.local/lib/python3.12/site-packages/airflow/example_dags/example_bash_decorator.py for tasks to queue
[2024-04-14T13:08:14.735+0000] {logging_mixin.py:188} INFO - [2024-04-14T13:08:14.734+0000] {dagbag.py:540} INFO - Filling up the DagBag from /home/airflow/.local/lib/python3.12/site-packages/airflow/example_dags/example_bash_decorator.py
[2024-04-14T13:08:14.781+0000] {processor.py:840} INFO - DAG(s) 'example_bash_decorator' retrieved from /home/airflow/.local/lib/python3.12/site-packages/airflow/example_dags/example_bash_decorator.py
[2024-04-14T13:08:14.852+0000] {logging_mixin.py:188} INFO - [2024-04-14T13:08:14.851+0000] {dag.py:3096} INFO - Sync 1 DAGs
[2024-04-14T13:08:14.886+0000] {logging_mixin.py:188} INFO - [2024-04-14T13:08:14.885+0000] {dag.py:3954} INFO - Setting next_dagrun for example_bash_decorator to None, run_after=None
[2024-04-14T13:08:14.984+0000] {processor.py:183} INFO - Processing /home/airflow/.local/lib/python3.12/site-packages/airflow/example_dags/example_bash_decorator.py took 0.274 seconds
[2024-04-14T13:08:45.209+0000] {processor.py:161} INFO - Started process (PID=2228) to work on /home/airflow/.local/lib/python3.12/site-packages/airflow/example_dags/example_bash_decorator.py
[2024-04-14T13:08:45.211+0000] {processor.py:830} INFO - Processing file /home/airflow/.local/lib/python3.12/site-packages/airflow/example_dags/example_bash_decorator.py for tasks to queue
[2024-04-14T13:08:45.213+0000] {logging_mixin.py:188} INFO - [2024-04-14T13:08:45.212+0000] {dagbag.py:540} INFO - Filling up the DagBag from /home/airflow/.local/lib/python3.12/site-packages/airflow/example_dags/example_bash_decorator.py
[2024-04-14T13:08:45.237+0000] {processor.py:840} INFO - DAG(s) 'example_bash_decorator' retrieved from /home/airflow/.local/lib/python3.12/site-packages/airflow/example_dags/example_bash_decorator.py
[2024-04-14T13:08:45.297+0000] {logging_mixin.py:188} INFO - [2024-04-14T13:08:45.297+0000] {dag.py:3096} INFO - Sync 1 DAGs
[2024-04-14T13:08:45.344+0000] {logging_mixin.py:188} INFO - [2024-04-14T13:08:45.335+0000] {dag.py:3954} INFO - Setting next_dagrun for example_bash_decorator to None, run_after=None
[2024-04-14T13:08:45.403+0000] {processor.py:183} INFO - Processing /home/airflow/.local/lib/python3.12/site-packages/airflow/example_dags/example_bash_decorator.py took 0.209 seconds
[2024-04-14T13:09:16.326+0000] {processor.py:161} INFO - Started process (PID=2288) to work on /home/airflow/.local/lib/python3.12/site-packages/airflow/example_dags/example_bash_decorator.py
[2024-04-14T13:09:16.332+0000] {processor.py:830} INFO - Processing file /home/airflow/.local/lib/python3.12/site-packages/airflow/example_dags/example_bash_decorator.py for tasks to queue
[2024-04-14T13:09:16.340+0000] {logging_mixin.py:188} INFO - [2024-04-14T13:09:16.334+0000] {dagbag.py:540} INFO - Filling up the DagBag from /home/airflow/.local/lib/python3.12/site-packages/airflow/example_dags/example_bash_decorator.py
[2024-04-14T13:09:16.409+0000] {processor.py:840} INFO - DAG(s) 'example_bash_decorator' retrieved from /home/airflow/.local/lib/python3.12/site-packages/airflow/example_dags/example_bash_decorator.py
[2024-04-14T13:09:16.481+0000] {logging_mixin.py:188} INFO - [2024-04-14T13:09:16.480+0000] {dag.py:3096} INFO - Sync 1 DAGs
[2024-04-14T13:09:16.529+0000] {logging_mixin.py:188} INFO - [2024-04-14T13:09:16.529+0000] {dag.py:3954} INFO - Setting next_dagrun for example_bash_decorator to None, run_after=None
[2024-04-14T13:09:16.604+0000] {processor.py:183} INFO - Processing /home/airflow/.local/lib/python3.12/site-packages/airflow/example_dags/example_bash_decorator.py took 0.301 seconds
[2024-04-14T13:09:46.991+0000] {processor.py:161} INFO - Started process (PID=2347) to work on /home/airflow/.local/lib/python3.12/site-packages/airflow/example_dags/example_bash_decorator.py
[2024-04-14T13:09:46.992+0000] {processor.py:830} INFO - Processing file /home/airflow/.local/lib/python3.12/site-packages/airflow/example_dags/example_bash_decorator.py for tasks to queue
[2024-04-14T13:09:46.996+0000] {logging_mixin.py:188} INFO - [2024-04-14T13:09:46.995+0000] {dagbag.py:540} INFO - Filling up the DagBag from /home/airflow/.local/lib/python3.12/site-packages/airflow/example_dags/example_bash_decorator.py
[2024-04-14T13:09:47.022+0000] {processor.py:840} INFO - DAG(s) 'example_bash_decorator' retrieved from /home/airflow/.local/lib/python3.12/site-packages/airflow/example_dags/example_bash_decorator.py
[2024-04-14T13:09:47.063+0000] {logging_mixin.py:188} INFO - [2024-04-14T13:09:47.063+0000] {dag.py:3096} INFO - Sync 1 DAGs
[2024-04-14T13:09:47.084+0000] {logging_mixin.py:188} INFO - [2024-04-14T13:09:47.083+0000] {dag.py:3954} INFO - Setting next_dagrun for example_bash_decorator to None, run_after=None
[2024-04-14T13:09:47.123+0000] {processor.py:183} INFO - Processing /home/airflow/.local/lib/python3.12/site-packages/airflow/example_dags/example_bash_decorator.py took 0.139 seconds
[2024-04-14T13:10:18.148+0000] {processor.py:161} INFO - Started process (PID=2406) to work on /home/airflow/.local/lib/python3.12/site-packages/airflow/example_dags/example_bash_decorator.py
[2024-04-14T13:10:18.156+0000] {processor.py:830} INFO - Processing file /home/airflow/.local/lib/python3.12/site-packages/airflow/example_dags/example_bash_decorator.py for tasks to queue
[2024-04-14T13:10:18.179+0000] {logging_mixin.py:188} INFO - [2024-04-14T13:10:18.177+0000] {dagbag.py:540} INFO - Filling up the DagBag from /home/airflow/.local/lib/python3.12/site-packages/airflow/example_dags/example_bash_decorator.py
[2024-04-14T13:10:18.427+0000] {processor.py:840} INFO - DAG(s) 'example_bash_decorator' retrieved from /home/airflow/.local/lib/python3.12/site-packages/airflow/example_dags/example_bash_decorator.py
[2024-04-14T13:10:18.616+0000] {logging_mixin.py:188} INFO - [2024-04-14T13:10:18.615+0000] {dag.py:3096} INFO - Sync 1 DAGs
[2024-04-14T13:10:18.721+0000] {logging_mixin.py:188} INFO - [2024-04-14T13:10:18.720+0000] {dag.py:3954} INFO - Setting next_dagrun for example_bash_decorator to None, run_after=None
[2024-04-14T13:10:18.815+0000] {processor.py:183} INFO - Processing /home/airflow/.local/lib/python3.12/site-packages/airflow/example_dags/example_bash_decorator.py took 0.751 seconds
[2024-04-14T13:10:49.731+0000] {processor.py:161} INFO - Started process (PID=2466) to work on /home/airflow/.local/lib/python3.12/site-packages/airflow/example_dags/example_bash_decorator.py
[2024-04-14T13:10:49.733+0000] {processor.py:830} INFO - Processing file /home/airflow/.local/lib/python3.12/site-packages/airflow/example_dags/example_bash_decorator.py for tasks to queue
[2024-04-14T13:10:49.735+0000] {logging_mixin.py:188} INFO - [2024-04-14T13:10:49.735+0000] {dagbag.py:540} INFO - Filling up the DagBag from /home/airflow/.local/lib/python3.12/site-packages/airflow/example_dags/example_bash_decorator.py
[2024-04-14T13:10:49.785+0000] {processor.py:840} INFO - DAG(s) 'example_bash_decorator' retrieved from /home/airflow/.local/lib/python3.12/site-packages/airflow/example_dags/example_bash_decorator.py
[2024-04-14T13:10:49.865+0000] {logging_mixin.py:188} INFO - [2024-04-14T13:10:49.865+0000] {dag.py:3096} INFO - Sync 1 DAGs
[2024-04-14T13:10:49.895+0000] {logging_mixin.py:188} INFO - [2024-04-14T13:10:49.895+0000] {dag.py:3954} INFO - Setting next_dagrun for example_bash_decorator to None, run_after=None
[2024-04-14T13:10:49.934+0000] {processor.py:183} INFO - Processing /home/airflow/.local/lib/python3.12/site-packages/airflow/example_dags/example_bash_decorator.py took 0.218 seconds
[2024-04-14T13:11:21.087+0000] {processor.py:161} INFO - Started process (PID=2531) to work on /home/airflow/.local/lib/python3.12/site-packages/airflow/example_dags/example_bash_decorator.py
[2024-04-14T13:11:21.089+0000] {processor.py:830} INFO - Processing file /home/airflow/.local/lib/python3.12/site-packages/airflow/example_dags/example_bash_decorator.py for tasks to queue
[2024-04-14T13:11:21.093+0000] {logging_mixin.py:188} INFO - [2024-04-14T13:11:21.092+0000] {dagbag.py:540} INFO - Filling up the DagBag from /home/airflow/.local/lib/python3.12/site-packages/airflow/example_dags/example_bash_decorator.py
[2024-04-14T13:11:21.139+0000] {processor.py:840} INFO - DAG(s) 'example_bash_decorator' retrieved from /home/airflow/.local/lib/python3.12/site-packages/airflow/example_dags/example_bash_decorator.py
[2024-04-14T13:11:21.260+0000] {logging_mixin.py:188} INFO - [2024-04-14T13:11:21.259+0000] {dag.py:3096} INFO - Sync 1 DAGs
[2024-04-14T13:11:21.314+0000] {logging_mixin.py:188} INFO - [2024-04-14T13:11:21.312+0000] {dag.py:3954} INFO - Setting next_dagrun for example_bash_decorator to None, run_after=None
[2024-04-14T13:11:21.384+0000] {processor.py:183} INFO - Processing /home/airflow/.local/lib/python3.12/site-packages/airflow/example_dags/example_bash_decorator.py took 0.311 seconds
[2024-04-14T13:11:52.511+0000] {processor.py:161} INFO - Started process (PID=2592) to work on /home/airflow/.local/lib/python3.12/site-packages/airflow/example_dags/example_bash_decorator.py
[2024-04-14T13:11:52.513+0000] {processor.py:830} INFO - Processing file /home/airflow/.local/lib/python3.12/site-packages/airflow/example_dags/example_bash_decorator.py for tasks to queue
[2024-04-14T13:11:52.515+0000] {logging_mixin.py:188} INFO - [2024-04-14T13:11:52.514+0000] {dagbag.py:540} INFO - Filling up the DagBag from /home/airflow/.local/lib/python3.12/site-packages/airflow/example_dags/example_bash_decorator.py
[2024-04-14T13:11:52.547+0000] {processor.py:840} INFO - DAG(s) 'example_bash_decorator' retrieved from /home/airflow/.local/lib/python3.12/site-packages/airflow/example_dags/example_bash_decorator.py
[2024-04-14T13:11:52.598+0000] {logging_mixin.py:188} INFO - [2024-04-14T13:11:52.597+0000] {dag.py:3096} INFO - Sync 1 DAGs
[2024-04-14T13:11:52.628+0000] {logging_mixin.py:188} INFO - [2024-04-14T13:11:52.627+0000] {dag.py:3954} INFO - Setting next_dagrun for example_bash_decorator to None, run_after=None
[2024-04-14T13:11:52.671+0000] {processor.py:183} INFO - Processing /home/airflow/.local/lib/python3.12/site-packages/airflow/example_dags/example_bash_decorator.py took 0.174 seconds
[2024-04-14T13:12:22.963+0000] {processor.py:161} INFO - Started process (PID=2651) to work on /home/airflow/.local/lib/python3.12/site-packages/airflow/example_dags/example_bash_decorator.py
[2024-04-14T13:12:22.965+0000] {processor.py:830} INFO - Processing file /home/airflow/.local/lib/python3.12/site-packages/airflow/example_dags/example_bash_decorator.py for tasks to queue
[2024-04-14T13:12:22.968+0000] {logging_mixin.py:188} INFO - [2024-04-14T13:12:22.967+0000] {dagbag.py:540} INFO - Filling up the DagBag from /home/airflow/.local/lib/python3.12/site-packages/airflow/example_dags/example_bash_decorator.py
[2024-04-14T13:12:22.996+0000] {processor.py:840} INFO - DAG(s) 'example_bash_decorator' retrieved from /home/airflow/.local/lib/python3.12/site-packages/airflow/example_dags/example_bash_decorator.py
[2024-04-14T13:12:23.039+0000] {logging_mixin.py:188} INFO - [2024-04-14T13:12:23.038+0000] {dag.py:3096} INFO - Sync 1 DAGs
[2024-04-14T13:12:23.061+0000] {logging_mixin.py:188} INFO - [2024-04-14T13:12:23.061+0000] {dag.py:3954} INFO - Setting next_dagrun for example_bash_decorator to None, run_after=None
[2024-04-14T13:12:23.105+0000] {processor.py:183} INFO - Processing /home/airflow/.local/lib/python3.12/site-packages/airflow/example_dags/example_bash_decorator.py took 0.153 seconds
[2024-04-14T13:12:53.581+0000] {processor.py:161} INFO - Started process (PID=2710) to work on /home/airflow/.local/lib/python3.12/site-packages/airflow/example_dags/example_bash_decorator.py
[2024-04-14T13:12:53.582+0000] {processor.py:830} INFO - Processing file /home/airflow/.local/lib/python3.12/site-packages/airflow/example_dags/example_bash_decorator.py for tasks to queue
[2024-04-14T13:12:53.584+0000] {logging_mixin.py:188} INFO - [2024-04-14T13:12:53.583+0000] {dagbag.py:540} INFO - Filling up the DagBag from /home/airflow/.local/lib/python3.12/site-packages/airflow/example_dags/example_bash_decorator.py
[2024-04-14T13:12:53.608+0000] {processor.py:840} INFO - DAG(s) 'example_bash_decorator' retrieved from /home/airflow/.local/lib/python3.12/site-packages/airflow/example_dags/example_bash_decorator.py
[2024-04-14T13:12:53.654+0000] {logging_mixin.py:188} INFO - [2024-04-14T13:12:53.654+0000] {dag.py:3096} INFO - Sync 1 DAGs
[2024-04-14T13:12:53.680+0000] {logging_mixin.py:188} INFO - [2024-04-14T13:12:53.680+0000] {dag.py:3954} INFO - Setting next_dagrun for example_bash_decorator to None, run_after=None
[2024-04-14T13:12:53.713+0000] {processor.py:183} INFO - Processing /home/airflow/.local/lib/python3.12/site-packages/airflow/example_dags/example_bash_decorator.py took 0.141 seconds
[2024-04-14T13:13:24.217+0000] {processor.py:161} INFO - Started process (PID=2768) to work on /home/airflow/.local/lib/python3.12/site-packages/airflow/example_dags/example_bash_decorator.py
[2024-04-14T13:13:24.219+0000] {processor.py:830} INFO - Processing file /home/airflow/.local/lib/python3.12/site-packages/airflow/example_dags/example_bash_decorator.py for tasks to queue
[2024-04-14T13:13:24.221+0000] {logging_mixin.py:188} INFO - [2024-04-14T13:13:24.220+0000] {dagbag.py:540} INFO - Filling up the DagBag from /home/airflow/.local/lib/python3.12/site-packages/airflow/example_dags/example_bash_decorator.py
[2024-04-14T13:13:24.241+0000] {processor.py:840} INFO - DAG(s) 'example_bash_decorator' retrieved from /home/airflow/.local/lib/python3.12/site-packages/airflow/example_dags/example_bash_decorator.py
[2024-04-14T13:13:24.283+0000] {logging_mixin.py:188} INFO - [2024-04-14T13:13:24.282+0000] {dag.py:3096} INFO - Sync 1 DAGs
[2024-04-14T13:13:24.302+0000] {logging_mixin.py:188} INFO - [2024-04-14T13:13:24.302+0000] {dag.py:3954} INFO - Setting next_dagrun for example_bash_decorator to None, run_after=None
[2024-04-14T13:13:24.337+0000] {processor.py:183} INFO - Processing /home/airflow/.local/lib/python3.12/site-packages/airflow/example_dags/example_bash_decorator.py took 0.131 seconds
