[2024-04-14T12:49:40.374+0000] {processor.py:161} INFO - Started process (PID=68) to work on /home/airflow/.local/lib/python3.12/site-packages/airflow/example_dags/example_sla_dag.py
[2024-04-14T12:49:40.394+0000] {processor.py:830} INFO - Processing file /home/airflow/.local/lib/python3.12/site-packages/airflow/example_dags/example_sla_dag.py for tasks to queue
[2024-04-14T12:49:40.412+0000] {logging_mixin.py:188} INFO - [2024-04-14T12:49:40.412+0000] {dagbag.py:540} INFO - Filling up the DagBag from /home/airflow/.local/lib/python3.12/site-packages/airflow/example_dags/example_sla_dag.py
[2024-04-14T12:49:40.476+0000] {processor.py:840} INFO - DAG(s) 'example_sla_dag' retrieved from /home/airflow/.local/lib/python3.12/site-packages/airflow/example_dags/example_sla_dag.py
[2024-04-14T12:49:40.846+0000] {logging_mixin.py:188} INFO - [2024-04-14T12:49:40.845+0000] {dag.py:3096} INFO - Sync 1 DAGs
[2024-04-14T12:49:41.211+0000] {logging_mixin.py:188} INFO - [2024-04-14T12:49:41.210+0000] {dag.py:3954} INFO - Setting next_dagrun for example_sla_dag to 2024-04-14 12:46:00+00:00, run_after=2024-04-14 12:48:00+00:00
[2024-04-14T12:49:41.727+0000] {processor.py:183} INFO - Processing /home/airflow/.local/lib/python3.12/site-packages/airflow/example_dags/example_sla_dag.py took 1.388 seconds
[2024-04-14T12:50:12.530+0000] {processor.py:161} INFO - Started process (PID=125) to work on /home/airflow/.local/lib/python3.12/site-packages/airflow/example_dags/example_sla_dag.py
[2024-04-14T12:50:12.533+0000] {processor.py:830} INFO - Processing file /home/airflow/.local/lib/python3.12/site-packages/airflow/example_dags/example_sla_dag.py for tasks to queue
[2024-04-14T12:50:12.549+0000] {logging_mixin.py:188} INFO - [2024-04-14T12:50:12.548+0000] {dagbag.py:540} INFO - Filling up the DagBag from /home/airflow/.local/lib/python3.12/site-packages/airflow/example_dags/example_sla_dag.py
[2024-04-14T12:50:12.582+0000] {processor.py:840} INFO - DAG(s) 'example_sla_dag' retrieved from /home/airflow/.local/lib/python3.12/site-packages/airflow/example_dags/example_sla_dag.py
[2024-04-14T12:50:12.753+0000] {logging_mixin.py:188} INFO - [2024-04-14T12:50:12.752+0000] {dag.py:3096} INFO - Sync 1 DAGs
[2024-04-14T12:50:12.954+0000] {logging_mixin.py:188} INFO - [2024-04-14T12:50:12.953+0000] {dag.py:3954} INFO - Setting next_dagrun for example_sla_dag to 2024-04-14 12:48:00+00:00, run_after=2024-04-14 12:50:00+00:00
[2024-04-14T12:50:13.108+0000] {processor.py:183} INFO - Processing /home/airflow/.local/lib/python3.12/site-packages/airflow/example_dags/example_sla_dag.py took 0.609 seconds
[2024-04-14T12:50:44.175+0000] {processor.py:161} INFO - Started process (PID=183) to work on /home/airflow/.local/lib/python3.12/site-packages/airflow/example_dags/example_sla_dag.py
[2024-04-14T12:50:44.178+0000] {processor.py:830} INFO - Processing file /home/airflow/.local/lib/python3.12/site-packages/airflow/example_dags/example_sla_dag.py for tasks to queue
[2024-04-14T12:50:44.192+0000] {logging_mixin.py:188} INFO - [2024-04-14T12:50:44.190+0000] {dagbag.py:540} INFO - Filling up the DagBag from /home/airflow/.local/lib/python3.12/site-packages/airflow/example_dags/example_sla_dag.py
[2024-04-14T12:50:44.246+0000] {processor.py:840} INFO - DAG(s) 'example_sla_dag' retrieved from /home/airflow/.local/lib/python3.12/site-packages/airflow/example_dags/example_sla_dag.py
[2024-04-14T12:50:44.312+0000] {logging_mixin.py:188} INFO - [2024-04-14T12:50:44.310+0000] {dag.py:3096} INFO - Sync 1 DAGs
[2024-04-14T12:50:44.424+0000] {logging_mixin.py:188} INFO - [2024-04-14T12:50:44.422+0000] {dag.py:3954} INFO - Setting next_dagrun for example_sla_dag to 2024-04-14 12:48:00+00:00, run_after=2024-04-14 12:50:00+00:00
[2024-04-14T12:50:44.505+0000] {processor.py:183} INFO - Processing /home/airflow/.local/lib/python3.12/site-packages/airflow/example_dags/example_sla_dag.py took 0.367 seconds
[2024-04-14T12:51:14.854+0000] {processor.py:161} INFO - Started process (PID=246) to work on /home/airflow/.local/lib/python3.12/site-packages/airflow/example_dags/example_sla_dag.py
[2024-04-14T12:51:14.867+0000] {processor.py:830} INFO - Processing file /home/airflow/.local/lib/python3.12/site-packages/airflow/example_dags/example_sla_dag.py for tasks to queue
[2024-04-14T12:51:14.875+0000] {logging_mixin.py:188} INFO - [2024-04-14T12:51:14.874+0000] {dagbag.py:540} INFO - Filling up the DagBag from /home/airflow/.local/lib/python3.12/site-packages/airflow/example_dags/example_sla_dag.py
[2024-04-14T12:51:14.918+0000] {processor.py:840} INFO - DAG(s) 'example_sla_dag' retrieved from /home/airflow/.local/lib/python3.12/site-packages/airflow/example_dags/example_sla_dag.py
[2024-04-14T12:51:15.045+0000] {logging_mixin.py:188} INFO - [2024-04-14T12:51:15.044+0000] {dag.py:3096} INFO - Sync 1 DAGs
[2024-04-14T12:51:15.156+0000] {logging_mixin.py:188} INFO - [2024-04-14T12:51:15.156+0000] {dag.py:3954} INFO - Setting next_dagrun for example_sla_dag to 2024-04-14 12:48:00+00:00, run_after=2024-04-14 12:50:00+00:00
[2024-04-14T12:51:15.209+0000] {processor.py:183} INFO - Processing /home/airflow/.local/lib/python3.12/site-packages/airflow/example_dags/example_sla_dag.py took 0.377 seconds
[2024-04-14T12:51:45.561+0000] {processor.py:161} INFO - Started process (PID=304) to work on /home/airflow/.local/lib/python3.12/site-packages/airflow/example_dags/example_sla_dag.py
[2024-04-14T12:51:45.563+0000] {processor.py:830} INFO - Processing file /home/airflow/.local/lib/python3.12/site-packages/airflow/example_dags/example_sla_dag.py for tasks to queue
[2024-04-14T12:51:45.565+0000] {logging_mixin.py:188} INFO - [2024-04-14T12:51:45.565+0000] {dagbag.py:540} INFO - Filling up the DagBag from /home/airflow/.local/lib/python3.12/site-packages/airflow/example_dags/example_sla_dag.py
[2024-04-14T12:51:45.588+0000] {processor.py:840} INFO - DAG(s) 'example_sla_dag' retrieved from /home/airflow/.local/lib/python3.12/site-packages/airflow/example_dags/example_sla_dag.py
[2024-04-14T12:51:45.647+0000] {logging_mixin.py:188} INFO - [2024-04-14T12:51:45.646+0000] {dag.py:3096} INFO - Sync 1 DAGs
[2024-04-14T12:51:45.714+0000] {logging_mixin.py:188} INFO - [2024-04-14T12:51:45.713+0000] {dag.py:3954} INFO - Setting next_dagrun for example_sla_dag to 2024-04-14 12:48:00+00:00, run_after=2024-04-14 12:50:00+00:00
[2024-04-14T12:51:45.774+0000] {processor.py:183} INFO - Processing /home/airflow/.local/lib/python3.12/site-packages/airflow/example_dags/example_sla_dag.py took 0.219 seconds
[2024-04-14T12:52:16.051+0000] {processor.py:161} INFO - Started process (PID=362) to work on /home/airflow/.local/lib/python3.12/site-packages/airflow/example_dags/example_sla_dag.py
[2024-04-14T12:52:16.052+0000] {processor.py:830} INFO - Processing file /home/airflow/.local/lib/python3.12/site-packages/airflow/example_dags/example_sla_dag.py for tasks to queue
[2024-04-14T12:52:16.055+0000] {logging_mixin.py:188} INFO - [2024-04-14T12:52:16.054+0000] {dagbag.py:540} INFO - Filling up the DagBag from /home/airflow/.local/lib/python3.12/site-packages/airflow/example_dags/example_sla_dag.py
[2024-04-14T12:52:16.067+0000] {processor.py:840} INFO - DAG(s) 'example_sla_dag' retrieved from /home/airflow/.local/lib/python3.12/site-packages/airflow/example_dags/example_sla_dag.py
[2024-04-14T12:52:16.099+0000] {logging_mixin.py:188} INFO - [2024-04-14T12:52:16.099+0000] {dag.py:3096} INFO - Sync 1 DAGs
[2024-04-14T12:52:16.142+0000] {logging_mixin.py:188} INFO - [2024-04-14T12:52:16.141+0000] {dag.py:3954} INFO - Setting next_dagrun for example_sla_dag to 2024-04-14 12:50:00+00:00, run_after=2024-04-14 12:52:00+00:00
[2024-04-14T12:52:16.171+0000] {processor.py:183} INFO - Processing /home/airflow/.local/lib/python3.12/site-packages/airflow/example_dags/example_sla_dag.py took 0.127 seconds
[2024-04-14T12:52:46.541+0000] {processor.py:161} INFO - Started process (PID=420) to work on /home/airflow/.local/lib/python3.12/site-packages/airflow/example_dags/example_sla_dag.py
[2024-04-14T12:52:46.543+0000] {processor.py:830} INFO - Processing file /home/airflow/.local/lib/python3.12/site-packages/airflow/example_dags/example_sla_dag.py for tasks to queue
[2024-04-14T12:52:46.554+0000] {logging_mixin.py:188} INFO - [2024-04-14T12:52:46.549+0000] {dagbag.py:540} INFO - Filling up the DagBag from /home/airflow/.local/lib/python3.12/site-packages/airflow/example_dags/example_sla_dag.py
[2024-04-14T12:52:46.590+0000] {processor.py:840} INFO - DAG(s) 'example_sla_dag' retrieved from /home/airflow/.local/lib/python3.12/site-packages/airflow/example_dags/example_sla_dag.py
[2024-04-14T12:52:46.661+0000] {logging_mixin.py:188} INFO - [2024-04-14T12:52:46.661+0000] {dag.py:3096} INFO - Sync 1 DAGs
[2024-04-14T12:52:46.746+0000] {logging_mixin.py:188} INFO - [2024-04-14T12:52:46.746+0000] {dag.py:3954} INFO - Setting next_dagrun for example_sla_dag to 2024-04-14 12:50:00+00:00, run_after=2024-04-14 12:52:00+00:00
[2024-04-14T12:52:46.820+0000] {processor.py:183} INFO - Processing /home/airflow/.local/lib/python3.12/site-packages/airflow/example_dags/example_sla_dag.py took 0.300 seconds
[2024-04-14T12:53:17.566+0000] {processor.py:161} INFO - Started process (PID=478) to work on /home/airflow/.local/lib/python3.12/site-packages/airflow/example_dags/example_sla_dag.py
[2024-04-14T12:53:17.568+0000] {processor.py:830} INFO - Processing file /home/airflow/.local/lib/python3.12/site-packages/airflow/example_dags/example_sla_dag.py for tasks to queue
[2024-04-14T12:53:17.572+0000] {logging_mixin.py:188} INFO - [2024-04-14T12:53:17.571+0000] {dagbag.py:540} INFO - Filling up the DagBag from /home/airflow/.local/lib/python3.12/site-packages/airflow/example_dags/example_sla_dag.py
[2024-04-14T12:53:17.589+0000] {processor.py:840} INFO - DAG(s) 'example_sla_dag' retrieved from /home/airflow/.local/lib/python3.12/site-packages/airflow/example_dags/example_sla_dag.py
[2024-04-14T12:53:17.628+0000] {logging_mixin.py:188} INFO - [2024-04-14T12:53:17.627+0000] {dag.py:3096} INFO - Sync 1 DAGs
[2024-04-14T12:53:17.692+0000] {logging_mixin.py:188} INFO - [2024-04-14T12:53:17.691+0000] {dag.py:3954} INFO - Setting next_dagrun for example_sla_dag to 2024-04-14 12:50:00+00:00, run_after=2024-04-14 12:52:00+00:00
[2024-04-14T12:53:17.736+0000] {processor.py:183} INFO - Processing /home/airflow/.local/lib/python3.12/site-packages/airflow/example_dags/example_sla_dag.py took 0.183 seconds
[2024-04-14T12:53:48.154+0000] {processor.py:161} INFO - Started process (PID=536) to work on /home/airflow/.local/lib/python3.12/site-packages/airflow/example_dags/example_sla_dag.py
[2024-04-14T12:53:48.155+0000] {processor.py:830} INFO - Processing file /home/airflow/.local/lib/python3.12/site-packages/airflow/example_dags/example_sla_dag.py for tasks to queue
[2024-04-14T12:53:48.163+0000] {logging_mixin.py:188} INFO - [2024-04-14T12:53:48.162+0000] {dagbag.py:540} INFO - Filling up the DagBag from /home/airflow/.local/lib/python3.12/site-packages/airflow/example_dags/example_sla_dag.py
[2024-04-14T12:53:48.175+0000] {processor.py:840} INFO - DAG(s) 'example_sla_dag' retrieved from /home/airflow/.local/lib/python3.12/site-packages/airflow/example_dags/example_sla_dag.py
[2024-04-14T12:53:48.211+0000] {logging_mixin.py:188} INFO - [2024-04-14T12:53:48.211+0000] {dag.py:3096} INFO - Sync 1 DAGs
[2024-04-14T12:53:48.263+0000] {logging_mixin.py:188} INFO - [2024-04-14T12:53:48.263+0000] {dag.py:3954} INFO - Setting next_dagrun for example_sla_dag to 2024-04-14 12:50:00+00:00, run_after=2024-04-14 12:52:00+00:00
[2024-04-14T12:53:48.299+0000] {processor.py:183} INFO - Processing /home/airflow/.local/lib/python3.12/site-packages/airflow/example_dags/example_sla_dag.py took 0.153 seconds
[2024-04-14T12:54:18.651+0000] {processor.py:161} INFO - Started process (PID=594) to work on /home/airflow/.local/lib/python3.12/site-packages/airflow/example_dags/example_sla_dag.py
[2024-04-14T12:54:18.653+0000] {processor.py:830} INFO - Processing file /home/airflow/.local/lib/python3.12/site-packages/airflow/example_dags/example_sla_dag.py for tasks to queue
[2024-04-14T12:54:18.656+0000] {logging_mixin.py:188} INFO - [2024-04-14T12:54:18.656+0000] {dagbag.py:540} INFO - Filling up the DagBag from /home/airflow/.local/lib/python3.12/site-packages/airflow/example_dags/example_sla_dag.py
[2024-04-14T12:54:18.670+0000] {processor.py:840} INFO - DAG(s) 'example_sla_dag' retrieved from /home/airflow/.local/lib/python3.12/site-packages/airflow/example_dags/example_sla_dag.py
[2024-04-14T12:54:18.702+0000] {logging_mixin.py:188} INFO - [2024-04-14T12:54:18.702+0000] {dag.py:3096} INFO - Sync 1 DAGs
[2024-04-14T12:54:18.749+0000] {logging_mixin.py:188} INFO - [2024-04-14T12:54:18.749+0000] {dag.py:3954} INFO - Setting next_dagrun for example_sla_dag to 2024-04-14 12:52:00+00:00, run_after=2024-04-14 12:54:00+00:00
[2024-04-14T12:54:18.832+0000] {processor.py:183} INFO - Processing /home/airflow/.local/lib/python3.12/site-packages/airflow/example_dags/example_sla_dag.py took 0.191 seconds
[2024-04-14T12:54:54.157+0000] {processor.py:161} INFO - Started process (PID=653) to work on /home/airflow/.local/lib/python3.12/site-packages/airflow/example_dags/example_sla_dag.py
[2024-04-14T12:54:54.160+0000] {processor.py:830} INFO - Processing file /home/airflow/.local/lib/python3.12/site-packages/airflow/example_dags/example_sla_dag.py for tasks to queue
[2024-04-14T12:54:54.174+0000] {logging_mixin.py:188} INFO - [2024-04-14T12:54:54.173+0000] {dagbag.py:540} INFO - Filling up the DagBag from /home/airflow/.local/lib/python3.12/site-packages/airflow/example_dags/example_sla_dag.py
[2024-04-14T12:54:54.240+0000] {processor.py:840} INFO - DAG(s) 'example_sla_dag' retrieved from /home/airflow/.local/lib/python3.12/site-packages/airflow/example_dags/example_sla_dag.py
[2024-04-14T12:54:54.405+0000] {logging_mixin.py:188} INFO - [2024-04-14T12:54:54.404+0000] {dag.py:3096} INFO - Sync 1 DAGs
[2024-04-14T12:54:54.738+0000] {logging_mixin.py:188} INFO - [2024-04-14T12:54:54.737+0000] {dag.py:3954} INFO - Setting next_dagrun for example_sla_dag to 2024-04-14 12:52:00+00:00, run_after=2024-04-14 12:54:00+00:00
[2024-04-14T12:54:54.998+0000] {processor.py:183} INFO - Processing /home/airflow/.local/lib/python3.12/site-packages/airflow/example_dags/example_sla_dag.py took 0.876 seconds
[2024-04-14T12:55:25.136+0000] {processor.py:161} INFO - Started process (PID=711) to work on /home/airflow/.local/lib/python3.12/site-packages/airflow/example_dags/example_sla_dag.py
[2024-04-14T12:55:25.146+0000] {processor.py:830} INFO - Processing file /home/airflow/.local/lib/python3.12/site-packages/airflow/example_dags/example_sla_dag.py for tasks to queue
[2024-04-14T12:55:25.149+0000] {logging_mixin.py:188} INFO - [2024-04-14T12:55:25.149+0000] {dagbag.py:540} INFO - Filling up the DagBag from /home/airflow/.local/lib/python3.12/site-packages/airflow/example_dags/example_sla_dag.py
[2024-04-14T12:55:25.174+0000] {processor.py:840} INFO - DAG(s) 'example_sla_dag' retrieved from /home/airflow/.local/lib/python3.12/site-packages/airflow/example_dags/example_sla_dag.py
[2024-04-14T12:55:25.204+0000] {logging_mixin.py:188} INFO - [2024-04-14T12:55:25.204+0000] {dag.py:3096} INFO - Sync 1 DAGs
[2024-04-14T12:55:25.267+0000] {logging_mixin.py:188} INFO - [2024-04-14T12:55:25.264+0000] {dag.py:3954} INFO - Setting next_dagrun for example_sla_dag to 2024-04-14 12:52:00+00:00, run_after=2024-04-14 12:54:00+00:00
[2024-04-14T12:55:25.325+0000] {processor.py:183} INFO - Processing /home/airflow/.local/lib/python3.12/site-packages/airflow/example_dags/example_sla_dag.py took 0.204 seconds
[2024-04-14T12:55:55.763+0000] {processor.py:161} INFO - Started process (PID=769) to work on /home/airflow/.local/lib/python3.12/site-packages/airflow/example_dags/example_sla_dag.py
[2024-04-14T12:55:55.765+0000] {processor.py:830} INFO - Processing file /home/airflow/.local/lib/python3.12/site-packages/airflow/example_dags/example_sla_dag.py for tasks to queue
[2024-04-14T12:55:55.769+0000] {logging_mixin.py:188} INFO - [2024-04-14T12:55:55.768+0000] {dagbag.py:540} INFO - Filling up the DagBag from /home/airflow/.local/lib/python3.12/site-packages/airflow/example_dags/example_sla_dag.py
[2024-04-14T12:55:55.784+0000] {processor.py:840} INFO - DAG(s) 'example_sla_dag' retrieved from /home/airflow/.local/lib/python3.12/site-packages/airflow/example_dags/example_sla_dag.py
[2024-04-14T12:55:55.844+0000] {logging_mixin.py:188} INFO - [2024-04-14T12:55:55.843+0000] {dag.py:3096} INFO - Sync 1 DAGs
[2024-04-14T12:55:55.909+0000] {logging_mixin.py:188} INFO - [2024-04-14T12:55:55.908+0000] {dag.py:3954} INFO - Setting next_dagrun for example_sla_dag to 2024-04-14 12:52:00+00:00, run_after=2024-04-14 12:54:00+00:00
[2024-04-14T12:55:55.972+0000] {processor.py:183} INFO - Processing /home/airflow/.local/lib/python3.12/site-packages/airflow/example_dags/example_sla_dag.py took 0.223 seconds
[2024-04-14T12:56:27.535+0000] {processor.py:161} INFO - Started process (PID=827) to work on /home/airflow/.local/lib/python3.12/site-packages/airflow/example_dags/example_sla_dag.py
[2024-04-14T12:56:27.538+0000] {processor.py:830} INFO - Processing file /home/airflow/.local/lib/python3.12/site-packages/airflow/example_dags/example_sla_dag.py for tasks to queue
[2024-04-14T12:56:27.542+0000] {logging_mixin.py:188} INFO - [2024-04-14T12:56:27.541+0000] {dagbag.py:540} INFO - Filling up the DagBag from /home/airflow/.local/lib/python3.12/site-packages/airflow/example_dags/example_sla_dag.py
[2024-04-14T12:56:27.562+0000] {processor.py:840} INFO - DAG(s) 'example_sla_dag' retrieved from /home/airflow/.local/lib/python3.12/site-packages/airflow/example_dags/example_sla_dag.py
[2024-04-14T12:56:27.610+0000] {logging_mixin.py:188} INFO - [2024-04-14T12:56:27.610+0000] {dag.py:3096} INFO - Sync 1 DAGs
[2024-04-14T12:56:27.698+0000] {logging_mixin.py:188} INFO - [2024-04-14T12:56:27.698+0000] {dag.py:3954} INFO - Setting next_dagrun for example_sla_dag to 2024-04-14 12:54:00+00:00, run_after=2024-04-14 12:56:00+00:00
[2024-04-14T12:56:28.024+0000] {processor.py:183} INFO - Processing /home/airflow/.local/lib/python3.12/site-packages/airflow/example_dags/example_sla_dag.py took 0.502 seconds
[2024-04-14T12:56:58.420+0000] {processor.py:161} INFO - Started process (PID=884) to work on /home/airflow/.local/lib/python3.12/site-packages/airflow/example_dags/example_sla_dag.py
[2024-04-14T12:56:58.423+0000] {processor.py:830} INFO - Processing file /home/airflow/.local/lib/python3.12/site-packages/airflow/example_dags/example_sla_dag.py for tasks to queue
[2024-04-14T12:56:58.426+0000] {logging_mixin.py:188} INFO - [2024-04-14T12:56:58.426+0000] {dagbag.py:540} INFO - Filling up the DagBag from /home/airflow/.local/lib/python3.12/site-packages/airflow/example_dags/example_sla_dag.py
[2024-04-14T12:56:58.442+0000] {processor.py:840} INFO - DAG(s) 'example_sla_dag' retrieved from /home/airflow/.local/lib/python3.12/site-packages/airflow/example_dags/example_sla_dag.py
[2024-04-14T12:56:58.495+0000] {logging_mixin.py:188} INFO - [2024-04-14T12:56:58.494+0000] {dag.py:3096} INFO - Sync 1 DAGs
[2024-04-14T12:56:58.543+0000] {logging_mixin.py:188} INFO - [2024-04-14T12:56:58.543+0000] {dag.py:3954} INFO - Setting next_dagrun for example_sla_dag to 2024-04-14 12:54:00+00:00, run_after=2024-04-14 12:56:00+00:00
[2024-04-14T12:56:58.593+0000] {processor.py:183} INFO - Processing /home/airflow/.local/lib/python3.12/site-packages/airflow/example_dags/example_sla_dag.py took 0.182 seconds
[2024-04-14T12:57:28.751+0000] {processor.py:161} INFO - Started process (PID=942) to work on /home/airflow/.local/lib/python3.12/site-packages/airflow/example_dags/example_sla_dag.py
[2024-04-14T12:57:28.753+0000] {processor.py:830} INFO - Processing file /home/airflow/.local/lib/python3.12/site-packages/airflow/example_dags/example_sla_dag.py for tasks to queue
[2024-04-14T12:57:28.757+0000] {logging_mixin.py:188} INFO - [2024-04-14T12:57:28.756+0000] {dagbag.py:540} INFO - Filling up the DagBag from /home/airflow/.local/lib/python3.12/site-packages/airflow/example_dags/example_sla_dag.py
[2024-04-14T12:57:28.768+0000] {processor.py:840} INFO - DAG(s) 'example_sla_dag' retrieved from /home/airflow/.local/lib/python3.12/site-packages/airflow/example_dags/example_sla_dag.py
[2024-04-14T12:57:28.802+0000] {logging_mixin.py:188} INFO - [2024-04-14T12:57:28.801+0000] {dag.py:3096} INFO - Sync 1 DAGs
[2024-04-14T12:57:28.851+0000] {logging_mixin.py:188} INFO - [2024-04-14T12:57:28.851+0000] {dag.py:3954} INFO - Setting next_dagrun for example_sla_dag to 2024-04-14 12:54:00+00:00, run_after=2024-04-14 12:56:00+00:00
[2024-04-14T12:57:28.886+0000] {processor.py:183} INFO - Processing /home/airflow/.local/lib/python3.12/site-packages/airflow/example_dags/example_sla_dag.py took 0.141 seconds
[2024-04-14T12:57:59.150+0000] {processor.py:161} INFO - Started process (PID=1001) to work on /home/airflow/.local/lib/python3.12/site-packages/airflow/example_dags/example_sla_dag.py
[2024-04-14T12:57:59.155+0000] {processor.py:830} INFO - Processing file /home/airflow/.local/lib/python3.12/site-packages/airflow/example_dags/example_sla_dag.py for tasks to queue
[2024-04-14T12:57:59.164+0000] {logging_mixin.py:188} INFO - [2024-04-14T12:57:59.163+0000] {dagbag.py:540} INFO - Filling up the DagBag from /home/airflow/.local/lib/python3.12/site-packages/airflow/example_dags/example_sla_dag.py
[2024-04-14T12:57:59.209+0000] {processor.py:840} INFO - DAG(s) 'example_sla_dag' retrieved from /home/airflow/.local/lib/python3.12/site-packages/airflow/example_dags/example_sla_dag.py
[2024-04-14T12:57:59.277+0000] {logging_mixin.py:188} INFO - [2024-04-14T12:57:59.276+0000] {dag.py:3096} INFO - Sync 1 DAGs
[2024-04-14T12:57:59.384+0000] {logging_mixin.py:188} INFO - [2024-04-14T12:57:59.384+0000] {dag.py:3954} INFO - Setting next_dagrun for example_sla_dag to 2024-04-14 12:54:00+00:00, run_after=2024-04-14 12:56:00+00:00
[2024-04-14T12:57:59.478+0000] {processor.py:183} INFO - Processing /home/airflow/.local/lib/python3.12/site-packages/airflow/example_dags/example_sla_dag.py took 0.354 seconds
[2024-04-14T12:58:29.787+0000] {processor.py:161} INFO - Started process (PID=1059) to work on /home/airflow/.local/lib/python3.12/site-packages/airflow/example_dags/example_sla_dag.py
[2024-04-14T12:58:29.788+0000] {processor.py:830} INFO - Processing file /home/airflow/.local/lib/python3.12/site-packages/airflow/example_dags/example_sla_dag.py for tasks to queue
[2024-04-14T12:58:29.795+0000] {logging_mixin.py:188} INFO - [2024-04-14T12:58:29.794+0000] {dagbag.py:540} INFO - Filling up the DagBag from /home/airflow/.local/lib/python3.12/site-packages/airflow/example_dags/example_sla_dag.py
[2024-04-14T12:58:29.814+0000] {processor.py:840} INFO - DAG(s) 'example_sla_dag' retrieved from /home/airflow/.local/lib/python3.12/site-packages/airflow/example_dags/example_sla_dag.py
[2024-04-14T12:58:29.879+0000] {logging_mixin.py:188} INFO - [2024-04-14T12:58:29.878+0000] {dag.py:3096} INFO - Sync 1 DAGs
[2024-04-14T12:58:29.999+0000] {logging_mixin.py:188} INFO - [2024-04-14T12:58:29.998+0000] {dag.py:3954} INFO - Setting next_dagrun for example_sla_dag to 2024-04-14 12:56:00+00:00, run_after=2024-04-14 12:58:00+00:00
[2024-04-14T12:58:30.092+0000] {processor.py:183} INFO - Processing /home/airflow/.local/lib/python3.12/site-packages/airflow/example_dags/example_sla_dag.py took 0.322 seconds
[2024-04-14T12:59:00.508+0000] {processor.py:161} INFO - Started process (PID=1117) to work on /home/airflow/.local/lib/python3.12/site-packages/airflow/example_dags/example_sla_dag.py
[2024-04-14T12:59:00.525+0000] {processor.py:830} INFO - Processing file /home/airflow/.local/lib/python3.12/site-packages/airflow/example_dags/example_sla_dag.py for tasks to queue
[2024-04-14T12:59:00.578+0000] {logging_mixin.py:188} INFO - [2024-04-14T12:59:00.574+0000] {dagbag.py:540} INFO - Filling up the DagBag from /home/airflow/.local/lib/python3.12/site-packages/airflow/example_dags/example_sla_dag.py
[2024-04-14T12:59:00.684+0000] {processor.py:840} INFO - DAG(s) 'example_sla_dag' retrieved from /home/airflow/.local/lib/python3.12/site-packages/airflow/example_dags/example_sla_dag.py
[2024-04-14T12:59:00.776+0000] {logging_mixin.py:188} INFO - [2024-04-14T12:59:00.775+0000] {dag.py:3096} INFO - Sync 1 DAGs
[2024-04-14T12:59:01.028+0000] {logging_mixin.py:188} INFO - [2024-04-14T12:59:01.028+0000] {dag.py:3954} INFO - Setting next_dagrun for example_sla_dag to 2024-04-14 12:56:00+00:00, run_after=2024-04-14 12:58:00+00:00
[2024-04-14T12:59:01.210+0000] {processor.py:183} INFO - Processing /home/airflow/.local/lib/python3.12/site-packages/airflow/example_dags/example_sla_dag.py took 0.725 seconds
[2024-04-14T12:59:32.024+0000] {processor.py:161} INFO - Started process (PID=1176) to work on /home/airflow/.local/lib/python3.12/site-packages/airflow/example_dags/example_sla_dag.py
[2024-04-14T12:59:32.025+0000] {processor.py:830} INFO - Processing file /home/airflow/.local/lib/python3.12/site-packages/airflow/example_dags/example_sla_dag.py for tasks to queue
[2024-04-14T12:59:32.027+0000] {logging_mixin.py:188} INFO - [2024-04-14T12:59:32.027+0000] {dagbag.py:540} INFO - Filling up the DagBag from /home/airflow/.local/lib/python3.12/site-packages/airflow/example_dags/example_sla_dag.py
[2024-04-14T12:59:32.066+0000] {processor.py:840} INFO - DAG(s) 'example_sla_dag' retrieved from /home/airflow/.local/lib/python3.12/site-packages/airflow/example_dags/example_sla_dag.py
[2024-04-14T12:59:32.508+0000] {logging_mixin.py:188} INFO - [2024-04-14T12:59:32.507+0000] {dag.py:3096} INFO - Sync 1 DAGs
[2024-04-14T12:59:32.635+0000] {logging_mixin.py:188} INFO - [2024-04-14T12:59:32.634+0000] {dag.py:3954} INFO - Setting next_dagrun for example_sla_dag to 2024-04-14 12:56:00+00:00, run_after=2024-04-14 12:58:00+00:00
[2024-04-14T12:59:32.692+0000] {processor.py:183} INFO - Processing /home/airflow/.local/lib/python3.12/site-packages/airflow/example_dags/example_sla_dag.py took 0.688 seconds
[2024-04-14T13:00:02.934+0000] {processor.py:161} INFO - Started process (PID=1235) to work on /home/airflow/.local/lib/python3.12/site-packages/airflow/example_dags/example_sla_dag.py
[2024-04-14T13:00:02.936+0000] {processor.py:830} INFO - Processing file /home/airflow/.local/lib/python3.12/site-packages/airflow/example_dags/example_sla_dag.py for tasks to queue
[2024-04-14T13:00:02.938+0000] {logging_mixin.py:188} INFO - [2024-04-14T13:00:02.938+0000] {dagbag.py:540} INFO - Filling up the DagBag from /home/airflow/.local/lib/python3.12/site-packages/airflow/example_dags/example_sla_dag.py
[2024-04-14T13:00:02.957+0000] {processor.py:840} INFO - DAG(s) 'example_sla_dag' retrieved from /home/airflow/.local/lib/python3.12/site-packages/airflow/example_dags/example_sla_dag.py
[2024-04-14T13:00:03.001+0000] {logging_mixin.py:188} INFO - [2024-04-14T13:00:03.000+0000] {dag.py:3096} INFO - Sync 1 DAGs
[2024-04-14T13:00:03.048+0000] {logging_mixin.py:188} INFO - [2024-04-14T13:00:03.048+0000] {dag.py:3954} INFO - Setting next_dagrun for example_sla_dag to 2024-04-14 12:58:00+00:00, run_after=2024-04-14 13:00:00+00:00
[2024-04-14T13:00:03.164+0000] {processor.py:183} INFO - Processing /home/airflow/.local/lib/python3.12/site-packages/airflow/example_dags/example_sla_dag.py took 0.243 seconds
[2024-04-14T13:00:33.435+0000] {processor.py:161} INFO - Started process (PID=1294) to work on /home/airflow/.local/lib/python3.12/site-packages/airflow/example_dags/example_sla_dag.py
[2024-04-14T13:00:33.436+0000] {processor.py:830} INFO - Processing file /home/airflow/.local/lib/python3.12/site-packages/airflow/example_dags/example_sla_dag.py for tasks to queue
[2024-04-14T13:00:33.438+0000] {logging_mixin.py:188} INFO - [2024-04-14T13:00:33.438+0000] {dagbag.py:540} INFO - Filling up the DagBag from /home/airflow/.local/lib/python3.12/site-packages/airflow/example_dags/example_sla_dag.py
[2024-04-14T13:00:33.454+0000] {processor.py:840} INFO - DAG(s) 'example_sla_dag' retrieved from /home/airflow/.local/lib/python3.12/site-packages/airflow/example_dags/example_sla_dag.py
[2024-04-14T13:00:33.492+0000] {logging_mixin.py:188} INFO - [2024-04-14T13:00:33.491+0000] {dag.py:3096} INFO - Sync 1 DAGs
[2024-04-14T13:00:33.537+0000] {logging_mixin.py:188} INFO - [2024-04-14T13:00:33.537+0000] {dag.py:3954} INFO - Setting next_dagrun for example_sla_dag to 2024-04-14 12:58:00+00:00, run_after=2024-04-14 13:00:00+00:00
[2024-04-14T13:00:33.578+0000] {processor.py:183} INFO - Processing /home/airflow/.local/lib/python3.12/site-packages/airflow/example_dags/example_sla_dag.py took 0.152 seconds
[2024-04-14T13:01:04.281+0000] {processor.py:161} INFO - Started process (PID=1353) to work on /home/airflow/.local/lib/python3.12/site-packages/airflow/example_dags/example_sla_dag.py
[2024-04-14T13:01:04.317+0000] {processor.py:830} INFO - Processing file /home/airflow/.local/lib/python3.12/site-packages/airflow/example_dags/example_sla_dag.py for tasks to queue
[2024-04-14T13:01:04.343+0000] {logging_mixin.py:188} INFO - [2024-04-14T13:01:04.342+0000] {dagbag.py:540} INFO - Filling up the DagBag from /home/airflow/.local/lib/python3.12/site-packages/airflow/example_dags/example_sla_dag.py
[2024-04-14T13:01:04.407+0000] {processor.py:840} INFO - DAG(s) 'example_sla_dag' retrieved from /home/airflow/.local/lib/python3.12/site-packages/airflow/example_dags/example_sla_dag.py
[2024-04-14T13:01:04.664+0000] {logging_mixin.py:188} INFO - [2024-04-14T13:01:04.663+0000] {dag.py:3096} INFO - Sync 1 DAGs
[2024-04-14T13:01:04.928+0000] {logging_mixin.py:188} INFO - [2024-04-14T13:01:04.927+0000] {dag.py:3954} INFO - Setting next_dagrun for example_sla_dag to 2024-04-14 12:58:00+00:00, run_after=2024-04-14 13:00:00+00:00
[2024-04-14T13:01:05.105+0000] {processor.py:183} INFO - Processing /home/airflow/.local/lib/python3.12/site-packages/airflow/example_dags/example_sla_dag.py took 0.845 seconds
[2024-04-14T13:01:35.268+0000] {processor.py:161} INFO - Started process (PID=1412) to work on /home/airflow/.local/lib/python3.12/site-packages/airflow/example_dags/example_sla_dag.py
[2024-04-14T13:01:35.272+0000] {processor.py:830} INFO - Processing file /home/airflow/.local/lib/python3.12/site-packages/airflow/example_dags/example_sla_dag.py for tasks to queue
[2024-04-14T13:01:35.273+0000] {logging_mixin.py:188} INFO - [2024-04-14T13:01:35.273+0000] {dagbag.py:540} INFO - Filling up the DagBag from /home/airflow/.local/lib/python3.12/site-packages/airflow/example_dags/example_sla_dag.py
[2024-04-14T13:01:35.304+0000] {processor.py:840} INFO - DAG(s) 'example_sla_dag' retrieved from /home/airflow/.local/lib/python3.12/site-packages/airflow/example_dags/example_sla_dag.py
[2024-04-14T13:01:35.447+0000] {logging_mixin.py:188} INFO - [2024-04-14T13:01:35.446+0000] {dag.py:3096} INFO - Sync 1 DAGs
[2024-04-14T13:01:35.535+0000] {logging_mixin.py:188} INFO - [2024-04-14T13:01:35.534+0000] {dag.py:3954} INFO - Setting next_dagrun for example_sla_dag to 2024-04-14 12:58:00+00:00, run_after=2024-04-14 13:00:00+00:00
[2024-04-14T13:01:35.581+0000] {processor.py:183} INFO - Processing /home/airflow/.local/lib/python3.12/site-packages/airflow/example_dags/example_sla_dag.py took 0.328 seconds
[2024-04-14T13:02:06.169+0000] {processor.py:161} INFO - Started process (PID=1471) to work on /home/airflow/.local/lib/python3.12/site-packages/airflow/example_dags/example_sla_dag.py
[2024-04-14T13:02:06.170+0000] {processor.py:830} INFO - Processing file /home/airflow/.local/lib/python3.12/site-packages/airflow/example_dags/example_sla_dag.py for tasks to queue
[2024-04-14T13:02:06.172+0000] {logging_mixin.py:188} INFO - [2024-04-14T13:02:06.171+0000] {dagbag.py:540} INFO - Filling up the DagBag from /home/airflow/.local/lib/python3.12/site-packages/airflow/example_dags/example_sla_dag.py
[2024-04-14T13:02:06.191+0000] {processor.py:840} INFO - DAG(s) 'example_sla_dag' retrieved from /home/airflow/.local/lib/python3.12/site-packages/airflow/example_dags/example_sla_dag.py
[2024-04-14T13:02:06.236+0000] {logging_mixin.py:188} INFO - [2024-04-14T13:02:06.235+0000] {dag.py:3096} INFO - Sync 1 DAGs
[2024-04-14T13:02:06.298+0000] {logging_mixin.py:188} INFO - [2024-04-14T13:02:06.298+0000] {dag.py:3954} INFO - Setting next_dagrun for example_sla_dag to 2024-04-14 13:00:00+00:00, run_after=2024-04-14 13:02:00+00:00
[2024-04-14T13:02:06.346+0000] {processor.py:183} INFO - Processing /home/airflow/.local/lib/python3.12/site-packages/airflow/example_dags/example_sla_dag.py took 0.189 seconds
[2024-04-14T13:02:36.562+0000] {processor.py:161} INFO - Started process (PID=1530) to work on /home/airflow/.local/lib/python3.12/site-packages/airflow/example_dags/example_sla_dag.py
[2024-04-14T13:02:36.564+0000] {processor.py:830} INFO - Processing file /home/airflow/.local/lib/python3.12/site-packages/airflow/example_dags/example_sla_dag.py for tasks to queue
[2024-04-14T13:02:36.565+0000] {logging_mixin.py:188} INFO - [2024-04-14T13:02:36.565+0000] {dagbag.py:540} INFO - Filling up the DagBag from /home/airflow/.local/lib/python3.12/site-packages/airflow/example_dags/example_sla_dag.py
[2024-04-14T13:02:36.584+0000] {processor.py:840} INFO - DAG(s) 'example_sla_dag' retrieved from /home/airflow/.local/lib/python3.12/site-packages/airflow/example_dags/example_sla_dag.py
[2024-04-14T13:02:36.621+0000] {logging_mixin.py:188} INFO - [2024-04-14T13:02:36.621+0000] {dag.py:3096} INFO - Sync 1 DAGs
[2024-04-14T13:02:36.685+0000] {logging_mixin.py:188} INFO - [2024-04-14T13:02:36.685+0000] {dag.py:3954} INFO - Setting next_dagrun for example_sla_dag to 2024-04-14 13:00:00+00:00, run_after=2024-04-14 13:02:00+00:00
[2024-04-14T13:02:36.729+0000] {processor.py:183} INFO - Processing /home/airflow/.local/lib/python3.12/site-packages/airflow/example_dags/example_sla_dag.py took 0.179 seconds
[2024-04-14T13:03:08.777+0000] {processor.py:161} INFO - Started process (PID=1590) to work on /home/airflow/.local/lib/python3.12/site-packages/airflow/example_dags/example_sla_dag.py
[2024-04-14T13:03:08.796+0000] {processor.py:830} INFO - Processing file /home/airflow/.local/lib/python3.12/site-packages/airflow/example_dags/example_sla_dag.py for tasks to queue
[2024-04-14T13:03:08.802+0000] {logging_mixin.py:188} INFO - [2024-04-14T13:03:08.801+0000] {dagbag.py:540} INFO - Filling up the DagBag from /home/airflow/.local/lib/python3.12/site-packages/airflow/example_dags/example_sla_dag.py
[2024-04-14T13:03:08.964+0000] {processor.py:840} INFO - DAG(s) 'example_sla_dag' retrieved from /home/airflow/.local/lib/python3.12/site-packages/airflow/example_dags/example_sla_dag.py
[2024-04-14T13:03:09.163+0000] {logging_mixin.py:188} INFO - [2024-04-14T13:03:09.163+0000] {dag.py:3096} INFO - Sync 1 DAGs
[2024-04-14T13:03:09.272+0000] {logging_mixin.py:188} INFO - [2024-04-14T13:03:09.272+0000] {dag.py:3954} INFO - Setting next_dagrun for example_sla_dag to 2024-04-14 13:00:00+00:00, run_after=2024-04-14 13:02:00+00:00
[2024-04-14T13:03:09.411+0000] {processor.py:183} INFO - Processing /home/airflow/.local/lib/python3.12/site-packages/airflow/example_dags/example_sla_dag.py took 0.765 seconds
[2024-04-14T13:03:42.394+0000] {processor.py:161} INFO - Started process (PID=1649) to work on /home/airflow/.local/lib/python3.12/site-packages/airflow/example_dags/example_sla_dag.py
[2024-04-14T13:03:42.427+0000] {processor.py:830} INFO - Processing file /home/airflow/.local/lib/python3.12/site-packages/airflow/example_dags/example_sla_dag.py for tasks to queue
[2024-04-14T13:03:42.431+0000] {logging_mixin.py:188} INFO - [2024-04-14T13:03:42.430+0000] {dagbag.py:540} INFO - Filling up the DagBag from /home/airflow/.local/lib/python3.12/site-packages/airflow/example_dags/example_sla_dag.py
[2024-04-14T13:03:42.487+0000] {processor.py:840} INFO - DAG(s) 'example_sla_dag' retrieved from /home/airflow/.local/lib/python3.12/site-packages/airflow/example_dags/example_sla_dag.py
[2024-04-14T13:03:42.593+0000] {logging_mixin.py:188} INFO - [2024-04-14T13:03:42.592+0000] {dag.py:3096} INFO - Sync 1 DAGs
[2024-04-14T13:03:42.759+0000] {logging_mixin.py:188} INFO - [2024-04-14T13:03:42.758+0000] {dag.py:3954} INFO - Setting next_dagrun for example_sla_dag to 2024-04-14 13:00:00+00:00, run_after=2024-04-14 13:02:00+00:00
[2024-04-14T13:03:42.833+0000] {processor.py:183} INFO - Processing /home/airflow/.local/lib/python3.12/site-packages/airflow/example_dags/example_sla_dag.py took 0.473 seconds
[2024-04-14T13:04:13.179+0000] {processor.py:161} INFO - Started process (PID=1709) to work on /home/airflow/.local/lib/python3.12/site-packages/airflow/example_dags/example_sla_dag.py
[2024-04-14T13:04:13.181+0000] {processor.py:830} INFO - Processing file /home/airflow/.local/lib/python3.12/site-packages/airflow/example_dags/example_sla_dag.py for tasks to queue
[2024-04-14T13:04:13.183+0000] {logging_mixin.py:188} INFO - [2024-04-14T13:04:13.182+0000] {dagbag.py:540} INFO - Filling up the DagBag from /home/airflow/.local/lib/python3.12/site-packages/airflow/example_dags/example_sla_dag.py
[2024-04-14T13:04:13.199+0000] {processor.py:840} INFO - DAG(s) 'example_sla_dag' retrieved from /home/airflow/.local/lib/python3.12/site-packages/airflow/example_dags/example_sla_dag.py
[2024-04-14T13:04:13.236+0000] {logging_mixin.py:188} INFO - [2024-04-14T13:04:13.235+0000] {dag.py:3096} INFO - Sync 1 DAGs
[2024-04-14T13:04:13.293+0000] {logging_mixin.py:188} INFO - [2024-04-14T13:04:13.292+0000] {dag.py:3954} INFO - Setting next_dagrun for example_sla_dag to 2024-04-14 13:02:00+00:00, run_after=2024-04-14 13:04:00+00:00
[2024-04-14T13:04:13.359+0000] {processor.py:183} INFO - Processing /home/airflow/.local/lib/python3.12/site-packages/airflow/example_dags/example_sla_dag.py took 0.191 seconds
[2024-04-14T13:04:43.883+0000] {processor.py:161} INFO - Started process (PID=1769) to work on /home/airflow/.local/lib/python3.12/site-packages/airflow/example_dags/example_sla_dag.py
[2024-04-14T13:04:43.884+0000] {processor.py:830} INFO - Processing file /home/airflow/.local/lib/python3.12/site-packages/airflow/example_dags/example_sla_dag.py for tasks to queue
[2024-04-14T13:04:43.885+0000] {logging_mixin.py:188} INFO - [2024-04-14T13:04:43.885+0000] {dagbag.py:540} INFO - Filling up the DagBag from /home/airflow/.local/lib/python3.12/site-packages/airflow/example_dags/example_sla_dag.py
[2024-04-14T13:04:43.901+0000] {processor.py:840} INFO - DAG(s) 'example_sla_dag' retrieved from /home/airflow/.local/lib/python3.12/site-packages/airflow/example_dags/example_sla_dag.py
[2024-04-14T13:04:43.932+0000] {logging_mixin.py:188} INFO - [2024-04-14T13:04:43.932+0000] {dag.py:3096} INFO - Sync 1 DAGs
[2024-04-14T13:04:43.974+0000] {logging_mixin.py:188} INFO - [2024-04-14T13:04:43.974+0000] {dag.py:3954} INFO - Setting next_dagrun for example_sla_dag to 2024-04-14 13:02:00+00:00, run_after=2024-04-14 13:04:00+00:00
[2024-04-14T13:04:44.017+0000] {processor.py:183} INFO - Processing /home/airflow/.local/lib/python3.12/site-packages/airflow/example_dags/example_sla_dag.py took 0.150 seconds
[2024-04-14T13:05:14.626+0000] {processor.py:161} INFO - Started process (PID=1827) to work on /home/airflow/.local/lib/python3.12/site-packages/airflow/example_dags/example_sla_dag.py
[2024-04-14T13:05:14.628+0000] {processor.py:830} INFO - Processing file /home/airflow/.local/lib/python3.12/site-packages/airflow/example_dags/example_sla_dag.py for tasks to queue
[2024-04-14T13:05:14.630+0000] {logging_mixin.py:188} INFO - [2024-04-14T13:05:14.629+0000] {dagbag.py:540} INFO - Filling up the DagBag from /home/airflow/.local/lib/python3.12/site-packages/airflow/example_dags/example_sla_dag.py
[2024-04-14T13:05:14.653+0000] {processor.py:840} INFO - DAG(s) 'example_sla_dag' retrieved from /home/airflow/.local/lib/python3.12/site-packages/airflow/example_dags/example_sla_dag.py
[2024-04-14T13:05:14.694+0000] {logging_mixin.py:188} INFO - [2024-04-14T13:05:14.693+0000] {dag.py:3096} INFO - Sync 1 DAGs
[2024-04-14T13:05:14.741+0000] {logging_mixin.py:188} INFO - [2024-04-14T13:05:14.740+0000] {dag.py:3954} INFO - Setting next_dagrun for example_sla_dag to 2024-04-14 13:02:00+00:00, run_after=2024-04-14 13:04:00+00:00
[2024-04-14T13:05:14.775+0000] {processor.py:183} INFO - Processing /home/airflow/.local/lib/python3.12/site-packages/airflow/example_dags/example_sla_dag.py took 0.159 seconds
[2024-04-14T13:05:45.049+0000] {processor.py:161} INFO - Started process (PID=1885) to work on /home/airflow/.local/lib/python3.12/site-packages/airflow/example_dags/example_sla_dag.py
[2024-04-14T13:05:45.050+0000] {processor.py:830} INFO - Processing file /home/airflow/.local/lib/python3.12/site-packages/airflow/example_dags/example_sla_dag.py for tasks to queue
[2024-04-14T13:05:45.051+0000] {logging_mixin.py:188} INFO - [2024-04-14T13:05:45.051+0000] {dagbag.py:540} INFO - Filling up the DagBag from /home/airflow/.local/lib/python3.12/site-packages/airflow/example_dags/example_sla_dag.py
[2024-04-14T13:05:45.062+0000] {processor.py:840} INFO - DAG(s) 'example_sla_dag' retrieved from /home/airflow/.local/lib/python3.12/site-packages/airflow/example_dags/example_sla_dag.py
[2024-04-14T13:05:45.088+0000] {logging_mixin.py:188} INFO - [2024-04-14T13:05:45.087+0000] {dag.py:3096} INFO - Sync 1 DAGs
[2024-04-14T13:05:45.126+0000] {logging_mixin.py:188} INFO - [2024-04-14T13:05:45.126+0000] {dag.py:3954} INFO - Setting next_dagrun for example_sla_dag to 2024-04-14 13:02:00+00:00, run_after=2024-04-14 13:04:00+00:00
[2024-04-14T13:05:45.160+0000] {processor.py:183} INFO - Processing /home/airflow/.local/lib/python3.12/site-packages/airflow/example_dags/example_sla_dag.py took 0.117 seconds
[2024-04-14T13:06:15.734+0000] {processor.py:161} INFO - Started process (PID=1944) to work on /home/airflow/.local/lib/python3.12/site-packages/airflow/example_dags/example_sla_dag.py
[2024-04-14T13:06:15.740+0000] {processor.py:830} INFO - Processing file /home/airflow/.local/lib/python3.12/site-packages/airflow/example_dags/example_sla_dag.py for tasks to queue
[2024-04-14T13:06:15.747+0000] {logging_mixin.py:188} INFO - [2024-04-14T13:06:15.743+0000] {dagbag.py:540} INFO - Filling up the DagBag from /home/airflow/.local/lib/python3.12/site-packages/airflow/example_dags/example_sla_dag.py
[2024-04-14T13:06:15.788+0000] {processor.py:840} INFO - DAG(s) 'example_sla_dag' retrieved from /home/airflow/.local/lib/python3.12/site-packages/airflow/example_dags/example_sla_dag.py
[2024-04-14T13:06:15.873+0000] {logging_mixin.py:188} INFO - [2024-04-14T13:06:15.872+0000] {dag.py:3096} INFO - Sync 1 DAGs
[2024-04-14T13:06:15.964+0000] {logging_mixin.py:188} INFO - [2024-04-14T13:06:15.963+0000] {dag.py:3954} INFO - Setting next_dagrun for example_sla_dag to 2024-04-14 13:04:00+00:00, run_after=2024-04-14 13:06:00+00:00
[2024-04-14T13:06:16.011+0000] {processor.py:183} INFO - Processing /home/airflow/.local/lib/python3.12/site-packages/airflow/example_dags/example_sla_dag.py took 0.304 seconds
[2024-04-14T13:06:46.457+0000] {processor.py:161} INFO - Started process (PID=2003) to work on /home/airflow/.local/lib/python3.12/site-packages/airflow/example_dags/example_sla_dag.py
[2024-04-14T13:06:46.459+0000] {processor.py:830} INFO - Processing file /home/airflow/.local/lib/python3.12/site-packages/airflow/example_dags/example_sla_dag.py for tasks to queue
[2024-04-14T13:06:46.461+0000] {logging_mixin.py:188} INFO - [2024-04-14T13:06:46.460+0000] {dagbag.py:540} INFO - Filling up the DagBag from /home/airflow/.local/lib/python3.12/site-packages/airflow/example_dags/example_sla_dag.py
[2024-04-14T13:06:46.479+0000] {processor.py:840} INFO - DAG(s) 'example_sla_dag' retrieved from /home/airflow/.local/lib/python3.12/site-packages/airflow/example_dags/example_sla_dag.py
[2024-04-14T13:06:46.531+0000] {logging_mixin.py:188} INFO - [2024-04-14T13:06:46.531+0000] {dag.py:3096} INFO - Sync 1 DAGs
[2024-04-14T13:06:46.600+0000] {logging_mixin.py:188} INFO - [2024-04-14T13:06:46.599+0000] {dag.py:3954} INFO - Setting next_dagrun for example_sla_dag to 2024-04-14 13:04:00+00:00, run_after=2024-04-14 13:06:00+00:00
[2024-04-14T13:06:46.671+0000] {processor.py:183} INFO - Processing /home/airflow/.local/lib/python3.12/site-packages/airflow/example_dags/example_sla_dag.py took 0.225 seconds
[2024-04-14T13:07:17.267+0000] {processor.py:161} INFO - Started process (PID=2062) to work on /home/airflow/.local/lib/python3.12/site-packages/airflow/example_dags/example_sla_dag.py
[2024-04-14T13:07:17.269+0000] {processor.py:830} INFO - Processing file /home/airflow/.local/lib/python3.12/site-packages/airflow/example_dags/example_sla_dag.py for tasks to queue
[2024-04-14T13:07:17.272+0000] {logging_mixin.py:188} INFO - [2024-04-14T13:07:17.271+0000] {dagbag.py:540} INFO - Filling up the DagBag from /home/airflow/.local/lib/python3.12/site-packages/airflow/example_dags/example_sla_dag.py
[2024-04-14T13:07:17.299+0000] {processor.py:840} INFO - DAG(s) 'example_sla_dag' retrieved from /home/airflow/.local/lib/python3.12/site-packages/airflow/example_dags/example_sla_dag.py
[2024-04-14T13:07:17.393+0000] {logging_mixin.py:188} INFO - [2024-04-14T13:07:17.393+0000] {dag.py:3096} INFO - Sync 1 DAGs
[2024-04-14T13:07:17.510+0000] {logging_mixin.py:188} INFO - [2024-04-14T13:07:17.509+0000] {dag.py:3954} INFO - Setting next_dagrun for example_sla_dag to 2024-04-14 13:04:00+00:00, run_after=2024-04-14 13:06:00+00:00
[2024-04-14T13:07:17.576+0000] {processor.py:183} INFO - Processing /home/airflow/.local/lib/python3.12/site-packages/airflow/example_dags/example_sla_dag.py took 0.317 seconds
[2024-04-14T13:07:48.133+0000] {processor.py:161} INFO - Started process (PID=2122) to work on /home/airflow/.local/lib/python3.12/site-packages/airflow/example_dags/example_sla_dag.py
[2024-04-14T13:07:48.134+0000] {processor.py:830} INFO - Processing file /home/airflow/.local/lib/python3.12/site-packages/airflow/example_dags/example_sla_dag.py for tasks to queue
[2024-04-14T13:07:48.136+0000] {logging_mixin.py:188} INFO - [2024-04-14T13:07:48.135+0000] {dagbag.py:540} INFO - Filling up the DagBag from /home/airflow/.local/lib/python3.12/site-packages/airflow/example_dags/example_sla_dag.py
[2024-04-14T13:07:48.150+0000] {processor.py:840} INFO - DAG(s) 'example_sla_dag' retrieved from /home/airflow/.local/lib/python3.12/site-packages/airflow/example_dags/example_sla_dag.py
[2024-04-14T13:07:48.182+0000] {logging_mixin.py:188} INFO - [2024-04-14T13:07:48.182+0000] {dag.py:3096} INFO - Sync 1 DAGs
[2024-04-14T13:07:48.235+0000] {logging_mixin.py:188} INFO - [2024-04-14T13:07:48.234+0000] {dag.py:3954} INFO - Setting next_dagrun for example_sla_dag to 2024-04-14 13:04:00+00:00, run_after=2024-04-14 13:06:00+00:00
[2024-04-14T13:07:48.276+0000] {processor.py:183} INFO - Processing /home/airflow/.local/lib/python3.12/site-packages/airflow/example_dags/example_sla_dag.py took 0.157 seconds
[2024-04-14T13:08:21.215+0000] {processor.py:161} INFO - Started process (PID=2190) to work on /home/airflow/.local/lib/python3.12/site-packages/airflow/example_dags/example_sla_dag.py
[2024-04-14T13:08:21.217+0000] {processor.py:830} INFO - Processing file /home/airflow/.local/lib/python3.12/site-packages/airflow/example_dags/example_sla_dag.py for tasks to queue
[2024-04-14T13:08:21.219+0000] {logging_mixin.py:188} INFO - [2024-04-14T13:08:21.218+0000] {dagbag.py:540} INFO - Filling up the DagBag from /home/airflow/.local/lib/python3.12/site-packages/airflow/example_dags/example_sla_dag.py
[2024-04-14T13:08:21.236+0000] {processor.py:840} INFO - DAG(s) 'example_sla_dag' retrieved from /home/airflow/.local/lib/python3.12/site-packages/airflow/example_dags/example_sla_dag.py
[2024-04-14T13:08:21.307+0000] {logging_mixin.py:188} INFO - [2024-04-14T13:08:21.307+0000] {dag.py:3096} INFO - Sync 1 DAGs
[2024-04-14T13:08:21.417+0000] {logging_mixin.py:188} INFO - [2024-04-14T13:08:21.415+0000] {dag.py:3954} INFO - Setting next_dagrun for example_sla_dag to 2024-04-14 13:06:00+00:00, run_after=2024-04-14 13:08:00+00:00
[2024-04-14T13:08:21.549+0000] {processor.py:183} INFO - Processing /home/airflow/.local/lib/python3.12/site-packages/airflow/example_dags/example_sla_dag.py took 0.346 seconds
[2024-04-14T13:08:51.786+0000] {processor.py:161} INFO - Started process (PID=2249) to work on /home/airflow/.local/lib/python3.12/site-packages/airflow/example_dags/example_sla_dag.py
[2024-04-14T13:08:51.788+0000] {processor.py:830} INFO - Processing file /home/airflow/.local/lib/python3.12/site-packages/airflow/example_dags/example_sla_dag.py for tasks to queue
[2024-04-14T13:08:51.790+0000] {logging_mixin.py:188} INFO - [2024-04-14T13:08:51.789+0000] {dagbag.py:540} INFO - Filling up the DagBag from /home/airflow/.local/lib/python3.12/site-packages/airflow/example_dags/example_sla_dag.py
[2024-04-14T13:08:51.805+0000] {processor.py:840} INFO - DAG(s) 'example_sla_dag' retrieved from /home/airflow/.local/lib/python3.12/site-packages/airflow/example_dags/example_sla_dag.py
[2024-04-14T13:08:51.868+0000] {logging_mixin.py:188} INFO - [2024-04-14T13:08:51.867+0000] {dag.py:3096} INFO - Sync 1 DAGs
[2024-04-14T13:08:51.952+0000] {logging_mixin.py:188} INFO - [2024-04-14T13:08:51.952+0000] {dag.py:3954} INFO - Setting next_dagrun for example_sla_dag to 2024-04-14 13:06:00+00:00, run_after=2024-04-14 13:08:00+00:00
[2024-04-14T13:08:52.035+0000] {processor.py:183} INFO - Processing /home/airflow/.local/lib/python3.12/site-packages/airflow/example_dags/example_sla_dag.py took 0.258 seconds
[2024-04-14T13:09:22.492+0000] {processor.py:161} INFO - Started process (PID=2308) to work on /home/airflow/.local/lib/python3.12/site-packages/airflow/example_dags/example_sla_dag.py
[2024-04-14T13:09:22.496+0000] {processor.py:830} INFO - Processing file /home/airflow/.local/lib/python3.12/site-packages/airflow/example_dags/example_sla_dag.py for tasks to queue
[2024-04-14T13:09:22.499+0000] {logging_mixin.py:188} INFO - [2024-04-14T13:09:22.498+0000] {dagbag.py:540} INFO - Filling up the DagBag from /home/airflow/.local/lib/python3.12/site-packages/airflow/example_dags/example_sla_dag.py
[2024-04-14T13:09:22.526+0000] {processor.py:840} INFO - DAG(s) 'example_sla_dag' retrieved from /home/airflow/.local/lib/python3.12/site-packages/airflow/example_dags/example_sla_dag.py
[2024-04-14T13:09:22.587+0000] {logging_mixin.py:188} INFO - [2024-04-14T13:09:22.587+0000] {dag.py:3096} INFO - Sync 1 DAGs
[2024-04-14T13:09:22.665+0000] {logging_mixin.py:188} INFO - [2024-04-14T13:09:22.665+0000] {dag.py:3954} INFO - Setting next_dagrun for example_sla_dag to 2024-04-14 13:06:00+00:00, run_after=2024-04-14 13:08:00+00:00
[2024-04-14T13:09:22.712+0000] {processor.py:183} INFO - Processing /home/airflow/.local/lib/python3.12/site-packages/airflow/example_dags/example_sla_dag.py took 0.249 seconds
[2024-04-14T13:09:53.387+0000] {processor.py:161} INFO - Started process (PID=2366) to work on /home/airflow/.local/lib/python3.12/site-packages/airflow/example_dags/example_sla_dag.py
[2024-04-14T13:09:53.390+0000] {processor.py:830} INFO - Processing file /home/airflow/.local/lib/python3.12/site-packages/airflow/example_dags/example_sla_dag.py for tasks to queue
[2024-04-14T13:09:53.393+0000] {logging_mixin.py:188} INFO - [2024-04-14T13:09:53.392+0000] {dagbag.py:540} INFO - Filling up the DagBag from /home/airflow/.local/lib/python3.12/site-packages/airflow/example_dags/example_sla_dag.py
[2024-04-14T13:09:53.421+0000] {processor.py:840} INFO - DAG(s) 'example_sla_dag' retrieved from /home/airflow/.local/lib/python3.12/site-packages/airflow/example_dags/example_sla_dag.py
[2024-04-14T13:09:53.488+0000] {logging_mixin.py:188} INFO - [2024-04-14T13:09:53.488+0000] {dag.py:3096} INFO - Sync 1 DAGs
[2024-04-14T13:09:53.565+0000] {logging_mixin.py:188} INFO - [2024-04-14T13:09:53.564+0000] {dag.py:3954} INFO - Setting next_dagrun for example_sla_dag to 2024-04-14 13:06:00+00:00, run_after=2024-04-14 13:08:00+00:00
[2024-04-14T13:09:53.635+0000] {processor.py:183} INFO - Processing /home/airflow/.local/lib/python3.12/site-packages/airflow/example_dags/example_sla_dag.py took 0.269 seconds
[2024-04-14T13:10:23.760+0000] {processor.py:161} INFO - Started process (PID=2425) to work on /home/airflow/.local/lib/python3.12/site-packages/airflow/example_dags/example_sla_dag.py
[2024-04-14T13:10:23.762+0000] {processor.py:830} INFO - Processing file /home/airflow/.local/lib/python3.12/site-packages/airflow/example_dags/example_sla_dag.py for tasks to queue
[2024-04-14T13:10:23.764+0000] {logging_mixin.py:188} INFO - [2024-04-14T13:10:23.763+0000] {dagbag.py:540} INFO - Filling up the DagBag from /home/airflow/.local/lib/python3.12/site-packages/airflow/example_dags/example_sla_dag.py
[2024-04-14T13:10:23.784+0000] {processor.py:840} INFO - DAG(s) 'example_sla_dag' retrieved from /home/airflow/.local/lib/python3.12/site-packages/airflow/example_dags/example_sla_dag.py
[2024-04-14T13:10:23.827+0000] {logging_mixin.py:188} INFO - [2024-04-14T13:10:23.827+0000] {dag.py:3096} INFO - Sync 1 DAGs
[2024-04-14T13:10:23.880+0000] {logging_mixin.py:188} INFO - [2024-04-14T13:10:23.879+0000] {dag.py:3954} INFO - Setting next_dagrun for example_sla_dag to 2024-04-14 13:08:00+00:00, run_after=2024-04-14 13:10:00+00:00
[2024-04-14T13:10:23.948+0000] {processor.py:183} INFO - Processing /home/airflow/.local/lib/python3.12/site-packages/airflow/example_dags/example_sla_dag.py took 0.202 seconds
[2024-04-14T13:10:54.115+0000] {processor.py:161} INFO - Started process (PID=2485) to work on /home/airflow/.local/lib/python3.12/site-packages/airflow/example_dags/example_sla_dag.py
[2024-04-14T13:10:54.117+0000] {processor.py:830} INFO - Processing file /home/airflow/.local/lib/python3.12/site-packages/airflow/example_dags/example_sla_dag.py for tasks to queue
[2024-04-14T13:10:54.119+0000] {logging_mixin.py:188} INFO - [2024-04-14T13:10:54.118+0000] {dagbag.py:540} INFO - Filling up the DagBag from /home/airflow/.local/lib/python3.12/site-packages/airflow/example_dags/example_sla_dag.py
[2024-04-14T13:10:54.138+0000] {processor.py:840} INFO - DAG(s) 'example_sla_dag' retrieved from /home/airflow/.local/lib/python3.12/site-packages/airflow/example_dags/example_sla_dag.py
[2024-04-14T13:10:54.221+0000] {logging_mixin.py:188} INFO - [2024-04-14T13:10:54.220+0000] {dag.py:3096} INFO - Sync 1 DAGs
[2024-04-14T13:10:54.350+0000] {logging_mixin.py:188} INFO - [2024-04-14T13:10:54.349+0000] {dag.py:3954} INFO - Setting next_dagrun for example_sla_dag to 2024-04-14 13:08:00+00:00, run_after=2024-04-14 13:10:00+00:00
[2024-04-14T13:10:54.425+0000] {processor.py:183} INFO - Processing /home/airflow/.local/lib/python3.12/site-packages/airflow/example_dags/example_sla_dag.py took 0.324 seconds
[2024-04-14T13:11:24.667+0000] {processor.py:161} INFO - Started process (PID=2541) to work on /home/airflow/.local/lib/python3.12/site-packages/airflow/example_dags/example_sla_dag.py
[2024-04-14T13:11:24.668+0000] {processor.py:830} INFO - Processing file /home/airflow/.local/lib/python3.12/site-packages/airflow/example_dags/example_sla_dag.py for tasks to queue
[2024-04-14T13:11:24.671+0000] {logging_mixin.py:188} INFO - [2024-04-14T13:11:24.670+0000] {dagbag.py:540} INFO - Filling up the DagBag from /home/airflow/.local/lib/python3.12/site-packages/airflow/example_dags/example_sla_dag.py
[2024-04-14T13:11:24.689+0000] {processor.py:840} INFO - DAG(s) 'example_sla_dag' retrieved from /home/airflow/.local/lib/python3.12/site-packages/airflow/example_dags/example_sla_dag.py
[2024-04-14T13:11:24.727+0000] {logging_mixin.py:188} INFO - [2024-04-14T13:11:24.727+0000] {dag.py:3096} INFO - Sync 1 DAGs
[2024-04-14T13:11:24.788+0000] {logging_mixin.py:188} INFO - [2024-04-14T13:11:24.788+0000] {dag.py:3954} INFO - Setting next_dagrun for example_sla_dag to 2024-04-14 13:08:00+00:00, run_after=2024-04-14 13:10:00+00:00
[2024-04-14T13:11:24.832+0000] {processor.py:183} INFO - Processing /home/airflow/.local/lib/python3.12/site-packages/airflow/example_dags/example_sla_dag.py took 0.180 seconds
[2024-04-14T13:11:55.159+0000] {processor.py:161} INFO - Started process (PID=2599) to work on /home/airflow/.local/lib/python3.12/site-packages/airflow/example_dags/example_sla_dag.py
[2024-04-14T13:11:55.161+0000] {processor.py:830} INFO - Processing file /home/airflow/.local/lib/python3.12/site-packages/airflow/example_dags/example_sla_dag.py for tasks to queue
[2024-04-14T13:11:55.164+0000] {logging_mixin.py:188} INFO - [2024-04-14T13:11:55.163+0000] {dagbag.py:540} INFO - Filling up the DagBag from /home/airflow/.local/lib/python3.12/site-packages/airflow/example_dags/example_sla_dag.py
[2024-04-14T13:11:55.184+0000] {processor.py:840} INFO - DAG(s) 'example_sla_dag' retrieved from /home/airflow/.local/lib/python3.12/site-packages/airflow/example_dags/example_sla_dag.py
[2024-04-14T13:11:55.231+0000] {logging_mixin.py:188} INFO - [2024-04-14T13:11:55.231+0000] {dag.py:3096} INFO - Sync 1 DAGs
[2024-04-14T13:11:55.317+0000] {logging_mixin.py:188} INFO - [2024-04-14T13:11:55.316+0000] {dag.py:3954} INFO - Setting next_dagrun for example_sla_dag to 2024-04-14 13:08:00+00:00, run_after=2024-04-14 13:10:00+00:00
[2024-04-14T13:11:55.359+0000] {processor.py:183} INFO - Processing /home/airflow/.local/lib/python3.12/site-packages/airflow/example_dags/example_sla_dag.py took 0.214 seconds
[2024-04-14T13:12:25.844+0000] {processor.py:161} INFO - Started process (PID=2658) to work on /home/airflow/.local/lib/python3.12/site-packages/airflow/example_dags/example_sla_dag.py
[2024-04-14T13:12:25.847+0000] {processor.py:830} INFO - Processing file /home/airflow/.local/lib/python3.12/site-packages/airflow/example_dags/example_sla_dag.py for tasks to queue
[2024-04-14T13:12:25.849+0000] {logging_mixin.py:188} INFO - [2024-04-14T13:12:25.848+0000] {dagbag.py:540} INFO - Filling up the DagBag from /home/airflow/.local/lib/python3.12/site-packages/airflow/example_dags/example_sla_dag.py
[2024-04-14T13:12:25.868+0000] {processor.py:840} INFO - DAG(s) 'example_sla_dag' retrieved from /home/airflow/.local/lib/python3.12/site-packages/airflow/example_dags/example_sla_dag.py
[2024-04-14T13:12:25.912+0000] {logging_mixin.py:188} INFO - [2024-04-14T13:12:25.912+0000] {dag.py:3096} INFO - Sync 1 DAGs
[2024-04-14T13:12:25.968+0000] {logging_mixin.py:188} INFO - [2024-04-14T13:12:25.967+0000] {dag.py:3954} INFO - Setting next_dagrun for example_sla_dag to 2024-04-14 13:10:00+00:00, run_after=2024-04-14 13:12:00+00:00
[2024-04-14T13:12:26.021+0000] {processor.py:183} INFO - Processing /home/airflow/.local/lib/python3.12/site-packages/airflow/example_dags/example_sla_dag.py took 0.194 seconds
[2024-04-14T13:12:56.149+0000] {processor.py:161} INFO - Started process (PID=2715) to work on /home/airflow/.local/lib/python3.12/site-packages/airflow/example_dags/example_sla_dag.py
[2024-04-14T13:12:56.151+0000] {processor.py:830} INFO - Processing file /home/airflow/.local/lib/python3.12/site-packages/airflow/example_dags/example_sla_dag.py for tasks to queue
[2024-04-14T13:12:56.153+0000] {logging_mixin.py:188} INFO - [2024-04-14T13:12:56.153+0000] {dagbag.py:540} INFO - Filling up the DagBag from /home/airflow/.local/lib/python3.12/site-packages/airflow/example_dags/example_sla_dag.py
[2024-04-14T13:12:56.172+0000] {processor.py:840} INFO - DAG(s) 'example_sla_dag' retrieved from /home/airflow/.local/lib/python3.12/site-packages/airflow/example_dags/example_sla_dag.py
[2024-04-14T13:12:56.215+0000] {logging_mixin.py:188} INFO - [2024-04-14T13:12:56.215+0000] {dag.py:3096} INFO - Sync 1 DAGs
[2024-04-14T13:12:56.270+0000] {logging_mixin.py:188} INFO - [2024-04-14T13:12:56.270+0000] {dag.py:3954} INFO - Setting next_dagrun for example_sla_dag to 2024-04-14 13:10:00+00:00, run_after=2024-04-14 13:12:00+00:00
[2024-04-14T13:12:56.313+0000] {processor.py:183} INFO - Processing /home/airflow/.local/lib/python3.12/site-packages/airflow/example_dags/example_sla_dag.py took 0.180 seconds
[2024-04-14T13:13:26.617+0000] {processor.py:161} INFO - Started process (PID=2773) to work on /home/airflow/.local/lib/python3.12/site-packages/airflow/example_dags/example_sla_dag.py
[2024-04-14T13:13:26.618+0000] {processor.py:830} INFO - Processing file /home/airflow/.local/lib/python3.12/site-packages/airflow/example_dags/example_sla_dag.py for tasks to queue
[2024-04-14T13:13:26.620+0000] {logging_mixin.py:188} INFO - [2024-04-14T13:13:26.619+0000] {dagbag.py:540} INFO - Filling up the DagBag from /home/airflow/.local/lib/python3.12/site-packages/airflow/example_dags/example_sla_dag.py
[2024-04-14T13:13:26.648+0000] {processor.py:840} INFO - DAG(s) 'example_sla_dag' retrieved from /home/airflow/.local/lib/python3.12/site-packages/airflow/example_dags/example_sla_dag.py
[2024-04-14T13:13:26.768+0000] {logging_mixin.py:188} INFO - [2024-04-14T13:13:26.767+0000] {dag.py:3096} INFO - Sync 1 DAGs
[2024-04-14T13:13:26.912+0000] {logging_mixin.py:188} INFO - [2024-04-14T13:13:26.911+0000] {dag.py:3954} INFO - Setting next_dagrun for example_sla_dag to 2024-04-14 13:10:00+00:00, run_after=2024-04-14 13:12:00+00:00
[2024-04-14T13:13:26.995+0000] {processor.py:183} INFO - Processing /home/airflow/.local/lib/python3.12/site-packages/airflow/example_dags/example_sla_dag.py took 0.386 seconds
[2024-04-14T13:13:57.491+0000] {processor.py:161} INFO - Started process (PID=2832) to work on /home/airflow/.local/lib/python3.12/site-packages/airflow/example_dags/example_sla_dag.py
[2024-04-14T13:13:57.493+0000] {processor.py:830} INFO - Processing file /home/airflow/.local/lib/python3.12/site-packages/airflow/example_dags/example_sla_dag.py for tasks to queue
[2024-04-14T13:13:57.495+0000] {logging_mixin.py:188} INFO - [2024-04-14T13:13:57.495+0000] {dagbag.py:540} INFO - Filling up the DagBag from /home/airflow/.local/lib/python3.12/site-packages/airflow/example_dags/example_sla_dag.py
[2024-04-14T13:13:57.510+0000] {processor.py:840} INFO - DAG(s) 'example_sla_dag' retrieved from /home/airflow/.local/lib/python3.12/site-packages/airflow/example_dags/example_sla_dag.py
[2024-04-14T13:13:57.559+0000] {logging_mixin.py:188} INFO - [2024-04-14T13:13:57.557+0000] {dag.py:3096} INFO - Sync 1 DAGs
[2024-04-14T13:13:57.614+0000] {logging_mixin.py:188} INFO - [2024-04-14T13:13:57.613+0000] {dag.py:3954} INFO - Setting next_dagrun for example_sla_dag to 2024-04-14 13:10:00+00:00, run_after=2024-04-14 13:12:00+00:00
[2024-04-14T13:13:57.682+0000] {processor.py:183} INFO - Processing /home/airflow/.local/lib/python3.12/site-packages/airflow/example_dags/example_sla_dag.py took 0.202 seconds
[2024-04-14T13:14:28.716+0000] {processor.py:161} INFO - Started process (PID=2891) to work on /home/airflow/.local/lib/python3.12/site-packages/airflow/example_dags/example_sla_dag.py
[2024-04-14T13:14:28.726+0000] {processor.py:830} INFO - Processing file /home/airflow/.local/lib/python3.12/site-packages/airflow/example_dags/example_sla_dag.py for tasks to queue
[2024-04-14T13:14:28.731+0000] {logging_mixin.py:188} INFO - [2024-04-14T13:14:28.731+0000] {dagbag.py:540} INFO - Filling up the DagBag from /home/airflow/.local/lib/python3.12/site-packages/airflow/example_dags/example_sla_dag.py
[2024-04-14T13:14:28.768+0000] {processor.py:840} INFO - DAG(s) 'example_sla_dag' retrieved from /home/airflow/.local/lib/python3.12/site-packages/airflow/example_dags/example_sla_dag.py
[2024-04-14T13:14:28.872+0000] {logging_mixin.py:188} INFO - [2024-04-14T13:14:28.871+0000] {dag.py:3096} INFO - Sync 1 DAGs
[2024-04-14T13:14:29.059+0000] {logging_mixin.py:188} INFO - [2024-04-14T13:14:29.058+0000] {dag.py:3954} INFO - Setting next_dagrun for example_sla_dag to 2024-04-14 13:12:00+00:00, run_after=2024-04-14 13:14:00+00:00
[2024-04-14T13:14:29.225+0000] {processor.py:183} INFO - Processing /home/airflow/.local/lib/python3.12/site-packages/airflow/example_dags/example_sla_dag.py took 0.533 seconds
[2024-04-14T13:15:00.417+0000] {processor.py:161} INFO - Started process (PID=2951) to work on /home/airflow/.local/lib/python3.12/site-packages/airflow/example_dags/example_sla_dag.py
[2024-04-14T13:15:00.424+0000] {processor.py:830} INFO - Processing file /home/airflow/.local/lib/python3.12/site-packages/airflow/example_dags/example_sla_dag.py for tasks to queue
[2024-04-14T13:15:00.426+0000] {logging_mixin.py:188} INFO - [2024-04-14T13:15:00.426+0000] {dagbag.py:540} INFO - Filling up the DagBag from /home/airflow/.local/lib/python3.12/site-packages/airflow/example_dags/example_sla_dag.py
[2024-04-14T13:15:00.455+0000] {processor.py:840} INFO - DAG(s) 'example_sla_dag' retrieved from /home/airflow/.local/lib/python3.12/site-packages/airflow/example_dags/example_sla_dag.py
[2024-04-14T13:15:00.514+0000] {logging_mixin.py:188} INFO - [2024-04-14T13:15:00.513+0000] {dag.py:3096} INFO - Sync 1 DAGs
[2024-04-14T13:15:00.586+0000] {logging_mixin.py:188} INFO - [2024-04-14T13:15:00.585+0000] {dag.py:3954} INFO - Setting next_dagrun for example_sla_dag to 2024-04-14 13:12:00+00:00, run_after=2024-04-14 13:14:00+00:00
[2024-04-14T13:15:00.649+0000] {processor.py:183} INFO - Processing /home/airflow/.local/lib/python3.12/site-packages/airflow/example_dags/example_sla_dag.py took 0.246 seconds
[2024-04-14T13:15:31.448+0000] {processor.py:161} INFO - Started process (PID=3010) to work on /home/airflow/.local/lib/python3.12/site-packages/airflow/example_dags/example_sla_dag.py
[2024-04-14T13:15:31.449+0000] {processor.py:830} INFO - Processing file /home/airflow/.local/lib/python3.12/site-packages/airflow/example_dags/example_sla_dag.py for tasks to queue
[2024-04-14T13:15:31.452+0000] {logging_mixin.py:188} INFO - [2024-04-14T13:15:31.450+0000] {dagbag.py:540} INFO - Filling up the DagBag from /home/airflow/.local/lib/python3.12/site-packages/airflow/example_dags/example_sla_dag.py
[2024-04-14T13:15:31.466+0000] {processor.py:840} INFO - DAG(s) 'example_sla_dag' retrieved from /home/airflow/.local/lib/python3.12/site-packages/airflow/example_dags/example_sla_dag.py
[2024-04-14T13:15:31.501+0000] {logging_mixin.py:188} INFO - [2024-04-14T13:15:31.501+0000] {dag.py:3096} INFO - Sync 1 DAGs
[2024-04-14T13:15:31.554+0000] {logging_mixin.py:188} INFO - [2024-04-14T13:15:31.554+0000] {dag.py:3954} INFO - Setting next_dagrun for example_sla_dag to 2024-04-14 13:12:00+00:00, run_after=2024-04-14 13:14:00+00:00
[2024-04-14T13:15:31.588+0000] {processor.py:183} INFO - Processing /home/airflow/.local/lib/python3.12/site-packages/airflow/example_dags/example_sla_dag.py took 0.150 seconds
[2024-04-14T13:16:02.183+0000] {processor.py:161} INFO - Started process (PID=3069) to work on /home/airflow/.local/lib/python3.12/site-packages/airflow/example_dags/example_sla_dag.py
[2024-04-14T13:16:02.184+0000] {processor.py:830} INFO - Processing file /home/airflow/.local/lib/python3.12/site-packages/airflow/example_dags/example_sla_dag.py for tasks to queue
[2024-04-14T13:16:02.187+0000] {logging_mixin.py:188} INFO - [2024-04-14T13:16:02.187+0000] {dagbag.py:540} INFO - Filling up the DagBag from /home/airflow/.local/lib/python3.12/site-packages/airflow/example_dags/example_sla_dag.py
[2024-04-14T13:16:02.201+0000] {processor.py:840} INFO - DAG(s) 'example_sla_dag' retrieved from /home/airflow/.local/lib/python3.12/site-packages/airflow/example_dags/example_sla_dag.py
[2024-04-14T13:16:02.233+0000] {logging_mixin.py:188} INFO - [2024-04-14T13:16:02.232+0000] {dag.py:3096} INFO - Sync 1 DAGs
[2024-04-14T13:16:02.276+0000] {logging_mixin.py:188} INFO - [2024-04-14T13:16:02.276+0000] {dag.py:3954} INFO - Setting next_dagrun for example_sla_dag to 2024-04-14 13:14:00+00:00, run_after=2024-04-14 13:16:00+00:00
[2024-04-14T13:16:02.313+0000] {processor.py:183} INFO - Processing /home/airflow/.local/lib/python3.12/site-packages/airflow/example_dags/example_sla_dag.py took 0.139 seconds
[2024-04-14T13:16:33.204+0000] {processor.py:161} INFO - Started process (PID=3128) to work on /home/airflow/.local/lib/python3.12/site-packages/airflow/example_dags/example_sla_dag.py
[2024-04-14T13:16:33.209+0000] {processor.py:830} INFO - Processing file /home/airflow/.local/lib/python3.12/site-packages/airflow/example_dags/example_sla_dag.py for tasks to queue
[2024-04-14T13:16:33.211+0000] {logging_mixin.py:188} INFO - [2024-04-14T13:16:33.211+0000] {dagbag.py:540} INFO - Filling up the DagBag from /home/airflow/.local/lib/python3.12/site-packages/airflow/example_dags/example_sla_dag.py
[2024-04-14T13:16:33.237+0000] {processor.py:840} INFO - DAG(s) 'example_sla_dag' retrieved from /home/airflow/.local/lib/python3.12/site-packages/airflow/example_dags/example_sla_dag.py
[2024-04-14T13:16:33.277+0000] {logging_mixin.py:188} INFO - [2024-04-14T13:16:33.277+0000] {dag.py:3096} INFO - Sync 1 DAGs
[2024-04-14T13:16:33.444+0000] {logging_mixin.py:188} INFO - [2024-04-14T13:16:33.443+0000] {dag.py:3954} INFO - Setting next_dagrun for example_sla_dag to 2024-04-14 13:14:00+00:00, run_after=2024-04-14 13:16:00+00:00
[2024-04-14T13:16:33.596+0000] {processor.py:183} INFO - Processing /home/airflow/.local/lib/python3.12/site-packages/airflow/example_dags/example_sla_dag.py took 0.412 seconds
[2024-04-14T13:17:04.517+0000] {processor.py:161} INFO - Started process (PID=3186) to work on /home/airflow/.local/lib/python3.12/site-packages/airflow/example_dags/example_sla_dag.py
[2024-04-14T13:17:04.518+0000] {processor.py:830} INFO - Processing file /home/airflow/.local/lib/python3.12/site-packages/airflow/example_dags/example_sla_dag.py for tasks to queue
[2024-04-14T13:17:04.520+0000] {logging_mixin.py:188} INFO - [2024-04-14T13:17:04.519+0000] {dagbag.py:540} INFO - Filling up the DagBag from /home/airflow/.local/lib/python3.12/site-packages/airflow/example_dags/example_sla_dag.py
[2024-04-14T13:17:04.534+0000] {processor.py:840} INFO - DAG(s) 'example_sla_dag' retrieved from /home/airflow/.local/lib/python3.12/site-packages/airflow/example_dags/example_sla_dag.py
[2024-04-14T13:17:04.573+0000] {logging_mixin.py:188} INFO - [2024-04-14T13:17:04.572+0000] {dag.py:3096} INFO - Sync 1 DAGs
[2024-04-14T13:17:04.618+0000] {logging_mixin.py:188} INFO - [2024-04-14T13:17:04.618+0000] {dag.py:3954} INFO - Setting next_dagrun for example_sla_dag to 2024-04-14 13:14:00+00:00, run_after=2024-04-14 13:16:00+00:00
[2024-04-14T13:17:04.663+0000] {processor.py:183} INFO - Processing /home/airflow/.local/lib/python3.12/site-packages/airflow/example_dags/example_sla_dag.py took 0.153 seconds
