[2024-04-14T12:49:21.114+0000] {processor.py:161} INFO - Started process (PID=52) to work on /home/airflow/.local/lib/python3.12/site-packages/airflow/example_dags/example_xcom.py
[2024-04-14T12:49:21.116+0000] {processor.py:830} INFO - Processing file /home/airflow/.local/lib/python3.12/site-packages/airflow/example_dags/example_xcom.py for tasks to queue
[2024-04-14T12:49:21.129+0000] {logging_mixin.py:188} INFO - [2024-04-14T12:49:21.128+0000] {dagbag.py:540} INFO - Filling up the DagBag from /home/airflow/.local/lib/python3.12/site-packages/airflow/example_dags/example_xcom.py
[2024-04-14T12:49:21.185+0000] {processor.py:840} INFO - DAG(s) 'example_xcom' retrieved from /home/airflow/.local/lib/python3.12/site-packages/airflow/example_dags/example_xcom.py
[2024-04-14T12:49:21.941+0000] {logging_mixin.py:188} INFO - [2024-04-14T12:49:21.941+0000] {dag.py:3096} INFO - Sync 1 DAGs
[2024-04-14T12:49:22.360+0000] {logging_mixin.py:188} INFO - [2024-04-14T12:49:22.360+0000] {dag.py:3954} INFO - Setting next_dagrun for example_xcom to 2021-01-01 00:00:00+00:00, run_after=2021-01-01 00:00:00+00:00
[2024-04-14T12:49:22.491+0000] {processor.py:183} INFO - Processing /home/airflow/.local/lib/python3.12/site-packages/airflow/example_dags/example_xcom.py took 1.389 seconds
[2024-04-14T12:49:56.623+0000] {processor.py:161} INFO - Started process (PID=109) to work on /home/airflow/.local/lib/python3.12/site-packages/airflow/example_dags/example_xcom.py
[2024-04-14T12:49:56.625+0000] {processor.py:830} INFO - Processing file /home/airflow/.local/lib/python3.12/site-packages/airflow/example_dags/example_xcom.py for tasks to queue
[2024-04-14T12:49:56.629+0000] {logging_mixin.py:188} INFO - [2024-04-14T12:49:56.629+0000] {dagbag.py:540} INFO - Filling up the DagBag from /home/airflow/.local/lib/python3.12/site-packages/airflow/example_dags/example_xcom.py
[2024-04-14T12:49:56.646+0000] {processor.py:840} INFO - DAG(s) 'example_xcom' retrieved from /home/airflow/.local/lib/python3.12/site-packages/airflow/example_dags/example_xcom.py
[2024-04-14T12:49:56.684+0000] {logging_mixin.py:188} INFO - [2024-04-14T12:49:56.683+0000] {dag.py:3096} INFO - Sync 1 DAGs
[2024-04-14T12:49:56.730+0000] {logging_mixin.py:188} INFO - [2024-04-14T12:49:56.729+0000] {dag.py:3954} INFO - Setting next_dagrun for example_xcom to 2021-01-01 00:00:00+00:00, run_after=2021-01-01 00:00:00+00:00
[2024-04-14T12:49:56.767+0000] {processor.py:183} INFO - Processing /home/airflow/.local/lib/python3.12/site-packages/airflow/example_dags/example_xcom.py took 0.154 seconds
[2024-04-14T12:50:27.705+0000] {processor.py:161} INFO - Started process (PID=167) to work on /home/airflow/.local/lib/python3.12/site-packages/airflow/example_dags/example_xcom.py
[2024-04-14T12:50:27.717+0000] {processor.py:830} INFO - Processing file /home/airflow/.local/lib/python3.12/site-packages/airflow/example_dags/example_xcom.py for tasks to queue
[2024-04-14T12:50:27.722+0000] {logging_mixin.py:188} INFO - [2024-04-14T12:50:27.721+0000] {dagbag.py:540} INFO - Filling up the DagBag from /home/airflow/.local/lib/python3.12/site-packages/airflow/example_dags/example_xcom.py
[2024-04-14T12:50:27.784+0000] {processor.py:840} INFO - DAG(s) 'example_xcom' retrieved from /home/airflow/.local/lib/python3.12/site-packages/airflow/example_dags/example_xcom.py
[2024-04-14T12:50:28.004+0000] {logging_mixin.py:188} INFO - [2024-04-14T12:50:28.003+0000] {dag.py:3096} INFO - Sync 1 DAGs
[2024-04-14T12:50:28.064+0000] {logging_mixin.py:188} INFO - [2024-04-14T12:50:28.063+0000] {dag.py:3954} INFO - Setting next_dagrun for example_xcom to 2021-01-01 00:00:00+00:00, run_after=2021-01-01 00:00:00+00:00
[2024-04-14T12:50:28.170+0000] {processor.py:183} INFO - Processing /home/airflow/.local/lib/python3.12/site-packages/airflow/example_dags/example_xcom.py took 0.493 seconds
[2024-04-14T12:50:58.330+0000] {processor.py:161} INFO - Started process (PID=222) to work on /home/airflow/.local/lib/python3.12/site-packages/airflow/example_dags/example_xcom.py
[2024-04-14T12:50:58.332+0000] {processor.py:830} INFO - Processing file /home/airflow/.local/lib/python3.12/site-packages/airflow/example_dags/example_xcom.py for tasks to queue
[2024-04-14T12:50:58.334+0000] {logging_mixin.py:188} INFO - [2024-04-14T12:50:58.334+0000] {dagbag.py:540} INFO - Filling up the DagBag from /home/airflow/.local/lib/python3.12/site-packages/airflow/example_dags/example_xcom.py
[2024-04-14T12:50:58.343+0000] {processor.py:840} INFO - DAG(s) 'example_xcom' retrieved from /home/airflow/.local/lib/python3.12/site-packages/airflow/example_dags/example_xcom.py
[2024-04-14T12:50:58.382+0000] {logging_mixin.py:188} INFO - [2024-04-14T12:50:58.381+0000] {dag.py:3096} INFO - Sync 1 DAGs
[2024-04-14T12:50:58.414+0000] {logging_mixin.py:188} INFO - [2024-04-14T12:50:58.414+0000] {dag.py:3954} INFO - Setting next_dagrun for example_xcom to 2021-01-01 00:00:00+00:00, run_after=2021-01-01 00:00:00+00:00
[2024-04-14T12:50:58.442+0000] {processor.py:183} INFO - Processing /home/airflow/.local/lib/python3.12/site-packages/airflow/example_dags/example_xcom.py took 0.119 seconds
[2024-04-14T12:51:29.817+0000] {processor.py:161} INFO - Started process (PID=280) to work on /home/airflow/.local/lib/python3.12/site-packages/airflow/example_dags/example_xcom.py
[2024-04-14T12:51:29.818+0000] {processor.py:830} INFO - Processing file /home/airflow/.local/lib/python3.12/site-packages/airflow/example_dags/example_xcom.py for tasks to queue
[2024-04-14T12:51:29.822+0000] {logging_mixin.py:188} INFO - [2024-04-14T12:51:29.821+0000] {dagbag.py:540} INFO - Filling up the DagBag from /home/airflow/.local/lib/python3.12/site-packages/airflow/example_dags/example_xcom.py
[2024-04-14T12:51:29.835+0000] {processor.py:840} INFO - DAG(s) 'example_xcom' retrieved from /home/airflow/.local/lib/python3.12/site-packages/airflow/example_dags/example_xcom.py
[2024-04-14T12:51:29.875+0000] {logging_mixin.py:188} INFO - [2024-04-14T12:51:29.875+0000] {dag.py:3096} INFO - Sync 1 DAGs
[2024-04-14T12:51:29.915+0000] {logging_mixin.py:188} INFO - [2024-04-14T12:51:29.914+0000] {dag.py:3954} INFO - Setting next_dagrun for example_xcom to 2021-01-01 00:00:00+00:00, run_after=2021-01-01 00:00:00+00:00
[2024-04-14T12:51:29.973+0000] {processor.py:183} INFO - Processing /home/airflow/.local/lib/python3.12/site-packages/airflow/example_dags/example_xcom.py took 0.167 seconds
[2024-04-14T12:52:02.102+0000] {processor.py:161} INFO - Started process (PID=338) to work on /home/airflow/.local/lib/python3.12/site-packages/airflow/example_dags/example_xcom.py
[2024-04-14T12:52:02.111+0000] {processor.py:830} INFO - Processing file /home/airflow/.local/lib/python3.12/site-packages/airflow/example_dags/example_xcom.py for tasks to queue
[2024-04-14T12:52:02.116+0000] {logging_mixin.py:188} INFO - [2024-04-14T12:52:02.115+0000] {dagbag.py:540} INFO - Filling up the DagBag from /home/airflow/.local/lib/python3.12/site-packages/airflow/example_dags/example_xcom.py
[2024-04-14T12:52:02.165+0000] {processor.py:840} INFO - DAG(s) 'example_xcom' retrieved from /home/airflow/.local/lib/python3.12/site-packages/airflow/example_dags/example_xcom.py
[2024-04-14T12:52:02.325+0000] {logging_mixin.py:188} INFO - [2024-04-14T12:52:02.324+0000] {dag.py:3096} INFO - Sync 1 DAGs
[2024-04-14T12:52:02.517+0000] {logging_mixin.py:188} INFO - [2024-04-14T12:52:02.516+0000] {dag.py:3954} INFO - Setting next_dagrun for example_xcom to 2021-01-01 00:00:00+00:00, run_after=2021-01-01 00:00:00+00:00
[2024-04-14T12:52:02.673+0000] {processor.py:183} INFO - Processing /home/airflow/.local/lib/python3.12/site-packages/airflow/example_dags/example_xcom.py took 0.611 seconds
[2024-04-14T12:52:32.777+0000] {processor.py:161} INFO - Started process (PID=396) to work on /home/airflow/.local/lib/python3.12/site-packages/airflow/example_dags/example_xcom.py
[2024-04-14T12:52:32.779+0000] {processor.py:830} INFO - Processing file /home/airflow/.local/lib/python3.12/site-packages/airflow/example_dags/example_xcom.py for tasks to queue
[2024-04-14T12:52:32.781+0000] {logging_mixin.py:188} INFO - [2024-04-14T12:52:32.781+0000] {dagbag.py:540} INFO - Filling up the DagBag from /home/airflow/.local/lib/python3.12/site-packages/airflow/example_dags/example_xcom.py
[2024-04-14T12:52:32.791+0000] {processor.py:840} INFO - DAG(s) 'example_xcom' retrieved from /home/airflow/.local/lib/python3.12/site-packages/airflow/example_dags/example_xcom.py
[2024-04-14T12:52:32.833+0000] {logging_mixin.py:188} INFO - [2024-04-14T12:52:32.833+0000] {dag.py:3096} INFO - Sync 1 DAGs
[2024-04-14T12:52:32.868+0000] {logging_mixin.py:188} INFO - [2024-04-14T12:52:32.868+0000] {dag.py:3954} INFO - Setting next_dagrun for example_xcom to 2021-01-01 00:00:00+00:00, run_after=2021-01-01 00:00:00+00:00
[2024-04-14T12:52:32.905+0000] {processor.py:183} INFO - Processing /home/airflow/.local/lib/python3.12/site-packages/airflow/example_dags/example_xcom.py took 0.134 seconds
[2024-04-14T12:53:03.360+0000] {processor.py:161} INFO - Started process (PID=454) to work on /home/airflow/.local/lib/python3.12/site-packages/airflow/example_dags/example_xcom.py
[2024-04-14T12:53:03.361+0000] {processor.py:830} INFO - Processing file /home/airflow/.local/lib/python3.12/site-packages/airflow/example_dags/example_xcom.py for tasks to queue
[2024-04-14T12:53:03.364+0000] {logging_mixin.py:188} INFO - [2024-04-14T12:53:03.363+0000] {dagbag.py:540} INFO - Filling up the DagBag from /home/airflow/.local/lib/python3.12/site-packages/airflow/example_dags/example_xcom.py
[2024-04-14T12:53:03.373+0000] {processor.py:840} INFO - DAG(s) 'example_xcom' retrieved from /home/airflow/.local/lib/python3.12/site-packages/airflow/example_dags/example_xcom.py
[2024-04-14T12:53:03.409+0000] {logging_mixin.py:188} INFO - [2024-04-14T12:53:03.408+0000] {dag.py:3096} INFO - Sync 1 DAGs
[2024-04-14T12:53:03.453+0000] {logging_mixin.py:188} INFO - [2024-04-14T12:53:03.453+0000] {dag.py:3954} INFO - Setting next_dagrun for example_xcom to 2021-01-01 00:00:00+00:00, run_after=2021-01-01 00:00:00+00:00
[2024-04-14T12:53:03.484+0000] {processor.py:183} INFO - Processing /home/airflow/.local/lib/python3.12/site-packages/airflow/example_dags/example_xcom.py took 0.135 seconds
[2024-04-14T12:53:34.365+0000] {processor.py:161} INFO - Started process (PID=512) to work on /home/airflow/.local/lib/python3.12/site-packages/airflow/example_dags/example_xcom.py
[2024-04-14T12:53:34.367+0000] {processor.py:830} INFO - Processing file /home/airflow/.local/lib/python3.12/site-packages/airflow/example_dags/example_xcom.py for tasks to queue
[2024-04-14T12:53:34.371+0000] {logging_mixin.py:188} INFO - [2024-04-14T12:53:34.370+0000] {dagbag.py:540} INFO - Filling up the DagBag from /home/airflow/.local/lib/python3.12/site-packages/airflow/example_dags/example_xcom.py
[2024-04-14T12:53:34.388+0000] {processor.py:840} INFO - DAG(s) 'example_xcom' retrieved from /home/airflow/.local/lib/python3.12/site-packages/airflow/example_dags/example_xcom.py
[2024-04-14T12:53:34.443+0000] {logging_mixin.py:188} INFO - [2024-04-14T12:53:34.442+0000] {dag.py:3096} INFO - Sync 1 DAGs
[2024-04-14T12:53:34.533+0000] {logging_mixin.py:188} INFO - [2024-04-14T12:53:34.533+0000] {dag.py:3954} INFO - Setting next_dagrun for example_xcom to 2021-01-01 00:00:00+00:00, run_after=2021-01-01 00:00:00+00:00
[2024-04-14T12:53:34.611+0000] {processor.py:183} INFO - Processing /home/airflow/.local/lib/python3.12/site-packages/airflow/example_dags/example_xcom.py took 0.256 seconds
[2024-04-14T12:54:05.630+0000] {processor.py:161} INFO - Started process (PID=570) to work on /home/airflow/.local/lib/python3.12/site-packages/airflow/example_dags/example_xcom.py
[2024-04-14T12:54:05.632+0000] {processor.py:830} INFO - Processing file /home/airflow/.local/lib/python3.12/site-packages/airflow/example_dags/example_xcom.py for tasks to queue
[2024-04-14T12:54:05.635+0000] {logging_mixin.py:188} INFO - [2024-04-14T12:54:05.635+0000] {dagbag.py:540} INFO - Filling up the DagBag from /home/airflow/.local/lib/python3.12/site-packages/airflow/example_dags/example_xcom.py
[2024-04-14T12:54:05.644+0000] {processor.py:840} INFO - DAG(s) 'example_xcom' retrieved from /home/airflow/.local/lib/python3.12/site-packages/airflow/example_dags/example_xcom.py
[2024-04-14T12:54:05.675+0000] {logging_mixin.py:188} INFO - [2024-04-14T12:54:05.675+0000] {dag.py:3096} INFO - Sync 1 DAGs
[2024-04-14T12:54:05.708+0000] {logging_mixin.py:188} INFO - [2024-04-14T12:54:05.708+0000] {dag.py:3954} INFO - Setting next_dagrun for example_xcom to 2021-01-01 00:00:00+00:00, run_after=2021-01-01 00:00:00+00:00
[2024-04-14T12:54:05.743+0000] {processor.py:183} INFO - Processing /home/airflow/.local/lib/python3.12/site-packages/airflow/example_dags/example_xcom.py took 0.122 seconds
[2024-04-14T12:54:39.358+0000] {processor.py:161} INFO - Started process (PID=628) to work on /home/airflow/.local/lib/python3.12/site-packages/airflow/example_dags/example_xcom.py
[2024-04-14T12:54:39.471+0000] {processor.py:830} INFO - Processing file /home/airflow/.local/lib/python3.12/site-packages/airflow/example_dags/example_xcom.py for tasks to queue
[2024-04-14T12:54:39.501+0000] {logging_mixin.py:188} INFO - [2024-04-14T12:54:39.500+0000] {dagbag.py:540} INFO - Filling up the DagBag from /home/airflow/.local/lib/python3.12/site-packages/airflow/example_dags/example_xcom.py
[2024-04-14T12:54:39.569+0000] {processor.py:840} INFO - DAG(s) 'example_xcom' retrieved from /home/airflow/.local/lib/python3.12/site-packages/airflow/example_dags/example_xcom.py
[2024-04-14T12:54:39.888+0000] {logging_mixin.py:188} INFO - [2024-04-14T12:54:39.887+0000] {dag.py:3096} INFO - Sync 1 DAGs
[2024-04-14T12:54:40.149+0000] {logging_mixin.py:188} INFO - [2024-04-14T12:54:40.148+0000] {dag.py:3954} INFO - Setting next_dagrun for example_xcom to 2021-01-01 00:00:00+00:00, run_after=2021-01-01 00:00:00+00:00
[2024-04-14T12:54:40.391+0000] {processor.py:183} INFO - Processing /home/airflow/.local/lib/python3.12/site-packages/airflow/example_dags/example_xcom.py took 1.053 seconds
[2024-04-14T12:55:10.655+0000] {processor.py:161} INFO - Started process (PID=686) to work on /home/airflow/.local/lib/python3.12/site-packages/airflow/example_dags/example_xcom.py
[2024-04-14T12:55:10.658+0000] {processor.py:830} INFO - Processing file /home/airflow/.local/lib/python3.12/site-packages/airflow/example_dags/example_xcom.py for tasks to queue
[2024-04-14T12:55:10.661+0000] {logging_mixin.py:188} INFO - [2024-04-14T12:55:10.660+0000] {dagbag.py:540} INFO - Filling up the DagBag from /home/airflow/.local/lib/python3.12/site-packages/airflow/example_dags/example_xcom.py
[2024-04-14T12:55:10.684+0000] {processor.py:840} INFO - DAG(s) 'example_xcom' retrieved from /home/airflow/.local/lib/python3.12/site-packages/airflow/example_dags/example_xcom.py
[2024-04-14T12:55:10.758+0000] {logging_mixin.py:188} INFO - [2024-04-14T12:55:10.758+0000] {dag.py:3096} INFO - Sync 1 DAGs
[2024-04-14T12:55:10.828+0000] {logging_mixin.py:188} INFO - [2024-04-14T12:55:10.828+0000] {dag.py:3954} INFO - Setting next_dagrun for example_xcom to 2021-01-01 00:00:00+00:00, run_after=2021-01-01 00:00:00+00:00
[2024-04-14T12:55:10.872+0000] {processor.py:183} INFO - Processing /home/airflow/.local/lib/python3.12/site-packages/airflow/example_dags/example_xcom.py took 0.230 seconds
[2024-04-14T12:55:41.526+0000] {processor.py:161} INFO - Started process (PID=744) to work on /home/airflow/.local/lib/python3.12/site-packages/airflow/example_dags/example_xcom.py
[2024-04-14T12:55:41.530+0000] {processor.py:830} INFO - Processing file /home/airflow/.local/lib/python3.12/site-packages/airflow/example_dags/example_xcom.py for tasks to queue
[2024-04-14T12:55:41.534+0000] {logging_mixin.py:188} INFO - [2024-04-14T12:55:41.533+0000] {dagbag.py:540} INFO - Filling up the DagBag from /home/airflow/.local/lib/python3.12/site-packages/airflow/example_dags/example_xcom.py
[2024-04-14T12:55:41.545+0000] {processor.py:840} INFO - DAG(s) 'example_xcom' retrieved from /home/airflow/.local/lib/python3.12/site-packages/airflow/example_dags/example_xcom.py
[2024-04-14T12:55:41.579+0000] {logging_mixin.py:188} INFO - [2024-04-14T12:55:41.579+0000] {dag.py:3096} INFO - Sync 1 DAGs
[2024-04-14T12:55:41.624+0000] {logging_mixin.py:188} INFO - [2024-04-14T12:55:41.624+0000] {dag.py:3954} INFO - Setting next_dagrun for example_xcom to 2021-01-01 00:00:00+00:00, run_after=2021-01-01 00:00:00+00:00
[2024-04-14T12:55:41.656+0000] {processor.py:183} INFO - Processing /home/airflow/.local/lib/python3.12/site-packages/airflow/example_dags/example_xcom.py took 0.140 seconds
[2024-04-14T12:56:13.577+0000] {processor.py:161} INFO - Started process (PID=802) to work on /home/airflow/.local/lib/python3.12/site-packages/airflow/example_dags/example_xcom.py
[2024-04-14T12:56:13.601+0000] {processor.py:830} INFO - Processing file /home/airflow/.local/lib/python3.12/site-packages/airflow/example_dags/example_xcom.py for tasks to queue
[2024-04-14T12:56:13.617+0000] {logging_mixin.py:188} INFO - [2024-04-14T12:56:13.616+0000] {dagbag.py:540} INFO - Filling up the DagBag from /home/airflow/.local/lib/python3.12/site-packages/airflow/example_dags/example_xcom.py
[2024-04-14T12:56:13.668+0000] {processor.py:840} INFO - DAG(s) 'example_xcom' retrieved from /home/airflow/.local/lib/python3.12/site-packages/airflow/example_dags/example_xcom.py
[2024-04-14T12:56:13.785+0000] {logging_mixin.py:188} INFO - [2024-04-14T12:56:13.785+0000] {dag.py:3096} INFO - Sync 1 DAGs
[2024-04-14T12:56:13.871+0000] {logging_mixin.py:188} INFO - [2024-04-14T12:56:13.870+0000] {dag.py:3954} INFO - Setting next_dagrun for example_xcom to 2021-01-01 00:00:00+00:00, run_after=2021-01-01 00:00:00+00:00
[2024-04-14T12:56:13.934+0000] {processor.py:183} INFO - Processing /home/airflow/.local/lib/python3.12/site-packages/airflow/example_dags/example_xcom.py took 0.380 seconds
[2024-04-14T12:56:44.582+0000] {processor.py:161} INFO - Started process (PID=860) to work on /home/airflow/.local/lib/python3.12/site-packages/airflow/example_dags/example_xcom.py
[2024-04-14T12:56:44.584+0000] {processor.py:830} INFO - Processing file /home/airflow/.local/lib/python3.12/site-packages/airflow/example_dags/example_xcom.py for tasks to queue
[2024-04-14T12:56:44.589+0000] {logging_mixin.py:188} INFO - [2024-04-14T12:56:44.588+0000] {dagbag.py:540} INFO - Filling up the DagBag from /home/airflow/.local/lib/python3.12/site-packages/airflow/example_dags/example_xcom.py
[2024-04-14T12:56:44.622+0000] {processor.py:840} INFO - DAG(s) 'example_xcom' retrieved from /home/airflow/.local/lib/python3.12/site-packages/airflow/example_dags/example_xcom.py
[2024-04-14T12:56:44.746+0000] {logging_mixin.py:188} INFO - [2024-04-14T12:56:44.734+0000] {dag.py:3096} INFO - Sync 1 DAGs
[2024-04-14T12:56:44.896+0000] {logging_mixin.py:188} INFO - [2024-04-14T12:56:44.895+0000] {dag.py:3954} INFO - Setting next_dagrun for example_xcom to 2021-01-01 00:00:00+00:00, run_after=2021-01-01 00:00:00+00:00
[2024-04-14T12:56:45.073+0000] {processor.py:183} INFO - Processing /home/airflow/.local/lib/python3.12/site-packages/airflow/example_dags/example_xcom.py took 0.498 seconds
[2024-04-14T12:57:15.387+0000] {processor.py:161} INFO - Started process (PID=919) to work on /home/airflow/.local/lib/python3.12/site-packages/airflow/example_dags/example_xcom.py
[2024-04-14T12:57:15.389+0000] {processor.py:830} INFO - Processing file /home/airflow/.local/lib/python3.12/site-packages/airflow/example_dags/example_xcom.py for tasks to queue
[2024-04-14T12:57:15.393+0000] {logging_mixin.py:188} INFO - [2024-04-14T12:57:15.393+0000] {dagbag.py:540} INFO - Filling up the DagBag from /home/airflow/.local/lib/python3.12/site-packages/airflow/example_dags/example_xcom.py
[2024-04-14T12:57:15.408+0000] {processor.py:840} INFO - DAG(s) 'example_xcom' retrieved from /home/airflow/.local/lib/python3.12/site-packages/airflow/example_dags/example_xcom.py
[2024-04-14T12:57:15.455+0000] {logging_mixin.py:188} INFO - [2024-04-14T12:57:15.454+0000] {dag.py:3096} INFO - Sync 1 DAGs
[2024-04-14T12:57:15.506+0000] {logging_mixin.py:188} INFO - [2024-04-14T12:57:15.505+0000] {dag.py:3954} INFO - Setting next_dagrun for example_xcom to 2021-01-01 00:00:00+00:00, run_after=2021-01-01 00:00:00+00:00
[2024-04-14T12:57:15.547+0000] {processor.py:183} INFO - Processing /home/airflow/.local/lib/python3.12/site-packages/airflow/example_dags/example_xcom.py took 0.172 seconds
[2024-04-14T12:57:45.952+0000] {processor.py:161} INFO - Started process (PID=974) to work on /home/airflow/.local/lib/python3.12/site-packages/airflow/example_dags/example_xcom.py
[2024-04-14T12:57:45.953+0000] {processor.py:830} INFO - Processing file /home/airflow/.local/lib/python3.12/site-packages/airflow/example_dags/example_xcom.py for tasks to queue
[2024-04-14T12:57:45.957+0000] {logging_mixin.py:188} INFO - [2024-04-14T12:57:45.956+0000] {dagbag.py:540} INFO - Filling up the DagBag from /home/airflow/.local/lib/python3.12/site-packages/airflow/example_dags/example_xcom.py
[2024-04-14T12:57:45.973+0000] {processor.py:840} INFO - DAG(s) 'example_xcom' retrieved from /home/airflow/.local/lib/python3.12/site-packages/airflow/example_dags/example_xcom.py
[2024-04-14T12:57:46.015+0000] {logging_mixin.py:188} INFO - [2024-04-14T12:57:46.014+0000] {dag.py:3096} INFO - Sync 1 DAGs
[2024-04-14T12:57:46.063+0000] {logging_mixin.py:188} INFO - [2024-04-14T12:57:46.062+0000] {dag.py:3954} INFO - Setting next_dagrun for example_xcom to 2021-01-01 00:00:00+00:00, run_after=2021-01-01 00:00:00+00:00
[2024-04-14T12:57:46.105+0000] {processor.py:183} INFO - Processing /home/airflow/.local/lib/python3.12/site-packages/airflow/example_dags/example_xcom.py took 0.163 seconds
[2024-04-14T12:58:16.970+0000] {processor.py:161} INFO - Started process (PID=1036) to work on /home/airflow/.local/lib/python3.12/site-packages/airflow/example_dags/example_xcom.py
[2024-04-14T12:58:16.974+0000] {processor.py:830} INFO - Processing file /home/airflow/.local/lib/python3.12/site-packages/airflow/example_dags/example_xcom.py for tasks to queue
[2024-04-14T12:58:16.982+0000] {logging_mixin.py:188} INFO - [2024-04-14T12:58:16.981+0000] {dagbag.py:540} INFO - Filling up the DagBag from /home/airflow/.local/lib/python3.12/site-packages/airflow/example_dags/example_xcom.py
[2024-04-14T12:58:17.022+0000] {processor.py:840} INFO - DAG(s) 'example_xcom' retrieved from /home/airflow/.local/lib/python3.12/site-packages/airflow/example_dags/example_xcom.py
[2024-04-14T12:58:17.372+0000] {logging_mixin.py:188} INFO - [2024-04-14T12:58:17.372+0000] {dag.py:3096} INFO - Sync 1 DAGs
[2024-04-14T12:58:17.432+0000] {logging_mixin.py:188} INFO - [2024-04-14T12:58:17.431+0000] {dag.py:3954} INFO - Setting next_dagrun for example_xcom to 2021-01-01 00:00:00+00:00, run_after=2021-01-01 00:00:00+00:00
[2024-04-14T12:58:17.485+0000] {processor.py:183} INFO - Processing /home/airflow/.local/lib/python3.12/site-packages/airflow/example_dags/example_xcom.py took 0.529 seconds
[2024-04-14T12:58:48.122+0000] {processor.py:161} INFO - Started process (PID=1091) to work on /home/airflow/.local/lib/python3.12/site-packages/airflow/example_dags/example_xcom.py
[2024-04-14T12:58:48.136+0000] {processor.py:830} INFO - Processing file /home/airflow/.local/lib/python3.12/site-packages/airflow/example_dags/example_xcom.py for tasks to queue
[2024-04-14T12:58:48.176+0000] {logging_mixin.py:188} INFO - [2024-04-14T12:58:48.175+0000] {dagbag.py:540} INFO - Filling up the DagBag from /home/airflow/.local/lib/python3.12/site-packages/airflow/example_dags/example_xcom.py
[2024-04-14T12:58:48.210+0000] {processor.py:840} INFO - DAG(s) 'example_xcom' retrieved from /home/airflow/.local/lib/python3.12/site-packages/airflow/example_dags/example_xcom.py
[2024-04-14T12:58:48.263+0000] {logging_mixin.py:188} INFO - [2024-04-14T12:58:48.263+0000] {dag.py:3096} INFO - Sync 1 DAGs
[2024-04-14T12:58:48.402+0000] {logging_mixin.py:188} INFO - [2024-04-14T12:58:48.401+0000] {dag.py:3954} INFO - Setting next_dagrun for example_xcom to 2021-01-01 00:00:00+00:00, run_after=2021-01-01 00:00:00+00:00
[2024-04-14T12:58:48.524+0000] {processor.py:183} INFO - Processing /home/airflow/.local/lib/python3.12/site-packages/airflow/example_dags/example_xcom.py took 0.417 seconds
[2024-04-14T12:59:19.193+0000] {processor.py:161} INFO - Started process (PID=1150) to work on /home/airflow/.local/lib/python3.12/site-packages/airflow/example_dags/example_xcom.py
[2024-04-14T12:59:19.194+0000] {processor.py:830} INFO - Processing file /home/airflow/.local/lib/python3.12/site-packages/airflow/example_dags/example_xcom.py for tasks to queue
[2024-04-14T12:59:19.196+0000] {logging_mixin.py:188} INFO - [2024-04-14T12:59:19.195+0000] {dagbag.py:540} INFO - Filling up the DagBag from /home/airflow/.local/lib/python3.12/site-packages/airflow/example_dags/example_xcom.py
[2024-04-14T12:59:19.205+0000] {processor.py:840} INFO - DAG(s) 'example_xcom' retrieved from /home/airflow/.local/lib/python3.12/site-packages/airflow/example_dags/example_xcom.py
[2024-04-14T12:59:19.380+0000] {logging_mixin.py:188} INFO - [2024-04-14T12:59:19.380+0000] {dag.py:3096} INFO - Sync 1 DAGs
[2024-04-14T12:59:19.415+0000] {logging_mixin.py:188} INFO - [2024-04-14T12:59:19.415+0000] {dag.py:3954} INFO - Setting next_dagrun for example_xcom to 2021-01-01 00:00:00+00:00, run_after=2021-01-01 00:00:00+00:00
[2024-04-14T12:59:19.457+0000] {processor.py:183} INFO - Processing /home/airflow/.local/lib/python3.12/site-packages/airflow/example_dags/example_xcom.py took 0.273 seconds
[2024-04-14T12:59:53.018+0000] {processor.py:161} INFO - Started process (PID=1209) to work on /home/airflow/.local/lib/python3.12/site-packages/airflow/example_dags/example_xcom.py
[2024-04-14T12:59:53.019+0000] {processor.py:830} INFO - Processing file /home/airflow/.local/lib/python3.12/site-packages/airflow/example_dags/example_xcom.py for tasks to queue
[2024-04-14T12:59:53.021+0000] {logging_mixin.py:188} INFO - [2024-04-14T12:59:53.020+0000] {dagbag.py:540} INFO - Filling up the DagBag from /home/airflow/.local/lib/python3.12/site-packages/airflow/example_dags/example_xcom.py
[2024-04-14T12:59:53.031+0000] {processor.py:840} INFO - DAG(s) 'example_xcom' retrieved from /home/airflow/.local/lib/python3.12/site-packages/airflow/example_dags/example_xcom.py
[2024-04-14T12:59:53.084+0000] {logging_mixin.py:188} INFO - [2024-04-14T12:59:53.083+0000] {dag.py:3096} INFO - Sync 1 DAGs
[2024-04-14T12:59:53.128+0000] {logging_mixin.py:188} INFO - [2024-04-14T12:59:53.127+0000] {dag.py:3954} INFO - Setting next_dagrun for example_xcom to 2021-01-01 00:00:00+00:00, run_after=2021-01-01 00:00:00+00:00
[2024-04-14T12:59:53.171+0000] {processor.py:183} INFO - Processing /home/airflow/.local/lib/python3.12/site-packages/airflow/example_dags/example_xcom.py took 0.161 seconds
[2024-04-14T13:00:23.787+0000] {processor.py:161} INFO - Started process (PID=1268) to work on /home/airflow/.local/lib/python3.12/site-packages/airflow/example_dags/example_xcom.py
[2024-04-14T13:00:23.792+0000] {processor.py:830} INFO - Processing file /home/airflow/.local/lib/python3.12/site-packages/airflow/example_dags/example_xcom.py for tasks to queue
[2024-04-14T13:00:23.799+0000] {logging_mixin.py:188} INFO - [2024-04-14T13:00:23.798+0000] {dagbag.py:540} INFO - Filling up the DagBag from /home/airflow/.local/lib/python3.12/site-packages/airflow/example_dags/example_xcom.py
[2024-04-14T13:00:23.817+0000] {processor.py:840} INFO - DAG(s) 'example_xcom' retrieved from /home/airflow/.local/lib/python3.12/site-packages/airflow/example_dags/example_xcom.py
[2024-04-14T13:00:23.870+0000] {logging_mixin.py:188} INFO - [2024-04-14T13:00:23.870+0000] {dag.py:3096} INFO - Sync 1 DAGs
[2024-04-14T13:00:23.930+0000] {logging_mixin.py:188} INFO - [2024-04-14T13:00:23.929+0000] {dag.py:3954} INFO - Setting next_dagrun for example_xcom to 2021-01-01 00:00:00+00:00, run_after=2021-01-01 00:00:00+00:00
[2024-04-14T13:00:23.976+0000] {processor.py:183} INFO - Processing /home/airflow/.local/lib/python3.12/site-packages/airflow/example_dags/example_xcom.py took 0.212 seconds
[2024-04-14T13:00:54.741+0000] {processor.py:161} INFO - Started process (PID=1327) to work on /home/airflow/.local/lib/python3.12/site-packages/airflow/example_dags/example_xcom.py
[2024-04-14T13:00:54.745+0000] {processor.py:830} INFO - Processing file /home/airflow/.local/lib/python3.12/site-packages/airflow/example_dags/example_xcom.py for tasks to queue
[2024-04-14T13:00:54.746+0000] {logging_mixin.py:188} INFO - [2024-04-14T13:00:54.746+0000] {dagbag.py:540} INFO - Filling up the DagBag from /home/airflow/.local/lib/python3.12/site-packages/airflow/example_dags/example_xcom.py
[2024-04-14T13:00:54.768+0000] {processor.py:840} INFO - DAG(s) 'example_xcom' retrieved from /home/airflow/.local/lib/python3.12/site-packages/airflow/example_dags/example_xcom.py
[2024-04-14T13:00:54.811+0000] {logging_mixin.py:188} INFO - [2024-04-14T13:00:54.811+0000] {dag.py:3096} INFO - Sync 1 DAGs
[2024-04-14T13:00:54.860+0000] {logging_mixin.py:188} INFO - [2024-04-14T13:00:54.859+0000] {dag.py:3954} INFO - Setting next_dagrun for example_xcom to 2021-01-01 00:00:00+00:00, run_after=2021-01-01 00:00:00+00:00
[2024-04-14T13:00:54.905+0000] {processor.py:183} INFO - Processing /home/airflow/.local/lib/python3.12/site-packages/airflow/example_dags/example_xcom.py took 0.173 seconds
[2024-04-14T13:01:25.676+0000] {processor.py:161} INFO - Started process (PID=1386) to work on /home/airflow/.local/lib/python3.12/site-packages/airflow/example_dags/example_xcom.py
[2024-04-14T13:01:25.681+0000] {processor.py:830} INFO - Processing file /home/airflow/.local/lib/python3.12/site-packages/airflow/example_dags/example_xcom.py for tasks to queue
[2024-04-14T13:01:25.684+0000] {logging_mixin.py:188} INFO - [2024-04-14T13:01:25.683+0000] {dagbag.py:540} INFO - Filling up the DagBag from /home/airflow/.local/lib/python3.12/site-packages/airflow/example_dags/example_xcom.py
[2024-04-14T13:01:25.713+0000] {processor.py:840} INFO - DAG(s) 'example_xcom' retrieved from /home/airflow/.local/lib/python3.12/site-packages/airflow/example_dags/example_xcom.py
[2024-04-14T13:01:25.784+0000] {logging_mixin.py:188} INFO - [2024-04-14T13:01:25.784+0000] {dag.py:3096} INFO - Sync 1 DAGs
[2024-04-14T13:01:25.859+0000] {logging_mixin.py:188} INFO - [2024-04-14T13:01:25.858+0000] {dag.py:3954} INFO - Setting next_dagrun for example_xcom to 2021-01-01 00:00:00+00:00, run_after=2021-01-01 00:00:00+00:00
[2024-04-14T13:01:25.909+0000] {processor.py:183} INFO - Processing /home/airflow/.local/lib/python3.12/site-packages/airflow/example_dags/example_xcom.py took 0.253 seconds
[2024-04-14T13:01:56.967+0000] {processor.py:161} INFO - Started process (PID=1445) to work on /home/airflow/.local/lib/python3.12/site-packages/airflow/example_dags/example_xcom.py
[2024-04-14T13:01:56.969+0000] {processor.py:830} INFO - Processing file /home/airflow/.local/lib/python3.12/site-packages/airflow/example_dags/example_xcom.py for tasks to queue
[2024-04-14T13:01:56.971+0000] {logging_mixin.py:188} INFO - [2024-04-14T13:01:56.970+0000] {dagbag.py:540} INFO - Filling up the DagBag from /home/airflow/.local/lib/python3.12/site-packages/airflow/example_dags/example_xcom.py
[2024-04-14T13:01:56.981+0000] {processor.py:840} INFO - DAG(s) 'example_xcom' retrieved from /home/airflow/.local/lib/python3.12/site-packages/airflow/example_dags/example_xcom.py
[2024-04-14T13:01:57.014+0000] {logging_mixin.py:188} INFO - [2024-04-14T13:01:57.013+0000] {dag.py:3096} INFO - Sync 1 DAGs
[2024-04-14T13:01:57.134+0000] {logging_mixin.py:188} INFO - [2024-04-14T13:01:57.133+0000] {dag.py:3954} INFO - Setting next_dagrun for example_xcom to 2021-01-01 00:00:00+00:00, run_after=2021-01-01 00:00:00+00:00
[2024-04-14T13:01:57.240+0000] {processor.py:183} INFO - Processing /home/airflow/.local/lib/python3.12/site-packages/airflow/example_dags/example_xcom.py took 0.283 seconds
[2024-04-14T13:02:27.866+0000] {processor.py:161} INFO - Started process (PID=1504) to work on /home/airflow/.local/lib/python3.12/site-packages/airflow/example_dags/example_xcom.py
[2024-04-14T13:02:27.869+0000] {processor.py:830} INFO - Processing file /home/airflow/.local/lib/python3.12/site-packages/airflow/example_dags/example_xcom.py for tasks to queue
[2024-04-14T13:02:27.876+0000] {logging_mixin.py:188} INFO - [2024-04-14T13:02:27.874+0000] {dagbag.py:540} INFO - Filling up the DagBag from /home/airflow/.local/lib/python3.12/site-packages/airflow/example_dags/example_xcom.py
[2024-04-14T13:02:27.930+0000] {processor.py:840} INFO - DAG(s) 'example_xcom' retrieved from /home/airflow/.local/lib/python3.12/site-packages/airflow/example_dags/example_xcom.py
[2024-04-14T13:02:28.313+0000] {logging_mixin.py:188} INFO - [2024-04-14T13:02:28.312+0000] {dag.py:3096} INFO - Sync 1 DAGs
[2024-04-14T13:02:28.476+0000] {logging_mixin.py:188} INFO - [2024-04-14T13:02:28.476+0000] {dag.py:3954} INFO - Setting next_dagrun for example_xcom to 2021-01-01 00:00:00+00:00, run_after=2021-01-01 00:00:00+00:00
[2024-04-14T13:02:28.552+0000] {processor.py:183} INFO - Processing /home/airflow/.local/lib/python3.12/site-packages/airflow/example_dags/example_xcom.py took 0.718 seconds
[2024-04-14T13:02:58.675+0000] {processor.py:161} INFO - Started process (PID=1563) to work on /home/airflow/.local/lib/python3.12/site-packages/airflow/example_dags/example_xcom.py
[2024-04-14T13:02:58.677+0000] {processor.py:830} INFO - Processing file /home/airflow/.local/lib/python3.12/site-packages/airflow/example_dags/example_xcom.py for tasks to queue
[2024-04-14T13:02:58.683+0000] {logging_mixin.py:188} INFO - [2024-04-14T13:02:58.682+0000] {dagbag.py:540} INFO - Filling up the DagBag from /home/airflow/.local/lib/python3.12/site-packages/airflow/example_dags/example_xcom.py
[2024-04-14T13:02:58.704+0000] {processor.py:840} INFO - DAG(s) 'example_xcom' retrieved from /home/airflow/.local/lib/python3.12/site-packages/airflow/example_dags/example_xcom.py
[2024-04-14T13:02:58.747+0000] {logging_mixin.py:188} INFO - [2024-04-14T13:02:58.744+0000] {dag.py:3096} INFO - Sync 1 DAGs
[2024-04-14T13:02:58.785+0000] {logging_mixin.py:188} INFO - [2024-04-14T13:02:58.784+0000] {dag.py:3954} INFO - Setting next_dagrun for example_xcom to 2021-01-01 00:00:00+00:00, run_after=2021-01-01 00:00:00+00:00
[2024-04-14T13:02:58.817+0000] {processor.py:183} INFO - Processing /home/airflow/.local/lib/python3.12/site-packages/airflow/example_dags/example_xcom.py took 0.156 seconds
[2024-04-14T13:03:29.469+0000] {processor.py:161} INFO - Started process (PID=1622) to work on /home/airflow/.local/lib/python3.12/site-packages/airflow/example_dags/example_xcom.py
[2024-04-14T13:03:29.473+0000] {processor.py:830} INFO - Processing file /home/airflow/.local/lib/python3.12/site-packages/airflow/example_dags/example_xcom.py for tasks to queue
[2024-04-14T13:03:29.476+0000] {logging_mixin.py:188} INFO - [2024-04-14T13:03:29.475+0000] {dagbag.py:540} INFO - Filling up the DagBag from /home/airflow/.local/lib/python3.12/site-packages/airflow/example_dags/example_xcom.py
[2024-04-14T13:03:29.499+0000] {processor.py:840} INFO - DAG(s) 'example_xcom' retrieved from /home/airflow/.local/lib/python3.12/site-packages/airflow/example_dags/example_xcom.py
[2024-04-14T13:03:29.591+0000] {logging_mixin.py:188} INFO - [2024-04-14T13:03:29.590+0000] {dag.py:3096} INFO - Sync 1 DAGs
[2024-04-14T13:03:29.727+0000] {logging_mixin.py:188} INFO - [2024-04-14T13:03:29.727+0000] {dag.py:3954} INFO - Setting next_dagrun for example_xcom to 2021-01-01 00:00:00+00:00, run_after=2021-01-01 00:00:00+00:00
[2024-04-14T13:03:29.806+0000] {processor.py:183} INFO - Processing /home/airflow/.local/lib/python3.12/site-packages/airflow/example_dags/example_xcom.py took 0.354 seconds
[2024-04-14T13:04:00.844+0000] {processor.py:161} INFO - Started process (PID=1682) to work on /home/airflow/.local/lib/python3.12/site-packages/airflow/example_dags/example_xcom.py
[2024-04-14T13:04:00.848+0000] {processor.py:830} INFO - Processing file /home/airflow/.local/lib/python3.12/site-packages/airflow/example_dags/example_xcom.py for tasks to queue
[2024-04-14T13:04:00.850+0000] {logging_mixin.py:188} INFO - [2024-04-14T13:04:00.849+0000] {dagbag.py:540} INFO - Filling up the DagBag from /home/airflow/.local/lib/python3.12/site-packages/airflow/example_dags/example_xcom.py
[2024-04-14T13:04:00.866+0000] {processor.py:840} INFO - DAG(s) 'example_xcom' retrieved from /home/airflow/.local/lib/python3.12/site-packages/airflow/example_dags/example_xcom.py
[2024-04-14T13:04:00.911+0000] {logging_mixin.py:188} INFO - [2024-04-14T13:04:00.911+0000] {dag.py:3096} INFO - Sync 1 DAGs
[2024-04-14T13:04:00.969+0000] {logging_mixin.py:188} INFO - [2024-04-14T13:04:00.968+0000] {dag.py:3954} INFO - Setting next_dagrun for example_xcom to 2021-01-01 00:00:00+00:00, run_after=2021-01-01 00:00:00+00:00
[2024-04-14T13:04:01.026+0000] {processor.py:183} INFO - Processing /home/airflow/.local/lib/python3.12/site-packages/airflow/example_dags/example_xcom.py took 0.195 seconds
[2024-04-14T13:04:31.367+0000] {processor.py:161} INFO - Started process (PID=1742) to work on /home/airflow/.local/lib/python3.12/site-packages/airflow/example_dags/example_xcom.py
[2024-04-14T13:04:31.368+0000] {processor.py:830} INFO - Processing file /home/airflow/.local/lib/python3.12/site-packages/airflow/example_dags/example_xcom.py for tasks to queue
[2024-04-14T13:04:31.370+0000] {logging_mixin.py:188} INFO - [2024-04-14T13:04:31.369+0000] {dagbag.py:540} INFO - Filling up the DagBag from /home/airflow/.local/lib/python3.12/site-packages/airflow/example_dags/example_xcom.py
[2024-04-14T13:04:31.387+0000] {processor.py:840} INFO - DAG(s) 'example_xcom' retrieved from /home/airflow/.local/lib/python3.12/site-packages/airflow/example_dags/example_xcom.py
[2024-04-14T13:04:31.422+0000] {logging_mixin.py:188} INFO - [2024-04-14T13:04:31.422+0000] {dag.py:3096} INFO - Sync 1 DAGs
[2024-04-14T13:04:31.467+0000] {logging_mixin.py:188} INFO - [2024-04-14T13:04:31.467+0000] {dag.py:3954} INFO - Setting next_dagrun for example_xcom to 2021-01-01 00:00:00+00:00, run_after=2021-01-01 00:00:00+00:00
[2024-04-14T13:04:31.513+0000] {processor.py:183} INFO - Processing /home/airflow/.local/lib/python3.12/site-packages/airflow/example_dags/example_xcom.py took 0.157 seconds
[2024-04-14T13:05:03.188+0000] {processor.py:161} INFO - Started process (PID=1800) to work on /home/airflow/.local/lib/python3.12/site-packages/airflow/example_dags/example_xcom.py
[2024-04-14T13:05:03.192+0000] {processor.py:830} INFO - Processing file /home/airflow/.local/lib/python3.12/site-packages/airflow/example_dags/example_xcom.py for tasks to queue
[2024-04-14T13:05:03.202+0000] {logging_mixin.py:188} INFO - [2024-04-14T13:05:03.194+0000] {dagbag.py:540} INFO - Filling up the DagBag from /home/airflow/.local/lib/python3.12/site-packages/airflow/example_dags/example_xcom.py
[2024-04-14T13:05:03.237+0000] {processor.py:840} INFO - DAG(s) 'example_xcom' retrieved from /home/airflow/.local/lib/python3.12/site-packages/airflow/example_dags/example_xcom.py
[2024-04-14T13:05:03.362+0000] {logging_mixin.py:188} INFO - [2024-04-14T13:05:03.362+0000] {dag.py:3096} INFO - Sync 1 DAGs
[2024-04-14T13:05:03.472+0000] {logging_mixin.py:188} INFO - [2024-04-14T13:05:03.471+0000] {dag.py:3954} INFO - Setting next_dagrun for example_xcom to 2021-01-01 00:00:00+00:00, run_after=2021-01-01 00:00:00+00:00
[2024-04-14T13:05:03.573+0000] {processor.py:183} INFO - Processing /home/airflow/.local/lib/python3.12/site-packages/airflow/example_dags/example_xcom.py took 0.406 seconds
[2024-04-14T13:05:33.946+0000] {processor.py:161} INFO - Started process (PID=1858) to work on /home/airflow/.local/lib/python3.12/site-packages/airflow/example_dags/example_xcom.py
[2024-04-14T13:05:33.951+0000] {processor.py:830} INFO - Processing file /home/airflow/.local/lib/python3.12/site-packages/airflow/example_dags/example_xcom.py for tasks to queue
[2024-04-14T13:05:33.954+0000] {logging_mixin.py:188} INFO - [2024-04-14T13:05:33.953+0000] {dagbag.py:540} INFO - Filling up the DagBag from /home/airflow/.local/lib/python3.12/site-packages/airflow/example_dags/example_xcom.py
[2024-04-14T13:05:34.003+0000] {processor.py:840} INFO - DAG(s) 'example_xcom' retrieved from /home/airflow/.local/lib/python3.12/site-packages/airflow/example_dags/example_xcom.py
[2024-04-14T13:05:34.254+0000] {logging_mixin.py:188} INFO - [2024-04-14T13:05:34.253+0000] {dag.py:3096} INFO - Sync 1 DAGs
[2024-04-14T13:05:34.397+0000] {logging_mixin.py:188} INFO - [2024-04-14T13:05:34.397+0000] {dag.py:3954} INFO - Setting next_dagrun for example_xcom to 2021-01-01 00:00:00+00:00, run_after=2021-01-01 00:00:00+00:00
[2024-04-14T13:05:34.719+0000] {processor.py:183} INFO - Processing /home/airflow/.local/lib/python3.12/site-packages/airflow/example_dags/example_xcom.py took 0.796 seconds
[2024-04-14T13:06:05.495+0000] {processor.py:161} INFO - Started process (PID=1917) to work on /home/airflow/.local/lib/python3.12/site-packages/airflow/example_dags/example_xcom.py
[2024-04-14T13:06:05.497+0000] {processor.py:830} INFO - Processing file /home/airflow/.local/lib/python3.12/site-packages/airflow/example_dags/example_xcom.py for tasks to queue
[2024-04-14T13:06:05.499+0000] {logging_mixin.py:188} INFO - [2024-04-14T13:06:05.498+0000] {dagbag.py:540} INFO - Filling up the DagBag from /home/airflow/.local/lib/python3.12/site-packages/airflow/example_dags/example_xcom.py
[2024-04-14T13:06:05.509+0000] {processor.py:840} INFO - DAG(s) 'example_xcom' retrieved from /home/airflow/.local/lib/python3.12/site-packages/airflow/example_dags/example_xcom.py
[2024-04-14T13:06:05.540+0000] {logging_mixin.py:188} INFO - [2024-04-14T13:06:05.540+0000] {dag.py:3096} INFO - Sync 1 DAGs
[2024-04-14T13:06:05.574+0000] {logging_mixin.py:188} INFO - [2024-04-14T13:06:05.574+0000] {dag.py:3954} INFO - Setting next_dagrun for example_xcom to 2021-01-01 00:00:00+00:00, run_after=2021-01-01 00:00:00+00:00
[2024-04-14T13:06:05.603+0000] {processor.py:183} INFO - Processing /home/airflow/.local/lib/python3.12/site-packages/airflow/example_dags/example_xcom.py took 0.118 seconds
[2024-04-14T13:06:36.252+0000] {processor.py:161} INFO - Started process (PID=1976) to work on /home/airflow/.local/lib/python3.12/site-packages/airflow/example_dags/example_xcom.py
[2024-04-14T13:06:36.254+0000] {processor.py:830} INFO - Processing file /home/airflow/.local/lib/python3.12/site-packages/airflow/example_dags/example_xcom.py for tasks to queue
[2024-04-14T13:06:36.255+0000] {logging_mixin.py:188} INFO - [2024-04-14T13:06:36.255+0000] {dagbag.py:540} INFO - Filling up the DagBag from /home/airflow/.local/lib/python3.12/site-packages/airflow/example_dags/example_xcom.py
[2024-04-14T13:06:36.267+0000] {processor.py:840} INFO - DAG(s) 'example_xcom' retrieved from /home/airflow/.local/lib/python3.12/site-packages/airflow/example_dags/example_xcom.py
[2024-04-14T13:06:36.299+0000] {logging_mixin.py:188} INFO - [2024-04-14T13:06:36.298+0000] {dag.py:3096} INFO - Sync 1 DAGs
[2024-04-14T13:06:36.331+0000] {logging_mixin.py:188} INFO - [2024-04-14T13:06:36.330+0000] {dag.py:3954} INFO - Setting next_dagrun for example_xcom to 2021-01-01 00:00:00+00:00, run_after=2021-01-01 00:00:00+00:00
[2024-04-14T13:06:36.369+0000] {processor.py:183} INFO - Processing /home/airflow/.local/lib/python3.12/site-packages/airflow/example_dags/example_xcom.py took 0.126 seconds
[2024-04-14T13:07:06.703+0000] {processor.py:161} INFO - Started process (PID=2035) to work on /home/airflow/.local/lib/python3.12/site-packages/airflow/example_dags/example_xcom.py
[2024-04-14T13:07:06.705+0000] {processor.py:830} INFO - Processing file /home/airflow/.local/lib/python3.12/site-packages/airflow/example_dags/example_xcom.py for tasks to queue
[2024-04-14T13:07:06.707+0000] {logging_mixin.py:188} INFO - [2024-04-14T13:07:06.706+0000] {dagbag.py:540} INFO - Filling up the DagBag from /home/airflow/.local/lib/python3.12/site-packages/airflow/example_dags/example_xcom.py
[2024-04-14T13:07:06.717+0000] {processor.py:840} INFO - DAG(s) 'example_xcom' retrieved from /home/airflow/.local/lib/python3.12/site-packages/airflow/example_dags/example_xcom.py
[2024-04-14T13:07:06.750+0000] {logging_mixin.py:188} INFO - [2024-04-14T13:07:06.750+0000] {dag.py:3096} INFO - Sync 1 DAGs
[2024-04-14T13:07:06.792+0000] {logging_mixin.py:188} INFO - [2024-04-14T13:07:06.791+0000] {dag.py:3954} INFO - Setting next_dagrun for example_xcom to 2021-01-01 00:00:00+00:00, run_after=2021-01-01 00:00:00+00:00
[2024-04-14T13:07:06.831+0000] {processor.py:183} INFO - Processing /home/airflow/.local/lib/python3.12/site-packages/airflow/example_dags/example_xcom.py took 0.135 seconds
[2024-04-14T13:07:37.224+0000] {processor.py:161} INFO - Started process (PID=2095) to work on /home/airflow/.local/lib/python3.12/site-packages/airflow/example_dags/example_xcom.py
[2024-04-14T13:07:37.225+0000] {processor.py:830} INFO - Processing file /home/airflow/.local/lib/python3.12/site-packages/airflow/example_dags/example_xcom.py for tasks to queue
[2024-04-14T13:07:37.227+0000] {logging_mixin.py:188} INFO - [2024-04-14T13:07:37.227+0000] {dagbag.py:540} INFO - Filling up the DagBag from /home/airflow/.local/lib/python3.12/site-packages/airflow/example_dags/example_xcom.py
[2024-04-14T13:07:37.240+0000] {processor.py:840} INFO - DAG(s) 'example_xcom' retrieved from /home/airflow/.local/lib/python3.12/site-packages/airflow/example_dags/example_xcom.py
[2024-04-14T13:07:37.302+0000] {logging_mixin.py:188} INFO - [2024-04-14T13:07:37.301+0000] {dag.py:3096} INFO - Sync 1 DAGs
[2024-04-14T13:07:37.356+0000] {logging_mixin.py:188} INFO - [2024-04-14T13:07:37.356+0000] {dag.py:3954} INFO - Setting next_dagrun for example_xcom to 2021-01-01 00:00:00+00:00, run_after=2021-01-01 00:00:00+00:00
[2024-04-14T13:07:37.464+0000] {processor.py:183} INFO - Processing /home/airflow/.local/lib/python3.12/site-packages/airflow/example_dags/example_xcom.py took 0.249 seconds
[2024-04-14T13:08:08.414+0000] {processor.py:161} INFO - Started process (PID=2156) to work on /home/airflow/.local/lib/python3.12/site-packages/airflow/example_dags/example_xcom.py
[2024-04-14T13:08:08.416+0000] {processor.py:830} INFO - Processing file /home/airflow/.local/lib/python3.12/site-packages/airflow/example_dags/example_xcom.py for tasks to queue
[2024-04-14T13:08:08.418+0000] {logging_mixin.py:188} INFO - [2024-04-14T13:08:08.418+0000] {dagbag.py:540} INFO - Filling up the DagBag from /home/airflow/.local/lib/python3.12/site-packages/airflow/example_dags/example_xcom.py
[2024-04-14T13:08:08.433+0000] {processor.py:840} INFO - DAG(s) 'example_xcom' retrieved from /home/airflow/.local/lib/python3.12/site-packages/airflow/example_dags/example_xcom.py
[2024-04-14T13:08:08.483+0000] {logging_mixin.py:188} INFO - [2024-04-14T13:08:08.482+0000] {dag.py:3096} INFO - Sync 1 DAGs
[2024-04-14T13:08:08.540+0000] {logging_mixin.py:188} INFO - [2024-04-14T13:08:08.540+0000] {dag.py:3954} INFO - Setting next_dagrun for example_xcom to 2021-01-01 00:00:00+00:00, run_after=2021-01-01 00:00:00+00:00
[2024-04-14T13:08:08.582+0000] {processor.py:183} INFO - Processing /home/airflow/.local/lib/python3.12/site-packages/airflow/example_dags/example_xcom.py took 0.175 seconds
[2024-04-14T13:08:39.475+0000] {processor.py:161} INFO - Started process (PID=2215) to work on /home/airflow/.local/lib/python3.12/site-packages/airflow/example_dags/example_xcom.py
[2024-04-14T13:08:39.477+0000] {processor.py:830} INFO - Processing file /home/airflow/.local/lib/python3.12/site-packages/airflow/example_dags/example_xcom.py for tasks to queue
[2024-04-14T13:08:39.479+0000] {logging_mixin.py:188} INFO - [2024-04-14T13:08:39.478+0000] {dagbag.py:540} INFO - Filling up the DagBag from /home/airflow/.local/lib/python3.12/site-packages/airflow/example_dags/example_xcom.py
[2024-04-14T13:08:39.498+0000] {processor.py:840} INFO - DAG(s) 'example_xcom' retrieved from /home/airflow/.local/lib/python3.12/site-packages/airflow/example_dags/example_xcom.py
[2024-04-14T13:08:39.604+0000] {logging_mixin.py:188} INFO - [2024-04-14T13:08:39.603+0000] {dag.py:3096} INFO - Sync 1 DAGs
[2024-04-14T13:08:39.658+0000] {logging_mixin.py:188} INFO - [2024-04-14T13:08:39.658+0000] {dag.py:3954} INFO - Setting next_dagrun for example_xcom to 2021-01-01 00:00:00+00:00, run_after=2021-01-01 00:00:00+00:00
[2024-04-14T13:08:39.713+0000] {processor.py:183} INFO - Processing /home/airflow/.local/lib/python3.12/site-packages/airflow/example_dags/example_xcom.py took 0.251 seconds
[2024-04-14T13:09:10.334+0000] {processor.py:161} INFO - Started process (PID=2274) to work on /home/airflow/.local/lib/python3.12/site-packages/airflow/example_dags/example_xcom.py
[2024-04-14T13:09:10.336+0000] {processor.py:830} INFO - Processing file /home/airflow/.local/lib/python3.12/site-packages/airflow/example_dags/example_xcom.py for tasks to queue
[2024-04-14T13:09:10.338+0000] {logging_mixin.py:188} INFO - [2024-04-14T13:09:10.337+0000] {dagbag.py:540} INFO - Filling up the DagBag from /home/airflow/.local/lib/python3.12/site-packages/airflow/example_dags/example_xcom.py
[2024-04-14T13:09:10.354+0000] {processor.py:840} INFO - DAG(s) 'example_xcom' retrieved from /home/airflow/.local/lib/python3.12/site-packages/airflow/example_dags/example_xcom.py
[2024-04-14T13:09:10.405+0000] {logging_mixin.py:188} INFO - [2024-04-14T13:09:10.405+0000] {dag.py:3096} INFO - Sync 1 DAGs
[2024-04-14T13:09:10.508+0000] {logging_mixin.py:188} INFO - [2024-04-14T13:09:10.507+0000] {dag.py:3954} INFO - Setting next_dagrun for example_xcom to 2021-01-01 00:00:00+00:00, run_after=2021-01-01 00:00:00+00:00
[2024-04-14T13:09:10.588+0000] {processor.py:183} INFO - Processing /home/airflow/.local/lib/python3.12/site-packages/airflow/example_dags/example_xcom.py took 0.267 seconds
[2024-04-14T13:09:41.239+0000] {processor.py:161} INFO - Started process (PID=2333) to work on /home/airflow/.local/lib/python3.12/site-packages/airflow/example_dags/example_xcom.py
[2024-04-14T13:09:41.245+0000] {processor.py:830} INFO - Processing file /home/airflow/.local/lib/python3.12/site-packages/airflow/example_dags/example_xcom.py for tasks to queue
[2024-04-14T13:09:41.276+0000] {logging_mixin.py:188} INFO - [2024-04-14T13:09:41.275+0000] {dagbag.py:540} INFO - Filling up the DagBag from /home/airflow/.local/lib/python3.12/site-packages/airflow/example_dags/example_xcom.py
[2024-04-14T13:09:41.315+0000] {processor.py:840} INFO - DAG(s) 'example_xcom' retrieved from /home/airflow/.local/lib/python3.12/site-packages/airflow/example_dags/example_xcom.py
[2024-04-14T13:09:41.402+0000] {logging_mixin.py:188} INFO - [2024-04-14T13:09:41.401+0000] {dag.py:3096} INFO - Sync 1 DAGs
[2024-04-14T13:09:41.475+0000] {logging_mixin.py:188} INFO - [2024-04-14T13:09:41.475+0000] {dag.py:3954} INFO - Setting next_dagrun for example_xcom to 2021-01-01 00:00:00+00:00, run_after=2021-01-01 00:00:00+00:00
[2024-04-14T13:09:41.561+0000] {processor.py:183} INFO - Processing /home/airflow/.local/lib/python3.12/site-packages/airflow/example_dags/example_xcom.py took 0.343 seconds
[2024-04-14T13:10:11.967+0000] {processor.py:161} INFO - Started process (PID=2392) to work on /home/airflow/.local/lib/python3.12/site-packages/airflow/example_dags/example_xcom.py
[2024-04-14T13:10:11.968+0000] {processor.py:830} INFO - Processing file /home/airflow/.local/lib/python3.12/site-packages/airflow/example_dags/example_xcom.py for tasks to queue
[2024-04-14T13:10:11.969+0000] {logging_mixin.py:188} INFO - [2024-04-14T13:10:11.969+0000] {dagbag.py:540} INFO - Filling up the DagBag from /home/airflow/.local/lib/python3.12/site-packages/airflow/example_dags/example_xcom.py
[2024-04-14T13:10:11.981+0000] {processor.py:840} INFO - DAG(s) 'example_xcom' retrieved from /home/airflow/.local/lib/python3.12/site-packages/airflow/example_dags/example_xcom.py
[2024-04-14T13:10:12.015+0000] {logging_mixin.py:188} INFO - [2024-04-14T13:10:12.015+0000] {dag.py:3096} INFO - Sync 1 DAGs
[2024-04-14T13:10:12.061+0000] {logging_mixin.py:188} INFO - [2024-04-14T13:10:12.061+0000] {dag.py:3954} INFO - Setting next_dagrun for example_xcom to 2021-01-01 00:00:00+00:00, run_after=2021-01-01 00:00:00+00:00
[2024-04-14T13:10:12.113+0000] {processor.py:183} INFO - Processing /home/airflow/.local/lib/python3.12/site-packages/airflow/example_dags/example_xcom.py took 0.158 seconds
[2024-04-14T13:10:42.239+0000] {processor.py:161} INFO - Started process (PID=2451) to work on /home/airflow/.local/lib/python3.12/site-packages/airflow/example_dags/example_xcom.py
[2024-04-14T13:10:42.241+0000] {processor.py:830} INFO - Processing file /home/airflow/.local/lib/python3.12/site-packages/airflow/example_dags/example_xcom.py for tasks to queue
[2024-04-14T13:10:42.245+0000] {logging_mixin.py:188} INFO - [2024-04-14T13:10:42.244+0000] {dagbag.py:540} INFO - Filling up the DagBag from /home/airflow/.local/lib/python3.12/site-packages/airflow/example_dags/example_xcom.py
[2024-04-14T13:10:42.266+0000] {processor.py:840} INFO - DAG(s) 'example_xcom' retrieved from /home/airflow/.local/lib/python3.12/site-packages/airflow/example_dags/example_xcom.py
[2024-04-14T13:10:42.318+0000] {logging_mixin.py:188} INFO - [2024-04-14T13:10:42.317+0000] {dag.py:3096} INFO - Sync 1 DAGs
[2024-04-14T13:10:42.381+0000] {logging_mixin.py:188} INFO - [2024-04-14T13:10:42.380+0000] {dag.py:3954} INFO - Setting next_dagrun for example_xcom to 2021-01-01 00:00:00+00:00, run_after=2021-01-01 00:00:00+00:00
[2024-04-14T13:10:42.435+0000] {processor.py:183} INFO - Processing /home/airflow/.local/lib/python3.12/site-packages/airflow/example_dags/example_xcom.py took 0.214 seconds
[2024-04-14T13:11:12.605+0000] {processor.py:161} INFO - Started process (PID=2511) to work on /home/airflow/.local/lib/python3.12/site-packages/airflow/example_dags/example_xcom.py
[2024-04-14T13:11:12.607+0000] {processor.py:830} INFO - Processing file /home/airflow/.local/lib/python3.12/site-packages/airflow/example_dags/example_xcom.py for tasks to queue
[2024-04-14T13:11:12.611+0000] {logging_mixin.py:188} INFO - [2024-04-14T13:11:12.610+0000] {dagbag.py:540} INFO - Filling up the DagBag from /home/airflow/.local/lib/python3.12/site-packages/airflow/example_dags/example_xcom.py
[2024-04-14T13:11:12.628+0000] {processor.py:840} INFO - DAG(s) 'example_xcom' retrieved from /home/airflow/.local/lib/python3.12/site-packages/airflow/example_dags/example_xcom.py
[2024-04-14T13:11:12.684+0000] {logging_mixin.py:188} INFO - [2024-04-14T13:11:12.684+0000] {dag.py:3096} INFO - Sync 1 DAGs
[2024-04-14T13:11:12.738+0000] {logging_mixin.py:188} INFO - [2024-04-14T13:11:12.737+0000] {dag.py:3954} INFO - Setting next_dagrun for example_xcom to 2021-01-01 00:00:00+00:00, run_after=2021-01-01 00:00:00+00:00
[2024-04-14T13:11:12.780+0000] {processor.py:183} INFO - Processing /home/airflow/.local/lib/python3.12/site-packages/airflow/example_dags/example_xcom.py took 0.193 seconds
[2024-04-14T13:11:43.235+0000] {processor.py:161} INFO - Started process (PID=2567) to work on /home/airflow/.local/lib/python3.12/site-packages/airflow/example_dags/example_xcom.py
[2024-04-14T13:11:43.237+0000] {processor.py:830} INFO - Processing file /home/airflow/.local/lib/python3.12/site-packages/airflow/example_dags/example_xcom.py for tasks to queue
[2024-04-14T13:11:43.238+0000] {logging_mixin.py:188} INFO - [2024-04-14T13:11:43.238+0000] {dagbag.py:540} INFO - Filling up the DagBag from /home/airflow/.local/lib/python3.12/site-packages/airflow/example_dags/example_xcom.py
[2024-04-14T13:11:43.248+0000] {processor.py:840} INFO - DAG(s) 'example_xcom' retrieved from /home/airflow/.local/lib/python3.12/site-packages/airflow/example_dags/example_xcom.py
[2024-04-14T13:11:43.305+0000] {logging_mixin.py:188} INFO - [2024-04-14T13:11:43.305+0000] {dag.py:3096} INFO - Sync 1 DAGs
[2024-04-14T13:11:43.356+0000] {logging_mixin.py:188} INFO - [2024-04-14T13:11:43.355+0000] {dag.py:3954} INFO - Setting next_dagrun for example_xcom to 2021-01-01 00:00:00+00:00, run_after=2021-01-01 00:00:00+00:00
[2024-04-14T13:11:43.395+0000] {processor.py:183} INFO - Processing /home/airflow/.local/lib/python3.12/site-packages/airflow/example_dags/example_xcom.py took 0.169 seconds
[2024-04-14T13:12:13.704+0000] {processor.py:161} INFO - Started process (PID=2626) to work on /home/airflow/.local/lib/python3.12/site-packages/airflow/example_dags/example_xcom.py
[2024-04-14T13:12:13.706+0000] {processor.py:830} INFO - Processing file /home/airflow/.local/lib/python3.12/site-packages/airflow/example_dags/example_xcom.py for tasks to queue
[2024-04-14T13:12:13.709+0000] {logging_mixin.py:188} INFO - [2024-04-14T13:12:13.708+0000] {dagbag.py:540} INFO - Filling up the DagBag from /home/airflow/.local/lib/python3.12/site-packages/airflow/example_dags/example_xcom.py
[2024-04-14T13:12:13.735+0000] {processor.py:840} INFO - DAG(s) 'example_xcom' retrieved from /home/airflow/.local/lib/python3.12/site-packages/airflow/example_dags/example_xcom.py
[2024-04-14T13:12:13.780+0000] {logging_mixin.py:188} INFO - [2024-04-14T13:12:13.779+0000] {dag.py:3096} INFO - Sync 1 DAGs
[2024-04-14T13:12:13.844+0000] {logging_mixin.py:188} INFO - [2024-04-14T13:12:13.844+0000] {dag.py:3954} INFO - Setting next_dagrun for example_xcom to 2021-01-01 00:00:00+00:00, run_after=2021-01-01 00:00:00+00:00
[2024-04-14T13:12:13.891+0000] {processor.py:183} INFO - Processing /home/airflow/.local/lib/python3.12/site-packages/airflow/example_dags/example_xcom.py took 0.203 seconds
[2024-04-14T13:12:44.319+0000] {processor.py:161} INFO - Started process (PID=2685) to work on /home/airflow/.local/lib/python3.12/site-packages/airflow/example_dags/example_xcom.py
[2024-04-14T13:12:44.320+0000] {processor.py:830} INFO - Processing file /home/airflow/.local/lib/python3.12/site-packages/airflow/example_dags/example_xcom.py for tasks to queue
[2024-04-14T13:12:44.322+0000] {logging_mixin.py:188} INFO - [2024-04-14T13:12:44.321+0000] {dagbag.py:540} INFO - Filling up the DagBag from /home/airflow/.local/lib/python3.12/site-packages/airflow/example_dags/example_xcom.py
[2024-04-14T13:12:44.334+0000] {processor.py:840} INFO - DAG(s) 'example_xcom' retrieved from /home/airflow/.local/lib/python3.12/site-packages/airflow/example_dags/example_xcom.py
[2024-04-14T13:12:44.389+0000] {logging_mixin.py:188} INFO - [2024-04-14T13:12:44.389+0000] {dag.py:3096} INFO - Sync 1 DAGs
[2024-04-14T13:12:44.440+0000] {logging_mixin.py:188} INFO - [2024-04-14T13:12:44.440+0000] {dag.py:3954} INFO - Setting next_dagrun for example_xcom to 2021-01-01 00:00:00+00:00, run_after=2021-01-01 00:00:00+00:00
[2024-04-14T13:12:44.486+0000] {processor.py:183} INFO - Processing /home/airflow/.local/lib/python3.12/site-packages/airflow/example_dags/example_xcom.py took 0.176 seconds
[2024-04-14T13:13:14.769+0000] {processor.py:161} INFO - Started process (PID=2745) to work on /home/airflow/.local/lib/python3.12/site-packages/airflow/example_dags/example_xcom.py
[2024-04-14T13:13:14.771+0000] {processor.py:830} INFO - Processing file /home/airflow/.local/lib/python3.12/site-packages/airflow/example_dags/example_xcom.py for tasks to queue
[2024-04-14T13:13:14.773+0000] {logging_mixin.py:188} INFO - [2024-04-14T13:13:14.772+0000] {dagbag.py:540} INFO - Filling up the DagBag from /home/airflow/.local/lib/python3.12/site-packages/airflow/example_dags/example_xcom.py
[2024-04-14T13:13:14.787+0000] {processor.py:840} INFO - DAG(s) 'example_xcom' retrieved from /home/airflow/.local/lib/python3.12/site-packages/airflow/example_dags/example_xcom.py
[2024-04-14T13:13:14.819+0000] {logging_mixin.py:188} INFO - [2024-04-14T13:13:14.818+0000] {dag.py:3096} INFO - Sync 1 DAGs
[2024-04-14T13:13:14.850+0000] {logging_mixin.py:188} INFO - [2024-04-14T13:13:14.850+0000] {dag.py:3954} INFO - Setting next_dagrun for example_xcom to 2021-01-01 00:00:00+00:00, run_after=2021-01-01 00:00:00+00:00
[2024-04-14T13:13:14.878+0000] {processor.py:183} INFO - Processing /home/airflow/.local/lib/python3.12/site-packages/airflow/example_dags/example_xcom.py took 0.119 seconds
[2024-04-14T13:13:47.366+0000] {processor.py:161} INFO - Started process (PID=2803) to work on /home/airflow/.local/lib/python3.12/site-packages/airflow/example_dags/example_xcom.py
[2024-04-14T13:13:47.370+0000] {processor.py:830} INFO - Processing file /home/airflow/.local/lib/python3.12/site-packages/airflow/example_dags/example_xcom.py for tasks to queue
[2024-04-14T13:13:47.375+0000] {logging_mixin.py:188} INFO - [2024-04-14T13:13:47.374+0000] {dagbag.py:540} INFO - Filling up the DagBag from /home/airflow/.local/lib/python3.12/site-packages/airflow/example_dags/example_xcom.py
[2024-04-14T13:13:47.394+0000] {processor.py:840} INFO - DAG(s) 'example_xcom' retrieved from /home/airflow/.local/lib/python3.12/site-packages/airflow/example_dags/example_xcom.py
[2024-04-14T13:13:47.456+0000] {logging_mixin.py:188} INFO - [2024-04-14T13:13:47.455+0000] {dag.py:3096} INFO - Sync 1 DAGs
[2024-04-14T13:13:47.533+0000] {logging_mixin.py:188} INFO - [2024-04-14T13:13:47.532+0000] {dag.py:3954} INFO - Setting next_dagrun for example_xcom to 2021-01-01 00:00:00+00:00, run_after=2021-01-01 00:00:00+00:00
[2024-04-14T13:13:47.680+0000] {processor.py:183} INFO - Processing /home/airflow/.local/lib/python3.12/site-packages/airflow/example_dags/example_xcom.py took 0.332 seconds
[2024-04-14T13:14:18.539+0000] {processor.py:161} INFO - Started process (PID=2861) to work on /home/airflow/.local/lib/python3.12/site-packages/airflow/example_dags/example_xcom.py
[2024-04-14T13:14:18.562+0000] {processor.py:830} INFO - Processing file /home/airflow/.local/lib/python3.12/site-packages/airflow/example_dags/example_xcom.py for tasks to queue
[2024-04-14T13:14:18.581+0000] {logging_mixin.py:188} INFO - [2024-04-14T13:14:18.580+0000] {dagbag.py:540} INFO - Filling up the DagBag from /home/airflow/.local/lib/python3.12/site-packages/airflow/example_dags/example_xcom.py
[2024-04-14T13:14:18.622+0000] {processor.py:840} INFO - DAG(s) 'example_xcom' retrieved from /home/airflow/.local/lib/python3.12/site-packages/airflow/example_dags/example_xcom.py
[2024-04-14T13:14:18.729+0000] {logging_mixin.py:188} INFO - [2024-04-14T13:14:18.728+0000] {dag.py:3096} INFO - Sync 1 DAGs
[2024-04-14T13:14:18.807+0000] {logging_mixin.py:188} INFO - [2024-04-14T13:14:18.806+0000] {dag.py:3954} INFO - Setting next_dagrun for example_xcom to 2021-01-01 00:00:00+00:00, run_after=2021-01-01 00:00:00+00:00
[2024-04-14T13:14:18.890+0000] {processor.py:183} INFO - Processing /home/airflow/.local/lib/python3.12/site-packages/airflow/example_dags/example_xcom.py took 0.409 seconds
[2024-04-14T13:14:49.660+0000] {processor.py:161} INFO - Started process (PID=2920) to work on /home/airflow/.local/lib/python3.12/site-packages/airflow/example_dags/example_xcom.py
[2024-04-14T13:14:49.661+0000] {processor.py:830} INFO - Processing file /home/airflow/.local/lib/python3.12/site-packages/airflow/example_dags/example_xcom.py for tasks to queue
[2024-04-14T13:14:49.664+0000] {logging_mixin.py:188} INFO - [2024-04-14T13:14:49.663+0000] {dagbag.py:540} INFO - Filling up the DagBag from /home/airflow/.local/lib/python3.12/site-packages/airflow/example_dags/example_xcom.py
[2024-04-14T13:14:49.686+0000] {processor.py:840} INFO - DAG(s) 'example_xcom' retrieved from /home/airflow/.local/lib/python3.12/site-packages/airflow/example_dags/example_xcom.py
[2024-04-14T13:14:49.725+0000] {logging_mixin.py:188} INFO - [2024-04-14T13:14:49.724+0000] {dag.py:3096} INFO - Sync 1 DAGs
[2024-04-14T13:14:49.765+0000] {logging_mixin.py:188} INFO - [2024-04-14T13:14:49.765+0000] {dag.py:3954} INFO - Setting next_dagrun for example_xcom to 2021-01-01 00:00:00+00:00, run_after=2021-01-01 00:00:00+00:00
[2024-04-14T13:14:49.814+0000] {processor.py:183} INFO - Processing /home/airflow/.local/lib/python3.12/site-packages/airflow/example_dags/example_xcom.py took 0.167 seconds
[2024-04-14T13:15:20.730+0000] {processor.py:161} INFO - Started process (PID=2979) to work on /home/airflow/.local/lib/python3.12/site-packages/airflow/example_dags/example_xcom.py
[2024-04-14T13:15:20.732+0000] {processor.py:830} INFO - Processing file /home/airflow/.local/lib/python3.12/site-packages/airflow/example_dags/example_xcom.py for tasks to queue
[2024-04-14T13:15:20.734+0000] {logging_mixin.py:188} INFO - [2024-04-14T13:15:20.733+0000] {dagbag.py:540} INFO - Filling up the DagBag from /home/airflow/.local/lib/python3.12/site-packages/airflow/example_dags/example_xcom.py
[2024-04-14T13:15:20.756+0000] {processor.py:840} INFO - DAG(s) 'example_xcom' retrieved from /home/airflow/.local/lib/python3.12/site-packages/airflow/example_dags/example_xcom.py
[2024-04-14T13:15:20.796+0000] {logging_mixin.py:188} INFO - [2024-04-14T13:15:20.795+0000] {dag.py:3096} INFO - Sync 1 DAGs
[2024-04-14T13:15:20.885+0000] {logging_mixin.py:188} INFO - [2024-04-14T13:15:20.884+0000] {dag.py:3954} INFO - Setting next_dagrun for example_xcom to 2021-01-01 00:00:00+00:00, run_after=2021-01-01 00:00:00+00:00
[2024-04-14T13:15:20.946+0000] {processor.py:183} INFO - Processing /home/airflow/.local/lib/python3.12/site-packages/airflow/example_dags/example_xcom.py took 0.235 seconds
[2024-04-14T13:15:51.677+0000] {processor.py:161} INFO - Started process (PID=3038) to work on /home/airflow/.local/lib/python3.12/site-packages/airflow/example_dags/example_xcom.py
[2024-04-14T13:15:51.678+0000] {processor.py:830} INFO - Processing file /home/airflow/.local/lib/python3.12/site-packages/airflow/example_dags/example_xcom.py for tasks to queue
[2024-04-14T13:15:51.679+0000] {logging_mixin.py:188} INFO - [2024-04-14T13:15:51.679+0000] {dagbag.py:540} INFO - Filling up the DagBag from /home/airflow/.local/lib/python3.12/site-packages/airflow/example_dags/example_xcom.py
[2024-04-14T13:15:51.692+0000] {processor.py:840} INFO - DAG(s) 'example_xcom' retrieved from /home/airflow/.local/lib/python3.12/site-packages/airflow/example_dags/example_xcom.py
[2024-04-14T13:15:51.723+0000] {logging_mixin.py:188} INFO - [2024-04-14T13:15:51.722+0000] {dag.py:3096} INFO - Sync 1 DAGs
[2024-04-14T13:15:51.755+0000] {logging_mixin.py:188} INFO - [2024-04-14T13:15:51.755+0000] {dag.py:3954} INFO - Setting next_dagrun for example_xcom to 2021-01-01 00:00:00+00:00, run_after=2021-01-01 00:00:00+00:00
[2024-04-14T13:15:51.791+0000] {processor.py:183} INFO - Processing /home/airflow/.local/lib/python3.12/site-packages/airflow/example_dags/example_xcom.py took 0.122 seconds
[2024-04-14T13:16:22.388+0000] {processor.py:161} INFO - Started process (PID=3103) to work on /home/airflow/.local/lib/python3.12/site-packages/airflow/example_dags/example_xcom.py
[2024-04-14T13:16:22.402+0000] {processor.py:830} INFO - Processing file /home/airflow/.local/lib/python3.12/site-packages/airflow/example_dags/example_xcom.py for tasks to queue
[2024-04-14T13:16:22.405+0000] {logging_mixin.py:188} INFO - [2024-04-14T13:16:22.404+0000] {dagbag.py:540} INFO - Filling up the DagBag from /home/airflow/.local/lib/python3.12/site-packages/airflow/example_dags/example_xcom.py
[2024-04-14T13:16:22.430+0000] {processor.py:840} INFO - DAG(s) 'example_xcom' retrieved from /home/airflow/.local/lib/python3.12/site-packages/airflow/example_dags/example_xcom.py
[2024-04-14T13:16:22.471+0000] {logging_mixin.py:188} INFO - [2024-04-14T13:16:22.470+0000] {dag.py:3096} INFO - Sync 1 DAGs
[2024-04-14T13:16:22.553+0000] {logging_mixin.py:188} INFO - [2024-04-14T13:16:22.553+0000] {dag.py:3954} INFO - Setting next_dagrun for example_xcom to 2021-01-01 00:00:00+00:00, run_after=2021-01-01 00:00:00+00:00
[2024-04-14T13:16:22.606+0000] {processor.py:183} INFO - Processing /home/airflow/.local/lib/python3.12/site-packages/airflow/example_dags/example_xcom.py took 0.231 seconds
[2024-04-14T13:16:53.022+0000] {processor.py:161} INFO - Started process (PID=3161) to work on /home/airflow/.local/lib/python3.12/site-packages/airflow/example_dags/example_xcom.py
[2024-04-14T13:16:53.024+0000] {processor.py:830} INFO - Processing file /home/airflow/.local/lib/python3.12/site-packages/airflow/example_dags/example_xcom.py for tasks to queue
[2024-04-14T13:16:53.026+0000] {logging_mixin.py:188} INFO - [2024-04-14T13:16:53.025+0000] {dagbag.py:540} INFO - Filling up the DagBag from /home/airflow/.local/lib/python3.12/site-packages/airflow/example_dags/example_xcom.py
[2024-04-14T13:16:53.041+0000] {processor.py:840} INFO - DAG(s) 'example_xcom' retrieved from /home/airflow/.local/lib/python3.12/site-packages/airflow/example_dags/example_xcom.py
[2024-04-14T13:16:53.084+0000] {logging_mixin.py:188} INFO - [2024-04-14T13:16:53.084+0000] {dag.py:3096} INFO - Sync 1 DAGs
[2024-04-14T13:16:53.145+0000] {logging_mixin.py:188} INFO - [2024-04-14T13:16:53.145+0000] {dag.py:3954} INFO - Setting next_dagrun for example_xcom to 2021-01-01 00:00:00+00:00, run_after=2021-01-01 00:00:00+00:00
[2024-04-14T13:16:53.192+0000] {processor.py:183} INFO - Processing /home/airflow/.local/lib/python3.12/site-packages/airflow/example_dags/example_xcom.py took 0.181 seconds
