[2024-04-14T12:49:42.570+0000] {processor.py:161} INFO - Started process (PID=70) to work on /home/airflow/.local/lib/python3.12/site-packages/airflow/example_dags/example_task_group_decorator.py
[2024-04-14T12:49:42.581+0000] {processor.py:830} INFO - Processing file /home/airflow/.local/lib/python3.12/site-packages/airflow/example_dags/example_task_group_decorator.py for tasks to queue
[2024-04-14T12:49:42.609+0000] {logging_mixin.py:188} INFO - [2024-04-14T12:49:42.608+0000] {dagbag.py:540} INFO - Filling up the DagBag from /home/airflow/.local/lib/python3.12/site-packages/airflow/example_dags/example_task_group_decorator.py
[2024-04-14T12:49:42.830+0000] {processor.py:840} INFO - DAG(s) 'example_task_group_decorator' retrieved from /home/airflow/.local/lib/python3.12/site-packages/airflow/example_dags/example_task_group_decorator.py
[2024-04-14T12:49:44.483+0000] {logging_mixin.py:188} INFO - [2024-04-14T12:49:44.482+0000] {dag.py:3096} INFO - Sync 1 DAGs
[2024-04-14T12:49:44.626+0000] {logging_mixin.py:188} INFO - [2024-04-14T12:49:44.626+0000] {dag.py:3954} INFO - Setting next_dagrun for example_task_group_decorator to 2024-04-13 00:00:00+00:00, run_after=2024-04-14 00:00:00+00:00
[2024-04-14T12:49:44.768+0000] {processor.py:183} INFO - Processing /home/airflow/.local/lib/python3.12/site-packages/airflow/example_dags/example_task_group_decorator.py took 2.254 seconds
[2024-04-14T12:50:15.392+0000] {processor.py:161} INFO - Started process (PID=133) to work on /home/airflow/.local/lib/python3.12/site-packages/airflow/example_dags/example_task_group_decorator.py
[2024-04-14T12:50:15.415+0000] {processor.py:830} INFO - Processing file /home/airflow/.local/lib/python3.12/site-packages/airflow/example_dags/example_task_group_decorator.py for tasks to queue
[2024-04-14T12:50:15.421+0000] {logging_mixin.py:188} INFO - [2024-04-14T12:50:15.420+0000] {dagbag.py:540} INFO - Filling up the DagBag from /home/airflow/.local/lib/python3.12/site-packages/airflow/example_dags/example_task_group_decorator.py
[2024-04-14T12:50:15.552+0000] {processor.py:840} INFO - DAG(s) 'example_task_group_decorator' retrieved from /home/airflow/.local/lib/python3.12/site-packages/airflow/example_dags/example_task_group_decorator.py
[2024-04-14T12:50:15.727+0000] {logging_mixin.py:188} INFO - [2024-04-14T12:50:15.726+0000] {dag.py:3096} INFO - Sync 1 DAGs
[2024-04-14T12:50:15.876+0000] {logging_mixin.py:188} INFO - [2024-04-14T12:50:15.875+0000] {dag.py:3954} INFO - Setting next_dagrun for example_task_group_decorator to 2024-04-13 00:00:00+00:00, run_after=2024-04-14 00:00:00+00:00
[2024-04-14T12:50:16.009+0000] {processor.py:183} INFO - Processing /home/airflow/.local/lib/python3.12/site-packages/airflow/example_dags/example_task_group_decorator.py took 0.640 seconds
[2024-04-14T12:50:46.105+0000] {processor.py:161} INFO - Started process (PID=190) to work on /home/airflow/.local/lib/python3.12/site-packages/airflow/example_dags/example_task_group_decorator.py
[2024-04-14T12:50:46.106+0000] {processor.py:830} INFO - Processing file /home/airflow/.local/lib/python3.12/site-packages/airflow/example_dags/example_task_group_decorator.py for tasks to queue
[2024-04-14T12:50:46.114+0000] {logging_mixin.py:188} INFO - [2024-04-14T12:50:46.112+0000] {dagbag.py:540} INFO - Filling up the DagBag from /home/airflow/.local/lib/python3.12/site-packages/airflow/example_dags/example_task_group_decorator.py
[2024-04-14T12:50:46.187+0000] {processor.py:840} INFO - DAG(s) 'example_task_group_decorator' retrieved from /home/airflow/.local/lib/python3.12/site-packages/airflow/example_dags/example_task_group_decorator.py
[2024-04-14T12:50:46.268+0000] {logging_mixin.py:188} INFO - [2024-04-14T12:50:46.268+0000] {dag.py:3096} INFO - Sync 1 DAGs
[2024-04-14T12:50:46.326+0000] {logging_mixin.py:188} INFO - [2024-04-14T12:50:46.326+0000] {dag.py:3954} INFO - Setting next_dagrun for example_task_group_decorator to 2024-04-13 00:00:00+00:00, run_after=2024-04-14 00:00:00+00:00
[2024-04-14T12:50:46.371+0000] {processor.py:183} INFO - Processing /home/airflow/.local/lib/python3.12/site-packages/airflow/example_dags/example_task_group_decorator.py took 0.276 seconds
[2024-04-14T12:51:16.741+0000] {processor.py:161} INFO - Started process (PID=248) to work on /home/airflow/.local/lib/python3.12/site-packages/airflow/example_dags/example_task_group_decorator.py
[2024-04-14T12:51:16.743+0000] {processor.py:830} INFO - Processing file /home/airflow/.local/lib/python3.12/site-packages/airflow/example_dags/example_task_group_decorator.py for tasks to queue
[2024-04-14T12:51:16.748+0000] {logging_mixin.py:188} INFO - [2024-04-14T12:51:16.747+0000] {dagbag.py:540} INFO - Filling up the DagBag from /home/airflow/.local/lib/python3.12/site-packages/airflow/example_dags/example_task_group_decorator.py
[2024-04-14T12:51:16.816+0000] {processor.py:840} INFO - DAG(s) 'example_task_group_decorator' retrieved from /home/airflow/.local/lib/python3.12/site-packages/airflow/example_dags/example_task_group_decorator.py
[2024-04-14T12:51:16.901+0000] {logging_mixin.py:188} INFO - [2024-04-14T12:51:16.900+0000] {dag.py:3096} INFO - Sync 1 DAGs
[2024-04-14T12:51:16.976+0000] {logging_mixin.py:188} INFO - [2024-04-14T12:51:16.975+0000] {dag.py:3954} INFO - Setting next_dagrun for example_task_group_decorator to 2024-04-13 00:00:00+00:00, run_after=2024-04-14 00:00:00+00:00
[2024-04-14T12:51:17.060+0000] {processor.py:183} INFO - Processing /home/airflow/.local/lib/python3.12/site-packages/airflow/example_dags/example_task_group_decorator.py took 0.340 seconds
[2024-04-14T12:51:47.854+0000] {processor.py:161} INFO - Started process (PID=306) to work on /home/airflow/.local/lib/python3.12/site-packages/airflow/example_dags/example_task_group_decorator.py
[2024-04-14T12:51:47.856+0000] {processor.py:830} INFO - Processing file /home/airflow/.local/lib/python3.12/site-packages/airflow/example_dags/example_task_group_decorator.py for tasks to queue
[2024-04-14T12:51:47.859+0000] {logging_mixin.py:188} INFO - [2024-04-14T12:51:47.858+0000] {dagbag.py:540} INFO - Filling up the DagBag from /home/airflow/.local/lib/python3.12/site-packages/airflow/example_dags/example_task_group_decorator.py
[2024-04-14T12:51:47.879+0000] {processor.py:840} INFO - DAG(s) 'example_task_group_decorator' retrieved from /home/airflow/.local/lib/python3.12/site-packages/airflow/example_dags/example_task_group_decorator.py
[2024-04-14T12:51:47.911+0000] {logging_mixin.py:188} INFO - [2024-04-14T12:51:47.910+0000] {dag.py:3096} INFO - Sync 1 DAGs
[2024-04-14T12:51:47.942+0000] {logging_mixin.py:188} INFO - [2024-04-14T12:51:47.942+0000] {dag.py:3954} INFO - Setting next_dagrun for example_task_group_decorator to 2024-04-13 00:00:00+00:00, run_after=2024-04-14 00:00:00+00:00
[2024-04-14T12:51:47.974+0000] {processor.py:183} INFO - Processing /home/airflow/.local/lib/python3.12/site-packages/airflow/example_dags/example_task_group_decorator.py took 0.128 seconds
[2024-04-14T12:52:18.231+0000] {processor.py:161} INFO - Started process (PID=364) to work on /home/airflow/.local/lib/python3.12/site-packages/airflow/example_dags/example_task_group_decorator.py
[2024-04-14T12:52:18.232+0000] {processor.py:830} INFO - Processing file /home/airflow/.local/lib/python3.12/site-packages/airflow/example_dags/example_task_group_decorator.py for tasks to queue
[2024-04-14T12:52:18.234+0000] {logging_mixin.py:188} INFO - [2024-04-14T12:52:18.234+0000] {dagbag.py:540} INFO - Filling up the DagBag from /home/airflow/.local/lib/python3.12/site-packages/airflow/example_dags/example_task_group_decorator.py
[2024-04-14T12:52:18.254+0000] {processor.py:840} INFO - DAG(s) 'example_task_group_decorator' retrieved from /home/airflow/.local/lib/python3.12/site-packages/airflow/example_dags/example_task_group_decorator.py
[2024-04-14T12:52:18.284+0000] {logging_mixin.py:188} INFO - [2024-04-14T12:52:18.283+0000] {dag.py:3096} INFO - Sync 1 DAGs
[2024-04-14T12:52:18.314+0000] {logging_mixin.py:188} INFO - [2024-04-14T12:52:18.313+0000] {dag.py:3954} INFO - Setting next_dagrun for example_task_group_decorator to 2024-04-13 00:00:00+00:00, run_after=2024-04-14 00:00:00+00:00
[2024-04-14T12:52:18.340+0000] {processor.py:183} INFO - Processing /home/airflow/.local/lib/python3.12/site-packages/airflow/example_dags/example_task_group_decorator.py took 0.115 seconds
[2024-04-14T12:52:48.901+0000] {processor.py:161} INFO - Started process (PID=422) to work on /home/airflow/.local/lib/python3.12/site-packages/airflow/example_dags/example_task_group_decorator.py
[2024-04-14T12:52:48.903+0000] {processor.py:830} INFO - Processing file /home/airflow/.local/lib/python3.12/site-packages/airflow/example_dags/example_task_group_decorator.py for tasks to queue
[2024-04-14T12:52:48.907+0000] {logging_mixin.py:188} INFO - [2024-04-14T12:52:48.906+0000] {dagbag.py:540} INFO - Filling up the DagBag from /home/airflow/.local/lib/python3.12/site-packages/airflow/example_dags/example_task_group_decorator.py
[2024-04-14T12:52:48.933+0000] {processor.py:840} INFO - DAG(s) 'example_task_group_decorator' retrieved from /home/airflow/.local/lib/python3.12/site-packages/airflow/example_dags/example_task_group_decorator.py
[2024-04-14T12:52:48.981+0000] {logging_mixin.py:188} INFO - [2024-04-14T12:52:48.979+0000] {dag.py:3096} INFO - Sync 1 DAGs
[2024-04-14T12:52:49.025+0000] {logging_mixin.py:188} INFO - [2024-04-14T12:52:49.025+0000] {dag.py:3954} INFO - Setting next_dagrun for example_task_group_decorator to 2024-04-13 00:00:00+00:00, run_after=2024-04-14 00:00:00+00:00
[2024-04-14T12:52:49.064+0000] {processor.py:183} INFO - Processing /home/airflow/.local/lib/python3.12/site-packages/airflow/example_dags/example_task_group_decorator.py took 0.171 seconds
[2024-04-14T12:53:19.814+0000] {processor.py:161} INFO - Started process (PID=480) to work on /home/airflow/.local/lib/python3.12/site-packages/airflow/example_dags/example_task_group_decorator.py
[2024-04-14T12:53:19.816+0000] {processor.py:830} INFO - Processing file /home/airflow/.local/lib/python3.12/site-packages/airflow/example_dags/example_task_group_decorator.py for tasks to queue
[2024-04-14T12:53:19.819+0000] {logging_mixin.py:188} INFO - [2024-04-14T12:53:19.819+0000] {dagbag.py:540} INFO - Filling up the DagBag from /home/airflow/.local/lib/python3.12/site-packages/airflow/example_dags/example_task_group_decorator.py
[2024-04-14T12:53:19.848+0000] {processor.py:840} INFO - DAG(s) 'example_task_group_decorator' retrieved from /home/airflow/.local/lib/python3.12/site-packages/airflow/example_dags/example_task_group_decorator.py
[2024-04-14T12:53:19.913+0000] {logging_mixin.py:188} INFO - [2024-04-14T12:53:19.912+0000] {dag.py:3096} INFO - Sync 1 DAGs
[2024-04-14T12:53:19.962+0000] {logging_mixin.py:188} INFO - [2024-04-14T12:53:19.962+0000] {dag.py:3954} INFO - Setting next_dagrun for example_task_group_decorator to 2024-04-13 00:00:00+00:00, run_after=2024-04-14 00:00:00+00:00
[2024-04-14T12:53:20.002+0000] {processor.py:183} INFO - Processing /home/airflow/.local/lib/python3.12/site-packages/airflow/example_dags/example_task_group_decorator.py took 0.197 seconds
[2024-04-14T12:53:50.258+0000] {processor.py:161} INFO - Started process (PID=538) to work on /home/airflow/.local/lib/python3.12/site-packages/airflow/example_dags/example_task_group_decorator.py
[2024-04-14T12:53:50.260+0000] {processor.py:830} INFO - Processing file /home/airflow/.local/lib/python3.12/site-packages/airflow/example_dags/example_task_group_decorator.py for tasks to queue
[2024-04-14T12:53:50.263+0000] {logging_mixin.py:188} INFO - [2024-04-14T12:53:50.262+0000] {dagbag.py:540} INFO - Filling up the DagBag from /home/airflow/.local/lib/python3.12/site-packages/airflow/example_dags/example_task_group_decorator.py
[2024-04-14T12:53:50.287+0000] {processor.py:840} INFO - DAG(s) 'example_task_group_decorator' retrieved from /home/airflow/.local/lib/python3.12/site-packages/airflow/example_dags/example_task_group_decorator.py
[2024-04-14T12:53:50.327+0000] {logging_mixin.py:188} INFO - [2024-04-14T12:53:50.327+0000] {dag.py:3096} INFO - Sync 1 DAGs
[2024-04-14T12:53:50.366+0000] {logging_mixin.py:188} INFO - [2024-04-14T12:53:50.365+0000] {dag.py:3954} INFO - Setting next_dagrun for example_task_group_decorator to 2024-04-13 00:00:00+00:00, run_after=2024-04-14 00:00:00+00:00
[2024-04-14T12:53:50.396+0000] {processor.py:183} INFO - Processing /home/airflow/.local/lib/python3.12/site-packages/airflow/example_dags/example_task_group_decorator.py took 0.144 seconds
[2024-04-14T12:54:20.684+0000] {processor.py:161} INFO - Started process (PID=596) to work on /home/airflow/.local/lib/python3.12/site-packages/airflow/example_dags/example_task_group_decorator.py
[2024-04-14T12:54:20.686+0000] {processor.py:830} INFO - Processing file /home/airflow/.local/lib/python3.12/site-packages/airflow/example_dags/example_task_group_decorator.py for tasks to queue
[2024-04-14T12:54:20.689+0000] {logging_mixin.py:188} INFO - [2024-04-14T12:54:20.689+0000] {dagbag.py:540} INFO - Filling up the DagBag from /home/airflow/.local/lib/python3.12/site-packages/airflow/example_dags/example_task_group_decorator.py
[2024-04-14T12:54:20.710+0000] {processor.py:840} INFO - DAG(s) 'example_task_group_decorator' retrieved from /home/airflow/.local/lib/python3.12/site-packages/airflow/example_dags/example_task_group_decorator.py
[2024-04-14T12:54:20.745+0000] {logging_mixin.py:188} INFO - [2024-04-14T12:54:20.745+0000] {dag.py:3096} INFO - Sync 1 DAGs
[2024-04-14T12:54:20.779+0000] {logging_mixin.py:188} INFO - [2024-04-14T12:54:20.778+0000] {dag.py:3954} INFO - Setting next_dagrun for example_task_group_decorator to 2024-04-13 00:00:00+00:00, run_after=2024-04-14 00:00:00+00:00
[2024-04-14T12:54:20.818+0000] {processor.py:183} INFO - Processing /home/airflow/.local/lib/python3.12/site-packages/airflow/example_dags/example_task_group_decorator.py took 0.144 seconds
[2024-04-14T12:54:55.411+0000] {processor.py:161} INFO - Started process (PID=655) to work on /home/airflow/.local/lib/python3.12/site-packages/airflow/example_dags/example_task_group_decorator.py
[2024-04-14T12:54:55.417+0000] {processor.py:830} INFO - Processing file /home/airflow/.local/lib/python3.12/site-packages/airflow/example_dags/example_task_group_decorator.py for tasks to queue
[2024-04-14T12:54:55.435+0000] {logging_mixin.py:188} INFO - [2024-04-14T12:54:55.434+0000] {dagbag.py:540} INFO - Filling up the DagBag from /home/airflow/.local/lib/python3.12/site-packages/airflow/example_dags/example_task_group_decorator.py
[2024-04-14T12:54:55.573+0000] {processor.py:840} INFO - DAG(s) 'example_task_group_decorator' retrieved from /home/airflow/.local/lib/python3.12/site-packages/airflow/example_dags/example_task_group_decorator.py
[2024-04-14T12:54:55.812+0000] {logging_mixin.py:188} INFO - [2024-04-14T12:54:55.812+0000] {dag.py:3096} INFO - Sync 1 DAGs
[2024-04-14T12:54:56.141+0000] {logging_mixin.py:188} INFO - [2024-04-14T12:54:56.141+0000] {dag.py:3954} INFO - Setting next_dagrun for example_task_group_decorator to 2024-04-13 00:00:00+00:00, run_after=2024-04-14 00:00:00+00:00
[2024-04-14T12:54:56.408+0000] {processor.py:183} INFO - Processing /home/airflow/.local/lib/python3.12/site-packages/airflow/example_dags/example_task_group_decorator.py took 1.020 seconds
[2024-04-14T12:55:29.785+0000] {processor.py:161} INFO - Started process (PID=713) to work on /home/airflow/.local/lib/python3.12/site-packages/airflow/example_dags/example_task_group_decorator.py
[2024-04-14T12:55:29.816+0000] {processor.py:830} INFO - Processing file /home/airflow/.local/lib/python3.12/site-packages/airflow/example_dags/example_task_group_decorator.py for tasks to queue
[2024-04-14T12:55:29.830+0000] {logging_mixin.py:188} INFO - [2024-04-14T12:55:29.829+0000] {dagbag.py:540} INFO - Filling up the DagBag from /home/airflow/.local/lib/python3.12/site-packages/airflow/example_dags/example_task_group_decorator.py
[2024-04-14T12:55:29.916+0000] {processor.py:840} INFO - DAG(s) 'example_task_group_decorator' retrieved from /home/airflow/.local/lib/python3.12/site-packages/airflow/example_dags/example_task_group_decorator.py
[2024-04-14T12:55:30.129+0000] {logging_mixin.py:188} INFO - [2024-04-14T12:55:30.129+0000] {dag.py:3096} INFO - Sync 1 DAGs
[2024-04-14T12:55:30.293+0000] {logging_mixin.py:188} INFO - [2024-04-14T12:55:30.292+0000] {dag.py:3954} INFO - Setting next_dagrun for example_task_group_decorator to 2024-04-13 00:00:00+00:00, run_after=2024-04-14 00:00:00+00:00
[2024-04-14T12:55:30.502+0000] {processor.py:183} INFO - Processing /home/airflow/.local/lib/python3.12/site-packages/airflow/example_dags/example_task_group_decorator.py took 0.739 seconds
[2024-04-14T12:56:01.075+0000] {processor.py:161} INFO - Started process (PID=771) to work on /home/airflow/.local/lib/python3.12/site-packages/airflow/example_dags/example_task_group_decorator.py
[2024-04-14T12:56:01.078+0000] {processor.py:830} INFO - Processing file /home/airflow/.local/lib/python3.12/site-packages/airflow/example_dags/example_task_group_decorator.py for tasks to queue
[2024-04-14T12:56:01.082+0000] {logging_mixin.py:188} INFO - [2024-04-14T12:56:01.081+0000] {dagbag.py:540} INFO - Filling up the DagBag from /home/airflow/.local/lib/python3.12/site-packages/airflow/example_dags/example_task_group_decorator.py
[2024-04-14T12:56:01.104+0000] {processor.py:840} INFO - DAG(s) 'example_task_group_decorator' retrieved from /home/airflow/.local/lib/python3.12/site-packages/airflow/example_dags/example_task_group_decorator.py
[2024-04-14T12:56:01.143+0000] {logging_mixin.py:188} INFO - [2024-04-14T12:56:01.143+0000] {dag.py:3096} INFO - Sync 1 DAGs
[2024-04-14T12:56:01.186+0000] {logging_mixin.py:188} INFO - [2024-04-14T12:56:01.186+0000] {dag.py:3954} INFO - Setting next_dagrun for example_task_group_decorator to 2024-04-13 00:00:00+00:00, run_after=2024-04-14 00:00:00+00:00
[2024-04-14T12:56:01.222+0000] {processor.py:183} INFO - Processing /home/airflow/.local/lib/python3.12/site-packages/airflow/example_dags/example_task_group_decorator.py took 0.153 seconds
[2024-04-14T12:56:31.417+0000] {processor.py:161} INFO - Started process (PID=829) to work on /home/airflow/.local/lib/python3.12/site-packages/airflow/example_dags/example_task_group_decorator.py
[2024-04-14T12:56:31.419+0000] {processor.py:830} INFO - Processing file /home/airflow/.local/lib/python3.12/site-packages/airflow/example_dags/example_task_group_decorator.py for tasks to queue
[2024-04-14T12:56:31.423+0000] {logging_mixin.py:188} INFO - [2024-04-14T12:56:31.422+0000] {dagbag.py:540} INFO - Filling up the DagBag from /home/airflow/.local/lib/python3.12/site-packages/airflow/example_dags/example_task_group_decorator.py
[2024-04-14T12:56:31.453+0000] {processor.py:840} INFO - DAG(s) 'example_task_group_decorator' retrieved from /home/airflow/.local/lib/python3.12/site-packages/airflow/example_dags/example_task_group_decorator.py
[2024-04-14T12:56:31.506+0000] {logging_mixin.py:188} INFO - [2024-04-14T12:56:31.506+0000] {dag.py:3096} INFO - Sync 1 DAGs
[2024-04-14T12:56:31.560+0000] {logging_mixin.py:188} INFO - [2024-04-14T12:56:31.559+0000] {dag.py:3954} INFO - Setting next_dagrun for example_task_group_decorator to 2024-04-13 00:00:00+00:00, run_after=2024-04-14 00:00:00+00:00
[2024-04-14T12:56:31.594+0000] {processor.py:183} INFO - Processing /home/airflow/.local/lib/python3.12/site-packages/airflow/example_dags/example_task_group_decorator.py took 0.187 seconds
[2024-04-14T12:57:02.796+0000] {processor.py:161} INFO - Started process (PID=888) to work on /home/airflow/.local/lib/python3.12/site-packages/airflow/example_dags/example_task_group_decorator.py
[2024-04-14T12:57:02.798+0000] {processor.py:830} INFO - Processing file /home/airflow/.local/lib/python3.12/site-packages/airflow/example_dags/example_task_group_decorator.py for tasks to queue
[2024-04-14T12:57:02.805+0000] {logging_mixin.py:188} INFO - [2024-04-14T12:57:02.804+0000] {dagbag.py:540} INFO - Filling up the DagBag from /home/airflow/.local/lib/python3.12/site-packages/airflow/example_dags/example_task_group_decorator.py
[2024-04-14T12:57:02.879+0000] {processor.py:840} INFO - DAG(s) 'example_task_group_decorator' retrieved from /home/airflow/.local/lib/python3.12/site-packages/airflow/example_dags/example_task_group_decorator.py
[2024-04-14T12:57:03.022+0000] {logging_mixin.py:188} INFO - [2024-04-14T12:57:03.022+0000] {dag.py:3096} INFO - Sync 1 DAGs
[2024-04-14T12:57:03.142+0000] {logging_mixin.py:188} INFO - [2024-04-14T12:57:03.141+0000] {dag.py:3954} INFO - Setting next_dagrun for example_task_group_decorator to 2024-04-13 00:00:00+00:00, run_after=2024-04-14 00:00:00+00:00
[2024-04-14T12:57:03.798+0000] {processor.py:183} INFO - Processing /home/airflow/.local/lib/python3.12/site-packages/airflow/example_dags/example_task_group_decorator.py took 1.036 seconds
[2024-04-14T12:57:34.100+0000] {processor.py:161} INFO - Started process (PID=946) to work on /home/airflow/.local/lib/python3.12/site-packages/airflow/example_dags/example_task_group_decorator.py
[2024-04-14T12:57:34.101+0000] {processor.py:830} INFO - Processing file /home/airflow/.local/lib/python3.12/site-packages/airflow/example_dags/example_task_group_decorator.py for tasks to queue
[2024-04-14T12:57:34.104+0000] {logging_mixin.py:188} INFO - [2024-04-14T12:57:34.104+0000] {dagbag.py:540} INFO - Filling up the DagBag from /home/airflow/.local/lib/python3.12/site-packages/airflow/example_dags/example_task_group_decorator.py
[2024-04-14T12:57:34.132+0000] {processor.py:840} INFO - DAG(s) 'example_task_group_decorator' retrieved from /home/airflow/.local/lib/python3.12/site-packages/airflow/example_dags/example_task_group_decorator.py
[2024-04-14T12:57:34.192+0000] {logging_mixin.py:188} INFO - [2024-04-14T12:57:34.191+0000] {dag.py:3096} INFO - Sync 1 DAGs
[2024-04-14T12:57:34.235+0000] {logging_mixin.py:188} INFO - [2024-04-14T12:57:34.235+0000] {dag.py:3954} INFO - Setting next_dagrun for example_task_group_decorator to 2024-04-13 00:00:00+00:00, run_after=2024-04-14 00:00:00+00:00
[2024-04-14T12:57:34.516+0000] {processor.py:183} INFO - Processing /home/airflow/.local/lib/python3.12/site-packages/airflow/example_dags/example_task_group_decorator.py took 0.426 seconds
[2024-04-14T12:58:05.371+0000] {processor.py:161} INFO - Started process (PID=1005) to work on /home/airflow/.local/lib/python3.12/site-packages/airflow/example_dags/example_task_group_decorator.py
[2024-04-14T12:58:05.383+0000] {processor.py:830} INFO - Processing file /home/airflow/.local/lib/python3.12/site-packages/airflow/example_dags/example_task_group_decorator.py for tasks to queue
[2024-04-14T12:58:05.399+0000] {logging_mixin.py:188} INFO - [2024-04-14T12:58:05.399+0000] {dagbag.py:540} INFO - Filling up the DagBag from /home/airflow/.local/lib/python3.12/site-packages/airflow/example_dags/example_task_group_decorator.py
[2024-04-14T12:58:05.476+0000] {processor.py:840} INFO - DAG(s) 'example_task_group_decorator' retrieved from /home/airflow/.local/lib/python3.12/site-packages/airflow/example_dags/example_task_group_decorator.py
[2024-04-14T12:58:05.608+0000] {logging_mixin.py:188} INFO - [2024-04-14T12:58:05.607+0000] {dag.py:3096} INFO - Sync 1 DAGs
[2024-04-14T12:58:05.750+0000] {logging_mixin.py:188} INFO - [2024-04-14T12:58:05.750+0000] {dag.py:3954} INFO - Setting next_dagrun for example_task_group_decorator to 2024-04-13 00:00:00+00:00, run_after=2024-04-14 00:00:00+00:00
[2024-04-14T12:58:05.911+0000] {processor.py:183} INFO - Processing /home/airflow/.local/lib/python3.12/site-packages/airflow/example_dags/example_task_group_decorator.py took 0.561 seconds
[2024-04-14T12:58:36.075+0000] {processor.py:161} INFO - Started process (PID=1063) to work on /home/airflow/.local/lib/python3.12/site-packages/airflow/example_dags/example_task_group_decorator.py
[2024-04-14T12:58:36.077+0000] {processor.py:830} INFO - Processing file /home/airflow/.local/lib/python3.12/site-packages/airflow/example_dags/example_task_group_decorator.py for tasks to queue
[2024-04-14T12:58:36.082+0000] {logging_mixin.py:188} INFO - [2024-04-14T12:58:36.081+0000] {dagbag.py:540} INFO - Filling up the DagBag from /home/airflow/.local/lib/python3.12/site-packages/airflow/example_dags/example_task_group_decorator.py
[2024-04-14T12:58:36.127+0000] {processor.py:840} INFO - DAG(s) 'example_task_group_decorator' retrieved from /home/airflow/.local/lib/python3.12/site-packages/airflow/example_dags/example_task_group_decorator.py
[2024-04-14T12:58:36.215+0000] {logging_mixin.py:188} INFO - [2024-04-14T12:58:36.214+0000] {dag.py:3096} INFO - Sync 1 DAGs
[2024-04-14T12:58:36.271+0000] {logging_mixin.py:188} INFO - [2024-04-14T12:58:36.271+0000] {dag.py:3954} INFO - Setting next_dagrun for example_task_group_decorator to 2024-04-13 00:00:00+00:00, run_after=2024-04-14 00:00:00+00:00
[2024-04-14T12:58:36.319+0000] {processor.py:183} INFO - Processing /home/airflow/.local/lib/python3.12/site-packages/airflow/example_dags/example_task_group_decorator.py took 0.259 seconds
[2024-04-14T12:59:06.593+0000] {processor.py:161} INFO - Started process (PID=1121) to work on /home/airflow/.local/lib/python3.12/site-packages/airflow/example_dags/example_task_group_decorator.py
[2024-04-14T12:59:06.597+0000] {processor.py:830} INFO - Processing file /home/airflow/.local/lib/python3.12/site-packages/airflow/example_dags/example_task_group_decorator.py for tasks to queue
[2024-04-14T12:59:06.606+0000] {logging_mixin.py:188} INFO - [2024-04-14T12:59:06.605+0000] {dagbag.py:540} INFO - Filling up the DagBag from /home/airflow/.local/lib/python3.12/site-packages/airflow/example_dags/example_task_group_decorator.py
[2024-04-14T12:59:06.775+0000] {processor.py:840} INFO - DAG(s) 'example_task_group_decorator' retrieved from /home/airflow/.local/lib/python3.12/site-packages/airflow/example_dags/example_task_group_decorator.py
[2024-04-14T12:59:06.914+0000] {logging_mixin.py:188} INFO - [2024-04-14T12:59:06.914+0000] {dag.py:3096} INFO - Sync 1 DAGs
[2024-04-14T12:59:07.184+0000] {logging_mixin.py:188} INFO - [2024-04-14T12:59:07.183+0000] {dag.py:3954} INFO - Setting next_dagrun for example_task_group_decorator to 2024-04-13 00:00:00+00:00, run_after=2024-04-14 00:00:00+00:00
[2024-04-14T12:59:07.374+0000] {processor.py:183} INFO - Processing /home/airflow/.local/lib/python3.12/site-packages/airflow/example_dags/example_task_group_decorator.py took 0.807 seconds
[2024-04-14T12:59:37.826+0000] {processor.py:161} INFO - Started process (PID=1178) to work on /home/airflow/.local/lib/python3.12/site-packages/airflow/example_dags/example_task_group_decorator.py
[2024-04-14T12:59:37.828+0000] {processor.py:830} INFO - Processing file /home/airflow/.local/lib/python3.12/site-packages/airflow/example_dags/example_task_group_decorator.py for tasks to queue
[2024-04-14T12:59:37.829+0000] {logging_mixin.py:188} INFO - [2024-04-14T12:59:37.829+0000] {dagbag.py:540} INFO - Filling up the DagBag from /home/airflow/.local/lib/python3.12/site-packages/airflow/example_dags/example_task_group_decorator.py
[2024-04-14T12:59:37.861+0000] {processor.py:840} INFO - DAG(s) 'example_task_group_decorator' retrieved from /home/airflow/.local/lib/python3.12/site-packages/airflow/example_dags/example_task_group_decorator.py
[2024-04-14T12:59:38.053+0000] {logging_mixin.py:188} INFO - [2024-04-14T12:59:38.053+0000] {dag.py:3096} INFO - Sync 1 DAGs
[2024-04-14T12:59:38.087+0000] {logging_mixin.py:188} INFO - [2024-04-14T12:59:38.087+0000] {dag.py:3954} INFO - Setting next_dagrun for example_task_group_decorator to 2024-04-13 00:00:00+00:00, run_after=2024-04-14 00:00:00+00:00
[2024-04-14T12:59:38.133+0000] {processor.py:183} INFO - Processing /home/airflow/.local/lib/python3.12/site-packages/airflow/example_dags/example_task_group_decorator.py took 0.315 seconds
[2024-04-14T13:00:08.333+0000] {processor.py:161} INFO - Started process (PID=1237) to work on /home/airflow/.local/lib/python3.12/site-packages/airflow/example_dags/example_task_group_decorator.py
[2024-04-14T13:00:08.334+0000] {processor.py:830} INFO - Processing file /home/airflow/.local/lib/python3.12/site-packages/airflow/example_dags/example_task_group_decorator.py for tasks to queue
[2024-04-14T13:00:08.335+0000] {logging_mixin.py:188} INFO - [2024-04-14T13:00:08.335+0000] {dagbag.py:540} INFO - Filling up the DagBag from /home/airflow/.local/lib/python3.12/site-packages/airflow/example_dags/example_task_group_decorator.py
[2024-04-14T13:00:08.359+0000] {processor.py:840} INFO - DAG(s) 'example_task_group_decorator' retrieved from /home/airflow/.local/lib/python3.12/site-packages/airflow/example_dags/example_task_group_decorator.py
[2024-04-14T13:00:08.409+0000] {logging_mixin.py:188} INFO - [2024-04-14T13:00:08.408+0000] {dag.py:3096} INFO - Sync 1 DAGs
[2024-04-14T13:00:08.446+0000] {logging_mixin.py:188} INFO - [2024-04-14T13:00:08.446+0000] {dag.py:3954} INFO - Setting next_dagrun for example_task_group_decorator to 2024-04-13 00:00:00+00:00, run_after=2024-04-14 00:00:00+00:00
[2024-04-14T13:00:08.477+0000] {processor.py:183} INFO - Processing /home/airflow/.local/lib/python3.12/site-packages/airflow/example_dags/example_task_group_decorator.py took 0.151 seconds
[2024-04-14T13:00:38.686+0000] {processor.py:161} INFO - Started process (PID=1296) to work on /home/airflow/.local/lib/python3.12/site-packages/airflow/example_dags/example_task_group_decorator.py
[2024-04-14T13:00:38.688+0000] {processor.py:830} INFO - Processing file /home/airflow/.local/lib/python3.12/site-packages/airflow/example_dags/example_task_group_decorator.py for tasks to queue
[2024-04-14T13:00:38.690+0000] {logging_mixin.py:188} INFO - [2024-04-14T13:00:38.689+0000] {dagbag.py:540} INFO - Filling up the DagBag from /home/airflow/.local/lib/python3.12/site-packages/airflow/example_dags/example_task_group_decorator.py
[2024-04-14T13:00:38.716+0000] {processor.py:840} INFO - DAG(s) 'example_task_group_decorator' retrieved from /home/airflow/.local/lib/python3.12/site-packages/airflow/example_dags/example_task_group_decorator.py
[2024-04-14T13:00:38.774+0000] {logging_mixin.py:188} INFO - [2024-04-14T13:00:38.773+0000] {dag.py:3096} INFO - Sync 1 DAGs
[2024-04-14T13:00:38.824+0000] {logging_mixin.py:188} INFO - [2024-04-14T13:00:38.823+0000] {dag.py:3954} INFO - Setting next_dagrun for example_task_group_decorator to 2024-04-13 00:00:00+00:00, run_after=2024-04-14 00:00:00+00:00
[2024-04-14T13:00:38.872+0000] {processor.py:183} INFO - Processing /home/airflow/.local/lib/python3.12/site-packages/airflow/example_dags/example_task_group_decorator.py took 0.193 seconds
[2024-04-14T13:01:09.376+0000] {processor.py:161} INFO - Started process (PID=1355) to work on /home/airflow/.local/lib/python3.12/site-packages/airflow/example_dags/example_task_group_decorator.py
[2024-04-14T13:01:09.378+0000] {processor.py:830} INFO - Processing file /home/airflow/.local/lib/python3.12/site-packages/airflow/example_dags/example_task_group_decorator.py for tasks to queue
[2024-04-14T13:01:09.381+0000] {logging_mixin.py:188} INFO - [2024-04-14T13:01:09.380+0000] {dagbag.py:540} INFO - Filling up the DagBag from /home/airflow/.local/lib/python3.12/site-packages/airflow/example_dags/example_task_group_decorator.py
[2024-04-14T13:01:09.455+0000] {processor.py:840} INFO - DAG(s) 'example_task_group_decorator' retrieved from /home/airflow/.local/lib/python3.12/site-packages/airflow/example_dags/example_task_group_decorator.py
[2024-04-14T13:01:09.586+0000] {logging_mixin.py:188} INFO - [2024-04-14T13:01:09.586+0000] {dag.py:3096} INFO - Sync 1 DAGs
[2024-04-14T13:01:09.746+0000] {logging_mixin.py:188} INFO - [2024-04-14T13:01:09.746+0000] {dag.py:3954} INFO - Setting next_dagrun for example_task_group_decorator to 2024-04-13 00:00:00+00:00, run_after=2024-04-14 00:00:00+00:00
[2024-04-14T13:01:09.887+0000] {processor.py:183} INFO - Processing /home/airflow/.local/lib/python3.12/site-packages/airflow/example_dags/example_task_group_decorator.py took 0.555 seconds
[2024-04-14T13:01:40.744+0000] {processor.py:161} INFO - Started process (PID=1414) to work on /home/airflow/.local/lib/python3.12/site-packages/airflow/example_dags/example_task_group_decorator.py
[2024-04-14T13:01:40.747+0000] {processor.py:830} INFO - Processing file /home/airflow/.local/lib/python3.12/site-packages/airflow/example_dags/example_task_group_decorator.py for tasks to queue
[2024-04-14T13:01:40.752+0000] {logging_mixin.py:188} INFO - [2024-04-14T13:01:40.750+0000] {dagbag.py:540} INFO - Filling up the DagBag from /home/airflow/.local/lib/python3.12/site-packages/airflow/example_dags/example_task_group_decorator.py
[2024-04-14T13:01:40.844+0000] {processor.py:840} INFO - DAG(s) 'example_task_group_decorator' retrieved from /home/airflow/.local/lib/python3.12/site-packages/airflow/example_dags/example_task_group_decorator.py
[2024-04-14T13:01:40.954+0000] {logging_mixin.py:188} INFO - [2024-04-14T13:01:40.954+0000] {dag.py:3096} INFO - Sync 1 DAGs
[2024-04-14T13:01:41.083+0000] {logging_mixin.py:188} INFO - [2024-04-14T13:01:41.083+0000] {dag.py:3954} INFO - Setting next_dagrun for example_task_group_decorator to 2024-04-13 00:00:00+00:00, run_after=2024-04-14 00:00:00+00:00
[2024-04-14T13:01:41.142+0000] {processor.py:183} INFO - Processing /home/airflow/.local/lib/python3.12/site-packages/airflow/example_dags/example_task_group_decorator.py took 0.422 seconds
[2024-04-14T13:02:11.712+0000] {processor.py:161} INFO - Started process (PID=1473) to work on /home/airflow/.local/lib/python3.12/site-packages/airflow/example_dags/example_task_group_decorator.py
[2024-04-14T13:02:11.713+0000] {processor.py:830} INFO - Processing file /home/airflow/.local/lib/python3.12/site-packages/airflow/example_dags/example_task_group_decorator.py for tasks to queue
[2024-04-14T13:02:11.714+0000] {logging_mixin.py:188} INFO - [2024-04-14T13:02:11.714+0000] {dagbag.py:540} INFO - Filling up the DagBag from /home/airflow/.local/lib/python3.12/site-packages/airflow/example_dags/example_task_group_decorator.py
[2024-04-14T13:02:11.741+0000] {processor.py:840} INFO - DAG(s) 'example_task_group_decorator' retrieved from /home/airflow/.local/lib/python3.12/site-packages/airflow/example_dags/example_task_group_decorator.py
[2024-04-14T13:02:11.781+0000] {logging_mixin.py:188} INFO - [2024-04-14T13:02:11.780+0000] {dag.py:3096} INFO - Sync 1 DAGs
[2024-04-14T13:02:11.822+0000] {logging_mixin.py:188} INFO - [2024-04-14T13:02:11.821+0000] {dag.py:3954} INFO - Setting next_dagrun for example_task_group_decorator to 2024-04-13 00:00:00+00:00, run_after=2024-04-14 00:00:00+00:00
[2024-04-14T13:02:11.865+0000] {processor.py:183} INFO - Processing /home/airflow/.local/lib/python3.12/site-packages/airflow/example_dags/example_task_group_decorator.py took 0.160 seconds
[2024-04-14T13:02:42.041+0000] {processor.py:161} INFO - Started process (PID=1532) to work on /home/airflow/.local/lib/python3.12/site-packages/airflow/example_dags/example_task_group_decorator.py
[2024-04-14T13:02:42.042+0000] {processor.py:830} INFO - Processing file /home/airflow/.local/lib/python3.12/site-packages/airflow/example_dags/example_task_group_decorator.py for tasks to queue
[2024-04-14T13:02:42.043+0000] {logging_mixin.py:188} INFO - [2024-04-14T13:02:42.043+0000] {dagbag.py:540} INFO - Filling up the DagBag from /home/airflow/.local/lib/python3.12/site-packages/airflow/example_dags/example_task_group_decorator.py
[2024-04-14T13:02:42.070+0000] {processor.py:840} INFO - DAG(s) 'example_task_group_decorator' retrieved from /home/airflow/.local/lib/python3.12/site-packages/airflow/example_dags/example_task_group_decorator.py
[2024-04-14T13:02:42.125+0000] {logging_mixin.py:188} INFO - [2024-04-14T13:02:42.125+0000] {dag.py:3096} INFO - Sync 1 DAGs
[2024-04-14T13:02:42.171+0000] {logging_mixin.py:188} INFO - [2024-04-14T13:02:42.171+0000] {dag.py:3954} INFO - Setting next_dagrun for example_task_group_decorator to 2024-04-13 00:00:00+00:00, run_after=2024-04-14 00:00:00+00:00
[2024-04-14T13:02:42.212+0000] {processor.py:183} INFO - Processing /home/airflow/.local/lib/python3.12/site-packages/airflow/example_dags/example_task_group_decorator.py took 0.178 seconds
[2024-04-14T13:03:12.602+0000] {processor.py:161} INFO - Started process (PID=1592) to work on /home/airflow/.local/lib/python3.12/site-packages/airflow/example_dags/example_task_group_decorator.py
[2024-04-14T13:03:12.606+0000] {processor.py:830} INFO - Processing file /home/airflow/.local/lib/python3.12/site-packages/airflow/example_dags/example_task_group_decorator.py for tasks to queue
[2024-04-14T13:03:12.609+0000] {logging_mixin.py:188} INFO - [2024-04-14T13:03:12.608+0000] {dagbag.py:540} INFO - Filling up the DagBag from /home/airflow/.local/lib/python3.12/site-packages/airflow/example_dags/example_task_group_decorator.py
[2024-04-14T13:03:12.705+0000] {processor.py:840} INFO - DAG(s) 'example_task_group_decorator' retrieved from /home/airflow/.local/lib/python3.12/site-packages/airflow/example_dags/example_task_group_decorator.py
[2024-04-14T13:03:12.828+0000] {logging_mixin.py:188} INFO - [2024-04-14T13:03:12.827+0000] {dag.py:3096} INFO - Sync 1 DAGs
[2024-04-14T13:03:12.940+0000] {logging_mixin.py:188} INFO - [2024-04-14T13:03:12.939+0000] {dag.py:3954} INFO - Setting next_dagrun for example_task_group_decorator to 2024-04-13 00:00:00+00:00, run_after=2024-04-14 00:00:00+00:00
[2024-04-14T13:03:12.990+0000] {processor.py:183} INFO - Processing /home/airflow/.local/lib/python3.12/site-packages/airflow/example_dags/example_task_group_decorator.py took 0.422 seconds
[2024-04-14T13:03:43.937+0000] {processor.py:161} INFO - Started process (PID=1651) to work on /home/airflow/.local/lib/python3.12/site-packages/airflow/example_dags/example_task_group_decorator.py
[2024-04-14T13:03:43.939+0000] {processor.py:830} INFO - Processing file /home/airflow/.local/lib/python3.12/site-packages/airflow/example_dags/example_task_group_decorator.py for tasks to queue
[2024-04-14T13:03:43.941+0000] {logging_mixin.py:188} INFO - [2024-04-14T13:03:43.940+0000] {dagbag.py:540} INFO - Filling up the DagBag from /home/airflow/.local/lib/python3.12/site-packages/airflow/example_dags/example_task_group_decorator.py
[2024-04-14T13:03:44.016+0000] {processor.py:840} INFO - DAG(s) 'example_task_group_decorator' retrieved from /home/airflow/.local/lib/python3.12/site-packages/airflow/example_dags/example_task_group_decorator.py
[2024-04-14T13:03:44.113+0000] {logging_mixin.py:188} INFO - [2024-04-14T13:03:44.112+0000] {dag.py:3096} INFO - Sync 1 DAGs
[2024-04-14T13:03:44.164+0000] {logging_mixin.py:188} INFO - [2024-04-14T13:03:44.163+0000] {dag.py:3954} INFO - Setting next_dagrun for example_task_group_decorator to 2024-04-13 00:00:00+00:00, run_after=2024-04-14 00:00:00+00:00
[2024-04-14T13:03:44.425+0000] {processor.py:183} INFO - Processing /home/airflow/.local/lib/python3.12/site-packages/airflow/example_dags/example_task_group_decorator.py took 0.504 seconds
[2024-04-14T13:04:14.641+0000] {processor.py:161} INFO - Started process (PID=1711) to work on /home/airflow/.local/lib/python3.12/site-packages/airflow/example_dags/example_task_group_decorator.py
[2024-04-14T13:04:14.643+0000] {processor.py:830} INFO - Processing file /home/airflow/.local/lib/python3.12/site-packages/airflow/example_dags/example_task_group_decorator.py for tasks to queue
[2024-04-14T13:04:14.647+0000] {logging_mixin.py:188} INFO - [2024-04-14T13:04:14.646+0000] {dagbag.py:540} INFO - Filling up the DagBag from /home/airflow/.local/lib/python3.12/site-packages/airflow/example_dags/example_task_group_decorator.py
[2024-04-14T13:04:14.687+0000] {processor.py:840} INFO - DAG(s) 'example_task_group_decorator' retrieved from /home/airflow/.local/lib/python3.12/site-packages/airflow/example_dags/example_task_group_decorator.py
[2024-04-14T13:04:14.760+0000] {logging_mixin.py:188} INFO - [2024-04-14T13:04:14.760+0000] {dag.py:3096} INFO - Sync 1 DAGs
[2024-04-14T13:04:14.841+0000] {logging_mixin.py:188} INFO - [2024-04-14T13:04:14.841+0000] {dag.py:3954} INFO - Setting next_dagrun for example_task_group_decorator to 2024-04-13 00:00:00+00:00, run_after=2024-04-14 00:00:00+00:00
[2024-04-14T13:04:14.927+0000] {processor.py:183} INFO - Processing /home/airflow/.local/lib/python3.12/site-packages/airflow/example_dags/example_task_group_decorator.py took 0.296 seconds
[2024-04-14T13:04:45.091+0000] {processor.py:161} INFO - Started process (PID=1771) to work on /home/airflow/.local/lib/python3.12/site-packages/airflow/example_dags/example_task_group_decorator.py
[2024-04-14T13:04:45.093+0000] {processor.py:830} INFO - Processing file /home/airflow/.local/lib/python3.12/site-packages/airflow/example_dags/example_task_group_decorator.py for tasks to queue
[2024-04-14T13:04:45.095+0000] {logging_mixin.py:188} INFO - [2024-04-14T13:04:45.094+0000] {dagbag.py:540} INFO - Filling up the DagBag from /home/airflow/.local/lib/python3.12/site-packages/airflow/example_dags/example_task_group_decorator.py
[2024-04-14T13:04:45.119+0000] {processor.py:840} INFO - DAG(s) 'example_task_group_decorator' retrieved from /home/airflow/.local/lib/python3.12/site-packages/airflow/example_dags/example_task_group_decorator.py
[2024-04-14T13:04:45.183+0000] {logging_mixin.py:188} INFO - [2024-04-14T13:04:45.183+0000] {dag.py:3096} INFO - Sync 1 DAGs
[2024-04-14T13:04:45.229+0000] {logging_mixin.py:188} INFO - [2024-04-14T13:04:45.228+0000] {dag.py:3954} INFO - Setting next_dagrun for example_task_group_decorator to 2024-04-13 00:00:00+00:00, run_after=2024-04-14 00:00:00+00:00
[2024-04-14T13:04:45.263+0000] {processor.py:183} INFO - Processing /home/airflow/.local/lib/python3.12/site-packages/airflow/example_dags/example_task_group_decorator.py took 0.181 seconds
[2024-04-14T13:05:15.842+0000] {processor.py:161} INFO - Started process (PID=1829) to work on /home/airflow/.local/lib/python3.12/site-packages/airflow/example_dags/example_task_group_decorator.py
[2024-04-14T13:05:15.846+0000] {processor.py:830} INFO - Processing file /home/airflow/.local/lib/python3.12/site-packages/airflow/example_dags/example_task_group_decorator.py for tasks to queue
[2024-04-14T13:05:15.848+0000] {logging_mixin.py:188} INFO - [2024-04-14T13:05:15.847+0000] {dagbag.py:540} INFO - Filling up the DagBag from /home/airflow/.local/lib/python3.12/site-packages/airflow/example_dags/example_task_group_decorator.py
[2024-04-14T13:05:15.880+0000] {processor.py:840} INFO - DAG(s) 'example_task_group_decorator' retrieved from /home/airflow/.local/lib/python3.12/site-packages/airflow/example_dags/example_task_group_decorator.py
[2024-04-14T13:05:15.939+0000] {logging_mixin.py:188} INFO - [2024-04-14T13:05:15.938+0000] {dag.py:3096} INFO - Sync 1 DAGs
[2024-04-14T13:05:15.983+0000] {logging_mixin.py:188} INFO - [2024-04-14T13:05:15.983+0000] {dag.py:3954} INFO - Setting next_dagrun for example_task_group_decorator to 2024-04-13 00:00:00+00:00, run_after=2024-04-14 00:00:00+00:00
[2024-04-14T13:05:16.024+0000] {processor.py:183} INFO - Processing /home/airflow/.local/lib/python3.12/site-packages/airflow/example_dags/example_task_group_decorator.py took 0.192 seconds
[2024-04-14T13:05:46.229+0000] {processor.py:161} INFO - Started process (PID=1887) to work on /home/airflow/.local/lib/python3.12/site-packages/airflow/example_dags/example_task_group_decorator.py
[2024-04-14T13:05:46.231+0000] {processor.py:830} INFO - Processing file /home/airflow/.local/lib/python3.12/site-packages/airflow/example_dags/example_task_group_decorator.py for tasks to queue
[2024-04-14T13:05:46.232+0000] {logging_mixin.py:188} INFO - [2024-04-14T13:05:46.232+0000] {dagbag.py:540} INFO - Filling up the DagBag from /home/airflow/.local/lib/python3.12/site-packages/airflow/example_dags/example_task_group_decorator.py
[2024-04-14T13:05:46.255+0000] {processor.py:840} INFO - DAG(s) 'example_task_group_decorator' retrieved from /home/airflow/.local/lib/python3.12/site-packages/airflow/example_dags/example_task_group_decorator.py
[2024-04-14T13:05:46.296+0000] {logging_mixin.py:188} INFO - [2024-04-14T13:05:46.296+0000] {dag.py:3096} INFO - Sync 1 DAGs
[2024-04-14T13:05:46.337+0000] {logging_mixin.py:188} INFO - [2024-04-14T13:05:46.336+0000] {dag.py:3954} INFO - Setting next_dagrun for example_task_group_decorator to 2024-04-13 00:00:00+00:00, run_after=2024-04-14 00:00:00+00:00
[2024-04-14T13:05:46.373+0000] {processor.py:183} INFO - Processing /home/airflow/.local/lib/python3.12/site-packages/airflow/example_dags/example_task_group_decorator.py took 0.153 seconds
[2024-04-14T13:06:17.114+0000] {processor.py:161} INFO - Started process (PID=1946) to work on /home/airflow/.local/lib/python3.12/site-packages/airflow/example_dags/example_task_group_decorator.py
[2024-04-14T13:06:17.117+0000] {processor.py:830} INFO - Processing file /home/airflow/.local/lib/python3.12/site-packages/airflow/example_dags/example_task_group_decorator.py for tasks to queue
[2024-04-14T13:06:17.120+0000] {logging_mixin.py:188} INFO - [2024-04-14T13:06:17.119+0000] {dagbag.py:540} INFO - Filling up the DagBag from /home/airflow/.local/lib/python3.12/site-packages/airflow/example_dags/example_task_group_decorator.py
[2024-04-14T13:06:17.172+0000] {processor.py:840} INFO - DAG(s) 'example_task_group_decorator' retrieved from /home/airflow/.local/lib/python3.12/site-packages/airflow/example_dags/example_task_group_decorator.py
[2024-04-14T13:06:17.237+0000] {logging_mixin.py:188} INFO - [2024-04-14T13:06:17.237+0000] {dag.py:3096} INFO - Sync 1 DAGs
[2024-04-14T13:06:17.312+0000] {logging_mixin.py:188} INFO - [2024-04-14T13:06:17.311+0000] {dag.py:3954} INFO - Setting next_dagrun for example_task_group_decorator to 2024-04-13 00:00:00+00:00, run_after=2024-04-14 00:00:00+00:00
[2024-04-14T13:06:17.440+0000] {processor.py:183} INFO - Processing /home/airflow/.local/lib/python3.12/site-packages/airflow/example_dags/example_task_group_decorator.py took 0.341 seconds
[2024-04-14T13:06:47.910+0000] {processor.py:161} INFO - Started process (PID=2005) to work on /home/airflow/.local/lib/python3.12/site-packages/airflow/example_dags/example_task_group_decorator.py
[2024-04-14T13:06:47.925+0000] {processor.py:830} INFO - Processing file /home/airflow/.local/lib/python3.12/site-packages/airflow/example_dags/example_task_group_decorator.py for tasks to queue
[2024-04-14T13:06:47.946+0000] {logging_mixin.py:188} INFO - [2024-04-14T13:06:47.944+0000] {dagbag.py:540} INFO - Filling up the DagBag from /home/airflow/.local/lib/python3.12/site-packages/airflow/example_dags/example_task_group_decorator.py
[2024-04-14T13:06:48.046+0000] {processor.py:840} INFO - DAG(s) 'example_task_group_decorator' retrieved from /home/airflow/.local/lib/python3.12/site-packages/airflow/example_dags/example_task_group_decorator.py
[2024-04-14T13:06:48.132+0000] {logging_mixin.py:188} INFO - [2024-04-14T13:06:48.130+0000] {dag.py:3096} INFO - Sync 1 DAGs
[2024-04-14T13:06:48.203+0000] {logging_mixin.py:188} INFO - [2024-04-14T13:06:48.202+0000] {dag.py:3954} INFO - Setting next_dagrun for example_task_group_decorator to 2024-04-13 00:00:00+00:00, run_after=2024-04-14 00:00:00+00:00
[2024-04-14T13:06:48.271+0000] {processor.py:183} INFO - Processing /home/airflow/.local/lib/python3.12/site-packages/airflow/example_dags/example_task_group_decorator.py took 0.398 seconds
[2024-04-14T13:07:18.670+0000] {processor.py:161} INFO - Started process (PID=2064) to work on /home/airflow/.local/lib/python3.12/site-packages/airflow/example_dags/example_task_group_decorator.py
[2024-04-14T13:07:18.672+0000] {processor.py:830} INFO - Processing file /home/airflow/.local/lib/python3.12/site-packages/airflow/example_dags/example_task_group_decorator.py for tasks to queue
[2024-04-14T13:07:18.674+0000] {logging_mixin.py:188} INFO - [2024-04-14T13:07:18.673+0000] {dagbag.py:540} INFO - Filling up the DagBag from /home/airflow/.local/lib/python3.12/site-packages/airflow/example_dags/example_task_group_decorator.py
[2024-04-14T13:07:18.713+0000] {processor.py:840} INFO - DAG(s) 'example_task_group_decorator' retrieved from /home/airflow/.local/lib/python3.12/site-packages/airflow/example_dags/example_task_group_decorator.py
[2024-04-14T13:07:18.751+0000] {logging_mixin.py:188} INFO - [2024-04-14T13:07:18.751+0000] {dag.py:3096} INFO - Sync 1 DAGs
[2024-04-14T13:07:18.793+0000] {logging_mixin.py:188} INFO - [2024-04-14T13:07:18.793+0000] {dag.py:3954} INFO - Setting next_dagrun for example_task_group_decorator to 2024-04-13 00:00:00+00:00, run_after=2024-04-14 00:00:00+00:00
[2024-04-14T13:07:18.831+0000] {processor.py:183} INFO - Processing /home/airflow/.local/lib/python3.12/site-packages/airflow/example_dags/example_task_group_decorator.py took 0.170 seconds
[2024-04-14T13:07:49.581+0000] {processor.py:161} INFO - Started process (PID=2130) to work on /home/airflow/.local/lib/python3.12/site-packages/airflow/example_dags/example_task_group_decorator.py
[2024-04-14T13:07:49.588+0000] {processor.py:830} INFO - Processing file /home/airflow/.local/lib/python3.12/site-packages/airflow/example_dags/example_task_group_decorator.py for tasks to queue
[2024-04-14T13:07:49.593+0000] {logging_mixin.py:188} INFO - [2024-04-14T13:07:49.593+0000] {dagbag.py:540} INFO - Filling up the DagBag from /home/airflow/.local/lib/python3.12/site-packages/airflow/example_dags/example_task_group_decorator.py
[2024-04-14T13:07:49.629+0000] {processor.py:840} INFO - DAG(s) 'example_task_group_decorator' retrieved from /home/airflow/.local/lib/python3.12/site-packages/airflow/example_dags/example_task_group_decorator.py
[2024-04-14T13:07:49.711+0000] {logging_mixin.py:188} INFO - [2024-04-14T13:07:49.711+0000] {dag.py:3096} INFO - Sync 1 DAGs
[2024-04-14T13:07:49.799+0000] {logging_mixin.py:188} INFO - [2024-04-14T13:07:49.799+0000] {dag.py:3954} INFO - Setting next_dagrun for example_task_group_decorator to 2024-04-13 00:00:00+00:00, run_after=2024-04-14 00:00:00+00:00
[2024-04-14T13:07:49.860+0000] {processor.py:183} INFO - Processing /home/airflow/.local/lib/python3.12/site-packages/airflow/example_dags/example_task_group_decorator.py took 0.301 seconds
[2024-04-14T13:08:21.719+0000] {processor.py:161} INFO - Started process (PID=2192) to work on /home/airflow/.local/lib/python3.12/site-packages/airflow/example_dags/example_task_group_decorator.py
[2024-04-14T13:08:21.721+0000] {processor.py:830} INFO - Processing file /home/airflow/.local/lib/python3.12/site-packages/airflow/example_dags/example_task_group_decorator.py for tasks to queue
[2024-04-14T13:08:21.723+0000] {logging_mixin.py:188} INFO - [2024-04-14T13:08:21.722+0000] {dagbag.py:540} INFO - Filling up the DagBag from /home/airflow/.local/lib/python3.12/site-packages/airflow/example_dags/example_task_group_decorator.py
[2024-04-14T13:08:21.778+0000] {processor.py:840} INFO - DAG(s) 'example_task_group_decorator' retrieved from /home/airflow/.local/lib/python3.12/site-packages/airflow/example_dags/example_task_group_decorator.py
[2024-04-14T13:08:21.844+0000] {logging_mixin.py:188} INFO - [2024-04-14T13:08:21.843+0000] {dag.py:3096} INFO - Sync 1 DAGs
[2024-04-14T13:08:21.912+0000] {logging_mixin.py:188} INFO - [2024-04-14T13:08:21.911+0000] {dag.py:3954} INFO - Setting next_dagrun for example_task_group_decorator to 2024-04-13 00:00:00+00:00, run_after=2024-04-14 00:00:00+00:00
[2024-04-14T13:08:21.968+0000] {processor.py:183} INFO - Processing /home/airflow/.local/lib/python3.12/site-packages/airflow/example_dags/example_task_group_decorator.py took 0.269 seconds
[2024-04-14T13:08:52.129+0000] {processor.py:161} INFO - Started process (PID=2251) to work on /home/airflow/.local/lib/python3.12/site-packages/airflow/example_dags/example_task_group_decorator.py
[2024-04-14T13:08:52.131+0000] {processor.py:830} INFO - Processing file /home/airflow/.local/lib/python3.12/site-packages/airflow/example_dags/example_task_group_decorator.py for tasks to queue
[2024-04-14T13:08:52.134+0000] {logging_mixin.py:188} INFO - [2024-04-14T13:08:52.133+0000] {dagbag.py:540} INFO - Filling up the DagBag from /home/airflow/.local/lib/python3.12/site-packages/airflow/example_dags/example_task_group_decorator.py
[2024-04-14T13:08:52.171+0000] {processor.py:840} INFO - DAG(s) 'example_task_group_decorator' retrieved from /home/airflow/.local/lib/python3.12/site-packages/airflow/example_dags/example_task_group_decorator.py
[2024-04-14T13:08:52.237+0000] {logging_mixin.py:188} INFO - [2024-04-14T13:08:52.237+0000] {dag.py:3096} INFO - Sync 1 DAGs
[2024-04-14T13:08:52.290+0000] {logging_mixin.py:188} INFO - [2024-04-14T13:08:52.290+0000] {dag.py:3954} INFO - Setting next_dagrun for example_task_group_decorator to 2024-04-13 00:00:00+00:00, run_after=2024-04-14 00:00:00+00:00
[2024-04-14T13:08:52.340+0000] {processor.py:183} INFO - Processing /home/airflow/.local/lib/python3.12/site-packages/airflow/example_dags/example_task_group_decorator.py took 0.223 seconds
[2024-04-14T13:09:22.837+0000] {processor.py:161} INFO - Started process (PID=2310) to work on /home/airflow/.local/lib/python3.12/site-packages/airflow/example_dags/example_task_group_decorator.py
[2024-04-14T13:09:22.839+0000] {processor.py:830} INFO - Processing file /home/airflow/.local/lib/python3.12/site-packages/airflow/example_dags/example_task_group_decorator.py for tasks to queue
[2024-04-14T13:09:22.841+0000] {logging_mixin.py:188} INFO - [2024-04-14T13:09:22.840+0000] {dagbag.py:540} INFO - Filling up the DagBag from /home/airflow/.local/lib/python3.12/site-packages/airflow/example_dags/example_task_group_decorator.py
[2024-04-14T13:09:22.893+0000] {processor.py:840} INFO - DAG(s) 'example_task_group_decorator' retrieved from /home/airflow/.local/lib/python3.12/site-packages/airflow/example_dags/example_task_group_decorator.py
[2024-04-14T13:09:22.963+0000] {logging_mixin.py:188} INFO - [2024-04-14T13:09:22.962+0000] {dag.py:3096} INFO - Sync 1 DAGs
[2024-04-14T13:09:23.045+0000] {logging_mixin.py:188} INFO - [2024-04-14T13:09:23.044+0000] {dag.py:3954} INFO - Setting next_dagrun for example_task_group_decorator to 2024-04-13 00:00:00+00:00, run_after=2024-04-14 00:00:00+00:00
[2024-04-14T13:09:23.213+0000] {processor.py:183} INFO - Processing /home/airflow/.local/lib/python3.12/site-packages/airflow/example_dags/example_task_group_decorator.py took 0.394 seconds
[2024-04-14T13:09:53.776+0000] {processor.py:161} INFO - Started process (PID=2368) to work on /home/airflow/.local/lib/python3.12/site-packages/airflow/example_dags/example_task_group_decorator.py
[2024-04-14T13:09:53.778+0000] {processor.py:830} INFO - Processing file /home/airflow/.local/lib/python3.12/site-packages/airflow/example_dags/example_task_group_decorator.py for tasks to queue
[2024-04-14T13:09:53.781+0000] {logging_mixin.py:188} INFO - [2024-04-14T13:09:53.780+0000] {dagbag.py:540} INFO - Filling up the DagBag from /home/airflow/.local/lib/python3.12/site-packages/airflow/example_dags/example_task_group_decorator.py
[2024-04-14T13:09:53.856+0000] {processor.py:840} INFO - DAG(s) 'example_task_group_decorator' retrieved from /home/airflow/.local/lib/python3.12/site-packages/airflow/example_dags/example_task_group_decorator.py
[2024-04-14T13:09:53.961+0000] {logging_mixin.py:188} INFO - [2024-04-14T13:09:53.961+0000] {dag.py:3096} INFO - Sync 1 DAGs
[2024-04-14T13:09:54.019+0000] {logging_mixin.py:188} INFO - [2024-04-14T13:09:54.019+0000] {dag.py:3954} INFO - Setting next_dagrun for example_task_group_decorator to 2024-04-13 00:00:00+00:00, run_after=2024-04-14 00:00:00+00:00
[2024-04-14T13:09:54.071+0000] {processor.py:183} INFO - Processing /home/airflow/.local/lib/python3.12/site-packages/airflow/example_dags/example_task_group_decorator.py took 0.314 seconds
[2024-04-14T13:10:24.901+0000] {processor.py:161} INFO - Started process (PID=2427) to work on /home/airflow/.local/lib/python3.12/site-packages/airflow/example_dags/example_task_group_decorator.py
[2024-04-14T13:10:24.903+0000] {processor.py:830} INFO - Processing file /home/airflow/.local/lib/python3.12/site-packages/airflow/example_dags/example_task_group_decorator.py for tasks to queue
[2024-04-14T13:10:24.907+0000] {logging_mixin.py:188} INFO - [2024-04-14T13:10:24.906+0000] {dagbag.py:540} INFO - Filling up the DagBag from /home/airflow/.local/lib/python3.12/site-packages/airflow/example_dags/example_task_group_decorator.py
[2024-04-14T13:10:24.962+0000] {processor.py:840} INFO - DAG(s) 'example_task_group_decorator' retrieved from /home/airflow/.local/lib/python3.12/site-packages/airflow/example_dags/example_task_group_decorator.py
[2024-04-14T13:10:25.020+0000] {logging_mixin.py:188} INFO - [2024-04-14T13:10:25.019+0000] {dag.py:3096} INFO - Sync 1 DAGs
[2024-04-14T13:10:25.073+0000] {logging_mixin.py:188} INFO - [2024-04-14T13:10:25.070+0000] {dag.py:3954} INFO - Setting next_dagrun for example_task_group_decorator to 2024-04-13 00:00:00+00:00, run_after=2024-04-14 00:00:00+00:00
[2024-04-14T13:10:25.113+0000] {processor.py:183} INFO - Processing /home/airflow/.local/lib/python3.12/site-packages/airflow/example_dags/example_task_group_decorator.py took 0.231 seconds
[2024-04-14T13:10:55.464+0000] {processor.py:161} INFO - Started process (PID=2487) to work on /home/airflow/.local/lib/python3.12/site-packages/airflow/example_dags/example_task_group_decorator.py
[2024-04-14T13:10:55.466+0000] {processor.py:830} INFO - Processing file /home/airflow/.local/lib/python3.12/site-packages/airflow/example_dags/example_task_group_decorator.py for tasks to queue
[2024-04-14T13:10:55.467+0000] {logging_mixin.py:188} INFO - [2024-04-14T13:10:55.467+0000] {dagbag.py:540} INFO - Filling up the DagBag from /home/airflow/.local/lib/python3.12/site-packages/airflow/example_dags/example_task_group_decorator.py
[2024-04-14T13:10:55.520+0000] {processor.py:840} INFO - DAG(s) 'example_task_group_decorator' retrieved from /home/airflow/.local/lib/python3.12/site-packages/airflow/example_dags/example_task_group_decorator.py
[2024-04-14T13:10:55.583+0000] {logging_mixin.py:188} INFO - [2024-04-14T13:10:55.582+0000] {dag.py:3096} INFO - Sync 1 DAGs
[2024-04-14T13:10:55.619+0000] {logging_mixin.py:188} INFO - [2024-04-14T13:10:55.618+0000] {dag.py:3954} INFO - Setting next_dagrun for example_task_group_decorator to 2024-04-13 00:00:00+00:00, run_after=2024-04-14 00:00:00+00:00
[2024-04-14T13:10:55.654+0000] {processor.py:183} INFO - Processing /home/airflow/.local/lib/python3.12/site-packages/airflow/example_dags/example_task_group_decorator.py took 0.202 seconds
[2024-04-14T13:11:25.944+0000] {processor.py:161} INFO - Started process (PID=2545) to work on /home/airflow/.local/lib/python3.12/site-packages/airflow/example_dags/example_task_group_decorator.py
[2024-04-14T13:11:25.948+0000] {processor.py:830} INFO - Processing file /home/airflow/.local/lib/python3.12/site-packages/airflow/example_dags/example_task_group_decorator.py for tasks to queue
[2024-04-14T13:11:25.953+0000] {logging_mixin.py:188} INFO - [2024-04-14T13:11:25.950+0000] {dagbag.py:540} INFO - Filling up the DagBag from /home/airflow/.local/lib/python3.12/site-packages/airflow/example_dags/example_task_group_decorator.py
[2024-04-14T13:11:26.023+0000] {processor.py:840} INFO - DAG(s) 'example_task_group_decorator' retrieved from /home/airflow/.local/lib/python3.12/site-packages/airflow/example_dags/example_task_group_decorator.py
[2024-04-14T13:11:26.119+0000] {logging_mixin.py:188} INFO - [2024-04-14T13:11:26.118+0000] {dag.py:3096} INFO - Sync 1 DAGs
[2024-04-14T13:11:26.163+0000] {logging_mixin.py:188} INFO - [2024-04-14T13:11:26.162+0000] {dag.py:3954} INFO - Setting next_dagrun for example_task_group_decorator to 2024-04-13 00:00:00+00:00, run_after=2024-04-14 00:00:00+00:00
[2024-04-14T13:11:26.206+0000] {processor.py:183} INFO - Processing /home/airflow/.local/lib/python3.12/site-packages/airflow/example_dags/example_task_group_decorator.py took 0.278 seconds
[2024-04-14T13:11:56.569+0000] {processor.py:161} INFO - Started process (PID=2604) to work on /home/airflow/.local/lib/python3.12/site-packages/airflow/example_dags/example_task_group_decorator.py
[2024-04-14T13:11:56.571+0000] {processor.py:830} INFO - Processing file /home/airflow/.local/lib/python3.12/site-packages/airflow/example_dags/example_task_group_decorator.py for tasks to queue
[2024-04-14T13:11:56.573+0000] {logging_mixin.py:188} INFO - [2024-04-14T13:11:56.572+0000] {dagbag.py:540} INFO - Filling up the DagBag from /home/airflow/.local/lib/python3.12/site-packages/airflow/example_dags/example_task_group_decorator.py
[2024-04-14T13:11:56.609+0000] {processor.py:840} INFO - DAG(s) 'example_task_group_decorator' retrieved from /home/airflow/.local/lib/python3.12/site-packages/airflow/example_dags/example_task_group_decorator.py
[2024-04-14T13:11:56.667+0000] {logging_mixin.py:188} INFO - [2024-04-14T13:11:56.667+0000] {dag.py:3096} INFO - Sync 1 DAGs
[2024-04-14T13:11:56.737+0000] {logging_mixin.py:188} INFO - [2024-04-14T13:11:56.737+0000] {dag.py:3954} INFO - Setting next_dagrun for example_task_group_decorator to 2024-04-13 00:00:00+00:00, run_after=2024-04-14 00:00:00+00:00
[2024-04-14T13:11:56.795+0000] {processor.py:183} INFO - Processing /home/airflow/.local/lib/python3.12/site-packages/airflow/example_dags/example_task_group_decorator.py took 0.236 seconds
[2024-04-14T13:12:27.528+0000] {processor.py:161} INFO - Started process (PID=2663) to work on /home/airflow/.local/lib/python3.12/site-packages/airflow/example_dags/example_task_group_decorator.py
[2024-04-14T13:12:27.539+0000] {processor.py:830} INFO - Processing file /home/airflow/.local/lib/python3.12/site-packages/airflow/example_dags/example_task_group_decorator.py for tasks to queue
[2024-04-14T13:12:27.549+0000] {logging_mixin.py:188} INFO - [2024-04-14T13:12:27.548+0000] {dagbag.py:540} INFO - Filling up the DagBag from /home/airflow/.local/lib/python3.12/site-packages/airflow/example_dags/example_task_group_decorator.py
[2024-04-14T13:12:27.698+0000] {processor.py:840} INFO - DAG(s) 'example_task_group_decorator' retrieved from /home/airflow/.local/lib/python3.12/site-packages/airflow/example_dags/example_task_group_decorator.py
[2024-04-14T13:12:28.007+0000] {logging_mixin.py:188} INFO - [2024-04-14T13:12:28.006+0000] {dag.py:3096} INFO - Sync 1 DAGs
[2024-04-14T13:12:28.284+0000] {logging_mixin.py:188} INFO - [2024-04-14T13:12:28.283+0000] {dag.py:3954} INFO - Setting next_dagrun for example_task_group_decorator to 2024-04-13 00:00:00+00:00, run_after=2024-04-14 00:00:00+00:00
[2024-04-14T13:12:28.540+0000] {processor.py:183} INFO - Processing /home/airflow/.local/lib/python3.12/site-packages/airflow/example_dags/example_task_group_decorator.py took 1.026 seconds
[2024-04-14T13:12:58.992+0000] {processor.py:161} INFO - Started process (PID=2722) to work on /home/airflow/.local/lib/python3.12/site-packages/airflow/example_dags/example_task_group_decorator.py
[2024-04-14T13:12:58.998+0000] {processor.py:830} INFO - Processing file /home/airflow/.local/lib/python3.12/site-packages/airflow/example_dags/example_task_group_decorator.py for tasks to queue
[2024-04-14T13:12:59.001+0000] {logging_mixin.py:188} INFO - [2024-04-14T13:12:59.000+0000] {dagbag.py:540} INFO - Filling up the DagBag from /home/airflow/.local/lib/python3.12/site-packages/airflow/example_dags/example_task_group_decorator.py
[2024-04-14T13:12:59.065+0000] {processor.py:840} INFO - DAG(s) 'example_task_group_decorator' retrieved from /home/airflow/.local/lib/python3.12/site-packages/airflow/example_dags/example_task_group_decorator.py
[2024-04-14T13:12:59.152+0000] {logging_mixin.py:188} INFO - [2024-04-14T13:12:59.152+0000] {dag.py:3096} INFO - Sync 1 DAGs
[2024-04-14T13:12:59.191+0000] {logging_mixin.py:188} INFO - [2024-04-14T13:12:59.191+0000] {dag.py:3954} INFO - Setting next_dagrun for example_task_group_decorator to 2024-04-13 00:00:00+00:00, run_after=2024-04-14 00:00:00+00:00
[2024-04-14T13:12:59.222+0000] {processor.py:183} INFO - Processing /home/airflow/.local/lib/python3.12/site-packages/airflow/example_dags/example_task_group_decorator.py took 0.254 seconds
[2024-04-14T13:13:29.371+0000] {processor.py:161} INFO - Started process (PID=2780) to work on /home/airflow/.local/lib/python3.12/site-packages/airflow/example_dags/example_task_group_decorator.py
[2024-04-14T13:13:29.372+0000] {processor.py:830} INFO - Processing file /home/airflow/.local/lib/python3.12/site-packages/airflow/example_dags/example_task_group_decorator.py for tasks to queue
[2024-04-14T13:13:29.373+0000] {logging_mixin.py:188} INFO - [2024-04-14T13:13:29.373+0000] {dagbag.py:540} INFO - Filling up the DagBag from /home/airflow/.local/lib/python3.12/site-packages/airflow/example_dags/example_task_group_decorator.py
[2024-04-14T13:13:29.396+0000] {processor.py:840} INFO - DAG(s) 'example_task_group_decorator' retrieved from /home/airflow/.local/lib/python3.12/site-packages/airflow/example_dags/example_task_group_decorator.py
[2024-04-14T13:13:29.440+0000] {logging_mixin.py:188} INFO - [2024-04-14T13:13:29.439+0000] {dag.py:3096} INFO - Sync 1 DAGs
[2024-04-14T13:13:29.477+0000] {logging_mixin.py:188} INFO - [2024-04-14T13:13:29.476+0000] {dag.py:3954} INFO - Setting next_dagrun for example_task_group_decorator to 2024-04-13 00:00:00+00:00, run_after=2024-04-14 00:00:00+00:00
[2024-04-14T13:13:29.508+0000] {processor.py:183} INFO - Processing /home/airflow/.local/lib/python3.12/site-packages/airflow/example_dags/example_task_group_decorator.py took 0.144 seconds
[2024-04-14T13:13:59.967+0000] {processor.py:161} INFO - Started process (PID=2839) to work on /home/airflow/.local/lib/python3.12/site-packages/airflow/example_dags/example_task_group_decorator.py
[2024-04-14T13:13:59.974+0000] {processor.py:830} INFO - Processing file /home/airflow/.local/lib/python3.12/site-packages/airflow/example_dags/example_task_group_decorator.py for tasks to queue
[2024-04-14T13:13:59.977+0000] {logging_mixin.py:188} INFO - [2024-04-14T13:13:59.975+0000] {dagbag.py:540} INFO - Filling up the DagBag from /home/airflow/.local/lib/python3.12/site-packages/airflow/example_dags/example_task_group_decorator.py
[2024-04-14T13:14:00.031+0000] {processor.py:840} INFO - DAG(s) 'example_task_group_decorator' retrieved from /home/airflow/.local/lib/python3.12/site-packages/airflow/example_dags/example_task_group_decorator.py
[2024-04-14T13:14:00.084+0000] {logging_mixin.py:188} INFO - [2024-04-14T13:14:00.083+0000] {dag.py:3096} INFO - Sync 1 DAGs
[2024-04-14T13:14:00.123+0000] {logging_mixin.py:188} INFO - [2024-04-14T13:14:00.122+0000] {dag.py:3954} INFO - Setting next_dagrun for example_task_group_decorator to 2024-04-13 00:00:00+00:00, run_after=2024-04-14 00:00:00+00:00
[2024-04-14T13:14:00.157+0000] {processor.py:183} INFO - Processing /home/airflow/.local/lib/python3.12/site-packages/airflow/example_dags/example_task_group_decorator.py took 0.199 seconds
[2024-04-14T13:14:30.767+0000] {processor.py:161} INFO - Started process (PID=2898) to work on /home/airflow/.local/lib/python3.12/site-packages/airflow/example_dags/example_task_group_decorator.py
[2024-04-14T13:14:30.769+0000] {processor.py:830} INFO - Processing file /home/airflow/.local/lib/python3.12/site-packages/airflow/example_dags/example_task_group_decorator.py for tasks to queue
[2024-04-14T13:14:30.772+0000] {logging_mixin.py:188} INFO - [2024-04-14T13:14:30.771+0000] {dagbag.py:540} INFO - Filling up the DagBag from /home/airflow/.local/lib/python3.12/site-packages/airflow/example_dags/example_task_group_decorator.py
[2024-04-14T13:14:30.846+0000] {processor.py:840} INFO - DAG(s) 'example_task_group_decorator' retrieved from /home/airflow/.local/lib/python3.12/site-packages/airflow/example_dags/example_task_group_decorator.py
[2024-04-14T13:14:30.918+0000] {logging_mixin.py:188} INFO - [2024-04-14T13:14:30.918+0000] {dag.py:3096} INFO - Sync 1 DAGs
[2024-04-14T13:14:30.970+0000] {logging_mixin.py:188} INFO - [2024-04-14T13:14:30.970+0000] {dag.py:3954} INFO - Setting next_dagrun for example_task_group_decorator to 2024-04-13 00:00:00+00:00, run_after=2024-04-14 00:00:00+00:00
[2024-04-14T13:14:31.016+0000] {processor.py:183} INFO - Processing /home/airflow/.local/lib/python3.12/site-packages/airflow/example_dags/example_task_group_decorator.py took 0.261 seconds
[2024-04-14T13:15:01.296+0000] {processor.py:161} INFO - Started process (PID=2957) to work on /home/airflow/.local/lib/python3.12/site-packages/airflow/example_dags/example_task_group_decorator.py
[2024-04-14T13:15:01.298+0000] {processor.py:830} INFO - Processing file /home/airflow/.local/lib/python3.12/site-packages/airflow/example_dags/example_task_group_decorator.py for tasks to queue
[2024-04-14T13:15:01.300+0000] {logging_mixin.py:188} INFO - [2024-04-14T13:15:01.299+0000] {dagbag.py:540} INFO - Filling up the DagBag from /home/airflow/.local/lib/python3.12/site-packages/airflow/example_dags/example_task_group_decorator.py
[2024-04-14T13:15:01.345+0000] {processor.py:840} INFO - DAG(s) 'example_task_group_decorator' retrieved from /home/airflow/.local/lib/python3.12/site-packages/airflow/example_dags/example_task_group_decorator.py
[2024-04-14T13:15:01.404+0000] {logging_mixin.py:188} INFO - [2024-04-14T13:15:01.403+0000] {dag.py:3096} INFO - Sync 1 DAGs
[2024-04-14T13:15:01.456+0000] {logging_mixin.py:188} INFO - [2024-04-14T13:15:01.455+0000] {dag.py:3954} INFO - Setting next_dagrun for example_task_group_decorator to 2024-04-13 00:00:00+00:00, run_after=2024-04-14 00:00:00+00:00
[2024-04-14T13:15:01.511+0000] {processor.py:183} INFO - Processing /home/airflow/.local/lib/python3.12/site-packages/airflow/example_dags/example_task_group_decorator.py took 0.227 seconds
[2024-04-14T13:15:31.892+0000] {processor.py:161} INFO - Started process (PID=3015) to work on /home/airflow/.local/lib/python3.12/site-packages/airflow/example_dags/example_task_group_decorator.py
[2024-04-14T13:15:31.895+0000] {processor.py:830} INFO - Processing file /home/airflow/.local/lib/python3.12/site-packages/airflow/example_dags/example_task_group_decorator.py for tasks to queue
[2024-04-14T13:15:31.897+0000] {logging_mixin.py:188} INFO - [2024-04-14T13:15:31.896+0000] {dagbag.py:540} INFO - Filling up the DagBag from /home/airflow/.local/lib/python3.12/site-packages/airflow/example_dags/example_task_group_decorator.py
[2024-04-14T13:15:31.930+0000] {processor.py:840} INFO - DAG(s) 'example_task_group_decorator' retrieved from /home/airflow/.local/lib/python3.12/site-packages/airflow/example_dags/example_task_group_decorator.py
[2024-04-14T13:15:31.984+0000] {logging_mixin.py:188} INFO - [2024-04-14T13:15:31.983+0000] {dag.py:3096} INFO - Sync 1 DAGs
[2024-04-14T13:15:32.027+0000] {logging_mixin.py:188} INFO - [2024-04-14T13:15:32.027+0000] {dag.py:3954} INFO - Setting next_dagrun for example_task_group_decorator to 2024-04-13 00:00:00+00:00, run_after=2024-04-14 00:00:00+00:00
[2024-04-14T13:15:32.072+0000] {processor.py:183} INFO - Processing /home/airflow/.local/lib/python3.12/site-packages/airflow/example_dags/example_task_group_decorator.py took 0.196 seconds
[2024-04-14T13:16:02.644+0000] {processor.py:161} INFO - Started process (PID=3074) to work on /home/airflow/.local/lib/python3.12/site-packages/airflow/example_dags/example_task_group_decorator.py
[2024-04-14T13:16:02.646+0000] {processor.py:830} INFO - Processing file /home/airflow/.local/lib/python3.12/site-packages/airflow/example_dags/example_task_group_decorator.py for tasks to queue
[2024-04-14T13:16:02.648+0000] {logging_mixin.py:188} INFO - [2024-04-14T13:16:02.647+0000] {dagbag.py:540} INFO - Filling up the DagBag from /home/airflow/.local/lib/python3.12/site-packages/airflow/example_dags/example_task_group_decorator.py
[2024-04-14T13:16:02.674+0000] {processor.py:840} INFO - DAG(s) 'example_task_group_decorator' retrieved from /home/airflow/.local/lib/python3.12/site-packages/airflow/example_dags/example_task_group_decorator.py
[2024-04-14T13:16:02.714+0000] {logging_mixin.py:188} INFO - [2024-04-14T13:16:02.713+0000] {dag.py:3096} INFO - Sync 1 DAGs
[2024-04-14T13:16:02.749+0000] {logging_mixin.py:188} INFO - [2024-04-14T13:16:02.748+0000] {dag.py:3954} INFO - Setting next_dagrun for example_task_group_decorator to 2024-04-13 00:00:00+00:00, run_after=2024-04-14 00:00:00+00:00
[2024-04-14T13:16:02.805+0000] {processor.py:183} INFO - Processing /home/airflow/.local/lib/python3.12/site-packages/airflow/example_dags/example_task_group_decorator.py took 0.168 seconds
[2024-04-14T13:16:34.879+0000] {processor.py:161} INFO - Started process (PID=3133) to work on /home/airflow/.local/lib/python3.12/site-packages/airflow/example_dags/example_task_group_decorator.py
[2024-04-14T13:16:34.883+0000] {processor.py:830} INFO - Processing file /home/airflow/.local/lib/python3.12/site-packages/airflow/example_dags/example_task_group_decorator.py for tasks to queue
[2024-04-14T13:16:34.886+0000] {logging_mixin.py:188} INFO - [2024-04-14T13:16:34.885+0000] {dagbag.py:540} INFO - Filling up the DagBag from /home/airflow/.local/lib/python3.12/site-packages/airflow/example_dags/example_task_group_decorator.py
[2024-04-14T13:16:34.999+0000] {processor.py:840} INFO - DAG(s) 'example_task_group_decorator' retrieved from /home/airflow/.local/lib/python3.12/site-packages/airflow/example_dags/example_task_group_decorator.py
[2024-04-14T13:16:35.214+0000] {logging_mixin.py:188} INFO - [2024-04-14T13:16:35.213+0000] {dag.py:3096} INFO - Sync 1 DAGs
[2024-04-14T13:16:35.343+0000] {logging_mixin.py:188} INFO - [2024-04-14T13:16:35.342+0000] {dag.py:3954} INFO - Setting next_dagrun for example_task_group_decorator to 2024-04-13 00:00:00+00:00, run_after=2024-04-14 00:00:00+00:00
[2024-04-14T13:16:35.457+0000] {processor.py:183} INFO - Processing /home/airflow/.local/lib/python3.12/site-packages/airflow/example_dags/example_task_group_decorator.py took 0.612 seconds
[2024-04-14T13:17:06.041+0000] {processor.py:161} INFO - Started process (PID=3191) to work on /home/airflow/.local/lib/python3.12/site-packages/airflow/example_dags/example_task_group_decorator.py
[2024-04-14T13:17:06.043+0000] {processor.py:830} INFO - Processing file /home/airflow/.local/lib/python3.12/site-packages/airflow/example_dags/example_task_group_decorator.py for tasks to queue
[2024-04-14T13:17:06.045+0000] {logging_mixin.py:188} INFO - [2024-04-14T13:17:06.044+0000] {dagbag.py:540} INFO - Filling up the DagBag from /home/airflow/.local/lib/python3.12/site-packages/airflow/example_dags/example_task_group_decorator.py
[2024-04-14T13:17:06.066+0000] {processor.py:840} INFO - DAG(s) 'example_task_group_decorator' retrieved from /home/airflow/.local/lib/python3.12/site-packages/airflow/example_dags/example_task_group_decorator.py
[2024-04-14T13:17:06.107+0000] {logging_mixin.py:188} INFO - [2024-04-14T13:17:06.106+0000] {dag.py:3096} INFO - Sync 1 DAGs
[2024-04-14T13:17:06.142+0000] {logging_mixin.py:188} INFO - [2024-04-14T13:17:06.142+0000] {dag.py:3954} INFO - Setting next_dagrun for example_task_group_decorator to 2024-04-13 00:00:00+00:00, run_after=2024-04-14 00:00:00+00:00
[2024-04-14T13:17:06.178+0000] {processor.py:183} INFO - Processing /home/airflow/.local/lib/python3.12/site-packages/airflow/example_dags/example_task_group_decorator.py took 0.146 seconds
