[2024-04-14T12:49:12.638+0000] {processor.py:161} INFO - Started process (PID=31) to work on /home/airflow/.local/lib/python3.12/site-packages/airflow/example_dags/example_params_trigger_ui.py
[2024-04-14T12:49:12.674+0000] {processor.py:830} INFO - Processing file /home/airflow/.local/lib/python3.12/site-packages/airflow/example_dags/example_params_trigger_ui.py for tasks to queue
[2024-04-14T12:49:12.712+0000] {logging_mixin.py:188} INFO - [2024-04-14T12:49:12.712+0000] {dagbag.py:540} INFO - Filling up the DagBag from /home/airflow/.local/lib/python3.12/site-packages/airflow/example_dags/example_params_trigger_ui.py
[2024-04-14T12:49:12.978+0000] {processor.py:840} INFO - DAG(s) 'example_params_trigger_ui' retrieved from /home/airflow/.local/lib/python3.12/site-packages/airflow/example_dags/example_params_trigger_ui.py
[2024-04-14T12:49:14.465+0000] {logging_mixin.py:188} INFO - [2024-04-14T12:49:14.462+0000] {dag.py:3096} INFO - Sync 1 DAGs
[2024-04-14T12:49:14.502+0000] {logging_mixin.py:188} INFO - [2024-04-14T12:49:14.502+0000] {dag.py:3954} INFO - Setting next_dagrun for example_params_trigger_ui to None, run_after=None
[2024-04-14T12:49:14.565+0000] {processor.py:183} INFO - Processing /home/airflow/.local/lib/python3.12/site-packages/airflow/example_dags/example_params_trigger_ui.py took 1.948 seconds
[2024-04-14T12:49:52.405+0000] {processor.py:161} INFO - Started process (PID=93) to work on /home/airflow/.local/lib/python3.12/site-packages/airflow/example_dags/example_params_trigger_ui.py
[2024-04-14T12:49:52.408+0000] {processor.py:830} INFO - Processing file /home/airflow/.local/lib/python3.12/site-packages/airflow/example_dags/example_params_trigger_ui.py for tasks to queue
[2024-04-14T12:49:52.412+0000] {logging_mixin.py:188} INFO - [2024-04-14T12:49:52.411+0000] {dagbag.py:540} INFO - Filling up the DagBag from /home/airflow/.local/lib/python3.12/site-packages/airflow/example_dags/example_params_trigger_ui.py
[2024-04-14T12:49:52.442+0000] {processor.py:840} INFO - DAG(s) 'example_params_trigger_ui' retrieved from /home/airflow/.local/lib/python3.12/site-packages/airflow/example_dags/example_params_trigger_ui.py
[2024-04-14T12:49:52.555+0000] {logging_mixin.py:188} INFO - [2024-04-14T12:49:52.554+0000] {dag.py:3096} INFO - Sync 1 DAGs
[2024-04-14T12:49:52.583+0000] {logging_mixin.py:188} INFO - [2024-04-14T12:49:52.583+0000] {dag.py:3954} INFO - Setting next_dagrun for example_params_trigger_ui to None, run_after=None
[2024-04-14T12:49:52.629+0000] {processor.py:183} INFO - Processing /home/airflow/.local/lib/python3.12/site-packages/airflow/example_dags/example_params_trigger_ui.py took 0.235 seconds
[2024-04-14T12:50:23.589+0000] {processor.py:161} INFO - Started process (PID=150) to work on /home/airflow/.local/lib/python3.12/site-packages/airflow/example_dags/example_params_trigger_ui.py
[2024-04-14T12:50:23.590+0000] {processor.py:830} INFO - Processing file /home/airflow/.local/lib/python3.12/site-packages/airflow/example_dags/example_params_trigger_ui.py for tasks to queue
[2024-04-14T12:50:23.593+0000] {logging_mixin.py:188} INFO - [2024-04-14T12:50:23.592+0000] {dagbag.py:540} INFO - Filling up the DagBag from /home/airflow/.local/lib/python3.12/site-packages/airflow/example_dags/example_params_trigger_ui.py
[2024-04-14T12:50:23.616+0000] {processor.py:840} INFO - DAG(s) 'example_params_trigger_ui' retrieved from /home/airflow/.local/lib/python3.12/site-packages/airflow/example_dags/example_params_trigger_ui.py
[2024-04-14T12:50:23.690+0000] {logging_mixin.py:188} INFO - [2024-04-14T12:50:23.689+0000] {dag.py:3096} INFO - Sync 1 DAGs
[2024-04-14T12:50:23.713+0000] {logging_mixin.py:188} INFO - [2024-04-14T12:50:23.713+0000] {dag.py:3954} INFO - Setting next_dagrun for example_params_trigger_ui to None, run_after=None
[2024-04-14T12:50:23.750+0000] {processor.py:183} INFO - Processing /home/airflow/.local/lib/python3.12/site-packages/airflow/example_dags/example_params_trigger_ui.py took 0.168 seconds
[2024-04-14T12:50:54.382+0000] {processor.py:161} INFO - Started process (PID=207) to work on /home/airflow/.local/lib/python3.12/site-packages/airflow/example_dags/example_params_trigger_ui.py
[2024-04-14T12:50:54.383+0000] {processor.py:830} INFO - Processing file /home/airflow/.local/lib/python3.12/site-packages/airflow/example_dags/example_params_trigger_ui.py for tasks to queue
[2024-04-14T12:50:54.386+0000] {logging_mixin.py:188} INFO - [2024-04-14T12:50:54.385+0000] {dagbag.py:540} INFO - Filling up the DagBag from /home/airflow/.local/lib/python3.12/site-packages/airflow/example_dags/example_params_trigger_ui.py
[2024-04-14T12:50:54.409+0000] {processor.py:840} INFO - DAG(s) 'example_params_trigger_ui' retrieved from /home/airflow/.local/lib/python3.12/site-packages/airflow/example_dags/example_params_trigger_ui.py
[2024-04-14T12:50:54.484+0000] {logging_mixin.py:188} INFO - [2024-04-14T12:50:54.484+0000] {dag.py:3096} INFO - Sync 1 DAGs
[2024-04-14T12:50:54.504+0000] {logging_mixin.py:188} INFO - [2024-04-14T12:50:54.503+0000] {dag.py:3954} INFO - Setting next_dagrun for example_params_trigger_ui to None, run_after=None
[2024-04-14T12:50:54.534+0000] {processor.py:183} INFO - Processing /home/airflow/.local/lib/python3.12/site-packages/airflow/example_dags/example_params_trigger_ui.py took 0.159 seconds
[2024-04-14T12:51:25.293+0000] {processor.py:161} INFO - Started process (PID=265) to work on /home/airflow/.local/lib/python3.12/site-packages/airflow/example_dags/example_params_trigger_ui.py
[2024-04-14T12:51:25.294+0000] {processor.py:830} INFO - Processing file /home/airflow/.local/lib/python3.12/site-packages/airflow/example_dags/example_params_trigger_ui.py for tasks to queue
[2024-04-14T12:51:25.298+0000] {logging_mixin.py:188} INFO - [2024-04-14T12:51:25.297+0000] {dagbag.py:540} INFO - Filling up the DagBag from /home/airflow/.local/lib/python3.12/site-packages/airflow/example_dags/example_params_trigger_ui.py
[2024-04-14T12:51:25.330+0000] {processor.py:840} INFO - DAG(s) 'example_params_trigger_ui' retrieved from /home/airflow/.local/lib/python3.12/site-packages/airflow/example_dags/example_params_trigger_ui.py
[2024-04-14T12:51:25.435+0000] {logging_mixin.py:188} INFO - [2024-04-14T12:51:25.435+0000] {dag.py:3096} INFO - Sync 1 DAGs
[2024-04-14T12:51:25.482+0000] {logging_mixin.py:188} INFO - [2024-04-14T12:51:25.481+0000] {dag.py:3954} INFO - Setting next_dagrun for example_params_trigger_ui to None, run_after=None
[2024-04-14T12:51:25.563+0000] {processor.py:183} INFO - Processing /home/airflow/.local/lib/python3.12/site-packages/airflow/example_dags/example_params_trigger_ui.py took 0.283 seconds
[2024-04-14T12:51:55.650+0000] {processor.py:161} INFO - Started process (PID=322) to work on /home/airflow/.local/lib/python3.12/site-packages/airflow/example_dags/example_params_trigger_ui.py
[2024-04-14T12:51:55.652+0000] {processor.py:830} INFO - Processing file /home/airflow/.local/lib/python3.12/site-packages/airflow/example_dags/example_params_trigger_ui.py for tasks to queue
[2024-04-14T12:51:55.657+0000] {logging_mixin.py:188} INFO - [2024-04-14T12:51:55.656+0000] {dagbag.py:540} INFO - Filling up the DagBag from /home/airflow/.local/lib/python3.12/site-packages/airflow/example_dags/example_params_trigger_ui.py
[2024-04-14T12:51:55.688+0000] {processor.py:840} INFO - DAG(s) 'example_params_trigger_ui' retrieved from /home/airflow/.local/lib/python3.12/site-packages/airflow/example_dags/example_params_trigger_ui.py
[2024-04-14T12:51:55.819+0000] {logging_mixin.py:188} INFO - [2024-04-14T12:51:55.818+0000] {dag.py:3096} INFO - Sync 1 DAGs
[2024-04-14T12:51:55.849+0000] {logging_mixin.py:188} INFO - [2024-04-14T12:51:55.847+0000] {dag.py:3954} INFO - Setting next_dagrun for example_params_trigger_ui to None, run_after=None
[2024-04-14T12:51:55.928+0000] {processor.py:183} INFO - Processing /home/airflow/.local/lib/python3.12/site-packages/airflow/example_dags/example_params_trigger_ui.py took 0.291 seconds
[2024-04-14T12:52:26.928+0000] {processor.py:161} INFO - Started process (PID=381) to work on /home/airflow/.local/lib/python3.12/site-packages/airflow/example_dags/example_params_trigger_ui.py
[2024-04-14T12:52:26.930+0000] {processor.py:830} INFO - Processing file /home/airflow/.local/lib/python3.12/site-packages/airflow/example_dags/example_params_trigger_ui.py for tasks to queue
[2024-04-14T12:52:26.933+0000] {logging_mixin.py:188} INFO - [2024-04-14T12:52:26.932+0000] {dagbag.py:540} INFO - Filling up the DagBag from /home/airflow/.local/lib/python3.12/site-packages/airflow/example_dags/example_params_trigger_ui.py
[2024-04-14T12:52:26.957+0000] {processor.py:840} INFO - DAG(s) 'example_params_trigger_ui' retrieved from /home/airflow/.local/lib/python3.12/site-packages/airflow/example_dags/example_params_trigger_ui.py
[2024-04-14T12:52:27.027+0000] {logging_mixin.py:188} INFO - [2024-04-14T12:52:27.026+0000] {dag.py:3096} INFO - Sync 1 DAGs
[2024-04-14T12:52:27.046+0000] {logging_mixin.py:188} INFO - [2024-04-14T12:52:27.046+0000] {dag.py:3954} INFO - Setting next_dagrun for example_params_trigger_ui to None, run_after=None
[2024-04-14T12:52:27.077+0000] {processor.py:183} INFO - Processing /home/airflow/.local/lib/python3.12/site-packages/airflow/example_dags/example_params_trigger_ui.py took 0.160 seconds
[2024-04-14T12:52:57.374+0000] {processor.py:161} INFO - Started process (PID=439) to work on /home/airflow/.local/lib/python3.12/site-packages/airflow/example_dags/example_params_trigger_ui.py
[2024-04-14T12:52:57.376+0000] {processor.py:830} INFO - Processing file /home/airflow/.local/lib/python3.12/site-packages/airflow/example_dags/example_params_trigger_ui.py for tasks to queue
[2024-04-14T12:52:57.379+0000] {logging_mixin.py:188} INFO - [2024-04-14T12:52:57.379+0000] {dagbag.py:540} INFO - Filling up the DagBag from /home/airflow/.local/lib/python3.12/site-packages/airflow/example_dags/example_params_trigger_ui.py
[2024-04-14T12:52:57.406+0000] {processor.py:840} INFO - DAG(s) 'example_params_trigger_ui' retrieved from /home/airflow/.local/lib/python3.12/site-packages/airflow/example_dags/example_params_trigger_ui.py
[2024-04-14T12:52:57.520+0000] {logging_mixin.py:188} INFO - [2024-04-14T12:52:57.520+0000] {dag.py:3096} INFO - Sync 1 DAGs
[2024-04-14T12:52:57.549+0000] {logging_mixin.py:188} INFO - [2024-04-14T12:52:57.549+0000] {dag.py:3954} INFO - Setting next_dagrun for example_params_trigger_ui to None, run_after=None
[2024-04-14T12:52:57.604+0000] {processor.py:183} INFO - Processing /home/airflow/.local/lib/python3.12/site-packages/airflow/example_dags/example_params_trigger_ui.py took 0.242 seconds
[2024-04-14T12:53:28.021+0000] {processor.py:161} INFO - Started process (PID=497) to work on /home/airflow/.local/lib/python3.12/site-packages/airflow/example_dags/example_params_trigger_ui.py
[2024-04-14T12:53:28.023+0000] {processor.py:830} INFO - Processing file /home/airflow/.local/lib/python3.12/site-packages/airflow/example_dags/example_params_trigger_ui.py for tasks to queue
[2024-04-14T12:53:28.026+0000] {logging_mixin.py:188} INFO - [2024-04-14T12:53:28.026+0000] {dagbag.py:540} INFO - Filling up the DagBag from /home/airflow/.local/lib/python3.12/site-packages/airflow/example_dags/example_params_trigger_ui.py
[2024-04-14T12:53:28.047+0000] {processor.py:840} INFO - DAG(s) 'example_params_trigger_ui' retrieved from /home/airflow/.local/lib/python3.12/site-packages/airflow/example_dags/example_params_trigger_ui.py
[2024-04-14T12:53:28.131+0000] {logging_mixin.py:188} INFO - [2024-04-14T12:53:28.130+0000] {dag.py:3096} INFO - Sync 1 DAGs
[2024-04-14T12:53:28.154+0000] {logging_mixin.py:188} INFO - [2024-04-14T12:53:28.154+0000] {dag.py:3954} INFO - Setting next_dagrun for example_params_trigger_ui to None, run_after=None
[2024-04-14T12:53:28.196+0000] {processor.py:183} INFO - Processing /home/airflow/.local/lib/python3.12/site-packages/airflow/example_dags/example_params_trigger_ui.py took 0.181 seconds
[2024-04-14T12:53:58.533+0000] {processor.py:161} INFO - Started process (PID=555) to work on /home/airflow/.local/lib/python3.12/site-packages/airflow/example_dags/example_params_trigger_ui.py
[2024-04-14T12:53:58.535+0000] {processor.py:830} INFO - Processing file /home/airflow/.local/lib/python3.12/site-packages/airflow/example_dags/example_params_trigger_ui.py for tasks to queue
[2024-04-14T12:53:58.539+0000] {logging_mixin.py:188} INFO - [2024-04-14T12:53:58.538+0000] {dagbag.py:540} INFO - Filling up the DagBag from /home/airflow/.local/lib/python3.12/site-packages/airflow/example_dags/example_params_trigger_ui.py
[2024-04-14T12:53:58.568+0000] {processor.py:840} INFO - DAG(s) 'example_params_trigger_ui' retrieved from /home/airflow/.local/lib/python3.12/site-packages/airflow/example_dags/example_params_trigger_ui.py
[2024-04-14T12:53:58.716+0000] {logging_mixin.py:188} INFO - [2024-04-14T12:53:58.715+0000] {dag.py:3096} INFO - Sync 1 DAGs
[2024-04-14T12:53:58.752+0000] {logging_mixin.py:188} INFO - [2024-04-14T12:53:58.752+0000] {dag.py:3954} INFO - Setting next_dagrun for example_params_trigger_ui to None, run_after=None
[2024-04-14T12:53:58.867+0000] {processor.py:183} INFO - Processing /home/airflow/.local/lib/python3.12/site-packages/airflow/example_dags/example_params_trigger_ui.py took 0.347 seconds
[2024-04-14T12:54:29.468+0000] {processor.py:161} INFO - Started process (PID=613) to work on /home/airflow/.local/lib/python3.12/site-packages/airflow/example_dags/example_params_trigger_ui.py
[2024-04-14T12:54:29.471+0000] {processor.py:830} INFO - Processing file /home/airflow/.local/lib/python3.12/site-packages/airflow/example_dags/example_params_trigger_ui.py for tasks to queue
[2024-04-14T12:54:29.475+0000] {logging_mixin.py:188} INFO - [2024-04-14T12:54:29.475+0000] {dagbag.py:540} INFO - Filling up the DagBag from /home/airflow/.local/lib/python3.12/site-packages/airflow/example_dags/example_params_trigger_ui.py
[2024-04-14T12:54:29.528+0000] {processor.py:840} INFO - DAG(s) 'example_params_trigger_ui' retrieved from /home/airflow/.local/lib/python3.12/site-packages/airflow/example_dags/example_params_trigger_ui.py
[2024-04-14T12:54:29.820+0000] {logging_mixin.py:188} INFO - [2024-04-14T12:54:29.820+0000] {dag.py:3096} INFO - Sync 1 DAGs
[2024-04-14T12:54:29.911+0000] {logging_mixin.py:188} INFO - [2024-04-14T12:54:29.910+0000] {dag.py:3954} INFO - Setting next_dagrun for example_params_trigger_ui to None, run_after=None
[2024-04-14T12:54:30.004+0000] {processor.py:183} INFO - Processing /home/airflow/.local/lib/python3.12/site-packages/airflow/example_dags/example_params_trigger_ui.py took 0.560 seconds
[2024-04-14T12:55:00.923+0000] {processor.py:161} INFO - Started process (PID=666) to work on /home/airflow/.local/lib/python3.12/site-packages/airflow/example_dags/example_params_trigger_ui.py
[2024-04-14T12:55:00.925+0000] {processor.py:830} INFO - Processing file /home/airflow/.local/lib/python3.12/site-packages/airflow/example_dags/example_params_trigger_ui.py for tasks to queue
[2024-04-14T12:55:00.928+0000] {logging_mixin.py:188} INFO - [2024-04-14T12:55:00.927+0000] {dagbag.py:540} INFO - Filling up the DagBag from /home/airflow/.local/lib/python3.12/site-packages/airflow/example_dags/example_params_trigger_ui.py
[2024-04-14T12:55:00.966+0000] {processor.py:840} INFO - DAG(s) 'example_params_trigger_ui' retrieved from /home/airflow/.local/lib/python3.12/site-packages/airflow/example_dags/example_params_trigger_ui.py
[2024-04-14T12:55:01.090+0000] {logging_mixin.py:188} INFO - [2024-04-14T12:55:01.089+0000] {dag.py:3096} INFO - Sync 1 DAGs
[2024-04-14T12:55:01.125+0000] {logging_mixin.py:188} INFO - [2024-04-14T12:55:01.125+0000] {dag.py:3954} INFO - Setting next_dagrun for example_params_trigger_ui to None, run_after=None
[2024-04-14T12:55:01.186+0000] {processor.py:183} INFO - Processing /home/airflow/.local/lib/python3.12/site-packages/airflow/example_dags/example_params_trigger_ui.py took 0.277 seconds
[2024-04-14T12:55:32.473+0000] {processor.py:161} INFO - Started process (PID=716) to work on /home/airflow/.local/lib/python3.12/site-packages/airflow/example_dags/example_params_trigger_ui.py
[2024-04-14T12:55:32.476+0000] {processor.py:830} INFO - Processing file /home/airflow/.local/lib/python3.12/site-packages/airflow/example_dags/example_params_trigger_ui.py for tasks to queue
[2024-04-14T12:55:32.531+0000] {logging_mixin.py:188} INFO - [2024-04-14T12:55:32.531+0000] {dagbag.py:540} INFO - Filling up the DagBag from /home/airflow/.local/lib/python3.12/site-packages/airflow/example_dags/example_params_trigger_ui.py
[2024-04-14T12:55:32.599+0000] {processor.py:840} INFO - DAG(s) 'example_params_trigger_ui' retrieved from /home/airflow/.local/lib/python3.12/site-packages/airflow/example_dags/example_params_trigger_ui.py
[2024-04-14T12:55:32.961+0000] {logging_mixin.py:188} INFO - [2024-04-14T12:55:32.961+0000] {dag.py:3096} INFO - Sync 1 DAGs
[2024-04-14T12:55:33.164+0000] {logging_mixin.py:188} INFO - [2024-04-14T12:55:33.152+0000] {dag.py:3954} INFO - Setting next_dagrun for example_params_trigger_ui to None, run_after=None
[2024-04-14T12:55:33.435+0000] {processor.py:183} INFO - Processing /home/airflow/.local/lib/python3.12/site-packages/airflow/example_dags/example_params_trigger_ui.py took 0.977 seconds
[2024-04-14T12:56:03.747+0000] {processor.py:161} INFO - Started process (PID=774) to work on /home/airflow/.local/lib/python3.12/site-packages/airflow/example_dags/example_params_trigger_ui.py
[2024-04-14T12:56:03.748+0000] {processor.py:830} INFO - Processing file /home/airflow/.local/lib/python3.12/site-packages/airflow/example_dags/example_params_trigger_ui.py for tasks to queue
[2024-04-14T12:56:03.750+0000] {logging_mixin.py:188} INFO - [2024-04-14T12:56:03.750+0000] {dagbag.py:540} INFO - Filling up the DagBag from /home/airflow/.local/lib/python3.12/site-packages/airflow/example_dags/example_params_trigger_ui.py
[2024-04-14T12:56:03.767+0000] {processor.py:840} INFO - DAG(s) 'example_params_trigger_ui' retrieved from /home/airflow/.local/lib/python3.12/site-packages/airflow/example_dags/example_params_trigger_ui.py
[2024-04-14T12:56:03.838+0000] {logging_mixin.py:188} INFO - [2024-04-14T12:56:03.838+0000] {dag.py:3096} INFO - Sync 1 DAGs
[2024-04-14T12:56:03.860+0000] {logging_mixin.py:188} INFO - [2024-04-14T12:56:03.860+0000] {dag.py:3954} INFO - Setting next_dagrun for example_params_trigger_ui to None, run_after=None
[2024-04-14T12:56:03.897+0000] {processor.py:183} INFO - Processing /home/airflow/.local/lib/python3.12/site-packages/airflow/example_dags/example_params_trigger_ui.py took 0.157 seconds
[2024-04-14T12:56:34.650+0000] {processor.py:161} INFO - Started process (PID=832) to work on /home/airflow/.local/lib/python3.12/site-packages/airflow/example_dags/example_params_trigger_ui.py
[2024-04-14T12:56:34.652+0000] {processor.py:830} INFO - Processing file /home/airflow/.local/lib/python3.12/site-packages/airflow/example_dags/example_params_trigger_ui.py for tasks to queue
[2024-04-14T12:56:34.656+0000] {logging_mixin.py:188} INFO - [2024-04-14T12:56:34.655+0000] {dagbag.py:540} INFO - Filling up the DagBag from /home/airflow/.local/lib/python3.12/site-packages/airflow/example_dags/example_params_trigger_ui.py
[2024-04-14T12:56:34.678+0000] {processor.py:840} INFO - DAG(s) 'example_params_trigger_ui' retrieved from /home/airflow/.local/lib/python3.12/site-packages/airflow/example_dags/example_params_trigger_ui.py
[2024-04-14T12:56:34.798+0000] {logging_mixin.py:188} INFO - [2024-04-14T12:56:34.797+0000] {dag.py:3096} INFO - Sync 1 DAGs
[2024-04-14T12:56:34.838+0000] {logging_mixin.py:188} INFO - [2024-04-14T12:56:34.837+0000] {dag.py:3954} INFO - Setting next_dagrun for example_params_trigger_ui to None, run_after=None
[2024-04-14T12:56:34.897+0000] {processor.py:183} INFO - Processing /home/airflow/.local/lib/python3.12/site-packages/airflow/example_dags/example_params_trigger_ui.py took 0.260 seconds
[2024-04-14T12:57:05.004+0000] {processor.py:161} INFO - Started process (PID=891) to work on /home/airflow/.local/lib/python3.12/site-packages/airflow/example_dags/example_params_trigger_ui.py
[2024-04-14T12:57:05.006+0000] {processor.py:830} INFO - Processing file /home/airflow/.local/lib/python3.12/site-packages/airflow/example_dags/example_params_trigger_ui.py for tasks to queue
[2024-04-14T12:57:05.009+0000] {logging_mixin.py:188} INFO - [2024-04-14T12:57:05.009+0000] {dagbag.py:540} INFO - Filling up the DagBag from /home/airflow/.local/lib/python3.12/site-packages/airflow/example_dags/example_params_trigger_ui.py
[2024-04-14T12:57:05.047+0000] {processor.py:840} INFO - DAG(s) 'example_params_trigger_ui' retrieved from /home/airflow/.local/lib/python3.12/site-packages/airflow/example_dags/example_params_trigger_ui.py
[2024-04-14T12:57:05.164+0000] {logging_mixin.py:188} INFO - [2024-04-14T12:57:05.164+0000] {dag.py:3096} INFO - Sync 1 DAGs
[2024-04-14T12:57:05.201+0000] {logging_mixin.py:188} INFO - [2024-04-14T12:57:05.200+0000] {dag.py:3954} INFO - Setting next_dagrun for example_params_trigger_ui to None, run_after=None
[2024-04-14T12:57:05.286+0000] {processor.py:183} INFO - Processing /home/airflow/.local/lib/python3.12/site-packages/airflow/example_dags/example_params_trigger_ui.py took 0.291 seconds
[2024-04-14T12:57:35.604+0000] {processor.py:161} INFO - Started process (PID=949) to work on /home/airflow/.local/lib/python3.12/site-packages/airflow/example_dags/example_params_trigger_ui.py
[2024-04-14T12:57:35.606+0000] {processor.py:830} INFO - Processing file /home/airflow/.local/lib/python3.12/site-packages/airflow/example_dags/example_params_trigger_ui.py for tasks to queue
[2024-04-14T12:57:35.610+0000] {logging_mixin.py:188} INFO - [2024-04-14T12:57:35.609+0000] {dagbag.py:540} INFO - Filling up the DagBag from /home/airflow/.local/lib/python3.12/site-packages/airflow/example_dags/example_params_trigger_ui.py
[2024-04-14T12:57:35.637+0000] {processor.py:840} INFO - DAG(s) 'example_params_trigger_ui' retrieved from /home/airflow/.local/lib/python3.12/site-packages/airflow/example_dags/example_params_trigger_ui.py
[2024-04-14T12:57:35.839+0000] {logging_mixin.py:188} INFO - [2024-04-14T12:57:35.838+0000] {dag.py:3096} INFO - Sync 1 DAGs
[2024-04-14T12:57:36.193+0000] {logging_mixin.py:188} INFO - [2024-04-14T12:57:36.193+0000] {dag.py:3954} INFO - Setting next_dagrun for example_params_trigger_ui to None, run_after=None
[2024-04-14T12:57:36.248+0000] {processor.py:183} INFO - Processing /home/airflow/.local/lib/python3.12/site-packages/airflow/example_dags/example_params_trigger_ui.py took 0.656 seconds
[2024-04-14T12:58:07.049+0000] {processor.py:161} INFO - Started process (PID=1008) to work on /home/airflow/.local/lib/python3.12/site-packages/airflow/example_dags/example_params_trigger_ui.py
[2024-04-14T12:58:07.064+0000] {processor.py:830} INFO - Processing file /home/airflow/.local/lib/python3.12/site-packages/airflow/example_dags/example_params_trigger_ui.py for tasks to queue
[2024-04-14T12:58:07.069+0000] {logging_mixin.py:188} INFO - [2024-04-14T12:58:07.069+0000] {dagbag.py:540} INFO - Filling up the DagBag from /home/airflow/.local/lib/python3.12/site-packages/airflow/example_dags/example_params_trigger_ui.py
[2024-04-14T12:58:07.163+0000] {processor.py:840} INFO - DAG(s) 'example_params_trigger_ui' retrieved from /home/airflow/.local/lib/python3.12/site-packages/airflow/example_dags/example_params_trigger_ui.py
[2024-04-14T12:58:07.408+0000] {logging_mixin.py:188} INFO - [2024-04-14T12:58:07.407+0000] {dag.py:3096} INFO - Sync 1 DAGs
[2024-04-14T12:58:07.849+0000] {logging_mixin.py:188} INFO - [2024-04-14T12:58:07.848+0000] {dag.py:3954} INFO - Setting next_dagrun for example_params_trigger_ui to None, run_after=None
[2024-04-14T12:58:07.896+0000] {processor.py:183} INFO - Processing /home/airflow/.local/lib/python3.12/site-packages/airflow/example_dags/example_params_trigger_ui.py took 0.870 seconds
[2024-04-14T12:58:38.837+0000] {processor.py:161} INFO - Started process (PID=1065) to work on /home/airflow/.local/lib/python3.12/site-packages/airflow/example_dags/example_params_trigger_ui.py
[2024-04-14T12:58:38.863+0000] {processor.py:830} INFO - Processing file /home/airflow/.local/lib/python3.12/site-packages/airflow/example_dags/example_params_trigger_ui.py for tasks to queue
[2024-04-14T12:58:38.878+0000] {logging_mixin.py:188} INFO - [2024-04-14T12:58:38.878+0000] {dagbag.py:540} INFO - Filling up the DagBag from /home/airflow/.local/lib/python3.12/site-packages/airflow/example_dags/example_params_trigger_ui.py
[2024-04-14T12:58:38.954+0000] {processor.py:840} INFO - DAG(s) 'example_params_trigger_ui' retrieved from /home/airflow/.local/lib/python3.12/site-packages/airflow/example_dags/example_params_trigger_ui.py
[2024-04-14T12:58:39.172+0000] {logging_mixin.py:188} INFO - [2024-04-14T12:58:39.171+0000] {dag.py:3096} INFO - Sync 1 DAGs
[2024-04-14T12:58:39.208+0000] {logging_mixin.py:188} INFO - [2024-04-14T12:58:39.207+0000] {dag.py:3954} INFO - Setting next_dagrun for example_params_trigger_ui to None, run_after=None
[2024-04-14T12:58:39.258+0000] {processor.py:183} INFO - Processing /home/airflow/.local/lib/python3.12/site-packages/airflow/example_dags/example_params_trigger_ui.py took 0.532 seconds
[2024-04-14T12:59:10.011+0000] {processor.py:161} INFO - Started process (PID=1123) to work on /home/airflow/.local/lib/python3.12/site-packages/airflow/example_dags/example_params_trigger_ui.py
[2024-04-14T12:59:10.015+0000] {processor.py:830} INFO - Processing file /home/airflow/.local/lib/python3.12/site-packages/airflow/example_dags/example_params_trigger_ui.py for tasks to queue
[2024-04-14T12:59:10.028+0000] {logging_mixin.py:188} INFO - [2024-04-14T12:59:10.027+0000] {dagbag.py:540} INFO - Filling up the DagBag from /home/airflow/.local/lib/python3.12/site-packages/airflow/example_dags/example_params_trigger_ui.py
[2024-04-14T12:59:10.129+0000] {processor.py:840} INFO - DAG(s) 'example_params_trigger_ui' retrieved from /home/airflow/.local/lib/python3.12/site-packages/airflow/example_dags/example_params_trigger_ui.py
[2024-04-14T12:59:10.223+0000] {logging_mixin.py:188} INFO - [2024-04-14T12:59:10.219+0000] {dag.py:3096} INFO - Sync 1 DAGs
[2024-04-14T12:59:10.313+0000] {logging_mixin.py:188} INFO - [2024-04-14T12:59:10.312+0000] {dag.py:3954} INFO - Setting next_dagrun for example_params_trigger_ui to None, run_after=None
[2024-04-14T12:59:10.446+0000] {processor.py:183} INFO - Processing /home/airflow/.local/lib/python3.12/site-packages/airflow/example_dags/example_params_trigger_ui.py took 0.491 seconds
[2024-04-14T12:59:40.675+0000] {processor.py:161} INFO - Started process (PID=1182) to work on /home/airflow/.local/lib/python3.12/site-packages/airflow/example_dags/example_params_trigger_ui.py
[2024-04-14T12:59:40.687+0000] {processor.py:830} INFO - Processing file /home/airflow/.local/lib/python3.12/site-packages/airflow/example_dags/example_params_trigger_ui.py for tasks to queue
[2024-04-14T12:59:40.691+0000] {logging_mixin.py:188} INFO - [2024-04-14T12:59:40.690+0000] {dagbag.py:540} INFO - Filling up the DagBag from /home/airflow/.local/lib/python3.12/site-packages/airflow/example_dags/example_params_trigger_ui.py
[2024-04-14T12:59:40.789+0000] {processor.py:840} INFO - DAG(s) 'example_params_trigger_ui' retrieved from /home/airflow/.local/lib/python3.12/site-packages/airflow/example_dags/example_params_trigger_ui.py
[2024-04-14T12:59:42.051+0000] {logging_mixin.py:188} INFO - [2024-04-14T12:59:42.050+0000] {dag.py:3096} INFO - Sync 1 DAGs
[2024-04-14T12:59:42.196+0000] {logging_mixin.py:188} INFO - [2024-04-14T12:59:42.196+0000] {dag.py:3954} INFO - Setting next_dagrun for example_params_trigger_ui to None, run_after=None
[2024-04-14T12:59:42.518+0000] {processor.py:183} INFO - Processing /home/airflow/.local/lib/python3.12/site-packages/airflow/example_dags/example_params_trigger_ui.py took 1.863 seconds
[2024-04-14T13:00:12.947+0000] {processor.py:161} INFO - Started process (PID=1241) to work on /home/airflow/.local/lib/python3.12/site-packages/airflow/example_dags/example_params_trigger_ui.py
[2024-04-14T13:00:12.949+0000] {processor.py:830} INFO - Processing file /home/airflow/.local/lib/python3.12/site-packages/airflow/example_dags/example_params_trigger_ui.py for tasks to queue
[2024-04-14T13:00:12.951+0000] {logging_mixin.py:188} INFO - [2024-04-14T13:00:12.950+0000] {dagbag.py:540} INFO - Filling up the DagBag from /home/airflow/.local/lib/python3.12/site-packages/airflow/example_dags/example_params_trigger_ui.py
[2024-04-14T13:00:12.978+0000] {processor.py:840} INFO - DAG(s) 'example_params_trigger_ui' retrieved from /home/airflow/.local/lib/python3.12/site-packages/airflow/example_dags/example_params_trigger_ui.py
[2024-04-14T13:00:13.068+0000] {logging_mixin.py:188} INFO - [2024-04-14T13:00:13.067+0000] {dag.py:3096} INFO - Sync 1 DAGs
[2024-04-14T13:00:13.096+0000] {logging_mixin.py:188} INFO - [2024-04-14T13:00:13.096+0000] {dag.py:3954} INFO - Setting next_dagrun for example_params_trigger_ui to None, run_after=None
[2024-04-14T13:00:13.134+0000] {processor.py:183} INFO - Processing /home/airflow/.local/lib/python3.12/site-packages/airflow/example_dags/example_params_trigger_ui.py took 0.197 seconds
[2024-04-14T13:00:43.244+0000] {processor.py:161} INFO - Started process (PID=1300) to work on /home/airflow/.local/lib/python3.12/site-packages/airflow/example_dags/example_params_trigger_ui.py
[2024-04-14T13:00:43.246+0000] {processor.py:830} INFO - Processing file /home/airflow/.local/lib/python3.12/site-packages/airflow/example_dags/example_params_trigger_ui.py for tasks to queue
[2024-04-14T13:00:43.250+0000] {logging_mixin.py:188} INFO - [2024-04-14T13:00:43.249+0000] {dagbag.py:540} INFO - Filling up the DagBag from /home/airflow/.local/lib/python3.12/site-packages/airflow/example_dags/example_params_trigger_ui.py
[2024-04-14T13:00:43.284+0000] {processor.py:840} INFO - DAG(s) 'example_params_trigger_ui' retrieved from /home/airflow/.local/lib/python3.12/site-packages/airflow/example_dags/example_params_trigger_ui.py
[2024-04-14T13:00:43.432+0000] {logging_mixin.py:188} INFO - [2024-04-14T13:00:43.432+0000] {dag.py:3096} INFO - Sync 1 DAGs
[2024-04-14T13:00:43.475+0000] {logging_mixin.py:188} INFO - [2024-04-14T13:00:43.474+0000] {dag.py:3954} INFO - Setting next_dagrun for example_params_trigger_ui to None, run_after=None
[2024-04-14T13:00:43.577+0000] {processor.py:183} INFO - Processing /home/airflow/.local/lib/python3.12/site-packages/airflow/example_dags/example_params_trigger_ui.py took 0.345 seconds
[2024-04-14T13:01:14.023+0000] {processor.py:161} INFO - Started process (PID=1359) to work on /home/airflow/.local/lib/python3.12/site-packages/airflow/example_dags/example_params_trigger_ui.py
[2024-04-14T13:01:14.025+0000] {processor.py:830} INFO - Processing file /home/airflow/.local/lib/python3.12/site-packages/airflow/example_dags/example_params_trigger_ui.py for tasks to queue
[2024-04-14T13:01:14.028+0000] {logging_mixin.py:188} INFO - [2024-04-14T13:01:14.027+0000] {dagbag.py:540} INFO - Filling up the DagBag from /home/airflow/.local/lib/python3.12/site-packages/airflow/example_dags/example_params_trigger_ui.py
[2024-04-14T13:01:14.061+0000] {processor.py:840} INFO - DAG(s) 'example_params_trigger_ui' retrieved from /home/airflow/.local/lib/python3.12/site-packages/airflow/example_dags/example_params_trigger_ui.py
[2024-04-14T13:01:14.169+0000] {logging_mixin.py:188} INFO - [2024-04-14T13:01:14.169+0000] {dag.py:3096} INFO - Sync 1 DAGs
[2024-04-14T13:01:14.190+0000] {logging_mixin.py:188} INFO - [2024-04-14T13:01:14.190+0000] {dag.py:3954} INFO - Setting next_dagrun for example_params_trigger_ui to None, run_after=None
[2024-04-14T13:01:14.223+0000] {processor.py:183} INFO - Processing /home/airflow/.local/lib/python3.12/site-packages/airflow/example_dags/example_params_trigger_ui.py took 0.212 seconds
[2024-04-14T13:01:44.762+0000] {processor.py:161} INFO - Started process (PID=1418) to work on /home/airflow/.local/lib/python3.12/site-packages/airflow/example_dags/example_params_trigger_ui.py
[2024-04-14T13:01:44.765+0000] {processor.py:830} INFO - Processing file /home/airflow/.local/lib/python3.12/site-packages/airflow/example_dags/example_params_trigger_ui.py for tasks to queue
[2024-04-14T13:01:44.767+0000] {logging_mixin.py:188} INFO - [2024-04-14T13:01:44.767+0000] {dagbag.py:540} INFO - Filling up the DagBag from /home/airflow/.local/lib/python3.12/site-packages/airflow/example_dags/example_params_trigger_ui.py
[2024-04-14T13:01:44.787+0000] {processor.py:840} INFO - DAG(s) 'example_params_trigger_ui' retrieved from /home/airflow/.local/lib/python3.12/site-packages/airflow/example_dags/example_params_trigger_ui.py
[2024-04-14T13:01:44.873+0000] {logging_mixin.py:188} INFO - [2024-04-14T13:01:44.873+0000] {dag.py:3096} INFO - Sync 1 DAGs
[2024-04-14T13:01:44.903+0000] {logging_mixin.py:188} INFO - [2024-04-14T13:01:44.902+0000] {dag.py:3954} INFO - Setting next_dagrun for example_params_trigger_ui to None, run_after=None
[2024-04-14T13:01:44.940+0000] {processor.py:183} INFO - Processing /home/airflow/.local/lib/python3.12/site-packages/airflow/example_dags/example_params_trigger_ui.py took 0.186 seconds
[2024-04-14T13:02:15.069+0000] {processor.py:161} INFO - Started process (PID=1477) to work on /home/airflow/.local/lib/python3.12/site-packages/airflow/example_dags/example_params_trigger_ui.py
[2024-04-14T13:02:15.071+0000] {processor.py:830} INFO - Processing file /home/airflow/.local/lib/python3.12/site-packages/airflow/example_dags/example_params_trigger_ui.py for tasks to queue
[2024-04-14T13:02:15.073+0000] {logging_mixin.py:188} INFO - [2024-04-14T13:02:15.072+0000] {dagbag.py:540} INFO - Filling up the DagBag from /home/airflow/.local/lib/python3.12/site-packages/airflow/example_dags/example_params_trigger_ui.py
[2024-04-14T13:02:15.105+0000] {processor.py:840} INFO - DAG(s) 'example_params_trigger_ui' retrieved from /home/airflow/.local/lib/python3.12/site-packages/airflow/example_dags/example_params_trigger_ui.py
[2024-04-14T13:02:15.201+0000] {logging_mixin.py:188} INFO - [2024-04-14T13:02:15.200+0000] {dag.py:3096} INFO - Sync 1 DAGs
[2024-04-14T13:02:15.231+0000] {logging_mixin.py:188} INFO - [2024-04-14T13:02:15.230+0000] {dag.py:3954} INFO - Setting next_dagrun for example_params_trigger_ui to None, run_after=None
[2024-04-14T13:02:15.293+0000] {processor.py:183} INFO - Processing /home/airflow/.local/lib/python3.12/site-packages/airflow/example_dags/example_params_trigger_ui.py took 0.238 seconds
[2024-04-14T13:02:45.681+0000] {processor.py:161} INFO - Started process (PID=1536) to work on /home/airflow/.local/lib/python3.12/site-packages/airflow/example_dags/example_params_trigger_ui.py
[2024-04-14T13:02:45.682+0000] {processor.py:830} INFO - Processing file /home/airflow/.local/lib/python3.12/site-packages/airflow/example_dags/example_params_trigger_ui.py for tasks to queue
[2024-04-14T13:02:45.684+0000] {logging_mixin.py:188} INFO - [2024-04-14T13:02:45.683+0000] {dagbag.py:540} INFO - Filling up the DagBag from /home/airflow/.local/lib/python3.12/site-packages/airflow/example_dags/example_params_trigger_ui.py
[2024-04-14T13:02:45.705+0000] {processor.py:840} INFO - DAG(s) 'example_params_trigger_ui' retrieved from /home/airflow/.local/lib/python3.12/site-packages/airflow/example_dags/example_params_trigger_ui.py
[2024-04-14T13:02:45.777+0000] {logging_mixin.py:188} INFO - [2024-04-14T13:02:45.777+0000] {dag.py:3096} INFO - Sync 1 DAGs
[2024-04-14T13:02:45.801+0000] {logging_mixin.py:188} INFO - [2024-04-14T13:02:45.800+0000] {dag.py:3954} INFO - Setting next_dagrun for example_params_trigger_ui to None, run_after=None
[2024-04-14T13:02:45.829+0000] {processor.py:183} INFO - Processing /home/airflow/.local/lib/python3.12/site-packages/airflow/example_dags/example_params_trigger_ui.py took 0.155 seconds
[2024-04-14T13:03:16.323+0000] {processor.py:161} INFO - Started process (PID=1596) to work on /home/airflow/.local/lib/python3.12/site-packages/airflow/example_dags/example_params_trigger_ui.py
[2024-04-14T13:03:16.324+0000] {processor.py:830} INFO - Processing file /home/airflow/.local/lib/python3.12/site-packages/airflow/example_dags/example_params_trigger_ui.py for tasks to queue
[2024-04-14T13:03:16.326+0000] {logging_mixin.py:188} INFO - [2024-04-14T13:03:16.326+0000] {dagbag.py:540} INFO - Filling up the DagBag from /home/airflow/.local/lib/python3.12/site-packages/airflow/example_dags/example_params_trigger_ui.py
[2024-04-14T13:03:16.344+0000] {processor.py:840} INFO - DAG(s) 'example_params_trigger_ui' retrieved from /home/airflow/.local/lib/python3.12/site-packages/airflow/example_dags/example_params_trigger_ui.py
[2024-04-14T13:03:16.420+0000] {logging_mixin.py:188} INFO - [2024-04-14T13:03:16.419+0000] {dag.py:3096} INFO - Sync 1 DAGs
[2024-04-14T13:03:16.437+0000] {logging_mixin.py:188} INFO - [2024-04-14T13:03:16.436+0000] {dag.py:3954} INFO - Setting next_dagrun for example_params_trigger_ui to None, run_after=None
[2024-04-14T13:03:16.462+0000] {processor.py:183} INFO - Processing /home/airflow/.local/lib/python3.12/site-packages/airflow/example_dags/example_params_trigger_ui.py took 0.146 seconds
[2024-04-14T13:03:47.120+0000] {processor.py:161} INFO - Started process (PID=1655) to work on /home/airflow/.local/lib/python3.12/site-packages/airflow/example_dags/example_params_trigger_ui.py
[2024-04-14T13:03:47.122+0000] {processor.py:830} INFO - Processing file /home/airflow/.local/lib/python3.12/site-packages/airflow/example_dags/example_params_trigger_ui.py for tasks to queue
[2024-04-14T13:03:47.124+0000] {logging_mixin.py:188} INFO - [2024-04-14T13:03:47.124+0000] {dagbag.py:540} INFO - Filling up the DagBag from /home/airflow/.local/lib/python3.12/site-packages/airflow/example_dags/example_params_trigger_ui.py
[2024-04-14T13:03:47.176+0000] {processor.py:840} INFO - DAG(s) 'example_params_trigger_ui' retrieved from /home/airflow/.local/lib/python3.12/site-packages/airflow/example_dags/example_params_trigger_ui.py
[2024-04-14T13:03:47.508+0000] {logging_mixin.py:188} INFO - [2024-04-14T13:03:47.506+0000] {dag.py:3096} INFO - Sync 1 DAGs
[2024-04-14T13:03:47.595+0000] {logging_mixin.py:188} INFO - [2024-04-14T13:03:47.595+0000] {dag.py:3954} INFO - Setting next_dagrun for example_params_trigger_ui to None, run_after=None
[2024-04-14T13:03:47.765+0000] {processor.py:183} INFO - Processing /home/airflow/.local/lib/python3.12/site-packages/airflow/example_dags/example_params_trigger_ui.py took 0.660 seconds
[2024-04-14T13:04:18.017+0000] {processor.py:161} INFO - Started process (PID=1713) to work on /home/airflow/.local/lib/python3.12/site-packages/airflow/example_dags/example_params_trigger_ui.py
[2024-04-14T13:04:18.018+0000] {processor.py:830} INFO - Processing file /home/airflow/.local/lib/python3.12/site-packages/airflow/example_dags/example_params_trigger_ui.py for tasks to queue
[2024-04-14T13:04:18.020+0000] {logging_mixin.py:188} INFO - [2024-04-14T13:04:18.019+0000] {dagbag.py:540} INFO - Filling up the DagBag from /home/airflow/.local/lib/python3.12/site-packages/airflow/example_dags/example_params_trigger_ui.py
[2024-04-14T13:04:18.038+0000] {processor.py:840} INFO - DAG(s) 'example_params_trigger_ui' retrieved from /home/airflow/.local/lib/python3.12/site-packages/airflow/example_dags/example_params_trigger_ui.py
[2024-04-14T13:04:18.109+0000] {logging_mixin.py:188} INFO - [2024-04-14T13:04:18.109+0000] {dag.py:3096} INFO - Sync 1 DAGs
[2024-04-14T13:04:18.128+0000] {logging_mixin.py:188} INFO - [2024-04-14T13:04:18.127+0000] {dag.py:3954} INFO - Setting next_dagrun for example_params_trigger_ui to None, run_after=None
[2024-04-14T13:04:18.154+0000] {processor.py:183} INFO - Processing /home/airflow/.local/lib/python3.12/site-packages/airflow/example_dags/example_params_trigger_ui.py took 0.144 seconds
[2024-04-14T13:04:48.391+0000] {processor.py:161} INFO - Started process (PID=1778) to work on /home/airflow/.local/lib/python3.12/site-packages/airflow/example_dags/example_params_trigger_ui.py
[2024-04-14T13:04:48.395+0000] {processor.py:830} INFO - Processing file /home/airflow/.local/lib/python3.12/site-packages/airflow/example_dags/example_params_trigger_ui.py for tasks to queue
[2024-04-14T13:04:48.398+0000] {logging_mixin.py:188} INFO - [2024-04-14T13:04:48.397+0000] {dagbag.py:540} INFO - Filling up the DagBag from /home/airflow/.local/lib/python3.12/site-packages/airflow/example_dags/example_params_trigger_ui.py
[2024-04-14T13:04:48.421+0000] {processor.py:840} INFO - DAG(s) 'example_params_trigger_ui' retrieved from /home/airflow/.local/lib/python3.12/site-packages/airflow/example_dags/example_params_trigger_ui.py
[2024-04-14T13:04:48.501+0000] {logging_mixin.py:188} INFO - [2024-04-14T13:04:48.501+0000] {dag.py:3096} INFO - Sync 1 DAGs
[2024-04-14T13:04:48.547+0000] {logging_mixin.py:188} INFO - [2024-04-14T13:04:48.546+0000] {dag.py:3954} INFO - Setting next_dagrun for example_params_trigger_ui to None, run_after=None
[2024-04-14T13:04:48.628+0000] {processor.py:183} INFO - Processing /home/airflow/.local/lib/python3.12/site-packages/airflow/example_dags/example_params_trigger_ui.py took 0.259 seconds
[2024-04-14T13:05:19.129+0000] {processor.py:161} INFO - Started process (PID=1836) to work on /home/airflow/.local/lib/python3.12/site-packages/airflow/example_dags/example_params_trigger_ui.py
[2024-04-14T13:05:19.131+0000] {processor.py:830} INFO - Processing file /home/airflow/.local/lib/python3.12/site-packages/airflow/example_dags/example_params_trigger_ui.py for tasks to queue
[2024-04-14T13:05:19.133+0000] {logging_mixin.py:188} INFO - [2024-04-14T13:05:19.132+0000] {dagbag.py:540} INFO - Filling up the DagBag from /home/airflow/.local/lib/python3.12/site-packages/airflow/example_dags/example_params_trigger_ui.py
[2024-04-14T13:05:19.182+0000] {processor.py:840} INFO - DAG(s) 'example_params_trigger_ui' retrieved from /home/airflow/.local/lib/python3.12/site-packages/airflow/example_dags/example_params_trigger_ui.py
[2024-04-14T13:05:19.305+0000] {logging_mixin.py:188} INFO - [2024-04-14T13:05:19.304+0000] {dag.py:3096} INFO - Sync 1 DAGs
[2024-04-14T13:05:19.348+0000] {logging_mixin.py:188} INFO - [2024-04-14T13:05:19.348+0000] {dag.py:3954} INFO - Setting next_dagrun for example_params_trigger_ui to None, run_after=None
[2024-04-14T13:05:19.386+0000] {processor.py:183} INFO - Processing /home/airflow/.local/lib/python3.12/site-packages/airflow/example_dags/example_params_trigger_ui.py took 0.279 seconds
[2024-04-14T13:05:49.448+0000] {processor.py:161} INFO - Started process (PID=1895) to work on /home/airflow/.local/lib/python3.12/site-packages/airflow/example_dags/example_params_trigger_ui.py
[2024-04-14T13:05:49.450+0000] {processor.py:830} INFO - Processing file /home/airflow/.local/lib/python3.12/site-packages/airflow/example_dags/example_params_trigger_ui.py for tasks to queue
[2024-04-14T13:05:49.451+0000] {logging_mixin.py:188} INFO - [2024-04-14T13:05:49.451+0000] {dagbag.py:540} INFO - Filling up the DagBag from /home/airflow/.local/lib/python3.12/site-packages/airflow/example_dags/example_params_trigger_ui.py
[2024-04-14T13:05:49.470+0000] {processor.py:840} INFO - DAG(s) 'example_params_trigger_ui' retrieved from /home/airflow/.local/lib/python3.12/site-packages/airflow/example_dags/example_params_trigger_ui.py
[2024-04-14T13:05:49.536+0000] {logging_mixin.py:188} INFO - [2024-04-14T13:05:49.536+0000] {dag.py:3096} INFO - Sync 1 DAGs
[2024-04-14T13:05:49.557+0000] {logging_mixin.py:188} INFO - [2024-04-14T13:05:49.557+0000] {dag.py:3954} INFO - Setting next_dagrun for example_params_trigger_ui to None, run_after=None
[2024-04-14T13:05:49.593+0000] {processor.py:183} INFO - Processing /home/airflow/.local/lib/python3.12/site-packages/airflow/example_dags/example_params_trigger_ui.py took 0.152 seconds
[2024-04-14T13:06:20.569+0000] {processor.py:161} INFO - Started process (PID=1954) to work on /home/airflow/.local/lib/python3.12/site-packages/airflow/example_dags/example_params_trigger_ui.py
[2024-04-14T13:06:20.571+0000] {processor.py:830} INFO - Processing file /home/airflow/.local/lib/python3.12/site-packages/airflow/example_dags/example_params_trigger_ui.py for tasks to queue
[2024-04-14T13:06:20.577+0000] {logging_mixin.py:188} INFO - [2024-04-14T13:06:20.574+0000] {dagbag.py:540} INFO - Filling up the DagBag from /home/airflow/.local/lib/python3.12/site-packages/airflow/example_dags/example_params_trigger_ui.py
[2024-04-14T13:06:20.624+0000] {processor.py:840} INFO - DAG(s) 'example_params_trigger_ui' retrieved from /home/airflow/.local/lib/python3.12/site-packages/airflow/example_dags/example_params_trigger_ui.py
[2024-04-14T13:06:20.801+0000] {logging_mixin.py:188} INFO - [2024-04-14T13:06:20.798+0000] {dag.py:3096} INFO - Sync 1 DAGs
[2024-04-14T13:06:20.841+0000] {logging_mixin.py:188} INFO - [2024-04-14T13:06:20.841+0000] {dag.py:3954} INFO - Setting next_dagrun for example_params_trigger_ui to None, run_after=None
[2024-04-14T13:06:20.906+0000] {processor.py:183} INFO - Processing /home/airflow/.local/lib/python3.12/site-packages/airflow/example_dags/example_params_trigger_ui.py took 0.345 seconds
[2024-04-14T13:06:51.365+0000] {processor.py:161} INFO - Started process (PID=2013) to work on /home/airflow/.local/lib/python3.12/site-packages/airflow/example_dags/example_params_trigger_ui.py
[2024-04-14T13:06:51.367+0000] {processor.py:830} INFO - Processing file /home/airflow/.local/lib/python3.12/site-packages/airflow/example_dags/example_params_trigger_ui.py for tasks to queue
[2024-04-14T13:06:51.370+0000] {logging_mixin.py:188} INFO - [2024-04-14T13:06:51.369+0000] {dagbag.py:540} INFO - Filling up the DagBag from /home/airflow/.local/lib/python3.12/site-packages/airflow/example_dags/example_params_trigger_ui.py
[2024-04-14T13:06:51.406+0000] {processor.py:840} INFO - DAG(s) 'example_params_trigger_ui' retrieved from /home/airflow/.local/lib/python3.12/site-packages/airflow/example_dags/example_params_trigger_ui.py
[2024-04-14T13:06:51.541+0000] {logging_mixin.py:188} INFO - [2024-04-14T13:06:51.540+0000] {dag.py:3096} INFO - Sync 1 DAGs
[2024-04-14T13:06:51.568+0000] {logging_mixin.py:188} INFO - [2024-04-14T13:06:51.567+0000] {dag.py:3954} INFO - Setting next_dagrun for example_params_trigger_ui to None, run_after=None
[2024-04-14T13:06:51.615+0000] {processor.py:183} INFO - Processing /home/airflow/.local/lib/python3.12/site-packages/airflow/example_dags/example_params_trigger_ui.py took 0.262 seconds
[2024-04-14T13:07:22.264+0000] {processor.py:161} INFO - Started process (PID=2073) to work on /home/airflow/.local/lib/python3.12/site-packages/airflow/example_dags/example_params_trigger_ui.py
[2024-04-14T13:07:22.266+0000] {processor.py:830} INFO - Processing file /home/airflow/.local/lib/python3.12/site-packages/airflow/example_dags/example_params_trigger_ui.py for tasks to queue
[2024-04-14T13:07:22.269+0000] {logging_mixin.py:188} INFO - [2024-04-14T13:07:22.268+0000] {dagbag.py:540} INFO - Filling up the DagBag from /home/airflow/.local/lib/python3.12/site-packages/airflow/example_dags/example_params_trigger_ui.py
[2024-04-14T13:07:22.323+0000] {processor.py:840} INFO - DAG(s) 'example_params_trigger_ui' retrieved from /home/airflow/.local/lib/python3.12/site-packages/airflow/example_dags/example_params_trigger_ui.py
[2024-04-14T13:07:22.620+0000] {logging_mixin.py:188} INFO - [2024-04-14T13:07:22.620+0000] {dag.py:3096} INFO - Sync 1 DAGs
[2024-04-14T13:07:22.689+0000] {logging_mixin.py:188} INFO - [2024-04-14T13:07:22.688+0000] {dag.py:3954} INFO - Setting next_dagrun for example_params_trigger_ui to None, run_after=None
[2024-04-14T13:07:22.764+0000] {processor.py:183} INFO - Processing /home/airflow/.local/lib/python3.12/site-packages/airflow/example_dags/example_params_trigger_ui.py took 0.529 seconds
[2024-04-14T13:07:52.969+0000] {processor.py:161} INFO - Started process (PID=2132) to work on /home/airflow/.local/lib/python3.12/site-packages/airflow/example_dags/example_params_trigger_ui.py
[2024-04-14T13:07:52.971+0000] {processor.py:830} INFO - Processing file /home/airflow/.local/lib/python3.12/site-packages/airflow/example_dags/example_params_trigger_ui.py for tasks to queue
[2024-04-14T13:07:52.973+0000] {logging_mixin.py:188} INFO - [2024-04-14T13:07:52.972+0000] {dagbag.py:540} INFO - Filling up the DagBag from /home/airflow/.local/lib/python3.12/site-packages/airflow/example_dags/example_params_trigger_ui.py
[2024-04-14T13:07:53.003+0000] {processor.py:840} INFO - DAG(s) 'example_params_trigger_ui' retrieved from /home/airflow/.local/lib/python3.12/site-packages/airflow/example_dags/example_params_trigger_ui.py
[2024-04-14T13:07:53.109+0000] {logging_mixin.py:188} INFO - [2024-04-14T13:07:53.109+0000] {dag.py:3096} INFO - Sync 1 DAGs
[2024-04-14T13:07:53.145+0000] {logging_mixin.py:188} INFO - [2024-04-14T13:07:53.145+0000] {dag.py:3954} INFO - Setting next_dagrun for example_params_trigger_ui to None, run_after=None
[2024-04-14T13:07:53.191+0000] {processor.py:183} INFO - Processing /home/airflow/.local/lib/python3.12/site-packages/airflow/example_dags/example_params_trigger_ui.py took 0.232 seconds
[2024-04-14T13:08:24.357+0000] {processor.py:161} INFO - Started process (PID=2194) to work on /home/airflow/.local/lib/python3.12/site-packages/airflow/example_dags/example_params_trigger_ui.py
[2024-04-14T13:08:24.360+0000] {processor.py:830} INFO - Processing file /home/airflow/.local/lib/python3.12/site-packages/airflow/example_dags/example_params_trigger_ui.py for tasks to queue
[2024-04-14T13:08:24.363+0000] {logging_mixin.py:188} INFO - [2024-04-14T13:08:24.362+0000] {dagbag.py:540} INFO - Filling up the DagBag from /home/airflow/.local/lib/python3.12/site-packages/airflow/example_dags/example_params_trigger_ui.py
[2024-04-14T13:08:24.443+0000] {processor.py:840} INFO - DAG(s) 'example_params_trigger_ui' retrieved from /home/airflow/.local/lib/python3.12/site-packages/airflow/example_dags/example_params_trigger_ui.py
[2024-04-14T13:08:24.581+0000] {logging_mixin.py:188} INFO - [2024-04-14T13:08:24.581+0000] {dag.py:3096} INFO - Sync 1 DAGs
[2024-04-14T13:08:24.606+0000] {logging_mixin.py:188} INFO - [2024-04-14T13:08:24.605+0000] {dag.py:3954} INFO - Setting next_dagrun for example_params_trigger_ui to None, run_after=None
[2024-04-14T13:08:24.689+0000] {processor.py:183} INFO - Processing /home/airflow/.local/lib/python3.12/site-packages/airflow/example_dags/example_params_trigger_ui.py took 0.391 seconds
[2024-04-14T13:08:55.442+0000] {processor.py:161} INFO - Started process (PID=2253) to work on /home/airflow/.local/lib/python3.12/site-packages/airflow/example_dags/example_params_trigger_ui.py
[2024-04-14T13:08:55.443+0000] {processor.py:830} INFO - Processing file /home/airflow/.local/lib/python3.12/site-packages/airflow/example_dags/example_params_trigger_ui.py for tasks to queue
[2024-04-14T13:08:55.445+0000] {logging_mixin.py:188} INFO - [2024-04-14T13:08:55.445+0000] {dagbag.py:540} INFO - Filling up the DagBag from /home/airflow/.local/lib/python3.12/site-packages/airflow/example_dags/example_params_trigger_ui.py
[2024-04-14T13:08:55.466+0000] {processor.py:840} INFO - DAG(s) 'example_params_trigger_ui' retrieved from /home/airflow/.local/lib/python3.12/site-packages/airflow/example_dags/example_params_trigger_ui.py
[2024-04-14T13:08:55.549+0000] {logging_mixin.py:188} INFO - [2024-04-14T13:08:55.549+0000] {dag.py:3096} INFO - Sync 1 DAGs
[2024-04-14T13:08:55.569+0000] {logging_mixin.py:188} INFO - [2024-04-14T13:08:55.569+0000] {dag.py:3954} INFO - Setting next_dagrun for example_params_trigger_ui to None, run_after=None
[2024-04-14T13:08:55.600+0000] {processor.py:183} INFO - Processing /home/airflow/.local/lib/python3.12/site-packages/airflow/example_dags/example_params_trigger_ui.py took 0.167 seconds
[2024-04-14T13:09:26.418+0000] {processor.py:161} INFO - Started process (PID=2312) to work on /home/airflow/.local/lib/python3.12/site-packages/airflow/example_dags/example_params_trigger_ui.py
[2024-04-14T13:09:26.419+0000] {processor.py:830} INFO - Processing file /home/airflow/.local/lib/python3.12/site-packages/airflow/example_dags/example_params_trigger_ui.py for tasks to queue
[2024-04-14T13:09:26.424+0000] {logging_mixin.py:188} INFO - [2024-04-14T13:09:26.421+0000] {dagbag.py:540} INFO - Filling up the DagBag from /home/airflow/.local/lib/python3.12/site-packages/airflow/example_dags/example_params_trigger_ui.py
[2024-04-14T13:09:26.464+0000] {processor.py:840} INFO - DAG(s) 'example_params_trigger_ui' retrieved from /home/airflow/.local/lib/python3.12/site-packages/airflow/example_dags/example_params_trigger_ui.py
[2024-04-14T13:09:26.563+0000] {logging_mixin.py:188} INFO - [2024-04-14T13:09:26.562+0000] {dag.py:3096} INFO - Sync 1 DAGs
[2024-04-14T13:09:26.584+0000] {logging_mixin.py:188} INFO - [2024-04-14T13:09:26.584+0000] {dag.py:3954} INFO - Setting next_dagrun for example_params_trigger_ui to None, run_after=None
[2024-04-14T13:09:26.614+0000] {processor.py:183} INFO - Processing /home/airflow/.local/lib/python3.12/site-packages/airflow/example_dags/example_params_trigger_ui.py took 0.204 seconds
[2024-04-14T13:09:56.763+0000] {processor.py:161} INFO - Started process (PID=2371) to work on /home/airflow/.local/lib/python3.12/site-packages/airflow/example_dags/example_params_trigger_ui.py
[2024-04-14T13:09:56.765+0000] {processor.py:830} INFO - Processing file /home/airflow/.local/lib/python3.12/site-packages/airflow/example_dags/example_params_trigger_ui.py for tasks to queue
[2024-04-14T13:09:56.767+0000] {logging_mixin.py:188} INFO - [2024-04-14T13:09:56.766+0000] {dagbag.py:540} INFO - Filling up the DagBag from /home/airflow/.local/lib/python3.12/site-packages/airflow/example_dags/example_params_trigger_ui.py
[2024-04-14T13:09:56.793+0000] {processor.py:840} INFO - DAG(s) 'example_params_trigger_ui' retrieved from /home/airflow/.local/lib/python3.12/site-packages/airflow/example_dags/example_params_trigger_ui.py
[2024-04-14T13:09:56.964+0000] {logging_mixin.py:188} INFO - [2024-04-14T13:09:56.964+0000] {dag.py:3096} INFO - Sync 1 DAGs
[2024-04-14T13:09:57.016+0000] {logging_mixin.py:188} INFO - [2024-04-14T13:09:57.015+0000] {dag.py:3954} INFO - Setting next_dagrun for example_params_trigger_ui to None, run_after=None
[2024-04-14T13:09:57.066+0000] {processor.py:183} INFO - Processing /home/airflow/.local/lib/python3.12/site-packages/airflow/example_dags/example_params_trigger_ui.py took 0.317 seconds
[2024-04-14T13:10:27.408+0000] {processor.py:161} INFO - Started process (PID=2430) to work on /home/airflow/.local/lib/python3.12/site-packages/airflow/example_dags/example_params_trigger_ui.py
[2024-04-14T13:10:27.410+0000] {processor.py:830} INFO - Processing file /home/airflow/.local/lib/python3.12/site-packages/airflow/example_dags/example_params_trigger_ui.py for tasks to queue
[2024-04-14T13:10:27.413+0000] {logging_mixin.py:188} INFO - [2024-04-14T13:10:27.412+0000] {dagbag.py:540} INFO - Filling up the DagBag from /home/airflow/.local/lib/python3.12/site-packages/airflow/example_dags/example_params_trigger_ui.py
[2024-04-14T13:10:27.508+0000] {processor.py:840} INFO - DAG(s) 'example_params_trigger_ui' retrieved from /home/airflow/.local/lib/python3.12/site-packages/airflow/example_dags/example_params_trigger_ui.py
[2024-04-14T13:10:27.807+0000] {logging_mixin.py:188} INFO - [2024-04-14T13:10:27.806+0000] {dag.py:3096} INFO - Sync 1 DAGs
[2024-04-14T13:10:27.877+0000] {logging_mixin.py:188} INFO - [2024-04-14T13:10:27.868+0000] {dag.py:3954} INFO - Setting next_dagrun for example_params_trigger_ui to None, run_after=None
[2024-04-14T13:10:27.958+0000] {processor.py:183} INFO - Processing /home/airflow/.local/lib/python3.12/site-packages/airflow/example_dags/example_params_trigger_ui.py took 0.565 seconds
[2024-04-14T13:10:58.947+0000] {processor.py:161} INFO - Started process (PID=2490) to work on /home/airflow/.local/lib/python3.12/site-packages/airflow/example_dags/example_params_trigger_ui.py
[2024-04-14T13:10:58.949+0000] {processor.py:830} INFO - Processing file /home/airflow/.local/lib/python3.12/site-packages/airflow/example_dags/example_params_trigger_ui.py for tasks to queue
[2024-04-14T13:10:58.951+0000] {logging_mixin.py:188} INFO - [2024-04-14T13:10:58.950+0000] {dagbag.py:540} INFO - Filling up the DagBag from /home/airflow/.local/lib/python3.12/site-packages/airflow/example_dags/example_params_trigger_ui.py
[2024-04-14T13:10:58.973+0000] {processor.py:840} INFO - DAG(s) 'example_params_trigger_ui' retrieved from /home/airflow/.local/lib/python3.12/site-packages/airflow/example_dags/example_params_trigger_ui.py
[2024-04-14T13:10:59.071+0000] {logging_mixin.py:188} INFO - [2024-04-14T13:10:59.071+0000] {dag.py:3096} INFO - Sync 1 DAGs
[2024-04-14T13:10:59.093+0000] {logging_mixin.py:188} INFO - [2024-04-14T13:10:59.093+0000] {dag.py:3954} INFO - Setting next_dagrun for example_params_trigger_ui to None, run_after=None
[2024-04-14T13:10:59.127+0000] {processor.py:183} INFO - Processing /home/airflow/.local/lib/python3.12/site-packages/airflow/example_dags/example_params_trigger_ui.py took 0.188 seconds
[2024-04-14T13:11:29.489+0000] {processor.py:161} INFO - Started process (PID=2548) to work on /home/airflow/.local/lib/python3.12/site-packages/airflow/example_dags/example_params_trigger_ui.py
[2024-04-14T13:11:29.490+0000] {processor.py:830} INFO - Processing file /home/airflow/.local/lib/python3.12/site-packages/airflow/example_dags/example_params_trigger_ui.py for tasks to queue
[2024-04-14T13:11:29.492+0000] {logging_mixin.py:188} INFO - [2024-04-14T13:11:29.492+0000] {dagbag.py:540} INFO - Filling up the DagBag from /home/airflow/.local/lib/python3.12/site-packages/airflow/example_dags/example_params_trigger_ui.py
[2024-04-14T13:11:29.512+0000] {processor.py:840} INFO - DAG(s) 'example_params_trigger_ui' retrieved from /home/airflow/.local/lib/python3.12/site-packages/airflow/example_dags/example_params_trigger_ui.py
[2024-04-14T13:11:29.572+0000] {logging_mixin.py:188} INFO - [2024-04-14T13:11:29.571+0000] {dag.py:3096} INFO - Sync 1 DAGs
[2024-04-14T13:11:29.598+0000] {logging_mixin.py:188} INFO - [2024-04-14T13:11:29.598+0000] {dag.py:3954} INFO - Setting next_dagrun for example_params_trigger_ui to None, run_after=None
[2024-04-14T13:11:29.627+0000] {processor.py:183} INFO - Processing /home/airflow/.local/lib/python3.12/site-packages/airflow/example_dags/example_params_trigger_ui.py took 0.146 seconds
[2024-04-14T13:12:00.384+0000] {processor.py:161} INFO - Started process (PID=2607) to work on /home/airflow/.local/lib/python3.12/site-packages/airflow/example_dags/example_params_trigger_ui.py
[2024-04-14T13:12:00.388+0000] {processor.py:830} INFO - Processing file /home/airflow/.local/lib/python3.12/site-packages/airflow/example_dags/example_params_trigger_ui.py for tasks to queue
[2024-04-14T13:12:00.390+0000] {logging_mixin.py:188} INFO - [2024-04-14T13:12:00.389+0000] {dagbag.py:540} INFO - Filling up the DagBag from /home/airflow/.local/lib/python3.12/site-packages/airflow/example_dags/example_params_trigger_ui.py
[2024-04-14T13:12:00.437+0000] {processor.py:840} INFO - DAG(s) 'example_params_trigger_ui' retrieved from /home/airflow/.local/lib/python3.12/site-packages/airflow/example_dags/example_params_trigger_ui.py
[2024-04-14T13:12:00.616+0000] {logging_mixin.py:188} INFO - [2024-04-14T13:12:00.615+0000] {dag.py:3096} INFO - Sync 1 DAGs
[2024-04-14T13:12:00.667+0000] {logging_mixin.py:188} INFO - [2024-04-14T13:12:00.666+0000] {dag.py:3954} INFO - Setting next_dagrun for example_params_trigger_ui to None, run_after=None
[2024-04-14T13:12:00.748+0000] {processor.py:183} INFO - Processing /home/airflow/.local/lib/python3.12/site-packages/airflow/example_dags/example_params_trigger_ui.py took 0.379 seconds
[2024-04-14T13:12:30.937+0000] {processor.py:161} INFO - Started process (PID=2666) to work on /home/airflow/.local/lib/python3.12/site-packages/airflow/example_dags/example_params_trigger_ui.py
[2024-04-14T13:12:30.939+0000] {processor.py:830} INFO - Processing file /home/airflow/.local/lib/python3.12/site-packages/airflow/example_dags/example_params_trigger_ui.py for tasks to queue
[2024-04-14T13:12:30.941+0000] {logging_mixin.py:188} INFO - [2024-04-14T13:12:30.941+0000] {dagbag.py:540} INFO - Filling up the DagBag from /home/airflow/.local/lib/python3.12/site-packages/airflow/example_dags/example_params_trigger_ui.py
[2024-04-14T13:12:30.969+0000] {processor.py:840} INFO - DAG(s) 'example_params_trigger_ui' retrieved from /home/airflow/.local/lib/python3.12/site-packages/airflow/example_dags/example_params_trigger_ui.py
[2024-04-14T13:12:31.100+0000] {logging_mixin.py:188} INFO - [2024-04-14T13:12:31.099+0000] {dag.py:3096} INFO - Sync 1 DAGs
[2024-04-14T13:12:31.128+0000] {logging_mixin.py:188} INFO - [2024-04-14T13:12:31.128+0000] {dag.py:3954} INFO - Setting next_dagrun for example_params_trigger_ui to None, run_after=None
[2024-04-14T13:12:31.225+0000] {processor.py:183} INFO - Processing /home/airflow/.local/lib/python3.12/site-packages/airflow/example_dags/example_params_trigger_ui.py took 0.301 seconds
[2024-04-14T13:13:01.387+0000] {processor.py:161} INFO - Started process (PID=2725) to work on /home/airflow/.local/lib/python3.12/site-packages/airflow/example_dags/example_params_trigger_ui.py
[2024-04-14T13:13:01.406+0000] {processor.py:830} INFO - Processing file /home/airflow/.local/lib/python3.12/site-packages/airflow/example_dags/example_params_trigger_ui.py for tasks to queue
[2024-04-14T13:13:01.408+0000] {logging_mixin.py:188} INFO - [2024-04-14T13:13:01.407+0000] {dagbag.py:540} INFO - Filling up the DagBag from /home/airflow/.local/lib/python3.12/site-packages/airflow/example_dags/example_params_trigger_ui.py
[2024-04-14T13:13:01.462+0000] {processor.py:840} INFO - DAG(s) 'example_params_trigger_ui' retrieved from /home/airflow/.local/lib/python3.12/site-packages/airflow/example_dags/example_params_trigger_ui.py
[2024-04-14T13:13:01.795+0000] {logging_mixin.py:188} INFO - [2024-04-14T13:13:01.794+0000] {dag.py:3096} INFO - Sync 1 DAGs
[2024-04-14T13:13:01.839+0000] {logging_mixin.py:188} INFO - [2024-04-14T13:13:01.838+0000] {dag.py:3954} INFO - Setting next_dagrun for example_params_trigger_ui to None, run_after=None
[2024-04-14T13:13:01.908+0000] {processor.py:183} INFO - Processing /home/airflow/.local/lib/python3.12/site-packages/airflow/example_dags/example_params_trigger_ui.py took 0.551 seconds
