[2024-04-14T12:49:39.365+0000] {processor.py:161} INFO - Started process (PID=67) to work on /home/airflow/.local/lib/python3.12/site-packages/airflow/example_dags/example_external_task_marker_dag.py
[2024-04-14T12:49:39.371+0000] {processor.py:830} INFO - Processing file /home/airflow/.local/lib/python3.12/site-packages/airflow/example_dags/example_external_task_marker_dag.py for tasks to queue
[2024-04-14T12:49:39.380+0000] {logging_mixin.py:188} INFO - [2024-04-14T12:49:39.375+0000] {dagbag.py:540} INFO - Filling up the DagBag from /home/airflow/.local/lib/python3.12/site-packages/airflow/example_dags/example_external_task_marker_dag.py
[2024-04-14T12:49:39.420+0000] {processor.py:840} INFO - DAG(s) 'example_external_task_marker_parent', 'example_external_task_marker_child' retrieved from /home/airflow/.local/lib/python3.12/site-packages/airflow/example_dags/example_external_task_marker_dag.py
[2024-04-14T12:49:40.410+0000] {logging_mixin.py:188} INFO - [2024-04-14T12:49:40.389+0000] {dag.py:3096} INFO - Sync 2 DAGs
[2024-04-14T12:49:40.523+0000] {logging_mixin.py:188} INFO - [2024-04-14T12:49:40.522+0000] {dag.py:3954} INFO - Setting next_dagrun for example_external_task_marker_child to None, run_after=None
[2024-04-14T12:49:40.572+0000] {logging_mixin.py:188} INFO - [2024-04-14T12:49:40.560+0000] {dag.py:3954} INFO - Setting next_dagrun for example_external_task_marker_parent to None, run_after=None
[2024-04-14T12:49:40.639+0000] {processor.py:183} INFO - Processing /home/airflow/.local/lib/python3.12/site-packages/airflow/example_dags/example_external_task_marker_dag.py took 1.297 seconds
[2024-04-14T12:50:11.378+0000] {processor.py:161} INFO - Started process (PID=124) to work on /home/airflow/.local/lib/python3.12/site-packages/airflow/example_dags/example_external_task_marker_dag.py
[2024-04-14T12:50:11.392+0000] {processor.py:830} INFO - Processing file /home/airflow/.local/lib/python3.12/site-packages/airflow/example_dags/example_external_task_marker_dag.py for tasks to queue
[2024-04-14T12:50:11.415+0000] {logging_mixin.py:188} INFO - [2024-04-14T12:50:11.414+0000] {dagbag.py:540} INFO - Filling up the DagBag from /home/airflow/.local/lib/python3.12/site-packages/airflow/example_dags/example_external_task_marker_dag.py
[2024-04-14T12:50:11.581+0000] {processor.py:840} INFO - DAG(s) 'example_external_task_marker_child', 'example_external_task_marker_parent' retrieved from /home/airflow/.local/lib/python3.12/site-packages/airflow/example_dags/example_external_task_marker_dag.py
[2024-04-14T12:50:12.030+0000] {logging_mixin.py:188} INFO - [2024-04-14T12:50:12.029+0000] {dag.py:3096} INFO - Sync 2 DAGs
[2024-04-14T12:50:12.186+0000] {logging_mixin.py:188} INFO - [2024-04-14T12:50:12.184+0000] {dag.py:3954} INFO - Setting next_dagrun for example_external_task_marker_child to None, run_after=None
[2024-04-14T12:50:12.217+0000] {logging_mixin.py:188} INFO - [2024-04-14T12:50:12.216+0000] {dag.py:3954} INFO - Setting next_dagrun for example_external_task_marker_parent to None, run_after=None
[2024-04-14T12:50:12.311+0000] {processor.py:183} INFO - Processing /home/airflow/.local/lib/python3.12/site-packages/airflow/example_dags/example_external_task_marker_dag.py took 1.009 seconds
[2024-04-14T12:50:42.756+0000] {processor.py:161} INFO - Started process (PID=182) to work on /home/airflow/.local/lib/python3.12/site-packages/airflow/example_dags/example_external_task_marker_dag.py
[2024-04-14T12:50:42.758+0000] {processor.py:830} INFO - Processing file /home/airflow/.local/lib/python3.12/site-packages/airflow/example_dags/example_external_task_marker_dag.py for tasks to queue
[2024-04-14T12:50:42.761+0000] {logging_mixin.py:188} INFO - [2024-04-14T12:50:42.761+0000] {dagbag.py:540} INFO - Filling up the DagBag from /home/airflow/.local/lib/python3.12/site-packages/airflow/example_dags/example_external_task_marker_dag.py
[2024-04-14T12:50:42.773+0000] {processor.py:840} INFO - DAG(s) 'example_external_task_marker_child', 'example_external_task_marker_parent' retrieved from /home/airflow/.local/lib/python3.12/site-packages/airflow/example_dags/example_external_task_marker_dag.py
[2024-04-14T12:50:42.816+0000] {logging_mixin.py:188} INFO - [2024-04-14T12:50:42.815+0000] {dag.py:3096} INFO - Sync 2 DAGs
[2024-04-14T12:50:42.842+0000] {logging_mixin.py:188} INFO - [2024-04-14T12:50:42.841+0000] {dag.py:3954} INFO - Setting next_dagrun for example_external_task_marker_child to None, run_after=None
[2024-04-14T12:50:42.850+0000] {logging_mixin.py:188} INFO - [2024-04-14T12:50:42.850+0000] {dag.py:3954} INFO - Setting next_dagrun for example_external_task_marker_parent to None, run_after=None
[2024-04-14T12:50:42.883+0000] {processor.py:183} INFO - Processing /home/airflow/.local/lib/python3.12/site-packages/airflow/example_dags/example_external_task_marker_dag.py took 0.135 seconds
[2024-04-14T12:51:13.171+0000] {processor.py:161} INFO - Started process (PID=239) to work on /home/airflow/.local/lib/python3.12/site-packages/airflow/example_dags/example_external_task_marker_dag.py
[2024-04-14T12:51:13.173+0000] {processor.py:830} INFO - Processing file /home/airflow/.local/lib/python3.12/site-packages/airflow/example_dags/example_external_task_marker_dag.py for tasks to queue
[2024-04-14T12:51:13.175+0000] {logging_mixin.py:188} INFO - [2024-04-14T12:51:13.174+0000] {dagbag.py:540} INFO - Filling up the DagBag from /home/airflow/.local/lib/python3.12/site-packages/airflow/example_dags/example_external_task_marker_dag.py
[2024-04-14T12:51:13.186+0000] {processor.py:840} INFO - DAG(s) 'example_external_task_marker_parent', 'example_external_task_marker_child' retrieved from /home/airflow/.local/lib/python3.12/site-packages/airflow/example_dags/example_external_task_marker_dag.py
[2024-04-14T12:51:13.247+0000] {logging_mixin.py:188} INFO - [2024-04-14T12:51:13.243+0000] {dag.py:3096} INFO - Sync 2 DAGs
[2024-04-14T12:51:13.273+0000] {logging_mixin.py:188} INFO - [2024-04-14T12:51:13.272+0000] {dag.py:3954} INFO - Setting next_dagrun for example_external_task_marker_child to None, run_after=None
[2024-04-14T12:51:13.282+0000] {logging_mixin.py:188} INFO - [2024-04-14T12:51:13.282+0000] {dag.py:3954} INFO - Setting next_dagrun for example_external_task_marker_parent to None, run_after=None
[2024-04-14T12:51:13.316+0000] {processor.py:183} INFO - Processing /home/airflow/.local/lib/python3.12/site-packages/airflow/example_dags/example_external_task_marker_dag.py took 0.152 seconds
[2024-04-14T12:51:43.369+0000] {processor.py:161} INFO - Started process (PID=296) to work on /home/airflow/.local/lib/python3.12/site-packages/airflow/example_dags/example_external_task_marker_dag.py
[2024-04-14T12:51:43.371+0000] {processor.py:830} INFO - Processing file /home/airflow/.local/lib/python3.12/site-packages/airflow/example_dags/example_external_task_marker_dag.py for tasks to queue
[2024-04-14T12:51:43.373+0000] {logging_mixin.py:188} INFO - [2024-04-14T12:51:43.372+0000] {dagbag.py:540} INFO - Filling up the DagBag from /home/airflow/.local/lib/python3.12/site-packages/airflow/example_dags/example_external_task_marker_dag.py
[2024-04-14T12:51:43.381+0000] {processor.py:840} INFO - DAG(s) 'example_external_task_marker_child', 'example_external_task_marker_parent' retrieved from /home/airflow/.local/lib/python3.12/site-packages/airflow/example_dags/example_external_task_marker_dag.py
[2024-04-14T12:51:43.416+0000] {logging_mixin.py:188} INFO - [2024-04-14T12:51:43.416+0000] {dag.py:3096} INFO - Sync 2 DAGs
[2024-04-14T12:51:43.436+0000] {logging_mixin.py:188} INFO - [2024-04-14T12:51:43.436+0000] {dag.py:3954} INFO - Setting next_dagrun for example_external_task_marker_child to None, run_after=None
[2024-04-14T12:51:43.442+0000] {logging_mixin.py:188} INFO - [2024-04-14T12:51:43.442+0000] {dag.py:3954} INFO - Setting next_dagrun for example_external_task_marker_parent to None, run_after=None
[2024-04-14T12:51:43.469+0000] {processor.py:183} INFO - Processing /home/airflow/.local/lib/python3.12/site-packages/airflow/example_dags/example_external_task_marker_dag.py took 0.109 seconds
[2024-04-14T12:52:14.006+0000] {processor.py:161} INFO - Started process (PID=355) to work on /home/airflow/.local/lib/python3.12/site-packages/airflow/example_dags/example_external_task_marker_dag.py
[2024-04-14T12:52:14.008+0000] {processor.py:830} INFO - Processing file /home/airflow/.local/lib/python3.12/site-packages/airflow/example_dags/example_external_task_marker_dag.py for tasks to queue
[2024-04-14T12:52:14.012+0000] {logging_mixin.py:188} INFO - [2024-04-14T12:52:14.011+0000] {dagbag.py:540} INFO - Filling up the DagBag from /home/airflow/.local/lib/python3.12/site-packages/airflow/example_dags/example_external_task_marker_dag.py
[2024-04-14T12:52:14.022+0000] {processor.py:840} INFO - DAG(s) 'example_external_task_marker_child', 'example_external_task_marker_parent' retrieved from /home/airflow/.local/lib/python3.12/site-packages/airflow/example_dags/example_external_task_marker_dag.py
[2024-04-14T12:52:14.073+0000] {logging_mixin.py:188} INFO - [2024-04-14T12:52:14.073+0000] {dag.py:3096} INFO - Sync 2 DAGs
[2024-04-14T12:52:14.114+0000] {logging_mixin.py:188} INFO - [2024-04-14T12:52:14.114+0000] {dag.py:3954} INFO - Setting next_dagrun for example_external_task_marker_child to None, run_after=None
[2024-04-14T12:52:14.131+0000] {logging_mixin.py:188} INFO - [2024-04-14T12:52:14.129+0000] {dag.py:3954} INFO - Setting next_dagrun for example_external_task_marker_parent to None, run_after=None
[2024-04-14T12:52:14.164+0000] {processor.py:183} INFO - Processing /home/airflow/.local/lib/python3.12/site-packages/airflow/example_dags/example_external_task_marker_dag.py took 0.170 seconds
[2024-04-14T12:52:44.429+0000] {processor.py:161} INFO - Started process (PID=413) to work on /home/airflow/.local/lib/python3.12/site-packages/airflow/example_dags/example_external_task_marker_dag.py
[2024-04-14T12:52:44.440+0000] {processor.py:830} INFO - Processing file /home/airflow/.local/lib/python3.12/site-packages/airflow/example_dags/example_external_task_marker_dag.py for tasks to queue
[2024-04-14T12:52:44.444+0000] {logging_mixin.py:188} INFO - [2024-04-14T12:52:44.443+0000] {dagbag.py:540} INFO - Filling up the DagBag from /home/airflow/.local/lib/python3.12/site-packages/airflow/example_dags/example_external_task_marker_dag.py
[2024-04-14T12:52:44.478+0000] {processor.py:840} INFO - DAG(s) 'example_external_task_marker_parent', 'example_external_task_marker_child' retrieved from /home/airflow/.local/lib/python3.12/site-packages/airflow/example_dags/example_external_task_marker_dag.py
[2024-04-14T12:52:44.695+0000] {logging_mixin.py:188} INFO - [2024-04-14T12:52:44.694+0000] {dag.py:3096} INFO - Sync 2 DAGs
[2024-04-14T12:52:44.776+0000] {logging_mixin.py:188} INFO - [2024-04-14T12:52:44.775+0000] {dag.py:3954} INFO - Setting next_dagrun for example_external_task_marker_child to None, run_after=None
[2024-04-14T12:52:44.810+0000] {logging_mixin.py:188} INFO - [2024-04-14T12:52:44.810+0000] {dag.py:3954} INFO - Setting next_dagrun for example_external_task_marker_parent to None, run_after=None
[2024-04-14T12:52:44.914+0000] {processor.py:183} INFO - Processing /home/airflow/.local/lib/python3.12/site-packages/airflow/example_dags/example_external_task_marker_dag.py took 0.510 seconds
[2024-04-14T12:53:15.510+0000] {processor.py:161} INFO - Started process (PID=477) to work on /home/airflow/.local/lib/python3.12/site-packages/airflow/example_dags/example_external_task_marker_dag.py
[2024-04-14T12:53:15.512+0000] {processor.py:830} INFO - Processing file /home/airflow/.local/lib/python3.12/site-packages/airflow/example_dags/example_external_task_marker_dag.py for tasks to queue
[2024-04-14T12:53:15.515+0000] {logging_mixin.py:188} INFO - [2024-04-14T12:53:15.514+0000] {dagbag.py:540} INFO - Filling up the DagBag from /home/airflow/.local/lib/python3.12/site-packages/airflow/example_dags/example_external_task_marker_dag.py
[2024-04-14T12:53:15.534+0000] {processor.py:840} INFO - DAG(s) 'example_external_task_marker_child', 'example_external_task_marker_parent' retrieved from /home/airflow/.local/lib/python3.12/site-packages/airflow/example_dags/example_external_task_marker_dag.py
[2024-04-14T12:53:15.596+0000] {logging_mixin.py:188} INFO - [2024-04-14T12:53:15.595+0000] {dag.py:3096} INFO - Sync 2 DAGs
[2024-04-14T12:53:15.717+0000] {logging_mixin.py:188} INFO - [2024-04-14T12:53:15.717+0000] {dag.py:3954} INFO - Setting next_dagrun for example_external_task_marker_child to None, run_after=None
[2024-04-14T12:53:15.731+0000] {logging_mixin.py:188} INFO - [2024-04-14T12:53:15.730+0000] {dag.py:3954} INFO - Setting next_dagrun for example_external_task_marker_parent to None, run_after=None
[2024-04-14T12:53:15.766+0000] {processor.py:183} INFO - Processing /home/airflow/.local/lib/python3.12/site-packages/airflow/example_dags/example_external_task_marker_dag.py took 0.267 seconds
[2024-04-14T12:53:46.089+0000] {processor.py:161} INFO - Started process (PID=535) to work on /home/airflow/.local/lib/python3.12/site-packages/airflow/example_dags/example_external_task_marker_dag.py
[2024-04-14T12:53:46.090+0000] {processor.py:830} INFO - Processing file /home/airflow/.local/lib/python3.12/site-packages/airflow/example_dags/example_external_task_marker_dag.py for tasks to queue
[2024-04-14T12:53:46.093+0000] {logging_mixin.py:188} INFO - [2024-04-14T12:53:46.093+0000] {dagbag.py:540} INFO - Filling up the DagBag from /home/airflow/.local/lib/python3.12/site-packages/airflow/example_dags/example_external_task_marker_dag.py
[2024-04-14T12:53:46.100+0000] {processor.py:840} INFO - DAG(s) 'example_external_task_marker_parent', 'example_external_task_marker_child' retrieved from /home/airflow/.local/lib/python3.12/site-packages/airflow/example_dags/example_external_task_marker_dag.py
[2024-04-14T12:53:46.134+0000] {logging_mixin.py:188} INFO - [2024-04-14T12:53:46.134+0000] {dag.py:3096} INFO - Sync 2 DAGs
[2024-04-14T12:53:46.152+0000] {logging_mixin.py:188} INFO - [2024-04-14T12:53:46.152+0000] {dag.py:3954} INFO - Setting next_dagrun for example_external_task_marker_child to None, run_after=None
[2024-04-14T12:53:46.162+0000] {logging_mixin.py:188} INFO - [2024-04-14T12:53:46.161+0000] {dag.py:3954} INFO - Setting next_dagrun for example_external_task_marker_parent to None, run_after=None
[2024-04-14T12:53:46.188+0000] {processor.py:183} INFO - Processing /home/airflow/.local/lib/python3.12/site-packages/airflow/example_dags/example_external_task_marker_dag.py took 0.106 seconds
[2024-04-14T12:54:17.169+0000] {processor.py:161} INFO - Started process (PID=593) to work on /home/airflow/.local/lib/python3.12/site-packages/airflow/example_dags/example_external_task_marker_dag.py
[2024-04-14T12:54:17.171+0000] {processor.py:830} INFO - Processing file /home/airflow/.local/lib/python3.12/site-packages/airflow/example_dags/example_external_task_marker_dag.py for tasks to queue
[2024-04-14T12:54:17.183+0000] {logging_mixin.py:188} INFO - [2024-04-14T12:54:17.183+0000] {dagbag.py:540} INFO - Filling up the DagBag from /home/airflow/.local/lib/python3.12/site-packages/airflow/example_dags/example_external_task_marker_dag.py
[2024-04-14T12:54:17.204+0000] {processor.py:840} INFO - DAG(s) 'example_external_task_marker_child', 'example_external_task_marker_parent' retrieved from /home/airflow/.local/lib/python3.12/site-packages/airflow/example_dags/example_external_task_marker_dag.py
[2024-04-14T12:54:17.306+0000] {logging_mixin.py:188} INFO - [2024-04-14T12:54:17.305+0000] {dag.py:3096} INFO - Sync 2 DAGs
[2024-04-14T12:54:17.369+0000] {logging_mixin.py:188} INFO - [2024-04-14T12:54:17.369+0000] {dag.py:3954} INFO - Setting next_dagrun for example_external_task_marker_child to None, run_after=None
[2024-04-14T12:54:17.388+0000] {logging_mixin.py:188} INFO - [2024-04-14T12:54:17.387+0000] {dag.py:3954} INFO - Setting next_dagrun for example_external_task_marker_parent to None, run_after=None
[2024-04-14T12:54:17.488+0000] {processor.py:183} INFO - Processing /home/airflow/.local/lib/python3.12/site-packages/airflow/example_dags/example_external_task_marker_dag.py took 0.336 seconds
[2024-04-14T12:54:53.595+0000] {processor.py:161} INFO - Started process (PID=652) to work on /home/airflow/.local/lib/python3.12/site-packages/airflow/example_dags/example_external_task_marker_dag.py
[2024-04-14T12:54:53.624+0000] {processor.py:830} INFO - Processing file /home/airflow/.local/lib/python3.12/site-packages/airflow/example_dags/example_external_task_marker_dag.py for tasks to queue
[2024-04-14T12:54:53.657+0000] {logging_mixin.py:188} INFO - [2024-04-14T12:54:53.656+0000] {dagbag.py:540} INFO - Filling up the DagBag from /home/airflow/.local/lib/python3.12/site-packages/airflow/example_dags/example_external_task_marker_dag.py
[2024-04-14T12:54:53.723+0000] {processor.py:840} INFO - DAG(s) 'example_external_task_marker_child', 'example_external_task_marker_parent' retrieved from /home/airflow/.local/lib/python3.12/site-packages/airflow/example_dags/example_external_task_marker_dag.py
[2024-04-14T12:54:53.908+0000] {logging_mixin.py:188} INFO - [2024-04-14T12:54:53.907+0000] {dag.py:3096} INFO - Sync 2 DAGs
[2024-04-14T12:54:54.019+0000] {logging_mixin.py:188} INFO - [2024-04-14T12:54:54.017+0000] {dag.py:3954} INFO - Setting next_dagrun for example_external_task_marker_child to None, run_after=None
[2024-04-14T12:54:54.055+0000] {logging_mixin.py:188} INFO - [2024-04-14T12:54:54.054+0000] {dag.py:3954} INFO - Setting next_dagrun for example_external_task_marker_parent to None, run_after=None
[2024-04-14T12:54:54.191+0000] {processor.py:183} INFO - Processing /home/airflow/.local/lib/python3.12/site-packages/airflow/example_dags/example_external_task_marker_dag.py took 0.646 seconds
[2024-04-14T12:55:25.133+0000] {processor.py:161} INFO - Started process (PID=710) to work on /home/airflow/.local/lib/python3.12/site-packages/airflow/example_dags/example_external_task_marker_dag.py
[2024-04-14T12:55:25.135+0000] {processor.py:830} INFO - Processing file /home/airflow/.local/lib/python3.12/site-packages/airflow/example_dags/example_external_task_marker_dag.py for tasks to queue
[2024-04-14T12:55:25.138+0000] {logging_mixin.py:188} INFO - [2024-04-14T12:55:25.138+0000] {dagbag.py:540} INFO - Filling up the DagBag from /home/airflow/.local/lib/python3.12/site-packages/airflow/example_dags/example_external_task_marker_dag.py
[2024-04-14T12:55:25.159+0000] {processor.py:840} INFO - DAG(s) 'example_external_task_marker_child', 'example_external_task_marker_parent' retrieved from /home/airflow/.local/lib/python3.12/site-packages/airflow/example_dags/example_external_task_marker_dag.py
[2024-04-14T12:55:25.206+0000] {logging_mixin.py:188} INFO - [2024-04-14T12:55:25.206+0000] {dag.py:3096} INFO - Sync 2 DAGs
[2024-04-14T12:55:25.241+0000] {logging_mixin.py:188} INFO - [2024-04-14T12:55:25.240+0000] {dag.py:3954} INFO - Setting next_dagrun for example_external_task_marker_child to None, run_after=None
[2024-04-14T12:55:25.250+0000] {logging_mixin.py:188} INFO - [2024-04-14T12:55:25.250+0000] {dag.py:3954} INFO - Setting next_dagrun for example_external_task_marker_parent to None, run_after=None
[2024-04-14T12:55:25.312+0000] {processor.py:183} INFO - Processing /home/airflow/.local/lib/python3.12/site-packages/airflow/example_dags/example_external_task_marker_dag.py took 0.193 seconds
[2024-04-14T12:55:55.760+0000] {processor.py:161} INFO - Started process (PID=768) to work on /home/airflow/.local/lib/python3.12/site-packages/airflow/example_dags/example_external_task_marker_dag.py
[2024-04-14T12:55:55.762+0000] {processor.py:830} INFO - Processing file /home/airflow/.local/lib/python3.12/site-packages/airflow/example_dags/example_external_task_marker_dag.py for tasks to queue
[2024-04-14T12:55:55.766+0000] {logging_mixin.py:188} INFO - [2024-04-14T12:55:55.766+0000] {dagbag.py:540} INFO - Filling up the DagBag from /home/airflow/.local/lib/python3.12/site-packages/airflow/example_dags/example_external_task_marker_dag.py
[2024-04-14T12:55:55.780+0000] {processor.py:840} INFO - DAG(s) 'example_external_task_marker_child', 'example_external_task_marker_parent' retrieved from /home/airflow/.local/lib/python3.12/site-packages/airflow/example_dags/example_external_task_marker_dag.py
[2024-04-14T12:55:55.847+0000] {logging_mixin.py:188} INFO - [2024-04-14T12:55:55.846+0000] {dag.py:3096} INFO - Sync 2 DAGs
[2024-04-14T12:55:55.875+0000] {logging_mixin.py:188} INFO - [2024-04-14T12:55:55.874+0000] {dag.py:3954} INFO - Setting next_dagrun for example_external_task_marker_child to None, run_after=None
[2024-04-14T12:55:55.885+0000] {logging_mixin.py:188} INFO - [2024-04-14T12:55:55.885+0000] {dag.py:3954} INFO - Setting next_dagrun for example_external_task_marker_parent to None, run_after=None
[2024-04-14T12:55:55.928+0000] {processor.py:183} INFO - Processing /home/airflow/.local/lib/python3.12/site-packages/airflow/example_dags/example_external_task_marker_dag.py took 0.185 seconds
[2024-04-14T12:56:27.254+0000] {processor.py:161} INFO - Started process (PID=826) to work on /home/airflow/.local/lib/python3.12/site-packages/airflow/example_dags/example_external_task_marker_dag.py
[2024-04-14T12:56:27.257+0000] {processor.py:830} INFO - Processing file /home/airflow/.local/lib/python3.12/site-packages/airflow/example_dags/example_external_task_marker_dag.py for tasks to queue
[2024-04-14T12:56:27.260+0000] {logging_mixin.py:188} INFO - [2024-04-14T12:56:27.260+0000] {dagbag.py:540} INFO - Filling up the DagBag from /home/airflow/.local/lib/python3.12/site-packages/airflow/example_dags/example_external_task_marker_dag.py
[2024-04-14T12:56:27.277+0000] {processor.py:840} INFO - DAG(s) 'example_external_task_marker_parent', 'example_external_task_marker_child' retrieved from /home/airflow/.local/lib/python3.12/site-packages/airflow/example_dags/example_external_task_marker_dag.py
[2024-04-14T12:56:27.345+0000] {logging_mixin.py:188} INFO - [2024-04-14T12:56:27.344+0000] {dag.py:3096} INFO - Sync 2 DAGs
[2024-04-14T12:56:27.389+0000] {logging_mixin.py:188} INFO - [2024-04-14T12:56:27.389+0000] {dag.py:3954} INFO - Setting next_dagrun for example_external_task_marker_child to None, run_after=None
[2024-04-14T12:56:27.405+0000] {logging_mixin.py:188} INFO - [2024-04-14T12:56:27.404+0000] {dag.py:3954} INFO - Setting next_dagrun for example_external_task_marker_parent to None, run_after=None
[2024-04-14T12:56:27.770+0000] {processor.py:183} INFO - Processing /home/airflow/.local/lib/python3.12/site-packages/airflow/example_dags/example_external_task_marker_dag.py took 0.537 seconds
[2024-04-14T12:56:58.418+0000] {processor.py:161} INFO - Started process (PID=883) to work on /home/airflow/.local/lib/python3.12/site-packages/airflow/example_dags/example_external_task_marker_dag.py
[2024-04-14T12:56:58.420+0000] {processor.py:830} INFO - Processing file /home/airflow/.local/lib/python3.12/site-packages/airflow/example_dags/example_external_task_marker_dag.py for tasks to queue
[2024-04-14T12:56:58.425+0000] {logging_mixin.py:188} INFO - [2024-04-14T12:56:58.424+0000] {dagbag.py:540} INFO - Filling up the DagBag from /home/airflow/.local/lib/python3.12/site-packages/airflow/example_dags/example_external_task_marker_dag.py
[2024-04-14T12:56:58.434+0000] {processor.py:840} INFO - DAG(s) 'example_external_task_marker_child', 'example_external_task_marker_parent' retrieved from /home/airflow/.local/lib/python3.12/site-packages/airflow/example_dags/example_external_task_marker_dag.py
[2024-04-14T12:56:58.510+0000] {logging_mixin.py:188} INFO - [2024-04-14T12:56:58.509+0000] {dag.py:3096} INFO - Sync 2 DAGs
[2024-04-14T12:56:58.541+0000] {logging_mixin.py:188} INFO - [2024-04-14T12:56:58.541+0000] {dag.py:3954} INFO - Setting next_dagrun for example_external_task_marker_child to None, run_after=None
[2024-04-14T12:56:58.553+0000] {logging_mixin.py:188} INFO - [2024-04-14T12:56:58.552+0000] {dag.py:3954} INFO - Setting next_dagrun for example_external_task_marker_parent to None, run_after=None
[2024-04-14T12:56:58.593+0000] {processor.py:183} INFO - Processing /home/airflow/.local/lib/python3.12/site-packages/airflow/example_dags/example_external_task_marker_dag.py took 0.183 seconds
[2024-04-14T12:57:28.751+0000] {processor.py:161} INFO - Started process (PID=941) to work on /home/airflow/.local/lib/python3.12/site-packages/airflow/example_dags/example_external_task_marker_dag.py
[2024-04-14T12:57:28.753+0000] {processor.py:830} INFO - Processing file /home/airflow/.local/lib/python3.12/site-packages/airflow/example_dags/example_external_task_marker_dag.py for tasks to queue
[2024-04-14T12:57:28.757+0000] {logging_mixin.py:188} INFO - [2024-04-14T12:57:28.756+0000] {dagbag.py:540} INFO - Filling up the DagBag from /home/airflow/.local/lib/python3.12/site-packages/airflow/example_dags/example_external_task_marker_dag.py
[2024-04-14T12:57:28.764+0000] {processor.py:840} INFO - DAG(s) 'example_external_task_marker_child', 'example_external_task_marker_parent' retrieved from /home/airflow/.local/lib/python3.12/site-packages/airflow/example_dags/example_external_task_marker_dag.py
[2024-04-14T12:57:28.801+0000] {logging_mixin.py:188} INFO - [2024-04-14T12:57:28.801+0000] {dag.py:3096} INFO - Sync 2 DAGs
[2024-04-14T12:57:28.827+0000] {logging_mixin.py:188} INFO - [2024-04-14T12:57:28.826+0000] {dag.py:3954} INFO - Setting next_dagrun for example_external_task_marker_child to None, run_after=None
[2024-04-14T12:57:28.835+0000] {logging_mixin.py:188} INFO - [2024-04-14T12:57:28.834+0000] {dag.py:3954} INFO - Setting next_dagrun for example_external_task_marker_parent to None, run_after=None
[2024-04-14T12:57:28.865+0000] {processor.py:183} INFO - Processing /home/airflow/.local/lib/python3.12/site-packages/airflow/example_dags/example_external_task_marker_dag.py took 0.121 seconds
[2024-04-14T12:57:59.137+0000] {processor.py:161} INFO - Started process (PID=1000) to work on /home/airflow/.local/lib/python3.12/site-packages/airflow/example_dags/example_external_task_marker_dag.py
[2024-04-14T12:57:59.141+0000] {processor.py:830} INFO - Processing file /home/airflow/.local/lib/python3.12/site-packages/airflow/example_dags/example_external_task_marker_dag.py for tasks to queue
[2024-04-14T12:57:59.149+0000] {logging_mixin.py:188} INFO - [2024-04-14T12:57:59.148+0000] {dagbag.py:540} INFO - Filling up the DagBag from /home/airflow/.local/lib/python3.12/site-packages/airflow/example_dags/example_external_task_marker_dag.py
[2024-04-14T12:57:59.171+0000] {processor.py:840} INFO - DAG(s) 'example_external_task_marker_parent', 'example_external_task_marker_child' retrieved from /home/airflow/.local/lib/python3.12/site-packages/airflow/example_dags/example_external_task_marker_dag.py
[2024-04-14T12:57:59.300+0000] {logging_mixin.py:188} INFO - [2024-04-14T12:57:59.300+0000] {dag.py:3096} INFO - Sync 2 DAGs
[2024-04-14T12:57:59.381+0000] {logging_mixin.py:188} INFO - [2024-04-14T12:57:59.380+0000] {dag.py:3954} INFO - Setting next_dagrun for example_external_task_marker_child to None, run_after=None
[2024-04-14T12:57:59.403+0000] {logging_mixin.py:188} INFO - [2024-04-14T12:57:59.402+0000] {dag.py:3954} INFO - Setting next_dagrun for example_external_task_marker_parent to None, run_after=None
[2024-04-14T12:57:59.484+0000] {processor.py:183} INFO - Processing /home/airflow/.local/lib/python3.12/site-packages/airflow/example_dags/example_external_task_marker_dag.py took 0.364 seconds
[2024-04-14T12:58:29.784+0000] {processor.py:161} INFO - Started process (PID=1058) to work on /home/airflow/.local/lib/python3.12/site-packages/airflow/example_dags/example_external_task_marker_dag.py
[2024-04-14T12:58:29.786+0000] {processor.py:830} INFO - Processing file /home/airflow/.local/lib/python3.12/site-packages/airflow/example_dags/example_external_task_marker_dag.py for tasks to queue
[2024-04-14T12:58:29.794+0000] {logging_mixin.py:188} INFO - [2024-04-14T12:58:29.793+0000] {dagbag.py:540} INFO - Filling up the DagBag from /home/airflow/.local/lib/python3.12/site-packages/airflow/example_dags/example_external_task_marker_dag.py
[2024-04-14T12:58:29.811+0000] {processor.py:840} INFO - DAG(s) 'example_external_task_marker_child', 'example_external_task_marker_parent' retrieved from /home/airflow/.local/lib/python3.12/site-packages/airflow/example_dags/example_external_task_marker_dag.py
[2024-04-14T12:58:29.902+0000] {logging_mixin.py:188} INFO - [2024-04-14T12:58:29.902+0000] {dag.py:3096} INFO - Sync 2 DAGs
[2024-04-14T12:58:29.959+0000] {logging_mixin.py:188} INFO - [2024-04-14T12:58:29.956+0000] {dag.py:3954} INFO - Setting next_dagrun for example_external_task_marker_child to None, run_after=None
[2024-04-14T12:58:29.973+0000] {logging_mixin.py:188} INFO - [2024-04-14T12:58:29.972+0000] {dag.py:3954} INFO - Setting next_dagrun for example_external_task_marker_parent to None, run_after=None
[2024-04-14T12:58:30.053+0000] {processor.py:183} INFO - Processing /home/airflow/.local/lib/python3.12/site-packages/airflow/example_dags/example_external_task_marker_dag.py took 0.284 seconds
[2024-04-14T12:59:00.532+0000] {processor.py:161} INFO - Started process (PID=1116) to work on /home/airflow/.local/lib/python3.12/site-packages/airflow/example_dags/example_external_task_marker_dag.py
[2024-04-14T12:59:00.536+0000] {processor.py:830} INFO - Processing file /home/airflow/.local/lib/python3.12/site-packages/airflow/example_dags/example_external_task_marker_dag.py for tasks to queue
[2024-04-14T12:59:00.578+0000] {logging_mixin.py:188} INFO - [2024-04-14T12:59:00.574+0000] {dagbag.py:540} INFO - Filling up the DagBag from /home/airflow/.local/lib/python3.12/site-packages/airflow/example_dags/example_external_task_marker_dag.py
[2024-04-14T12:59:00.610+0000] {processor.py:840} INFO - DAG(s) 'example_external_task_marker_child', 'example_external_task_marker_parent' retrieved from /home/airflow/.local/lib/python3.12/site-packages/airflow/example_dags/example_external_task_marker_dag.py
[2024-04-14T12:59:00.678+0000] {logging_mixin.py:188} INFO - [2024-04-14T12:59:00.678+0000] {dag.py:3096} INFO - Sync 2 DAGs
[2024-04-14T12:59:00.871+0000] {logging_mixin.py:188} INFO - [2024-04-14T12:59:00.859+0000] {dag.py:3954} INFO - Setting next_dagrun for example_external_task_marker_child to None, run_after=None
[2024-04-14T12:59:00.912+0000] {logging_mixin.py:188} INFO - [2024-04-14T12:59:00.912+0000] {dag.py:3954} INFO - Setting next_dagrun for example_external_task_marker_parent to None, run_after=None
[2024-04-14T12:59:01.128+0000] {processor.py:183} INFO - Processing /home/airflow/.local/lib/python3.12/site-packages/airflow/example_dags/example_external_task_marker_dag.py took 0.660 seconds
[2024-04-14T12:59:32.019+0000] {processor.py:161} INFO - Started process (PID=1175) to work on /home/airflow/.local/lib/python3.12/site-packages/airflow/example_dags/example_external_task_marker_dag.py
[2024-04-14T12:59:32.021+0000] {processor.py:830} INFO - Processing file /home/airflow/.local/lib/python3.12/site-packages/airflow/example_dags/example_external_task_marker_dag.py for tasks to queue
[2024-04-14T12:59:32.024+0000] {logging_mixin.py:188} INFO - [2024-04-14T12:59:32.023+0000] {dagbag.py:540} INFO - Filling up the DagBag from /home/airflow/.local/lib/python3.12/site-packages/airflow/example_dags/example_external_task_marker_dag.py
[2024-04-14T12:59:32.064+0000] {processor.py:840} INFO - DAG(s) 'example_external_task_marker_child', 'example_external_task_marker_parent' retrieved from /home/airflow/.local/lib/python3.12/site-packages/airflow/example_dags/example_external_task_marker_dag.py
[2024-04-14T12:59:32.584+0000] {logging_mixin.py:188} INFO - [2024-04-14T12:59:32.583+0000] {dag.py:3096} INFO - Sync 2 DAGs
[2024-04-14T12:59:32.635+0000] {logging_mixin.py:188} INFO - [2024-04-14T12:59:32.634+0000] {dag.py:3954} INFO - Setting next_dagrun for example_external_task_marker_child to None, run_after=None
[2024-04-14T12:59:32.643+0000] {logging_mixin.py:188} INFO - [2024-04-14T12:59:32.642+0000] {dag.py:3954} INFO - Setting next_dagrun for example_external_task_marker_parent to None, run_after=None
[2024-04-14T12:59:32.707+0000] {processor.py:183} INFO - Processing /home/airflow/.local/lib/python3.12/site-packages/airflow/example_dags/example_external_task_marker_dag.py took 0.707 seconds
[2024-04-14T13:00:02.931+0000] {processor.py:161} INFO - Started process (PID=1234) to work on /home/airflow/.local/lib/python3.12/site-packages/airflow/example_dags/example_external_task_marker_dag.py
[2024-04-14T13:00:02.933+0000] {processor.py:830} INFO - Processing file /home/airflow/.local/lib/python3.12/site-packages/airflow/example_dags/example_external_task_marker_dag.py for tasks to queue
[2024-04-14T13:00:02.936+0000] {logging_mixin.py:188} INFO - [2024-04-14T13:00:02.935+0000] {dagbag.py:540} INFO - Filling up the DagBag from /home/airflow/.local/lib/python3.12/site-packages/airflow/example_dags/example_external_task_marker_dag.py
[2024-04-14T13:00:02.949+0000] {processor.py:840} INFO - DAG(s) 'example_external_task_marker_child', 'example_external_task_marker_parent' retrieved from /home/airflow/.local/lib/python3.12/site-packages/airflow/example_dags/example_external_task_marker_dag.py
[2024-04-14T13:00:03.002+0000] {logging_mixin.py:188} INFO - [2024-04-14T13:00:03.001+0000] {dag.py:3096} INFO - Sync 2 DAGs
[2024-04-14T13:00:03.033+0000] {logging_mixin.py:188} INFO - [2024-04-14T13:00:03.032+0000] {dag.py:3954} INFO - Setting next_dagrun for example_external_task_marker_child to None, run_after=None
[2024-04-14T13:00:03.050+0000] {logging_mixin.py:188} INFO - [2024-04-14T13:00:03.049+0000] {dag.py:3954} INFO - Setting next_dagrun for example_external_task_marker_parent to None, run_after=None
[2024-04-14T13:00:03.159+0000] {processor.py:183} INFO - Processing /home/airflow/.local/lib/python3.12/site-packages/airflow/example_dags/example_external_task_marker_dag.py took 0.241 seconds
[2024-04-14T13:00:33.435+0000] {processor.py:161} INFO - Started process (PID=1293) to work on /home/airflow/.local/lib/python3.12/site-packages/airflow/example_dags/example_external_task_marker_dag.py
[2024-04-14T13:00:33.437+0000] {processor.py:830} INFO - Processing file /home/airflow/.local/lib/python3.12/site-packages/airflow/example_dags/example_external_task_marker_dag.py for tasks to queue
[2024-04-14T13:00:33.438+0000] {logging_mixin.py:188} INFO - [2024-04-14T13:00:33.438+0000] {dagbag.py:540} INFO - Filling up the DagBag from /home/airflow/.local/lib/python3.12/site-packages/airflow/example_dags/example_external_task_marker_dag.py
[2024-04-14T13:00:33.450+0000] {processor.py:840} INFO - DAG(s) 'example_external_task_marker_parent', 'example_external_task_marker_child' retrieved from /home/airflow/.local/lib/python3.12/site-packages/airflow/example_dags/example_external_task_marker_dag.py
[2024-04-14T13:00:33.497+0000] {logging_mixin.py:188} INFO - [2024-04-14T13:00:33.496+0000] {dag.py:3096} INFO - Sync 2 DAGs
[2024-04-14T13:00:33.521+0000] {logging_mixin.py:188} INFO - [2024-04-14T13:00:33.521+0000] {dag.py:3954} INFO - Setting next_dagrun for example_external_task_marker_child to None, run_after=None
[2024-04-14T13:00:33.528+0000] {logging_mixin.py:188} INFO - [2024-04-14T13:00:33.528+0000] {dag.py:3954} INFO - Setting next_dagrun for example_external_task_marker_parent to None, run_after=None
[2024-04-14T13:00:33.562+0000] {processor.py:183} INFO - Processing /home/airflow/.local/lib/python3.12/site-packages/airflow/example_dags/example_external_task_marker_dag.py took 0.137 seconds
[2024-04-14T13:01:04.255+0000] {processor.py:161} INFO - Started process (PID=1352) to work on /home/airflow/.local/lib/python3.12/site-packages/airflow/example_dags/example_external_task_marker_dag.py
[2024-04-14T13:01:04.281+0000] {processor.py:830} INFO - Processing file /home/airflow/.local/lib/python3.12/site-packages/airflow/example_dags/example_external_task_marker_dag.py for tasks to queue
[2024-04-14T13:01:04.316+0000] {logging_mixin.py:188} INFO - [2024-04-14T13:01:04.315+0000] {dagbag.py:540} INFO - Filling up the DagBag from /home/airflow/.local/lib/python3.12/site-packages/airflow/example_dags/example_external_task_marker_dag.py
[2024-04-14T13:01:04.363+0000] {processor.py:840} INFO - DAG(s) 'example_external_task_marker_child', 'example_external_task_marker_parent' retrieved from /home/airflow/.local/lib/python3.12/site-packages/airflow/example_dags/example_external_task_marker_dag.py
[2024-04-14T13:01:04.552+0000] {logging_mixin.py:188} INFO - [2024-04-14T13:01:04.551+0000] {dag.py:3096} INFO - Sync 2 DAGs
[2024-04-14T13:01:04.740+0000] {logging_mixin.py:188} INFO - [2024-04-14T13:01:04.739+0000] {dag.py:3954} INFO - Setting next_dagrun for example_external_task_marker_child to None, run_after=None
[2024-04-14T13:01:04.778+0000] {logging_mixin.py:188} INFO - [2024-04-14T13:01:04.778+0000] {dag.py:3954} INFO - Setting next_dagrun for example_external_task_marker_parent to None, run_after=None
[2024-04-14T13:01:04.925+0000] {processor.py:183} INFO - Processing /home/airflow/.local/lib/python3.12/site-packages/airflow/example_dags/example_external_task_marker_dag.py took 0.692 seconds
[2024-04-14T13:01:35.183+0000] {processor.py:161} INFO - Started process (PID=1411) to work on /home/airflow/.local/lib/python3.12/site-packages/airflow/example_dags/example_external_task_marker_dag.py
[2024-04-14T13:01:35.190+0000] {processor.py:830} INFO - Processing file /home/airflow/.local/lib/python3.12/site-packages/airflow/example_dags/example_external_task_marker_dag.py for tasks to queue
[2024-04-14T13:01:35.195+0000] {logging_mixin.py:188} INFO - [2024-04-14T13:01:35.192+0000] {dagbag.py:540} INFO - Filling up the DagBag from /home/airflow/.local/lib/python3.12/site-packages/airflow/example_dags/example_external_task_marker_dag.py
[2024-04-14T13:01:35.219+0000] {processor.py:840} INFO - DAG(s) 'example_external_task_marker_child', 'example_external_task_marker_parent' retrieved from /home/airflow/.local/lib/python3.12/site-packages/airflow/example_dags/example_external_task_marker_dag.py
[2024-04-14T13:01:35.267+0000] {logging_mixin.py:188} INFO - [2024-04-14T13:01:35.267+0000] {dag.py:3096} INFO - Sync 2 DAGs
[2024-04-14T13:01:35.301+0000] {logging_mixin.py:188} INFO - [2024-04-14T13:01:35.300+0000] {dag.py:3954} INFO - Setting next_dagrun for example_external_task_marker_child to None, run_after=None
[2024-04-14T13:01:35.339+0000] {logging_mixin.py:188} INFO - [2024-04-14T13:01:35.338+0000] {dag.py:3954} INFO - Setting next_dagrun for example_external_task_marker_parent to None, run_after=None
[2024-04-14T13:01:35.416+0000] {processor.py:183} INFO - Processing /home/airflow/.local/lib/python3.12/site-packages/airflow/example_dags/example_external_task_marker_dag.py took 0.255 seconds
[2024-04-14T13:02:06.166+0000] {processor.py:161} INFO - Started process (PID=1470) to work on /home/airflow/.local/lib/python3.12/site-packages/airflow/example_dags/example_external_task_marker_dag.py
[2024-04-14T13:02:06.169+0000] {processor.py:830} INFO - Processing file /home/airflow/.local/lib/python3.12/site-packages/airflow/example_dags/example_external_task_marker_dag.py for tasks to queue
[2024-04-14T13:02:06.170+0000] {logging_mixin.py:188} INFO - [2024-04-14T13:02:06.170+0000] {dagbag.py:540} INFO - Filling up the DagBag from /home/airflow/.local/lib/python3.12/site-packages/airflow/example_dags/example_external_task_marker_dag.py
[2024-04-14T13:02:06.183+0000] {processor.py:840} INFO - DAG(s) 'example_external_task_marker_parent', 'example_external_task_marker_child' retrieved from /home/airflow/.local/lib/python3.12/site-packages/airflow/example_dags/example_external_task_marker_dag.py
[2024-04-14T13:02:06.244+0000] {logging_mixin.py:188} INFO - [2024-04-14T13:02:06.243+0000] {dag.py:3096} INFO - Sync 2 DAGs
[2024-04-14T13:02:06.279+0000] {logging_mixin.py:188} INFO - [2024-04-14T13:02:06.278+0000] {dag.py:3954} INFO - Setting next_dagrun for example_external_task_marker_child to None, run_after=None
[2024-04-14T13:02:06.289+0000] {logging_mixin.py:188} INFO - [2024-04-14T13:02:06.288+0000] {dag.py:3954} INFO - Setting next_dagrun for example_external_task_marker_parent to None, run_after=None
[2024-04-14T13:02:06.335+0000] {processor.py:183} INFO - Processing /home/airflow/.local/lib/python3.12/site-packages/airflow/example_dags/example_external_task_marker_dag.py took 0.179 seconds
[2024-04-14T13:02:36.561+0000] {processor.py:161} INFO - Started process (PID=1529) to work on /home/airflow/.local/lib/python3.12/site-packages/airflow/example_dags/example_external_task_marker_dag.py
[2024-04-14T13:02:36.563+0000] {processor.py:830} INFO - Processing file /home/airflow/.local/lib/python3.12/site-packages/airflow/example_dags/example_external_task_marker_dag.py for tasks to queue
[2024-04-14T13:02:36.565+0000] {logging_mixin.py:188} INFO - [2024-04-14T13:02:36.565+0000] {dagbag.py:540} INFO - Filling up the DagBag from /home/airflow/.local/lib/python3.12/site-packages/airflow/example_dags/example_external_task_marker_dag.py
[2024-04-14T13:02:36.575+0000] {processor.py:840} INFO - DAG(s) 'example_external_task_marker_child', 'example_external_task_marker_parent' retrieved from /home/airflow/.local/lib/python3.12/site-packages/airflow/example_dags/example_external_task_marker_dag.py
[2024-04-14T13:02:36.631+0000] {logging_mixin.py:188} INFO - [2024-04-14T13:02:36.631+0000] {dag.py:3096} INFO - Sync 2 DAGs
[2024-04-14T13:02:36.667+0000] {logging_mixin.py:188} INFO - [2024-04-14T13:02:36.667+0000] {dag.py:3954} INFO - Setting next_dagrun for example_external_task_marker_child to None, run_after=None
[2024-04-14T13:02:36.676+0000] {logging_mixin.py:188} INFO - [2024-04-14T13:02:36.676+0000] {dag.py:3954} INFO - Setting next_dagrun for example_external_task_marker_parent to None, run_after=None
[2024-04-14T13:02:36.717+0000] {processor.py:183} INFO - Processing /home/airflow/.local/lib/python3.12/site-packages/airflow/example_dags/example_external_task_marker_dag.py took 0.168 seconds
[2024-04-14T13:03:07.283+0000] {processor.py:161} INFO - Started process (PID=1589) to work on /home/airflow/.local/lib/python3.12/site-packages/airflow/example_dags/example_external_task_marker_dag.py
[2024-04-14T13:03:07.299+0000] {processor.py:830} INFO - Processing file /home/airflow/.local/lib/python3.12/site-packages/airflow/example_dags/example_external_task_marker_dag.py for tasks to queue
[2024-04-14T13:03:07.304+0000] {logging_mixin.py:188} INFO - [2024-04-14T13:03:07.302+0000] {dagbag.py:540} INFO - Filling up the DagBag from /home/airflow/.local/lib/python3.12/site-packages/airflow/example_dags/example_external_task_marker_dag.py
[2024-04-14T13:03:07.367+0000] {processor.py:840} INFO - DAG(s) 'example_external_task_marker_child', 'example_external_task_marker_parent' retrieved from /home/airflow/.local/lib/python3.12/site-packages/airflow/example_dags/example_external_task_marker_dag.py
[2024-04-14T13:03:07.647+0000] {logging_mixin.py:188} INFO - [2024-04-14T13:03:07.646+0000] {dag.py:3096} INFO - Sync 2 DAGs
[2024-04-14T13:03:07.735+0000] {logging_mixin.py:188} INFO - [2024-04-14T13:03:07.734+0000] {dag.py:3954} INFO - Setting next_dagrun for example_external_task_marker_child to None, run_after=None
[2024-04-14T13:03:07.755+0000] {logging_mixin.py:188} INFO - [2024-04-14T13:03:07.755+0000] {dag.py:3954} INFO - Setting next_dagrun for example_external_task_marker_parent to None, run_after=None
[2024-04-14T13:03:08.054+0000] {processor.py:183} INFO - Processing /home/airflow/.local/lib/python3.12/site-packages/airflow/example_dags/example_external_task_marker_dag.py took 0.846 seconds
[2024-04-14T13:03:41.712+0000] {processor.py:161} INFO - Started process (PID=1648) to work on /home/airflow/.local/lib/python3.12/site-packages/airflow/example_dags/example_external_task_marker_dag.py
[2024-04-14T13:03:41.726+0000] {processor.py:830} INFO - Processing file /home/airflow/.local/lib/python3.12/site-packages/airflow/example_dags/example_external_task_marker_dag.py for tasks to queue
[2024-04-14T13:03:41.742+0000] {logging_mixin.py:188} INFO - [2024-04-14T13:03:41.741+0000] {dagbag.py:540} INFO - Filling up the DagBag from /home/airflow/.local/lib/python3.12/site-packages/airflow/example_dags/example_external_task_marker_dag.py
[2024-04-14T13:03:41.793+0000] {processor.py:840} INFO - DAG(s) 'example_external_task_marker_child', 'example_external_task_marker_parent' retrieved from /home/airflow/.local/lib/python3.12/site-packages/airflow/example_dags/example_external_task_marker_dag.py
[2024-04-14T13:03:42.045+0000] {logging_mixin.py:188} INFO - [2024-04-14T13:03:42.044+0000] {dag.py:3096} INFO - Sync 2 DAGs
[2024-04-14T13:03:42.142+0000] {logging_mixin.py:188} INFO - [2024-04-14T13:03:42.142+0000] {dag.py:3954} INFO - Setting next_dagrun for example_external_task_marker_child to None, run_after=None
[2024-04-14T13:03:42.164+0000] {logging_mixin.py:188} INFO - [2024-04-14T13:03:42.164+0000] {dag.py:3954} INFO - Setting next_dagrun for example_external_task_marker_parent to None, run_after=None
[2024-04-14T13:03:42.381+0000] {processor.py:183} INFO - Processing /home/airflow/.local/lib/python3.12/site-packages/airflow/example_dags/example_external_task_marker_dag.py took 0.763 seconds
[2024-04-14T13:04:13.171+0000] {processor.py:161} INFO - Started process (PID=1708) to work on /home/airflow/.local/lib/python3.12/site-packages/airflow/example_dags/example_external_task_marker_dag.py
[2024-04-14T13:04:13.172+0000] {processor.py:830} INFO - Processing file /home/airflow/.local/lib/python3.12/site-packages/airflow/example_dags/example_external_task_marker_dag.py for tasks to queue
[2024-04-14T13:04:13.174+0000] {logging_mixin.py:188} INFO - [2024-04-14T13:04:13.174+0000] {dagbag.py:540} INFO - Filling up the DagBag from /home/airflow/.local/lib/python3.12/site-packages/airflow/example_dags/example_external_task_marker_dag.py
[2024-04-14T13:04:13.185+0000] {processor.py:840} INFO - DAG(s) 'example_external_task_marker_child', 'example_external_task_marker_parent' retrieved from /home/airflow/.local/lib/python3.12/site-packages/airflow/example_dags/example_external_task_marker_dag.py
[2024-04-14T13:04:13.234+0000] {logging_mixin.py:188} INFO - [2024-04-14T13:04:13.233+0000] {dag.py:3096} INFO - Sync 2 DAGs
[2024-04-14T13:04:13.255+0000] {logging_mixin.py:188} INFO - [2024-04-14T13:04:13.254+0000] {dag.py:3954} INFO - Setting next_dagrun for example_external_task_marker_child to None, run_after=None
[2024-04-14T13:04:13.262+0000] {logging_mixin.py:188} INFO - [2024-04-14T13:04:13.262+0000] {dag.py:3954} INFO - Setting next_dagrun for example_external_task_marker_parent to None, run_after=None
[2024-04-14T13:04:13.313+0000] {processor.py:183} INFO - Processing /home/airflow/.local/lib/python3.12/site-packages/airflow/example_dags/example_external_task_marker_dag.py took 0.151 seconds
[2024-04-14T13:04:43.880+0000] {processor.py:161} INFO - Started process (PID=1768) to work on /home/airflow/.local/lib/python3.12/site-packages/airflow/example_dags/example_external_task_marker_dag.py
[2024-04-14T13:04:43.881+0000] {processor.py:830} INFO - Processing file /home/airflow/.local/lib/python3.12/site-packages/airflow/example_dags/example_external_task_marker_dag.py for tasks to queue
[2024-04-14T13:04:43.883+0000] {logging_mixin.py:188} INFO - [2024-04-14T13:04:43.882+0000] {dagbag.py:540} INFO - Filling up the DagBag from /home/airflow/.local/lib/python3.12/site-packages/airflow/example_dags/example_external_task_marker_dag.py
[2024-04-14T13:04:43.897+0000] {processor.py:840} INFO - DAG(s) 'example_external_task_marker_child', 'example_external_task_marker_parent' retrieved from /home/airflow/.local/lib/python3.12/site-packages/airflow/example_dags/example_external_task_marker_dag.py
[2024-04-14T13:04:43.939+0000] {logging_mixin.py:188} INFO - [2024-04-14T13:04:43.938+0000] {dag.py:3096} INFO - Sync 2 DAGs
[2024-04-14T13:04:43.962+0000] {logging_mixin.py:188} INFO - [2024-04-14T13:04:43.961+0000] {dag.py:3954} INFO - Setting next_dagrun for example_external_task_marker_child to None, run_after=None
[2024-04-14T13:04:43.968+0000] {logging_mixin.py:188} INFO - [2024-04-14T13:04:43.968+0000] {dag.py:3954} INFO - Setting next_dagrun for example_external_task_marker_parent to None, run_after=None
[2024-04-14T13:04:44.008+0000] {processor.py:183} INFO - Processing /home/airflow/.local/lib/python3.12/site-packages/airflow/example_dags/example_external_task_marker_dag.py took 0.143 seconds
[2024-04-14T13:05:14.626+0000] {processor.py:161} INFO - Started process (PID=1826) to work on /home/airflow/.local/lib/python3.12/site-packages/airflow/example_dags/example_external_task_marker_dag.py
[2024-04-14T13:05:14.628+0000] {processor.py:830} INFO - Processing file /home/airflow/.local/lib/python3.12/site-packages/airflow/example_dags/example_external_task_marker_dag.py for tasks to queue
[2024-04-14T13:05:14.631+0000] {logging_mixin.py:188} INFO - [2024-04-14T13:05:14.630+0000] {dagbag.py:540} INFO - Filling up the DagBag from /home/airflow/.local/lib/python3.12/site-packages/airflow/example_dags/example_external_task_marker_dag.py
[2024-04-14T13:05:14.647+0000] {processor.py:840} INFO - DAG(s) 'example_external_task_marker_child', 'example_external_task_marker_parent' retrieved from /home/airflow/.local/lib/python3.12/site-packages/airflow/example_dags/example_external_task_marker_dag.py
[2024-04-14T13:05:14.700+0000] {logging_mixin.py:188} INFO - [2024-04-14T13:05:14.699+0000] {dag.py:3096} INFO - Sync 2 DAGs
[2024-04-14T13:05:14.724+0000] {logging_mixin.py:188} INFO - [2024-04-14T13:05:14.724+0000] {dag.py:3954} INFO - Setting next_dagrun for example_external_task_marker_child to None, run_after=None
[2024-04-14T13:05:14.731+0000] {logging_mixin.py:188} INFO - [2024-04-14T13:05:14.731+0000] {dag.py:3954} INFO - Setting next_dagrun for example_external_task_marker_parent to None, run_after=None
[2024-04-14T13:05:14.762+0000] {processor.py:183} INFO - Processing /home/airflow/.local/lib/python3.12/site-packages/airflow/example_dags/example_external_task_marker_dag.py took 0.146 seconds
[2024-04-14T13:05:45.049+0000] {processor.py:161} INFO - Started process (PID=1884) to work on /home/airflow/.local/lib/python3.12/site-packages/airflow/example_dags/example_external_task_marker_dag.py
[2024-04-14T13:05:45.050+0000] {processor.py:830} INFO - Processing file /home/airflow/.local/lib/python3.12/site-packages/airflow/example_dags/example_external_task_marker_dag.py for tasks to queue
[2024-04-14T13:05:45.051+0000] {logging_mixin.py:188} INFO - [2024-04-14T13:05:45.051+0000] {dagbag.py:540} INFO - Filling up the DagBag from /home/airflow/.local/lib/python3.12/site-packages/airflow/example_dags/example_external_task_marker_dag.py
[2024-04-14T13:05:45.061+0000] {processor.py:840} INFO - DAG(s) 'example_external_task_marker_child', 'example_external_task_marker_parent' retrieved from /home/airflow/.local/lib/python3.12/site-packages/airflow/example_dags/example_external_task_marker_dag.py
[2024-04-14T13:05:45.093+0000] {logging_mixin.py:188} INFO - [2024-04-14T13:05:45.092+0000] {dag.py:3096} INFO - Sync 2 DAGs
[2024-04-14T13:05:45.113+0000] {logging_mixin.py:188} INFO - [2024-04-14T13:05:45.112+0000] {dag.py:3954} INFO - Setting next_dagrun for example_external_task_marker_child to None, run_after=None
[2024-04-14T13:05:45.119+0000] {logging_mixin.py:188} INFO - [2024-04-14T13:05:45.119+0000] {dag.py:3954} INFO - Setting next_dagrun for example_external_task_marker_parent to None, run_after=None
[2024-04-14T13:05:45.151+0000] {processor.py:183} INFO - Processing /home/airflow/.local/lib/python3.12/site-packages/airflow/example_dags/example_external_task_marker_dag.py took 0.109 seconds
[2024-04-14T13:06:15.729+0000] {processor.py:161} INFO - Started process (PID=1943) to work on /home/airflow/.local/lib/python3.12/site-packages/airflow/example_dags/example_external_task_marker_dag.py
[2024-04-14T13:06:15.731+0000] {processor.py:830} INFO - Processing file /home/airflow/.local/lib/python3.12/site-packages/airflow/example_dags/example_external_task_marker_dag.py for tasks to queue
[2024-04-14T13:06:15.734+0000] {logging_mixin.py:188} INFO - [2024-04-14T13:06:15.733+0000] {dagbag.py:540} INFO - Filling up the DagBag from /home/airflow/.local/lib/python3.12/site-packages/airflow/example_dags/example_external_task_marker_dag.py
[2024-04-14T13:06:15.803+0000] {processor.py:840} INFO - DAG(s) 'example_external_task_marker_child', 'example_external_task_marker_parent' retrieved from /home/airflow/.local/lib/python3.12/site-packages/airflow/example_dags/example_external_task_marker_dag.py
[2024-04-14T13:06:15.887+0000] {logging_mixin.py:188} INFO - [2024-04-14T13:06:15.886+0000] {dag.py:3096} INFO - Sync 2 DAGs
[2024-04-14T13:06:15.942+0000] {logging_mixin.py:188} INFO - [2024-04-14T13:06:15.940+0000] {dag.py:3954} INFO - Setting next_dagrun for example_external_task_marker_child to None, run_after=None
[2024-04-14T13:06:15.955+0000] {logging_mixin.py:188} INFO - [2024-04-14T13:06:15.954+0000] {dag.py:3954} INFO - Setting next_dagrun for example_external_task_marker_parent to None, run_after=None
[2024-04-14T13:06:15.998+0000] {processor.py:183} INFO - Processing /home/airflow/.local/lib/python3.12/site-packages/airflow/example_dags/example_external_task_marker_dag.py took 0.295 seconds
[2024-04-14T13:06:46.452+0000] {processor.py:161} INFO - Started process (PID=2002) to work on /home/airflow/.local/lib/python3.12/site-packages/airflow/example_dags/example_external_task_marker_dag.py
[2024-04-14T13:06:46.454+0000] {processor.py:830} INFO - Processing file /home/airflow/.local/lib/python3.12/site-packages/airflow/example_dags/example_external_task_marker_dag.py for tasks to queue
[2024-04-14T13:06:46.456+0000] {logging_mixin.py:188} INFO - [2024-04-14T13:06:46.456+0000] {dagbag.py:540} INFO - Filling up the DagBag from /home/airflow/.local/lib/python3.12/site-packages/airflow/example_dags/example_external_task_marker_dag.py
[2024-04-14T13:06:46.471+0000] {processor.py:840} INFO - DAG(s) 'example_external_task_marker_child', 'example_external_task_marker_parent' retrieved from /home/airflow/.local/lib/python3.12/site-packages/airflow/example_dags/example_external_task_marker_dag.py
[2024-04-14T13:06:46.534+0000] {logging_mixin.py:188} INFO - [2024-04-14T13:06:46.534+0000] {dag.py:3096} INFO - Sync 2 DAGs
[2024-04-14T13:06:46.572+0000] {logging_mixin.py:188} INFO - [2024-04-14T13:06:46.571+0000] {dag.py:3954} INFO - Setting next_dagrun for example_external_task_marker_child to None, run_after=None
[2024-04-14T13:06:46.584+0000] {logging_mixin.py:188} INFO - [2024-04-14T13:06:46.583+0000] {dag.py:3954} INFO - Setting next_dagrun for example_external_task_marker_parent to None, run_after=None
[2024-04-14T13:06:46.631+0000] {processor.py:183} INFO - Processing /home/airflow/.local/lib/python3.12/site-packages/airflow/example_dags/example_external_task_marker_dag.py took 0.192 seconds
[2024-04-14T13:07:17.270+0000] {processor.py:161} INFO - Started process (PID=2061) to work on /home/airflow/.local/lib/python3.12/site-packages/airflow/example_dags/example_external_task_marker_dag.py
[2024-04-14T13:07:17.273+0000] {processor.py:830} INFO - Processing file /home/airflow/.local/lib/python3.12/site-packages/airflow/example_dags/example_external_task_marker_dag.py for tasks to queue
[2024-04-14T13:07:17.276+0000] {logging_mixin.py:188} INFO - [2024-04-14T13:07:17.275+0000] {dagbag.py:540} INFO - Filling up the DagBag from /home/airflow/.local/lib/python3.12/site-packages/airflow/example_dags/example_external_task_marker_dag.py
[2024-04-14T13:07:17.298+0000] {processor.py:840} INFO - DAG(s) 'example_external_task_marker_child', 'example_external_task_marker_parent' retrieved from /home/airflow/.local/lib/python3.12/site-packages/airflow/example_dags/example_external_task_marker_dag.py
[2024-04-14T13:07:17.391+0000] {logging_mixin.py:188} INFO - [2024-04-14T13:07:17.390+0000] {dag.py:3096} INFO - Sync 2 DAGs
[2024-04-14T13:07:17.464+0000] {logging_mixin.py:188} INFO - [2024-04-14T13:07:17.463+0000] {dag.py:3954} INFO - Setting next_dagrun for example_external_task_marker_child to None, run_after=None
[2024-04-14T13:07:17.490+0000] {logging_mixin.py:188} INFO - [2024-04-14T13:07:17.483+0000] {dag.py:3954} INFO - Setting next_dagrun for example_external_task_marker_parent to None, run_after=None
[2024-04-14T13:07:17.560+0000] {processor.py:183} INFO - Processing /home/airflow/.local/lib/python3.12/site-packages/airflow/example_dags/example_external_task_marker_dag.py took 0.301 seconds
[2024-04-14T13:07:48.132+0000] {processor.py:161} INFO - Started process (PID=2121) to work on /home/airflow/.local/lib/python3.12/site-packages/airflow/example_dags/example_external_task_marker_dag.py
[2024-04-14T13:07:48.134+0000] {processor.py:830} INFO - Processing file /home/airflow/.local/lib/python3.12/site-packages/airflow/example_dags/example_external_task_marker_dag.py for tasks to queue
[2024-04-14T13:07:48.136+0000] {logging_mixin.py:188} INFO - [2024-04-14T13:07:48.135+0000] {dagbag.py:540} INFO - Filling up the DagBag from /home/airflow/.local/lib/python3.12/site-packages/airflow/example_dags/example_external_task_marker_dag.py
[2024-04-14T13:07:48.148+0000] {processor.py:840} INFO - DAG(s) 'example_external_task_marker_parent', 'example_external_task_marker_child' retrieved from /home/airflow/.local/lib/python3.12/site-packages/airflow/example_dags/example_external_task_marker_dag.py
[2024-04-14T13:07:48.191+0000] {logging_mixin.py:188} INFO - [2024-04-14T13:07:48.190+0000] {dag.py:3096} INFO - Sync 2 DAGs
[2024-04-14T13:07:48.219+0000] {logging_mixin.py:188} INFO - [2024-04-14T13:07:48.218+0000] {dag.py:3954} INFO - Setting next_dagrun for example_external_task_marker_child to None, run_after=None
[2024-04-14T13:07:48.227+0000] {logging_mixin.py:188} INFO - [2024-04-14T13:07:48.227+0000] {dag.py:3954} INFO - Setting next_dagrun for example_external_task_marker_parent to None, run_after=None
[2024-04-14T13:07:48.265+0000] {processor.py:183} INFO - Processing /home/airflow/.local/lib/python3.12/site-packages/airflow/example_dags/example_external_task_marker_dag.py took 0.147 seconds
[2024-04-14T13:08:21.150+0000] {processor.py:161} INFO - Started process (PID=2189) to work on /home/airflow/.local/lib/python3.12/site-packages/airflow/example_dags/example_external_task_marker_dag.py
[2024-04-14T13:08:21.155+0000] {processor.py:830} INFO - Processing file /home/airflow/.local/lib/python3.12/site-packages/airflow/example_dags/example_external_task_marker_dag.py for tasks to queue
[2024-04-14T13:08:21.158+0000] {logging_mixin.py:188} INFO - [2024-04-14T13:08:21.157+0000] {dagbag.py:540} INFO - Filling up the DagBag from /home/airflow/.local/lib/python3.12/site-packages/airflow/example_dags/example_external_task_marker_dag.py
[2024-04-14T13:08:21.175+0000] {processor.py:840} INFO - DAG(s) 'example_external_task_marker_parent', 'example_external_task_marker_child' retrieved from /home/airflow/.local/lib/python3.12/site-packages/airflow/example_dags/example_external_task_marker_dag.py
[2024-04-14T13:08:21.233+0000] {logging_mixin.py:188} INFO - [2024-04-14T13:08:21.233+0000] {dag.py:3096} INFO - Sync 2 DAGs
[2024-04-14T13:08:21.278+0000] {logging_mixin.py:188} INFO - [2024-04-14T13:08:21.277+0000] {dag.py:3954} INFO - Setting next_dagrun for example_external_task_marker_child to None, run_after=None
[2024-04-14T13:08:21.300+0000] {logging_mixin.py:188} INFO - [2024-04-14T13:08:21.299+0000] {dag.py:3954} INFO - Setting next_dagrun for example_external_task_marker_parent to None, run_after=None
[2024-04-14T13:08:21.414+0000] {processor.py:183} INFO - Processing /home/airflow/.local/lib/python3.12/site-packages/airflow/example_dags/example_external_task_marker_dag.py took 0.287 seconds
[2024-04-14T13:08:51.784+0000] {processor.py:161} INFO - Started process (PID=2248) to work on /home/airflow/.local/lib/python3.12/site-packages/airflow/example_dags/example_external_task_marker_dag.py
[2024-04-14T13:08:51.785+0000] {processor.py:830} INFO - Processing file /home/airflow/.local/lib/python3.12/site-packages/airflow/example_dags/example_external_task_marker_dag.py for tasks to queue
[2024-04-14T13:08:51.786+0000] {logging_mixin.py:188} INFO - [2024-04-14T13:08:51.786+0000] {dagbag.py:540} INFO - Filling up the DagBag from /home/airflow/.local/lib/python3.12/site-packages/airflow/example_dags/example_external_task_marker_dag.py
[2024-04-14T13:08:51.799+0000] {processor.py:840} INFO - DAG(s) 'example_external_task_marker_parent', 'example_external_task_marker_child' retrieved from /home/airflow/.local/lib/python3.12/site-packages/airflow/example_dags/example_external_task_marker_dag.py
[2024-04-14T13:08:51.872+0000] {logging_mixin.py:188} INFO - [2024-04-14T13:08:51.872+0000] {dag.py:3096} INFO - Sync 2 DAGs
[2024-04-14T13:08:51.911+0000] {logging_mixin.py:188} INFO - [2024-04-14T13:08:51.911+0000] {dag.py:3954} INFO - Setting next_dagrun for example_external_task_marker_child to None, run_after=None
[2024-04-14T13:08:51.922+0000] {logging_mixin.py:188} INFO - [2024-04-14T13:08:51.922+0000] {dag.py:3954} INFO - Setting next_dagrun for example_external_task_marker_parent to None, run_after=None
[2024-04-14T13:08:51.977+0000] {processor.py:183} INFO - Processing /home/airflow/.local/lib/python3.12/site-packages/airflow/example_dags/example_external_task_marker_dag.py took 0.201 seconds
[2024-04-14T13:09:22.205+0000] {processor.py:161} INFO - Started process (PID=2307) to work on /home/airflow/.local/lib/python3.12/site-packages/airflow/example_dags/example_external_task_marker_dag.py
[2024-04-14T13:09:22.207+0000] {processor.py:830} INFO - Processing file /home/airflow/.local/lib/python3.12/site-packages/airflow/example_dags/example_external_task_marker_dag.py for tasks to queue
[2024-04-14T13:09:22.209+0000] {logging_mixin.py:188} INFO - [2024-04-14T13:09:22.208+0000] {dagbag.py:540} INFO - Filling up the DagBag from /home/airflow/.local/lib/python3.12/site-packages/airflow/example_dags/example_external_task_marker_dag.py
[2024-04-14T13:09:22.222+0000] {processor.py:840} INFO - DAG(s) 'example_external_task_marker_parent', 'example_external_task_marker_child' retrieved from /home/airflow/.local/lib/python3.12/site-packages/airflow/example_dags/example_external_task_marker_dag.py
[2024-04-14T13:09:22.304+0000] {logging_mixin.py:188} INFO - [2024-04-14T13:09:22.303+0000] {dag.py:3096} INFO - Sync 2 DAGs
[2024-04-14T13:09:22.376+0000] {logging_mixin.py:188} INFO - [2024-04-14T13:09:22.371+0000] {dag.py:3954} INFO - Setting next_dagrun for example_external_task_marker_child to None, run_after=None
[2024-04-14T13:09:22.388+0000] {logging_mixin.py:188} INFO - [2024-04-14T13:09:22.387+0000] {dag.py:3954} INFO - Setting next_dagrun for example_external_task_marker_parent to None, run_after=None
[2024-04-14T13:09:22.461+0000] {processor.py:183} INFO - Processing /home/airflow/.local/lib/python3.12/site-packages/airflow/example_dags/example_external_task_marker_dag.py took 0.272 seconds
[2024-04-14T13:09:53.371+0000] {processor.py:161} INFO - Started process (PID=2365) to work on /home/airflow/.local/lib/python3.12/site-packages/airflow/example_dags/example_external_task_marker_dag.py
[2024-04-14T13:09:53.373+0000] {processor.py:830} INFO - Processing file /home/airflow/.local/lib/python3.12/site-packages/airflow/example_dags/example_external_task_marker_dag.py for tasks to queue
[2024-04-14T13:09:53.385+0000] {logging_mixin.py:188} INFO - [2024-04-14T13:09:53.384+0000] {dagbag.py:540} INFO - Filling up the DagBag from /home/airflow/.local/lib/python3.12/site-packages/airflow/example_dags/example_external_task_marker_dag.py
[2024-04-14T13:09:53.406+0000] {processor.py:840} INFO - DAG(s) 'example_external_task_marker_parent', 'example_external_task_marker_child' retrieved from /home/airflow/.local/lib/python3.12/site-packages/airflow/example_dags/example_external_task_marker_dag.py
[2024-04-14T13:09:53.488+0000] {logging_mixin.py:188} INFO - [2024-04-14T13:09:53.482+0000] {dag.py:3096} INFO - Sync 2 DAGs
[2024-04-14T13:09:53.534+0000] {logging_mixin.py:188} INFO - [2024-04-14T13:09:53.533+0000] {dag.py:3954} INFO - Setting next_dagrun for example_external_task_marker_child to None, run_after=None
[2024-04-14T13:09:53.547+0000] {logging_mixin.py:188} INFO - [2024-04-14T13:09:53.547+0000] {dag.py:3954} INFO - Setting next_dagrun for example_external_task_marker_parent to None, run_after=None
[2024-04-14T13:09:53.594+0000] {processor.py:183} INFO - Processing /home/airflow/.local/lib/python3.12/site-packages/airflow/example_dags/example_external_task_marker_dag.py took 0.237 seconds
[2024-04-14T13:10:23.754+0000] {processor.py:161} INFO - Started process (PID=2424) to work on /home/airflow/.local/lib/python3.12/site-packages/airflow/example_dags/example_external_task_marker_dag.py
[2024-04-14T13:10:23.757+0000] {processor.py:830} INFO - Processing file /home/airflow/.local/lib/python3.12/site-packages/airflow/example_dags/example_external_task_marker_dag.py for tasks to queue
[2024-04-14T13:10:23.760+0000] {logging_mixin.py:188} INFO - [2024-04-14T13:10:23.759+0000] {dagbag.py:540} INFO - Filling up the DagBag from /home/airflow/.local/lib/python3.12/site-packages/airflow/example_dags/example_external_task_marker_dag.py
[2024-04-14T13:10:23.770+0000] {processor.py:840} INFO - DAG(s) 'example_external_task_marker_parent', 'example_external_task_marker_child' retrieved from /home/airflow/.local/lib/python3.12/site-packages/airflow/example_dags/example_external_task_marker_dag.py
[2024-04-14T13:10:23.838+0000] {logging_mixin.py:188} INFO - [2024-04-14T13:10:23.838+0000] {dag.py:3096} INFO - Sync 2 DAGs
[2024-04-14T13:10:23.868+0000] {logging_mixin.py:188} INFO - [2024-04-14T13:10:23.867+0000] {dag.py:3954} INFO - Setting next_dagrun for example_external_task_marker_child to None, run_after=None
[2024-04-14T13:10:23.877+0000] {logging_mixin.py:188} INFO - [2024-04-14T13:10:23.877+0000] {dag.py:3954} INFO - Setting next_dagrun for example_external_task_marker_parent to None, run_after=None
[2024-04-14T13:10:23.938+0000] {processor.py:183} INFO - Processing /home/airflow/.local/lib/python3.12/site-packages/airflow/example_dags/example_external_task_marker_dag.py took 0.193 seconds
[2024-04-14T13:10:54.077+0000] {processor.py:161} INFO - Started process (PID=2484) to work on /home/airflow/.local/lib/python3.12/site-packages/airflow/example_dags/example_external_task_marker_dag.py
[2024-04-14T13:10:54.079+0000] {processor.py:830} INFO - Processing file /home/airflow/.local/lib/python3.12/site-packages/airflow/example_dags/example_external_task_marker_dag.py for tasks to queue
[2024-04-14T13:10:54.082+0000] {logging_mixin.py:188} INFO - [2024-04-14T13:10:54.081+0000] {dagbag.py:540} INFO - Filling up the DagBag from /home/airflow/.local/lib/python3.12/site-packages/airflow/example_dags/example_external_task_marker_dag.py
[2024-04-14T13:10:54.097+0000] {processor.py:840} INFO - DAG(s) 'example_external_task_marker_parent', 'example_external_task_marker_child' retrieved from /home/airflow/.local/lib/python3.12/site-packages/airflow/example_dags/example_external_task_marker_dag.py
[2024-04-14T13:10:54.159+0000] {logging_mixin.py:188} INFO - [2024-04-14T13:10:54.158+0000] {dag.py:3096} INFO - Sync 2 DAGs
[2024-04-14T13:10:54.224+0000] {logging_mixin.py:188} INFO - [2024-04-14T13:10:54.223+0000] {dag.py:3954} INFO - Setting next_dagrun for example_external_task_marker_child to None, run_after=None
[2024-04-14T13:10:54.260+0000] {logging_mixin.py:188} INFO - [2024-04-14T13:10:54.259+0000] {dag.py:3954} INFO - Setting next_dagrun for example_external_task_marker_parent to None, run_after=None
[2024-04-14T13:10:54.359+0000] {processor.py:183} INFO - Processing /home/airflow/.local/lib/python3.12/site-packages/airflow/example_dags/example_external_task_marker_dag.py took 0.300 seconds
[2024-04-14T13:11:24.592+0000] {processor.py:161} INFO - Started process (PID=2540) to work on /home/airflow/.local/lib/python3.12/site-packages/airflow/example_dags/example_external_task_marker_dag.py
[2024-04-14T13:11:24.593+0000] {processor.py:830} INFO - Processing file /home/airflow/.local/lib/python3.12/site-packages/airflow/example_dags/example_external_task_marker_dag.py for tasks to queue
[2024-04-14T13:11:24.595+0000] {logging_mixin.py:188} INFO - [2024-04-14T13:11:24.594+0000] {dagbag.py:540} INFO - Filling up the DagBag from /home/airflow/.local/lib/python3.12/site-packages/airflow/example_dags/example_external_task_marker_dag.py
[2024-04-14T13:11:24.612+0000] {processor.py:840} INFO - DAG(s) 'example_external_task_marker_child', 'example_external_task_marker_parent' retrieved from /home/airflow/.local/lib/python3.12/site-packages/airflow/example_dags/example_external_task_marker_dag.py
[2024-04-14T13:11:24.681+0000] {logging_mixin.py:188} INFO - [2024-04-14T13:11:24.679+0000] {dag.py:3096} INFO - Sync 2 DAGs
[2024-04-14T13:11:24.712+0000] {logging_mixin.py:188} INFO - [2024-04-14T13:11:24.711+0000] {dag.py:3954} INFO - Setting next_dagrun for example_external_task_marker_child to None, run_after=None
[2024-04-14T13:11:24.721+0000] {logging_mixin.py:188} INFO - [2024-04-14T13:11:24.720+0000] {dag.py:3954} INFO - Setting next_dagrun for example_external_task_marker_parent to None, run_after=None
[2024-04-14T13:11:24.759+0000] {processor.py:183} INFO - Processing /home/airflow/.local/lib/python3.12/site-packages/airflow/example_dags/example_external_task_marker_dag.py took 0.180 seconds
[2024-04-14T13:11:54.907+0000] {processor.py:161} INFO - Started process (PID=2598) to work on /home/airflow/.local/lib/python3.12/site-packages/airflow/example_dags/example_external_task_marker_dag.py
[2024-04-14T13:11:54.909+0000] {processor.py:830} INFO - Processing file /home/airflow/.local/lib/python3.12/site-packages/airflow/example_dags/example_external_task_marker_dag.py for tasks to queue
[2024-04-14T13:11:54.911+0000] {logging_mixin.py:188} INFO - [2024-04-14T13:11:54.910+0000] {dagbag.py:540} INFO - Filling up the DagBag from /home/airflow/.local/lib/python3.12/site-packages/airflow/example_dags/example_external_task_marker_dag.py
[2024-04-14T13:11:54.922+0000] {processor.py:840} INFO - DAG(s) 'example_external_task_marker_parent', 'example_external_task_marker_child' retrieved from /home/airflow/.local/lib/python3.12/site-packages/airflow/example_dags/example_external_task_marker_dag.py
[2024-04-14T13:11:54.975+0000] {logging_mixin.py:188} INFO - [2024-04-14T13:11:54.975+0000] {dag.py:3096} INFO - Sync 2 DAGs
[2024-04-14T13:11:55.011+0000] {logging_mixin.py:188} INFO - [2024-04-14T13:11:55.010+0000] {dag.py:3954} INFO - Setting next_dagrun for example_external_task_marker_child to None, run_after=None
[2024-04-14T13:11:55.021+0000] {logging_mixin.py:188} INFO - [2024-04-14T13:11:55.021+0000] {dag.py:3954} INFO - Setting next_dagrun for example_external_task_marker_parent to None, run_after=None
[2024-04-14T13:11:55.083+0000] {processor.py:183} INFO - Processing /home/airflow/.local/lib/python3.12/site-packages/airflow/example_dags/example_external_task_marker_dag.py took 0.188 seconds
[2024-04-14T13:12:25.460+0000] {processor.py:161} INFO - Started process (PID=2655) to work on /home/airflow/.local/lib/python3.12/site-packages/airflow/example_dags/example_external_task_marker_dag.py
[2024-04-14T13:12:25.463+0000] {processor.py:830} INFO - Processing file /home/airflow/.local/lib/python3.12/site-packages/airflow/example_dags/example_external_task_marker_dag.py for tasks to queue
[2024-04-14T13:12:25.465+0000] {logging_mixin.py:188} INFO - [2024-04-14T13:12:25.464+0000] {dagbag.py:540} INFO - Filling up the DagBag from /home/airflow/.local/lib/python3.12/site-packages/airflow/example_dags/example_external_task_marker_dag.py
[2024-04-14T13:12:25.475+0000] {processor.py:840} INFO - DAG(s) 'example_external_task_marker_child', 'example_external_task_marker_parent' retrieved from /home/airflow/.local/lib/python3.12/site-packages/airflow/example_dags/example_external_task_marker_dag.py
[2024-04-14T13:12:25.536+0000] {logging_mixin.py:188} INFO - [2024-04-14T13:12:25.535+0000] {dag.py:3096} INFO - Sync 2 DAGs
[2024-04-14T13:12:25.560+0000] {logging_mixin.py:188} INFO - [2024-04-14T13:12:25.560+0000] {dag.py:3954} INFO - Setting next_dagrun for example_external_task_marker_child to None, run_after=None
[2024-04-14T13:12:25.568+0000] {logging_mixin.py:188} INFO - [2024-04-14T13:12:25.567+0000] {dag.py:3954} INFO - Setting next_dagrun for example_external_task_marker_parent to None, run_after=None
[2024-04-14T13:12:25.608+0000] {processor.py:183} INFO - Processing /home/airflow/.local/lib/python3.12/site-packages/airflow/example_dags/example_external_task_marker_dag.py took 0.161 seconds
[2024-04-14T13:12:55.953+0000] {processor.py:161} INFO - Started process (PID=2714) to work on /home/airflow/.local/lib/python3.12/site-packages/airflow/example_dags/example_external_task_marker_dag.py
[2024-04-14T13:12:55.954+0000] {processor.py:830} INFO - Processing file /home/airflow/.local/lib/python3.12/site-packages/airflow/example_dags/example_external_task_marker_dag.py for tasks to queue
[2024-04-14T13:12:55.955+0000] {logging_mixin.py:188} INFO - [2024-04-14T13:12:55.955+0000] {dagbag.py:540} INFO - Filling up the DagBag from /home/airflow/.local/lib/python3.12/site-packages/airflow/example_dags/example_external_task_marker_dag.py
[2024-04-14T13:12:55.966+0000] {processor.py:840} INFO - DAG(s) 'example_external_task_marker_parent', 'example_external_task_marker_child' retrieved from /home/airflow/.local/lib/python3.12/site-packages/airflow/example_dags/example_external_task_marker_dag.py
[2024-04-14T13:12:56.006+0000] {logging_mixin.py:188} INFO - [2024-04-14T13:12:56.005+0000] {dag.py:3096} INFO - Sync 2 DAGs
[2024-04-14T13:12:56.038+0000] {logging_mixin.py:188} INFO - [2024-04-14T13:12:56.038+0000] {dag.py:3954} INFO - Setting next_dagrun for example_external_task_marker_child to None, run_after=None
[2024-04-14T13:12:56.047+0000] {logging_mixin.py:188} INFO - [2024-04-14T13:12:56.046+0000] {dag.py:3954} INFO - Setting next_dagrun for example_external_task_marker_parent to None, run_after=None
[2024-04-14T13:12:56.078+0000] {processor.py:183} INFO - Processing /home/airflow/.local/lib/python3.12/site-packages/airflow/example_dags/example_external_task_marker_dag.py took 0.133 seconds
