[2024-04-14T12:49:48.237+0000] {processor.py:161} INFO - Started process (PID=80) to work on /home/airflow/.local/lib/python3.12/site-packages/airflow/example_dags/example_display_name.py
[2024-04-14T12:49:48.239+0000] {processor.py:830} INFO - Processing file /home/airflow/.local/lib/python3.12/site-packages/airflow/example_dags/example_display_name.py for tasks to queue
[2024-04-14T12:49:48.271+0000] {logging_mixin.py:188} INFO - [2024-04-14T12:49:48.269+0000] {dagbag.py:540} INFO - Filling up the DagBag from /home/airflow/.local/lib/python3.12/site-packages/airflow/example_dags/example_display_name.py
[2024-04-14T12:49:48.297+0000] {processor.py:840} INFO - DAG(s) 'example_display_name' retrieved from /home/airflow/.local/lib/python3.12/site-packages/airflow/example_dags/example_display_name.py
[2024-04-14T12:49:48.864+0000] {logging_mixin.py:188} INFO - [2024-04-14T12:49:48.864+0000] {dag.py:3096} INFO - Sync 1 DAGs
[2024-04-14T12:49:49.101+0000] {logging_mixin.py:188} INFO - [2024-04-14T12:49:49.101+0000] {dag.py:3954} INFO - Setting next_dagrun for example_display_name to None, run_after=None
[2024-04-14T12:49:49.316+0000] {processor.py:183} INFO - Processing /home/airflow/.local/lib/python3.12/site-packages/airflow/example_dags/example_display_name.py took 1.197 seconds
[2024-04-14T12:50:19.538+0000] {processor.py:161} INFO - Started process (PID=138) to work on /home/airflow/.local/lib/python3.12/site-packages/airflow/example_dags/example_display_name.py
[2024-04-14T12:50:19.540+0000] {processor.py:830} INFO - Processing file /home/airflow/.local/lib/python3.12/site-packages/airflow/example_dags/example_display_name.py for tasks to queue
[2024-04-14T12:50:19.542+0000] {logging_mixin.py:188} INFO - [2024-04-14T12:50:19.542+0000] {dagbag.py:540} INFO - Filling up the DagBag from /home/airflow/.local/lib/python3.12/site-packages/airflow/example_dags/example_display_name.py
[2024-04-14T12:50:19.552+0000] {processor.py:840} INFO - DAG(s) 'example_display_name' retrieved from /home/airflow/.local/lib/python3.12/site-packages/airflow/example_dags/example_display_name.py
[2024-04-14T12:50:19.585+0000] {logging_mixin.py:188} INFO - [2024-04-14T12:50:19.585+0000] {dag.py:3096} INFO - Sync 1 DAGs
[2024-04-14T12:50:19.603+0000] {logging_mixin.py:188} INFO - [2024-04-14T12:50:19.603+0000] {dag.py:3954} INFO - Setting next_dagrun for example_display_name to None, run_after=None
[2024-04-14T12:50:19.642+0000] {processor.py:183} INFO - Processing /home/airflow/.local/lib/python3.12/site-packages/airflow/example_dags/example_display_name.py took 0.111 seconds
[2024-04-14T12:50:50.489+0000] {processor.py:161} INFO - Started process (PID=195) to work on /home/airflow/.local/lib/python3.12/site-packages/airflow/example_dags/example_display_name.py
[2024-04-14T12:50:50.491+0000] {processor.py:830} INFO - Processing file /home/airflow/.local/lib/python3.12/site-packages/airflow/example_dags/example_display_name.py for tasks to queue
[2024-04-14T12:50:50.495+0000] {logging_mixin.py:188} INFO - [2024-04-14T12:50:50.494+0000] {dagbag.py:540} INFO - Filling up the DagBag from /home/airflow/.local/lib/python3.12/site-packages/airflow/example_dags/example_display_name.py
[2024-04-14T12:50:50.507+0000] {processor.py:840} INFO - DAG(s) 'example_display_name' retrieved from /home/airflow/.local/lib/python3.12/site-packages/airflow/example_dags/example_display_name.py
[2024-04-14T12:50:50.567+0000] {logging_mixin.py:188} INFO - [2024-04-14T12:50:50.567+0000] {dag.py:3096} INFO - Sync 1 DAGs
[2024-04-14T12:50:50.626+0000] {logging_mixin.py:188} INFO - [2024-04-14T12:50:50.626+0000] {dag.py:3954} INFO - Setting next_dagrun for example_display_name to None, run_after=None
[2024-04-14T12:50:50.720+0000] {processor.py:183} INFO - Processing /home/airflow/.local/lib/python3.12/site-packages/airflow/example_dags/example_display_name.py took 0.251 seconds
[2024-04-14T12:51:21.131+0000] {processor.py:161} INFO - Started process (PID=253) to work on /home/airflow/.local/lib/python3.12/site-packages/airflow/example_dags/example_display_name.py
[2024-04-14T12:51:21.133+0000] {processor.py:830} INFO - Processing file /home/airflow/.local/lib/python3.12/site-packages/airflow/example_dags/example_display_name.py for tasks to queue
[2024-04-14T12:51:21.141+0000] {logging_mixin.py:188} INFO - [2024-04-14T12:51:21.140+0000] {dagbag.py:540} INFO - Filling up the DagBag from /home/airflow/.local/lib/python3.12/site-packages/airflow/example_dags/example_display_name.py
[2024-04-14T12:51:21.156+0000] {processor.py:840} INFO - DAG(s) 'example_display_name' retrieved from /home/airflow/.local/lib/python3.12/site-packages/airflow/example_dags/example_display_name.py
[2024-04-14T12:51:21.237+0000] {logging_mixin.py:188} INFO - [2024-04-14T12:51:21.232+0000] {dag.py:3096} INFO - Sync 1 DAGs
[2024-04-14T12:51:21.301+0000] {logging_mixin.py:188} INFO - [2024-04-14T12:51:21.301+0000] {dag.py:3954} INFO - Setting next_dagrun for example_display_name to None, run_after=None
[2024-04-14T12:51:21.406+0000] {processor.py:183} INFO - Processing /home/airflow/.local/lib/python3.12/site-packages/airflow/example_dags/example_display_name.py took 0.295 seconds
[2024-04-14T12:51:52.397+0000] {processor.py:161} INFO - Started process (PID=311) to work on /home/airflow/.local/lib/python3.12/site-packages/airflow/example_dags/example_display_name.py
[2024-04-14T12:51:52.402+0000] {processor.py:830} INFO - Processing file /home/airflow/.local/lib/python3.12/site-packages/airflow/example_dags/example_display_name.py for tasks to queue
[2024-04-14T12:51:52.408+0000] {logging_mixin.py:188} INFO - [2024-04-14T12:51:52.407+0000] {dagbag.py:540} INFO - Filling up the DagBag from /home/airflow/.local/lib/python3.12/site-packages/airflow/example_dags/example_display_name.py
[2024-04-14T12:51:52.423+0000] {processor.py:840} INFO - DAG(s) 'example_display_name' retrieved from /home/airflow/.local/lib/python3.12/site-packages/airflow/example_dags/example_display_name.py
[2024-04-14T12:51:52.462+0000] {logging_mixin.py:188} INFO - [2024-04-14T12:51:52.461+0000] {dag.py:3096} INFO - Sync 1 DAGs
[2024-04-14T12:51:52.488+0000] {logging_mixin.py:188} INFO - [2024-04-14T12:51:52.487+0000] {dag.py:3954} INFO - Setting next_dagrun for example_display_name to None, run_after=None
[2024-04-14T12:51:52.524+0000] {processor.py:183} INFO - Processing /home/airflow/.local/lib/python3.12/site-packages/airflow/example_dags/example_display_name.py took 0.138 seconds
[2024-04-14T12:52:22.606+0000] {processor.py:161} INFO - Started process (PID=369) to work on /home/airflow/.local/lib/python3.12/site-packages/airflow/example_dags/example_display_name.py
[2024-04-14T12:52:22.607+0000] {processor.py:830} INFO - Processing file /home/airflow/.local/lib/python3.12/site-packages/airflow/example_dags/example_display_name.py for tasks to queue
[2024-04-14T12:52:22.609+0000] {logging_mixin.py:188} INFO - [2024-04-14T12:52:22.609+0000] {dagbag.py:540} INFO - Filling up the DagBag from /home/airflow/.local/lib/python3.12/site-packages/airflow/example_dags/example_display_name.py
[2024-04-14T12:52:22.617+0000] {processor.py:840} INFO - DAG(s) 'example_display_name' retrieved from /home/airflow/.local/lib/python3.12/site-packages/airflow/example_dags/example_display_name.py
[2024-04-14T12:52:22.641+0000] {logging_mixin.py:188} INFO - [2024-04-14T12:52:22.641+0000] {dag.py:3096} INFO - Sync 1 DAGs
[2024-04-14T12:52:22.661+0000] {logging_mixin.py:188} INFO - [2024-04-14T12:52:22.661+0000] {dag.py:3954} INFO - Setting next_dagrun for example_display_name to None, run_after=None
[2024-04-14T12:52:22.693+0000] {processor.py:183} INFO - Processing /home/airflow/.local/lib/python3.12/site-packages/airflow/example_dags/example_display_name.py took 0.095 seconds
[2024-04-14T12:52:52.783+0000] {processor.py:161} INFO - Started process (PID=427) to work on /home/airflow/.local/lib/python3.12/site-packages/airflow/example_dags/example_display_name.py
[2024-04-14T12:52:52.785+0000] {processor.py:830} INFO - Processing file /home/airflow/.local/lib/python3.12/site-packages/airflow/example_dags/example_display_name.py for tasks to queue
[2024-04-14T12:52:52.788+0000] {logging_mixin.py:188} INFO - [2024-04-14T12:52:52.787+0000] {dagbag.py:540} INFO - Filling up the DagBag from /home/airflow/.local/lib/python3.12/site-packages/airflow/example_dags/example_display_name.py
[2024-04-14T12:52:52.800+0000] {processor.py:840} INFO - DAG(s) 'example_display_name' retrieved from /home/airflow/.local/lib/python3.12/site-packages/airflow/example_dags/example_display_name.py
[2024-04-14T12:52:52.829+0000] {logging_mixin.py:188} INFO - [2024-04-14T12:52:52.829+0000] {dag.py:3096} INFO - Sync 1 DAGs
[2024-04-14T12:52:52.851+0000] {logging_mixin.py:188} INFO - [2024-04-14T12:52:52.851+0000] {dag.py:3954} INFO - Setting next_dagrun for example_display_name to None, run_after=None
[2024-04-14T12:52:52.888+0000] {processor.py:183} INFO - Processing /home/airflow/.local/lib/python3.12/site-packages/airflow/example_dags/example_display_name.py took 0.116 seconds
[2024-04-14T12:53:23.995+0000] {processor.py:161} INFO - Started process (PID=485) to work on /home/airflow/.local/lib/python3.12/site-packages/airflow/example_dags/example_display_name.py
[2024-04-14T12:53:24.037+0000] {processor.py:830} INFO - Processing file /home/airflow/.local/lib/python3.12/site-packages/airflow/example_dags/example_display_name.py for tasks to queue
[2024-04-14T12:53:24.054+0000] {logging_mixin.py:188} INFO - [2024-04-14T12:53:24.053+0000] {dagbag.py:540} INFO - Filling up the DagBag from /home/airflow/.local/lib/python3.12/site-packages/airflow/example_dags/example_display_name.py
[2024-04-14T12:53:24.087+0000] {processor.py:840} INFO - DAG(s) 'example_display_name' retrieved from /home/airflow/.local/lib/python3.12/site-packages/airflow/example_dags/example_display_name.py
[2024-04-14T12:53:24.257+0000] {logging_mixin.py:188} INFO - [2024-04-14T12:53:24.256+0000] {dag.py:3096} INFO - Sync 1 DAGs
[2024-04-14T12:53:24.376+0000] {logging_mixin.py:188} INFO - [2024-04-14T12:53:24.375+0000] {dag.py:3954} INFO - Setting next_dagrun for example_display_name to None, run_after=None
[2024-04-14T12:53:24.470+0000] {processor.py:183} INFO - Processing /home/airflow/.local/lib/python3.12/site-packages/airflow/example_dags/example_display_name.py took 0.498 seconds
[2024-04-14T12:53:54.976+0000] {processor.py:161} INFO - Started process (PID=543) to work on /home/airflow/.local/lib/python3.12/site-packages/airflow/example_dags/example_display_name.py
[2024-04-14T12:53:54.978+0000] {processor.py:830} INFO - Processing file /home/airflow/.local/lib/python3.12/site-packages/airflow/example_dags/example_display_name.py for tasks to queue
[2024-04-14T12:53:54.993+0000] {logging_mixin.py:188} INFO - [2024-04-14T12:53:54.992+0000] {dagbag.py:540} INFO - Filling up the DagBag from /home/airflow/.local/lib/python3.12/site-packages/airflow/example_dags/example_display_name.py
[2024-04-14T12:53:55.028+0000] {processor.py:840} INFO - DAG(s) 'example_display_name' retrieved from /home/airflow/.local/lib/python3.12/site-packages/airflow/example_dags/example_display_name.py
[2024-04-14T12:53:55.150+0000] {logging_mixin.py:188} INFO - [2024-04-14T12:53:55.149+0000] {dag.py:3096} INFO - Sync 1 DAGs
[2024-04-14T12:53:55.217+0000] {logging_mixin.py:188} INFO - [2024-04-14T12:53:55.216+0000] {dag.py:3954} INFO - Setting next_dagrun for example_display_name to None, run_after=None
[2024-04-14T12:53:55.303+0000] {processor.py:183} INFO - Processing /home/airflow/.local/lib/python3.12/site-packages/airflow/example_dags/example_display_name.py took 0.365 seconds
[2024-04-14T12:54:26.084+0000] {processor.py:161} INFO - Started process (PID=601) to work on /home/airflow/.local/lib/python3.12/site-packages/airflow/example_dags/example_display_name.py
[2024-04-14T12:54:26.129+0000] {processor.py:830} INFO - Processing file /home/airflow/.local/lib/python3.12/site-packages/airflow/example_dags/example_display_name.py for tasks to queue
[2024-04-14T12:54:26.139+0000] {logging_mixin.py:188} INFO - [2024-04-14T12:54:26.138+0000] {dagbag.py:540} INFO - Filling up the DagBag from /home/airflow/.local/lib/python3.12/site-packages/airflow/example_dags/example_display_name.py
[2024-04-14T12:54:26.181+0000] {processor.py:840} INFO - DAG(s) 'example_display_name' retrieved from /home/airflow/.local/lib/python3.12/site-packages/airflow/example_dags/example_display_name.py
[2024-04-14T12:54:26.282+0000] {logging_mixin.py:188} INFO - [2024-04-14T12:54:26.281+0000] {dag.py:3096} INFO - Sync 1 DAGs
[2024-04-14T12:54:26.385+0000] {logging_mixin.py:188} INFO - [2024-04-14T12:54:26.384+0000] {dag.py:3954} INFO - Setting next_dagrun for example_display_name to None, run_after=None
[2024-04-14T12:54:26.585+0000] {processor.py:183} INFO - Processing /home/airflow/.local/lib/python3.12/site-packages/airflow/example_dags/example_display_name.py took 0.537 seconds
[2024-04-14T12:54:58.808+0000] {processor.py:161} INFO - Started process (PID=660) to work on /home/airflow/.local/lib/python3.12/site-packages/airflow/example_dags/example_display_name.py
[2024-04-14T12:54:58.810+0000] {processor.py:830} INFO - Processing file /home/airflow/.local/lib/python3.12/site-packages/airflow/example_dags/example_display_name.py for tasks to queue
[2024-04-14T12:54:58.813+0000] {logging_mixin.py:188} INFO - [2024-04-14T12:54:58.813+0000] {dagbag.py:540} INFO - Filling up the DagBag from /home/airflow/.local/lib/python3.12/site-packages/airflow/example_dags/example_display_name.py
[2024-04-14T12:54:58.843+0000] {processor.py:840} INFO - DAG(s) 'example_display_name' retrieved from /home/airflow/.local/lib/python3.12/site-packages/airflow/example_dags/example_display_name.py
[2024-04-14T12:54:58.956+0000] {logging_mixin.py:188} INFO - [2024-04-14T12:54:58.956+0000] {dag.py:3096} INFO - Sync 1 DAGs
[2024-04-14T12:54:59.024+0000] {logging_mixin.py:188} INFO - [2024-04-14T12:54:59.023+0000] {dag.py:3954} INFO - Setting next_dagrun for example_display_name to None, run_after=None
[2024-04-14T12:54:59.153+0000] {processor.py:183} INFO - Processing /home/airflow/.local/lib/python3.12/site-packages/airflow/example_dags/example_display_name.py took 0.371 seconds
[2024-04-14T12:55:36.119+0000] {processor.py:161} INFO - Started process (PID=720) to work on /home/airflow/.local/lib/python3.12/site-packages/airflow/example_dags/example_display_name.py
[2024-04-14T12:55:36.132+0000] {processor.py:830} INFO - Processing file /home/airflow/.local/lib/python3.12/site-packages/airflow/example_dags/example_display_name.py for tasks to queue
[2024-04-14T12:55:36.139+0000] {logging_mixin.py:188} INFO - [2024-04-14T12:55:36.138+0000] {dagbag.py:540} INFO - Filling up the DagBag from /home/airflow/.local/lib/python3.12/site-packages/airflow/example_dags/example_display_name.py
[2024-04-14T12:55:36.176+0000] {processor.py:840} INFO - DAG(s) 'example_display_name' retrieved from /home/airflow/.local/lib/python3.12/site-packages/airflow/example_dags/example_display_name.py
[2024-04-14T12:55:36.308+0000] {logging_mixin.py:188} INFO - [2024-04-14T12:55:36.307+0000] {dag.py:3096} INFO - Sync 1 DAGs
[2024-04-14T12:55:36.431+0000] {logging_mixin.py:188} INFO - [2024-04-14T12:55:36.426+0000] {dag.py:3954} INFO - Setting next_dagrun for example_display_name to None, run_after=None
[2024-04-14T12:55:36.559+0000] {processor.py:183} INFO - Processing /home/airflow/.local/lib/python3.12/site-packages/airflow/example_dags/example_display_name.py took 0.461 seconds
[2024-04-14T12:56:06.984+0000] {processor.py:161} INFO - Started process (PID=778) to work on /home/airflow/.local/lib/python3.12/site-packages/airflow/example_dags/example_display_name.py
[2024-04-14T12:56:06.985+0000] {processor.py:830} INFO - Processing file /home/airflow/.local/lib/python3.12/site-packages/airflow/example_dags/example_display_name.py for tasks to queue
[2024-04-14T12:56:06.989+0000] {logging_mixin.py:188} INFO - [2024-04-14T12:56:06.988+0000] {dagbag.py:540} INFO - Filling up the DagBag from /home/airflow/.local/lib/python3.12/site-packages/airflow/example_dags/example_display_name.py
[2024-04-14T12:56:06.998+0000] {processor.py:840} INFO - DAG(s) 'example_display_name' retrieved from /home/airflow/.local/lib/python3.12/site-packages/airflow/example_dags/example_display_name.py
[2024-04-14T12:56:07.027+0000] {logging_mixin.py:188} INFO - [2024-04-14T12:56:07.026+0000] {dag.py:3096} INFO - Sync 1 DAGs
[2024-04-14T12:56:07.044+0000] {logging_mixin.py:188} INFO - [2024-04-14T12:56:07.044+0000] {dag.py:3954} INFO - Setting next_dagrun for example_display_name to None, run_after=None
[2024-04-14T12:56:07.076+0000] {processor.py:183} INFO - Processing /home/airflow/.local/lib/python3.12/site-packages/airflow/example_dags/example_display_name.py took 0.100 seconds
[2024-04-14T12:56:37.216+0000] {processor.py:161} INFO - Started process (PID=836) to work on /home/airflow/.local/lib/python3.12/site-packages/airflow/example_dags/example_display_name.py
[2024-04-14T12:56:37.218+0000] {processor.py:830} INFO - Processing file /home/airflow/.local/lib/python3.12/site-packages/airflow/example_dags/example_display_name.py for tasks to queue
[2024-04-14T12:56:37.221+0000] {logging_mixin.py:188} INFO - [2024-04-14T12:56:37.220+0000] {dagbag.py:540} INFO - Filling up the DagBag from /home/airflow/.local/lib/python3.12/site-packages/airflow/example_dags/example_display_name.py
[2024-04-14T12:56:37.228+0000] {processor.py:840} INFO - DAG(s) 'example_display_name' retrieved from /home/airflow/.local/lib/python3.12/site-packages/airflow/example_dags/example_display_name.py
[2024-04-14T12:56:37.259+0000] {logging_mixin.py:188} INFO - [2024-04-14T12:56:37.258+0000] {dag.py:3096} INFO - Sync 1 DAGs
[2024-04-14T12:56:37.285+0000] {logging_mixin.py:188} INFO - [2024-04-14T12:56:37.285+0000] {dag.py:3954} INFO - Setting next_dagrun for example_display_name to None, run_after=None
[2024-04-14T12:56:37.321+0000] {processor.py:183} INFO - Processing /home/airflow/.local/lib/python3.12/site-packages/airflow/example_dags/example_display_name.py took 0.111 seconds
[2024-04-14T12:57:07.725+0000] {processor.py:161} INFO - Started process (PID=895) to work on /home/airflow/.local/lib/python3.12/site-packages/airflow/example_dags/example_display_name.py
[2024-04-14T12:57:07.728+0000] {processor.py:830} INFO - Processing file /home/airflow/.local/lib/python3.12/site-packages/airflow/example_dags/example_display_name.py for tasks to queue
[2024-04-14T12:57:07.733+0000] {logging_mixin.py:188} INFO - [2024-04-14T12:57:07.732+0000] {dagbag.py:540} INFO - Filling up the DagBag from /home/airflow/.local/lib/python3.12/site-packages/airflow/example_dags/example_display_name.py
[2024-04-14T12:57:07.751+0000] {processor.py:840} INFO - DAG(s) 'example_display_name' retrieved from /home/airflow/.local/lib/python3.12/site-packages/airflow/example_dags/example_display_name.py
[2024-04-14T12:57:07.857+0000] {logging_mixin.py:188} INFO - [2024-04-14T12:57:07.857+0000] {dag.py:3096} INFO - Sync 1 DAGs
[2024-04-14T12:57:08.005+0000] {logging_mixin.py:188} INFO - [2024-04-14T12:57:08.005+0000] {dag.py:3954} INFO - Setting next_dagrun for example_display_name to None, run_after=None
[2024-04-14T12:57:08.195+0000] {processor.py:183} INFO - Processing /home/airflow/.local/lib/python3.12/site-packages/airflow/example_dags/example_display_name.py took 0.485 seconds
[2024-04-14T12:57:38.450+0000] {processor.py:161} INFO - Started process (PID=953) to work on /home/airflow/.local/lib/python3.12/site-packages/airflow/example_dags/example_display_name.py
[2024-04-14T12:57:38.451+0000] {processor.py:830} INFO - Processing file /home/airflow/.local/lib/python3.12/site-packages/airflow/example_dags/example_display_name.py for tasks to queue
[2024-04-14T12:57:38.455+0000] {logging_mixin.py:188} INFO - [2024-04-14T12:57:38.454+0000] {dagbag.py:540} INFO - Filling up the DagBag from /home/airflow/.local/lib/python3.12/site-packages/airflow/example_dags/example_display_name.py
[2024-04-14T12:57:38.464+0000] {processor.py:840} INFO - DAG(s) 'example_display_name' retrieved from /home/airflow/.local/lib/python3.12/site-packages/airflow/example_dags/example_display_name.py
[2024-04-14T12:57:38.502+0000] {logging_mixin.py:188} INFO - [2024-04-14T12:57:38.501+0000] {dag.py:3096} INFO - Sync 1 DAGs
[2024-04-14T12:57:38.535+0000] {logging_mixin.py:188} INFO - [2024-04-14T12:57:38.534+0000] {dag.py:3954} INFO - Setting next_dagrun for example_display_name to None, run_after=None
[2024-04-14T12:57:38.586+0000] {processor.py:183} INFO - Processing /home/airflow/.local/lib/python3.12/site-packages/airflow/example_dags/example_display_name.py took 0.147 seconds
[2024-04-14T12:58:09.428+0000] {processor.py:161} INFO - Started process (PID=1012) to work on /home/airflow/.local/lib/python3.12/site-packages/airflow/example_dags/example_display_name.py
[2024-04-14T12:58:09.429+0000] {processor.py:830} INFO - Processing file /home/airflow/.local/lib/python3.12/site-packages/airflow/example_dags/example_display_name.py for tasks to queue
[2024-04-14T12:58:09.432+0000] {logging_mixin.py:188} INFO - [2024-04-14T12:58:09.431+0000] {dagbag.py:540} INFO - Filling up the DagBag from /home/airflow/.local/lib/python3.12/site-packages/airflow/example_dags/example_display_name.py
[2024-04-14T12:58:09.438+0000] {processor.py:840} INFO - DAG(s) 'example_display_name' retrieved from /home/airflow/.local/lib/python3.12/site-packages/airflow/example_dags/example_display_name.py
[2024-04-14T12:58:09.474+0000] {logging_mixin.py:188} INFO - [2024-04-14T12:58:09.474+0000] {dag.py:3096} INFO - Sync 1 DAGs
[2024-04-14T12:58:09.751+0000] {logging_mixin.py:188} INFO - [2024-04-14T12:58:09.750+0000] {dag.py:3954} INFO - Setting next_dagrun for example_display_name to None, run_after=None
[2024-04-14T12:58:09.800+0000] {processor.py:183} INFO - Processing /home/airflow/.local/lib/python3.12/site-packages/airflow/example_dags/example_display_name.py took 0.385 seconds
[2024-04-14T12:58:40.703+0000] {processor.py:161} INFO - Started process (PID=1070) to work on /home/airflow/.local/lib/python3.12/site-packages/airflow/example_dags/example_display_name.py
[2024-04-14T12:58:40.708+0000] {processor.py:830} INFO - Processing file /home/airflow/.local/lib/python3.12/site-packages/airflow/example_dags/example_display_name.py for tasks to queue
[2024-04-14T12:58:40.713+0000] {logging_mixin.py:188} INFO - [2024-04-14T12:58:40.712+0000] {dagbag.py:540} INFO - Filling up the DagBag from /home/airflow/.local/lib/python3.12/site-packages/airflow/example_dags/example_display_name.py
[2024-04-14T12:58:40.729+0000] {processor.py:840} INFO - DAG(s) 'example_display_name' retrieved from /home/airflow/.local/lib/python3.12/site-packages/airflow/example_dags/example_display_name.py
[2024-04-14T12:58:40.776+0000] {logging_mixin.py:188} INFO - [2024-04-14T12:58:40.776+0000] {dag.py:3096} INFO - Sync 1 DAGs
[2024-04-14T12:58:40.810+0000] {logging_mixin.py:188} INFO - [2024-04-14T12:58:40.810+0000] {dag.py:3954} INFO - Setting next_dagrun for example_display_name to None, run_after=None
[2024-04-14T12:58:40.859+0000] {processor.py:183} INFO - Processing /home/airflow/.local/lib/python3.12/site-packages/airflow/example_dags/example_display_name.py took 0.169 seconds
[2024-04-14T12:59:12.069+0000] {processor.py:161} INFO - Started process (PID=1128) to work on /home/airflow/.local/lib/python3.12/site-packages/airflow/example_dags/example_display_name.py
[2024-04-14T12:59:12.077+0000] {processor.py:830} INFO - Processing file /home/airflow/.local/lib/python3.12/site-packages/airflow/example_dags/example_display_name.py for tasks to queue
[2024-04-14T12:59:12.103+0000] {logging_mixin.py:188} INFO - [2024-04-14T12:59:12.102+0000] {dagbag.py:540} INFO - Filling up the DagBag from /home/airflow/.local/lib/python3.12/site-packages/airflow/example_dags/example_display_name.py
[2024-04-14T12:59:12.140+0000] {processor.py:840} INFO - DAG(s) 'example_display_name' retrieved from /home/airflow/.local/lib/python3.12/site-packages/airflow/example_dags/example_display_name.py
[2024-04-14T12:59:12.251+0000] {logging_mixin.py:188} INFO - [2024-04-14T12:59:12.251+0000] {dag.py:3096} INFO - Sync 1 DAGs
[2024-04-14T12:59:12.375+0000] {logging_mixin.py:188} INFO - [2024-04-14T12:59:12.374+0000] {dag.py:3954} INFO - Setting next_dagrun for example_display_name to None, run_after=None
[2024-04-14T12:59:12.552+0000] {processor.py:183} INFO - Processing /home/airflow/.local/lib/python3.12/site-packages/airflow/example_dags/example_display_name.py took 0.529 seconds
[2024-04-14T12:59:46.113+0000] {processor.py:161} INFO - Started process (PID=1187) to work on /home/airflow/.local/lib/python3.12/site-packages/airflow/example_dags/example_display_name.py
[2024-04-14T12:59:46.136+0000] {processor.py:830} INFO - Processing file /home/airflow/.local/lib/python3.12/site-packages/airflow/example_dags/example_display_name.py for tasks to queue
[2024-04-14T12:59:46.142+0000] {logging_mixin.py:188} INFO - [2024-04-14T12:59:46.141+0000] {dagbag.py:540} INFO - Filling up the DagBag from /home/airflow/.local/lib/python3.12/site-packages/airflow/example_dags/example_display_name.py
[2024-04-14T12:59:46.175+0000] {processor.py:840} INFO - DAG(s) 'example_display_name' retrieved from /home/airflow/.local/lib/python3.12/site-packages/airflow/example_dags/example_display_name.py
[2024-04-14T12:59:47.055+0000] {logging_mixin.py:188} INFO - [2024-04-14T12:59:47.054+0000] {dag.py:3096} INFO - Sync 1 DAGs
[2024-04-14T12:59:47.176+0000] {logging_mixin.py:188} INFO - [2024-04-14T12:59:47.166+0000] {dag.py:3954} INFO - Setting next_dagrun for example_display_name to None, run_after=None
[2024-04-14T12:59:47.309+0000] {processor.py:183} INFO - Processing /home/airflow/.local/lib/python3.12/site-packages/airflow/example_dags/example_display_name.py took 1.228 seconds
[2024-04-14T13:00:17.584+0000] {processor.py:161} INFO - Started process (PID=1252) to work on /home/airflow/.local/lib/python3.12/site-packages/airflow/example_dags/example_display_name.py
[2024-04-14T13:00:17.585+0000] {processor.py:830} INFO - Processing file /home/airflow/.local/lib/python3.12/site-packages/airflow/example_dags/example_display_name.py for tasks to queue
[2024-04-14T13:00:17.587+0000] {logging_mixin.py:188} INFO - [2024-04-14T13:00:17.587+0000] {dagbag.py:540} INFO - Filling up the DagBag from /home/airflow/.local/lib/python3.12/site-packages/airflow/example_dags/example_display_name.py
[2024-04-14T13:00:17.600+0000] {processor.py:840} INFO - DAG(s) 'example_display_name' retrieved from /home/airflow/.local/lib/python3.12/site-packages/airflow/example_dags/example_display_name.py
[2024-04-14T13:00:17.649+0000] {logging_mixin.py:188} INFO - [2024-04-14T13:00:17.648+0000] {dag.py:3096} INFO - Sync 1 DAGs
[2024-04-14T13:00:17.682+0000] {logging_mixin.py:188} INFO - [2024-04-14T13:00:17.682+0000] {dag.py:3954} INFO - Setting next_dagrun for example_display_name to None, run_after=None
[2024-04-14T13:00:17.746+0000] {processor.py:183} INFO - Processing /home/airflow/.local/lib/python3.12/site-packages/airflow/example_dags/example_display_name.py took 0.171 seconds
[2024-04-14T13:00:48.083+0000] {processor.py:161} INFO - Started process (PID=1311) to work on /home/airflow/.local/lib/python3.12/site-packages/airflow/example_dags/example_display_name.py
[2024-04-14T13:00:48.085+0000] {processor.py:830} INFO - Processing file /home/airflow/.local/lib/python3.12/site-packages/airflow/example_dags/example_display_name.py for tasks to queue
[2024-04-14T13:00:48.086+0000] {logging_mixin.py:188} INFO - [2024-04-14T13:00:48.086+0000] {dagbag.py:540} INFO - Filling up the DagBag from /home/airflow/.local/lib/python3.12/site-packages/airflow/example_dags/example_display_name.py
[2024-04-14T13:00:48.095+0000] {processor.py:840} INFO - DAG(s) 'example_display_name' retrieved from /home/airflow/.local/lib/python3.12/site-packages/airflow/example_dags/example_display_name.py
[2024-04-14T13:00:48.135+0000] {logging_mixin.py:188} INFO - [2024-04-14T13:00:48.134+0000] {dag.py:3096} INFO - Sync 1 DAGs
[2024-04-14T13:00:48.164+0000] {logging_mixin.py:188} INFO - [2024-04-14T13:00:48.164+0000] {dag.py:3954} INFO - Setting next_dagrun for example_display_name to None, run_after=None
[2024-04-14T13:00:48.201+0000] {processor.py:183} INFO - Processing /home/airflow/.local/lib/python3.12/site-packages/airflow/example_dags/example_display_name.py took 0.127 seconds
[2024-04-14T13:01:19.447+0000] {processor.py:161} INFO - Started process (PID=1370) to work on /home/airflow/.local/lib/python3.12/site-packages/airflow/example_dags/example_display_name.py
[2024-04-14T13:01:19.449+0000] {processor.py:830} INFO - Processing file /home/airflow/.local/lib/python3.12/site-packages/airflow/example_dags/example_display_name.py for tasks to queue
[2024-04-14T13:01:19.451+0000] {logging_mixin.py:188} INFO - [2024-04-14T13:01:19.450+0000] {dagbag.py:540} INFO - Filling up the DagBag from /home/airflow/.local/lib/python3.12/site-packages/airflow/example_dags/example_display_name.py
[2024-04-14T13:01:19.461+0000] {processor.py:840} INFO - DAG(s) 'example_display_name' retrieved from /home/airflow/.local/lib/python3.12/site-packages/airflow/example_dags/example_display_name.py
[2024-04-14T13:01:19.615+0000] {logging_mixin.py:188} INFO - [2024-04-14T13:01:19.614+0000] {dag.py:3096} INFO - Sync 1 DAGs
[2024-04-14T13:01:19.673+0000] {logging_mixin.py:188} INFO - [2024-04-14T13:01:19.672+0000] {dag.py:3954} INFO - Setting next_dagrun for example_display_name to None, run_after=None
[2024-04-14T13:01:19.782+0000] {processor.py:183} INFO - Processing /home/airflow/.local/lib/python3.12/site-packages/airflow/example_dags/example_display_name.py took 0.350 seconds
[2024-04-14T13:01:50.692+0000] {processor.py:161} INFO - Started process (PID=1430) to work on /home/airflow/.local/lib/python3.12/site-packages/airflow/example_dags/example_display_name.py
[2024-04-14T13:01:50.693+0000] {processor.py:830} INFO - Processing file /home/airflow/.local/lib/python3.12/site-packages/airflow/example_dags/example_display_name.py for tasks to queue
[2024-04-14T13:01:50.699+0000] {logging_mixin.py:188} INFO - [2024-04-14T13:01:50.698+0000] {dagbag.py:540} INFO - Filling up the DagBag from /home/airflow/.local/lib/python3.12/site-packages/airflow/example_dags/example_display_name.py
[2024-04-14T13:01:50.725+0000] {processor.py:840} INFO - DAG(s) 'example_display_name' retrieved from /home/airflow/.local/lib/python3.12/site-packages/airflow/example_dags/example_display_name.py
[2024-04-14T13:01:50.824+0000] {logging_mixin.py:188} INFO - [2024-04-14T13:01:50.823+0000] {dag.py:3096} INFO - Sync 1 DAGs
[2024-04-14T13:01:50.869+0000] {logging_mixin.py:188} INFO - [2024-04-14T13:01:50.869+0000] {dag.py:3954} INFO - Setting next_dagrun for example_display_name to None, run_after=None
[2024-04-14T13:01:50.924+0000] {processor.py:183} INFO - Processing /home/airflow/.local/lib/python3.12/site-packages/airflow/example_dags/example_display_name.py took 0.274 seconds
[2024-04-14T13:02:21.209+0000] {processor.py:161} INFO - Started process (PID=1489) to work on /home/airflow/.local/lib/python3.12/site-packages/airflow/example_dags/example_display_name.py
[2024-04-14T13:02:21.211+0000] {processor.py:830} INFO - Processing file /home/airflow/.local/lib/python3.12/site-packages/airflow/example_dags/example_display_name.py for tasks to queue
[2024-04-14T13:02:21.215+0000] {logging_mixin.py:188} INFO - [2024-04-14T13:02:21.214+0000] {dagbag.py:540} INFO - Filling up the DagBag from /home/airflow/.local/lib/python3.12/site-packages/airflow/example_dags/example_display_name.py
[2024-04-14T13:02:21.233+0000] {processor.py:840} INFO - DAG(s) 'example_display_name' retrieved from /home/airflow/.local/lib/python3.12/site-packages/airflow/example_dags/example_display_name.py
[2024-04-14T13:02:21.297+0000] {logging_mixin.py:188} INFO - [2024-04-14T13:02:21.297+0000] {dag.py:3096} INFO - Sync 1 DAGs
[2024-04-14T13:02:21.342+0000] {logging_mixin.py:188} INFO - [2024-04-14T13:02:21.341+0000] {dag.py:3954} INFO - Setting next_dagrun for example_display_name to None, run_after=None
[2024-04-14T13:02:21.416+0000] {processor.py:183} INFO - Processing /home/airflow/.local/lib/python3.12/site-packages/airflow/example_dags/example_display_name.py took 0.222 seconds
[2024-04-14T13:02:51.985+0000] {processor.py:161} INFO - Started process (PID=1550) to work on /home/airflow/.local/lib/python3.12/site-packages/airflow/example_dags/example_display_name.py
[2024-04-14T13:02:51.987+0000] {processor.py:830} INFO - Processing file /home/airflow/.local/lib/python3.12/site-packages/airflow/example_dags/example_display_name.py for tasks to queue
[2024-04-14T13:02:51.989+0000] {logging_mixin.py:188} INFO - [2024-04-14T13:02:51.988+0000] {dagbag.py:540} INFO - Filling up the DagBag from /home/airflow/.local/lib/python3.12/site-packages/airflow/example_dags/example_display_name.py
[2024-04-14T13:02:52.000+0000] {processor.py:840} INFO - DAG(s) 'example_display_name' retrieved from /home/airflow/.local/lib/python3.12/site-packages/airflow/example_dags/example_display_name.py
[2024-04-14T13:02:52.037+0000] {logging_mixin.py:188} INFO - [2024-04-14T13:02:52.036+0000] {dag.py:3096} INFO - Sync 1 DAGs
[2024-04-14T13:02:52.064+0000] {logging_mixin.py:188} INFO - [2024-04-14T13:02:52.063+0000] {dag.py:3954} INFO - Setting next_dagrun for example_display_name to None, run_after=None
[2024-04-14T13:02:52.138+0000] {processor.py:183} INFO - Processing /home/airflow/.local/lib/python3.12/site-packages/airflow/example_dags/example_display_name.py took 0.169 seconds
[2024-04-14T13:03:22.776+0000] {processor.py:161} INFO - Started process (PID=1611) to work on /home/airflow/.local/lib/python3.12/site-packages/airflow/example_dags/example_display_name.py
[2024-04-14T13:03:22.778+0000] {processor.py:830} INFO - Processing file /home/airflow/.local/lib/python3.12/site-packages/airflow/example_dags/example_display_name.py for tasks to queue
[2024-04-14T13:03:22.780+0000] {logging_mixin.py:188} INFO - [2024-04-14T13:03:22.779+0000] {dagbag.py:540} INFO - Filling up the DagBag from /home/airflow/.local/lib/python3.12/site-packages/airflow/example_dags/example_display_name.py
[2024-04-14T13:03:22.805+0000] {processor.py:840} INFO - DAG(s) 'example_display_name' retrieved from /home/airflow/.local/lib/python3.12/site-packages/airflow/example_dags/example_display_name.py
[2024-04-14T13:03:22.858+0000] {logging_mixin.py:188} INFO - [2024-04-14T13:03:22.857+0000] {dag.py:3096} INFO - Sync 1 DAGs
[2024-04-14T13:03:22.891+0000] {logging_mixin.py:188} INFO - [2024-04-14T13:03:22.891+0000] {dag.py:3954} INFO - Setting next_dagrun for example_display_name to None, run_after=None
[2024-04-14T13:03:22.932+0000] {processor.py:183} INFO - Processing /home/airflow/.local/lib/python3.12/site-packages/airflow/example_dags/example_display_name.py took 0.166 seconds
[2024-04-14T13:03:53.517+0000] {processor.py:161} INFO - Started process (PID=1672) to work on /home/airflow/.local/lib/python3.12/site-packages/airflow/example_dags/example_display_name.py
[2024-04-14T13:03:53.519+0000] {processor.py:830} INFO - Processing file /home/airflow/.local/lib/python3.12/site-packages/airflow/example_dags/example_display_name.py for tasks to queue
[2024-04-14T13:03:53.522+0000] {logging_mixin.py:188} INFO - [2024-04-14T13:03:53.521+0000] {dagbag.py:540} INFO - Filling up the DagBag from /home/airflow/.local/lib/python3.12/site-packages/airflow/example_dags/example_display_name.py
[2024-04-14T13:03:53.533+0000] {processor.py:840} INFO - DAG(s) 'example_display_name' retrieved from /home/airflow/.local/lib/python3.12/site-packages/airflow/example_dags/example_display_name.py
[2024-04-14T13:03:53.591+0000] {logging_mixin.py:188} INFO - [2024-04-14T13:03:53.590+0000] {dag.py:3096} INFO - Sync 1 DAGs
[2024-04-14T13:03:53.630+0000] {logging_mixin.py:188} INFO - [2024-04-14T13:03:53.629+0000] {dag.py:3954} INFO - Setting next_dagrun for example_display_name to None, run_after=None
[2024-04-14T13:03:53.676+0000] {processor.py:183} INFO - Processing /home/airflow/.local/lib/python3.12/site-packages/airflow/example_dags/example_display_name.py took 0.169 seconds
[2024-04-14T13:04:24.510+0000] {processor.py:161} INFO - Started process (PID=1732) to work on /home/airflow/.local/lib/python3.12/site-packages/airflow/example_dags/example_display_name.py
[2024-04-14T13:04:24.511+0000] {processor.py:830} INFO - Processing file /home/airflow/.local/lib/python3.12/site-packages/airflow/example_dags/example_display_name.py for tasks to queue
[2024-04-14T13:04:24.515+0000] {logging_mixin.py:188} INFO - [2024-04-14T13:04:24.513+0000] {dagbag.py:540} INFO - Filling up the DagBag from /home/airflow/.local/lib/python3.12/site-packages/airflow/example_dags/example_display_name.py
[2024-04-14T13:04:24.527+0000] {processor.py:840} INFO - DAG(s) 'example_display_name' retrieved from /home/airflow/.local/lib/python3.12/site-packages/airflow/example_dags/example_display_name.py
[2024-04-14T13:04:24.576+0000] {logging_mixin.py:188} INFO - [2024-04-14T13:04:24.576+0000] {dag.py:3096} INFO - Sync 1 DAGs
[2024-04-14T13:04:24.608+0000] {logging_mixin.py:188} INFO - [2024-04-14T13:04:24.607+0000] {dag.py:3954} INFO - Setting next_dagrun for example_display_name to None, run_after=None
[2024-04-14T13:04:24.647+0000] {processor.py:183} INFO - Processing /home/airflow/.local/lib/python3.12/site-packages/airflow/example_dags/example_display_name.py took 0.160 seconds
[2024-04-14T13:04:55.352+0000] {processor.py:161} INFO - Started process (PID=1790) to work on /home/airflow/.local/lib/python3.12/site-packages/airflow/example_dags/example_display_name.py
[2024-04-14T13:04:55.360+0000] {processor.py:830} INFO - Processing file /home/airflow/.local/lib/python3.12/site-packages/airflow/example_dags/example_display_name.py for tasks to queue
[2024-04-14T13:04:55.371+0000] {logging_mixin.py:188} INFO - [2024-04-14T13:04:55.370+0000] {dagbag.py:540} INFO - Filling up the DagBag from /home/airflow/.local/lib/python3.12/site-packages/airflow/example_dags/example_display_name.py
[2024-04-14T13:04:55.395+0000] {processor.py:840} INFO - DAG(s) 'example_display_name' retrieved from /home/airflow/.local/lib/python3.12/site-packages/airflow/example_dags/example_display_name.py
[2024-04-14T13:04:55.449+0000] {logging_mixin.py:188} INFO - [2024-04-14T13:04:55.449+0000] {dag.py:3096} INFO - Sync 1 DAGs
[2024-04-14T13:04:55.481+0000] {logging_mixin.py:188} INFO - [2024-04-14T13:04:55.480+0000] {dag.py:3954} INFO - Setting next_dagrun for example_display_name to None, run_after=None
[2024-04-14T13:04:55.525+0000] {processor.py:183} INFO - Processing /home/airflow/.local/lib/python3.12/site-packages/airflow/example_dags/example_display_name.py took 0.203 seconds
[2024-04-14T13:05:26.312+0000] {processor.py:161} INFO - Started process (PID=1848) to work on /home/airflow/.local/lib/python3.12/site-packages/airflow/example_dags/example_display_name.py
[2024-04-14T13:05:26.314+0000] {processor.py:830} INFO - Processing file /home/airflow/.local/lib/python3.12/site-packages/airflow/example_dags/example_display_name.py for tasks to queue
[2024-04-14T13:05:26.316+0000] {logging_mixin.py:188} INFO - [2024-04-14T13:05:26.316+0000] {dagbag.py:540} INFO - Filling up the DagBag from /home/airflow/.local/lib/python3.12/site-packages/airflow/example_dags/example_display_name.py
[2024-04-14T13:05:26.336+0000] {processor.py:840} INFO - DAG(s) 'example_display_name' retrieved from /home/airflow/.local/lib/python3.12/site-packages/airflow/example_dags/example_display_name.py
[2024-04-14T13:05:26.492+0000] {logging_mixin.py:188} INFO - [2024-04-14T13:05:26.491+0000] {dag.py:3096} INFO - Sync 1 DAGs
[2024-04-14T13:05:26.584+0000] {logging_mixin.py:188} INFO - [2024-04-14T13:05:26.583+0000] {dag.py:3954} INFO - Setting next_dagrun for example_display_name to None, run_after=None
[2024-04-14T13:05:26.676+0000] {processor.py:183} INFO - Processing /home/airflow/.local/lib/python3.12/site-packages/airflow/example_dags/example_display_name.py took 0.386 seconds
[2024-04-14T13:05:57.296+0000] {processor.py:161} INFO - Started process (PID=1907) to work on /home/airflow/.local/lib/python3.12/site-packages/airflow/example_dags/example_display_name.py
[2024-04-14T13:05:57.298+0000] {processor.py:830} INFO - Processing file /home/airflow/.local/lib/python3.12/site-packages/airflow/example_dags/example_display_name.py for tasks to queue
[2024-04-14T13:05:57.300+0000] {logging_mixin.py:188} INFO - [2024-04-14T13:05:57.299+0000] {dagbag.py:540} INFO - Filling up the DagBag from /home/airflow/.local/lib/python3.12/site-packages/airflow/example_dags/example_display_name.py
[2024-04-14T13:05:57.322+0000] {processor.py:840} INFO - DAG(s) 'example_display_name' retrieved from /home/airflow/.local/lib/python3.12/site-packages/airflow/example_dags/example_display_name.py
[2024-04-14T13:05:57.432+0000] {logging_mixin.py:188} INFO - [2024-04-14T13:05:57.432+0000] {dag.py:3096} INFO - Sync 1 DAGs
[2024-04-14T13:05:57.498+0000] {logging_mixin.py:188} INFO - [2024-04-14T13:05:57.497+0000] {dag.py:3954} INFO - Setting next_dagrun for example_display_name to None, run_after=None
[2024-04-14T13:05:57.590+0000] {processor.py:183} INFO - Processing /home/airflow/.local/lib/python3.12/site-packages/airflow/example_dags/example_display_name.py took 0.305 seconds
[2024-04-14T13:06:28.418+0000] {processor.py:161} INFO - Started process (PID=1966) to work on /home/airflow/.local/lib/python3.12/site-packages/airflow/example_dags/example_display_name.py
[2024-04-14T13:06:28.419+0000] {processor.py:830} INFO - Processing file /home/airflow/.local/lib/python3.12/site-packages/airflow/example_dags/example_display_name.py for tasks to queue
[2024-04-14T13:06:28.421+0000] {logging_mixin.py:188} INFO - [2024-04-14T13:06:28.420+0000] {dagbag.py:540} INFO - Filling up the DagBag from /home/airflow/.local/lib/python3.12/site-packages/airflow/example_dags/example_display_name.py
[2024-04-14T13:06:28.427+0000] {processor.py:840} INFO - DAG(s) 'example_display_name' retrieved from /home/airflow/.local/lib/python3.12/site-packages/airflow/example_dags/example_display_name.py
[2024-04-14T13:06:28.455+0000] {logging_mixin.py:188} INFO - [2024-04-14T13:06:28.455+0000] {dag.py:3096} INFO - Sync 1 DAGs
[2024-04-14T13:06:28.474+0000] {logging_mixin.py:188} INFO - [2024-04-14T13:06:28.474+0000] {dag.py:3954} INFO - Setting next_dagrun for example_display_name to None, run_after=None
[2024-04-14T13:06:28.502+0000] {processor.py:183} INFO - Processing /home/airflow/.local/lib/python3.12/site-packages/airflow/example_dags/example_display_name.py took 0.093 seconds
[2024-04-14T13:06:58.996+0000] {processor.py:161} INFO - Started process (PID=2025) to work on /home/airflow/.local/lib/python3.12/site-packages/airflow/example_dags/example_display_name.py
[2024-04-14T13:06:58.999+0000] {processor.py:830} INFO - Processing file /home/airflow/.local/lib/python3.12/site-packages/airflow/example_dags/example_display_name.py for tasks to queue
[2024-04-14T13:06:59.002+0000] {logging_mixin.py:188} INFO - [2024-04-14T13:06:59.001+0000] {dagbag.py:540} INFO - Filling up the DagBag from /home/airflow/.local/lib/python3.12/site-packages/airflow/example_dags/example_display_name.py
[2024-04-14T13:06:59.010+0000] {processor.py:840} INFO - DAG(s) 'example_display_name' retrieved from /home/airflow/.local/lib/python3.12/site-packages/airflow/example_dags/example_display_name.py
[2024-04-14T13:06:59.054+0000] {logging_mixin.py:188} INFO - [2024-04-14T13:06:59.054+0000] {dag.py:3096} INFO - Sync 1 DAGs
[2024-04-14T13:06:59.085+0000] {logging_mixin.py:188} INFO - [2024-04-14T13:06:59.084+0000] {dag.py:3954} INFO - Setting next_dagrun for example_display_name to None, run_after=None
[2024-04-14T13:06:59.128+0000] {processor.py:183} INFO - Processing /home/airflow/.local/lib/python3.12/site-packages/airflow/example_dags/example_display_name.py took 0.143 seconds
[2024-04-14T13:07:30.038+0000] {processor.py:161} INFO - Started process (PID=2085) to work on /home/airflow/.local/lib/python3.12/site-packages/airflow/example_dags/example_display_name.py
[2024-04-14T13:07:30.040+0000] {processor.py:830} INFO - Processing file /home/airflow/.local/lib/python3.12/site-packages/airflow/example_dags/example_display_name.py for tasks to queue
[2024-04-14T13:07:30.041+0000] {logging_mixin.py:188} INFO - [2024-04-14T13:07:30.041+0000] {dagbag.py:540} INFO - Filling up the DagBag from /home/airflow/.local/lib/python3.12/site-packages/airflow/example_dags/example_display_name.py
[2024-04-14T13:07:30.050+0000] {processor.py:840} INFO - DAG(s) 'example_display_name' retrieved from /home/airflow/.local/lib/python3.12/site-packages/airflow/example_dags/example_display_name.py
[2024-04-14T13:07:30.085+0000] {logging_mixin.py:188} INFO - [2024-04-14T13:07:30.084+0000] {dag.py:3096} INFO - Sync 1 DAGs
[2024-04-14T13:07:30.116+0000] {logging_mixin.py:188} INFO - [2024-04-14T13:07:30.115+0000] {dag.py:3954} INFO - Setting next_dagrun for example_display_name to None, run_after=None
[2024-04-14T13:07:30.156+0000] {processor.py:183} INFO - Processing /home/airflow/.local/lib/python3.12/site-packages/airflow/example_dags/example_display_name.py took 0.128 seconds
[2024-04-14T13:08:00.960+0000] {processor.py:161} INFO - Started process (PID=2142) to work on /home/airflow/.local/lib/python3.12/site-packages/airflow/example_dags/example_display_name.py
[2024-04-14T13:08:00.962+0000] {processor.py:830} INFO - Processing file /home/airflow/.local/lib/python3.12/site-packages/airflow/example_dags/example_display_name.py for tasks to queue
[2024-04-14T13:08:00.964+0000] {logging_mixin.py:188} INFO - [2024-04-14T13:08:00.963+0000] {dagbag.py:540} INFO - Filling up the DagBag from /home/airflow/.local/lib/python3.12/site-packages/airflow/example_dags/example_display_name.py
[2024-04-14T13:08:00.976+0000] {processor.py:840} INFO - DAG(s) 'example_display_name' retrieved from /home/airflow/.local/lib/python3.12/site-packages/airflow/example_dags/example_display_name.py
[2024-04-14T13:08:01.041+0000] {logging_mixin.py:188} INFO - [2024-04-14T13:08:01.041+0000] {dag.py:3096} INFO - Sync 1 DAGs
[2024-04-14T13:08:01.075+0000] {logging_mixin.py:188} INFO - [2024-04-14T13:08:01.074+0000] {dag.py:3954} INFO - Setting next_dagrun for example_display_name to None, run_after=None
[2024-04-14T13:08:01.185+0000] {processor.py:183} INFO - Processing /home/airflow/.local/lib/python3.12/site-packages/airflow/example_dags/example_display_name.py took 0.255 seconds
[2024-04-14T13:08:32.037+0000] {processor.py:161} INFO - Started process (PID=2204) to work on /home/airflow/.local/lib/python3.12/site-packages/airflow/example_dags/example_display_name.py
[2024-04-14T13:08:32.040+0000] {processor.py:830} INFO - Processing file /home/airflow/.local/lib/python3.12/site-packages/airflow/example_dags/example_display_name.py for tasks to queue
[2024-04-14T13:08:32.044+0000] {logging_mixin.py:188} INFO - [2024-04-14T13:08:32.042+0000] {dagbag.py:540} INFO - Filling up the DagBag from /home/airflow/.local/lib/python3.12/site-packages/airflow/example_dags/example_display_name.py
[2024-04-14T13:08:32.054+0000] {processor.py:840} INFO - DAG(s) 'example_display_name' retrieved from /home/airflow/.local/lib/python3.12/site-packages/airflow/example_dags/example_display_name.py
[2024-04-14T13:08:32.110+0000] {logging_mixin.py:188} INFO - [2024-04-14T13:08:32.109+0000] {dag.py:3096} INFO - Sync 1 DAGs
[2024-04-14T13:08:32.159+0000] {logging_mixin.py:188} INFO - [2024-04-14T13:08:32.157+0000] {dag.py:3954} INFO - Setting next_dagrun for example_display_name to None, run_after=None
[2024-04-14T13:08:32.220+0000] {processor.py:183} INFO - Processing /home/airflow/.local/lib/python3.12/site-packages/airflow/example_dags/example_display_name.py took 0.193 seconds
[2024-04-14T13:09:02.508+0000] {processor.py:161} INFO - Started process (PID=2263) to work on /home/airflow/.local/lib/python3.12/site-packages/airflow/example_dags/example_display_name.py
[2024-04-14T13:09:02.511+0000] {processor.py:830} INFO - Processing file /home/airflow/.local/lib/python3.12/site-packages/airflow/example_dags/example_display_name.py for tasks to queue
[2024-04-14T13:09:02.513+0000] {logging_mixin.py:188} INFO - [2024-04-14T13:09:02.512+0000] {dagbag.py:540} INFO - Filling up the DagBag from /home/airflow/.local/lib/python3.12/site-packages/airflow/example_dags/example_display_name.py
[2024-04-14T13:09:02.520+0000] {processor.py:840} INFO - DAG(s) 'example_display_name' retrieved from /home/airflow/.local/lib/python3.12/site-packages/airflow/example_dags/example_display_name.py
[2024-04-14T13:09:02.549+0000] {logging_mixin.py:188} INFO - [2024-04-14T13:09:02.548+0000] {dag.py:3096} INFO - Sync 1 DAGs
[2024-04-14T13:09:02.569+0000] {logging_mixin.py:188} INFO - [2024-04-14T13:09:02.568+0000] {dag.py:3954} INFO - Setting next_dagrun for example_display_name to None, run_after=None
[2024-04-14T13:09:02.617+0000] {processor.py:183} INFO - Processing /home/airflow/.local/lib/python3.12/site-packages/airflow/example_dags/example_display_name.py took 0.118 seconds
[2024-04-14T13:09:33.304+0000] {processor.py:161} INFO - Started process (PID=2323) to work on /home/airflow/.local/lib/python3.12/site-packages/airflow/example_dags/example_display_name.py
[2024-04-14T13:09:33.306+0000] {processor.py:830} INFO - Processing file /home/airflow/.local/lib/python3.12/site-packages/airflow/example_dags/example_display_name.py for tasks to queue
[2024-04-14T13:09:33.308+0000] {logging_mixin.py:188} INFO - [2024-04-14T13:09:33.307+0000] {dagbag.py:540} INFO - Filling up the DagBag from /home/airflow/.local/lib/python3.12/site-packages/airflow/example_dags/example_display_name.py
[2024-04-14T13:09:33.321+0000] {processor.py:840} INFO - DAG(s) 'example_display_name' retrieved from /home/airflow/.local/lib/python3.12/site-packages/airflow/example_dags/example_display_name.py
[2024-04-14T13:09:33.366+0000] {logging_mixin.py:188} INFO - [2024-04-14T13:09:33.365+0000] {dag.py:3096} INFO - Sync 1 DAGs
[2024-04-14T13:09:33.401+0000] {logging_mixin.py:188} INFO - [2024-04-14T13:09:33.400+0000] {dag.py:3954} INFO - Setting next_dagrun for example_display_name to None, run_after=None
[2024-04-14T13:09:33.448+0000] {processor.py:183} INFO - Processing /home/airflow/.local/lib/python3.12/site-packages/airflow/example_dags/example_display_name.py took 0.154 seconds
[2024-04-14T13:10:06.089+0000] {processor.py:161} INFO - Started process (PID=2383) to work on /home/airflow/.local/lib/python3.12/site-packages/airflow/example_dags/example_display_name.py
[2024-04-14T13:10:06.105+0000] {processor.py:830} INFO - Processing file /home/airflow/.local/lib/python3.12/site-packages/airflow/example_dags/example_display_name.py for tasks to queue
[2024-04-14T13:10:06.108+0000] {logging_mixin.py:188} INFO - [2024-04-14T13:10:06.107+0000] {dagbag.py:540} INFO - Filling up the DagBag from /home/airflow/.local/lib/python3.12/site-packages/airflow/example_dags/example_display_name.py
[2024-04-14T13:10:06.141+0000] {processor.py:840} INFO - DAG(s) 'example_display_name' retrieved from /home/airflow/.local/lib/python3.12/site-packages/airflow/example_dags/example_display_name.py
[2024-04-14T13:10:06.249+0000] {logging_mixin.py:188} INFO - [2024-04-14T13:10:06.248+0000] {dag.py:3096} INFO - Sync 1 DAGs
[2024-04-14T13:10:06.359+0000] {logging_mixin.py:188} INFO - [2024-04-14T13:10:06.359+0000] {dag.py:3954} INFO - Setting next_dagrun for example_display_name to None, run_after=None
[2024-04-14T13:10:06.481+0000] {processor.py:183} INFO - Processing /home/airflow/.local/lib/python3.12/site-packages/airflow/example_dags/example_display_name.py took 0.460 seconds
[2024-04-14T13:10:36.920+0000] {processor.py:161} INFO - Started process (PID=2442) to work on /home/airflow/.local/lib/python3.12/site-packages/airflow/example_dags/example_display_name.py
[2024-04-14T13:10:36.922+0000] {processor.py:830} INFO - Processing file /home/airflow/.local/lib/python3.12/site-packages/airflow/example_dags/example_display_name.py for tasks to queue
[2024-04-14T13:10:36.923+0000] {logging_mixin.py:188} INFO - [2024-04-14T13:10:36.923+0000] {dagbag.py:540} INFO - Filling up the DagBag from /home/airflow/.local/lib/python3.12/site-packages/airflow/example_dags/example_display_name.py
[2024-04-14T13:10:36.937+0000] {processor.py:840} INFO - DAG(s) 'example_display_name' retrieved from /home/airflow/.local/lib/python3.12/site-packages/airflow/example_dags/example_display_name.py
[2024-04-14T13:10:36.988+0000] {logging_mixin.py:188} INFO - [2024-04-14T13:10:36.988+0000] {dag.py:3096} INFO - Sync 1 DAGs
[2024-04-14T13:10:37.034+0000] {logging_mixin.py:188} INFO - [2024-04-14T13:10:37.033+0000] {dag.py:3954} INFO - Setting next_dagrun for example_display_name to None, run_after=None
[2024-04-14T13:10:37.081+0000] {processor.py:183} INFO - Processing /home/airflow/.local/lib/python3.12/site-packages/airflow/example_dags/example_display_name.py took 0.171 seconds
[2024-04-14T13:11:08.669+0000] {processor.py:161} INFO - Started process (PID=2502) to work on /home/airflow/.local/lib/python3.12/site-packages/airflow/example_dags/example_display_name.py
[2024-04-14T13:11:08.673+0000] {processor.py:830} INFO - Processing file /home/airflow/.local/lib/python3.12/site-packages/airflow/example_dags/example_display_name.py for tasks to queue
[2024-04-14T13:11:08.677+0000] {logging_mixin.py:188} INFO - [2024-04-14T13:11:08.676+0000] {dagbag.py:540} INFO - Filling up the DagBag from /home/airflow/.local/lib/python3.12/site-packages/airflow/example_dags/example_display_name.py
[2024-04-14T13:11:08.697+0000] {processor.py:840} INFO - DAG(s) 'example_display_name' retrieved from /home/airflow/.local/lib/python3.12/site-packages/airflow/example_dags/example_display_name.py
[2024-04-14T13:11:08.767+0000] {logging_mixin.py:188} INFO - [2024-04-14T13:11:08.765+0000] {dag.py:3096} INFO - Sync 1 DAGs
[2024-04-14T13:11:08.813+0000] {logging_mixin.py:188} INFO - [2024-04-14T13:11:08.812+0000] {dag.py:3954} INFO - Setting next_dagrun for example_display_name to None, run_after=None
[2024-04-14T13:11:08.864+0000] {processor.py:183} INFO - Processing /home/airflow/.local/lib/python3.12/site-packages/airflow/example_dags/example_display_name.py took 0.221 seconds
[2024-04-14T13:11:39.582+0000] {processor.py:161} INFO - Started process (PID=2561) to work on /home/airflow/.local/lib/python3.12/site-packages/airflow/example_dags/example_display_name.py
[2024-04-14T13:11:39.584+0000] {processor.py:830} INFO - Processing file /home/airflow/.local/lib/python3.12/site-packages/airflow/example_dags/example_display_name.py for tasks to queue
[2024-04-14T13:11:39.586+0000] {logging_mixin.py:188} INFO - [2024-04-14T13:11:39.585+0000] {dagbag.py:540} INFO - Filling up the DagBag from /home/airflow/.local/lib/python3.12/site-packages/airflow/example_dags/example_display_name.py
[2024-04-14T13:11:39.598+0000] {processor.py:840} INFO - DAG(s) 'example_display_name' retrieved from /home/airflow/.local/lib/python3.12/site-packages/airflow/example_dags/example_display_name.py
[2024-04-14T13:11:39.634+0000] {logging_mixin.py:188} INFO - [2024-04-14T13:11:39.633+0000] {dag.py:3096} INFO - Sync 1 DAGs
[2024-04-14T13:11:39.659+0000] {logging_mixin.py:188} INFO - [2024-04-14T13:11:39.658+0000] {dag.py:3954} INFO - Setting next_dagrun for example_display_name to None, run_after=None
[2024-04-14T13:11:39.698+0000] {processor.py:183} INFO - Processing /home/airflow/.local/lib/python3.12/site-packages/airflow/example_dags/example_display_name.py took 0.127 seconds
[2024-04-14T13:12:10.088+0000] {processor.py:161} INFO - Started process (PID=2621) to work on /home/airflow/.local/lib/python3.12/site-packages/airflow/example_dags/example_display_name.py
[2024-04-14T13:12:10.089+0000] {processor.py:830} INFO - Processing file /home/airflow/.local/lib/python3.12/site-packages/airflow/example_dags/example_display_name.py for tasks to queue
[2024-04-14T13:12:10.091+0000] {logging_mixin.py:188} INFO - [2024-04-14T13:12:10.090+0000] {dagbag.py:540} INFO - Filling up the DagBag from /home/airflow/.local/lib/python3.12/site-packages/airflow/example_dags/example_display_name.py
[2024-04-14T13:12:10.100+0000] {processor.py:840} INFO - DAG(s) 'example_display_name' retrieved from /home/airflow/.local/lib/python3.12/site-packages/airflow/example_dags/example_display_name.py
[2024-04-14T13:12:10.141+0000] {logging_mixin.py:188} INFO - [2024-04-14T13:12:10.140+0000] {dag.py:3096} INFO - Sync 1 DAGs
[2024-04-14T13:12:10.170+0000] {logging_mixin.py:188} INFO - [2024-04-14T13:12:10.169+0000] {dag.py:3954} INFO - Setting next_dagrun for example_display_name to None, run_after=None
[2024-04-14T13:12:10.204+0000] {processor.py:183} INFO - Processing /home/airflow/.local/lib/python3.12/site-packages/airflow/example_dags/example_display_name.py took 0.127 seconds
[2024-04-14T13:12:40.356+0000] {processor.py:161} INFO - Started process (PID=2680) to work on /home/airflow/.local/lib/python3.12/site-packages/airflow/example_dags/example_display_name.py
[2024-04-14T13:12:40.357+0000] {processor.py:830} INFO - Processing file /home/airflow/.local/lib/python3.12/site-packages/airflow/example_dags/example_display_name.py for tasks to queue
[2024-04-14T13:12:40.358+0000] {logging_mixin.py:188} INFO - [2024-04-14T13:12:40.358+0000] {dagbag.py:540} INFO - Filling up the DagBag from /home/airflow/.local/lib/python3.12/site-packages/airflow/example_dags/example_display_name.py
[2024-04-14T13:12:40.367+0000] {processor.py:840} INFO - DAG(s) 'example_display_name' retrieved from /home/airflow/.local/lib/python3.12/site-packages/airflow/example_dags/example_display_name.py
[2024-04-14T13:12:40.399+0000] {logging_mixin.py:188} INFO - [2024-04-14T13:12:40.398+0000] {dag.py:3096} INFO - Sync 1 DAGs
[2024-04-14T13:12:40.449+0000] {logging_mixin.py:188} INFO - [2024-04-14T13:12:40.449+0000] {dag.py:3954} INFO - Setting next_dagrun for example_display_name to None, run_after=None
[2024-04-14T13:12:40.527+0000] {processor.py:183} INFO - Processing /home/airflow/.local/lib/python3.12/site-packages/airflow/example_dags/example_display_name.py took 0.179 seconds
[2024-04-14T13:13:11.148+0000] {processor.py:161} INFO - Started process (PID=2739) to work on /home/airflow/.local/lib/python3.12/site-packages/airflow/example_dags/example_display_name.py
[2024-04-14T13:13:11.150+0000] {processor.py:830} INFO - Processing file /home/airflow/.local/lib/python3.12/site-packages/airflow/example_dags/example_display_name.py for tasks to queue
[2024-04-14T13:13:11.152+0000] {logging_mixin.py:188} INFO - [2024-04-14T13:13:11.151+0000] {dagbag.py:540} INFO - Filling up the DagBag from /home/airflow/.local/lib/python3.12/site-packages/airflow/example_dags/example_display_name.py
[2024-04-14T13:13:11.160+0000] {processor.py:840} INFO - DAG(s) 'example_display_name' retrieved from /home/airflow/.local/lib/python3.12/site-packages/airflow/example_dags/example_display_name.py
[2024-04-14T13:13:11.192+0000] {logging_mixin.py:188} INFO - [2024-04-14T13:13:11.192+0000] {dag.py:3096} INFO - Sync 1 DAGs
[2024-04-14T13:13:11.217+0000] {logging_mixin.py:188} INFO - [2024-04-14T13:13:11.216+0000] {dag.py:3954} INFO - Setting next_dagrun for example_display_name to None, run_after=None
[2024-04-14T13:13:11.249+0000] {processor.py:183} INFO - Processing /home/airflow/.local/lib/python3.12/site-packages/airflow/example_dags/example_display_name.py took 0.112 seconds
