[2024-04-14T12:49:48.434+0000] {processor.py:161} INFO - Started process (PID=81) to work on /home/airflow/.local/lib/python3.12/site-packages/airflow/example_dags/example_task_group.py
[2024-04-14T12:49:48.436+0000] {processor.py:830} INFO - Processing file /home/airflow/.local/lib/python3.12/site-packages/airflow/example_dags/example_task_group.py for tasks to queue
[2024-04-14T12:49:48.441+0000] {logging_mixin.py:188} INFO - [2024-04-14T12:49:48.441+0000] {dagbag.py:540} INFO - Filling up the DagBag from /home/airflow/.local/lib/python3.12/site-packages/airflow/example_dags/example_task_group.py
[2024-04-14T12:49:48.493+0000] {processor.py:840} INFO - DAG(s) 'example_task_group' retrieved from /home/airflow/.local/lib/python3.12/site-packages/airflow/example_dags/example_task_group.py
[2024-04-14T12:49:49.460+0000] {logging_mixin.py:188} INFO - [2024-04-14T12:49:49.459+0000] {dag.py:3096} INFO - Sync 1 DAGs
[2024-04-14T12:49:49.555+0000] {logging_mixin.py:188} INFO - [2024-04-14T12:49:49.552+0000] {dag.py:3954} INFO - Setting next_dagrun for example_task_group to 2024-04-13 00:00:00+00:00, run_after=2024-04-14 00:00:00+00:00
[2024-04-14T12:49:49.667+0000] {processor.py:183} INFO - Processing /home/airflow/.local/lib/python3.12/site-packages/airflow/example_dags/example_task_group.py took 1.277 seconds
[2024-04-14T12:50:20.560+0000] {processor.py:161} INFO - Started process (PID=139) to work on /home/airflow/.local/lib/python3.12/site-packages/airflow/example_dags/example_task_group.py
[2024-04-14T12:50:20.561+0000] {processor.py:830} INFO - Processing file /home/airflow/.local/lib/python3.12/site-packages/airflow/example_dags/example_task_group.py for tasks to queue
[2024-04-14T12:50:20.566+0000] {logging_mixin.py:188} INFO - [2024-04-14T12:50:20.566+0000] {dagbag.py:540} INFO - Filling up the DagBag from /home/airflow/.local/lib/python3.12/site-packages/airflow/example_dags/example_task_group.py
[2024-04-14T12:50:20.578+0000] {processor.py:840} INFO - DAG(s) 'example_task_group' retrieved from /home/airflow/.local/lib/python3.12/site-packages/airflow/example_dags/example_task_group.py
[2024-04-14T12:50:20.611+0000] {logging_mixin.py:188} INFO - [2024-04-14T12:50:20.611+0000] {dag.py:3096} INFO - Sync 1 DAGs
[2024-04-14T12:50:20.644+0000] {logging_mixin.py:188} INFO - [2024-04-14T12:50:20.644+0000] {dag.py:3954} INFO - Setting next_dagrun for example_task_group to 2024-04-13 00:00:00+00:00, run_after=2024-04-14 00:00:00+00:00
[2024-04-14T12:50:20.676+0000] {processor.py:183} INFO - Processing /home/airflow/.local/lib/python3.12/site-packages/airflow/example_dags/example_task_group.py took 0.126 seconds
[2024-04-14T12:50:50.839+0000] {processor.py:161} INFO - Started process (PID=196) to work on /home/airflow/.local/lib/python3.12/site-packages/airflow/example_dags/example_task_group.py
[2024-04-14T12:50:50.845+0000] {processor.py:830} INFO - Processing file /home/airflow/.local/lib/python3.12/site-packages/airflow/example_dags/example_task_group.py for tasks to queue
[2024-04-14T12:50:50.850+0000] {logging_mixin.py:188} INFO - [2024-04-14T12:50:50.849+0000] {dagbag.py:540} INFO - Filling up the DagBag from /home/airflow/.local/lib/python3.12/site-packages/airflow/example_dags/example_task_group.py
[2024-04-14T12:50:50.874+0000] {processor.py:840} INFO - DAG(s) 'example_task_group' retrieved from /home/airflow/.local/lib/python3.12/site-packages/airflow/example_dags/example_task_group.py
[2024-04-14T12:50:50.971+0000] {logging_mixin.py:188} INFO - [2024-04-14T12:50:50.971+0000] {dag.py:3096} INFO - Sync 1 DAGs
[2024-04-14T12:50:51.102+0000] {logging_mixin.py:188} INFO - [2024-04-14T12:50:51.095+0000] {dag.py:3954} INFO - Setting next_dagrun for example_task_group to 2024-04-13 00:00:00+00:00, run_after=2024-04-14 00:00:00+00:00
[2024-04-14T12:50:51.216+0000] {processor.py:183} INFO - Processing /home/airflow/.local/lib/python3.12/site-packages/airflow/example_dags/example_task_group.py took 0.401 seconds
[2024-04-14T12:51:21.583+0000] {processor.py:161} INFO - Started process (PID=254) to work on /home/airflow/.local/lib/python3.12/site-packages/airflow/example_dags/example_task_group.py
[2024-04-14T12:51:21.596+0000] {processor.py:830} INFO - Processing file /home/airflow/.local/lib/python3.12/site-packages/airflow/example_dags/example_task_group.py for tasks to queue
[2024-04-14T12:51:21.603+0000] {logging_mixin.py:188} INFO - [2024-04-14T12:51:21.602+0000] {dagbag.py:540} INFO - Filling up the DagBag from /home/airflow/.local/lib/python3.12/site-packages/airflow/example_dags/example_task_group.py
[2024-04-14T12:51:21.659+0000] {processor.py:840} INFO - DAG(s) 'example_task_group' retrieved from /home/airflow/.local/lib/python3.12/site-packages/airflow/example_dags/example_task_group.py
[2024-04-14T12:51:21.846+0000] {logging_mixin.py:188} INFO - [2024-04-14T12:51:21.846+0000] {dag.py:3096} INFO - Sync 1 DAGs
[2024-04-14T12:51:22.007+0000] {logging_mixin.py:188} INFO - [2024-04-14T12:51:22.006+0000] {dag.py:3954} INFO - Setting next_dagrun for example_task_group to 2024-04-13 00:00:00+00:00, run_after=2024-04-14 00:00:00+00:00
[2024-04-14T12:51:22.077+0000] {processor.py:183} INFO - Processing /home/airflow/.local/lib/python3.12/site-packages/airflow/example_dags/example_task_group.py took 0.521 seconds
[2024-04-14T12:51:52.408+0000] {processor.py:161} INFO - Started process (PID=312) to work on /home/airflow/.local/lib/python3.12/site-packages/airflow/example_dags/example_task_group.py
[2024-04-14T12:51:52.410+0000] {processor.py:830} INFO - Processing file /home/airflow/.local/lib/python3.12/site-packages/airflow/example_dags/example_task_group.py for tasks to queue
[2024-04-14T12:51:52.414+0000] {logging_mixin.py:188} INFO - [2024-04-14T12:51:52.413+0000] {dagbag.py:540} INFO - Filling up the DagBag from /home/airflow/.local/lib/python3.12/site-packages/airflow/example_dags/example_task_group.py
[2024-04-14T12:51:52.437+0000] {processor.py:840} INFO - DAG(s) 'example_task_group' retrieved from /home/airflow/.local/lib/python3.12/site-packages/airflow/example_dags/example_task_group.py
[2024-04-14T12:51:52.478+0000] {logging_mixin.py:188} INFO - [2024-04-14T12:51:52.477+0000] {dag.py:3096} INFO - Sync 1 DAGs
[2024-04-14T12:51:52.519+0000] {logging_mixin.py:188} INFO - [2024-04-14T12:51:52.518+0000] {dag.py:3954} INFO - Setting next_dagrun for example_task_group to 2024-04-13 00:00:00+00:00, run_after=2024-04-14 00:00:00+00:00
[2024-04-14T12:51:52.579+0000] {processor.py:183} INFO - Processing /home/airflow/.local/lib/python3.12/site-packages/airflow/example_dags/example_task_group.py took 0.185 seconds
[2024-04-14T12:52:22.744+0000] {processor.py:161} INFO - Started process (PID=370) to work on /home/airflow/.local/lib/python3.12/site-packages/airflow/example_dags/example_task_group.py
[2024-04-14T12:52:22.745+0000] {processor.py:830} INFO - Processing file /home/airflow/.local/lib/python3.12/site-packages/airflow/example_dags/example_task_group.py for tasks to queue
[2024-04-14T12:52:22.748+0000] {logging_mixin.py:188} INFO - [2024-04-14T12:52:22.747+0000] {dagbag.py:540} INFO - Filling up the DagBag from /home/airflow/.local/lib/python3.12/site-packages/airflow/example_dags/example_task_group.py
[2024-04-14T12:52:22.757+0000] {processor.py:840} INFO - DAG(s) 'example_task_group' retrieved from /home/airflow/.local/lib/python3.12/site-packages/airflow/example_dags/example_task_group.py
[2024-04-14T12:52:22.788+0000] {logging_mixin.py:188} INFO - [2024-04-14T12:52:22.787+0000] {dag.py:3096} INFO - Sync 1 DAGs
[2024-04-14T12:52:22.818+0000] {logging_mixin.py:188} INFO - [2024-04-14T12:52:22.817+0000] {dag.py:3954} INFO - Setting next_dagrun for example_task_group to 2024-04-13 00:00:00+00:00, run_after=2024-04-14 00:00:00+00:00
[2024-04-14T12:52:22.844+0000] {processor.py:183} INFO - Processing /home/airflow/.local/lib/python3.12/site-packages/airflow/example_dags/example_task_group.py took 0.108 seconds
[2024-04-14T12:52:52.937+0000] {processor.py:161} INFO - Started process (PID=428) to work on /home/airflow/.local/lib/python3.12/site-packages/airflow/example_dags/example_task_group.py
[2024-04-14T12:52:52.938+0000] {processor.py:830} INFO - Processing file /home/airflow/.local/lib/python3.12/site-packages/airflow/example_dags/example_task_group.py for tasks to queue
[2024-04-14T12:52:52.942+0000] {logging_mixin.py:188} INFO - [2024-04-14T12:52:52.941+0000] {dagbag.py:540} INFO - Filling up the DagBag from /home/airflow/.local/lib/python3.12/site-packages/airflow/example_dags/example_task_group.py
[2024-04-14T12:52:52.957+0000] {processor.py:840} INFO - DAG(s) 'example_task_group' retrieved from /home/airflow/.local/lib/python3.12/site-packages/airflow/example_dags/example_task_group.py
[2024-04-14T12:52:52.991+0000] {logging_mixin.py:188} INFO - [2024-04-14T12:52:52.990+0000] {dag.py:3096} INFO - Sync 1 DAGs
[2024-04-14T12:52:53.030+0000] {logging_mixin.py:188} INFO - [2024-04-14T12:52:53.029+0000] {dag.py:3954} INFO - Setting next_dagrun for example_task_group to 2024-04-13 00:00:00+00:00, run_after=2024-04-14 00:00:00+00:00
[2024-04-14T12:52:53.063+0000] {processor.py:183} INFO - Processing /home/airflow/.local/lib/python3.12/site-packages/airflow/example_dags/example_task_group.py took 0.136 seconds
[2024-04-14T12:53:24.004+0000] {processor.py:161} INFO - Started process (PID=486) to work on /home/airflow/.local/lib/python3.12/site-packages/airflow/example_dags/example_task_group.py
[2024-04-14T12:53:24.037+0000] {processor.py:830} INFO - Processing file /home/airflow/.local/lib/python3.12/site-packages/airflow/example_dags/example_task_group.py for tasks to queue
[2024-04-14T12:53:24.054+0000] {logging_mixin.py:188} INFO - [2024-04-14T12:53:24.053+0000] {dagbag.py:540} INFO - Filling up the DagBag from /home/airflow/.local/lib/python3.12/site-packages/airflow/example_dags/example_task_group.py
[2024-04-14T12:53:24.104+0000] {processor.py:840} INFO - DAG(s) 'example_task_group' retrieved from /home/airflow/.local/lib/python3.12/site-packages/airflow/example_dags/example_task_group.py
[2024-04-14T12:53:24.322+0000] {logging_mixin.py:188} INFO - [2024-04-14T12:53:24.296+0000] {dag.py:3096} INFO - Sync 1 DAGs
[2024-04-14T12:53:24.450+0000] {logging_mixin.py:188} INFO - [2024-04-14T12:53:24.450+0000] {dag.py:3954} INFO - Setting next_dagrun for example_task_group to 2024-04-13 00:00:00+00:00, run_after=2024-04-14 00:00:00+00:00
[2024-04-14T12:53:24.567+0000] {processor.py:183} INFO - Processing /home/airflow/.local/lib/python3.12/site-packages/airflow/example_dags/example_task_group.py took 0.603 seconds
[2024-04-14T12:53:55.074+0000] {processor.py:161} INFO - Started process (PID=544) to work on /home/airflow/.local/lib/python3.12/site-packages/airflow/example_dags/example_task_group.py
[2024-04-14T12:53:55.076+0000] {processor.py:830} INFO - Processing file /home/airflow/.local/lib/python3.12/site-packages/airflow/example_dags/example_task_group.py for tasks to queue
[2024-04-14T12:53:55.081+0000] {logging_mixin.py:188} INFO - [2024-04-14T12:53:55.080+0000] {dagbag.py:540} INFO - Filling up the DagBag from /home/airflow/.local/lib/python3.12/site-packages/airflow/example_dags/example_task_group.py
[2024-04-14T12:53:55.123+0000] {processor.py:840} INFO - DAG(s) 'example_task_group' retrieved from /home/airflow/.local/lib/python3.12/site-packages/airflow/example_dags/example_task_group.py
[2024-04-14T12:53:55.206+0000] {logging_mixin.py:188} INFO - [2024-04-14T12:53:55.205+0000] {dag.py:3096} INFO - Sync 1 DAGs
[2024-04-14T12:53:55.314+0000] {logging_mixin.py:188} INFO - [2024-04-14T12:53:55.311+0000] {dag.py:3954} INFO - Setting next_dagrun for example_task_group to 2024-04-13 00:00:00+00:00, run_after=2024-04-14 00:00:00+00:00
[2024-04-14T12:53:55.403+0000] {processor.py:183} INFO - Processing /home/airflow/.local/lib/python3.12/site-packages/airflow/example_dags/example_task_group.py took 0.391 seconds
[2024-04-14T12:54:26.092+0000] {processor.py:161} INFO - Started process (PID=602) to work on /home/airflow/.local/lib/python3.12/site-packages/airflow/example_dags/example_task_group.py
[2024-04-14T12:54:26.105+0000] {processor.py:830} INFO - Processing file /home/airflow/.local/lib/python3.12/site-packages/airflow/example_dags/example_task_group.py for tasks to queue
[2024-04-14T12:54:26.134+0000] {logging_mixin.py:188} INFO - [2024-04-14T12:54:26.133+0000] {dagbag.py:540} INFO - Filling up the DagBag from /home/airflow/.local/lib/python3.12/site-packages/airflow/example_dags/example_task_group.py
[2024-04-14T12:54:26.166+0000] {processor.py:840} INFO - DAG(s) 'example_task_group' retrieved from /home/airflow/.local/lib/python3.12/site-packages/airflow/example_dags/example_task_group.py
[2024-04-14T12:54:26.282+0000] {logging_mixin.py:188} INFO - [2024-04-14T12:54:26.281+0000] {dag.py:3096} INFO - Sync 1 DAGs
[2024-04-14T12:54:26.423+0000] {logging_mixin.py:188} INFO - [2024-04-14T12:54:26.423+0000] {dag.py:3954} INFO - Setting next_dagrun for example_task_group to 2024-04-13 00:00:00+00:00, run_after=2024-04-14 00:00:00+00:00
[2024-04-14T12:54:26.639+0000] {processor.py:183} INFO - Processing /home/airflow/.local/lib/python3.12/site-packages/airflow/example_dags/example_task_group.py took 0.582 seconds
[2024-04-14T12:54:59.300+0000] {processor.py:161} INFO - Started process (PID=661) to work on /home/airflow/.local/lib/python3.12/site-packages/airflow/example_dags/example_task_group.py
[2024-04-14T12:54:59.312+0000] {processor.py:830} INFO - Processing file /home/airflow/.local/lib/python3.12/site-packages/airflow/example_dags/example_task_group.py for tasks to queue
[2024-04-14T12:54:59.316+0000] {logging_mixin.py:188} INFO - [2024-04-14T12:54:59.315+0000] {dagbag.py:540} INFO - Filling up the DagBag from /home/airflow/.local/lib/python3.12/site-packages/airflow/example_dags/example_task_group.py
[2024-04-14T12:54:59.352+0000] {processor.py:840} INFO - DAG(s) 'example_task_group' retrieved from /home/airflow/.local/lib/python3.12/site-packages/airflow/example_dags/example_task_group.py
[2024-04-14T12:54:59.443+0000] {logging_mixin.py:188} INFO - [2024-04-14T12:54:59.443+0000] {dag.py:3096} INFO - Sync 1 DAGs
[2024-04-14T12:54:59.559+0000] {logging_mixin.py:188} INFO - [2024-04-14T12:54:59.559+0000] {dag.py:3954} INFO - Setting next_dagrun for example_task_group to 2024-04-13 00:00:00+00:00, run_after=2024-04-14 00:00:00+00:00
[2024-04-14T12:54:59.643+0000] {processor.py:183} INFO - Processing /home/airflow/.local/lib/python3.12/site-packages/airflow/example_dags/example_task_group.py took 0.365 seconds
[2024-04-14T12:55:37.019+0000] {processor.py:161} INFO - Started process (PID=721) to work on /home/airflow/.local/lib/python3.12/site-packages/airflow/example_dags/example_task_group.py
[2024-04-14T12:55:37.022+0000] {processor.py:830} INFO - Processing file /home/airflow/.local/lib/python3.12/site-packages/airflow/example_dags/example_task_group.py for tasks to queue
[2024-04-14T12:55:37.035+0000] {logging_mixin.py:188} INFO - [2024-04-14T12:55:37.034+0000] {dagbag.py:540} INFO - Filling up the DagBag from /home/airflow/.local/lib/python3.12/site-packages/airflow/example_dags/example_task_group.py
[2024-04-14T12:55:37.070+0000] {processor.py:840} INFO - DAG(s) 'example_task_group' retrieved from /home/airflow/.local/lib/python3.12/site-packages/airflow/example_dags/example_task_group.py
[2024-04-14T12:55:37.207+0000] {logging_mixin.py:188} INFO - [2024-04-14T12:55:37.207+0000] {dag.py:3096} INFO - Sync 1 DAGs
[2024-04-14T12:55:37.415+0000] {logging_mixin.py:188} INFO - [2024-04-14T12:55:37.414+0000] {dag.py:3954} INFO - Setting next_dagrun for example_task_group to 2024-04-13 00:00:00+00:00, run_after=2024-04-14 00:00:00+00:00
[2024-04-14T12:55:37.554+0000] {processor.py:183} INFO - Processing /home/airflow/.local/lib/python3.12/site-packages/airflow/example_dags/example_task_group.py took 0.553 seconds
[2024-04-14T12:56:08.139+0000] {processor.py:161} INFO - Started process (PID=779) to work on /home/airflow/.local/lib/python3.12/site-packages/airflow/example_dags/example_task_group.py
[2024-04-14T12:56:08.140+0000] {processor.py:830} INFO - Processing file /home/airflow/.local/lib/python3.12/site-packages/airflow/example_dags/example_task_group.py for tasks to queue
[2024-04-14T12:56:08.144+0000] {logging_mixin.py:188} INFO - [2024-04-14T12:56:08.144+0000] {dagbag.py:540} INFO - Filling up the DagBag from /home/airflow/.local/lib/python3.12/site-packages/airflow/example_dags/example_task_group.py
[2024-04-14T12:56:08.161+0000] {processor.py:840} INFO - DAG(s) 'example_task_group' retrieved from /home/airflow/.local/lib/python3.12/site-packages/airflow/example_dags/example_task_group.py
[2024-04-14T12:56:08.207+0000] {logging_mixin.py:188} INFO - [2024-04-14T12:56:08.206+0000] {dag.py:3096} INFO - Sync 1 DAGs
[2024-04-14T12:56:08.246+0000] {logging_mixin.py:188} INFO - [2024-04-14T12:56:08.246+0000] {dag.py:3954} INFO - Setting next_dagrun for example_task_group to 2024-04-13 00:00:00+00:00, run_after=2024-04-14 00:00:00+00:00
[2024-04-14T12:56:08.282+0000] {processor.py:183} INFO - Processing /home/airflow/.local/lib/python3.12/site-packages/airflow/example_dags/example_task_group.py took 0.153 seconds
[2024-04-14T12:56:38.383+0000] {processor.py:161} INFO - Started process (PID=837) to work on /home/airflow/.local/lib/python3.12/site-packages/airflow/example_dags/example_task_group.py
[2024-04-14T12:56:38.387+0000] {processor.py:830} INFO - Processing file /home/airflow/.local/lib/python3.12/site-packages/airflow/example_dags/example_task_group.py for tasks to queue
[2024-04-14T12:56:38.389+0000] {logging_mixin.py:188} INFO - [2024-04-14T12:56:38.388+0000] {dagbag.py:540} INFO - Filling up the DagBag from /home/airflow/.local/lib/python3.12/site-packages/airflow/example_dags/example_task_group.py
[2024-04-14T12:56:38.402+0000] {processor.py:840} INFO - DAG(s) 'example_task_group' retrieved from /home/airflow/.local/lib/python3.12/site-packages/airflow/example_dags/example_task_group.py
[2024-04-14T12:56:38.441+0000] {logging_mixin.py:188} INFO - [2024-04-14T12:56:38.441+0000] {dag.py:3096} INFO - Sync 1 DAGs
[2024-04-14T12:56:38.477+0000] {logging_mixin.py:188} INFO - [2024-04-14T12:56:38.476+0000] {dag.py:3954} INFO - Setting next_dagrun for example_task_group to 2024-04-13 00:00:00+00:00, run_after=2024-04-14 00:00:00+00:00
[2024-04-14T12:56:38.514+0000] {processor.py:183} INFO - Processing /home/airflow/.local/lib/python3.12/site-packages/airflow/example_dags/example_task_group.py took 0.139 seconds
[2024-04-14T12:57:09.347+0000] {processor.py:161} INFO - Started process (PID=896) to work on /home/airflow/.local/lib/python3.12/site-packages/airflow/example_dags/example_task_group.py
[2024-04-14T12:57:09.349+0000] {processor.py:830} INFO - Processing file /home/airflow/.local/lib/python3.12/site-packages/airflow/example_dags/example_task_group.py for tasks to queue
[2024-04-14T12:57:09.353+0000] {logging_mixin.py:188} INFO - [2024-04-14T12:57:09.352+0000] {dagbag.py:540} INFO - Filling up the DagBag from /home/airflow/.local/lib/python3.12/site-packages/airflow/example_dags/example_task_group.py
[2024-04-14T12:57:09.371+0000] {processor.py:840} INFO - DAG(s) 'example_task_group' retrieved from /home/airflow/.local/lib/python3.12/site-packages/airflow/example_dags/example_task_group.py
[2024-04-14T12:57:09.436+0000] {logging_mixin.py:188} INFO - [2024-04-14T12:57:09.436+0000] {dag.py:3096} INFO - Sync 1 DAGs
[2024-04-14T12:57:09.500+0000] {logging_mixin.py:188} INFO - [2024-04-14T12:57:09.499+0000] {dag.py:3954} INFO - Setting next_dagrun for example_task_group to 2024-04-13 00:00:00+00:00, run_after=2024-04-14 00:00:00+00:00
[2024-04-14T12:57:09.599+0000] {processor.py:183} INFO - Processing /home/airflow/.local/lib/python3.12/site-packages/airflow/example_dags/example_task_group.py took 0.262 seconds
[2024-04-14T12:57:39.819+0000] {processor.py:161} INFO - Started process (PID=955) to work on /home/airflow/.local/lib/python3.12/site-packages/airflow/example_dags/example_task_group.py
[2024-04-14T12:57:39.821+0000] {processor.py:830} INFO - Processing file /home/airflow/.local/lib/python3.12/site-packages/airflow/example_dags/example_task_group.py for tasks to queue
[2024-04-14T12:57:39.824+0000] {logging_mixin.py:188} INFO - [2024-04-14T12:57:39.823+0000] {dagbag.py:540} INFO - Filling up the DagBag from /home/airflow/.local/lib/python3.12/site-packages/airflow/example_dags/example_task_group.py
[2024-04-14T12:57:39.833+0000] {processor.py:840} INFO - DAG(s) 'example_task_group' retrieved from /home/airflow/.local/lib/python3.12/site-packages/airflow/example_dags/example_task_group.py
[2024-04-14T12:57:39.866+0000] {logging_mixin.py:188} INFO - [2024-04-14T12:57:39.865+0000] {dag.py:3096} INFO - Sync 1 DAGs
[2024-04-14T12:57:39.900+0000] {logging_mixin.py:188} INFO - [2024-04-14T12:57:39.900+0000] {dag.py:3954} INFO - Setting next_dagrun for example_task_group to 2024-04-13 00:00:00+00:00, run_after=2024-04-14 00:00:00+00:00
[2024-04-14T12:57:39.929+0000] {processor.py:183} INFO - Processing /home/airflow/.local/lib/python3.12/site-packages/airflow/example_dags/example_task_group.py took 0.117 seconds
[2024-04-14T12:58:10.433+0000] {processor.py:161} INFO - Started process (PID=1014) to work on /home/airflow/.local/lib/python3.12/site-packages/airflow/example_dags/example_task_group.py
[2024-04-14T12:58:10.435+0000] {processor.py:830} INFO - Processing file /home/airflow/.local/lib/python3.12/site-packages/airflow/example_dags/example_task_group.py for tasks to queue
[2024-04-14T12:58:10.438+0000] {logging_mixin.py:188} INFO - [2024-04-14T12:58:10.437+0000] {dagbag.py:540} INFO - Filling up the DagBag from /home/airflow/.local/lib/python3.12/site-packages/airflow/example_dags/example_task_group.py
[2024-04-14T12:58:10.450+0000] {processor.py:840} INFO - DAG(s) 'example_task_group' retrieved from /home/airflow/.local/lib/python3.12/site-packages/airflow/example_dags/example_task_group.py
[2024-04-14T12:58:10.484+0000] {logging_mixin.py:188} INFO - [2024-04-14T12:58:10.484+0000] {dag.py:3096} INFO - Sync 1 DAGs
[2024-04-14T12:58:10.747+0000] {logging_mixin.py:188} INFO - [2024-04-14T12:58:10.747+0000] {dag.py:3954} INFO - Setting next_dagrun for example_task_group to 2024-04-13 00:00:00+00:00, run_after=2024-04-14 00:00:00+00:00
[2024-04-14T12:58:10.781+0000] {processor.py:183} INFO - Processing /home/airflow/.local/lib/python3.12/site-packages/airflow/example_dags/example_task_group.py took 0.355 seconds
[2024-04-14T12:58:41.012+0000] {processor.py:161} INFO - Started process (PID=1072) to work on /home/airflow/.local/lib/python3.12/site-packages/airflow/example_dags/example_task_group.py
[2024-04-14T12:58:41.013+0000] {processor.py:830} INFO - Processing file /home/airflow/.local/lib/python3.12/site-packages/airflow/example_dags/example_task_group.py for tasks to queue
[2024-04-14T12:58:41.016+0000] {logging_mixin.py:188} INFO - [2024-04-14T12:58:41.015+0000] {dagbag.py:540} INFO - Filling up the DagBag from /home/airflow/.local/lib/python3.12/site-packages/airflow/example_dags/example_task_group.py
[2024-04-14T12:58:41.027+0000] {processor.py:840} INFO - DAG(s) 'example_task_group' retrieved from /home/airflow/.local/lib/python3.12/site-packages/airflow/example_dags/example_task_group.py
[2024-04-14T12:58:41.072+0000] {logging_mixin.py:188} INFO - [2024-04-14T12:58:41.071+0000] {dag.py:3096} INFO - Sync 1 DAGs
[2024-04-14T12:58:41.123+0000] {logging_mixin.py:188} INFO - [2024-04-14T12:58:41.123+0000] {dag.py:3954} INFO - Setting next_dagrun for example_task_group to 2024-04-13 00:00:00+00:00, run_after=2024-04-14 00:00:00+00:00
[2024-04-14T12:58:41.153+0000] {processor.py:183} INFO - Processing /home/airflow/.local/lib/python3.12/site-packages/airflow/example_dags/example_task_group.py took 0.151 seconds
[2024-04-14T12:59:13.157+0000] {processor.py:161} INFO - Started process (PID=1130) to work on /home/airflow/.local/lib/python3.12/site-packages/airflow/example_dags/example_task_group.py
[2024-04-14T12:59:13.160+0000] {processor.py:830} INFO - Processing file /home/airflow/.local/lib/python3.12/site-packages/airflow/example_dags/example_task_group.py for tasks to queue
[2024-04-14T12:59:13.179+0000] {logging_mixin.py:188} INFO - [2024-04-14T12:59:13.178+0000] {dagbag.py:540} INFO - Filling up the DagBag from /home/airflow/.local/lib/python3.12/site-packages/airflow/example_dags/example_task_group.py
[2024-04-14T12:59:13.208+0000] {processor.py:840} INFO - DAG(s) 'example_task_group' retrieved from /home/airflow/.local/lib/python3.12/site-packages/airflow/example_dags/example_task_group.py
[2024-04-14T12:59:13.257+0000] {logging_mixin.py:188} INFO - [2024-04-14T12:59:13.256+0000] {dag.py:3096} INFO - Sync 1 DAGs
[2024-04-14T12:59:13.411+0000] {logging_mixin.py:188} INFO - [2024-04-14T12:59:13.411+0000] {dag.py:3954} INFO - Setting next_dagrun for example_task_group to 2024-04-13 00:00:00+00:00, run_after=2024-04-14 00:00:00+00:00
[2024-04-14T12:59:13.539+0000] {processor.py:183} INFO - Processing /home/airflow/.local/lib/python3.12/site-packages/airflow/example_dags/example_task_group.py took 0.422 seconds
[2024-04-14T12:59:50.829+0000] {processor.py:161} INFO - Started process (PID=1202) to work on /home/airflow/.local/lib/python3.12/site-packages/airflow/example_dags/example_task_group.py
[2024-04-14T12:59:50.840+0000] {processor.py:830} INFO - Processing file /home/airflow/.local/lib/python3.12/site-packages/airflow/example_dags/example_task_group.py for tasks to queue
[2024-04-14T12:59:50.843+0000] {logging_mixin.py:188} INFO - [2024-04-14T12:59:50.842+0000] {dagbag.py:540} INFO - Filling up the DagBag from /home/airflow/.local/lib/python3.12/site-packages/airflow/example_dags/example_task_group.py
[2024-04-14T12:59:50.865+0000] {processor.py:840} INFO - DAG(s) 'example_task_group' retrieved from /home/airflow/.local/lib/python3.12/site-packages/airflow/example_dags/example_task_group.py
[2024-04-14T12:59:51.153+0000] {logging_mixin.py:188} INFO - [2024-04-14T12:59:51.152+0000] {dag.py:3096} INFO - Sync 1 DAGs
[2024-04-14T12:59:51.222+0000] {logging_mixin.py:188} INFO - [2024-04-14T12:59:51.222+0000] {dag.py:3954} INFO - Setting next_dagrun for example_task_group to 2024-04-13 00:00:00+00:00, run_after=2024-04-14 00:00:00+00:00
[2024-04-14T12:59:51.293+0000] {processor.py:183} INFO - Processing /home/airflow/.local/lib/python3.12/site-packages/airflow/example_dags/example_task_group.py took 0.489 seconds
[2024-04-14T13:00:22.075+0000] {processor.py:161} INFO - Started process (PID=1262) to work on /home/airflow/.local/lib/python3.12/site-packages/airflow/example_dags/example_task_group.py
[2024-04-14T13:00:22.088+0000] {processor.py:830} INFO - Processing file /home/airflow/.local/lib/python3.12/site-packages/airflow/example_dags/example_task_group.py for tasks to queue
[2024-04-14T13:00:22.092+0000] {logging_mixin.py:188} INFO - [2024-04-14T13:00:22.091+0000] {dagbag.py:540} INFO - Filling up the DagBag from /home/airflow/.local/lib/python3.12/site-packages/airflow/example_dags/example_task_group.py
[2024-04-14T13:00:22.138+0000] {processor.py:840} INFO - DAG(s) 'example_task_group' retrieved from /home/airflow/.local/lib/python3.12/site-packages/airflow/example_dags/example_task_group.py
[2024-04-14T13:00:22.278+0000] {logging_mixin.py:188} INFO - [2024-04-14T13:00:22.277+0000] {dag.py:3096} INFO - Sync 1 DAGs
[2024-04-14T13:00:22.528+0000] {logging_mixin.py:188} INFO - [2024-04-14T13:00:22.527+0000] {dag.py:3954} INFO - Setting next_dagrun for example_task_group to 2024-04-13 00:00:00+00:00, run_after=2024-04-14 00:00:00+00:00
[2024-04-14T13:00:22.761+0000] {processor.py:183} INFO - Processing /home/airflow/.local/lib/python3.12/site-packages/airflow/example_dags/example_task_group.py took 0.708 seconds
[2024-04-14T13:00:52.848+0000] {processor.py:161} INFO - Started process (PID=1320) to work on /home/airflow/.local/lib/python3.12/site-packages/airflow/example_dags/example_task_group.py
[2024-04-14T13:00:52.849+0000] {processor.py:830} INFO - Processing file /home/airflow/.local/lib/python3.12/site-packages/airflow/example_dags/example_task_group.py for tasks to queue
[2024-04-14T13:00:52.850+0000] {logging_mixin.py:188} INFO - [2024-04-14T13:00:52.850+0000] {dagbag.py:540} INFO - Filling up the DagBag from /home/airflow/.local/lib/python3.12/site-packages/airflow/example_dags/example_task_group.py
[2024-04-14T13:00:52.859+0000] {processor.py:840} INFO - DAG(s) 'example_task_group' retrieved from /home/airflow/.local/lib/python3.12/site-packages/airflow/example_dags/example_task_group.py
[2024-04-14T13:00:52.890+0000] {logging_mixin.py:188} INFO - [2024-04-14T13:00:52.890+0000] {dag.py:3096} INFO - Sync 1 DAGs
[2024-04-14T13:00:52.922+0000] {logging_mixin.py:188} INFO - [2024-04-14T13:00:52.922+0000] {dag.py:3954} INFO - Setting next_dagrun for example_task_group to 2024-04-13 00:00:00+00:00, run_after=2024-04-14 00:00:00+00:00
[2024-04-14T13:00:52.955+0000] {processor.py:183} INFO - Processing /home/airflow/.local/lib/python3.12/site-packages/airflow/example_dags/example_task_group.py took 0.114 seconds
[2024-04-14T13:01:23.523+0000] {processor.py:161} INFO - Started process (PID=1380) to work on /home/airflow/.local/lib/python3.12/site-packages/airflow/example_dags/example_task_group.py
[2024-04-14T13:01:23.525+0000] {processor.py:830} INFO - Processing file /home/airflow/.local/lib/python3.12/site-packages/airflow/example_dags/example_task_group.py for tasks to queue
[2024-04-14T13:01:23.527+0000] {logging_mixin.py:188} INFO - [2024-04-14T13:01:23.526+0000] {dagbag.py:540} INFO - Filling up the DagBag from /home/airflow/.local/lib/python3.12/site-packages/airflow/example_dags/example_task_group.py
[2024-04-14T13:01:23.549+0000] {processor.py:840} INFO - DAG(s) 'example_task_group' retrieved from /home/airflow/.local/lib/python3.12/site-packages/airflow/example_dags/example_task_group.py
[2024-04-14T13:01:23.630+0000] {logging_mixin.py:188} INFO - [2024-04-14T13:01:23.628+0000] {dag.py:3096} INFO - Sync 1 DAGs
[2024-04-14T13:01:23.715+0000] {logging_mixin.py:188} INFO - [2024-04-14T13:01:23.715+0000] {dag.py:3954} INFO - Setting next_dagrun for example_task_group to 2024-04-13 00:00:00+00:00, run_after=2024-04-14 00:00:00+00:00
[2024-04-14T13:01:23.770+0000] {processor.py:183} INFO - Processing /home/airflow/.local/lib/python3.12/site-packages/airflow/example_dags/example_task_group.py took 0.263 seconds
[2024-04-14T13:01:54.173+0000] {processor.py:161} INFO - Started process (PID=1439) to work on /home/airflow/.local/lib/python3.12/site-packages/airflow/example_dags/example_task_group.py
[2024-04-14T13:01:54.176+0000] {processor.py:830} INFO - Processing file /home/airflow/.local/lib/python3.12/site-packages/airflow/example_dags/example_task_group.py for tasks to queue
[2024-04-14T13:01:54.178+0000] {logging_mixin.py:188} INFO - [2024-04-14T13:01:54.177+0000] {dagbag.py:540} INFO - Filling up the DagBag from /home/airflow/.local/lib/python3.12/site-packages/airflow/example_dags/example_task_group.py
[2024-04-14T13:01:54.197+0000] {processor.py:840} INFO - DAG(s) 'example_task_group' retrieved from /home/airflow/.local/lib/python3.12/site-packages/airflow/example_dags/example_task_group.py
[2024-04-14T13:01:54.247+0000] {logging_mixin.py:188} INFO - [2024-04-14T13:01:54.246+0000] {dag.py:3096} INFO - Sync 1 DAGs
[2024-04-14T13:01:54.319+0000] {logging_mixin.py:188} INFO - [2024-04-14T13:01:54.319+0000] {dag.py:3954} INFO - Setting next_dagrun for example_task_group to 2024-04-13 00:00:00+00:00, run_after=2024-04-14 00:00:00+00:00
[2024-04-14T13:01:54.357+0000] {processor.py:183} INFO - Processing /home/airflow/.local/lib/python3.12/site-packages/airflow/example_dags/example_task_group.py took 0.196 seconds
[2024-04-14T13:02:25.276+0000] {processor.py:161} INFO - Started process (PID=1498) to work on /home/airflow/.local/lib/python3.12/site-packages/airflow/example_dags/example_task_group.py
[2024-04-14T13:02:25.283+0000] {processor.py:830} INFO - Processing file /home/airflow/.local/lib/python3.12/site-packages/airflow/example_dags/example_task_group.py for tasks to queue
[2024-04-14T13:02:25.285+0000] {logging_mixin.py:188} INFO - [2024-04-14T13:02:25.285+0000] {dagbag.py:540} INFO - Filling up the DagBag from /home/airflow/.local/lib/python3.12/site-packages/airflow/example_dags/example_task_group.py
[2024-04-14T13:02:25.306+0000] {processor.py:840} INFO - DAG(s) 'example_task_group' retrieved from /home/airflow/.local/lib/python3.12/site-packages/airflow/example_dags/example_task_group.py
[2024-04-14T13:02:25.348+0000] {logging_mixin.py:188} INFO - [2024-04-14T13:02:25.347+0000] {dag.py:3096} INFO - Sync 1 DAGs
[2024-04-14T13:02:25.390+0000] {logging_mixin.py:188} INFO - [2024-04-14T13:02:25.390+0000] {dag.py:3954} INFO - Setting next_dagrun for example_task_group to 2024-04-13 00:00:00+00:00, run_after=2024-04-14 00:00:00+00:00
[2024-04-14T13:02:25.432+0000] {processor.py:183} INFO - Processing /home/airflow/.local/lib/python3.12/site-packages/airflow/example_dags/example_task_group.py took 0.172 seconds
[2024-04-14T13:02:55.572+0000] {processor.py:161} INFO - Started process (PID=1557) to work on /home/airflow/.local/lib/python3.12/site-packages/airflow/example_dags/example_task_group.py
[2024-04-14T13:02:55.577+0000] {processor.py:830} INFO - Processing file /home/airflow/.local/lib/python3.12/site-packages/airflow/example_dags/example_task_group.py for tasks to queue
[2024-04-14T13:02:55.579+0000] {logging_mixin.py:188} INFO - [2024-04-14T13:02:55.579+0000] {dagbag.py:540} INFO - Filling up the DagBag from /home/airflow/.local/lib/python3.12/site-packages/airflow/example_dags/example_task_group.py
[2024-04-14T13:02:55.595+0000] {processor.py:840} INFO - DAG(s) 'example_task_group' retrieved from /home/airflow/.local/lib/python3.12/site-packages/airflow/example_dags/example_task_group.py
[2024-04-14T13:02:55.676+0000] {logging_mixin.py:188} INFO - [2024-04-14T13:02:55.664+0000] {dag.py:3096} INFO - Sync 1 DAGs
[2024-04-14T13:02:55.798+0000] {logging_mixin.py:188} INFO - [2024-04-14T13:02:55.797+0000] {dag.py:3954} INFO - Setting next_dagrun for example_task_group to 2024-04-13 00:00:00+00:00, run_after=2024-04-14 00:00:00+00:00
[2024-04-14T13:02:55.880+0000] {processor.py:183} INFO - Processing /home/airflow/.local/lib/python3.12/site-packages/airflow/example_dags/example_task_group.py took 0.320 seconds
[2024-04-14T13:03:26.078+0000] {processor.py:161} INFO - Started process (PID=1615) to work on /home/airflow/.local/lib/python3.12/site-packages/airflow/example_dags/example_task_group.py
[2024-04-14T13:03:26.080+0000] {processor.py:830} INFO - Processing file /home/airflow/.local/lib/python3.12/site-packages/airflow/example_dags/example_task_group.py for tasks to queue
[2024-04-14T13:03:26.081+0000] {logging_mixin.py:188} INFO - [2024-04-14T13:03:26.081+0000] {dagbag.py:540} INFO - Filling up the DagBag from /home/airflow/.local/lib/python3.12/site-packages/airflow/example_dags/example_task_group.py
[2024-04-14T13:03:26.114+0000] {processor.py:840} INFO - DAG(s) 'example_task_group' retrieved from /home/airflow/.local/lib/python3.12/site-packages/airflow/example_dags/example_task_group.py
[2024-04-14T13:03:26.205+0000] {logging_mixin.py:188} INFO - [2024-04-14T13:03:26.204+0000] {dag.py:3096} INFO - Sync 1 DAGs
[2024-04-14T13:03:26.350+0000] {logging_mixin.py:188} INFO - [2024-04-14T13:03:26.350+0000] {dag.py:3954} INFO - Setting next_dagrun for example_task_group to 2024-04-13 00:00:00+00:00, run_after=2024-04-14 00:00:00+00:00
[2024-04-14T13:03:26.546+0000] {processor.py:183} INFO - Processing /home/airflow/.local/lib/python3.12/site-packages/airflow/example_dags/example_task_group.py took 0.476 seconds
[2024-04-14T13:03:56.787+0000] {processor.py:161} INFO - Started process (PID=1675) to work on /home/airflow/.local/lib/python3.12/site-packages/airflow/example_dags/example_task_group.py
[2024-04-14T13:03:56.788+0000] {processor.py:830} INFO - Processing file /home/airflow/.local/lib/python3.12/site-packages/airflow/example_dags/example_task_group.py for tasks to queue
[2024-04-14T13:03:56.791+0000] {logging_mixin.py:188} INFO - [2024-04-14T13:03:56.790+0000] {dagbag.py:540} INFO - Filling up the DagBag from /home/airflow/.local/lib/python3.12/site-packages/airflow/example_dags/example_task_group.py
[2024-04-14T13:03:56.802+0000] {processor.py:840} INFO - DAG(s) 'example_task_group' retrieved from /home/airflow/.local/lib/python3.12/site-packages/airflow/example_dags/example_task_group.py
[2024-04-14T13:03:56.839+0000] {logging_mixin.py:188} INFO - [2024-04-14T13:03:56.838+0000] {dag.py:3096} INFO - Sync 1 DAGs
[2024-04-14T13:03:56.884+0000] {logging_mixin.py:188} INFO - [2024-04-14T13:03:56.884+0000] {dag.py:3954} INFO - Setting next_dagrun for example_task_group to 2024-04-13 00:00:00+00:00, run_after=2024-04-14 00:00:00+00:00
[2024-04-14T13:03:56.923+0000] {processor.py:183} INFO - Processing /home/airflow/.local/lib/python3.12/site-packages/airflow/example_dags/example_task_group.py took 0.143 seconds
[2024-04-14T13:04:27.783+0000] {processor.py:161} INFO - Started process (PID=1735) to work on /home/airflow/.local/lib/python3.12/site-packages/airflow/example_dags/example_task_group.py
[2024-04-14T13:04:27.785+0000] {processor.py:830} INFO - Processing file /home/airflow/.local/lib/python3.12/site-packages/airflow/example_dags/example_task_group.py for tasks to queue
[2024-04-14T13:04:27.786+0000] {logging_mixin.py:188} INFO - [2024-04-14T13:04:27.785+0000] {dagbag.py:540} INFO - Filling up the DagBag from /home/airflow/.local/lib/python3.12/site-packages/airflow/example_dags/example_task_group.py
[2024-04-14T13:04:27.798+0000] {processor.py:840} INFO - DAG(s) 'example_task_group' retrieved from /home/airflow/.local/lib/python3.12/site-packages/airflow/example_dags/example_task_group.py
[2024-04-14T13:04:27.832+0000] {logging_mixin.py:188} INFO - [2024-04-14T13:04:27.831+0000] {dag.py:3096} INFO - Sync 1 DAGs
[2024-04-14T13:04:27.870+0000] {logging_mixin.py:188} INFO - [2024-04-14T13:04:27.870+0000] {dag.py:3954} INFO - Setting next_dagrun for example_task_group to 2024-04-13 00:00:00+00:00, run_after=2024-04-14 00:00:00+00:00
[2024-04-14T13:04:27.904+0000] {processor.py:183} INFO - Processing /home/airflow/.local/lib/python3.12/site-packages/airflow/example_dags/example_task_group.py took 0.131 seconds
[2024-04-14T13:04:58.844+0000] {processor.py:161} INFO - Started process (PID=1793) to work on /home/airflow/.local/lib/python3.12/site-packages/airflow/example_dags/example_task_group.py
[2024-04-14T13:04:58.854+0000] {processor.py:830} INFO - Processing file /home/airflow/.local/lib/python3.12/site-packages/airflow/example_dags/example_task_group.py for tasks to queue
[2024-04-14T13:04:58.865+0000] {logging_mixin.py:188} INFO - [2024-04-14T13:04:58.864+0000] {dagbag.py:540} INFO - Filling up the DagBag from /home/airflow/.local/lib/python3.12/site-packages/airflow/example_dags/example_task_group.py
[2024-04-14T13:04:58.893+0000] {processor.py:840} INFO - DAG(s) 'example_task_group' retrieved from /home/airflow/.local/lib/python3.12/site-packages/airflow/example_dags/example_task_group.py
[2024-04-14T13:04:58.956+0000] {logging_mixin.py:188} INFO - [2024-04-14T13:04:58.954+0000] {dag.py:3096} INFO - Sync 1 DAGs
[2024-04-14T13:04:59.028+0000] {logging_mixin.py:188} INFO - [2024-04-14T13:04:59.028+0000] {dag.py:3954} INFO - Setting next_dagrun for example_task_group to 2024-04-13 00:00:00+00:00, run_after=2024-04-14 00:00:00+00:00
[2024-04-14T13:04:59.085+0000] {processor.py:183} INFO - Processing /home/airflow/.local/lib/python3.12/site-packages/airflow/example_dags/example_task_group.py took 0.276 seconds
[2024-04-14T13:05:30.085+0000] {processor.py:161} INFO - Started process (PID=1852) to work on /home/airflow/.local/lib/python3.12/site-packages/airflow/example_dags/example_task_group.py
[2024-04-14T13:05:30.092+0000] {processor.py:830} INFO - Processing file /home/airflow/.local/lib/python3.12/site-packages/airflow/example_dags/example_task_group.py for tasks to queue
[2024-04-14T13:05:30.094+0000] {logging_mixin.py:188} INFO - [2024-04-14T13:05:30.093+0000] {dagbag.py:540} INFO - Filling up the DagBag from /home/airflow/.local/lib/python3.12/site-packages/airflow/example_dags/example_task_group.py
[2024-04-14T13:05:30.144+0000] {processor.py:840} INFO - DAG(s) 'example_task_group' retrieved from /home/airflow/.local/lib/python3.12/site-packages/airflow/example_dags/example_task_group.py
[2024-04-14T13:05:30.301+0000] {logging_mixin.py:188} INFO - [2024-04-14T13:05:30.301+0000] {dag.py:3096} INFO - Sync 1 DAGs
[2024-04-14T13:05:30.520+0000] {logging_mixin.py:188} INFO - [2024-04-14T13:05:30.519+0000] {dag.py:3954} INFO - Setting next_dagrun for example_task_group to 2024-04-13 00:00:00+00:00, run_after=2024-04-14 00:00:00+00:00
[2024-04-14T13:05:30.677+0000] {processor.py:183} INFO - Processing /home/airflow/.local/lib/python3.12/site-packages/airflow/example_dags/example_task_group.py took 0.616 seconds
[2024-04-14T13:06:00.781+0000] {processor.py:161} INFO - Started process (PID=1910) to work on /home/airflow/.local/lib/python3.12/site-packages/airflow/example_dags/example_task_group.py
[2024-04-14T13:06:00.783+0000] {processor.py:830} INFO - Processing file /home/airflow/.local/lib/python3.12/site-packages/airflow/example_dags/example_task_group.py for tasks to queue
[2024-04-14T13:06:00.785+0000] {logging_mixin.py:188} INFO - [2024-04-14T13:06:00.784+0000] {dagbag.py:540} INFO - Filling up the DagBag from /home/airflow/.local/lib/python3.12/site-packages/airflow/example_dags/example_task_group.py
[2024-04-14T13:06:00.799+0000] {processor.py:840} INFO - DAG(s) 'example_task_group' retrieved from /home/airflow/.local/lib/python3.12/site-packages/airflow/example_dags/example_task_group.py
[2024-04-14T13:06:00.842+0000] {logging_mixin.py:188} INFO - [2024-04-14T13:06:00.841+0000] {dag.py:3096} INFO - Sync 1 DAGs
[2024-04-14T13:06:00.897+0000] {logging_mixin.py:188} INFO - [2024-04-14T13:06:00.897+0000] {dag.py:3954} INFO - Setting next_dagrun for example_task_group to 2024-04-13 00:00:00+00:00, run_after=2024-04-14 00:00:00+00:00
[2024-04-14T13:06:00.930+0000] {processor.py:183} INFO - Processing /home/airflow/.local/lib/python3.12/site-packages/airflow/example_dags/example_task_group.py took 0.158 seconds
[2024-04-14T13:06:31.718+0000] {processor.py:161} INFO - Started process (PID=1970) to work on /home/airflow/.local/lib/python3.12/site-packages/airflow/example_dags/example_task_group.py
[2024-04-14T13:06:31.719+0000] {processor.py:830} INFO - Processing file /home/airflow/.local/lib/python3.12/site-packages/airflow/example_dags/example_task_group.py for tasks to queue
[2024-04-14T13:06:31.721+0000] {logging_mixin.py:188} INFO - [2024-04-14T13:06:31.720+0000] {dagbag.py:540} INFO - Filling up the DagBag from /home/airflow/.local/lib/python3.12/site-packages/airflow/example_dags/example_task_group.py
[2024-04-14T13:06:31.730+0000] {processor.py:840} INFO - DAG(s) 'example_task_group' retrieved from /home/airflow/.local/lib/python3.12/site-packages/airflow/example_dags/example_task_group.py
[2024-04-14T13:06:31.758+0000] {logging_mixin.py:188} INFO - [2024-04-14T13:06:31.758+0000] {dag.py:3096} INFO - Sync 1 DAGs
[2024-04-14T13:06:31.790+0000] {logging_mixin.py:188} INFO - [2024-04-14T13:06:31.790+0000] {dag.py:3954} INFO - Setting next_dagrun for example_task_group to 2024-04-13 00:00:00+00:00, run_after=2024-04-14 00:00:00+00:00
[2024-04-14T13:06:31.821+0000] {processor.py:183} INFO - Processing /home/airflow/.local/lib/python3.12/site-packages/airflow/example_dags/example_task_group.py took 0.112 seconds
[2024-04-14T13:07:02.226+0000] {processor.py:161} INFO - Started process (PID=2029) to work on /home/airflow/.local/lib/python3.12/site-packages/airflow/example_dags/example_task_group.py
[2024-04-14T13:07:02.228+0000] {processor.py:830} INFO - Processing file /home/airflow/.local/lib/python3.12/site-packages/airflow/example_dags/example_task_group.py for tasks to queue
[2024-04-14T13:07:02.229+0000] {logging_mixin.py:188} INFO - [2024-04-14T13:07:02.229+0000] {dagbag.py:540} INFO - Filling up the DagBag from /home/airflow/.local/lib/python3.12/site-packages/airflow/example_dags/example_task_group.py
[2024-04-14T13:07:02.238+0000] {processor.py:840} INFO - DAG(s) 'example_task_group' retrieved from /home/airflow/.local/lib/python3.12/site-packages/airflow/example_dags/example_task_group.py
[2024-04-14T13:07:02.266+0000] {logging_mixin.py:188} INFO - [2024-04-14T13:07:02.266+0000] {dag.py:3096} INFO - Sync 1 DAGs
[2024-04-14T13:07:02.302+0000] {logging_mixin.py:188} INFO - [2024-04-14T13:07:02.301+0000] {dag.py:3954} INFO - Setting next_dagrun for example_task_group to 2024-04-13 00:00:00+00:00, run_after=2024-04-14 00:00:00+00:00
[2024-04-14T13:07:02.338+0000] {processor.py:183} INFO - Processing /home/airflow/.local/lib/python3.12/site-packages/airflow/example_dags/example_task_group.py took 0.118 seconds
[2024-04-14T13:07:32.448+0000] {processor.py:161} INFO - Started process (PID=2089) to work on /home/airflow/.local/lib/python3.12/site-packages/airflow/example_dags/example_task_group.py
[2024-04-14T13:07:32.450+0000] {processor.py:830} INFO - Processing file /home/airflow/.local/lib/python3.12/site-packages/airflow/example_dags/example_task_group.py for tasks to queue
[2024-04-14T13:07:32.452+0000] {logging_mixin.py:188} INFO - [2024-04-14T13:07:32.452+0000] {dagbag.py:540} INFO - Filling up the DagBag from /home/airflow/.local/lib/python3.12/site-packages/airflow/example_dags/example_task_group.py
[2024-04-14T13:07:32.475+0000] {processor.py:840} INFO - DAG(s) 'example_task_group' retrieved from /home/airflow/.local/lib/python3.12/site-packages/airflow/example_dags/example_task_group.py
[2024-04-14T13:07:32.540+0000] {logging_mixin.py:188} INFO - [2024-04-14T13:07:32.536+0000] {dag.py:3096} INFO - Sync 1 DAGs
[2024-04-14T13:07:32.615+0000] {logging_mixin.py:188} INFO - [2024-04-14T13:07:32.615+0000] {dag.py:3954} INFO - Setting next_dagrun for example_task_group to 2024-04-13 00:00:00+00:00, run_after=2024-04-14 00:00:00+00:00
[2024-04-14T13:07:32.658+0000] {processor.py:183} INFO - Processing /home/airflow/.local/lib/python3.12/site-packages/airflow/example_dags/example_task_group.py took 0.224 seconds
[2024-04-14T13:08:03.003+0000] {processor.py:161} INFO - Started process (PID=2148) to work on /home/airflow/.local/lib/python3.12/site-packages/airflow/example_dags/example_task_group.py
[2024-04-14T13:08:03.005+0000] {processor.py:830} INFO - Processing file /home/airflow/.local/lib/python3.12/site-packages/airflow/example_dags/example_task_group.py for tasks to queue
[2024-04-14T13:08:03.007+0000] {logging_mixin.py:188} INFO - [2024-04-14T13:08:03.006+0000] {dagbag.py:540} INFO - Filling up the DagBag from /home/airflow/.local/lib/python3.12/site-packages/airflow/example_dags/example_task_group.py
[2024-04-14T13:08:03.028+0000] {processor.py:840} INFO - DAG(s) 'example_task_group' retrieved from /home/airflow/.local/lib/python3.12/site-packages/airflow/example_dags/example_task_group.py
[2024-04-14T13:08:03.075+0000] {logging_mixin.py:188} INFO - [2024-04-14T13:08:03.075+0000] {dag.py:3096} INFO - Sync 1 DAGs
[2024-04-14T13:08:03.143+0000] {logging_mixin.py:188} INFO - [2024-04-14T13:08:03.142+0000] {dag.py:3954} INFO - Setting next_dagrun for example_task_group to 2024-04-13 00:00:00+00:00, run_after=2024-04-14 00:00:00+00:00
[2024-04-14T13:08:03.193+0000] {processor.py:183} INFO - Processing /home/airflow/.local/lib/python3.12/site-packages/airflow/example_dags/example_task_group.py took 0.201 seconds
[2024-04-14T13:08:33.639+0000] {processor.py:161} INFO - Started process (PID=2210) to work on /home/airflow/.local/lib/python3.12/site-packages/airflow/example_dags/example_task_group.py
[2024-04-14T13:08:33.642+0000] {processor.py:830} INFO - Processing file /home/airflow/.local/lib/python3.12/site-packages/airflow/example_dags/example_task_group.py for tasks to queue
[2024-04-14T13:08:33.657+0000] {logging_mixin.py:188} INFO - [2024-04-14T13:08:33.656+0000] {dagbag.py:540} INFO - Filling up the DagBag from /home/airflow/.local/lib/python3.12/site-packages/airflow/example_dags/example_task_group.py
[2024-04-14T13:08:33.674+0000] {processor.py:840} INFO - DAG(s) 'example_task_group' retrieved from /home/airflow/.local/lib/python3.12/site-packages/airflow/example_dags/example_task_group.py
[2024-04-14T13:08:33.717+0000] {logging_mixin.py:188} INFO - [2024-04-14T13:08:33.717+0000] {dag.py:3096} INFO - Sync 1 DAGs
[2024-04-14T13:08:33.773+0000] {logging_mixin.py:188} INFO - [2024-04-14T13:08:33.772+0000] {dag.py:3954} INFO - Setting next_dagrun for example_task_group to 2024-04-13 00:00:00+00:00, run_after=2024-04-14 00:00:00+00:00
[2024-04-14T13:08:33.826+0000] {processor.py:183} INFO - Processing /home/airflow/.local/lib/python3.12/site-packages/airflow/example_dags/example_task_group.py took 0.204 seconds
[2024-04-14T13:09:04.031+0000] {processor.py:161} INFO - Started process (PID=2269) to work on /home/airflow/.local/lib/python3.12/site-packages/airflow/example_dags/example_task_group.py
[2024-04-14T13:09:04.033+0000] {processor.py:830} INFO - Processing file /home/airflow/.local/lib/python3.12/site-packages/airflow/example_dags/example_task_group.py for tasks to queue
[2024-04-14T13:09:04.034+0000] {logging_mixin.py:188} INFO - [2024-04-14T13:09:04.034+0000] {dagbag.py:540} INFO - Filling up the DagBag from /home/airflow/.local/lib/python3.12/site-packages/airflow/example_dags/example_task_group.py
[2024-04-14T13:09:04.048+0000] {processor.py:840} INFO - DAG(s) 'example_task_group' retrieved from /home/airflow/.local/lib/python3.12/site-packages/airflow/example_dags/example_task_group.py
[2024-04-14T13:09:04.084+0000] {logging_mixin.py:188} INFO - [2024-04-14T13:09:04.083+0000] {dag.py:3096} INFO - Sync 1 DAGs
[2024-04-14T13:09:04.127+0000] {logging_mixin.py:188} INFO - [2024-04-14T13:09:04.127+0000] {dag.py:3954} INFO - Setting next_dagrun for example_task_group to 2024-04-13 00:00:00+00:00, run_after=2024-04-14 00:00:00+00:00
[2024-04-14T13:09:04.162+0000] {processor.py:183} INFO - Processing /home/airflow/.local/lib/python3.12/site-packages/airflow/example_dags/example_task_group.py took 0.140 seconds
[2024-04-14T13:09:34.727+0000] {processor.py:161} INFO - Started process (PID=2326) to work on /home/airflow/.local/lib/python3.12/site-packages/airflow/example_dags/example_task_group.py
[2024-04-14T13:09:34.728+0000] {processor.py:830} INFO - Processing file /home/airflow/.local/lib/python3.12/site-packages/airflow/example_dags/example_task_group.py for tasks to queue
[2024-04-14T13:09:34.730+0000] {logging_mixin.py:188} INFO - [2024-04-14T13:09:34.730+0000] {dagbag.py:540} INFO - Filling up the DagBag from /home/airflow/.local/lib/python3.12/site-packages/airflow/example_dags/example_task_group.py
[2024-04-14T13:09:34.746+0000] {processor.py:840} INFO - DAG(s) 'example_task_group' retrieved from /home/airflow/.local/lib/python3.12/site-packages/airflow/example_dags/example_task_group.py
[2024-04-14T13:09:34.797+0000] {logging_mixin.py:188} INFO - [2024-04-14T13:09:34.797+0000] {dag.py:3096} INFO - Sync 1 DAGs
[2024-04-14T13:09:34.848+0000] {logging_mixin.py:188} INFO - [2024-04-14T13:09:34.848+0000] {dag.py:3954} INFO - Setting next_dagrun for example_task_group to 2024-04-13 00:00:00+00:00, run_after=2024-04-14 00:00:00+00:00
[2024-04-14T13:09:34.950+0000] {processor.py:183} INFO - Processing /home/airflow/.local/lib/python3.12/site-packages/airflow/example_dags/example_task_group.py took 0.234 seconds
[2024-04-14T13:10:07.260+0000] {processor.py:161} INFO - Started process (PID=2386) to work on /home/airflow/.local/lib/python3.12/site-packages/airflow/example_dags/example_task_group.py
[2024-04-14T13:10:07.274+0000] {processor.py:830} INFO - Processing file /home/airflow/.local/lib/python3.12/site-packages/airflow/example_dags/example_task_group.py for tasks to queue
[2024-04-14T13:10:07.293+0000] {logging_mixin.py:188} INFO - [2024-04-14T13:10:07.293+0000] {dagbag.py:540} INFO - Filling up the DagBag from /home/airflow/.local/lib/python3.12/site-packages/airflow/example_dags/example_task_group.py
[2024-04-14T13:10:07.363+0000] {processor.py:840} INFO - DAG(s) 'example_task_group' retrieved from /home/airflow/.local/lib/python3.12/site-packages/airflow/example_dags/example_task_group.py
[2024-04-14T13:10:07.638+0000] {logging_mixin.py:188} INFO - [2024-04-14T13:10:07.627+0000] {dag.py:3096} INFO - Sync 1 DAGs
[2024-04-14T13:10:07.886+0000] {logging_mixin.py:188} INFO - [2024-04-14T13:10:07.885+0000] {dag.py:3954} INFO - Setting next_dagrun for example_task_group to 2024-04-13 00:00:00+00:00, run_after=2024-04-14 00:00:00+00:00
[2024-04-14T13:10:08.047+0000] {processor.py:183} INFO - Processing /home/airflow/.local/lib/python3.12/site-packages/airflow/example_dags/example_task_group.py took 0.798 seconds
[2024-04-14T13:10:38.400+0000] {processor.py:161} INFO - Started process (PID=2445) to work on /home/airflow/.local/lib/python3.12/site-packages/airflow/example_dags/example_task_group.py
[2024-04-14T13:10:38.402+0000] {processor.py:830} INFO - Processing file /home/airflow/.local/lib/python3.12/site-packages/airflow/example_dags/example_task_group.py for tasks to queue
[2024-04-14T13:10:38.404+0000] {logging_mixin.py:188} INFO - [2024-04-14T13:10:38.403+0000] {dagbag.py:540} INFO - Filling up the DagBag from /home/airflow/.local/lib/python3.12/site-packages/airflow/example_dags/example_task_group.py
[2024-04-14T13:10:38.416+0000] {processor.py:840} INFO - DAG(s) 'example_task_group' retrieved from /home/airflow/.local/lib/python3.12/site-packages/airflow/example_dags/example_task_group.py
[2024-04-14T13:10:38.452+0000] {logging_mixin.py:188} INFO - [2024-04-14T13:10:38.452+0000] {dag.py:3096} INFO - Sync 1 DAGs
[2024-04-14T13:10:38.507+0000] {logging_mixin.py:188} INFO - [2024-04-14T13:10:38.506+0000] {dag.py:3954} INFO - Setting next_dagrun for example_task_group to 2024-04-13 00:00:00+00:00, run_after=2024-04-14 00:00:00+00:00
[2024-04-14T13:10:38.580+0000] {processor.py:183} INFO - Processing /home/airflow/.local/lib/python3.12/site-packages/airflow/example_dags/example_task_group.py took 0.188 seconds
[2024-04-14T13:11:09.149+0000] {processor.py:161} INFO - Started process (PID=2505) to work on /home/airflow/.local/lib/python3.12/site-packages/airflow/example_dags/example_task_group.py
[2024-04-14T13:11:09.153+0000] {processor.py:830} INFO - Processing file /home/airflow/.local/lib/python3.12/site-packages/airflow/example_dags/example_task_group.py for tasks to queue
[2024-04-14T13:11:09.158+0000] {logging_mixin.py:188} INFO - [2024-04-14T13:11:09.155+0000] {dagbag.py:540} INFO - Filling up the DagBag from /home/airflow/.local/lib/python3.12/site-packages/airflow/example_dags/example_task_group.py
[2024-04-14T13:11:09.190+0000] {processor.py:840} INFO - DAG(s) 'example_task_group' retrieved from /home/airflow/.local/lib/python3.12/site-packages/airflow/example_dags/example_task_group.py
[2024-04-14T13:11:09.243+0000] {logging_mixin.py:188} INFO - [2024-04-14T13:11:09.243+0000] {dag.py:3096} INFO - Sync 1 DAGs
[2024-04-14T13:11:09.288+0000] {logging_mixin.py:188} INFO - [2024-04-14T13:11:09.287+0000] {dag.py:3954} INFO - Setting next_dagrun for example_task_group to 2024-04-13 00:00:00+00:00, run_after=2024-04-14 00:00:00+00:00
[2024-04-14T13:11:09.320+0000] {processor.py:183} INFO - Processing /home/airflow/.local/lib/python3.12/site-packages/airflow/example_dags/example_task_group.py took 0.192 seconds
[2024-04-14T13:11:39.747+0000] {processor.py:161} INFO - Started process (PID=2563) to work on /home/airflow/.local/lib/python3.12/site-packages/airflow/example_dags/example_task_group.py
[2024-04-14T13:11:39.749+0000] {processor.py:830} INFO - Processing file /home/airflow/.local/lib/python3.12/site-packages/airflow/example_dags/example_task_group.py for tasks to queue
[2024-04-14T13:11:39.751+0000] {logging_mixin.py:188} INFO - [2024-04-14T13:11:39.750+0000] {dagbag.py:540} INFO - Filling up the DagBag from /home/airflow/.local/lib/python3.12/site-packages/airflow/example_dags/example_task_group.py
[2024-04-14T13:11:39.778+0000] {processor.py:840} INFO - DAG(s) 'example_task_group' retrieved from /home/airflow/.local/lib/python3.12/site-packages/airflow/example_dags/example_task_group.py
[2024-04-14T13:11:39.833+0000] {logging_mixin.py:188} INFO - [2024-04-14T13:11:39.832+0000] {dag.py:3096} INFO - Sync 1 DAGs
[2024-04-14T13:11:39.874+0000] {logging_mixin.py:188} INFO - [2024-04-14T13:11:39.873+0000] {dag.py:3954} INFO - Setting next_dagrun for example_task_group to 2024-04-13 00:00:00+00:00, run_after=2024-04-14 00:00:00+00:00
[2024-04-14T13:11:39.904+0000] {processor.py:183} INFO - Processing /home/airflow/.local/lib/python3.12/site-packages/airflow/example_dags/example_task_group.py took 0.167 seconds
[2024-04-14T13:12:10.166+0000] {processor.py:161} INFO - Started process (PID=2622) to work on /home/airflow/.local/lib/python3.12/site-packages/airflow/example_dags/example_task_group.py
[2024-04-14T13:12:10.167+0000] {processor.py:830} INFO - Processing file /home/airflow/.local/lib/python3.12/site-packages/airflow/example_dags/example_task_group.py for tasks to queue
[2024-04-14T13:12:10.169+0000] {logging_mixin.py:188} INFO - [2024-04-14T13:12:10.168+0000] {dagbag.py:540} INFO - Filling up the DagBag from /home/airflow/.local/lib/python3.12/site-packages/airflow/example_dags/example_task_group.py
[2024-04-14T13:12:10.181+0000] {processor.py:840} INFO - DAG(s) 'example_task_group' retrieved from /home/airflow/.local/lib/python3.12/site-packages/airflow/example_dags/example_task_group.py
[2024-04-14T13:12:10.217+0000] {logging_mixin.py:188} INFO - [2024-04-14T13:12:10.216+0000] {dag.py:3096} INFO - Sync 1 DAGs
[2024-04-14T13:12:10.254+0000] {logging_mixin.py:188} INFO - [2024-04-14T13:12:10.254+0000] {dag.py:3954} INFO - Setting next_dagrun for example_task_group to 2024-04-13 00:00:00+00:00, run_after=2024-04-14 00:00:00+00:00
[2024-04-14T13:12:10.283+0000] {processor.py:183} INFO - Processing /home/airflow/.local/lib/python3.12/site-packages/airflow/example_dags/example_task_group.py took 0.128 seconds
[2024-04-14T13:12:40.658+0000] {processor.py:161} INFO - Started process (PID=2681) to work on /home/airflow/.local/lib/python3.12/site-packages/airflow/example_dags/example_task_group.py
[2024-04-14T13:12:40.660+0000] {processor.py:830} INFO - Processing file /home/airflow/.local/lib/python3.12/site-packages/airflow/example_dags/example_task_group.py for tasks to queue
[2024-04-14T13:12:40.662+0000] {logging_mixin.py:188} INFO - [2024-04-14T13:12:40.662+0000] {dagbag.py:540} INFO - Filling up the DagBag from /home/airflow/.local/lib/python3.12/site-packages/airflow/example_dags/example_task_group.py
[2024-04-14T13:12:40.679+0000] {processor.py:840} INFO - DAG(s) 'example_task_group' retrieved from /home/airflow/.local/lib/python3.12/site-packages/airflow/example_dags/example_task_group.py
[2024-04-14T13:12:40.721+0000] {logging_mixin.py:188} INFO - [2024-04-14T13:12:40.720+0000] {dag.py:3096} INFO - Sync 1 DAGs
[2024-04-14T13:12:40.812+0000] {logging_mixin.py:188} INFO - [2024-04-14T13:12:40.812+0000] {dag.py:3954} INFO - Setting next_dagrun for example_task_group to 2024-04-13 00:00:00+00:00, run_after=2024-04-14 00:00:00+00:00
[2024-04-14T13:12:40.850+0000] {processor.py:183} INFO - Processing /home/airflow/.local/lib/python3.12/site-packages/airflow/example_dags/example_task_group.py took 0.205 seconds
[2024-04-14T13:13:11.297+0000] {processor.py:161} INFO - Started process (PID=2740) to work on /home/airflow/.local/lib/python3.12/site-packages/airflow/example_dags/example_task_group.py
[2024-04-14T13:13:11.298+0000] {processor.py:830} INFO - Processing file /home/airflow/.local/lib/python3.12/site-packages/airflow/example_dags/example_task_group.py for tasks to queue
[2024-04-14T13:13:11.300+0000] {logging_mixin.py:188} INFO - [2024-04-14T13:13:11.299+0000] {dagbag.py:540} INFO - Filling up the DagBag from /home/airflow/.local/lib/python3.12/site-packages/airflow/example_dags/example_task_group.py
[2024-04-14T13:13:11.311+0000] {processor.py:840} INFO - DAG(s) 'example_task_group' retrieved from /home/airflow/.local/lib/python3.12/site-packages/airflow/example_dags/example_task_group.py
[2024-04-14T13:13:11.347+0000] {logging_mixin.py:188} INFO - [2024-04-14T13:13:11.347+0000] {dag.py:3096} INFO - Sync 1 DAGs
[2024-04-14T13:13:11.394+0000] {logging_mixin.py:188} INFO - [2024-04-14T13:13:11.393+0000] {dag.py:3954} INFO - Setting next_dagrun for example_task_group to 2024-04-13 00:00:00+00:00, run_after=2024-04-14 00:00:00+00:00
[2024-04-14T13:13:11.428+0000] {processor.py:183} INFO - Processing /home/airflow/.local/lib/python3.12/site-packages/airflow/example_dags/example_task_group.py took 0.140 seconds
[2024-04-14T13:13:42.833+0000] {processor.py:161} INFO - Started process (PID=2798) to work on /home/airflow/.local/lib/python3.12/site-packages/airflow/example_dags/example_task_group.py
[2024-04-14T13:13:42.834+0000] {processor.py:830} INFO - Processing file /home/airflow/.local/lib/python3.12/site-packages/airflow/example_dags/example_task_group.py for tasks to queue
[2024-04-14T13:13:42.836+0000] {logging_mixin.py:188} INFO - [2024-04-14T13:13:42.836+0000] {dagbag.py:540} INFO - Filling up the DagBag from /home/airflow/.local/lib/python3.12/site-packages/airflow/example_dags/example_task_group.py
[2024-04-14T13:13:42.861+0000] {processor.py:840} INFO - DAG(s) 'example_task_group' retrieved from /home/airflow/.local/lib/python3.12/site-packages/airflow/example_dags/example_task_group.py
[2024-04-14T13:13:42.938+0000] {logging_mixin.py:188} INFO - [2024-04-14T13:13:42.937+0000] {dag.py:3096} INFO - Sync 1 DAGs
[2024-04-14T13:13:42.994+0000] {logging_mixin.py:188} INFO - [2024-04-14T13:13:42.993+0000] {dag.py:3954} INFO - Setting next_dagrun for example_task_group to 2024-04-13 00:00:00+00:00, run_after=2024-04-14 00:00:00+00:00
[2024-04-14T13:13:43.046+0000] {processor.py:183} INFO - Processing /home/airflow/.local/lib/python3.12/site-packages/airflow/example_dags/example_task_group.py took 0.229 seconds
[2024-04-14T13:14:14.134+0000] {processor.py:161} INFO - Started process (PID=2857) to work on /home/airflow/.local/lib/python3.12/site-packages/airflow/example_dags/example_task_group.py
[2024-04-14T13:14:14.136+0000] {processor.py:830} INFO - Processing file /home/airflow/.local/lib/python3.12/site-packages/airflow/example_dags/example_task_group.py for tasks to queue
[2024-04-14T13:14:14.138+0000] {logging_mixin.py:188} INFO - [2024-04-14T13:14:14.137+0000] {dagbag.py:540} INFO - Filling up the DagBag from /home/airflow/.local/lib/python3.12/site-packages/airflow/example_dags/example_task_group.py
[2024-04-14T13:14:14.172+0000] {processor.py:840} INFO - DAG(s) 'example_task_group' retrieved from /home/airflow/.local/lib/python3.12/site-packages/airflow/example_dags/example_task_group.py
[2024-04-14T13:14:14.275+0000] {logging_mixin.py:188} INFO - [2024-04-14T13:14:14.274+0000] {dag.py:3096} INFO - Sync 1 DAGs
[2024-04-14T13:14:14.477+0000] {logging_mixin.py:188} INFO - [2024-04-14T13:14:14.476+0000] {dag.py:3954} INFO - Setting next_dagrun for example_task_group to 2024-04-13 00:00:00+00:00, run_after=2024-04-14 00:00:00+00:00
[2024-04-14T13:14:14.758+0000] {processor.py:183} INFO - Processing /home/airflow/.local/lib/python3.12/site-packages/airflow/example_dags/example_task_group.py took 0.642 seconds
[2024-04-14T13:14:45.291+0000] {processor.py:161} INFO - Started process (PID=2916) to work on /home/airflow/.local/lib/python3.12/site-packages/airflow/example_dags/example_task_group.py
[2024-04-14T13:14:45.293+0000] {processor.py:830} INFO - Processing file /home/airflow/.local/lib/python3.12/site-packages/airflow/example_dags/example_task_group.py for tasks to queue
[2024-04-14T13:14:45.295+0000] {logging_mixin.py:188} INFO - [2024-04-14T13:14:45.293+0000] {dagbag.py:540} INFO - Filling up the DagBag from /home/airflow/.local/lib/python3.12/site-packages/airflow/example_dags/example_task_group.py
[2024-04-14T13:14:45.305+0000] {processor.py:840} INFO - DAG(s) 'example_task_group' retrieved from /home/airflow/.local/lib/python3.12/site-packages/airflow/example_dags/example_task_group.py
[2024-04-14T13:14:45.336+0000] {logging_mixin.py:188} INFO - [2024-04-14T13:14:45.336+0000] {dag.py:3096} INFO - Sync 1 DAGs
[2024-04-14T13:14:45.373+0000] {logging_mixin.py:188} INFO - [2024-04-14T13:14:45.373+0000] {dag.py:3954} INFO - Setting next_dagrun for example_task_group to 2024-04-13 00:00:00+00:00, run_after=2024-04-14 00:00:00+00:00
[2024-04-14T13:14:45.408+0000] {processor.py:183} INFO - Processing /home/airflow/.local/lib/python3.12/site-packages/airflow/example_dags/example_task_group.py took 0.124 seconds
[2024-04-14T13:15:16.405+0000] {processor.py:161} INFO - Started process (PID=2975) to work on /home/airflow/.local/lib/python3.12/site-packages/airflow/example_dags/example_task_group.py
[2024-04-14T13:15:16.406+0000] {processor.py:830} INFO - Processing file /home/airflow/.local/lib/python3.12/site-packages/airflow/example_dags/example_task_group.py for tasks to queue
[2024-04-14T13:15:16.408+0000] {logging_mixin.py:188} INFO - [2024-04-14T13:15:16.407+0000] {dagbag.py:540} INFO - Filling up the DagBag from /home/airflow/.local/lib/python3.12/site-packages/airflow/example_dags/example_task_group.py
[2024-04-14T13:15:16.420+0000] {processor.py:840} INFO - DAG(s) 'example_task_group' retrieved from /home/airflow/.local/lib/python3.12/site-packages/airflow/example_dags/example_task_group.py
[2024-04-14T13:15:16.448+0000] {logging_mixin.py:188} INFO - [2024-04-14T13:15:16.447+0000] {dag.py:3096} INFO - Sync 1 DAGs
[2024-04-14T13:15:16.482+0000] {logging_mixin.py:188} INFO - [2024-04-14T13:15:16.482+0000] {dag.py:3954} INFO - Setting next_dagrun for example_task_group to 2024-04-13 00:00:00+00:00, run_after=2024-04-14 00:00:00+00:00
[2024-04-14T13:15:16.510+0000] {processor.py:183} INFO - Processing /home/airflow/.local/lib/python3.12/site-packages/airflow/example_dags/example_task_group.py took 0.112 seconds
[2024-04-14T13:15:47.276+0000] {processor.py:161} INFO - Started process (PID=3034) to work on /home/airflow/.local/lib/python3.12/site-packages/airflow/example_dags/example_task_group.py
[2024-04-14T13:15:47.277+0000] {processor.py:830} INFO - Processing file /home/airflow/.local/lib/python3.12/site-packages/airflow/example_dags/example_task_group.py for tasks to queue
[2024-04-14T13:15:47.278+0000] {logging_mixin.py:188} INFO - [2024-04-14T13:15:47.278+0000] {dagbag.py:540} INFO - Filling up the DagBag from /home/airflow/.local/lib/python3.12/site-packages/airflow/example_dags/example_task_group.py
[2024-04-14T13:15:47.291+0000] {processor.py:840} INFO - DAG(s) 'example_task_group' retrieved from /home/airflow/.local/lib/python3.12/site-packages/airflow/example_dags/example_task_group.py
[2024-04-14T13:15:47.320+0000] {logging_mixin.py:188} INFO - [2024-04-14T13:15:47.320+0000] {dag.py:3096} INFO - Sync 1 DAGs
[2024-04-14T13:15:47.356+0000] {logging_mixin.py:188} INFO - [2024-04-14T13:15:47.356+0000] {dag.py:3954} INFO - Setting next_dagrun for example_task_group to 2024-04-13 00:00:00+00:00, run_after=2024-04-14 00:00:00+00:00
[2024-04-14T13:15:47.385+0000] {processor.py:183} INFO - Processing /home/airflow/.local/lib/python3.12/site-packages/airflow/example_dags/example_task_group.py took 0.116 seconds
[2024-04-14T13:16:18.119+0000] {processor.py:161} INFO - Started process (PID=3093) to work on /home/airflow/.local/lib/python3.12/site-packages/airflow/example_dags/example_task_group.py
[2024-04-14T13:16:18.123+0000] {processor.py:830} INFO - Processing file /home/airflow/.local/lib/python3.12/site-packages/airflow/example_dags/example_task_group.py for tasks to queue
[2024-04-14T13:16:18.125+0000] {logging_mixin.py:188} INFO - [2024-04-14T13:16:18.124+0000] {dagbag.py:540} INFO - Filling up the DagBag from /home/airflow/.local/lib/python3.12/site-packages/airflow/example_dags/example_task_group.py
[2024-04-14T13:16:18.168+0000] {processor.py:840} INFO - DAG(s) 'example_task_group' retrieved from /home/airflow/.local/lib/python3.12/site-packages/airflow/example_dags/example_task_group.py
[2024-04-14T13:16:18.384+0000] {logging_mixin.py:188} INFO - [2024-04-14T13:16:18.384+0000] {dag.py:3096} INFO - Sync 1 DAGs
[2024-04-14T13:16:18.550+0000] {logging_mixin.py:188} INFO - [2024-04-14T13:16:18.549+0000] {dag.py:3954} INFO - Setting next_dagrun for example_task_group to 2024-04-13 00:00:00+00:00, run_after=2024-04-14 00:00:00+00:00
[2024-04-14T13:16:18.664+0000] {processor.py:183} INFO - Processing /home/airflow/.local/lib/python3.12/site-packages/airflow/example_dags/example_task_group.py took 0.604 seconds
[2024-04-14T13:16:49.463+0000] {processor.py:161} INFO - Started process (PID=3152) to work on /home/airflow/.local/lib/python3.12/site-packages/airflow/example_dags/example_task_group.py
[2024-04-14T13:16:49.468+0000] {processor.py:830} INFO - Processing file /home/airflow/.local/lib/python3.12/site-packages/airflow/example_dags/example_task_group.py for tasks to queue
[2024-04-14T13:16:49.470+0000] {logging_mixin.py:188} INFO - [2024-04-14T13:16:49.469+0000] {dagbag.py:540} INFO - Filling up the DagBag from /home/airflow/.local/lib/python3.12/site-packages/airflow/example_dags/example_task_group.py
[2024-04-14T13:16:49.490+0000] {processor.py:840} INFO - DAG(s) 'example_task_group' retrieved from /home/airflow/.local/lib/python3.12/site-packages/airflow/example_dags/example_task_group.py
[2024-04-14T13:16:49.536+0000] {logging_mixin.py:188} INFO - [2024-04-14T13:16:49.536+0000] {dag.py:3096} INFO - Sync 1 DAGs
[2024-04-14T13:16:49.588+0000] {logging_mixin.py:188} INFO - [2024-04-14T13:16:49.587+0000] {dag.py:3954} INFO - Setting next_dagrun for example_task_group to 2024-04-13 00:00:00+00:00, run_after=2024-04-14 00:00:00+00:00
[2024-04-14T13:16:49.629+0000] {processor.py:183} INFO - Processing /home/airflow/.local/lib/python3.12/site-packages/airflow/example_dags/example_task_group.py took 0.180 seconds
