[2024-04-14T12:49:33.088+0000] {processor.py:161} INFO - Started process (PID=59) to work on /home/airflow/.local/lib/python3.12/site-packages/airflow/example_dags/example_kubernetes_executor.py
[2024-04-14T12:49:33.104+0000] {processor.py:830} INFO - Processing file /home/airflow/.local/lib/python3.12/site-packages/airflow/example_dags/example_kubernetes_executor.py for tasks to queue
[2024-04-14T12:49:33.124+0000] {logging_mixin.py:188} INFO - [2024-04-14T12:49:33.120+0000] {dagbag.py:540} INFO - Filling up the DagBag from /home/airflow/.local/lib/python3.12/site-packages/airflow/example_dags/example_kubernetes_executor.py
[2024-04-14T12:49:33.270+0000] {processor.py:840} INFO - DAG(s) 'example_kubernetes_executor' retrieved from /home/airflow/.local/lib/python3.12/site-packages/airflow/example_dags/example_kubernetes_executor.py
[2024-04-14T12:49:34.726+0000] {logging_mixin.py:188} INFO - [2024-04-14T12:49:34.725+0000] {dag.py:3096} INFO - Sync 1 DAGs
[2024-04-14T12:49:34.818+0000] {logging_mixin.py:188} INFO - [2024-04-14T12:49:34.817+0000] {dag.py:3954} INFO - Setting next_dagrun for example_kubernetes_executor to None, run_after=None
[2024-04-14T12:49:34.966+0000] {processor.py:183} INFO - Processing /home/airflow/.local/lib/python3.12/site-packages/airflow/example_dags/example_kubernetes_executor.py took 1.950 seconds
[2024-04-14T12:50:05.568+0000] {processor.py:161} INFO - Started process (PID=116) to work on /home/airflow/.local/lib/python3.12/site-packages/airflow/example_dags/example_kubernetes_executor.py
[2024-04-14T12:50:05.597+0000] {processor.py:830} INFO - Processing file /home/airflow/.local/lib/python3.12/site-packages/airflow/example_dags/example_kubernetes_executor.py for tasks to queue
[2024-04-14T12:50:05.600+0000] {logging_mixin.py:188} INFO - [2024-04-14T12:50:05.600+0000] {dagbag.py:540} INFO - Filling up the DagBag from /home/airflow/.local/lib/python3.12/site-packages/airflow/example_dags/example_kubernetes_executor.py
[2024-04-14T12:50:05.634+0000] {processor.py:840} INFO - DAG(s) 'example_kubernetes_executor' retrieved from /home/airflow/.local/lib/python3.12/site-packages/airflow/example_dags/example_kubernetes_executor.py
[2024-04-14T12:50:05.875+0000] {logging_mixin.py:188} INFO - [2024-04-14T12:50:05.875+0000] {dag.py:3096} INFO - Sync 1 DAGs
[2024-04-14T12:50:05.930+0000] {logging_mixin.py:188} INFO - [2024-04-14T12:50:05.929+0000] {dag.py:3954} INFO - Setting next_dagrun for example_kubernetes_executor to None, run_after=None
[2024-04-14T12:50:05.973+0000] {processor.py:183} INFO - Processing /home/airflow/.local/lib/python3.12/site-packages/airflow/example_dags/example_kubernetes_executor.py took 0.470 seconds
[2024-04-14T12:50:36.151+0000] {processor.py:161} INFO - Started process (PID=175) to work on /home/airflow/.local/lib/python3.12/site-packages/airflow/example_dags/example_kubernetes_executor.py
[2024-04-14T12:50:36.152+0000] {processor.py:830} INFO - Processing file /home/airflow/.local/lib/python3.12/site-packages/airflow/example_dags/example_kubernetes_executor.py for tasks to queue
[2024-04-14T12:50:36.154+0000] {logging_mixin.py:188} INFO - [2024-04-14T12:50:36.154+0000] {dagbag.py:540} INFO - Filling up the DagBag from /home/airflow/.local/lib/python3.12/site-packages/airflow/example_dags/example_kubernetes_executor.py
[2024-04-14T12:50:36.184+0000] {processor.py:840} INFO - DAG(s) 'example_kubernetes_executor' retrieved from /home/airflow/.local/lib/python3.12/site-packages/airflow/example_dags/example_kubernetes_executor.py
[2024-04-14T12:50:36.239+0000] {logging_mixin.py:188} INFO - [2024-04-14T12:50:36.238+0000] {dag.py:3096} INFO - Sync 1 DAGs
[2024-04-14T12:50:36.260+0000] {logging_mixin.py:188} INFO - [2024-04-14T12:50:36.260+0000] {dag.py:3954} INFO - Setting next_dagrun for example_kubernetes_executor to None, run_after=None
[2024-04-14T12:50:36.289+0000] {processor.py:183} INFO - Processing /home/airflow/.local/lib/python3.12/site-packages/airflow/example_dags/example_kubernetes_executor.py took 0.148 seconds
[2024-04-14T12:51:06.514+0000] {processor.py:161} INFO - Started process (PID=231) to work on /home/airflow/.local/lib/python3.12/site-packages/airflow/example_dags/example_kubernetes_executor.py
[2024-04-14T12:51:06.515+0000] {processor.py:830} INFO - Processing file /home/airflow/.local/lib/python3.12/site-packages/airflow/example_dags/example_kubernetes_executor.py for tasks to queue
[2024-04-14T12:51:06.522+0000] {logging_mixin.py:188} INFO - [2024-04-14T12:51:06.520+0000] {dagbag.py:540} INFO - Filling up the DagBag from /home/airflow/.local/lib/python3.12/site-packages/airflow/example_dags/example_kubernetes_executor.py
[2024-04-14T12:51:06.552+0000] {processor.py:840} INFO - DAG(s) 'example_kubernetes_executor' retrieved from /home/airflow/.local/lib/python3.12/site-packages/airflow/example_dags/example_kubernetes_executor.py
[2024-04-14T12:51:06.644+0000] {logging_mixin.py:188} INFO - [2024-04-14T12:51:06.643+0000] {dag.py:3096} INFO - Sync 1 DAGs
[2024-04-14T12:51:06.679+0000] {logging_mixin.py:188} INFO - [2024-04-14T12:51:06.678+0000] {dag.py:3954} INFO - Setting next_dagrun for example_kubernetes_executor to None, run_after=None
[2024-04-14T12:51:06.742+0000] {processor.py:183} INFO - Processing /home/airflow/.local/lib/python3.12/site-packages/airflow/example_dags/example_kubernetes_executor.py took 0.240 seconds
[2024-04-14T12:51:37.617+0000] {processor.py:161} INFO - Started process (PID=289) to work on /home/airflow/.local/lib/python3.12/site-packages/airflow/example_dags/example_kubernetes_executor.py
[2024-04-14T12:51:37.619+0000] {processor.py:830} INFO - Processing file /home/airflow/.local/lib/python3.12/site-packages/airflow/example_dags/example_kubernetes_executor.py for tasks to queue
[2024-04-14T12:51:37.621+0000] {logging_mixin.py:188} INFO - [2024-04-14T12:51:37.620+0000] {dagbag.py:540} INFO - Filling up the DagBag from /home/airflow/.local/lib/python3.12/site-packages/airflow/example_dags/example_kubernetes_executor.py
[2024-04-14T12:51:37.636+0000] {processor.py:840} INFO - DAG(s) 'example_kubernetes_executor' retrieved from /home/airflow/.local/lib/python3.12/site-packages/airflow/example_dags/example_kubernetes_executor.py
[2024-04-14T12:51:37.695+0000] {logging_mixin.py:188} INFO - [2024-04-14T12:51:37.694+0000] {dag.py:3096} INFO - Sync 1 DAGs
[2024-04-14T12:51:37.719+0000] {logging_mixin.py:188} INFO - [2024-04-14T12:51:37.719+0000] {dag.py:3954} INFO - Setting next_dagrun for example_kubernetes_executor to None, run_after=None
[2024-04-14T12:51:37.759+0000] {processor.py:183} INFO - Processing /home/airflow/.local/lib/python3.12/site-packages/airflow/example_dags/example_kubernetes_executor.py took 0.148 seconds
[2024-04-14T12:52:08.252+0000] {processor.py:161} INFO - Started process (PID=347) to work on /home/airflow/.local/lib/python3.12/site-packages/airflow/example_dags/example_kubernetes_executor.py
[2024-04-14T12:52:08.253+0000] {processor.py:830} INFO - Processing file /home/airflow/.local/lib/python3.12/site-packages/airflow/example_dags/example_kubernetes_executor.py for tasks to queue
[2024-04-14T12:52:08.256+0000] {logging_mixin.py:188} INFO - [2024-04-14T12:52:08.256+0000] {dagbag.py:540} INFO - Filling up the DagBag from /home/airflow/.local/lib/python3.12/site-packages/airflow/example_dags/example_kubernetes_executor.py
[2024-04-14T12:52:08.283+0000] {processor.py:840} INFO - DAG(s) 'example_kubernetes_executor' retrieved from /home/airflow/.local/lib/python3.12/site-packages/airflow/example_dags/example_kubernetes_executor.py
[2024-04-14T12:52:08.385+0000] {logging_mixin.py:188} INFO - [2024-04-14T12:52:08.384+0000] {dag.py:3096} INFO - Sync 1 DAGs
[2024-04-14T12:52:08.463+0000] {logging_mixin.py:188} INFO - [2024-04-14T12:52:08.462+0000] {dag.py:3954} INFO - Setting next_dagrun for example_kubernetes_executor to None, run_after=None
[2024-04-14T12:52:08.546+0000] {processor.py:183} INFO - Processing /home/airflow/.local/lib/python3.12/site-packages/airflow/example_dags/example_kubernetes_executor.py took 0.301 seconds
[2024-04-14T12:52:38.707+0000] {processor.py:161} INFO - Started process (PID=405) to work on /home/airflow/.local/lib/python3.12/site-packages/airflow/example_dags/example_kubernetes_executor.py
[2024-04-14T12:52:38.710+0000] {processor.py:830} INFO - Processing file /home/airflow/.local/lib/python3.12/site-packages/airflow/example_dags/example_kubernetes_executor.py for tasks to queue
[2024-04-14T12:52:38.714+0000] {logging_mixin.py:188} INFO - [2024-04-14T12:52:38.713+0000] {dagbag.py:540} INFO - Filling up the DagBag from /home/airflow/.local/lib/python3.12/site-packages/airflow/example_dags/example_kubernetes_executor.py
[2024-04-14T12:52:38.739+0000] {processor.py:840} INFO - DAG(s) 'example_kubernetes_executor' retrieved from /home/airflow/.local/lib/python3.12/site-packages/airflow/example_dags/example_kubernetes_executor.py
[2024-04-14T12:52:38.823+0000] {logging_mixin.py:188} INFO - [2024-04-14T12:52:38.823+0000] {dag.py:3096} INFO - Sync 1 DAGs
[2024-04-14T12:52:38.850+0000] {logging_mixin.py:188} INFO - [2024-04-14T12:52:38.850+0000] {dag.py:3954} INFO - Setting next_dagrun for example_kubernetes_executor to None, run_after=None
[2024-04-14T12:52:38.923+0000] {processor.py:183} INFO - Processing /home/airflow/.local/lib/python3.12/site-packages/airflow/example_dags/example_kubernetes_executor.py took 0.223 seconds
[2024-04-14T12:53:09.068+0000] {processor.py:161} INFO - Started process (PID=464) to work on /home/airflow/.local/lib/python3.12/site-packages/airflow/example_dags/example_kubernetes_executor.py
[2024-04-14T12:53:09.070+0000] {processor.py:830} INFO - Processing file /home/airflow/.local/lib/python3.12/site-packages/airflow/example_dags/example_kubernetes_executor.py for tasks to queue
[2024-04-14T12:53:09.072+0000] {logging_mixin.py:188} INFO - [2024-04-14T12:53:09.072+0000] {dagbag.py:540} INFO - Filling up the DagBag from /home/airflow/.local/lib/python3.12/site-packages/airflow/example_dags/example_kubernetes_executor.py
[2024-04-14T12:53:09.090+0000] {processor.py:840} INFO - DAG(s) 'example_kubernetes_executor' retrieved from /home/airflow/.local/lib/python3.12/site-packages/airflow/example_dags/example_kubernetes_executor.py
[2024-04-14T12:53:09.136+0000] {logging_mixin.py:188} INFO - [2024-04-14T12:53:09.135+0000] {dag.py:3096} INFO - Sync 1 DAGs
[2024-04-14T12:53:09.155+0000] {logging_mixin.py:188} INFO - [2024-04-14T12:53:09.155+0000] {dag.py:3954} INFO - Setting next_dagrun for example_kubernetes_executor to None, run_after=None
[2024-04-14T12:53:09.182+0000] {processor.py:183} INFO - Processing /home/airflow/.local/lib/python3.12/site-packages/airflow/example_dags/example_kubernetes_executor.py took 0.121 seconds
[2024-04-14T12:53:39.317+0000] {processor.py:161} INFO - Started process (PID=521) to work on /home/airflow/.local/lib/python3.12/site-packages/airflow/example_dags/example_kubernetes_executor.py
[2024-04-14T12:53:39.318+0000] {processor.py:830} INFO - Processing file /home/airflow/.local/lib/python3.12/site-packages/airflow/example_dags/example_kubernetes_executor.py for tasks to queue
[2024-04-14T12:53:39.321+0000] {logging_mixin.py:188} INFO - [2024-04-14T12:53:39.321+0000] {dagbag.py:540} INFO - Filling up the DagBag from /home/airflow/.local/lib/python3.12/site-packages/airflow/example_dags/example_kubernetes_executor.py
[2024-04-14T12:53:39.342+0000] {processor.py:840} INFO - DAG(s) 'example_kubernetes_executor' retrieved from /home/airflow/.local/lib/python3.12/site-packages/airflow/example_dags/example_kubernetes_executor.py
[2024-04-14T12:53:39.390+0000] {logging_mixin.py:188} INFO - [2024-04-14T12:53:39.389+0000] {dag.py:3096} INFO - Sync 1 DAGs
[2024-04-14T12:53:39.406+0000] {logging_mixin.py:188} INFO - [2024-04-14T12:53:39.406+0000] {dag.py:3954} INFO - Setting next_dagrun for example_kubernetes_executor to None, run_after=None
[2024-04-14T12:53:39.442+0000] {processor.py:183} INFO - Processing /home/airflow/.local/lib/python3.12/site-packages/airflow/example_dags/example_kubernetes_executor.py took 0.132 seconds
[2024-04-14T12:54:10.011+0000] {processor.py:161} INFO - Started process (PID=579) to work on /home/airflow/.local/lib/python3.12/site-packages/airflow/example_dags/example_kubernetes_executor.py
[2024-04-14T12:54:10.015+0000] {processor.py:830} INFO - Processing file /home/airflow/.local/lib/python3.12/site-packages/airflow/example_dags/example_kubernetes_executor.py for tasks to queue
[2024-04-14T12:54:10.023+0000] {logging_mixin.py:188} INFO - [2024-04-14T12:54:10.023+0000] {dagbag.py:540} INFO - Filling up the DagBag from /home/airflow/.local/lib/python3.12/site-packages/airflow/example_dags/example_kubernetes_executor.py
[2024-04-14T12:54:10.064+0000] {processor.py:840} INFO - DAG(s) 'example_kubernetes_executor' retrieved from /home/airflow/.local/lib/python3.12/site-packages/airflow/example_dags/example_kubernetes_executor.py
[2024-04-14T12:54:10.168+0000] {logging_mixin.py:188} INFO - [2024-04-14T12:54:10.168+0000] {dag.py:3096} INFO - Sync 1 DAGs
[2024-04-14T12:54:10.227+0000] {logging_mixin.py:188} INFO - [2024-04-14T12:54:10.226+0000] {dag.py:3954} INFO - Setting next_dagrun for example_kubernetes_executor to None, run_after=None
[2024-04-14T12:54:10.285+0000] {processor.py:183} INFO - Processing /home/airflow/.local/lib/python3.12/site-packages/airflow/example_dags/example_kubernetes_executor.py took 0.289 seconds
[2024-04-14T12:54:45.847+0000] {processor.py:161} INFO - Started process (PID=635) to work on /home/airflow/.local/lib/python3.12/site-packages/airflow/example_dags/example_kubernetes_executor.py
[2024-04-14T12:54:45.864+0000] {processor.py:830} INFO - Processing file /home/airflow/.local/lib/python3.12/site-packages/airflow/example_dags/example_kubernetes_executor.py for tasks to queue
[2024-04-14T12:54:45.882+0000] {logging_mixin.py:188} INFO - [2024-04-14T12:54:45.881+0000] {dagbag.py:540} INFO - Filling up the DagBag from /home/airflow/.local/lib/python3.12/site-packages/airflow/example_dags/example_kubernetes_executor.py
[2024-04-14T12:54:45.964+0000] {processor.py:840} INFO - DAG(s) 'example_kubernetes_executor' retrieved from /home/airflow/.local/lib/python3.12/site-packages/airflow/example_dags/example_kubernetes_executor.py
[2024-04-14T12:54:46.650+0000] {logging_mixin.py:188} INFO - [2024-04-14T12:54:46.649+0000] {dag.py:3096} INFO - Sync 1 DAGs
[2024-04-14T12:54:46.726+0000] {logging_mixin.py:188} INFO - [2024-04-14T12:54:46.725+0000] {dag.py:3954} INFO - Setting next_dagrun for example_kubernetes_executor to None, run_after=None
[2024-04-14T12:54:46.849+0000] {processor.py:183} INFO - Processing /home/airflow/.local/lib/python3.12/site-packages/airflow/example_dags/example_kubernetes_executor.py took 1.023 seconds
[2024-04-14T12:55:17.755+0000] {processor.py:161} INFO - Started process (PID=701) to work on /home/airflow/.local/lib/python3.12/site-packages/airflow/example_dags/example_kubernetes_executor.py
[2024-04-14T12:55:17.758+0000] {processor.py:830} INFO - Processing file /home/airflow/.local/lib/python3.12/site-packages/airflow/example_dags/example_kubernetes_executor.py for tasks to queue
[2024-04-14T12:55:17.762+0000] {logging_mixin.py:188} INFO - [2024-04-14T12:55:17.762+0000] {dagbag.py:540} INFO - Filling up the DagBag from /home/airflow/.local/lib/python3.12/site-packages/airflow/example_dags/example_kubernetes_executor.py
[2024-04-14T12:55:17.834+0000] {processor.py:840} INFO - DAG(s) 'example_kubernetes_executor' retrieved from /home/airflow/.local/lib/python3.12/site-packages/airflow/example_dags/example_kubernetes_executor.py
[2024-04-14T12:55:18.294+0000] {logging_mixin.py:188} INFO - [2024-04-14T12:55:18.293+0000] {dag.py:3096} INFO - Sync 1 DAGs
[2024-04-14T12:55:18.412+0000] {logging_mixin.py:188} INFO - [2024-04-14T12:55:18.411+0000] {dag.py:3954} INFO - Setting next_dagrun for example_kubernetes_executor to None, run_after=None
[2024-04-14T12:55:18.571+0000] {processor.py:183} INFO - Processing /home/airflow/.local/lib/python3.12/site-packages/airflow/example_dags/example_kubernetes_executor.py took 0.834 seconds
[2024-04-14T12:55:49.255+0000] {processor.py:161} INFO - Started process (PID=759) to work on /home/airflow/.local/lib/python3.12/site-packages/airflow/example_dags/example_kubernetes_executor.py
[2024-04-14T12:55:49.257+0000] {processor.py:830} INFO - Processing file /home/airflow/.local/lib/python3.12/site-packages/airflow/example_dags/example_kubernetes_executor.py for tasks to queue
[2024-04-14T12:55:49.259+0000] {logging_mixin.py:188} INFO - [2024-04-14T12:55:49.259+0000] {dagbag.py:540} INFO - Filling up the DagBag from /home/airflow/.local/lib/python3.12/site-packages/airflow/example_dags/example_kubernetes_executor.py
[2024-04-14T12:55:49.279+0000] {processor.py:840} INFO - DAG(s) 'example_kubernetes_executor' retrieved from /home/airflow/.local/lib/python3.12/site-packages/airflow/example_dags/example_kubernetes_executor.py
[2024-04-14T12:55:49.343+0000] {logging_mixin.py:188} INFO - [2024-04-14T12:55:49.343+0000] {dag.py:3096} INFO - Sync 1 DAGs
[2024-04-14T12:55:49.367+0000] {logging_mixin.py:188} INFO - [2024-04-14T12:55:49.367+0000] {dag.py:3954} INFO - Setting next_dagrun for example_kubernetes_executor to None, run_after=None
[2024-04-14T12:55:49.400+0000] {processor.py:183} INFO - Processing /home/airflow/.local/lib/python3.12/site-packages/airflow/example_dags/example_kubernetes_executor.py took 0.154 seconds
[2024-04-14T12:56:20.322+0000] {processor.py:161} INFO - Started process (PID=817) to work on /home/airflow/.local/lib/python3.12/site-packages/airflow/example_dags/example_kubernetes_executor.py
[2024-04-14T12:56:20.324+0000] {processor.py:830} INFO - Processing file /home/airflow/.local/lib/python3.12/site-packages/airflow/example_dags/example_kubernetes_executor.py for tasks to queue
[2024-04-14T12:56:20.327+0000] {logging_mixin.py:188} INFO - [2024-04-14T12:56:20.326+0000] {dagbag.py:540} INFO - Filling up the DagBag from /home/airflow/.local/lib/python3.12/site-packages/airflow/example_dags/example_kubernetes_executor.py
[2024-04-14T12:56:20.353+0000] {processor.py:840} INFO - DAG(s) 'example_kubernetes_executor' retrieved from /home/airflow/.local/lib/python3.12/site-packages/airflow/example_dags/example_kubernetes_executor.py
[2024-04-14T12:56:20.424+0000] {logging_mixin.py:188} INFO - [2024-04-14T12:56:20.423+0000] {dag.py:3096} INFO - Sync 1 DAGs
[2024-04-14T12:56:20.454+0000] {logging_mixin.py:188} INFO - [2024-04-14T12:56:20.453+0000] {dag.py:3954} INFO - Setting next_dagrun for example_kubernetes_executor to None, run_after=None
[2024-04-14T12:56:20.725+0000] {processor.py:183} INFO - Processing /home/airflow/.local/lib/python3.12/site-packages/airflow/example_dags/example_kubernetes_executor.py took 0.414 seconds
[2024-04-14T12:56:51.407+0000] {processor.py:161} INFO - Started process (PID=876) to work on /home/airflow/.local/lib/python3.12/site-packages/airflow/example_dags/example_kubernetes_executor.py
[2024-04-14T12:56:51.409+0000] {processor.py:830} INFO - Processing file /home/airflow/.local/lib/python3.12/site-packages/airflow/example_dags/example_kubernetes_executor.py for tasks to queue
[2024-04-14T12:56:51.412+0000] {logging_mixin.py:188} INFO - [2024-04-14T12:56:51.412+0000] {dagbag.py:540} INFO - Filling up the DagBag from /home/airflow/.local/lib/python3.12/site-packages/airflow/example_dags/example_kubernetes_executor.py
[2024-04-14T12:56:51.483+0000] {processor.py:840} INFO - DAG(s) 'example_kubernetes_executor' retrieved from /home/airflow/.local/lib/python3.12/site-packages/airflow/example_dags/example_kubernetes_executor.py
[2024-04-14T12:56:51.617+0000] {logging_mixin.py:188} INFO - [2024-04-14T12:56:51.616+0000] {dag.py:3096} INFO - Sync 1 DAGs
[2024-04-14T12:56:51.647+0000] {logging_mixin.py:188} INFO - [2024-04-14T12:56:51.647+0000] {dag.py:3954} INFO - Setting next_dagrun for example_kubernetes_executor to None, run_after=None
[2024-04-14T12:56:51.707+0000] {processor.py:183} INFO - Processing /home/airflow/.local/lib/python3.12/site-packages/airflow/example_dags/example_kubernetes_executor.py took 0.313 seconds
[2024-04-14T12:57:21.887+0000] {processor.py:161} INFO - Started process (PID=934) to work on /home/airflow/.local/lib/python3.12/site-packages/airflow/example_dags/example_kubernetes_executor.py
[2024-04-14T12:57:21.895+0000] {processor.py:830} INFO - Processing file /home/airflow/.local/lib/python3.12/site-packages/airflow/example_dags/example_kubernetes_executor.py for tasks to queue
[2024-04-14T12:57:21.904+0000] {logging_mixin.py:188} INFO - [2024-04-14T12:57:21.904+0000] {dagbag.py:540} INFO - Filling up the DagBag from /home/airflow/.local/lib/python3.12/site-packages/airflow/example_dags/example_kubernetes_executor.py
[2024-04-14T12:57:21.957+0000] {processor.py:840} INFO - DAG(s) 'example_kubernetes_executor' retrieved from /home/airflow/.local/lib/python3.12/site-packages/airflow/example_dags/example_kubernetes_executor.py
[2024-04-14T12:57:22.175+0000] {logging_mixin.py:188} INFO - [2024-04-14T12:57:22.174+0000] {dag.py:3096} INFO - Sync 1 DAGs
[2024-04-14T12:57:22.220+0000] {logging_mixin.py:188} INFO - [2024-04-14T12:57:22.219+0000] {dag.py:3954} INFO - Setting next_dagrun for example_kubernetes_executor to None, run_after=None
[2024-04-14T12:57:22.345+0000] {processor.py:183} INFO - Processing /home/airflow/.local/lib/python3.12/site-packages/airflow/example_dags/example_kubernetes_executor.py took 0.483 seconds
[2024-04-14T12:57:53.018+0000] {processor.py:161} INFO - Started process (PID=993) to work on /home/airflow/.local/lib/python3.12/site-packages/airflow/example_dags/example_kubernetes_executor.py
[2024-04-14T12:57:53.020+0000] {processor.py:830} INFO - Processing file /home/airflow/.local/lib/python3.12/site-packages/airflow/example_dags/example_kubernetes_executor.py for tasks to queue
[2024-04-14T12:57:53.024+0000] {logging_mixin.py:188} INFO - [2024-04-14T12:57:53.024+0000] {dagbag.py:540} INFO - Filling up the DagBag from /home/airflow/.local/lib/python3.12/site-packages/airflow/example_dags/example_kubernetes_executor.py
[2024-04-14T12:57:53.069+0000] {processor.py:840} INFO - DAG(s) 'example_kubernetes_executor' retrieved from /home/airflow/.local/lib/python3.12/site-packages/airflow/example_dags/example_kubernetes_executor.py
[2024-04-14T12:57:53.145+0000] {logging_mixin.py:188} INFO - [2024-04-14T12:57:53.144+0000] {dag.py:3096} INFO - Sync 1 DAGs
[2024-04-14T12:57:53.171+0000] {logging_mixin.py:188} INFO - [2024-04-14T12:57:53.171+0000] {dag.py:3954} INFO - Setting next_dagrun for example_kubernetes_executor to None, run_after=None
[2024-04-14T12:57:53.210+0000] {processor.py:183} INFO - Processing /home/airflow/.local/lib/python3.12/site-packages/airflow/example_dags/example_kubernetes_executor.py took 0.201 seconds
[2024-04-14T12:58:23.391+0000] {processor.py:161} INFO - Started process (PID=1051) to work on /home/airflow/.local/lib/python3.12/site-packages/airflow/example_dags/example_kubernetes_executor.py
[2024-04-14T12:58:23.393+0000] {processor.py:830} INFO - Processing file /home/airflow/.local/lib/python3.12/site-packages/airflow/example_dags/example_kubernetes_executor.py for tasks to queue
[2024-04-14T12:58:23.397+0000] {logging_mixin.py:188} INFO - [2024-04-14T12:58:23.397+0000] {dagbag.py:540} INFO - Filling up the DagBag from /home/airflow/.local/lib/python3.12/site-packages/airflow/example_dags/example_kubernetes_executor.py
[2024-04-14T12:58:23.423+0000] {processor.py:840} INFO - DAG(s) 'example_kubernetes_executor' retrieved from /home/airflow/.local/lib/python3.12/site-packages/airflow/example_dags/example_kubernetes_executor.py
[2024-04-14T12:58:23.497+0000] {logging_mixin.py:188} INFO - [2024-04-14T12:58:23.496+0000] {dag.py:3096} INFO - Sync 1 DAGs
[2024-04-14T12:58:23.527+0000] {logging_mixin.py:188} INFO - [2024-04-14T12:58:23.526+0000] {dag.py:3954} INFO - Setting next_dagrun for example_kubernetes_executor to None, run_after=None
[2024-04-14T12:58:23.568+0000] {processor.py:183} INFO - Processing /home/airflow/.local/lib/python3.12/site-packages/airflow/example_dags/example_kubernetes_executor.py took 0.195 seconds
[2024-04-14T12:58:54.228+0000] {processor.py:161} INFO - Started process (PID=1109) to work on /home/airflow/.local/lib/python3.12/site-packages/airflow/example_dags/example_kubernetes_executor.py
[2024-04-14T12:58:54.233+0000] {processor.py:830} INFO - Processing file /home/airflow/.local/lib/python3.12/site-packages/airflow/example_dags/example_kubernetes_executor.py for tasks to queue
[2024-04-14T12:58:54.238+0000] {logging_mixin.py:188} INFO - [2024-04-14T12:58:54.236+0000] {dagbag.py:540} INFO - Filling up the DagBag from /home/airflow/.local/lib/python3.12/site-packages/airflow/example_dags/example_kubernetes_executor.py
[2024-04-14T12:58:54.290+0000] {processor.py:840} INFO - DAG(s) 'example_kubernetes_executor' retrieved from /home/airflow/.local/lib/python3.12/site-packages/airflow/example_dags/example_kubernetes_executor.py
[2024-04-14T12:58:54.321+0000] {logging_mixin.py:188} INFO - [2024-04-14T12:58:54.321+0000] {dag.py:3096} INFO - Sync 1 DAGs
[2024-04-14T12:58:54.363+0000] {logging_mixin.py:188} INFO - [2024-04-14T12:58:54.362+0000] {dag.py:3954} INFO - Setting next_dagrun for example_kubernetes_executor to None, run_after=None
[2024-04-14T12:58:54.424+0000] {processor.py:183} INFO - Processing /home/airflow/.local/lib/python3.12/site-packages/airflow/example_dags/example_kubernetes_executor.py took 0.210 seconds
[2024-04-14T12:59:24.728+0000] {processor.py:161} INFO - Started process (PID=1168) to work on /home/airflow/.local/lib/python3.12/site-packages/airflow/example_dags/example_kubernetes_executor.py
[2024-04-14T12:59:24.735+0000] {processor.py:830} INFO - Processing file /home/airflow/.local/lib/python3.12/site-packages/airflow/example_dags/example_kubernetes_executor.py for tasks to queue
[2024-04-14T12:59:24.737+0000] {logging_mixin.py:188} INFO - [2024-04-14T12:59:24.736+0000] {dagbag.py:540} INFO - Filling up the DagBag from /home/airflow/.local/lib/python3.12/site-packages/airflow/example_dags/example_kubernetes_executor.py
[2024-04-14T12:59:24.795+0000] {processor.py:840} INFO - DAG(s) 'example_kubernetes_executor' retrieved from /home/airflow/.local/lib/python3.12/site-packages/airflow/example_dags/example_kubernetes_executor.py
[2024-04-14T12:59:25.287+0000] {logging_mixin.py:188} INFO - [2024-04-14T12:59:25.283+0000] {dag.py:3096} INFO - Sync 1 DAGs
[2024-04-14T12:59:25.347+0000] {logging_mixin.py:188} INFO - [2024-04-14T12:59:25.347+0000] {dag.py:3954} INFO - Setting next_dagrun for example_kubernetes_executor to None, run_after=None
[2024-04-14T12:59:25.460+0000] {processor.py:183} INFO - Processing /home/airflow/.local/lib/python3.12/site-packages/airflow/example_dags/example_kubernetes_executor.py took 0.753 seconds
[2024-04-14T12:59:56.124+0000] {processor.py:161} INFO - Started process (PID=1227) to work on /home/airflow/.local/lib/python3.12/site-packages/airflow/example_dags/example_kubernetes_executor.py
[2024-04-14T12:59:56.126+0000] {processor.py:830} INFO - Processing file /home/airflow/.local/lib/python3.12/site-packages/airflow/example_dags/example_kubernetes_executor.py for tasks to queue
[2024-04-14T12:59:56.127+0000] {logging_mixin.py:188} INFO - [2024-04-14T12:59:56.127+0000] {dagbag.py:540} INFO - Filling up the DagBag from /home/airflow/.local/lib/python3.12/site-packages/airflow/example_dags/example_kubernetes_executor.py
[2024-04-14T12:59:56.147+0000] {processor.py:840} INFO - DAG(s) 'example_kubernetes_executor' retrieved from /home/airflow/.local/lib/python3.12/site-packages/airflow/example_dags/example_kubernetes_executor.py
[2024-04-14T12:59:56.212+0000] {logging_mixin.py:188} INFO - [2024-04-14T12:59:56.211+0000] {dag.py:3096} INFO - Sync 1 DAGs
[2024-04-14T12:59:56.231+0000] {logging_mixin.py:188} INFO - [2024-04-14T12:59:56.231+0000] {dag.py:3954} INFO - Setting next_dagrun for example_kubernetes_executor to None, run_after=None
[2024-04-14T12:59:56.267+0000] {processor.py:183} INFO - Processing /home/airflow/.local/lib/python3.12/site-packages/airflow/example_dags/example_kubernetes_executor.py took 0.153 seconds
[2024-04-14T13:00:27.408+0000] {processor.py:161} INFO - Started process (PID=1286) to work on /home/airflow/.local/lib/python3.12/site-packages/airflow/example_dags/example_kubernetes_executor.py
[2024-04-14T13:00:27.410+0000] {processor.py:830} INFO - Processing file /home/airflow/.local/lib/python3.12/site-packages/airflow/example_dags/example_kubernetes_executor.py for tasks to queue
[2024-04-14T13:00:27.412+0000] {logging_mixin.py:188} INFO - [2024-04-14T13:00:27.411+0000] {dagbag.py:540} INFO - Filling up the DagBag from /home/airflow/.local/lib/python3.12/site-packages/airflow/example_dags/example_kubernetes_executor.py
[2024-04-14T13:00:27.444+0000] {processor.py:840} INFO - DAG(s) 'example_kubernetes_executor' retrieved from /home/airflow/.local/lib/python3.12/site-packages/airflow/example_dags/example_kubernetes_executor.py
[2024-04-14T13:00:27.543+0000] {logging_mixin.py:188} INFO - [2024-04-14T13:00:27.543+0000] {dag.py:3096} INFO - Sync 1 DAGs
[2024-04-14T13:00:27.574+0000] {logging_mixin.py:188} INFO - [2024-04-14T13:00:27.573+0000] {dag.py:3954} INFO - Setting next_dagrun for example_kubernetes_executor to None, run_after=None
[2024-04-14T13:00:27.612+0000] {processor.py:183} INFO - Processing /home/airflow/.local/lib/python3.12/site-packages/airflow/example_dags/example_kubernetes_executor.py took 0.213 seconds
[2024-04-14T13:00:59.001+0000] {processor.py:161} INFO - Started process (PID=1341) to work on /home/airflow/.local/lib/python3.12/site-packages/airflow/example_dags/example_kubernetes_executor.py
[2024-04-14T13:00:59.004+0000] {processor.py:830} INFO - Processing file /home/airflow/.local/lib/python3.12/site-packages/airflow/example_dags/example_kubernetes_executor.py for tasks to queue
[2024-04-14T13:00:59.006+0000] {logging_mixin.py:188} INFO - [2024-04-14T13:00:59.005+0000] {dagbag.py:540} INFO - Filling up the DagBag from /home/airflow/.local/lib/python3.12/site-packages/airflow/example_dags/example_kubernetes_executor.py
[2024-04-14T13:00:59.049+0000] {processor.py:840} INFO - DAG(s) 'example_kubernetes_executor' retrieved from /home/airflow/.local/lib/python3.12/site-packages/airflow/example_dags/example_kubernetes_executor.py
[2024-04-14T13:00:59.138+0000] {logging_mixin.py:188} INFO - [2024-04-14T13:00:59.137+0000] {dag.py:3096} INFO - Sync 1 DAGs
[2024-04-14T13:00:59.167+0000] {logging_mixin.py:188} INFO - [2024-04-14T13:00:59.166+0000] {dag.py:3954} INFO - Setting next_dagrun for example_kubernetes_executor to None, run_after=None
[2024-04-14T13:00:59.211+0000] {processor.py:183} INFO - Processing /home/airflow/.local/lib/python3.12/site-packages/airflow/example_dags/example_kubernetes_executor.py took 0.227 seconds
[2024-04-14T13:01:29.465+0000] {processor.py:161} INFO - Started process (PID=1400) to work on /home/airflow/.local/lib/python3.12/site-packages/airflow/example_dags/example_kubernetes_executor.py
[2024-04-14T13:01:29.466+0000] {processor.py:830} INFO - Processing file /home/airflow/.local/lib/python3.12/site-packages/airflow/example_dags/example_kubernetes_executor.py for tasks to queue
[2024-04-14T13:01:29.468+0000] {logging_mixin.py:188} INFO - [2024-04-14T13:01:29.467+0000] {dagbag.py:540} INFO - Filling up the DagBag from /home/airflow/.local/lib/python3.12/site-packages/airflow/example_dags/example_kubernetes_executor.py
[2024-04-14T13:01:29.494+0000] {processor.py:840} INFO - DAG(s) 'example_kubernetes_executor' retrieved from /home/airflow/.local/lib/python3.12/site-packages/airflow/example_dags/example_kubernetes_executor.py
[2024-04-14T13:01:29.571+0000] {logging_mixin.py:188} INFO - [2024-04-14T13:01:29.571+0000] {dag.py:3096} INFO - Sync 1 DAGs
[2024-04-14T13:01:29.597+0000] {logging_mixin.py:188} INFO - [2024-04-14T13:01:29.597+0000] {dag.py:3954} INFO - Setting next_dagrun for example_kubernetes_executor to None, run_after=None
[2024-04-14T13:01:29.635+0000] {processor.py:183} INFO - Processing /home/airflow/.local/lib/python3.12/site-packages/airflow/example_dags/example_kubernetes_executor.py took 0.183 seconds
[2024-04-14T13:02:00.597+0000] {processor.py:161} INFO - Started process (PID=1459) to work on /home/airflow/.local/lib/python3.12/site-packages/airflow/example_dags/example_kubernetes_executor.py
[2024-04-14T13:02:00.599+0000] {processor.py:830} INFO - Processing file /home/airflow/.local/lib/python3.12/site-packages/airflow/example_dags/example_kubernetes_executor.py for tasks to queue
[2024-04-14T13:02:00.602+0000] {logging_mixin.py:188} INFO - [2024-04-14T13:02:00.601+0000] {dagbag.py:540} INFO - Filling up the DagBag from /home/airflow/.local/lib/python3.12/site-packages/airflow/example_dags/example_kubernetes_executor.py
[2024-04-14T13:02:00.650+0000] {processor.py:840} INFO - DAG(s) 'example_kubernetes_executor' retrieved from /home/airflow/.local/lib/python3.12/site-packages/airflow/example_dags/example_kubernetes_executor.py
[2024-04-14T13:02:00.807+0000] {logging_mixin.py:188} INFO - [2024-04-14T13:02:00.807+0000] {dag.py:3096} INFO - Sync 1 DAGs
[2024-04-14T13:02:00.848+0000] {logging_mixin.py:188} INFO - [2024-04-14T13:02:00.847+0000] {dag.py:3954} INFO - Setting next_dagrun for example_kubernetes_executor to None, run_after=None
[2024-04-14T13:02:00.892+0000] {processor.py:183} INFO - Processing /home/airflow/.local/lib/python3.12/site-packages/airflow/example_dags/example_kubernetes_executor.py took 0.318 seconds
[2024-04-14T13:02:31.371+0000] {processor.py:161} INFO - Started process (PID=1517) to work on /home/airflow/.local/lib/python3.12/site-packages/airflow/example_dags/example_kubernetes_executor.py
[2024-04-14T13:02:31.373+0000] {processor.py:830} INFO - Processing file /home/airflow/.local/lib/python3.12/site-packages/airflow/example_dags/example_kubernetes_executor.py for tasks to queue
[2024-04-14T13:02:31.375+0000] {logging_mixin.py:188} INFO - [2024-04-14T13:02:31.374+0000] {dagbag.py:540} INFO - Filling up the DagBag from /home/airflow/.local/lib/python3.12/site-packages/airflow/example_dags/example_kubernetes_executor.py
[2024-04-14T13:02:31.401+0000] {processor.py:840} INFO - DAG(s) 'example_kubernetes_executor' retrieved from /home/airflow/.local/lib/python3.12/site-packages/airflow/example_dags/example_kubernetes_executor.py
[2024-04-14T13:02:31.478+0000] {logging_mixin.py:188} INFO - [2024-04-14T13:02:31.478+0000] {dag.py:3096} INFO - Sync 1 DAGs
[2024-04-14T13:02:31.504+0000] {logging_mixin.py:188} INFO - [2024-04-14T13:02:31.504+0000] {dag.py:3954} INFO - Setting next_dagrun for example_kubernetes_executor to None, run_after=None
[2024-04-14T13:02:31.544+0000] {processor.py:183} INFO - Processing /home/airflow/.local/lib/python3.12/site-packages/airflow/example_dags/example_kubernetes_executor.py took 0.190 seconds
[2024-04-14T13:03:03.397+0000] {processor.py:161} INFO - Started process (PID=1574) to work on /home/airflow/.local/lib/python3.12/site-packages/airflow/example_dags/example_kubernetes_executor.py
[2024-04-14T13:03:03.400+0000] {processor.py:830} INFO - Processing file /home/airflow/.local/lib/python3.12/site-packages/airflow/example_dags/example_kubernetes_executor.py for tasks to queue
[2024-04-14T13:03:03.402+0000] {logging_mixin.py:188} INFO - [2024-04-14T13:03:03.401+0000] {dagbag.py:540} INFO - Filling up the DagBag from /home/airflow/.local/lib/python3.12/site-packages/airflow/example_dags/example_kubernetes_executor.py
[2024-04-14T13:03:03.448+0000] {processor.py:840} INFO - DAG(s) 'example_kubernetes_executor' retrieved from /home/airflow/.local/lib/python3.12/site-packages/airflow/example_dags/example_kubernetes_executor.py
[2024-04-14T13:03:03.571+0000] {logging_mixin.py:188} INFO - [2024-04-14T13:03:03.570+0000] {dag.py:3096} INFO - Sync 1 DAGs
[2024-04-14T13:03:03.614+0000] {logging_mixin.py:188} INFO - [2024-04-14T13:03:03.614+0000] {dag.py:3954} INFO - Setting next_dagrun for example_kubernetes_executor to None, run_after=None
[2024-04-14T13:03:03.678+0000] {processor.py:183} INFO - Processing /home/airflow/.local/lib/python3.12/site-packages/airflow/example_dags/example_kubernetes_executor.py took 0.294 seconds
[2024-04-14T13:03:34.616+0000] {processor.py:161} INFO - Started process (PID=1633) to work on /home/airflow/.local/lib/python3.12/site-packages/airflow/example_dags/example_kubernetes_executor.py
[2024-04-14T13:03:34.619+0000] {processor.py:830} INFO - Processing file /home/airflow/.local/lib/python3.12/site-packages/airflow/example_dags/example_kubernetes_executor.py for tasks to queue
[2024-04-14T13:03:34.621+0000] {logging_mixin.py:188} INFO - [2024-04-14T13:03:34.621+0000] {dagbag.py:540} INFO - Filling up the DagBag from /home/airflow/.local/lib/python3.12/site-packages/airflow/example_dags/example_kubernetes_executor.py
[2024-04-14T13:03:34.731+0000] {processor.py:840} INFO - DAG(s) 'example_kubernetes_executor' retrieved from /home/airflow/.local/lib/python3.12/site-packages/airflow/example_dags/example_kubernetes_executor.py
[2024-04-14T13:03:35.256+0000] {logging_mixin.py:188} INFO - [2024-04-14T13:03:35.254+0000] {dag.py:3096} INFO - Sync 1 DAGs
[2024-04-14T13:03:35.389+0000] {logging_mixin.py:188} INFO - [2024-04-14T13:03:35.388+0000] {dag.py:3954} INFO - Setting next_dagrun for example_kubernetes_executor to None, run_after=None
[2024-04-14T13:03:35.908+0000] {processor.py:183} INFO - Processing /home/airflow/.local/lib/python3.12/site-packages/airflow/example_dags/example_kubernetes_executor.py took 1.305 seconds
[2024-04-14T13:04:06.197+0000] {processor.py:161} INFO - Started process (PID=1693) to work on /home/airflow/.local/lib/python3.12/site-packages/airflow/example_dags/example_kubernetes_executor.py
[2024-04-14T13:04:06.199+0000] {processor.py:830} INFO - Processing file /home/airflow/.local/lib/python3.12/site-packages/airflow/example_dags/example_kubernetes_executor.py for tasks to queue
[2024-04-14T13:04:06.201+0000] {logging_mixin.py:188} INFO - [2024-04-14T13:04:06.201+0000] {dagbag.py:540} INFO - Filling up the DagBag from /home/airflow/.local/lib/python3.12/site-packages/airflow/example_dags/example_kubernetes_executor.py
[2024-04-14T13:04:06.230+0000] {processor.py:840} INFO - DAG(s) 'example_kubernetes_executor' retrieved from /home/airflow/.local/lib/python3.12/site-packages/airflow/example_dags/example_kubernetes_executor.py
[2024-04-14T13:04:06.296+0000] {logging_mixin.py:188} INFO - [2024-04-14T13:04:06.296+0000] {dag.py:3096} INFO - Sync 1 DAGs
[2024-04-14T13:04:06.319+0000] {logging_mixin.py:188} INFO - [2024-04-14T13:04:06.318+0000] {dag.py:3954} INFO - Setting next_dagrun for example_kubernetes_executor to None, run_after=None
[2024-04-14T13:04:06.356+0000] {processor.py:183} INFO - Processing /home/airflow/.local/lib/python3.12/site-packages/airflow/example_dags/example_kubernetes_executor.py took 0.171 seconds
[2024-04-14T13:04:36.703+0000] {processor.py:161} INFO - Started process (PID=1753) to work on /home/airflow/.local/lib/python3.12/site-packages/airflow/example_dags/example_kubernetes_executor.py
[2024-04-14T13:04:36.704+0000] {processor.py:830} INFO - Processing file /home/airflow/.local/lib/python3.12/site-packages/airflow/example_dags/example_kubernetes_executor.py for tasks to queue
[2024-04-14T13:04:36.706+0000] {logging_mixin.py:188} INFO - [2024-04-14T13:04:36.706+0000] {dagbag.py:540} INFO - Filling up the DagBag from /home/airflow/.local/lib/python3.12/site-packages/airflow/example_dags/example_kubernetes_executor.py
[2024-04-14T13:04:36.746+0000] {processor.py:840} INFO - DAG(s) 'example_kubernetes_executor' retrieved from /home/airflow/.local/lib/python3.12/site-packages/airflow/example_dags/example_kubernetes_executor.py
[2024-04-14T13:04:36.854+0000] {logging_mixin.py:188} INFO - [2024-04-14T13:04:36.852+0000] {dag.py:3096} INFO - Sync 1 DAGs
[2024-04-14T13:04:36.899+0000] {logging_mixin.py:188} INFO - [2024-04-14T13:04:36.899+0000] {dag.py:3954} INFO - Setting next_dagrun for example_kubernetes_executor to None, run_after=None
[2024-04-14T13:04:36.956+0000] {processor.py:183} INFO - Processing /home/airflow/.local/lib/python3.12/site-packages/airflow/example_dags/example_kubernetes_executor.py took 0.265 seconds
[2024-04-14T13:05:07.082+0000] {processor.py:161} INFO - Started process (PID=1810) to work on /home/airflow/.local/lib/python3.12/site-packages/airflow/example_dags/example_kubernetes_executor.py
[2024-04-14T13:05:07.086+0000] {processor.py:830} INFO - Processing file /home/airflow/.local/lib/python3.12/site-packages/airflow/example_dags/example_kubernetes_executor.py for tasks to queue
[2024-04-14T13:05:07.090+0000] {logging_mixin.py:188} INFO - [2024-04-14T13:05:07.089+0000] {dagbag.py:540} INFO - Filling up the DagBag from /home/airflow/.local/lib/python3.12/site-packages/airflow/example_dags/example_kubernetes_executor.py
[2024-04-14T13:05:07.139+0000] {processor.py:840} INFO - DAG(s) 'example_kubernetes_executor' retrieved from /home/airflow/.local/lib/python3.12/site-packages/airflow/example_dags/example_kubernetes_executor.py
[2024-04-14T13:05:07.271+0000] {logging_mixin.py:188} INFO - [2024-04-14T13:05:07.270+0000] {dag.py:3096} INFO - Sync 1 DAGs
[2024-04-14T13:05:07.352+0000] {logging_mixin.py:188} INFO - [2024-04-14T13:05:07.351+0000] {dag.py:3954} INFO - Setting next_dagrun for example_kubernetes_executor to None, run_after=None
[2024-04-14T13:05:07.455+0000] {processor.py:183} INFO - Processing /home/airflow/.local/lib/python3.12/site-packages/airflow/example_dags/example_kubernetes_executor.py took 0.386 seconds
[2024-04-14T13:05:39.475+0000] {processor.py:161} INFO - Started process (PID=1867) to work on /home/airflow/.local/lib/python3.12/site-packages/airflow/example_dags/example_kubernetes_executor.py
[2024-04-14T13:05:39.477+0000] {processor.py:830} INFO - Processing file /home/airflow/.local/lib/python3.12/site-packages/airflow/example_dags/example_kubernetes_executor.py for tasks to queue
[2024-04-14T13:05:39.481+0000] {logging_mixin.py:188} INFO - [2024-04-14T13:05:39.480+0000] {dagbag.py:540} INFO - Filling up the DagBag from /home/airflow/.local/lib/python3.12/site-packages/airflow/example_dags/example_kubernetes_executor.py
[2024-04-14T13:05:39.522+0000] {processor.py:840} INFO - DAG(s) 'example_kubernetes_executor' retrieved from /home/airflow/.local/lib/python3.12/site-packages/airflow/example_dags/example_kubernetes_executor.py
[2024-04-14T13:05:39.776+0000] {logging_mixin.py:188} INFO - [2024-04-14T13:05:39.766+0000] {dag.py:3096} INFO - Sync 1 DAGs
[2024-04-14T13:05:39.854+0000] {logging_mixin.py:188} INFO - [2024-04-14T13:05:39.854+0000] {dag.py:3954} INFO - Setting next_dagrun for example_kubernetes_executor to None, run_after=None
[2024-04-14T13:05:39.932+0000] {processor.py:183} INFO - Processing /home/airflow/.local/lib/python3.12/site-packages/airflow/example_dags/example_kubernetes_executor.py took 0.469 seconds
[2024-04-14T13:06:10.230+0000] {processor.py:161} INFO - Started process (PID=1926) to work on /home/airflow/.local/lib/python3.12/site-packages/airflow/example_dags/example_kubernetes_executor.py
[2024-04-14T13:06:10.232+0000] {processor.py:830} INFO - Processing file /home/airflow/.local/lib/python3.12/site-packages/airflow/example_dags/example_kubernetes_executor.py for tasks to queue
[2024-04-14T13:06:10.236+0000] {logging_mixin.py:188} INFO - [2024-04-14T13:06:10.235+0000] {dagbag.py:540} INFO - Filling up the DagBag from /home/airflow/.local/lib/python3.12/site-packages/airflow/example_dags/example_kubernetes_executor.py
[2024-04-14T13:06:10.275+0000] {processor.py:840} INFO - DAG(s) 'example_kubernetes_executor' retrieved from /home/airflow/.local/lib/python3.12/site-packages/airflow/example_dags/example_kubernetes_executor.py
[2024-04-14T13:06:10.473+0000] {logging_mixin.py:188} INFO - [2024-04-14T13:06:10.472+0000] {dag.py:3096} INFO - Sync 1 DAGs
[2024-04-14T13:06:10.525+0000] {logging_mixin.py:188} INFO - [2024-04-14T13:06:10.524+0000] {dag.py:3954} INFO - Setting next_dagrun for example_kubernetes_executor to None, run_after=None
[2024-04-14T13:06:10.634+0000] {processor.py:183} INFO - Processing /home/airflow/.local/lib/python3.12/site-packages/airflow/example_dags/example_kubernetes_executor.py took 0.418 seconds
[2024-04-14T13:06:40.908+0000] {processor.py:161} INFO - Started process (PID=1984) to work on /home/airflow/.local/lib/python3.12/site-packages/airflow/example_dags/example_kubernetes_executor.py
[2024-04-14T13:06:40.910+0000] {processor.py:830} INFO - Processing file /home/airflow/.local/lib/python3.12/site-packages/airflow/example_dags/example_kubernetes_executor.py for tasks to queue
[2024-04-14T13:06:40.912+0000] {logging_mixin.py:188} INFO - [2024-04-14T13:06:40.912+0000] {dagbag.py:540} INFO - Filling up the DagBag from /home/airflow/.local/lib/python3.12/site-packages/airflow/example_dags/example_kubernetes_executor.py
[2024-04-14T13:06:40.935+0000] {processor.py:840} INFO - DAG(s) 'example_kubernetes_executor' retrieved from /home/airflow/.local/lib/python3.12/site-packages/airflow/example_dags/example_kubernetes_executor.py
[2024-04-14T13:06:41.025+0000] {logging_mixin.py:188} INFO - [2024-04-14T13:06:41.024+0000] {dag.py:3096} INFO - Sync 1 DAGs
[2024-04-14T13:06:41.047+0000] {logging_mixin.py:188} INFO - [2024-04-14T13:06:41.047+0000] {dag.py:3954} INFO - Setting next_dagrun for example_kubernetes_executor to None, run_after=None
[2024-04-14T13:06:41.084+0000] {processor.py:183} INFO - Processing /home/airflow/.local/lib/python3.12/site-packages/airflow/example_dags/example_kubernetes_executor.py took 0.183 seconds
[2024-04-14T13:07:11.379+0000] {processor.py:161} INFO - Started process (PID=2043) to work on /home/airflow/.local/lib/python3.12/site-packages/airflow/example_dags/example_kubernetes_executor.py
[2024-04-14T13:07:11.381+0000] {processor.py:830} INFO - Processing file /home/airflow/.local/lib/python3.12/site-packages/airflow/example_dags/example_kubernetes_executor.py for tasks to queue
[2024-04-14T13:07:11.382+0000] {logging_mixin.py:188} INFO - [2024-04-14T13:07:11.382+0000] {dagbag.py:540} INFO - Filling up the DagBag from /home/airflow/.local/lib/python3.12/site-packages/airflow/example_dags/example_kubernetes_executor.py
[2024-04-14T13:07:11.398+0000] {processor.py:840} INFO - DAG(s) 'example_kubernetes_executor' retrieved from /home/airflow/.local/lib/python3.12/site-packages/airflow/example_dags/example_kubernetes_executor.py
[2024-04-14T13:07:11.457+0000] {logging_mixin.py:188} INFO - [2024-04-14T13:07:11.457+0000] {dag.py:3096} INFO - Sync 1 DAGs
[2024-04-14T13:07:11.476+0000] {logging_mixin.py:188} INFO - [2024-04-14T13:07:11.476+0000] {dag.py:3954} INFO - Setting next_dagrun for example_kubernetes_executor to None, run_after=None
[2024-04-14T13:07:11.510+0000] {processor.py:183} INFO - Processing /home/airflow/.local/lib/python3.12/site-packages/airflow/example_dags/example_kubernetes_executor.py took 0.139 seconds
[2024-04-14T13:07:42.146+0000] {processor.py:161} INFO - Started process (PID=2103) to work on /home/airflow/.local/lib/python3.12/site-packages/airflow/example_dags/example_kubernetes_executor.py
[2024-04-14T13:07:42.148+0000] {processor.py:830} INFO - Processing file /home/airflow/.local/lib/python3.12/site-packages/airflow/example_dags/example_kubernetes_executor.py for tasks to queue
[2024-04-14T13:07:42.151+0000] {logging_mixin.py:188} INFO - [2024-04-14T13:07:42.150+0000] {dagbag.py:540} INFO - Filling up the DagBag from /home/airflow/.local/lib/python3.12/site-packages/airflow/example_dags/example_kubernetes_executor.py
[2024-04-14T13:07:42.175+0000] {processor.py:840} INFO - DAG(s) 'example_kubernetes_executor' retrieved from /home/airflow/.local/lib/python3.12/site-packages/airflow/example_dags/example_kubernetes_executor.py
[2024-04-14T13:07:42.266+0000] {logging_mixin.py:188} INFO - [2024-04-14T13:07:42.265+0000] {dag.py:3096} INFO - Sync 1 DAGs
[2024-04-14T13:07:42.339+0000] {logging_mixin.py:188} INFO - [2024-04-14T13:07:42.338+0000] {dag.py:3954} INFO - Setting next_dagrun for example_kubernetes_executor to None, run_after=None
[2024-04-14T13:07:42.418+0000] {processor.py:183} INFO - Processing /home/airflow/.local/lib/python3.12/site-packages/airflow/example_dags/example_kubernetes_executor.py took 0.284 seconds
[2024-04-14T13:08:12.739+0000] {processor.py:161} INFO - Started process (PID=2165) to work on /home/airflow/.local/lib/python3.12/site-packages/airflow/example_dags/example_kubernetes_executor.py
[2024-04-14T13:08:12.741+0000] {processor.py:830} INFO - Processing file /home/airflow/.local/lib/python3.12/site-packages/airflow/example_dags/example_kubernetes_executor.py for tasks to queue
[2024-04-14T13:08:12.742+0000] {logging_mixin.py:188} INFO - [2024-04-14T13:08:12.742+0000] {dagbag.py:540} INFO - Filling up the DagBag from /home/airflow/.local/lib/python3.12/site-packages/airflow/example_dags/example_kubernetes_executor.py
[2024-04-14T13:08:12.761+0000] {processor.py:840} INFO - DAG(s) 'example_kubernetes_executor' retrieved from /home/airflow/.local/lib/python3.12/site-packages/airflow/example_dags/example_kubernetes_executor.py
[2024-04-14T13:08:12.845+0000] {logging_mixin.py:188} INFO - [2024-04-14T13:08:12.844+0000] {dag.py:3096} INFO - Sync 1 DAGs
[2024-04-14T13:08:12.884+0000] {logging_mixin.py:188} INFO - [2024-04-14T13:08:12.884+0000] {dag.py:3954} INFO - Setting next_dagrun for example_kubernetes_executor to None, run_after=None
[2024-04-14T13:08:12.938+0000] {processor.py:183} INFO - Processing /home/airflow/.local/lib/python3.12/site-packages/airflow/example_dags/example_kubernetes_executor.py took 0.208 seconds
[2024-04-14T13:08:43.975+0000] {processor.py:161} INFO - Started process (PID=2224) to work on /home/airflow/.local/lib/python3.12/site-packages/airflow/example_dags/example_kubernetes_executor.py
[2024-04-14T13:08:43.979+0000] {processor.py:830} INFO - Processing file /home/airflow/.local/lib/python3.12/site-packages/airflow/example_dags/example_kubernetes_executor.py for tasks to queue
[2024-04-14T13:08:43.981+0000] {logging_mixin.py:188} INFO - [2024-04-14T13:08:43.981+0000] {dagbag.py:540} INFO - Filling up the DagBag from /home/airflow/.local/lib/python3.12/site-packages/airflow/example_dags/example_kubernetes_executor.py
[2024-04-14T13:08:44.012+0000] {processor.py:840} INFO - DAG(s) 'example_kubernetes_executor' retrieved from /home/airflow/.local/lib/python3.12/site-packages/airflow/example_dags/example_kubernetes_executor.py
[2024-04-14T13:08:44.136+0000] {logging_mixin.py:188} INFO - [2024-04-14T13:08:44.136+0000] {dag.py:3096} INFO - Sync 1 DAGs
[2024-04-14T13:08:44.175+0000] {logging_mixin.py:188} INFO - [2024-04-14T13:08:44.174+0000] {dag.py:3954} INFO - Setting next_dagrun for example_kubernetes_executor to None, run_after=None
[2024-04-14T13:08:44.244+0000] {processor.py:183} INFO - Processing /home/airflow/.local/lib/python3.12/site-packages/airflow/example_dags/example_kubernetes_executor.py took 0.285 seconds
[2024-04-14T13:09:14.700+0000] {processor.py:161} INFO - Started process (PID=2283) to work on /home/airflow/.local/lib/python3.12/site-packages/airflow/example_dags/example_kubernetes_executor.py
[2024-04-14T13:09:14.703+0000] {processor.py:830} INFO - Processing file /home/airflow/.local/lib/python3.12/site-packages/airflow/example_dags/example_kubernetes_executor.py for tasks to queue
[2024-04-14T13:09:14.705+0000] {logging_mixin.py:188} INFO - [2024-04-14T13:09:14.704+0000] {dagbag.py:540} INFO - Filling up the DagBag from /home/airflow/.local/lib/python3.12/site-packages/airflow/example_dags/example_kubernetes_executor.py
[2024-04-14T13:09:14.746+0000] {processor.py:840} INFO - DAG(s) 'example_kubernetes_executor' retrieved from /home/airflow/.local/lib/python3.12/site-packages/airflow/example_dags/example_kubernetes_executor.py
[2024-04-14T13:09:14.858+0000] {logging_mixin.py:188} INFO - [2024-04-14T13:09:14.857+0000] {dag.py:3096} INFO - Sync 1 DAGs
[2024-04-14T13:09:14.887+0000] {logging_mixin.py:188} INFO - [2024-04-14T13:09:14.887+0000] {dag.py:3954} INFO - Setting next_dagrun for example_kubernetes_executor to None, run_after=None
[2024-04-14T13:09:14.932+0000] {processor.py:183} INFO - Processing /home/airflow/.local/lib/python3.12/site-packages/airflow/example_dags/example_kubernetes_executor.py took 0.246 seconds
[2024-04-14T13:09:45.399+0000] {processor.py:161} INFO - Started process (PID=2342) to work on /home/airflow/.local/lib/python3.12/site-packages/airflow/example_dags/example_kubernetes_executor.py
[2024-04-14T13:09:45.401+0000] {processor.py:830} INFO - Processing file /home/airflow/.local/lib/python3.12/site-packages/airflow/example_dags/example_kubernetes_executor.py for tasks to queue
[2024-04-14T13:09:45.402+0000] {logging_mixin.py:188} INFO - [2024-04-14T13:09:45.402+0000] {dagbag.py:540} INFO - Filling up the DagBag from /home/airflow/.local/lib/python3.12/site-packages/airflow/example_dags/example_kubernetes_executor.py
[2024-04-14T13:09:45.426+0000] {processor.py:840} INFO - DAG(s) 'example_kubernetes_executor' retrieved from /home/airflow/.local/lib/python3.12/site-packages/airflow/example_dags/example_kubernetes_executor.py
[2024-04-14T13:09:45.497+0000] {logging_mixin.py:188} INFO - [2024-04-14T13:09:45.496+0000] {dag.py:3096} INFO - Sync 1 DAGs
[2024-04-14T13:09:45.519+0000] {logging_mixin.py:188} INFO - [2024-04-14T13:09:45.519+0000] {dag.py:3954} INFO - Setting next_dagrun for example_kubernetes_executor to None, run_after=None
[2024-04-14T13:09:45.559+0000] {processor.py:183} INFO - Processing /home/airflow/.local/lib/python3.12/site-packages/airflow/example_dags/example_kubernetes_executor.py took 0.169 seconds
[2024-04-14T13:10:16.677+0000] {processor.py:161} INFO - Started process (PID=2401) to work on /home/airflow/.local/lib/python3.12/site-packages/airflow/example_dags/example_kubernetes_executor.py
[2024-04-14T13:10:16.682+0000] {processor.py:830} INFO - Processing file /home/airflow/.local/lib/python3.12/site-packages/airflow/example_dags/example_kubernetes_executor.py for tasks to queue
[2024-04-14T13:10:16.684+0000] {logging_mixin.py:188} INFO - [2024-04-14T13:10:16.683+0000] {dagbag.py:540} INFO - Filling up the DagBag from /home/airflow/.local/lib/python3.12/site-packages/airflow/example_dags/example_kubernetes_executor.py
[2024-04-14T13:10:16.746+0000] {processor.py:840} INFO - DAG(s) 'example_kubernetes_executor' retrieved from /home/airflow/.local/lib/python3.12/site-packages/airflow/example_dags/example_kubernetes_executor.py
[2024-04-14T13:10:16.861+0000] {logging_mixin.py:188} INFO - [2024-04-14T13:10:16.858+0000] {dag.py:3096} INFO - Sync 1 DAGs
[2024-04-14T13:10:16.902+0000] {logging_mixin.py:188} INFO - [2024-04-14T13:10:16.899+0000] {dag.py:3954} INFO - Setting next_dagrun for example_kubernetes_executor to None, run_after=None
[2024-04-14T13:10:16.997+0000] {processor.py:183} INFO - Processing /home/airflow/.local/lib/python3.12/site-packages/airflow/example_dags/example_kubernetes_executor.py took 0.346 seconds
[2024-04-14T13:10:47.145+0000] {processor.py:161} INFO - Started process (PID=2460) to work on /home/airflow/.local/lib/python3.12/site-packages/airflow/example_dags/example_kubernetes_executor.py
[2024-04-14T13:10:47.146+0000] {processor.py:830} INFO - Processing file /home/airflow/.local/lib/python3.12/site-packages/airflow/example_dags/example_kubernetes_executor.py for tasks to queue
[2024-04-14T13:10:47.148+0000] {logging_mixin.py:188} INFO - [2024-04-14T13:10:47.147+0000] {dagbag.py:540} INFO - Filling up the DagBag from /home/airflow/.local/lib/python3.12/site-packages/airflow/example_dags/example_kubernetes_executor.py
[2024-04-14T13:10:47.165+0000] {processor.py:840} INFO - DAG(s) 'example_kubernetes_executor' retrieved from /home/airflow/.local/lib/python3.12/site-packages/airflow/example_dags/example_kubernetes_executor.py
[2024-04-14T13:10:47.228+0000] {logging_mixin.py:188} INFO - [2024-04-14T13:10:47.227+0000] {dag.py:3096} INFO - Sync 1 DAGs
[2024-04-14T13:10:47.248+0000] {logging_mixin.py:188} INFO - [2024-04-14T13:10:47.247+0000] {dag.py:3954} INFO - Setting next_dagrun for example_kubernetes_executor to None, run_after=None
[2024-04-14T13:10:47.283+0000] {processor.py:183} INFO - Processing /home/airflow/.local/lib/python3.12/site-packages/airflow/example_dags/example_kubernetes_executor.py took 0.146 seconds
[2024-04-14T13:11:18.441+0000] {processor.py:161} INFO - Started process (PID=2520) to work on /home/airflow/.local/lib/python3.12/site-packages/airflow/example_dags/example_kubernetes_executor.py
[2024-04-14T13:11:18.443+0000] {processor.py:830} INFO - Processing file /home/airflow/.local/lib/python3.12/site-packages/airflow/example_dags/example_kubernetes_executor.py for tasks to queue
[2024-04-14T13:11:18.445+0000] {logging_mixin.py:188} INFO - [2024-04-14T13:11:18.444+0000] {dagbag.py:540} INFO - Filling up the DagBag from /home/airflow/.local/lib/python3.12/site-packages/airflow/example_dags/example_kubernetes_executor.py
[2024-04-14T13:11:18.502+0000] {processor.py:840} INFO - DAG(s) 'example_kubernetes_executor' retrieved from /home/airflow/.local/lib/python3.12/site-packages/airflow/example_dags/example_kubernetes_executor.py
[2024-04-14T13:11:18.725+0000] {logging_mixin.py:188} INFO - [2024-04-14T13:11:18.725+0000] {dag.py:3096} INFO - Sync 1 DAGs
[2024-04-14T13:11:18.792+0000] {logging_mixin.py:188} INFO - [2024-04-14T13:11:18.791+0000] {dag.py:3954} INFO - Setting next_dagrun for example_kubernetes_executor to None, run_after=None
[2024-04-14T13:11:18.888+0000] {processor.py:183} INFO - Processing /home/airflow/.local/lib/python3.12/site-packages/airflow/example_dags/example_kubernetes_executor.py took 0.471 seconds
[2024-04-14T13:11:49.522+0000] {processor.py:161} INFO - Started process (PID=2578) to work on /home/airflow/.local/lib/python3.12/site-packages/airflow/example_dags/example_kubernetes_executor.py
[2024-04-14T13:11:49.525+0000] {processor.py:830} INFO - Processing file /home/airflow/.local/lib/python3.12/site-packages/airflow/example_dags/example_kubernetes_executor.py for tasks to queue
[2024-04-14T13:11:49.529+0000] {logging_mixin.py:188} INFO - [2024-04-14T13:11:49.529+0000] {dagbag.py:540} INFO - Filling up the DagBag from /home/airflow/.local/lib/python3.12/site-packages/airflow/example_dags/example_kubernetes_executor.py
[2024-04-14T13:11:49.556+0000] {processor.py:840} INFO - DAG(s) 'example_kubernetes_executor' retrieved from /home/airflow/.local/lib/python3.12/site-packages/airflow/example_dags/example_kubernetes_executor.py
[2024-04-14T13:11:49.637+0000] {logging_mixin.py:188} INFO - [2024-04-14T13:11:49.636+0000] {dag.py:3096} INFO - Sync 1 DAGs
[2024-04-14T13:11:49.670+0000] {logging_mixin.py:188} INFO - [2024-04-14T13:11:49.669+0000] {dag.py:3954} INFO - Setting next_dagrun for example_kubernetes_executor to None, run_after=None
[2024-04-14T13:11:49.727+0000] {processor.py:183} INFO - Processing /home/airflow/.local/lib/python3.12/site-packages/airflow/example_dags/example_kubernetes_executor.py took 0.213 seconds
[2024-04-14T13:12:19.939+0000] {processor.py:161} INFO - Started process (PID=2637) to work on /home/airflow/.local/lib/python3.12/site-packages/airflow/example_dags/example_kubernetes_executor.py
[2024-04-14T13:12:19.940+0000] {processor.py:830} INFO - Processing file /home/airflow/.local/lib/python3.12/site-packages/airflow/example_dags/example_kubernetes_executor.py for tasks to queue
[2024-04-14T13:12:19.942+0000] {logging_mixin.py:188} INFO - [2024-04-14T13:12:19.942+0000] {dagbag.py:540} INFO - Filling up the DagBag from /home/airflow/.local/lib/python3.12/site-packages/airflow/example_dags/example_kubernetes_executor.py
[2024-04-14T13:12:19.969+0000] {processor.py:840} INFO - DAG(s) 'example_kubernetes_executor' retrieved from /home/airflow/.local/lib/python3.12/site-packages/airflow/example_dags/example_kubernetes_executor.py
[2024-04-14T13:12:20.044+0000] {logging_mixin.py:188} INFO - [2024-04-14T13:12:20.043+0000] {dag.py:3096} INFO - Sync 1 DAGs
[2024-04-14T13:12:20.072+0000] {logging_mixin.py:188} INFO - [2024-04-14T13:12:20.072+0000] {dag.py:3954} INFO - Setting next_dagrun for example_kubernetes_executor to None, run_after=None
[2024-04-14T13:12:20.122+0000] {processor.py:183} INFO - Processing /home/airflow/.local/lib/python3.12/site-packages/airflow/example_dags/example_kubernetes_executor.py took 0.195 seconds
[2024-04-14T13:12:50.442+0000] {processor.py:161} INFO - Started process (PID=2697) to work on /home/airflow/.local/lib/python3.12/site-packages/airflow/example_dags/example_kubernetes_executor.py
[2024-04-14T13:12:50.444+0000] {processor.py:830} INFO - Processing file /home/airflow/.local/lib/python3.12/site-packages/airflow/example_dags/example_kubernetes_executor.py for tasks to queue
[2024-04-14T13:12:50.446+0000] {logging_mixin.py:188} INFO - [2024-04-14T13:12:50.445+0000] {dagbag.py:540} INFO - Filling up the DagBag from /home/airflow/.local/lib/python3.12/site-packages/airflow/example_dags/example_kubernetes_executor.py
[2024-04-14T13:12:50.467+0000] {processor.py:840} INFO - DAG(s) 'example_kubernetes_executor' retrieved from /home/airflow/.local/lib/python3.12/site-packages/airflow/example_dags/example_kubernetes_executor.py
[2024-04-14T13:12:50.528+0000] {logging_mixin.py:188} INFO - [2024-04-14T13:12:50.528+0000] {dag.py:3096} INFO - Sync 1 DAGs
[2024-04-14T13:12:50.593+0000] {logging_mixin.py:188} INFO - [2024-04-14T13:12:50.592+0000] {dag.py:3954} INFO - Setting next_dagrun for example_kubernetes_executor to None, run_after=None
[2024-04-14T13:12:50.715+0000] {processor.py:183} INFO - Processing /home/airflow/.local/lib/python3.12/site-packages/airflow/example_dags/example_kubernetes_executor.py took 0.284 seconds
[2024-04-14T13:13:21.205+0000] {processor.py:161} INFO - Started process (PID=2761) to work on /home/airflow/.local/lib/python3.12/site-packages/airflow/example_dags/example_kubernetes_executor.py
[2024-04-14T13:13:21.206+0000] {processor.py:830} INFO - Processing file /home/airflow/.local/lib/python3.12/site-packages/airflow/example_dags/example_kubernetes_executor.py for tasks to queue
[2024-04-14T13:13:21.208+0000] {logging_mixin.py:188} INFO - [2024-04-14T13:13:21.208+0000] {dagbag.py:540} INFO - Filling up the DagBag from /home/airflow/.local/lib/python3.12/site-packages/airflow/example_dags/example_kubernetes_executor.py
[2024-04-14T13:13:21.244+0000] {processor.py:840} INFO - DAG(s) 'example_kubernetes_executor' retrieved from /home/airflow/.local/lib/python3.12/site-packages/airflow/example_dags/example_kubernetes_executor.py
[2024-04-14T13:13:21.571+0000] {logging_mixin.py:188} INFO - [2024-04-14T13:13:21.570+0000] {dag.py:3096} INFO - Sync 1 DAGs
[2024-04-14T13:13:21.645+0000] {logging_mixin.py:188} INFO - [2024-04-14T13:13:21.644+0000] {dag.py:3954} INFO - Setting next_dagrun for example_kubernetes_executor to None, run_after=None
[2024-04-14T13:13:21.690+0000] {processor.py:183} INFO - Processing /home/airflow/.local/lib/python3.12/site-packages/airflow/example_dags/example_kubernetes_executor.py took 0.493 seconds
