[2024-04-09T09:06:24.671+0000] {local_task_job_runner.py:120} INFO - ::group::Pre task execution logs
[2024-04-09T09:06:24.820+0000] {taskinstance.py:2073} INFO - Dependencies all met for dep_context=non-requeueable deps ti=<TaskInstance: dag_1.mkdir_about_us manual__2024-04-09T09:05:54.988182+00:00 [queued]>
[2024-04-09T09:06:24.856+0000] {taskinstance.py:2073} INFO - Dependencies all met for dep_context=requeueable deps ti=<TaskInstance: dag_1.mkdir_about_us manual__2024-04-09T09:05:54.988182+00:00 [queued]>
[2024-04-09T09:06:24.857+0000] {taskinstance.py:2303} INFO - Starting attempt 1 of 2
[2024-04-09T09:06:24.895+0000] {taskinstance.py:2327} INFO - Executing <Task(BashOperator): mkdir_about_us> on 2024-04-09 09:05:54.988182+00:00
[2024-04-09T09:06:24.911+0000] {warnings.py:110} WARNING - /home/***/.local/lib/python3.12/site-packages/***/task/task_runner/standard_task_runner.py:61: DeprecationWarning: This process (pid=951) is multi-threaded, use of fork() may lead to deadlocks in the child.
  pid = os.fork()

[2024-04-09T09:06:24.914+0000] {standard_task_runner.py:63} INFO - Started process 957 to run task
[2024-04-09T09:06:24.911+0000] {standard_task_runner.py:90} INFO - Running: ['***', 'tasks', 'run', 'dag_1', 'mkdir_about_us', 'manual__2024-04-09T09:05:54.988182+00:00', '--job-id', '10', '--raw', '--subdir', 'DAGS_FOLDER/dag-1.py', '--cfg-path', '/tmp/tmpgtxqh9kl']
[2024-04-09T09:06:24.916+0000] {standard_task_runner.py:91} INFO - Job 10: Subtask mkdir_about_us
[2024-04-09T09:06:25.017+0000] {task_command.py:426} INFO - Running <TaskInstance: dag_1.mkdir_about_us manual__2024-04-09T09:05:54.988182+00:00 [running]> on host b6bc23c6abe9
[2024-04-09T09:06:25.169+0000] {taskinstance.py:2644} INFO - Exporting env vars: AIRFLOW_CTX_DAG_OWNER='***' AIRFLOW_CTX_DAG_ID='dag_1' AIRFLOW_CTX_TASK_ID='mkdir_about_us' AIRFLOW_CTX_EXECUTION_DATE='2024-04-09T09:05:54.988182+00:00' AIRFLOW_CTX_TRY_NUMBER='1' AIRFLOW_CTX_DAG_RUN_ID='manual__2024-04-09T09:05:54.988182+00:00'
[2024-04-09T09:06:25.173+0000] {taskinstance.py:430} INFO - ::endgroup::
[2024-04-09T09:06:25.180+0000] {subprocess.py:63} INFO - Tmp dir root location: /tmp
[2024-04-09T09:06:25.194+0000] {subprocess.py:75} INFO - Running command: ['/usr/bin/bash', '-c', 'mkdir about_us']
[2024-04-09T09:06:25.224+0000] {subprocess.py:86} INFO - Output:
[2024-04-09T09:06:25.233+0000] {subprocess.py:97} INFO - Command exited with return code 0
[2024-04-09T09:06:25.236+0000] {taskinstance.py:441} INFO - ::group::Post task execution logs
[2024-04-09T09:06:25.296+0000] {taskinstance.py:1205} INFO - Marking task as SUCCESS. dag_id=dag_1, task_id=mkdir_about_us, execution_date=20240409T090554, start_date=20240409T090624, end_date=20240409T090625
[2024-04-09T09:06:25.339+0000] {local_task_job_runner.py:240} INFO - Task exited with return code 0
[2024-04-09T09:06:25.385+0000] {taskinstance.py:3482} INFO - 1 downstream tasks scheduled from follow-on schedule check
[2024-04-09T09:06:25.388+0000] {local_task_job_runner.py:222} INFO - ::endgroup::
