[2024-04-09T12:31:05.538+0000] {local_task_job_runner.py:120} INFO - ::group::Pre task execution logs
[2024-04-09T12:31:05.563+0000] {taskinstance.py:2073} INFO - Dependencies all met for dep_context=non-requeueable deps ti=<TaskInstance: fakestore_api_dag.write_to_csv manual__2024-04-09T12:30:52.435006+00:00 [queued]>
[2024-04-09T12:31:05.578+0000] {taskinstance.py:2073} INFO - Dependencies all met for dep_context=requeueable deps ti=<TaskInstance: fakestore_api_dag.write_to_csv manual__2024-04-09T12:30:52.435006+00:00 [queued]>
[2024-04-09T12:31:05.579+0000] {taskinstance.py:2303} INFO - Starting attempt 1 of 4
[2024-04-09T12:31:05.599+0000] {taskinstance.py:2327} INFO - Executing <Task(PythonOperator): write_to_csv> on 2024-04-09 12:30:52.435006+00:00
[2024-04-09T12:31:05.610+0000] {warnings.py:110} WARNING - /home/***/.local/lib/python3.12/site-packages/***/task/task_runner/standard_task_runner.py:61: DeprecationWarning: This process (pid=630) is multi-threaded, use of fork() may lead to deadlocks in the child.
  pid = os.fork()

[2024-04-09T12:31:05.612+0000] {standard_task_runner.py:63} INFO - Started process 632 to run task
[2024-04-09T12:31:05.612+0000] {standard_task_runner.py:90} INFO - Running: ['***', 'tasks', 'run', 'fakestore_api_dag', 'write_to_csv', 'manual__2024-04-09T12:30:52.435006+00:00', '--job-id', '16', '--raw', '--subdir', 'DAGS_FOLDER/get_write_data_from_api.py', '--cfg-path', '/tmp/tmphu9tngkx']
[2024-04-09T12:31:05.615+0000] {standard_task_runner.py:91} INFO - Job 16: Subtask write_to_csv
[2024-04-09T12:31:05.676+0000] {task_command.py:426} INFO - Running <TaskInstance: fakestore_api_dag.write_to_csv manual__2024-04-09T12:30:52.435006+00:00 [running]> on host a05b73ef9a4b
[2024-04-09T12:31:05.810+0000] {taskinstance.py:2644} INFO - Exporting env vars: AIRFLOW_CTX_DAG_OWNER='***' AIRFLOW_CTX_DAG_ID='fakestore_api_dag' AIRFLOW_CTX_TASK_ID='write_to_csv' AIRFLOW_CTX_EXECUTION_DATE='2024-04-09T12:30:52.435006+00:00' AIRFLOW_CTX_TRY_NUMBER='1' AIRFLOW_CTX_DAG_RUN_ID='manual__2024-04-09T12:30:52.435006+00:00'
[2024-04-09T12:31:05.813+0000] {taskinstance.py:430} INFO - ::endgroup::
[2024-04-09T12:31:05.840+0000] {taskinstance.py:441} INFO - ::group::Post task execution logs
[2024-04-09T12:31:05.841+0000] {taskinstance.py:2890} ERROR - Task failed with exception
Traceback (most recent call last):
  File "/home/airflow/.local/lib/python3.12/site-packages/airflow/models/taskinstance.py", line 465, in _execute_task
    result = _execute_callable(context=context, **execute_callable_kwargs)
             ^^^^^^^^^^^^^^^^^^^^^^^^^^^^^^^^^^^^^^^^^^^^^^^^^^^^^^^^^^^^^
  File "/home/airflow/.local/lib/python3.12/site-packages/airflow/models/taskinstance.py", line 432, in _execute_callable
    return execute_callable(context=context, **execute_callable_kwargs)
           ^^^^^^^^^^^^^^^^^^^^^^^^^^^^^^^^^^^^^^^^^^^^^^^^^^^^^^^^^^^^
  File "/home/airflow/.local/lib/python3.12/site-packages/airflow/models/baseoperator.py", line 400, in wrapper
    return func(self, *args, **kwargs)
           ^^^^^^^^^^^^^^^^^^^^^^^^^^^
  File "/home/airflow/.local/lib/python3.12/site-packages/airflow/operators/python.py", line 235, in execute
    return_value = self.execute_callable()
                   ^^^^^^^^^^^^^^^^^^^^^^^
  File "/home/airflow/.local/lib/python3.12/site-packages/airflow/operators/python.py", line 252, in execute_callable
    return self.python_callable(*self.op_args, **self.op_kwargs)
           ^^^^^^^^^^^^^^^^^^^^^^^^^^^^^^^^^^^^^^^^^^^^^^^^^^^^^
  File "/opt/airflow/dags/get_write_data_from_api.py", line 39, in write_to_csv
    with open("/path/to/output/data.csv", "w", newline="") as csv_file:
         ^^^^^^^^^^^^^^^^^^^^^^^^^^^^^^^^^^^^^^^^^^^^^^^^^
FileNotFoundError: [Errno 2] No such file or directory: '/path/to/output/data.csv'
[2024-04-09T12:31:05.872+0000] {taskinstance.py:1205} INFO - Marking task as UP_FOR_RETRY. dag_id=fakestore_api_dag, task_id=write_to_csv, execution_date=20240409T123052, start_date=20240409T123105, end_date=20240409T123105
[2024-04-09T12:31:05.898+0000] {standard_task_runner.py:110} ERROR - Failed to execute job 16 for task write_to_csv ([Errno 2] No such file or directory: '/path/to/output/data.csv'; 632)
[2024-04-09T12:31:05.948+0000] {local_task_job_runner.py:240} INFO - Task exited with return code 1
[2024-04-09T12:31:06.002+0000] {taskinstance.py:3482} INFO - 0 downstream tasks scheduled from follow-on schedule check
[2024-04-09T12:31:06.006+0000] {local_task_job_runner.py:222} INFO - ::endgroup::
