[2024-04-17T22:43:01.040+0700] {processor.py:161} INFO - Started process (PID=4668) to work on /home/newrey/airflow/airflow-env/lib/python3.10/site-packages/airflow/example_dags/plugins/event_listener.py
[2024-04-17T22:43:01.041+0700] {processor.py:830} INFO - Processing file /home/newrey/airflow/airflow-env/lib/python3.10/site-packages/airflow/example_dags/plugins/event_listener.py for tasks to queue
[2024-04-17T22:43:01.045+0700] {logging_mixin.py:188} INFO - [2024-04-17T22:43:01.044+0700] {dagbag.py:540} INFO - Filling up the DagBag from /home/newrey/airflow/airflow-env/lib/python3.10/site-packages/airflow/example_dags/plugins/event_listener.py
[2024-04-17T22:43:01.048+0700] {processor.py:842} WARNING - No viable dags retrieved from /home/newrey/airflow/airflow-env/lib/python3.10/site-packages/airflow/example_dags/plugins/event_listener.py
[2024-04-17T22:43:01.064+0700] {processor.py:183} INFO - Processing /home/newrey/airflow/airflow-env/lib/python3.10/site-packages/airflow/example_dags/plugins/event_listener.py took 0.032 seconds
[2024-04-17T22:44:08.853+0700] {processor.py:161} INFO - Started process (PID=4920) to work on /home/newrey/airflow/airflow-env/lib/python3.10/site-packages/airflow/example_dags/plugins/event_listener.py
[2024-04-17T22:44:08.854+0700] {processor.py:830} INFO - Processing file /home/newrey/airflow/airflow-env/lib/python3.10/site-packages/airflow/example_dags/plugins/event_listener.py for tasks to queue
[2024-04-17T22:44:08.856+0700] {logging_mixin.py:188} INFO - [2024-04-17T22:44:08.856+0700] {dagbag.py:540} INFO - Filling up the DagBag from /home/newrey/airflow/airflow-env/lib/python3.10/site-packages/airflow/example_dags/plugins/event_listener.py
[2024-04-17T22:44:08.858+0700] {processor.py:842} WARNING - No viable dags retrieved from /home/newrey/airflow/airflow-env/lib/python3.10/site-packages/airflow/example_dags/plugins/event_listener.py
[2024-04-17T22:44:08.873+0700] {processor.py:183} INFO - Processing /home/newrey/airflow/airflow-env/lib/python3.10/site-packages/airflow/example_dags/plugins/event_listener.py took 0.031 seconds
[2024-04-17T22:45:06.802+0700] {processor.py:161} INFO - Started process (PID=5040) to work on /home/newrey/airflow/airflow-env/lib/python3.10/site-packages/airflow/example_dags/plugins/event_listener.py
[2024-04-17T22:45:06.805+0700] {processor.py:830} INFO - Processing file /home/newrey/airflow/airflow-env/lib/python3.10/site-packages/airflow/example_dags/plugins/event_listener.py for tasks to queue
[2024-04-17T22:45:06.908+0700] {logging_mixin.py:188} INFO - [2024-04-17T22:45:06.908+0700] {dagbag.py:540} INFO - Filling up the DagBag from /home/newrey/airflow/airflow-env/lib/python3.10/site-packages/airflow/example_dags/plugins/event_listener.py
[2024-04-17T22:45:06.910+0700] {processor.py:842} WARNING - No viable dags retrieved from /home/newrey/airflow/airflow-env/lib/python3.10/site-packages/airflow/example_dags/plugins/event_listener.py
[2024-04-17T22:45:06.917+0700] {processor.py:183} INFO - Processing /home/newrey/airflow/airflow-env/lib/python3.10/site-packages/airflow/example_dags/plugins/event_listener.py took 0.124 seconds
[2024-04-17T22:45:59.196+0700] {processor.py:161} INFO - Started process (PID=5170) to work on /home/newrey/airflow/airflow-env/lib/python3.10/site-packages/airflow/example_dags/plugins/event_listener.py
[2024-04-17T22:45:59.198+0700] {processor.py:830} INFO - Processing file /home/newrey/airflow/airflow-env/lib/python3.10/site-packages/airflow/example_dags/plugins/event_listener.py for tasks to queue
[2024-04-17T22:45:59.200+0700] {logging_mixin.py:188} INFO - [2024-04-17T22:45:59.199+0700] {dagbag.py:540} INFO - Filling up the DagBag from /home/newrey/airflow/airflow-env/lib/python3.10/site-packages/airflow/example_dags/plugins/event_listener.py
[2024-04-17T22:45:59.202+0700] {processor.py:842} WARNING - No viable dags retrieved from /home/newrey/airflow/airflow-env/lib/python3.10/site-packages/airflow/example_dags/plugins/event_listener.py
[2024-04-17T22:45:59.214+0700] {processor.py:183} INFO - Processing /home/newrey/airflow/airflow-env/lib/python3.10/site-packages/airflow/example_dags/plugins/event_listener.py took 0.028 seconds
[2024-04-17T22:46:51.458+0700] {processor.py:161} INFO - Started process (PID=5288) to work on /home/newrey/airflow/airflow-env/lib/python3.10/site-packages/airflow/example_dags/plugins/event_listener.py
[2024-04-17T22:46:51.494+0700] {processor.py:830} INFO - Processing file /home/newrey/airflow/airflow-env/lib/python3.10/site-packages/airflow/example_dags/plugins/event_listener.py for tasks to queue
[2024-04-17T22:46:51.496+0700] {logging_mixin.py:188} INFO - [2024-04-17T22:46:51.495+0700] {dagbag.py:540} INFO - Filling up the DagBag from /home/newrey/airflow/airflow-env/lib/python3.10/site-packages/airflow/example_dags/plugins/event_listener.py
[2024-04-17T22:46:51.499+0700] {processor.py:842} WARNING - No viable dags retrieved from /home/newrey/airflow/airflow-env/lib/python3.10/site-packages/airflow/example_dags/plugins/event_listener.py
[2024-04-17T22:46:51.531+0700] {processor.py:183} INFO - Processing /home/newrey/airflow/airflow-env/lib/python3.10/site-packages/airflow/example_dags/plugins/event_listener.py took 0.094 seconds
[2024-04-17T22:47:41.554+0700] {processor.py:161} INFO - Started process (PID=5686) to work on /home/newrey/airflow/airflow-env/lib/python3.10/site-packages/airflow/example_dags/plugins/event_listener.py
[2024-04-17T22:47:41.556+0700] {processor.py:830} INFO - Processing file /home/newrey/airflow/airflow-env/lib/python3.10/site-packages/airflow/example_dags/plugins/event_listener.py for tasks to queue
[2024-04-17T22:47:41.559+0700] {logging_mixin.py:188} INFO - [2024-04-17T22:47:41.558+0700] {dagbag.py:540} INFO - Filling up the DagBag from /home/newrey/airflow/airflow-env/lib/python3.10/site-packages/airflow/example_dags/plugins/event_listener.py
[2024-04-17T22:47:41.562+0700] {processor.py:842} WARNING - No viable dags retrieved from /home/newrey/airflow/airflow-env/lib/python3.10/site-packages/airflow/example_dags/plugins/event_listener.py
[2024-04-17T22:47:41.573+0700] {processor.py:183} INFO - Processing /home/newrey/airflow/airflow-env/lib/python3.10/site-packages/airflow/example_dags/plugins/event_listener.py took 0.028 seconds
[2024-04-17T22:48:54.588+0700] {processor.py:161} INFO - Started process (PID=6188) to work on /home/newrey/airflow/airflow-env/lib/python3.10/site-packages/airflow/example_dags/plugins/event_listener.py
[2024-04-17T22:48:54.589+0700] {processor.py:830} INFO - Processing file /home/newrey/airflow/airflow-env/lib/python3.10/site-packages/airflow/example_dags/plugins/event_listener.py for tasks to queue
[2024-04-17T22:48:54.591+0700] {logging_mixin.py:188} INFO - [2024-04-17T22:48:54.590+0700] {dagbag.py:540} INFO - Filling up the DagBag from /home/newrey/airflow/airflow-env/lib/python3.10/site-packages/airflow/example_dags/plugins/event_listener.py
[2024-04-17T22:48:54.592+0700] {processor.py:842} WARNING - No viable dags retrieved from /home/newrey/airflow/airflow-env/lib/python3.10/site-packages/airflow/example_dags/plugins/event_listener.py
[2024-04-17T22:48:54.602+0700] {processor.py:183} INFO - Processing /home/newrey/airflow/airflow-env/lib/python3.10/site-packages/airflow/example_dags/plugins/event_listener.py took 0.023 seconds
[2024-04-17T22:49:44.915+0700] {processor.py:161} INFO - Started process (PID=6495) to work on /home/newrey/airflow/airflow-env/lib/python3.10/site-packages/airflow/example_dags/plugins/event_listener.py
[2024-04-17T22:49:44.919+0700] {processor.py:830} INFO - Processing file /home/newrey/airflow/airflow-env/lib/python3.10/site-packages/airflow/example_dags/plugins/event_listener.py for tasks to queue
[2024-04-17T22:49:44.920+0700] {logging_mixin.py:188} INFO - [2024-04-17T22:49:44.920+0700] {dagbag.py:540} INFO - Filling up the DagBag from /home/newrey/airflow/airflow-env/lib/python3.10/site-packages/airflow/example_dags/plugins/event_listener.py
[2024-04-17T22:49:44.922+0700] {processor.py:842} WARNING - No viable dags retrieved from /home/newrey/airflow/airflow-env/lib/python3.10/site-packages/airflow/example_dags/plugins/event_listener.py
[2024-04-17T22:49:44.932+0700] {processor.py:183} INFO - Processing /home/newrey/airflow/airflow-env/lib/python3.10/site-packages/airflow/example_dags/plugins/event_listener.py took 0.025 seconds
[2024-04-17T22:50:56.605+0700] {processor.py:161} INFO - Started process (PID=6717) to work on /home/newrey/airflow/airflow-env/lib/python3.10/site-packages/airflow/example_dags/plugins/event_listener.py
[2024-04-17T22:50:56.607+0700] {processor.py:830} INFO - Processing file /home/newrey/airflow/airflow-env/lib/python3.10/site-packages/airflow/example_dags/plugins/event_listener.py for tasks to queue
[2024-04-17T22:50:56.609+0700] {logging_mixin.py:188} INFO - [2024-04-17T22:50:56.609+0700] {dagbag.py:540} INFO - Filling up the DagBag from /home/newrey/airflow/airflow-env/lib/python3.10/site-packages/airflow/example_dags/plugins/event_listener.py
[2024-04-17T22:50:56.612+0700] {processor.py:842} WARNING - No viable dags retrieved from /home/newrey/airflow/airflow-env/lib/python3.10/site-packages/airflow/example_dags/plugins/event_listener.py
[2024-04-17T22:50:56.626+0700] {processor.py:183} INFO - Processing /home/newrey/airflow/airflow-env/lib/python3.10/site-packages/airflow/example_dags/plugins/event_listener.py took 0.033 seconds
[2024-04-17T22:52:07.189+0700] {processor.py:161} INFO - Started process (PID=7663) to work on /home/newrey/airflow/airflow-env/lib/python3.10/site-packages/airflow/example_dags/plugins/event_listener.py
[2024-04-17T22:52:07.191+0700] {processor.py:830} INFO - Processing file /home/newrey/airflow/airflow-env/lib/python3.10/site-packages/airflow/example_dags/plugins/event_listener.py for tasks to queue
[2024-04-17T22:52:07.194+0700] {logging_mixin.py:188} INFO - [2024-04-17T22:52:07.194+0700] {dagbag.py:540} INFO - Filling up the DagBag from /home/newrey/airflow/airflow-env/lib/python3.10/site-packages/airflow/example_dags/plugins/event_listener.py
[2024-04-17T22:52:07.196+0700] {processor.py:842} WARNING - No viable dags retrieved from /home/newrey/airflow/airflow-env/lib/python3.10/site-packages/airflow/example_dags/plugins/event_listener.py
[2024-04-17T22:52:07.205+0700] {processor.py:183} INFO - Processing /home/newrey/airflow/airflow-env/lib/python3.10/site-packages/airflow/example_dags/plugins/event_listener.py took 0.023 seconds
[2024-04-17T22:53:02.638+0700] {processor.py:161} INFO - Started process (PID=8422) to work on /home/newrey/airflow/airflow-env/lib/python3.10/site-packages/airflow/example_dags/plugins/event_listener.py
[2024-04-17T22:53:02.640+0700] {processor.py:830} INFO - Processing file /home/newrey/airflow/airflow-env/lib/python3.10/site-packages/airflow/example_dags/plugins/event_listener.py for tasks to queue
[2024-04-17T22:53:02.642+0700] {logging_mixin.py:188} INFO - [2024-04-17T22:53:02.642+0700] {dagbag.py:540} INFO - Filling up the DagBag from /home/newrey/airflow/airflow-env/lib/python3.10/site-packages/airflow/example_dags/plugins/event_listener.py
[2024-04-17T22:53:02.646+0700] {processor.py:842} WARNING - No viable dags retrieved from /home/newrey/airflow/airflow-env/lib/python3.10/site-packages/airflow/example_dags/plugins/event_listener.py
[2024-04-17T22:53:02.656+0700] {processor.py:183} INFO - Processing /home/newrey/airflow/airflow-env/lib/python3.10/site-packages/airflow/example_dags/plugins/event_listener.py took 0.027 seconds
[2024-04-17T22:54:00.634+0700] {processor.py:161} INFO - Started process (PID=9120) to work on /home/newrey/airflow/airflow-env/lib/python3.10/site-packages/airflow/example_dags/plugins/event_listener.py
[2024-04-17T22:54:00.635+0700] {processor.py:830} INFO - Processing file /home/newrey/airflow/airflow-env/lib/python3.10/site-packages/airflow/example_dags/plugins/event_listener.py for tasks to queue
[2024-04-17T22:54:00.636+0700] {logging_mixin.py:188} INFO - [2024-04-17T22:54:00.636+0700] {dagbag.py:540} INFO - Filling up the DagBag from /home/newrey/airflow/airflow-env/lib/python3.10/site-packages/airflow/example_dags/plugins/event_listener.py
[2024-04-17T22:54:00.638+0700] {processor.py:842} WARNING - No viable dags retrieved from /home/newrey/airflow/airflow-env/lib/python3.10/site-packages/airflow/example_dags/plugins/event_listener.py
[2024-04-17T22:54:00.646+0700] {processor.py:183} INFO - Processing /home/newrey/airflow/airflow-env/lib/python3.10/site-packages/airflow/example_dags/plugins/event_listener.py took 0.022 seconds
[2024-04-17T22:54:53.654+0700] {processor.py:161} INFO - Started process (PID=9252) to work on /home/newrey/airflow/airflow-env/lib/python3.10/site-packages/airflow/example_dags/plugins/event_listener.py
[2024-04-17T22:54:53.655+0700] {processor.py:830} INFO - Processing file /home/newrey/airflow/airflow-env/lib/python3.10/site-packages/airflow/example_dags/plugins/event_listener.py for tasks to queue
[2024-04-17T22:54:53.657+0700] {logging_mixin.py:188} INFO - [2024-04-17T22:54:53.656+0700] {dagbag.py:540} INFO - Filling up the DagBag from /home/newrey/airflow/airflow-env/lib/python3.10/site-packages/airflow/example_dags/plugins/event_listener.py
[2024-04-17T22:54:53.659+0700] {processor.py:842} WARNING - No viable dags retrieved from /home/newrey/airflow/airflow-env/lib/python3.10/site-packages/airflow/example_dags/plugins/event_listener.py
[2024-04-17T22:54:53.668+0700] {processor.py:183} INFO - Processing /home/newrey/airflow/airflow-env/lib/python3.10/site-packages/airflow/example_dags/plugins/event_listener.py took 0.025 seconds
[2024-04-17T22:55:59.673+0700] {processor.py:161} INFO - Started process (PID=9414) to work on /home/newrey/airflow/airflow-env/lib/python3.10/site-packages/airflow/example_dags/plugins/event_listener.py
[2024-04-17T22:55:59.674+0700] {processor.py:830} INFO - Processing file /home/newrey/airflow/airflow-env/lib/python3.10/site-packages/airflow/example_dags/plugins/event_listener.py for tasks to queue
[2024-04-17T22:55:59.676+0700] {logging_mixin.py:188} INFO - [2024-04-17T22:55:59.676+0700] {dagbag.py:540} INFO - Filling up the DagBag from /home/newrey/airflow/airflow-env/lib/python3.10/site-packages/airflow/example_dags/plugins/event_listener.py
[2024-04-17T22:55:59.678+0700] {processor.py:842} WARNING - No viable dags retrieved from /home/newrey/airflow/airflow-env/lib/python3.10/site-packages/airflow/example_dags/plugins/event_listener.py
[2024-04-17T22:55:59.688+0700] {processor.py:183} INFO - Processing /home/newrey/airflow/airflow-env/lib/python3.10/site-packages/airflow/example_dags/plugins/event_listener.py took 0.024 seconds
[2024-04-17T22:56:47.458+0700] {processor.py:161} INFO - Started process (PID=9541) to work on /home/newrey/airflow/airflow-env/lib/python3.10/site-packages/airflow/example_dags/plugins/event_listener.py
[2024-04-17T22:56:47.459+0700] {processor.py:830} INFO - Processing file /home/newrey/airflow/airflow-env/lib/python3.10/site-packages/airflow/example_dags/plugins/event_listener.py for tasks to queue
[2024-04-17T22:56:47.461+0700] {logging_mixin.py:188} INFO - [2024-04-17T22:56:47.461+0700] {dagbag.py:540} INFO - Filling up the DagBag from /home/newrey/airflow/airflow-env/lib/python3.10/site-packages/airflow/example_dags/plugins/event_listener.py
[2024-04-17T22:56:47.463+0700] {processor.py:842} WARNING - No viable dags retrieved from /home/newrey/airflow/airflow-env/lib/python3.10/site-packages/airflow/example_dags/plugins/event_listener.py
[2024-04-17T22:56:47.471+0700] {processor.py:183} INFO - Processing /home/newrey/airflow/airflow-env/lib/python3.10/site-packages/airflow/example_dags/plugins/event_listener.py took 0.022 seconds
[2024-04-17T22:57:54.562+0700] {processor.py:161} INFO - Started process (PID=9748) to work on /home/newrey/airflow/airflow-env/lib/python3.10/site-packages/airflow/example_dags/plugins/event_listener.py
[2024-04-17T22:57:54.563+0700] {processor.py:830} INFO - Processing file /home/newrey/airflow/airflow-env/lib/python3.10/site-packages/airflow/example_dags/plugins/event_listener.py for tasks to queue
[2024-04-17T22:57:54.565+0700] {logging_mixin.py:188} INFO - [2024-04-17T22:57:54.565+0700] {dagbag.py:540} INFO - Filling up the DagBag from /home/newrey/airflow/airflow-env/lib/python3.10/site-packages/airflow/example_dags/plugins/event_listener.py
[2024-04-17T22:57:54.567+0700] {processor.py:842} WARNING - No viable dags retrieved from /home/newrey/airflow/airflow-env/lib/python3.10/site-packages/airflow/example_dags/plugins/event_listener.py
[2024-04-17T22:57:54.577+0700] {processor.py:183} INFO - Processing /home/newrey/airflow/airflow-env/lib/python3.10/site-packages/airflow/example_dags/plugins/event_listener.py took 0.022 seconds
[2024-04-17T22:58:44.145+0700] {processor.py:161} INFO - Started process (PID=9940) to work on /home/newrey/airflow/airflow-env/lib/python3.10/site-packages/airflow/example_dags/plugins/event_listener.py
[2024-04-17T22:58:44.147+0700] {processor.py:830} INFO - Processing file /home/newrey/airflow/airflow-env/lib/python3.10/site-packages/airflow/example_dags/plugins/event_listener.py for tasks to queue
[2024-04-17T22:58:44.149+0700] {logging_mixin.py:188} INFO - [2024-04-17T22:58:44.149+0700] {dagbag.py:540} INFO - Filling up the DagBag from /home/newrey/airflow/airflow-env/lib/python3.10/site-packages/airflow/example_dags/plugins/event_listener.py
[2024-04-17T22:58:44.151+0700] {processor.py:842} WARNING - No viable dags retrieved from /home/newrey/airflow/airflow-env/lib/python3.10/site-packages/airflow/example_dags/plugins/event_listener.py
[2024-04-17T22:58:44.161+0700] {processor.py:183} INFO - Processing /home/newrey/airflow/airflow-env/lib/python3.10/site-packages/airflow/example_dags/plugins/event_listener.py took 0.026 seconds
[2024-04-17T22:59:53.325+0700] {processor.py:161} INFO - Started process (PID=10171) to work on /home/newrey/airflow/airflow-env/lib/python3.10/site-packages/airflow/example_dags/plugins/event_listener.py
[2024-04-17T22:59:53.326+0700] {processor.py:830} INFO - Processing file /home/newrey/airflow/airflow-env/lib/python3.10/site-packages/airflow/example_dags/plugins/event_listener.py for tasks to queue
[2024-04-17T22:59:53.327+0700] {logging_mixin.py:188} INFO - [2024-04-17T22:59:53.327+0700] {dagbag.py:540} INFO - Filling up the DagBag from /home/newrey/airflow/airflow-env/lib/python3.10/site-packages/airflow/example_dags/plugins/event_listener.py
[2024-04-17T22:59:53.329+0700] {processor.py:842} WARNING - No viable dags retrieved from /home/newrey/airflow/airflow-env/lib/python3.10/site-packages/airflow/example_dags/plugins/event_listener.py
[2024-04-17T22:59:53.340+0700] {processor.py:183} INFO - Processing /home/newrey/airflow/airflow-env/lib/python3.10/site-packages/airflow/example_dags/plugins/event_listener.py took 0.025 seconds
[2024-04-17T23:00:45.307+0700] {processor.py:161} INFO - Started process (PID=10430) to work on /home/newrey/airflow/airflow-env/lib/python3.10/site-packages/airflow/example_dags/plugins/event_listener.py
[2024-04-17T23:00:45.309+0700] {processor.py:830} INFO - Processing file /home/newrey/airflow/airflow-env/lib/python3.10/site-packages/airflow/example_dags/plugins/event_listener.py for tasks to queue
[2024-04-17T23:00:45.311+0700] {logging_mixin.py:188} INFO - [2024-04-17T23:00:45.311+0700] {dagbag.py:540} INFO - Filling up the DagBag from /home/newrey/airflow/airflow-env/lib/python3.10/site-packages/airflow/example_dags/plugins/event_listener.py
[2024-04-17T23:00:45.313+0700] {processor.py:842} WARNING - No viable dags retrieved from /home/newrey/airflow/airflow-env/lib/python3.10/site-packages/airflow/example_dags/plugins/event_listener.py
[2024-04-17T23:00:45.326+0700] {processor.py:183} INFO - Processing /home/newrey/airflow/airflow-env/lib/python3.10/site-packages/airflow/example_dags/plugins/event_listener.py took 0.026 seconds
[2024-04-17T23:01:36.374+0700] {processor.py:161} INFO - Started process (PID=10560) to work on /home/newrey/airflow/airflow-env/lib/python3.10/site-packages/airflow/example_dags/plugins/event_listener.py
[2024-04-17T23:01:36.379+0700] {processor.py:830} INFO - Processing file /home/newrey/airflow/airflow-env/lib/python3.10/site-packages/airflow/example_dags/plugins/event_listener.py for tasks to queue
[2024-04-17T23:01:36.381+0700] {logging_mixin.py:188} INFO - [2024-04-17T23:01:36.381+0700] {dagbag.py:540} INFO - Filling up the DagBag from /home/newrey/airflow/airflow-env/lib/python3.10/site-packages/airflow/example_dags/plugins/event_listener.py
[2024-04-17T23:01:36.385+0700] {processor.py:842} WARNING - No viable dags retrieved from /home/newrey/airflow/airflow-env/lib/python3.10/site-packages/airflow/example_dags/plugins/event_listener.py
[2024-04-17T23:01:36.401+0700] {processor.py:183} INFO - Processing /home/newrey/airflow/airflow-env/lib/python3.10/site-packages/airflow/example_dags/plugins/event_listener.py took 0.040 seconds
[2024-04-17T23:02:50.748+0700] {processor.py:161} INFO - Started process (PID=10778) to work on /home/newrey/airflow/airflow-env/lib/python3.10/site-packages/airflow/example_dags/plugins/event_listener.py
[2024-04-17T23:02:50.749+0700] {processor.py:830} INFO - Processing file /home/newrey/airflow/airflow-env/lib/python3.10/site-packages/airflow/example_dags/plugins/event_listener.py for tasks to queue
[2024-04-17T23:02:50.750+0700] {logging_mixin.py:188} INFO - [2024-04-17T23:02:50.750+0700] {dagbag.py:540} INFO - Filling up the DagBag from /home/newrey/airflow/airflow-env/lib/python3.10/site-packages/airflow/example_dags/plugins/event_listener.py
[2024-04-17T23:02:50.751+0700] {processor.py:842} WARNING - No viable dags retrieved from /home/newrey/airflow/airflow-env/lib/python3.10/site-packages/airflow/example_dags/plugins/event_listener.py
[2024-04-17T23:02:50.761+0700] {processor.py:183} INFO - Processing /home/newrey/airflow/airflow-env/lib/python3.10/site-packages/airflow/example_dags/plugins/event_listener.py took 0.021 seconds
[2024-04-17T23:03:42.143+0700] {processor.py:161} INFO - Started process (PID=10911) to work on /home/newrey/airflow/airflow-env/lib/python3.10/site-packages/airflow/example_dags/plugins/event_listener.py
[2024-04-17T23:03:42.147+0700] {processor.py:830} INFO - Processing file /home/newrey/airflow/airflow-env/lib/python3.10/site-packages/airflow/example_dags/plugins/event_listener.py for tasks to queue
[2024-04-17T23:03:42.150+0700] {logging_mixin.py:188} INFO - [2024-04-17T23:03:42.150+0700] {dagbag.py:540} INFO - Filling up the DagBag from /home/newrey/airflow/airflow-env/lib/python3.10/site-packages/airflow/example_dags/plugins/event_listener.py
[2024-04-17T23:03:42.154+0700] {processor.py:842} WARNING - No viable dags retrieved from /home/newrey/airflow/airflow-env/lib/python3.10/site-packages/airflow/example_dags/plugins/event_listener.py
[2024-04-17T23:03:42.175+0700] {processor.py:183} INFO - Processing /home/newrey/airflow/airflow-env/lib/python3.10/site-packages/airflow/example_dags/plugins/event_listener.py took 0.051 seconds
[2024-04-17T23:04:34.675+0700] {processor.py:161} INFO - Started process (PID=11051) to work on /home/newrey/airflow/airflow-env/lib/python3.10/site-packages/airflow/example_dags/plugins/event_listener.py
[2024-04-17T23:04:34.704+0700] {processor.py:830} INFO - Processing file /home/newrey/airflow/airflow-env/lib/python3.10/site-packages/airflow/example_dags/plugins/event_listener.py for tasks to queue
[2024-04-17T23:04:34.706+0700] {logging_mixin.py:188} INFO - [2024-04-17T23:04:34.706+0700] {dagbag.py:540} INFO - Filling up the DagBag from /home/newrey/airflow/airflow-env/lib/python3.10/site-packages/airflow/example_dags/plugins/event_listener.py
[2024-04-17T23:04:34.708+0700] {processor.py:842} WARNING - No viable dags retrieved from /home/newrey/airflow/airflow-env/lib/python3.10/site-packages/airflow/example_dags/plugins/event_listener.py
[2024-04-17T23:04:34.719+0700] {processor.py:183} INFO - Processing /home/newrey/airflow/airflow-env/lib/python3.10/site-packages/airflow/example_dags/plugins/event_listener.py took 0.055 seconds
[2024-04-17T23:05:31.372+0700] {processor.py:161} INFO - Started process (PID=11184) to work on /home/newrey/airflow/airflow-env/lib/python3.10/site-packages/airflow/example_dags/plugins/event_listener.py
[2024-04-17T23:05:31.374+0700] {processor.py:830} INFO - Processing file /home/newrey/airflow/airflow-env/lib/python3.10/site-packages/airflow/example_dags/plugins/event_listener.py for tasks to queue
[2024-04-17T23:05:31.377+0700] {logging_mixin.py:188} INFO - [2024-04-17T23:05:31.376+0700] {dagbag.py:540} INFO - Filling up the DagBag from /home/newrey/airflow/airflow-env/lib/python3.10/site-packages/airflow/example_dags/plugins/event_listener.py
[2024-04-17T23:05:31.380+0700] {processor.py:842} WARNING - No viable dags retrieved from /home/newrey/airflow/airflow-env/lib/python3.10/site-packages/airflow/example_dags/plugins/event_listener.py
[2024-04-17T23:05:31.396+0700] {processor.py:183} INFO - Processing /home/newrey/airflow/airflow-env/lib/python3.10/site-packages/airflow/example_dags/plugins/event_listener.py took 0.039 seconds
[2024-04-17T23:06:29.087+0700] {processor.py:161} INFO - Started process (PID=11318) to work on /home/newrey/airflow/airflow-env/lib/python3.10/site-packages/airflow/example_dags/plugins/event_listener.py
[2024-04-17T23:06:29.090+0700] {processor.py:830} INFO - Processing file /home/newrey/airflow/airflow-env/lib/python3.10/site-packages/airflow/example_dags/plugins/event_listener.py for tasks to queue
[2024-04-17T23:06:29.093+0700] {logging_mixin.py:188} INFO - [2024-04-17T23:06:29.093+0700] {dagbag.py:540} INFO - Filling up the DagBag from /home/newrey/airflow/airflow-env/lib/python3.10/site-packages/airflow/example_dags/plugins/event_listener.py
[2024-04-17T23:06:29.098+0700] {processor.py:842} WARNING - No viable dags retrieved from /home/newrey/airflow/airflow-env/lib/python3.10/site-packages/airflow/example_dags/plugins/event_listener.py
[2024-04-17T23:06:29.116+0700] {processor.py:183} INFO - Processing /home/newrey/airflow/airflow-env/lib/python3.10/site-packages/airflow/example_dags/plugins/event_listener.py took 0.047 seconds
