[2024-04-17T22:42:24.074+0700] {processor.py:161} INFO - Started process (PID=4395) to work on /home/newrey/airflow/airflow-env/lib/python3.10/site-packages/airflow/example_dags/example_params_ui_tutorial.py
[2024-04-17T22:42:24.075+0700] {processor.py:830} INFO - Processing file /home/newrey/airflow/airflow-env/lib/python3.10/site-packages/airflow/example_dags/example_params_ui_tutorial.py for tasks to queue
[2024-04-17T22:42:24.076+0700] {logging_mixin.py:188} INFO - [2024-04-17T22:42:24.076+0700] {dagbag.py:540} INFO - Filling up the DagBag from /home/newrey/airflow/airflow-env/lib/python3.10/site-packages/airflow/example_dags/example_params_ui_tutorial.py
[2024-04-17T22:42:24.091+0700] {processor.py:840} INFO - DAG(s) 'example_params_ui_tutorial' retrieved from /home/newrey/airflow/airflow-env/lib/python3.10/site-packages/airflow/example_dags/example_params_ui_tutorial.py
[2024-04-17T22:42:24.098+0700] {logging_mixin.py:188} INFO - [2024-04-17T22:42:24.098+0700] {dag.py:3096} INFO - Sync 1 DAGs
[2024-04-17T22:42:24.114+0700] {logging_mixin.py:188} INFO - [2024-04-17T22:42:24.113+0700] {dag.py:3954} INFO - Setting next_dagrun for example_params_ui_tutorial to None, run_after=None
[2024-04-17T22:42:24.150+0700] {processor.py:183} INFO - Processing /home/newrey/airflow/airflow-env/lib/python3.10/site-packages/airflow/example_dags/example_params_ui_tutorial.py took 0.081 seconds
[2024-04-17T22:43:19.737+0700] {processor.py:161} INFO - Started process (PID=4805) to work on /home/newrey/airflow/airflow-env/lib/python3.10/site-packages/airflow/example_dags/example_params_ui_tutorial.py
[2024-04-17T22:43:19.738+0700] {processor.py:830} INFO - Processing file /home/newrey/airflow/airflow-env/lib/python3.10/site-packages/airflow/example_dags/example_params_ui_tutorial.py for tasks to queue
[2024-04-17T22:43:19.740+0700] {logging_mixin.py:188} INFO - [2024-04-17T22:43:19.739+0700] {dagbag.py:540} INFO - Filling up the DagBag from /home/newrey/airflow/airflow-env/lib/python3.10/site-packages/airflow/example_dags/example_params_ui_tutorial.py
[2024-04-17T22:43:19.750+0700] {processor.py:840} INFO - DAG(s) 'example_params_ui_tutorial' retrieved from /home/newrey/airflow/airflow-env/lib/python3.10/site-packages/airflow/example_dags/example_params_ui_tutorial.py
[2024-04-17T22:43:19.968+0700] {logging_mixin.py:188} INFO - [2024-04-17T22:43:19.968+0700] {dag.py:3096} INFO - Sync 1 DAGs
[2024-04-17T22:43:19.981+0700] {logging_mixin.py:188} INFO - [2024-04-17T22:43:19.981+0700] {dag.py:3954} INFO - Setting next_dagrun for example_params_ui_tutorial to None, run_after=None
[2024-04-17T22:43:20.007+0700] {processor.py:183} INFO - Processing /home/newrey/airflow/airflow-env/lib/python3.10/site-packages/airflow/example_dags/example_params_ui_tutorial.py took 0.275 seconds
[2024-04-17T22:43:55.021+0700] {processor.py:161} INFO - Started process (PID=4905) to work on /home/newrey/airflow/airflow-env/lib/python3.10/site-packages/airflow/example_dags/example_params_ui_tutorial.py
[2024-04-17T22:43:55.025+0700] {processor.py:830} INFO - Processing file /home/newrey/airflow/airflow-env/lib/python3.10/site-packages/airflow/example_dags/example_params_ui_tutorial.py for tasks to queue
[2024-04-17T22:43:55.027+0700] {logging_mixin.py:188} INFO - [2024-04-17T22:43:55.026+0700] {dagbag.py:540} INFO - Filling up the DagBag from /home/newrey/airflow/airflow-env/lib/python3.10/site-packages/airflow/example_dags/example_params_ui_tutorial.py
[2024-04-17T22:43:55.039+0700] {processor.py:840} INFO - DAG(s) 'example_params_ui_tutorial' retrieved from /home/newrey/airflow/airflow-env/lib/python3.10/site-packages/airflow/example_dags/example_params_ui_tutorial.py
[2024-04-17T22:43:55.095+0700] {logging_mixin.py:188} INFO - [2024-04-17T22:43:55.095+0700] {dag.py:3096} INFO - Sync 1 DAGs
[2024-04-17T22:43:55.108+0700] {logging_mixin.py:188} INFO - [2024-04-17T22:43:55.108+0700] {dag.py:3954} INFO - Setting next_dagrun for example_params_ui_tutorial to None, run_after=None
[2024-04-17T22:43:55.152+0700] {processor.py:183} INFO - Processing /home/newrey/airflow/airflow-env/lib/python3.10/site-packages/airflow/example_dags/example_params_ui_tutorial.py took 0.144 seconds
[2024-04-17T22:44:52.513+0700] {processor.py:161} INFO - Started process (PID=5023) to work on /home/newrey/airflow/airflow-env/lib/python3.10/site-packages/airflow/example_dags/example_params_ui_tutorial.py
[2024-04-17T22:44:52.515+0700] {processor.py:830} INFO - Processing file /home/newrey/airflow/airflow-env/lib/python3.10/site-packages/airflow/example_dags/example_params_ui_tutorial.py for tasks to queue
[2024-04-17T22:44:52.519+0700] {logging_mixin.py:188} INFO - [2024-04-17T22:44:52.518+0700] {dagbag.py:540} INFO - Filling up the DagBag from /home/newrey/airflow/airflow-env/lib/python3.10/site-packages/airflow/example_dags/example_params_ui_tutorial.py
[2024-04-17T22:44:52.531+0700] {processor.py:840} INFO - DAG(s) 'example_params_ui_tutorial' retrieved from /home/newrey/airflow/airflow-env/lib/python3.10/site-packages/airflow/example_dags/example_params_ui_tutorial.py
[2024-04-17T22:44:52.702+0700] {logging_mixin.py:188} INFO - [2024-04-17T22:44:52.702+0700] {dag.py:3096} INFO - Sync 1 DAGs
[2024-04-17T22:44:52.717+0700] {logging_mixin.py:188} INFO - [2024-04-17T22:44:52.717+0700] {dag.py:3954} INFO - Setting next_dagrun for example_params_ui_tutorial to None, run_after=None
[2024-04-17T22:44:52.752+0700] {processor.py:183} INFO - Processing /home/newrey/airflow/airflow-env/lib/python3.10/site-packages/airflow/example_dags/example_params_ui_tutorial.py took 0.251 seconds
[2024-04-17T22:45:46.869+0700] {processor.py:161} INFO - Started process (PID=5154) to work on /home/newrey/airflow/airflow-env/lib/python3.10/site-packages/airflow/example_dags/example_params_ui_tutorial.py
[2024-04-17T22:45:46.872+0700] {processor.py:830} INFO - Processing file /home/newrey/airflow/airflow-env/lib/python3.10/site-packages/airflow/example_dags/example_params_ui_tutorial.py for tasks to queue
[2024-04-17T22:45:46.873+0700] {logging_mixin.py:188} INFO - [2024-04-17T22:45:46.873+0700] {dagbag.py:540} INFO - Filling up the DagBag from /home/newrey/airflow/airflow-env/lib/python3.10/site-packages/airflow/example_dags/example_params_ui_tutorial.py
[2024-04-17T22:45:46.884+0700] {processor.py:840} INFO - DAG(s) 'example_params_ui_tutorial' retrieved from /home/newrey/airflow/airflow-env/lib/python3.10/site-packages/airflow/example_dags/example_params_ui_tutorial.py
[2024-04-17T22:45:46.936+0700] {logging_mixin.py:188} INFO - [2024-04-17T22:45:46.936+0700] {dag.py:3096} INFO - Sync 1 DAGs
[2024-04-17T22:45:46.948+0700] {logging_mixin.py:188} INFO - [2024-04-17T22:45:46.947+0700] {dag.py:3954} INFO - Setting next_dagrun for example_params_ui_tutorial to None, run_after=None
[2024-04-17T22:45:46.969+0700] {processor.py:183} INFO - Processing /home/newrey/airflow/airflow-env/lib/python3.10/site-packages/airflow/example_dags/example_params_ui_tutorial.py took 0.109 seconds
[2024-04-17T22:46:33.494+0700] {processor.py:161} INFO - Started process (PID=5268) to work on /home/newrey/airflow/airflow-env/lib/python3.10/site-packages/airflow/example_dags/example_params_ui_tutorial.py
[2024-04-17T22:46:33.527+0700] {processor.py:830} INFO - Processing file /home/newrey/airflow/airflow-env/lib/python3.10/site-packages/airflow/example_dags/example_params_ui_tutorial.py for tasks to queue
[2024-04-17T22:46:33.529+0700] {logging_mixin.py:188} INFO - [2024-04-17T22:46:33.528+0700] {dagbag.py:540} INFO - Filling up the DagBag from /home/newrey/airflow/airflow-env/lib/python3.10/site-packages/airflow/example_dags/example_params_ui_tutorial.py
[2024-04-17T22:46:33.554+0700] {processor.py:840} INFO - DAG(s) 'example_params_ui_tutorial' retrieved from /home/newrey/airflow/airflow-env/lib/python3.10/site-packages/airflow/example_dags/example_params_ui_tutorial.py
[2024-04-17T22:46:33.685+0700] {logging_mixin.py:188} INFO - [2024-04-17T22:46:33.684+0700] {dag.py:3096} INFO - Sync 1 DAGs
[2024-04-17T22:46:33.698+0700] {logging_mixin.py:188} INFO - [2024-04-17T22:46:33.698+0700] {dag.py:3954} INFO - Setting next_dagrun for example_params_ui_tutorial to None, run_after=None
[2024-04-17T22:46:33.733+0700] {processor.py:183} INFO - Processing /home/newrey/airflow/airflow-env/lib/python3.10/site-packages/airflow/example_dags/example_params_ui_tutorial.py took 0.269 seconds
[2024-04-17T22:47:23.427+0700] {processor.py:161} INFO - Started process (PID=5453) to work on /home/newrey/airflow/airflow-env/lib/python3.10/site-packages/airflow/example_dags/example_params_ui_tutorial.py
[2024-04-17T22:47:23.429+0700] {processor.py:830} INFO - Processing file /home/newrey/airflow/airflow-env/lib/python3.10/site-packages/airflow/example_dags/example_params_ui_tutorial.py for tasks to queue
[2024-04-17T22:47:23.430+0700] {logging_mixin.py:188} INFO - [2024-04-17T22:47:23.430+0700] {dagbag.py:540} INFO - Filling up the DagBag from /home/newrey/airflow/airflow-env/lib/python3.10/site-packages/airflow/example_dags/example_params_ui_tutorial.py
[2024-04-17T22:47:23.441+0700] {processor.py:840} INFO - DAG(s) 'example_params_ui_tutorial' retrieved from /home/newrey/airflow/airflow-env/lib/python3.10/site-packages/airflow/example_dags/example_params_ui_tutorial.py
[2024-04-17T22:47:23.493+0700] {logging_mixin.py:188} INFO - [2024-04-17T22:47:23.493+0700] {dag.py:3096} INFO - Sync 1 DAGs
[2024-04-17T22:47:23.510+0700] {logging_mixin.py:188} INFO - [2024-04-17T22:47:23.510+0700] {dag.py:3954} INFO - Setting next_dagrun for example_params_ui_tutorial to None, run_after=None
[2024-04-17T22:47:23.533+0700] {processor.py:183} INFO - Processing /home/newrey/airflow/airflow-env/lib/python3.10/site-packages/airflow/example_dags/example_params_ui_tutorial.py took 0.113 seconds
[2024-04-17T22:48:11.143+0700] {processor.py:161} INFO - Started process (PID=5942) to work on /home/newrey/airflow/airflow-env/lib/python3.10/site-packages/airflow/example_dags/example_params_ui_tutorial.py
[2024-04-17T22:48:11.144+0700] {processor.py:830} INFO - Processing file /home/newrey/airflow/airflow-env/lib/python3.10/site-packages/airflow/example_dags/example_params_ui_tutorial.py for tasks to queue
[2024-04-17T22:48:11.146+0700] {logging_mixin.py:188} INFO - [2024-04-17T22:48:11.145+0700] {dagbag.py:540} INFO - Filling up the DagBag from /home/newrey/airflow/airflow-env/lib/python3.10/site-packages/airflow/example_dags/example_params_ui_tutorial.py
[2024-04-17T22:48:11.155+0700] {processor.py:840} INFO - DAG(s) 'example_params_ui_tutorial' retrieved from /home/newrey/airflow/airflow-env/lib/python3.10/site-packages/airflow/example_dags/example_params_ui_tutorial.py
[2024-04-17T22:48:11.204+0700] {logging_mixin.py:188} INFO - [2024-04-17T22:48:11.204+0700] {dag.py:3096} INFO - Sync 1 DAGs
[2024-04-17T22:48:11.216+0700] {logging_mixin.py:188} INFO - [2024-04-17T22:48:11.216+0700] {dag.py:3954} INFO - Setting next_dagrun for example_params_ui_tutorial to None, run_after=None
[2024-04-17T22:48:11.243+0700] {processor.py:183} INFO - Processing /home/newrey/airflow/airflow-env/lib/python3.10/site-packages/airflow/example_dags/example_params_ui_tutorial.py took 0.110 seconds
[2024-04-17T22:48:59.758+0700] {processor.py:161} INFO - Started process (PID=6256) to work on /home/newrey/airflow/airflow-env/lib/python3.10/site-packages/airflow/example_dags/example_params_ui_tutorial.py
[2024-04-17T22:48:59.759+0700] {processor.py:830} INFO - Processing file /home/newrey/airflow/airflow-env/lib/python3.10/site-packages/airflow/example_dags/example_params_ui_tutorial.py for tasks to queue
[2024-04-17T22:48:59.760+0700] {logging_mixin.py:188} INFO - [2024-04-17T22:48:59.760+0700] {dagbag.py:540} INFO - Filling up the DagBag from /home/newrey/airflow/airflow-env/lib/python3.10/site-packages/airflow/example_dags/example_params_ui_tutorial.py
[2024-04-17T22:48:59.775+0700] {processor.py:840} INFO - DAG(s) 'example_params_ui_tutorial' retrieved from /home/newrey/airflow/airflow-env/lib/python3.10/site-packages/airflow/example_dags/example_params_ui_tutorial.py
[2024-04-17T22:48:59.910+0700] {logging_mixin.py:188} INFO - [2024-04-17T22:48:59.910+0700] {dag.py:3096} INFO - Sync 1 DAGs
[2024-04-17T22:48:59.941+0700] {logging_mixin.py:188} INFO - [2024-04-17T22:48:59.941+0700] {dag.py:3954} INFO - Setting next_dagrun for example_params_ui_tutorial to None, run_after=None
[2024-04-17T22:49:00.012+0700] {processor.py:183} INFO - Processing /home/newrey/airflow/airflow-env/lib/python3.10/site-packages/airflow/example_dags/example_params_ui_tutorial.py took 0.266 seconds
[2024-04-17T22:49:51.523+0700] {processor.py:161} INFO - Started process (PID=6501) to work on /home/newrey/airflow/airflow-env/lib/python3.10/site-packages/airflow/example_dags/example_params_ui_tutorial.py
[2024-04-17T22:49:51.525+0700] {processor.py:830} INFO - Processing file /home/newrey/airflow/airflow-env/lib/python3.10/site-packages/airflow/example_dags/example_params_ui_tutorial.py for tasks to queue
[2024-04-17T22:49:51.528+0700] {logging_mixin.py:188} INFO - [2024-04-17T22:49:51.527+0700] {dagbag.py:540} INFO - Filling up the DagBag from /home/newrey/airflow/airflow-env/lib/python3.10/site-packages/airflow/example_dags/example_params_ui_tutorial.py
[2024-04-17T22:49:51.539+0700] {processor.py:840} INFO - DAG(s) 'example_params_ui_tutorial' retrieved from /home/newrey/airflow/airflow-env/lib/python3.10/site-packages/airflow/example_dags/example_params_ui_tutorial.py
[2024-04-17T22:49:51.590+0700] {logging_mixin.py:188} INFO - [2024-04-17T22:49:51.590+0700] {dag.py:3096} INFO - Sync 1 DAGs
[2024-04-17T22:49:51.605+0700] {logging_mixin.py:188} INFO - [2024-04-17T22:49:51.605+0700] {dag.py:3954} INFO - Setting next_dagrun for example_params_ui_tutorial to None, run_after=None
[2024-04-17T22:49:51.629+0700] {processor.py:183} INFO - Processing /home/newrey/airflow/airflow-env/lib/python3.10/site-packages/airflow/example_dags/example_params_ui_tutorial.py took 0.112 seconds
[2024-04-17T22:50:37.101+0700] {processor.py:161} INFO - Started process (PID=6632) to work on /home/newrey/airflow/airflow-env/lib/python3.10/site-packages/airflow/example_dags/example_params_ui_tutorial.py
[2024-04-17T22:50:37.103+0700] {processor.py:830} INFO - Processing file /home/newrey/airflow/airflow-env/lib/python3.10/site-packages/airflow/example_dags/example_params_ui_tutorial.py for tasks to queue
[2024-04-17T22:50:37.104+0700] {logging_mixin.py:188} INFO - [2024-04-17T22:50:37.104+0700] {dagbag.py:540} INFO - Filling up the DagBag from /home/newrey/airflow/airflow-env/lib/python3.10/site-packages/airflow/example_dags/example_params_ui_tutorial.py
[2024-04-17T22:50:37.118+0700] {processor.py:840} INFO - DAG(s) 'example_params_ui_tutorial' retrieved from /home/newrey/airflow/airflow-env/lib/python3.10/site-packages/airflow/example_dags/example_params_ui_tutorial.py
[2024-04-17T22:50:37.172+0700] {logging_mixin.py:188} INFO - [2024-04-17T22:50:37.171+0700] {dag.py:3096} INFO - Sync 1 DAGs
[2024-04-17T22:50:37.186+0700] {logging_mixin.py:188} INFO - [2024-04-17T22:50:37.186+0700] {dag.py:3954} INFO - Setting next_dagrun for example_params_ui_tutorial to None, run_after=None
[2024-04-17T22:50:37.212+0700] {processor.py:183} INFO - Processing /home/newrey/airflow/airflow-env/lib/python3.10/site-packages/airflow/example_dags/example_params_ui_tutorial.py took 0.121 seconds
[2024-04-17T22:51:43.363+0700] {processor.py:161} INFO - Started process (PID=7396) to work on /home/newrey/airflow/airflow-env/lib/python3.10/site-packages/airflow/example_dags/example_params_ui_tutorial.py
[2024-04-17T22:51:43.365+0700] {processor.py:830} INFO - Processing file /home/newrey/airflow/airflow-env/lib/python3.10/site-packages/airflow/example_dags/example_params_ui_tutorial.py for tasks to queue
[2024-04-17T22:51:43.367+0700] {logging_mixin.py:188} INFO - [2024-04-17T22:51:43.366+0700] {dagbag.py:540} INFO - Filling up the DagBag from /home/newrey/airflow/airflow-env/lib/python3.10/site-packages/airflow/example_dags/example_params_ui_tutorial.py
[2024-04-17T22:51:43.378+0700] {processor.py:840} INFO - DAG(s) 'example_params_ui_tutorial' retrieved from /home/newrey/airflow/airflow-env/lib/python3.10/site-packages/airflow/example_dags/example_params_ui_tutorial.py
[2024-04-17T22:51:43.434+0700] {logging_mixin.py:188} INFO - [2024-04-17T22:51:43.433+0700] {dag.py:3096} INFO - Sync 1 DAGs
[2024-04-17T22:51:43.454+0700] {logging_mixin.py:188} INFO - [2024-04-17T22:51:43.453+0700] {dag.py:3954} INFO - Setting next_dagrun for example_params_ui_tutorial to None, run_after=None
[2024-04-17T22:51:43.492+0700] {processor.py:183} INFO - Processing /home/newrey/airflow/airflow-env/lib/python3.10/site-packages/airflow/example_dags/example_params_ui_tutorial.py took 0.139 seconds
[2024-04-17T22:52:20.357+0700] {processor.py:161} INFO - Started process (PID=7872) to work on /home/newrey/airflow/airflow-env/lib/python3.10/site-packages/airflow/example_dags/example_params_ui_tutorial.py
[2024-04-17T22:52:20.358+0700] {processor.py:830} INFO - Processing file /home/newrey/airflow/airflow-env/lib/python3.10/site-packages/airflow/example_dags/example_params_ui_tutorial.py for tasks to queue
[2024-04-17T22:52:20.360+0700] {logging_mixin.py:188} INFO - [2024-04-17T22:52:20.359+0700] {dagbag.py:540} INFO - Filling up the DagBag from /home/newrey/airflow/airflow-env/lib/python3.10/site-packages/airflow/example_dags/example_params_ui_tutorial.py
[2024-04-17T22:52:20.369+0700] {processor.py:840} INFO - DAG(s) 'example_params_ui_tutorial' retrieved from /home/newrey/airflow/airflow-env/lib/python3.10/site-packages/airflow/example_dags/example_params_ui_tutorial.py
[2024-04-17T22:52:20.426+0700] {logging_mixin.py:188} INFO - [2024-04-17T22:52:20.426+0700] {dag.py:3096} INFO - Sync 1 DAGs
[2024-04-17T22:52:20.437+0700] {logging_mixin.py:188} INFO - [2024-04-17T22:52:20.437+0700] {dag.py:3954} INFO - Setting next_dagrun for example_params_ui_tutorial to None, run_after=None
[2024-04-17T22:52:20.465+0700] {processor.py:183} INFO - Processing /home/newrey/airflow/airflow-env/lib/python3.10/site-packages/airflow/example_dags/example_params_ui_tutorial.py took 0.118 seconds
[2024-04-17T22:53:10.359+0700] {processor.py:161} INFO - Started process (PID=8542) to work on /home/newrey/airflow/airflow-env/lib/python3.10/site-packages/airflow/example_dags/example_params_ui_tutorial.py
[2024-04-17T22:53:10.360+0700] {processor.py:830} INFO - Processing file /home/newrey/airflow/airflow-env/lib/python3.10/site-packages/airflow/example_dags/example_params_ui_tutorial.py for tasks to queue
[2024-04-17T22:53:10.362+0700] {logging_mixin.py:188} INFO - [2024-04-17T22:53:10.361+0700] {dagbag.py:540} INFO - Filling up the DagBag from /home/newrey/airflow/airflow-env/lib/python3.10/site-packages/airflow/example_dags/example_params_ui_tutorial.py
[2024-04-17T22:53:10.376+0700] {processor.py:840} INFO - DAG(s) 'example_params_ui_tutorial' retrieved from /home/newrey/airflow/airflow-env/lib/python3.10/site-packages/airflow/example_dags/example_params_ui_tutorial.py
[2024-04-17T22:53:10.430+0700] {logging_mixin.py:188} INFO - [2024-04-17T22:53:10.429+0700] {dag.py:3096} INFO - Sync 1 DAGs
[2024-04-17T22:53:10.447+0700] {logging_mixin.py:188} INFO - [2024-04-17T22:53:10.447+0700] {dag.py:3954} INFO - Setting next_dagrun for example_params_ui_tutorial to None, run_after=None
[2024-04-17T22:53:10.479+0700] {processor.py:183} INFO - Processing /home/newrey/airflow/airflow-env/lib/python3.10/site-packages/airflow/example_dags/example_params_ui_tutorial.py took 0.130 seconds
[2024-04-17T22:54:10.739+0700] {processor.py:161} INFO - Started process (PID=9145) to work on /home/newrey/airflow/airflow-env/lib/python3.10/site-packages/airflow/example_dags/example_params_ui_tutorial.py
[2024-04-17T22:54:10.740+0700] {processor.py:830} INFO - Processing file /home/newrey/airflow/airflow-env/lib/python3.10/site-packages/airflow/example_dags/example_params_ui_tutorial.py for tasks to queue
[2024-04-17T22:54:10.742+0700] {logging_mixin.py:188} INFO - [2024-04-17T22:54:10.741+0700] {dagbag.py:540} INFO - Filling up the DagBag from /home/newrey/airflow/airflow-env/lib/python3.10/site-packages/airflow/example_dags/example_params_ui_tutorial.py
[2024-04-17T22:54:10.751+0700] {processor.py:840} INFO - DAG(s) 'example_params_ui_tutorial' retrieved from /home/newrey/airflow/airflow-env/lib/python3.10/site-packages/airflow/example_dags/example_params_ui_tutorial.py
[2024-04-17T22:54:10.802+0700] {logging_mixin.py:188} INFO - [2024-04-17T22:54:10.802+0700] {dag.py:3096} INFO - Sync 1 DAGs
[2024-04-17T22:54:10.816+0700] {logging_mixin.py:188} INFO - [2024-04-17T22:54:10.816+0700] {dag.py:3954} INFO - Setting next_dagrun for example_params_ui_tutorial to None, run_after=None
[2024-04-17T22:54:10.839+0700] {processor.py:183} INFO - Processing /home/newrey/airflow/airflow-env/lib/python3.10/site-packages/airflow/example_dags/example_params_ui_tutorial.py took 0.108 seconds
[2024-04-17T22:55:01.077+0700] {processor.py:161} INFO - Started process (PID=9276) to work on /home/newrey/airflow/airflow-env/lib/python3.10/site-packages/airflow/example_dags/example_params_ui_tutorial.py
[2024-04-17T22:55:01.080+0700] {processor.py:830} INFO - Processing file /home/newrey/airflow/airflow-env/lib/python3.10/site-packages/airflow/example_dags/example_params_ui_tutorial.py for tasks to queue
[2024-04-17T22:55:01.081+0700] {logging_mixin.py:188} INFO - [2024-04-17T22:55:01.081+0700] {dagbag.py:540} INFO - Filling up the DagBag from /home/newrey/airflow/airflow-env/lib/python3.10/site-packages/airflow/example_dags/example_params_ui_tutorial.py
[2024-04-17T22:55:01.093+0700] {processor.py:840} INFO - DAG(s) 'example_params_ui_tutorial' retrieved from /home/newrey/airflow/airflow-env/lib/python3.10/site-packages/airflow/example_dags/example_params_ui_tutorial.py
[2024-04-17T22:55:01.139+0700] {logging_mixin.py:188} INFO - [2024-04-17T22:55:01.139+0700] {dag.py:3096} INFO - Sync 1 DAGs
[2024-04-17T22:55:01.153+0700] {logging_mixin.py:188} INFO - [2024-04-17T22:55:01.153+0700] {dag.py:3954} INFO - Setting next_dagrun for example_params_ui_tutorial to None, run_after=None
[2024-04-17T22:55:01.177+0700] {processor.py:183} INFO - Processing /home/newrey/airflow/airflow-env/lib/python3.10/site-packages/airflow/example_dags/example_params_ui_tutorial.py took 0.109 seconds
[2024-04-17T22:55:43.388+0700] {processor.py:161} INFO - Started process (PID=9398) to work on /home/newrey/airflow/airflow-env/lib/python3.10/site-packages/airflow/example_dags/example_params_ui_tutorial.py
[2024-04-17T22:55:43.389+0700] {processor.py:830} INFO - Processing file /home/newrey/airflow/airflow-env/lib/python3.10/site-packages/airflow/example_dags/example_params_ui_tutorial.py for tasks to queue
[2024-04-17T22:55:43.391+0700] {logging_mixin.py:188} INFO - [2024-04-17T22:55:43.390+0700] {dagbag.py:540} INFO - Filling up the DagBag from /home/newrey/airflow/airflow-env/lib/python3.10/site-packages/airflow/example_dags/example_params_ui_tutorial.py
[2024-04-17T22:55:43.400+0700] {processor.py:840} INFO - DAG(s) 'example_params_ui_tutorial' retrieved from /home/newrey/airflow/airflow-env/lib/python3.10/site-packages/airflow/example_dags/example_params_ui_tutorial.py
[2024-04-17T22:55:43.444+0700] {logging_mixin.py:188} INFO - [2024-04-17T22:55:43.444+0700] {dag.py:3096} INFO - Sync 1 DAGs
[2024-04-17T22:55:43.455+0700] {logging_mixin.py:188} INFO - [2024-04-17T22:55:43.455+0700] {dag.py:3954} INFO - Setting next_dagrun for example_params_ui_tutorial to None, run_after=None
[2024-04-17T22:55:43.483+0700] {processor.py:183} INFO - Processing /home/newrey/airflow/airflow-env/lib/python3.10/site-packages/airflow/example_dags/example_params_ui_tutorial.py took 0.103 seconds
[2024-04-17T22:56:31.994+0700] {processor.py:161} INFO - Started process (PID=9525) to work on /home/newrey/airflow/airflow-env/lib/python3.10/site-packages/airflow/example_dags/example_params_ui_tutorial.py
[2024-04-17T22:56:31.995+0700] {processor.py:830} INFO - Processing file /home/newrey/airflow/airflow-env/lib/python3.10/site-packages/airflow/example_dags/example_params_ui_tutorial.py for tasks to queue
[2024-04-17T22:56:31.997+0700] {logging_mixin.py:188} INFO - [2024-04-17T22:56:31.996+0700] {dagbag.py:540} INFO - Filling up the DagBag from /home/newrey/airflow/airflow-env/lib/python3.10/site-packages/airflow/example_dags/example_params_ui_tutorial.py
[2024-04-17T22:56:32.007+0700] {processor.py:840} INFO - DAG(s) 'example_params_ui_tutorial' retrieved from /home/newrey/airflow/airflow-env/lib/python3.10/site-packages/airflow/example_dags/example_params_ui_tutorial.py
[2024-04-17T22:56:32.056+0700] {logging_mixin.py:188} INFO - [2024-04-17T22:56:32.056+0700] {dag.py:3096} INFO - Sync 1 DAGs
[2024-04-17T22:56:32.070+0700] {logging_mixin.py:188} INFO - [2024-04-17T22:56:32.070+0700] {dag.py:3954} INFO - Setting next_dagrun for example_params_ui_tutorial to None, run_after=None
[2024-04-17T22:56:32.095+0700] {processor.py:183} INFO - Processing /home/newrey/airflow/airflow-env/lib/python3.10/site-packages/airflow/example_dags/example_params_ui_tutorial.py took 0.111 seconds
[2024-04-17T22:57:17.065+0700] {processor.py:161} INFO - Started process (PID=9587) to work on /home/newrey/airflow/airflow-env/lib/python3.10/site-packages/airflow/example_dags/example_params_ui_tutorial.py
[2024-04-17T22:57:17.067+0700] {processor.py:830} INFO - Processing file /home/newrey/airflow/airflow-env/lib/python3.10/site-packages/airflow/example_dags/example_params_ui_tutorial.py for tasks to queue
[2024-04-17T22:57:17.069+0700] {logging_mixin.py:188} INFO - [2024-04-17T22:57:17.068+0700] {dagbag.py:540} INFO - Filling up the DagBag from /home/newrey/airflow/airflow-env/lib/python3.10/site-packages/airflow/example_dags/example_params_ui_tutorial.py
[2024-04-17T22:57:17.079+0700] {processor.py:840} INFO - DAG(s) 'example_params_ui_tutorial' retrieved from /home/newrey/airflow/airflow-env/lib/python3.10/site-packages/airflow/example_dags/example_params_ui_tutorial.py
[2024-04-17T22:57:17.126+0700] {logging_mixin.py:188} INFO - [2024-04-17T22:57:17.126+0700] {dag.py:3096} INFO - Sync 1 DAGs
[2024-04-17T22:57:17.138+0700] {logging_mixin.py:188} INFO - [2024-04-17T22:57:17.138+0700] {dag.py:3954} INFO - Setting next_dagrun for example_params_ui_tutorial to None, run_after=None
[2024-04-17T22:57:17.162+0700] {processor.py:183} INFO - Processing /home/newrey/airflow/airflow-env/lib/python3.10/site-packages/airflow/example_dags/example_params_ui_tutorial.py took 0.108 seconds
[2024-04-17T22:58:02.494+0700] {processor.py:161} INFO - Started process (PID=9772) to work on /home/newrey/airflow/airflow-env/lib/python3.10/site-packages/airflow/example_dags/example_params_ui_tutorial.py
[2024-04-17T22:58:02.495+0700] {processor.py:830} INFO - Processing file /home/newrey/airflow/airflow-env/lib/python3.10/site-packages/airflow/example_dags/example_params_ui_tutorial.py for tasks to queue
[2024-04-17T22:58:02.497+0700] {logging_mixin.py:188} INFO - [2024-04-17T22:58:02.497+0700] {dagbag.py:540} INFO - Filling up the DagBag from /home/newrey/airflow/airflow-env/lib/python3.10/site-packages/airflow/example_dags/example_params_ui_tutorial.py
[2024-04-17T22:58:02.512+0700] {processor.py:840} INFO - DAG(s) 'example_params_ui_tutorial' retrieved from /home/newrey/airflow/airflow-env/lib/python3.10/site-packages/airflow/example_dags/example_params_ui_tutorial.py
[2024-04-17T22:58:02.562+0700] {logging_mixin.py:188} INFO - [2024-04-17T22:58:02.562+0700] {dag.py:3096} INFO - Sync 1 DAGs
[2024-04-17T22:58:02.573+0700] {logging_mixin.py:188} INFO - [2024-04-17T22:58:02.573+0700] {dag.py:3954} INFO - Setting next_dagrun for example_params_ui_tutorial to None, run_after=None
[2024-04-17T22:58:02.598+0700] {processor.py:183} INFO - Processing /home/newrey/airflow/airflow-env/lib/python3.10/site-packages/airflow/example_dags/example_params_ui_tutorial.py took 0.113 seconds
[2024-04-17T22:58:50.318+0700] {processor.py:161} INFO - Started process (PID=9963) to work on /home/newrey/airflow/airflow-env/lib/python3.10/site-packages/airflow/example_dags/example_params_ui_tutorial.py
[2024-04-17T22:58:50.319+0700] {processor.py:830} INFO - Processing file /home/newrey/airflow/airflow-env/lib/python3.10/site-packages/airflow/example_dags/example_params_ui_tutorial.py for tasks to queue
[2024-04-17T22:58:50.321+0700] {logging_mixin.py:188} INFO - [2024-04-17T22:58:50.321+0700] {dagbag.py:540} INFO - Filling up the DagBag from /home/newrey/airflow/airflow-env/lib/python3.10/site-packages/airflow/example_dags/example_params_ui_tutorial.py
[2024-04-17T22:58:50.332+0700] {processor.py:840} INFO - DAG(s) 'example_params_ui_tutorial' retrieved from /home/newrey/airflow/airflow-env/lib/python3.10/site-packages/airflow/example_dags/example_params_ui_tutorial.py
[2024-04-17T22:58:50.380+0700] {logging_mixin.py:188} INFO - [2024-04-17T22:58:50.380+0700] {dag.py:3096} INFO - Sync 1 DAGs
[2024-04-17T22:58:50.394+0700] {logging_mixin.py:188} INFO - [2024-04-17T22:58:50.393+0700] {dag.py:3954} INFO - Setting next_dagrun for example_params_ui_tutorial to None, run_after=None
[2024-04-17T22:58:50.417+0700] {processor.py:183} INFO - Processing /home/newrey/airflow/airflow-env/lib/python3.10/site-packages/airflow/example_dags/example_params_ui_tutorial.py took 0.111 seconds
[2024-04-17T22:59:36.086+0700] {processor.py:161} INFO - Started process (PID=10154) to work on /home/newrey/airflow/airflow-env/lib/python3.10/site-packages/airflow/example_dags/example_params_ui_tutorial.py
[2024-04-17T22:59:36.087+0700] {processor.py:830} INFO - Processing file /home/newrey/airflow/airflow-env/lib/python3.10/site-packages/airflow/example_dags/example_params_ui_tutorial.py for tasks to queue
[2024-04-17T22:59:36.089+0700] {logging_mixin.py:188} INFO - [2024-04-17T22:59:36.089+0700] {dagbag.py:540} INFO - Filling up the DagBag from /home/newrey/airflow/airflow-env/lib/python3.10/site-packages/airflow/example_dags/example_params_ui_tutorial.py
[2024-04-17T22:59:36.101+0700] {processor.py:840} INFO - DAG(s) 'example_params_ui_tutorial' retrieved from /home/newrey/airflow/airflow-env/lib/python3.10/site-packages/airflow/example_dags/example_params_ui_tutorial.py
[2024-04-17T22:59:36.147+0700] {logging_mixin.py:188} INFO - [2024-04-17T22:59:36.146+0700] {dag.py:3096} INFO - Sync 1 DAGs
[2024-04-17T22:59:36.157+0700] {logging_mixin.py:188} INFO - [2024-04-17T22:59:36.157+0700] {dag.py:3954} INFO - Setting next_dagrun for example_params_ui_tutorial to None, run_after=None
[2024-04-17T22:59:36.180+0700] {processor.py:183} INFO - Processing /home/newrey/airflow/airflow-env/lib/python3.10/site-packages/airflow/example_dags/example_params_ui_tutorial.py took 0.101 seconds
[2024-04-17T23:00:26.128+0700] {processor.py:161} INFO - Started process (PID=10345) to work on /home/newrey/airflow/airflow-env/lib/python3.10/site-packages/airflow/example_dags/example_params_ui_tutorial.py
[2024-04-17T23:00:26.133+0700] {processor.py:830} INFO - Processing file /home/newrey/airflow/airflow-env/lib/python3.10/site-packages/airflow/example_dags/example_params_ui_tutorial.py for tasks to queue
[2024-04-17T23:00:26.134+0700] {logging_mixin.py:188} INFO - [2024-04-17T23:00:26.134+0700] {dagbag.py:540} INFO - Filling up the DagBag from /home/newrey/airflow/airflow-env/lib/python3.10/site-packages/airflow/example_dags/example_params_ui_tutorial.py
[2024-04-17T23:00:26.145+0700] {processor.py:840} INFO - DAG(s) 'example_params_ui_tutorial' retrieved from /home/newrey/airflow/airflow-env/lib/python3.10/site-packages/airflow/example_dags/example_params_ui_tutorial.py
[2024-04-17T23:00:26.197+0700] {logging_mixin.py:188} INFO - [2024-04-17T23:00:26.196+0700] {dag.py:3096} INFO - Sync 1 DAGs
[2024-04-17T23:00:26.210+0700] {logging_mixin.py:188} INFO - [2024-04-17T23:00:26.209+0700] {dag.py:3954} INFO - Setting next_dagrun for example_params_ui_tutorial to None, run_after=None
[2024-04-17T23:00:26.268+0700] {processor.py:183} INFO - Processing /home/newrey/airflow/airflow-env/lib/python3.10/site-packages/airflow/example_dags/example_params_ui_tutorial.py took 0.151 seconds
[2024-04-17T23:01:17.052+0700] {processor.py:161} INFO - Started process (PID=10479) to work on /home/newrey/airflow/airflow-env/lib/python3.10/site-packages/airflow/example_dags/example_params_ui_tutorial.py
[2024-04-17T23:01:17.055+0700] {processor.py:830} INFO - Processing file /home/newrey/airflow/airflow-env/lib/python3.10/site-packages/airflow/example_dags/example_params_ui_tutorial.py for tasks to queue
[2024-04-17T23:01:17.057+0700] {logging_mixin.py:188} INFO - [2024-04-17T23:01:17.057+0700] {dagbag.py:540} INFO - Filling up the DagBag from /home/newrey/airflow/airflow-env/lib/python3.10/site-packages/airflow/example_dags/example_params_ui_tutorial.py
[2024-04-17T23:01:17.073+0700] {processor.py:840} INFO - DAG(s) 'example_params_ui_tutorial' retrieved from /home/newrey/airflow/airflow-env/lib/python3.10/site-packages/airflow/example_dags/example_params_ui_tutorial.py
[2024-04-17T23:01:17.135+0700] {logging_mixin.py:188} INFO - [2024-04-17T23:01:17.134+0700] {dag.py:3096} INFO - Sync 1 DAGs
[2024-04-17T23:01:17.148+0700] {logging_mixin.py:188} INFO - [2024-04-17T23:01:17.147+0700] {dag.py:3954} INFO - Setting next_dagrun for example_params_ui_tutorial to None, run_after=None
[2024-04-17T23:01:17.174+0700] {processor.py:183} INFO - Processing /home/newrey/airflow/airflow-env/lib/python3.10/site-packages/airflow/example_dags/example_params_ui_tutorial.py took 0.146 seconds
[2024-04-17T23:02:07.035+0700] {processor.py:161} INFO - Started process (PID=10606) to work on /home/newrey/airflow/airflow-env/lib/python3.10/site-packages/airflow/example_dags/example_params_ui_tutorial.py
[2024-04-17T23:02:07.036+0700] {processor.py:830} INFO - Processing file /home/newrey/airflow/airflow-env/lib/python3.10/site-packages/airflow/example_dags/example_params_ui_tutorial.py for tasks to queue
[2024-04-17T23:02:07.038+0700] {logging_mixin.py:188} INFO - [2024-04-17T23:02:07.038+0700] {dagbag.py:540} INFO - Filling up the DagBag from /home/newrey/airflow/airflow-env/lib/python3.10/site-packages/airflow/example_dags/example_params_ui_tutorial.py
[2024-04-17T23:02:07.050+0700] {processor.py:840} INFO - DAG(s) 'example_params_ui_tutorial' retrieved from /home/newrey/airflow/airflow-env/lib/python3.10/site-packages/airflow/example_dags/example_params_ui_tutorial.py
[2024-04-17T23:02:07.096+0700] {logging_mixin.py:188} INFO - [2024-04-17T23:02:07.095+0700] {dag.py:3096} INFO - Sync 1 DAGs
[2024-04-17T23:02:07.106+0700] {logging_mixin.py:188} INFO - [2024-04-17T23:02:07.106+0700] {dag.py:3954} INFO - Setting next_dagrun for example_params_ui_tutorial to None, run_after=None
[2024-04-17T23:02:07.129+0700] {processor.py:183} INFO - Processing /home/newrey/airflow/airflow-env/lib/python3.10/site-packages/airflow/example_dags/example_params_ui_tutorial.py took 0.102 seconds
[2024-04-17T23:02:59.023+0700] {processor.py:161} INFO - Started process (PID=10802) to work on /home/newrey/airflow/airflow-env/lib/python3.10/site-packages/airflow/example_dags/example_params_ui_tutorial.py
[2024-04-17T23:02:59.026+0700] {processor.py:830} INFO - Processing file /home/newrey/airflow/airflow-env/lib/python3.10/site-packages/airflow/example_dags/example_params_ui_tutorial.py for tasks to queue
[2024-04-17T23:02:59.027+0700] {logging_mixin.py:188} INFO - [2024-04-17T23:02:59.027+0700] {dagbag.py:540} INFO - Filling up the DagBag from /home/newrey/airflow/airflow-env/lib/python3.10/site-packages/airflow/example_dags/example_params_ui_tutorial.py
[2024-04-17T23:02:59.037+0700] {processor.py:840} INFO - DAG(s) 'example_params_ui_tutorial' retrieved from /home/newrey/airflow/airflow-env/lib/python3.10/site-packages/airflow/example_dags/example_params_ui_tutorial.py
[2024-04-17T23:02:59.086+0700] {logging_mixin.py:188} INFO - [2024-04-17T23:02:59.086+0700] {dag.py:3096} INFO - Sync 1 DAGs
[2024-04-17T23:02:59.097+0700] {logging_mixin.py:188} INFO - [2024-04-17T23:02:59.097+0700] {dag.py:3954} INFO - Setting next_dagrun for example_params_ui_tutorial to None, run_after=None
[2024-04-17T23:02:59.119+0700] {processor.py:183} INFO - Processing /home/newrey/airflow/airflow-env/lib/python3.10/site-packages/airflow/example_dags/example_params_ui_tutorial.py took 0.105 seconds
[2024-04-17T23:03:50.137+0700] {processor.py:161} INFO - Started process (PID=10936) to work on /home/newrey/airflow/airflow-env/lib/python3.10/site-packages/airflow/example_dags/example_params_ui_tutorial.py
[2024-04-17T23:03:50.148+0700] {processor.py:830} INFO - Processing file /home/newrey/airflow/airflow-env/lib/python3.10/site-packages/airflow/example_dags/example_params_ui_tutorial.py for tasks to queue
[2024-04-17T23:03:50.150+0700] {logging_mixin.py:188} INFO - [2024-04-17T23:03:50.150+0700] {dagbag.py:540} INFO - Filling up the DagBag from /home/newrey/airflow/airflow-env/lib/python3.10/site-packages/airflow/example_dags/example_params_ui_tutorial.py
[2024-04-17T23:03:50.167+0700] {processor.py:840} INFO - DAG(s) 'example_params_ui_tutorial' retrieved from /home/newrey/airflow/airflow-env/lib/python3.10/site-packages/airflow/example_dags/example_params_ui_tutorial.py
[2024-04-17T23:03:50.252+0700] {logging_mixin.py:188} INFO - [2024-04-17T23:03:50.251+0700] {dag.py:3096} INFO - Sync 1 DAGs
[2024-04-17T23:03:50.270+0700] {logging_mixin.py:188} INFO - [2024-04-17T23:03:50.270+0700] {dag.py:3954} INFO - Setting next_dagrun for example_params_ui_tutorial to None, run_after=None
[2024-04-17T23:03:50.312+0700] {processor.py:183} INFO - Processing /home/newrey/airflow/airflow-env/lib/python3.10/site-packages/airflow/example_dags/example_params_ui_tutorial.py took 0.187 seconds
[2024-04-17T23:04:45.748+0700] {processor.py:161} INFO - Started process (PID=11076) to work on /home/newrey/airflow/airflow-env/lib/python3.10/site-packages/airflow/example_dags/example_params_ui_tutorial.py
[2024-04-17T23:04:45.755+0700] {processor.py:830} INFO - Processing file /home/newrey/airflow/airflow-env/lib/python3.10/site-packages/airflow/example_dags/example_params_ui_tutorial.py for tasks to queue
[2024-04-17T23:04:45.758+0700] {logging_mixin.py:188} INFO - [2024-04-17T23:04:45.757+0700] {dagbag.py:540} INFO - Filling up the DagBag from /home/newrey/airflow/airflow-env/lib/python3.10/site-packages/airflow/example_dags/example_params_ui_tutorial.py
[2024-04-17T23:04:45.784+0700] {processor.py:840} INFO - DAG(s) 'example_params_ui_tutorial' retrieved from /home/newrey/airflow/airflow-env/lib/python3.10/site-packages/airflow/example_dags/example_params_ui_tutorial.py
[2024-04-17T23:04:45.853+0700] {logging_mixin.py:188} INFO - [2024-04-17T23:04:45.853+0700] {dag.py:3096} INFO - Sync 1 DAGs
[2024-04-17T23:04:45.871+0700] {logging_mixin.py:188} INFO - [2024-04-17T23:04:45.871+0700] {dag.py:3954} INFO - Setting next_dagrun for example_params_ui_tutorial to None, run_after=None
[2024-04-17T23:04:45.922+0700] {processor.py:183} INFO - Processing /home/newrey/airflow/airflow-env/lib/python3.10/site-packages/airflow/example_dags/example_params_ui_tutorial.py took 0.187 seconds
[2024-04-17T23:05:43.672+0700] {processor.py:161} INFO - Started process (PID=11210) to work on /home/newrey/airflow/airflow-env/lib/python3.10/site-packages/airflow/example_dags/example_params_ui_tutorial.py
[2024-04-17T23:05:43.683+0700] {processor.py:830} INFO - Processing file /home/newrey/airflow/airflow-env/lib/python3.10/site-packages/airflow/example_dags/example_params_ui_tutorial.py for tasks to queue
[2024-04-17T23:05:43.686+0700] {logging_mixin.py:188} INFO - [2024-04-17T23:05:43.686+0700] {dagbag.py:540} INFO - Filling up the DagBag from /home/newrey/airflow/airflow-env/lib/python3.10/site-packages/airflow/example_dags/example_params_ui_tutorial.py
[2024-04-17T23:05:43.712+0700] {processor.py:840} INFO - DAG(s) 'example_params_ui_tutorial' retrieved from /home/newrey/airflow/airflow-env/lib/python3.10/site-packages/airflow/example_dags/example_params_ui_tutorial.py
[2024-04-17T23:05:43.883+0700] {logging_mixin.py:188} INFO - [2024-04-17T23:05:43.883+0700] {dag.py:3096} INFO - Sync 1 DAGs
[2024-04-17T23:05:43.930+0700] {logging_mixin.py:188} INFO - [2024-04-17T23:05:43.930+0700] {dag.py:3954} INFO - Setting next_dagrun for example_params_ui_tutorial to None, run_after=None
[2024-04-17T23:05:44.041+0700] {processor.py:183} INFO - Processing /home/newrey/airflow/airflow-env/lib/python3.10/site-packages/airflow/example_dags/example_params_ui_tutorial.py took 0.389 seconds
[2024-04-17T23:06:41.377+0700] {processor.py:161} INFO - Started process (PID=11344) to work on /home/newrey/airflow/airflow-env/lib/python3.10/site-packages/airflow/example_dags/example_params_ui_tutorial.py
[2024-04-17T23:06:41.379+0700] {processor.py:830} INFO - Processing file /home/newrey/airflow/airflow-env/lib/python3.10/site-packages/airflow/example_dags/example_params_ui_tutorial.py for tasks to queue
[2024-04-17T23:06:41.381+0700] {logging_mixin.py:188} INFO - [2024-04-17T23:06:41.381+0700] {dagbag.py:540} INFO - Filling up the DagBag from /home/newrey/airflow/airflow-env/lib/python3.10/site-packages/airflow/example_dags/example_params_ui_tutorial.py
[2024-04-17T23:06:41.402+0700] {processor.py:840} INFO - DAG(s) 'example_params_ui_tutorial' retrieved from /home/newrey/airflow/airflow-env/lib/python3.10/site-packages/airflow/example_dags/example_params_ui_tutorial.py
[2024-04-17T23:06:41.523+0700] {logging_mixin.py:188} INFO - [2024-04-17T23:06:41.522+0700] {dag.py:3096} INFO - Sync 1 DAGs
[2024-04-17T23:06:41.548+0700] {logging_mixin.py:188} INFO - [2024-04-17T23:06:41.548+0700] {dag.py:3954} INFO - Setting next_dagrun for example_params_ui_tutorial to None, run_after=None
[2024-04-17T23:06:41.602+0700] {processor.py:183} INFO - Processing /home/newrey/airflow/airflow-env/lib/python3.10/site-packages/airflow/example_dags/example_params_ui_tutorial.py took 0.235 seconds
