[2024-04-17T22:42:45.414+0700] {processor.py:161} INFO - Started process (PID=4590) to work on /home/newrey/airflow/airflow-env/lib/python3.10/site-packages/airflow/example_dags/example_subdag_operator.py
[2024-04-17T22:42:45.414+0700] {processor.py:830} INFO - Processing file /home/newrey/airflow/airflow-env/lib/python3.10/site-packages/airflow/example_dags/example_subdag_operator.py for tasks to queue
[2024-04-17T22:42:45.416+0700] {logging_mixin.py:188} INFO - [2024-04-17T22:42:45.416+0700] {dagbag.py:540} INFO - Filling up the DagBag from /home/newrey/airflow/airflow-env/lib/python3.10/site-packages/airflow/example_dags/example_subdag_operator.py
[2024-04-17T22:42:45.438+0700] {processor.py:840} INFO - DAG(s) 'example_subdag_operator.section-1', 'example_subdag_operator.section-2', 'example_subdag_operator' retrieved from /home/newrey/airflow/airflow-env/lib/python3.10/site-packages/airflow/example_dags/example_subdag_operator.py
[2024-04-17T22:42:45.443+0700] {logging_mixin.py:188} INFO - [2024-04-17T22:42:45.443+0700] {dag.py:3096} INFO - Sync 3 DAGs
[2024-04-17T22:42:45.466+0700] {logging_mixin.py:188} INFO - [2024-04-17T22:42:45.465+0700] {dag.py:3954} INFO - Setting next_dagrun for example_subdag_operator to 2022-01-01 00:00:00+00:00, run_after=2022-01-01 00:00:00+00:00
[2024-04-17T22:42:45.469+0700] {logging_mixin.py:188} INFO - [2024-04-17T22:42:45.469+0700] {dag.py:3954} INFO - Setting next_dagrun for example_subdag_operator.section-1 to None, run_after=None
[2024-04-17T22:42:45.470+0700] {logging_mixin.py:188} INFO - [2024-04-17T22:42:45.470+0700] {dag.py:3954} INFO - Setting next_dagrun for example_subdag_operator.section-2 to None, run_after=None
[2024-04-17T22:42:45.479+0700] {logging_mixin.py:188} INFO - [2024-04-17T22:42:45.478+0700] {dag.py:3096} INFO - Sync 2 DAGs
[2024-04-17T22:42:45.486+0700] {logging_mixin.py:188} INFO - [2024-04-17T22:42:45.486+0700] {dag.py:3954} INFO - Setting next_dagrun for example_subdag_operator.section-1 to None, run_after=None
[2024-04-17T22:42:45.486+0700] {logging_mixin.py:188} INFO - [2024-04-17T22:42:45.486+0700] {dag.py:3954} INFO - Setting next_dagrun for example_subdag_operator.section-2 to None, run_after=None
[2024-04-17T22:42:45.507+0700] {processor.py:183} INFO - Processing /home/newrey/airflow/airflow-env/lib/python3.10/site-packages/airflow/example_dags/example_subdag_operator.py took 0.099 seconds
[2024-04-17T22:43:47.985+0700] {processor.py:161} INFO - Started process (PID=4897) to work on /home/newrey/airflow/airflow-env/lib/python3.10/site-packages/airflow/example_dags/example_subdag_operator.py
[2024-04-17T22:43:47.988+0700] {processor.py:830} INFO - Processing file /home/newrey/airflow/airflow-env/lib/python3.10/site-packages/airflow/example_dags/example_subdag_operator.py for tasks to queue
[2024-04-17T22:43:47.990+0700] {logging_mixin.py:188} INFO - [2024-04-17T22:43:47.989+0700] {dagbag.py:540} INFO - Filling up the DagBag from /home/newrey/airflow/airflow-env/lib/python3.10/site-packages/airflow/example_dags/example_subdag_operator.py
[2024-04-17T22:43:48.009+0700] {processor.py:840} INFO - DAG(s) 'example_subdag_operator.section-1', 'example_subdag_operator.section-2', 'example_subdag_operator' retrieved from /home/newrey/airflow/airflow-env/lib/python3.10/site-packages/airflow/example_dags/example_subdag_operator.py
[2024-04-17T22:43:48.205+0700] {logging_mixin.py:188} INFO - [2024-04-17T22:43:48.205+0700] {dag.py:3096} INFO - Sync 3 DAGs
[2024-04-17T22:43:48.229+0700] {logging_mixin.py:188} INFO - [2024-04-17T22:43:48.229+0700] {dag.py:3954} INFO - Setting next_dagrun for example_subdag_operator to 2022-01-01 00:00:00+00:00, run_after=2022-01-01 00:00:00+00:00
[2024-04-17T22:43:48.232+0700] {logging_mixin.py:188} INFO - [2024-04-17T22:43:48.232+0700] {dag.py:3954} INFO - Setting next_dagrun for example_subdag_operator.section-1 to None, run_after=None
[2024-04-17T22:43:48.233+0700] {logging_mixin.py:188} INFO - [2024-04-17T22:43:48.233+0700] {dag.py:3954} INFO - Setting next_dagrun for example_subdag_operator.section-2 to None, run_after=None
[2024-04-17T22:43:48.241+0700] {logging_mixin.py:188} INFO - [2024-04-17T22:43:48.240+0700] {dag.py:3096} INFO - Sync 2 DAGs
[2024-04-17T22:43:48.246+0700] {logging_mixin.py:188} INFO - [2024-04-17T22:43:48.245+0700] {dag.py:3954} INFO - Setting next_dagrun for example_subdag_operator.section-1 to None, run_after=None
[2024-04-17T22:43:48.246+0700] {logging_mixin.py:188} INFO - [2024-04-17T22:43:48.246+0700] {dag.py:3954} INFO - Setting next_dagrun for example_subdag_operator.section-2 to None, run_after=None
[2024-04-17T22:43:48.266+0700] {processor.py:183} INFO - Processing /home/newrey/airflow/airflow-env/lib/python3.10/site-packages/airflow/example_dags/example_subdag_operator.py took 0.289 seconds
[2024-04-17T22:44:47.549+0700] {processor.py:161} INFO - Started process (PID=5019) to work on /home/newrey/airflow/airflow-env/lib/python3.10/site-packages/airflow/example_dags/example_subdag_operator.py
[2024-04-17T22:44:47.550+0700] {processor.py:830} INFO - Processing file /home/newrey/airflow/airflow-env/lib/python3.10/site-packages/airflow/example_dags/example_subdag_operator.py for tasks to queue
[2024-04-17T22:44:47.552+0700] {logging_mixin.py:188} INFO - [2024-04-17T22:44:47.552+0700] {dagbag.py:540} INFO - Filling up the DagBag from /home/newrey/airflow/airflow-env/lib/python3.10/site-packages/airflow/example_dags/example_subdag_operator.py
[2024-04-17T22:44:47.572+0700] {processor.py:840} INFO - DAG(s) 'example_subdag_operator.section-1', 'example_subdag_operator.section-2', 'example_subdag_operator' retrieved from /home/newrey/airflow/airflow-env/lib/python3.10/site-packages/airflow/example_dags/example_subdag_operator.py
[2024-04-17T22:44:47.688+0700] {logging_mixin.py:188} INFO - [2024-04-17T22:44:47.688+0700] {dag.py:3096} INFO - Sync 3 DAGs
[2024-04-17T22:44:47.720+0700] {logging_mixin.py:188} INFO - [2024-04-17T22:44:47.720+0700] {dag.py:3954} INFO - Setting next_dagrun for example_subdag_operator to 2022-01-01 00:00:00+00:00, run_after=2022-01-01 00:00:00+00:00
[2024-04-17T22:44:47.724+0700] {logging_mixin.py:188} INFO - [2024-04-17T22:44:47.723+0700] {dag.py:3954} INFO - Setting next_dagrun for example_subdag_operator.section-1 to None, run_after=None
[2024-04-17T22:44:47.725+0700] {logging_mixin.py:188} INFO - [2024-04-17T22:44:47.725+0700] {dag.py:3954} INFO - Setting next_dagrun for example_subdag_operator.section-2 to None, run_after=None
[2024-04-17T22:44:47.735+0700] {logging_mixin.py:188} INFO - [2024-04-17T22:44:47.735+0700] {dag.py:3096} INFO - Sync 2 DAGs
[2024-04-17T22:44:47.742+0700] {logging_mixin.py:188} INFO - [2024-04-17T22:44:47.741+0700] {dag.py:3954} INFO - Setting next_dagrun for example_subdag_operator.section-1 to None, run_after=None
[2024-04-17T22:44:47.743+0700] {logging_mixin.py:188} INFO - [2024-04-17T22:44:47.743+0700] {dag.py:3954} INFO - Setting next_dagrun for example_subdag_operator.section-2 to None, run_after=None
[2024-04-17T22:44:47.766+0700] {processor.py:183} INFO - Processing /home/newrey/airflow/airflow-env/lib/python3.10/site-packages/airflow/example_dags/example_subdag_operator.py took 0.225 seconds
[2024-04-17T22:45:41.318+0700] {processor.py:161} INFO - Started process (PID=5149) to work on /home/newrey/airflow/airflow-env/lib/python3.10/site-packages/airflow/example_dags/example_subdag_operator.py
[2024-04-17T22:45:41.321+0700] {processor.py:830} INFO - Processing file /home/newrey/airflow/airflow-env/lib/python3.10/site-packages/airflow/example_dags/example_subdag_operator.py for tasks to queue
[2024-04-17T22:45:41.324+0700] {logging_mixin.py:188} INFO - [2024-04-17T22:45:41.323+0700] {dagbag.py:540} INFO - Filling up the DagBag from /home/newrey/airflow/airflow-env/lib/python3.10/site-packages/airflow/example_dags/example_subdag_operator.py
[2024-04-17T22:45:41.376+0700] {processor.py:840} INFO - DAG(s) 'example_subdag_operator.section-1', 'example_subdag_operator.section-2', 'example_subdag_operator' retrieved from /home/newrey/airflow/airflow-env/lib/python3.10/site-packages/airflow/example_dags/example_subdag_operator.py
[2024-04-17T22:45:41.427+0700] {logging_mixin.py:188} INFO - [2024-04-17T22:45:41.426+0700] {dag.py:3096} INFO - Sync 3 DAGs
[2024-04-17T22:45:41.457+0700] {logging_mixin.py:188} INFO - [2024-04-17T22:45:41.457+0700] {dag.py:3954} INFO - Setting next_dagrun for example_subdag_operator to 2022-01-01 00:00:00+00:00, run_after=2022-01-01 00:00:00+00:00
[2024-04-17T22:45:41.464+0700] {logging_mixin.py:188} INFO - [2024-04-17T22:45:41.462+0700] {dag.py:3954} INFO - Setting next_dagrun for example_subdag_operator.section-1 to None, run_after=None
[2024-04-17T22:45:41.466+0700] {logging_mixin.py:188} INFO - [2024-04-17T22:45:41.465+0700] {dag.py:3954} INFO - Setting next_dagrun for example_subdag_operator.section-2 to None, run_after=None
[2024-04-17T22:45:41.473+0700] {logging_mixin.py:188} INFO - [2024-04-17T22:45:41.472+0700] {dag.py:3096} INFO - Sync 2 DAGs
[2024-04-17T22:45:41.477+0700] {logging_mixin.py:188} INFO - [2024-04-17T22:45:41.477+0700] {dag.py:3954} INFO - Setting next_dagrun for example_subdag_operator.section-1 to None, run_after=None
[2024-04-17T22:45:41.478+0700] {logging_mixin.py:188} INFO - [2024-04-17T22:45:41.478+0700] {dag.py:3954} INFO - Setting next_dagrun for example_subdag_operator.section-2 to None, run_after=None
[2024-04-17T22:45:41.526+0700] {processor.py:183} INFO - Processing /home/newrey/airflow/airflow-env/lib/python3.10/site-packages/airflow/example_dags/example_subdag_operator.py took 0.231 seconds
[2024-04-17T22:46:38.379+0700] {processor.py:161} INFO - Started process (PID=5272) to work on /home/newrey/airflow/airflow-env/lib/python3.10/site-packages/airflow/example_dags/example_subdag_operator.py
[2024-04-17T22:46:38.381+0700] {processor.py:830} INFO - Processing file /home/newrey/airflow/airflow-env/lib/python3.10/site-packages/airflow/example_dags/example_subdag_operator.py for tasks to queue
[2024-04-17T22:46:38.382+0700] {logging_mixin.py:188} INFO - [2024-04-17T22:46:38.382+0700] {dagbag.py:540} INFO - Filling up the DagBag from /home/newrey/airflow/airflow-env/lib/python3.10/site-packages/airflow/example_dags/example_subdag_operator.py
[2024-04-17T22:46:38.400+0700] {processor.py:840} INFO - DAG(s) 'example_subdag_operator.section-1', 'example_subdag_operator.section-2', 'example_subdag_operator' retrieved from /home/newrey/airflow/airflow-env/lib/python3.10/site-packages/airflow/example_dags/example_subdag_operator.py
[2024-04-17T22:46:38.418+0700] {logging_mixin.py:188} INFO - [2024-04-17T22:46:38.417+0700] {dag.py:3096} INFO - Sync 3 DAGs
[2024-04-17T22:46:38.439+0700] {logging_mixin.py:188} INFO - [2024-04-17T22:46:38.439+0700] {dag.py:3954} INFO - Setting next_dagrun for example_subdag_operator to 2022-01-01 00:00:00+00:00, run_after=2022-01-01 00:00:00+00:00
[2024-04-17T22:46:38.443+0700] {logging_mixin.py:188} INFO - [2024-04-17T22:46:38.443+0700] {dag.py:3954} INFO - Setting next_dagrun for example_subdag_operator.section-1 to None, run_after=None
[2024-04-17T22:46:38.445+0700] {logging_mixin.py:188} INFO - [2024-04-17T22:46:38.445+0700] {dag.py:3954} INFO - Setting next_dagrun for example_subdag_operator.section-2 to None, run_after=None
[2024-04-17T22:46:38.452+0700] {logging_mixin.py:188} INFO - [2024-04-17T22:46:38.452+0700] {dag.py:3096} INFO - Sync 2 DAGs
[2024-04-17T22:46:38.457+0700] {logging_mixin.py:188} INFO - [2024-04-17T22:46:38.457+0700] {dag.py:3954} INFO - Setting next_dagrun for example_subdag_operator.section-1 to None, run_after=None
[2024-04-17T22:46:38.457+0700] {logging_mixin.py:188} INFO - [2024-04-17T22:46:38.457+0700] {dag.py:3954} INFO - Setting next_dagrun for example_subdag_operator.section-2 to None, run_after=None
[2024-04-17T22:46:38.477+0700] {processor.py:183} INFO - Processing /home/newrey/airflow/airflow-env/lib/python3.10/site-packages/airflow/example_dags/example_subdag_operator.py took 0.108 seconds
[2024-04-17T22:47:28.025+0700] {processor.py:161} INFO - Started process (PID=5520) to work on /home/newrey/airflow/airflow-env/lib/python3.10/site-packages/airflow/example_dags/example_subdag_operator.py
[2024-04-17T22:47:28.030+0700] {processor.py:830} INFO - Processing file /home/newrey/airflow/airflow-env/lib/python3.10/site-packages/airflow/example_dags/example_subdag_operator.py for tasks to queue
[2024-04-17T22:47:28.031+0700] {logging_mixin.py:188} INFO - [2024-04-17T22:47:28.031+0700] {dagbag.py:540} INFO - Filling up the DagBag from /home/newrey/airflow/airflow-env/lib/python3.10/site-packages/airflow/example_dags/example_subdag_operator.py
[2024-04-17T22:47:28.052+0700] {processor.py:840} INFO - DAG(s) 'example_subdag_operator.section-1', 'example_subdag_operator.section-2', 'example_subdag_operator' retrieved from /home/newrey/airflow/airflow-env/lib/python3.10/site-packages/airflow/example_dags/example_subdag_operator.py
[2024-04-17T22:47:28.072+0700] {logging_mixin.py:188} INFO - [2024-04-17T22:47:28.071+0700] {dag.py:3096} INFO - Sync 3 DAGs
[2024-04-17T22:47:28.091+0700] {logging_mixin.py:188} INFO - [2024-04-17T22:47:28.091+0700] {dag.py:3954} INFO - Setting next_dagrun for example_subdag_operator to 2022-01-01 00:00:00+00:00, run_after=2022-01-01 00:00:00+00:00
[2024-04-17T22:47:28.098+0700] {logging_mixin.py:188} INFO - [2024-04-17T22:47:28.097+0700] {dag.py:3954} INFO - Setting next_dagrun for example_subdag_operator.section-1 to None, run_after=None
[2024-04-17T22:47:28.099+0700] {logging_mixin.py:188} INFO - [2024-04-17T22:47:28.099+0700] {dag.py:3954} INFO - Setting next_dagrun for example_subdag_operator.section-2 to None, run_after=None
[2024-04-17T22:47:28.105+0700] {logging_mixin.py:188} INFO - [2024-04-17T22:47:28.105+0700] {dag.py:3096} INFO - Sync 2 DAGs
[2024-04-17T22:47:28.111+0700] {logging_mixin.py:188} INFO - [2024-04-17T22:47:28.111+0700] {dag.py:3954} INFO - Setting next_dagrun for example_subdag_operator.section-1 to None, run_after=None
[2024-04-17T22:47:28.112+0700] {logging_mixin.py:188} INFO - [2024-04-17T22:47:28.111+0700] {dag.py:3954} INFO - Setting next_dagrun for example_subdag_operator.section-2 to None, run_after=None
[2024-04-17T22:47:28.131+0700] {processor.py:183} INFO - Processing /home/newrey/airflow/airflow-env/lib/python3.10/site-packages/airflow/example_dags/example_subdag_operator.py took 0.114 seconds
[2024-04-17T22:48:17.557+0700] {processor.py:161} INFO - Started process (PID=5948) to work on /home/newrey/airflow/airflow-env/lib/python3.10/site-packages/airflow/example_dags/example_subdag_operator.py
[2024-04-17T22:48:17.559+0700] {processor.py:830} INFO - Processing file /home/newrey/airflow/airflow-env/lib/python3.10/site-packages/airflow/example_dags/example_subdag_operator.py for tasks to queue
[2024-04-17T22:48:17.560+0700] {logging_mixin.py:188} INFO - [2024-04-17T22:48:17.560+0700] {dagbag.py:540} INFO - Filling up the DagBag from /home/newrey/airflow/airflow-env/lib/python3.10/site-packages/airflow/example_dags/example_subdag_operator.py
[2024-04-17T22:48:17.581+0700] {processor.py:840} INFO - DAG(s) 'example_subdag_operator.section-1', 'example_subdag_operator.section-2', 'example_subdag_operator' retrieved from /home/newrey/airflow/airflow-env/lib/python3.10/site-packages/airflow/example_dags/example_subdag_operator.py
[2024-04-17T22:48:17.595+0700] {logging_mixin.py:188} INFO - [2024-04-17T22:48:17.595+0700] {dag.py:3096} INFO - Sync 3 DAGs
[2024-04-17T22:48:17.619+0700] {logging_mixin.py:188} INFO - [2024-04-17T22:48:17.618+0700] {dag.py:3954} INFO - Setting next_dagrun for example_subdag_operator to 2022-01-01 00:00:00+00:00, run_after=2022-01-01 00:00:00+00:00
[2024-04-17T22:48:17.622+0700] {logging_mixin.py:188} INFO - [2024-04-17T22:48:17.622+0700] {dag.py:3954} INFO - Setting next_dagrun for example_subdag_operator.section-1 to None, run_after=None
[2024-04-17T22:48:17.623+0700] {logging_mixin.py:188} INFO - [2024-04-17T22:48:17.623+0700] {dag.py:3954} INFO - Setting next_dagrun for example_subdag_operator.section-2 to None, run_after=None
[2024-04-17T22:48:17.629+0700] {logging_mixin.py:188} INFO - [2024-04-17T22:48:17.628+0700] {dag.py:3096} INFO - Sync 2 DAGs
[2024-04-17T22:48:17.636+0700] {logging_mixin.py:188} INFO - [2024-04-17T22:48:17.635+0700] {dag.py:3954} INFO - Setting next_dagrun for example_subdag_operator.section-1 to None, run_after=None
[2024-04-17T22:48:17.636+0700] {logging_mixin.py:188} INFO - [2024-04-17T22:48:17.636+0700] {dag.py:3954} INFO - Setting next_dagrun for example_subdag_operator.section-2 to None, run_after=None
[2024-04-17T22:48:17.654+0700] {processor.py:183} INFO - Processing /home/newrey/airflow/airflow-env/lib/python3.10/site-packages/airflow/example_dags/example_subdag_operator.py took 0.107 seconds
[2024-04-17T22:49:07.546+0700] {processor.py:161} INFO - Started process (PID=6384) to work on /home/newrey/airflow/airflow-env/lib/python3.10/site-packages/airflow/example_dags/example_subdag_operator.py
[2024-04-17T22:49:07.547+0700] {processor.py:830} INFO - Processing file /home/newrey/airflow/airflow-env/lib/python3.10/site-packages/airflow/example_dags/example_subdag_operator.py for tasks to queue
[2024-04-17T22:49:07.549+0700] {logging_mixin.py:188} INFO - [2024-04-17T22:49:07.548+0700] {dagbag.py:540} INFO - Filling up the DagBag from /home/newrey/airflow/airflow-env/lib/python3.10/site-packages/airflow/example_dags/example_subdag_operator.py
[2024-04-17T22:49:07.569+0700] {processor.py:840} INFO - DAG(s) 'example_subdag_operator.section-1', 'example_subdag_operator.section-2', 'example_subdag_operator' retrieved from /home/newrey/airflow/airflow-env/lib/python3.10/site-packages/airflow/example_dags/example_subdag_operator.py
[2024-04-17T22:49:07.584+0700] {logging_mixin.py:188} INFO - [2024-04-17T22:49:07.584+0700] {dag.py:3096} INFO - Sync 3 DAGs
[2024-04-17T22:49:07.602+0700] {logging_mixin.py:188} INFO - [2024-04-17T22:49:07.602+0700] {dag.py:3954} INFO - Setting next_dagrun for example_subdag_operator to 2022-01-01 00:00:00+00:00, run_after=2022-01-01 00:00:00+00:00
[2024-04-17T22:49:07.605+0700] {logging_mixin.py:188} INFO - [2024-04-17T22:49:07.605+0700] {dag.py:3954} INFO - Setting next_dagrun for example_subdag_operator.section-1 to None, run_after=None
[2024-04-17T22:49:07.607+0700] {logging_mixin.py:188} INFO - [2024-04-17T22:49:07.606+0700] {dag.py:3954} INFO - Setting next_dagrun for example_subdag_operator.section-2 to None, run_after=None
[2024-04-17T22:49:07.613+0700] {logging_mixin.py:188} INFO - [2024-04-17T22:49:07.613+0700] {dag.py:3096} INFO - Sync 2 DAGs
[2024-04-17T22:49:07.618+0700] {logging_mixin.py:188} INFO - [2024-04-17T22:49:07.618+0700] {dag.py:3954} INFO - Setting next_dagrun for example_subdag_operator.section-1 to None, run_after=None
[2024-04-17T22:49:07.618+0700] {logging_mixin.py:188} INFO - [2024-04-17T22:49:07.618+0700] {dag.py:3954} INFO - Setting next_dagrun for example_subdag_operator.section-2 to None, run_after=None
[2024-04-17T22:49:07.633+0700] {processor.py:183} INFO - Processing /home/newrey/airflow/airflow-env/lib/python3.10/site-packages/airflow/example_dags/example_subdag_operator.py took 0.097 seconds
[2024-04-17T22:49:58.204+0700] {processor.py:161} INFO - Started process (PID=6511) to work on /home/newrey/airflow/airflow-env/lib/python3.10/site-packages/airflow/example_dags/example_subdag_operator.py
[2024-04-17T22:49:58.211+0700] {processor.py:830} INFO - Processing file /home/newrey/airflow/airflow-env/lib/python3.10/site-packages/airflow/example_dags/example_subdag_operator.py for tasks to queue
[2024-04-17T22:49:58.213+0700] {logging_mixin.py:188} INFO - [2024-04-17T22:49:58.213+0700] {dagbag.py:540} INFO - Filling up the DagBag from /home/newrey/airflow/airflow-env/lib/python3.10/site-packages/airflow/example_dags/example_subdag_operator.py
[2024-04-17T22:49:58.242+0700] {processor.py:840} INFO - DAG(s) 'example_subdag_operator.section-1', 'example_subdag_operator.section-2', 'example_subdag_operator' retrieved from /home/newrey/airflow/airflow-env/lib/python3.10/site-packages/airflow/example_dags/example_subdag_operator.py
[2024-04-17T22:49:58.266+0700] {logging_mixin.py:188} INFO - [2024-04-17T22:49:58.266+0700] {dag.py:3096} INFO - Sync 3 DAGs
[2024-04-17T22:49:58.309+0700] {logging_mixin.py:188} INFO - [2024-04-17T22:49:58.309+0700] {dag.py:3954} INFO - Setting next_dagrun for example_subdag_operator to 2022-01-01 00:00:00+00:00, run_after=2022-01-01 00:00:00+00:00
[2024-04-17T22:49:58.319+0700] {logging_mixin.py:188} INFO - [2024-04-17T22:49:58.319+0700] {dag.py:3954} INFO - Setting next_dagrun for example_subdag_operator.section-1 to None, run_after=None
[2024-04-17T22:49:58.321+0700] {logging_mixin.py:188} INFO - [2024-04-17T22:49:58.321+0700] {dag.py:3954} INFO - Setting next_dagrun for example_subdag_operator.section-2 to None, run_after=None
[2024-04-17T22:49:58.333+0700] {logging_mixin.py:188} INFO - [2024-04-17T22:49:58.333+0700] {dag.py:3096} INFO - Sync 2 DAGs
[2024-04-17T22:49:58.341+0700] {logging_mixin.py:188} INFO - [2024-04-17T22:49:58.340+0700] {dag.py:3954} INFO - Setting next_dagrun for example_subdag_operator.section-1 to None, run_after=None
[2024-04-17T22:49:58.341+0700] {logging_mixin.py:188} INFO - [2024-04-17T22:49:58.341+0700] {dag.py:3954} INFO - Setting next_dagrun for example_subdag_operator.section-2 to None, run_after=None
[2024-04-17T22:49:58.363+0700] {processor.py:183} INFO - Processing /home/newrey/airflow/airflow-env/lib/python3.10/site-packages/airflow/example_dags/example_subdag_operator.py took 0.173 seconds
[2024-04-17T22:50:45.070+0700] {processor.py:161} INFO - Started process (PID=6644) to work on /home/newrey/airflow/airflow-env/lib/python3.10/site-packages/airflow/example_dags/example_subdag_operator.py
[2024-04-17T22:50:45.076+0700] {processor.py:830} INFO - Processing file /home/newrey/airflow/airflow-env/lib/python3.10/site-packages/airflow/example_dags/example_subdag_operator.py for tasks to queue
[2024-04-17T22:50:45.079+0700] {logging_mixin.py:188} INFO - [2024-04-17T22:50:45.078+0700] {dagbag.py:540} INFO - Filling up the DagBag from /home/newrey/airflow/airflow-env/lib/python3.10/site-packages/airflow/example_dags/example_subdag_operator.py
[2024-04-17T22:50:45.129+0700] {processor.py:840} INFO - DAG(s) 'example_subdag_operator.section-1', 'example_subdag_operator.section-2', 'example_subdag_operator' retrieved from /home/newrey/airflow/airflow-env/lib/python3.10/site-packages/airflow/example_dags/example_subdag_operator.py
[2024-04-17T22:50:45.191+0700] {logging_mixin.py:188} INFO - [2024-04-17T22:50:45.191+0700] {dag.py:3096} INFO - Sync 3 DAGs
[2024-04-17T22:50:45.272+0700] {logging_mixin.py:188} INFO - [2024-04-17T22:50:45.272+0700] {dag.py:3954} INFO - Setting next_dagrun for example_subdag_operator to 2022-01-01 00:00:00+00:00, run_after=2022-01-01 00:00:00+00:00
[2024-04-17T22:50:45.287+0700] {logging_mixin.py:188} INFO - [2024-04-17T22:50:45.287+0700] {dag.py:3954} INFO - Setting next_dagrun for example_subdag_operator.section-1 to None, run_after=None
[2024-04-17T22:50:45.300+0700] {logging_mixin.py:188} INFO - [2024-04-17T22:50:45.300+0700] {dag.py:3954} INFO - Setting next_dagrun for example_subdag_operator.section-2 to None, run_after=None
[2024-04-17T22:50:45.322+0700] {logging_mixin.py:188} INFO - [2024-04-17T22:50:45.321+0700] {dag.py:3096} INFO - Sync 2 DAGs
[2024-04-17T22:50:45.350+0700] {logging_mixin.py:188} INFO - [2024-04-17T22:50:45.350+0700] {dag.py:3954} INFO - Setting next_dagrun for example_subdag_operator.section-1 to None, run_after=None
[2024-04-17T22:50:45.351+0700] {logging_mixin.py:188} INFO - [2024-04-17T22:50:45.351+0700] {dag.py:3954} INFO - Setting next_dagrun for example_subdag_operator.section-2 to None, run_after=None
[2024-04-17T22:50:45.618+0700] {processor.py:183} INFO - Processing /home/newrey/airflow/airflow-env/lib/python3.10/site-packages/airflow/example_dags/example_subdag_operator.py took 0.569 seconds
[2024-04-17T22:51:59.273+0700] {processor.py:161} INFO - Started process (PID=7593) to work on /home/newrey/airflow/airflow-env/lib/python3.10/site-packages/airflow/example_dags/example_subdag_operator.py
[2024-04-17T22:51:59.275+0700] {processor.py:830} INFO - Processing file /home/newrey/airflow/airflow-env/lib/python3.10/site-packages/airflow/example_dags/example_subdag_operator.py for tasks to queue
[2024-04-17T22:51:59.276+0700] {logging_mixin.py:188} INFO - [2024-04-17T22:51:59.276+0700] {dagbag.py:540} INFO - Filling up the DagBag from /home/newrey/airflow/airflow-env/lib/python3.10/site-packages/airflow/example_dags/example_subdag_operator.py
[2024-04-17T22:51:59.299+0700] {processor.py:840} INFO - DAG(s) 'example_subdag_operator.section-1', 'example_subdag_operator.section-2', 'example_subdag_operator' retrieved from /home/newrey/airflow/airflow-env/lib/python3.10/site-packages/airflow/example_dags/example_subdag_operator.py
[2024-04-17T22:51:59.317+0700] {logging_mixin.py:188} INFO - [2024-04-17T22:51:59.317+0700] {dag.py:3096} INFO - Sync 3 DAGs
[2024-04-17T22:51:59.340+0700] {logging_mixin.py:188} INFO - [2024-04-17T22:51:59.340+0700] {dag.py:3954} INFO - Setting next_dagrun for example_subdag_operator to 2022-01-01 00:00:00+00:00, run_after=2022-01-01 00:00:00+00:00
[2024-04-17T22:51:59.347+0700] {logging_mixin.py:188} INFO - [2024-04-17T22:51:59.347+0700] {dag.py:3954} INFO - Setting next_dagrun for example_subdag_operator.section-1 to None, run_after=None
[2024-04-17T22:51:59.349+0700] {logging_mixin.py:188} INFO - [2024-04-17T22:51:59.349+0700] {dag.py:3954} INFO - Setting next_dagrun for example_subdag_operator.section-2 to None, run_after=None
[2024-04-17T22:51:59.359+0700] {logging_mixin.py:188} INFO - [2024-04-17T22:51:59.359+0700] {dag.py:3096} INFO - Sync 2 DAGs
[2024-04-17T22:51:59.371+0700] {logging_mixin.py:188} INFO - [2024-04-17T22:51:59.370+0700] {dag.py:3954} INFO - Setting next_dagrun for example_subdag_operator.section-1 to None, run_after=None
[2024-04-17T22:51:59.372+0700] {logging_mixin.py:188} INFO - [2024-04-17T22:51:59.371+0700] {dag.py:3954} INFO - Setting next_dagrun for example_subdag_operator.section-2 to None, run_after=None
[2024-04-17T22:51:59.420+0700] {processor.py:183} INFO - Processing /home/newrey/airflow/airflow-env/lib/python3.10/site-packages/airflow/example_dags/example_subdag_operator.py took 0.156 seconds
[2024-04-17T22:52:52.548+0700] {processor.py:161} INFO - Started process (PID=8266) to work on /home/newrey/airflow/airflow-env/lib/python3.10/site-packages/airflow/example_dags/example_subdag_operator.py
[2024-04-17T22:52:52.552+0700] {processor.py:830} INFO - Processing file /home/newrey/airflow/airflow-env/lib/python3.10/site-packages/airflow/example_dags/example_subdag_operator.py for tasks to queue
[2024-04-17T22:52:52.555+0700] {logging_mixin.py:188} INFO - [2024-04-17T22:52:52.555+0700] {dagbag.py:540} INFO - Filling up the DagBag from /home/newrey/airflow/airflow-env/lib/python3.10/site-packages/airflow/example_dags/example_subdag_operator.py
[2024-04-17T22:52:52.592+0700] {processor.py:840} INFO - DAG(s) 'example_subdag_operator.section-1', 'example_subdag_operator.section-2', 'example_subdag_operator' retrieved from /home/newrey/airflow/airflow-env/lib/python3.10/site-packages/airflow/example_dags/example_subdag_operator.py
[2024-04-17T22:52:52.620+0700] {logging_mixin.py:188} INFO - [2024-04-17T22:52:52.619+0700] {dag.py:3096} INFO - Sync 3 DAGs
[2024-04-17T22:52:52.663+0700] {logging_mixin.py:188} INFO - [2024-04-17T22:52:52.662+0700] {dag.py:3954} INFO - Setting next_dagrun for example_subdag_operator to 2022-01-01 00:00:00+00:00, run_after=2022-01-01 00:00:00+00:00
[2024-04-17T22:52:52.669+0700] {logging_mixin.py:188} INFO - [2024-04-17T22:52:52.668+0700] {dag.py:3954} INFO - Setting next_dagrun for example_subdag_operator.section-1 to None, run_after=None
[2024-04-17T22:52:52.671+0700] {logging_mixin.py:188} INFO - [2024-04-17T22:52:52.670+0700] {dag.py:3954} INFO - Setting next_dagrun for example_subdag_operator.section-2 to None, run_after=None
[2024-04-17T22:52:52.683+0700] {logging_mixin.py:188} INFO - [2024-04-17T22:52:52.683+0700] {dag.py:3096} INFO - Sync 2 DAGs
[2024-04-17T22:52:52.692+0700] {logging_mixin.py:188} INFO - [2024-04-17T22:52:52.692+0700] {dag.py:3954} INFO - Setting next_dagrun for example_subdag_operator.section-1 to None, run_after=None
[2024-04-17T22:52:52.693+0700] {logging_mixin.py:188} INFO - [2024-04-17T22:52:52.693+0700] {dag.py:3954} INFO - Setting next_dagrun for example_subdag_operator.section-2 to None, run_after=None
[2024-04-17T22:52:52.731+0700] {processor.py:183} INFO - Processing /home/newrey/airflow/airflow-env/lib/python3.10/site-packages/airflow/example_dags/example_subdag_operator.py took 0.205 seconds
[2024-04-17T22:53:50.375+0700] {processor.py:161} INFO - Started process (PID=9111) to work on /home/newrey/airflow/airflow-env/lib/python3.10/site-packages/airflow/example_dags/example_subdag_operator.py
[2024-04-17T22:53:50.377+0700] {processor.py:830} INFO - Processing file /home/newrey/airflow/airflow-env/lib/python3.10/site-packages/airflow/example_dags/example_subdag_operator.py for tasks to queue
[2024-04-17T22:53:50.378+0700] {logging_mixin.py:188} INFO - [2024-04-17T22:53:50.378+0700] {dagbag.py:540} INFO - Filling up the DagBag from /home/newrey/airflow/airflow-env/lib/python3.10/site-packages/airflow/example_dags/example_subdag_operator.py
[2024-04-17T22:53:50.398+0700] {processor.py:840} INFO - DAG(s) 'example_subdag_operator.section-1', 'example_subdag_operator.section-2', 'example_subdag_operator' retrieved from /home/newrey/airflow/airflow-env/lib/python3.10/site-packages/airflow/example_dags/example_subdag_operator.py
[2024-04-17T22:53:50.415+0700] {logging_mixin.py:188} INFO - [2024-04-17T22:53:50.414+0700] {dag.py:3096} INFO - Sync 3 DAGs
[2024-04-17T22:53:50.442+0700] {logging_mixin.py:188} INFO - [2024-04-17T22:53:50.442+0700] {dag.py:3954} INFO - Setting next_dagrun for example_subdag_operator to 2022-01-01 00:00:00+00:00, run_after=2022-01-01 00:00:00+00:00
[2024-04-17T22:53:50.446+0700] {logging_mixin.py:188} INFO - [2024-04-17T22:53:50.445+0700] {dag.py:3954} INFO - Setting next_dagrun for example_subdag_operator.section-1 to None, run_after=None
[2024-04-17T22:53:50.447+0700] {logging_mixin.py:188} INFO - [2024-04-17T22:53:50.446+0700] {dag.py:3954} INFO - Setting next_dagrun for example_subdag_operator.section-2 to None, run_after=None
[2024-04-17T22:53:50.453+0700] {logging_mixin.py:188} INFO - [2024-04-17T22:53:50.452+0700] {dag.py:3096} INFO - Sync 2 DAGs
[2024-04-17T22:53:50.460+0700] {logging_mixin.py:188} INFO - [2024-04-17T22:53:50.460+0700] {dag.py:3954} INFO - Setting next_dagrun for example_subdag_operator.section-1 to None, run_after=None
[2024-04-17T22:53:50.460+0700] {logging_mixin.py:188} INFO - [2024-04-17T22:53:50.460+0700] {dag.py:3954} INFO - Setting next_dagrun for example_subdag_operator.section-2 to None, run_after=None
[2024-04-17T22:53:50.481+0700] {processor.py:183} INFO - Processing /home/newrey/airflow/airflow-env/lib/python3.10/site-packages/airflow/example_dags/example_subdag_operator.py took 0.116 seconds
[2024-04-17T22:54:44.499+0700] {processor.py:161} INFO - Started process (PID=9243) to work on /home/newrey/airflow/airflow-env/lib/python3.10/site-packages/airflow/example_dags/example_subdag_operator.py
[2024-04-17T22:54:44.501+0700] {processor.py:830} INFO - Processing file /home/newrey/airflow/airflow-env/lib/python3.10/site-packages/airflow/example_dags/example_subdag_operator.py for tasks to queue
[2024-04-17T22:54:44.502+0700] {logging_mixin.py:188} INFO - [2024-04-17T22:54:44.502+0700] {dagbag.py:540} INFO - Filling up the DagBag from /home/newrey/airflow/airflow-env/lib/python3.10/site-packages/airflow/example_dags/example_subdag_operator.py
[2024-04-17T22:54:44.520+0700] {processor.py:840} INFO - DAG(s) 'example_subdag_operator.section-1', 'example_subdag_operator.section-2', 'example_subdag_operator' retrieved from /home/newrey/airflow/airflow-env/lib/python3.10/site-packages/airflow/example_dags/example_subdag_operator.py
[2024-04-17T22:54:44.537+0700] {logging_mixin.py:188} INFO - [2024-04-17T22:54:44.537+0700] {dag.py:3096} INFO - Sync 3 DAGs
[2024-04-17T22:54:44.559+0700] {logging_mixin.py:188} INFO - [2024-04-17T22:54:44.559+0700] {dag.py:3954} INFO - Setting next_dagrun for example_subdag_operator to 2022-01-01 00:00:00+00:00, run_after=2022-01-01 00:00:00+00:00
[2024-04-17T22:54:44.563+0700] {logging_mixin.py:188} INFO - [2024-04-17T22:54:44.562+0700] {dag.py:3954} INFO - Setting next_dagrun for example_subdag_operator.section-1 to None, run_after=None
[2024-04-17T22:54:44.564+0700] {logging_mixin.py:188} INFO - [2024-04-17T22:54:44.564+0700] {dag.py:3954} INFO - Setting next_dagrun for example_subdag_operator.section-2 to None, run_after=None
[2024-04-17T22:54:44.570+0700] {logging_mixin.py:188} INFO - [2024-04-17T22:54:44.570+0700] {dag.py:3096} INFO - Sync 2 DAGs
[2024-04-17T22:54:44.578+0700] {logging_mixin.py:188} INFO - [2024-04-17T22:54:44.578+0700] {dag.py:3954} INFO - Setting next_dagrun for example_subdag_operator.section-1 to None, run_after=None
[2024-04-17T22:54:44.579+0700] {logging_mixin.py:188} INFO - [2024-04-17T22:54:44.578+0700] {dag.py:3954} INFO - Setting next_dagrun for example_subdag_operator.section-2 to None, run_after=None
[2024-04-17T22:54:44.606+0700] {processor.py:183} INFO - Processing /home/newrey/airflow/airflow-env/lib/python3.10/site-packages/airflow/example_dags/example_subdag_operator.py took 0.116 seconds
[2024-04-17T22:55:26.465+0700] {processor.py:161} INFO - Started process (PID=9366) to work on /home/newrey/airflow/airflow-env/lib/python3.10/site-packages/airflow/example_dags/example_subdag_operator.py
[2024-04-17T22:55:26.466+0700] {processor.py:830} INFO - Processing file /home/newrey/airflow/airflow-env/lib/python3.10/site-packages/airflow/example_dags/example_subdag_operator.py for tasks to queue
[2024-04-17T22:55:26.468+0700] {logging_mixin.py:188} INFO - [2024-04-17T22:55:26.467+0700] {dagbag.py:540} INFO - Filling up the DagBag from /home/newrey/airflow/airflow-env/lib/python3.10/site-packages/airflow/example_dags/example_subdag_operator.py
[2024-04-17T22:55:26.489+0700] {processor.py:840} INFO - DAG(s) 'example_subdag_operator.section-1', 'example_subdag_operator.section-2', 'example_subdag_operator' retrieved from /home/newrey/airflow/airflow-env/lib/python3.10/site-packages/airflow/example_dags/example_subdag_operator.py
[2024-04-17T22:55:26.508+0700] {logging_mixin.py:188} INFO - [2024-04-17T22:55:26.508+0700] {dag.py:3096} INFO - Sync 3 DAGs
[2024-04-17T22:55:26.526+0700] {logging_mixin.py:188} INFO - [2024-04-17T22:55:26.525+0700] {dag.py:3954} INFO - Setting next_dagrun for example_subdag_operator to 2022-01-01 00:00:00+00:00, run_after=2022-01-01 00:00:00+00:00
[2024-04-17T22:55:26.530+0700] {logging_mixin.py:188} INFO - [2024-04-17T22:55:26.529+0700] {dag.py:3954} INFO - Setting next_dagrun for example_subdag_operator.section-1 to None, run_after=None
[2024-04-17T22:55:26.531+0700] {logging_mixin.py:188} INFO - [2024-04-17T22:55:26.531+0700] {dag.py:3954} INFO - Setting next_dagrun for example_subdag_operator.section-2 to None, run_after=None
[2024-04-17T22:55:26.539+0700] {logging_mixin.py:188} INFO - [2024-04-17T22:55:26.539+0700] {dag.py:3096} INFO - Sync 2 DAGs
[2024-04-17T22:55:26.544+0700] {logging_mixin.py:188} INFO - [2024-04-17T22:55:26.543+0700] {dag.py:3954} INFO - Setting next_dagrun for example_subdag_operator.section-1 to None, run_after=None
[2024-04-17T22:55:26.544+0700] {logging_mixin.py:188} INFO - [2024-04-17T22:55:26.544+0700] {dag.py:3954} INFO - Setting next_dagrun for example_subdag_operator.section-2 to None, run_after=None
[2024-04-17T22:55:26.559+0700] {processor.py:183} INFO - Processing /home/newrey/airflow/airflow-env/lib/python3.10/site-packages/airflow/example_dags/example_subdag_operator.py took 0.103 seconds
[2024-04-17T22:56:17.418+0700] {processor.py:161} INFO - Started process (PID=9431) to work on /home/newrey/airflow/airflow-env/lib/python3.10/site-packages/airflow/example_dags/example_subdag_operator.py
[2024-04-17T22:56:17.423+0700] {processor.py:830} INFO - Processing file /home/newrey/airflow/airflow-env/lib/python3.10/site-packages/airflow/example_dags/example_subdag_operator.py for tasks to queue
[2024-04-17T22:56:17.425+0700] {logging_mixin.py:188} INFO - [2024-04-17T22:56:17.424+0700] {dagbag.py:540} INFO - Filling up the DagBag from /home/newrey/airflow/airflow-env/lib/python3.10/site-packages/airflow/example_dags/example_subdag_operator.py
[2024-04-17T22:56:17.459+0700] {processor.py:840} INFO - DAG(s) 'example_subdag_operator.section-1', 'example_subdag_operator.section-2', 'example_subdag_operator' retrieved from /home/newrey/airflow/airflow-env/lib/python3.10/site-packages/airflow/example_dags/example_subdag_operator.py
[2024-04-17T22:56:17.494+0700] {logging_mixin.py:188} INFO - [2024-04-17T22:56:17.485+0700] {dag.py:3096} INFO - Sync 3 DAGs
[2024-04-17T22:56:17.571+0700] {logging_mixin.py:188} INFO - [2024-04-17T22:56:17.570+0700] {dag.py:3954} INFO - Setting next_dagrun for example_subdag_operator to 2022-01-01 00:00:00+00:00, run_after=2022-01-01 00:00:00+00:00
[2024-04-17T22:56:17.590+0700] {logging_mixin.py:188} INFO - [2024-04-17T22:56:17.589+0700] {dag.py:3954} INFO - Setting next_dagrun for example_subdag_operator.section-1 to None, run_after=None
[2024-04-17T22:56:17.592+0700] {logging_mixin.py:188} INFO - [2024-04-17T22:56:17.592+0700] {dag.py:3954} INFO - Setting next_dagrun for example_subdag_operator.section-2 to None, run_after=None
[2024-04-17T22:56:17.611+0700] {logging_mixin.py:188} INFO - [2024-04-17T22:56:17.610+0700] {dag.py:3096} INFO - Sync 2 DAGs
[2024-04-17T22:56:17.620+0700] {logging_mixin.py:188} INFO - [2024-04-17T22:56:17.619+0700] {dag.py:3954} INFO - Setting next_dagrun for example_subdag_operator.section-1 to None, run_after=None
[2024-04-17T22:56:17.621+0700] {logging_mixin.py:188} INFO - [2024-04-17T22:56:17.620+0700] {dag.py:3954} INFO - Setting next_dagrun for example_subdag_operator.section-2 to None, run_after=None
[2024-04-17T22:56:17.682+0700] {processor.py:183} INFO - Processing /home/newrey/airflow/airflow-env/lib/python3.10/site-packages/airflow/example_dags/example_subdag_operator.py took 0.287 seconds
[2024-04-17T22:57:04.757+0700] {processor.py:161} INFO - Started process (PID=9558) to work on /home/newrey/airflow/airflow-env/lib/python3.10/site-packages/airflow/example_dags/example_subdag_operator.py
[2024-04-17T22:57:04.758+0700] {processor.py:830} INFO - Processing file /home/newrey/airflow/airflow-env/lib/python3.10/site-packages/airflow/example_dags/example_subdag_operator.py for tasks to queue
[2024-04-17T22:57:04.759+0700] {logging_mixin.py:188} INFO - [2024-04-17T22:57:04.759+0700] {dagbag.py:540} INFO - Filling up the DagBag from /home/newrey/airflow/airflow-env/lib/python3.10/site-packages/airflow/example_dags/example_subdag_operator.py
[2024-04-17T22:57:04.776+0700] {processor.py:840} INFO - DAG(s) 'example_subdag_operator.section-1', 'example_subdag_operator.section-2', 'example_subdag_operator' retrieved from /home/newrey/airflow/airflow-env/lib/python3.10/site-packages/airflow/example_dags/example_subdag_operator.py
[2024-04-17T22:57:04.790+0700] {logging_mixin.py:188} INFO - [2024-04-17T22:57:04.790+0700] {dag.py:3096} INFO - Sync 3 DAGs
[2024-04-17T22:57:04.809+0700] {logging_mixin.py:188} INFO - [2024-04-17T22:57:04.809+0700] {dag.py:3954} INFO - Setting next_dagrun for example_subdag_operator to 2022-01-01 00:00:00+00:00, run_after=2022-01-01 00:00:00+00:00
[2024-04-17T22:57:04.812+0700] {logging_mixin.py:188} INFO - [2024-04-17T22:57:04.812+0700] {dag.py:3954} INFO - Setting next_dagrun for example_subdag_operator.section-1 to None, run_after=None
[2024-04-17T22:57:04.813+0700] {logging_mixin.py:188} INFO - [2024-04-17T22:57:04.813+0700] {dag.py:3954} INFO - Setting next_dagrun for example_subdag_operator.section-2 to None, run_after=None
[2024-04-17T22:57:04.820+0700] {logging_mixin.py:188} INFO - [2024-04-17T22:57:04.820+0700] {dag.py:3096} INFO - Sync 2 DAGs
[2024-04-17T22:57:04.826+0700] {logging_mixin.py:188} INFO - [2024-04-17T22:57:04.826+0700] {dag.py:3954} INFO - Setting next_dagrun for example_subdag_operator.section-1 to None, run_after=None
[2024-04-17T22:57:04.827+0700] {logging_mixin.py:188} INFO - [2024-04-17T22:57:04.826+0700] {dag.py:3954} INFO - Setting next_dagrun for example_subdag_operator.section-2 to None, run_after=None
[2024-04-17T22:57:04.844+0700] {processor.py:183} INFO - Processing /home/newrey/airflow/airflow-env/lib/python3.10/site-packages/airflow/example_dags/example_subdag_operator.py took 0.096 seconds
[2024-04-17T22:57:48.965+0700] {processor.py:161} INFO - Started process (PID=9742) to work on /home/newrey/airflow/airflow-env/lib/python3.10/site-packages/airflow/example_dags/example_subdag_operator.py
[2024-04-17T22:57:48.966+0700] {processor.py:830} INFO - Processing file /home/newrey/airflow/airflow-env/lib/python3.10/site-packages/airflow/example_dags/example_subdag_operator.py for tasks to queue
[2024-04-17T22:57:48.968+0700] {logging_mixin.py:188} INFO - [2024-04-17T22:57:48.968+0700] {dagbag.py:540} INFO - Filling up the DagBag from /home/newrey/airflow/airflow-env/lib/python3.10/site-packages/airflow/example_dags/example_subdag_operator.py
[2024-04-17T22:57:48.989+0700] {processor.py:840} INFO - DAG(s) 'example_subdag_operator.section-1', 'example_subdag_operator.section-2', 'example_subdag_operator' retrieved from /home/newrey/airflow/airflow-env/lib/python3.10/site-packages/airflow/example_dags/example_subdag_operator.py
[2024-04-17T22:57:49.004+0700] {logging_mixin.py:188} INFO - [2024-04-17T22:57:49.004+0700] {dag.py:3096} INFO - Sync 3 DAGs
[2024-04-17T22:57:49.025+0700] {logging_mixin.py:188} INFO - [2024-04-17T22:57:49.025+0700] {dag.py:3954} INFO - Setting next_dagrun for example_subdag_operator to 2022-01-01 00:00:00+00:00, run_after=2022-01-01 00:00:00+00:00
[2024-04-17T22:57:49.029+0700] {logging_mixin.py:188} INFO - [2024-04-17T22:57:49.029+0700] {dag.py:3954} INFO - Setting next_dagrun for example_subdag_operator.section-1 to None, run_after=None
[2024-04-17T22:57:49.031+0700] {logging_mixin.py:188} INFO - [2024-04-17T22:57:49.030+0700] {dag.py:3954} INFO - Setting next_dagrun for example_subdag_operator.section-2 to None, run_after=None
[2024-04-17T22:57:49.038+0700] {logging_mixin.py:188} INFO - [2024-04-17T22:57:49.038+0700] {dag.py:3096} INFO - Sync 2 DAGs
[2024-04-17T22:57:49.043+0700] {logging_mixin.py:188} INFO - [2024-04-17T22:57:49.042+0700] {dag.py:3954} INFO - Setting next_dagrun for example_subdag_operator.section-1 to None, run_after=None
[2024-04-17T22:57:49.043+0700] {logging_mixin.py:188} INFO - [2024-04-17T22:57:49.043+0700] {dag.py:3954} INFO - Setting next_dagrun for example_subdag_operator.section-2 to None, run_after=None
[2024-04-17T22:57:49.058+0700] {processor.py:183} INFO - Processing /home/newrey/airflow/airflow-env/lib/python3.10/site-packages/airflow/example_dags/example_subdag_operator.py took 0.102 seconds
[2024-04-17T22:58:35.428+0700] {processor.py:161} INFO - Started process (PID=9870) to work on /home/newrey/airflow/airflow-env/lib/python3.10/site-packages/airflow/example_dags/example_subdag_operator.py
[2024-04-17T22:58:35.429+0700] {processor.py:830} INFO - Processing file /home/newrey/airflow/airflow-env/lib/python3.10/site-packages/airflow/example_dags/example_subdag_operator.py for tasks to queue
[2024-04-17T22:58:35.430+0700] {logging_mixin.py:188} INFO - [2024-04-17T22:58:35.430+0700] {dagbag.py:540} INFO - Filling up the DagBag from /home/newrey/airflow/airflow-env/lib/python3.10/site-packages/airflow/example_dags/example_subdag_operator.py
[2024-04-17T22:58:35.453+0700] {processor.py:840} INFO - DAG(s) 'example_subdag_operator.section-1', 'example_subdag_operator.section-2', 'example_subdag_operator' retrieved from /home/newrey/airflow/airflow-env/lib/python3.10/site-packages/airflow/example_dags/example_subdag_operator.py
[2024-04-17T22:58:35.472+0700] {logging_mixin.py:188} INFO - [2024-04-17T22:58:35.472+0700] {dag.py:3096} INFO - Sync 3 DAGs
[2024-04-17T22:58:35.501+0700] {logging_mixin.py:188} INFO - [2024-04-17T22:58:35.500+0700] {dag.py:3954} INFO - Setting next_dagrun for example_subdag_operator to 2022-01-01 00:00:00+00:00, run_after=2022-01-01 00:00:00+00:00
[2024-04-17T22:58:35.506+0700] {logging_mixin.py:188} INFO - [2024-04-17T22:58:35.506+0700] {dag.py:3954} INFO - Setting next_dagrun for example_subdag_operator.section-1 to None, run_after=None
[2024-04-17T22:58:35.507+0700] {logging_mixin.py:188} INFO - [2024-04-17T22:58:35.507+0700] {dag.py:3954} INFO - Setting next_dagrun for example_subdag_operator.section-2 to None, run_after=None
[2024-04-17T22:58:35.515+0700] {logging_mixin.py:188} INFO - [2024-04-17T22:58:35.515+0700] {dag.py:3096} INFO - Sync 2 DAGs
[2024-04-17T22:58:35.523+0700] {logging_mixin.py:188} INFO - [2024-04-17T22:58:35.523+0700] {dag.py:3954} INFO - Setting next_dagrun for example_subdag_operator.section-1 to None, run_after=None
[2024-04-17T22:58:35.524+0700] {logging_mixin.py:188} INFO - [2024-04-17T22:58:35.523+0700] {dag.py:3954} INFO - Setting next_dagrun for example_subdag_operator.section-2 to None, run_after=None
[2024-04-17T22:58:35.543+0700] {processor.py:183} INFO - Processing /home/newrey/airflow/airflow-env/lib/python3.10/site-packages/airflow/example_dags/example_subdag_operator.py took 0.125 seconds
[2024-04-17T22:59:22.093+0700] {processor.py:161} INFO - Started process (PID=10058) to work on /home/newrey/airflow/airflow-env/lib/python3.10/site-packages/airflow/example_dags/example_subdag_operator.py
[2024-04-17T22:59:22.094+0700] {processor.py:830} INFO - Processing file /home/newrey/airflow/airflow-env/lib/python3.10/site-packages/airflow/example_dags/example_subdag_operator.py for tasks to queue
[2024-04-17T22:59:22.095+0700] {logging_mixin.py:188} INFO - [2024-04-17T22:59:22.095+0700] {dagbag.py:540} INFO - Filling up the DagBag from /home/newrey/airflow/airflow-env/lib/python3.10/site-packages/airflow/example_dags/example_subdag_operator.py
[2024-04-17T22:59:22.113+0700] {processor.py:840} INFO - DAG(s) 'example_subdag_operator.section-1', 'example_subdag_operator.section-2', 'example_subdag_operator' retrieved from /home/newrey/airflow/airflow-env/lib/python3.10/site-packages/airflow/example_dags/example_subdag_operator.py
[2024-04-17T22:59:22.127+0700] {logging_mixin.py:188} INFO - [2024-04-17T22:59:22.127+0700] {dag.py:3096} INFO - Sync 3 DAGs
[2024-04-17T22:59:22.147+0700] {logging_mixin.py:188} INFO - [2024-04-17T22:59:22.146+0700] {dag.py:3954} INFO - Setting next_dagrun for example_subdag_operator to 2022-01-01 00:00:00+00:00, run_after=2022-01-01 00:00:00+00:00
[2024-04-17T22:59:22.150+0700] {logging_mixin.py:188} INFO - [2024-04-17T22:59:22.150+0700] {dag.py:3954} INFO - Setting next_dagrun for example_subdag_operator.section-1 to None, run_after=None
[2024-04-17T22:59:22.151+0700] {logging_mixin.py:188} INFO - [2024-04-17T22:59:22.151+0700] {dag.py:3954} INFO - Setting next_dagrun for example_subdag_operator.section-2 to None, run_after=None
[2024-04-17T22:59:22.157+0700] {logging_mixin.py:188} INFO - [2024-04-17T22:59:22.157+0700] {dag.py:3096} INFO - Sync 2 DAGs
[2024-04-17T22:59:22.161+0700] {logging_mixin.py:188} INFO - [2024-04-17T22:59:22.161+0700] {dag.py:3954} INFO - Setting next_dagrun for example_subdag_operator.section-1 to None, run_after=None
[2024-04-17T22:59:22.162+0700] {logging_mixin.py:188} INFO - [2024-04-17T22:59:22.162+0700] {dag.py:3954} INFO - Setting next_dagrun for example_subdag_operator.section-2 to None, run_after=None
[2024-04-17T22:59:22.179+0700] {processor.py:183} INFO - Processing /home/newrey/airflow/airflow-env/lib/python3.10/site-packages/airflow/example_dags/example_subdag_operator.py took 0.099 seconds
[2024-04-17T23:00:09.937+0700] {processor.py:161} INFO - Started process (PID=10251) to work on /home/newrey/airflow/airflow-env/lib/python3.10/site-packages/airflow/example_dags/example_subdag_operator.py
[2024-04-17T23:00:09.940+0700] {processor.py:830} INFO - Processing file /home/newrey/airflow/airflow-env/lib/python3.10/site-packages/airflow/example_dags/example_subdag_operator.py for tasks to queue
[2024-04-17T23:00:09.941+0700] {logging_mixin.py:188} INFO - [2024-04-17T23:00:09.941+0700] {dagbag.py:540} INFO - Filling up the DagBag from /home/newrey/airflow/airflow-env/lib/python3.10/site-packages/airflow/example_dags/example_subdag_operator.py
[2024-04-17T23:00:09.959+0700] {processor.py:840} INFO - DAG(s) 'example_subdag_operator.section-1', 'example_subdag_operator.section-2', 'example_subdag_operator' retrieved from /home/newrey/airflow/airflow-env/lib/python3.10/site-packages/airflow/example_dags/example_subdag_operator.py
[2024-04-17T23:00:09.977+0700] {logging_mixin.py:188} INFO - [2024-04-17T23:00:09.976+0700] {dag.py:3096} INFO - Sync 3 DAGs
[2024-04-17T23:00:10.000+0700] {logging_mixin.py:188} INFO - [2024-04-17T23:00:09.999+0700] {dag.py:3954} INFO - Setting next_dagrun for example_subdag_operator to 2022-01-01 00:00:00+00:00, run_after=2022-01-01 00:00:00+00:00
[2024-04-17T23:00:10.004+0700] {logging_mixin.py:188} INFO - [2024-04-17T23:00:10.004+0700] {dag.py:3954} INFO - Setting next_dagrun for example_subdag_operator.section-1 to None, run_after=None
[2024-04-17T23:00:10.005+0700] {logging_mixin.py:188} INFO - [2024-04-17T23:00:10.005+0700] {dag.py:3954} INFO - Setting next_dagrun for example_subdag_operator.section-2 to None, run_after=None
[2024-04-17T23:00:10.012+0700] {logging_mixin.py:188} INFO - [2024-04-17T23:00:10.011+0700] {dag.py:3096} INFO - Sync 2 DAGs
[2024-04-17T23:00:10.018+0700] {logging_mixin.py:188} INFO - [2024-04-17T23:00:10.017+0700] {dag.py:3954} INFO - Setting next_dagrun for example_subdag_operator.section-1 to None, run_after=None
[2024-04-17T23:00:10.018+0700] {logging_mixin.py:188} INFO - [2024-04-17T23:00:10.018+0700] {dag.py:3954} INFO - Setting next_dagrun for example_subdag_operator.section-2 to None, run_after=None
[2024-04-17T23:00:10.036+0700] {processor.py:183} INFO - Processing /home/newrey/airflow/airflow-env/lib/python3.10/site-packages/airflow/example_dags/example_subdag_operator.py took 0.106 seconds
[2024-04-17T23:01:00.995+0700] {processor.py:161} INFO - Started process (PID=10447) to work on /home/newrey/airflow/airflow-env/lib/python3.10/site-packages/airflow/example_dags/example_subdag_operator.py
[2024-04-17T23:01:00.997+0700] {processor.py:830} INFO - Processing file /home/newrey/airflow/airflow-env/lib/python3.10/site-packages/airflow/example_dags/example_subdag_operator.py for tasks to queue
[2024-04-17T23:01:01.000+0700] {logging_mixin.py:188} INFO - [2024-04-17T23:01:01.000+0700] {dagbag.py:540} INFO - Filling up the DagBag from /home/newrey/airflow/airflow-env/lib/python3.10/site-packages/airflow/example_dags/example_subdag_operator.py
[2024-04-17T23:01:01.019+0700] {processor.py:840} INFO - DAG(s) 'example_subdag_operator.section-1', 'example_subdag_operator.section-2', 'example_subdag_operator' retrieved from /home/newrey/airflow/airflow-env/lib/python3.10/site-packages/airflow/example_dags/example_subdag_operator.py
[2024-04-17T23:01:01.037+0700] {logging_mixin.py:188} INFO - [2024-04-17T23:01:01.036+0700] {dag.py:3096} INFO - Sync 3 DAGs
[2024-04-17T23:01:01.055+0700] {logging_mixin.py:188} INFO - [2024-04-17T23:01:01.054+0700] {dag.py:3954} INFO - Setting next_dagrun for example_subdag_operator to 2022-01-01 00:00:00+00:00, run_after=2022-01-01 00:00:00+00:00
[2024-04-17T23:01:01.058+0700] {logging_mixin.py:188} INFO - [2024-04-17T23:01:01.058+0700] {dag.py:3954} INFO - Setting next_dagrun for example_subdag_operator.section-1 to None, run_after=None
[2024-04-17T23:01:01.059+0700] {logging_mixin.py:188} INFO - [2024-04-17T23:01:01.059+0700] {dag.py:3954} INFO - Setting next_dagrun for example_subdag_operator.section-2 to None, run_after=None
[2024-04-17T23:01:01.065+0700] {logging_mixin.py:188} INFO - [2024-04-17T23:01:01.065+0700] {dag.py:3096} INFO - Sync 2 DAGs
[2024-04-17T23:01:01.071+0700] {logging_mixin.py:188} INFO - [2024-04-17T23:01:01.070+0700] {dag.py:3954} INFO - Setting next_dagrun for example_subdag_operator.section-1 to None, run_after=None
[2024-04-17T23:01:01.071+0700] {logging_mixin.py:188} INFO - [2024-04-17T23:01:01.071+0700] {dag.py:3954} INFO - Setting next_dagrun for example_subdag_operator.section-2 to None, run_after=None
[2024-04-17T23:01:01.090+0700] {processor.py:183} INFO - Processing /home/newrey/airflow/airflow-env/lib/python3.10/site-packages/airflow/example_dags/example_subdag_operator.py took 0.104 seconds
[2024-04-17T23:01:51.077+0700] {processor.py:161} INFO - Started process (PID=10575) to work on /home/newrey/airflow/airflow-env/lib/python3.10/site-packages/airflow/example_dags/example_subdag_operator.py
[2024-04-17T23:01:51.079+0700] {processor.py:830} INFO - Processing file /home/newrey/airflow/airflow-env/lib/python3.10/site-packages/airflow/example_dags/example_subdag_operator.py for tasks to queue
[2024-04-17T23:01:51.081+0700] {logging_mixin.py:188} INFO - [2024-04-17T23:01:51.081+0700] {dagbag.py:540} INFO - Filling up the DagBag from /home/newrey/airflow/airflow-env/lib/python3.10/site-packages/airflow/example_dags/example_subdag_operator.py
[2024-04-17T23:01:51.100+0700] {processor.py:840} INFO - DAG(s) 'example_subdag_operator.section-1', 'example_subdag_operator.section-2', 'example_subdag_operator' retrieved from /home/newrey/airflow/airflow-env/lib/python3.10/site-packages/airflow/example_dags/example_subdag_operator.py
[2024-04-17T23:01:51.115+0700] {logging_mixin.py:188} INFO - [2024-04-17T23:01:51.115+0700] {dag.py:3096} INFO - Sync 3 DAGs
[2024-04-17T23:01:51.133+0700] {logging_mixin.py:188} INFO - [2024-04-17T23:01:51.133+0700] {dag.py:3954} INFO - Setting next_dagrun for example_subdag_operator to 2022-01-01 00:00:00+00:00, run_after=2022-01-01 00:00:00+00:00
[2024-04-17T23:01:51.137+0700] {logging_mixin.py:188} INFO - [2024-04-17T23:01:51.136+0700] {dag.py:3954} INFO - Setting next_dagrun for example_subdag_operator.section-1 to None, run_after=None
[2024-04-17T23:01:51.138+0700] {logging_mixin.py:188} INFO - [2024-04-17T23:01:51.138+0700] {dag.py:3954} INFO - Setting next_dagrun for example_subdag_operator.section-2 to None, run_after=None
[2024-04-17T23:01:51.144+0700] {logging_mixin.py:188} INFO - [2024-04-17T23:01:51.144+0700] {dag.py:3096} INFO - Sync 2 DAGs
[2024-04-17T23:01:51.149+0700] {logging_mixin.py:188} INFO - [2024-04-17T23:01:51.149+0700] {dag.py:3954} INFO - Setting next_dagrun for example_subdag_operator.section-1 to None, run_after=None
[2024-04-17T23:01:51.149+0700] {logging_mixin.py:188} INFO - [2024-04-17T23:01:51.149+0700] {dag.py:3954} INFO - Setting next_dagrun for example_subdag_operator.section-2 to None, run_after=None
[2024-04-17T23:01:51.167+0700] {processor.py:183} INFO - Processing /home/newrey/airflow/airflow-env/lib/python3.10/site-packages/airflow/example_dags/example_subdag_operator.py took 0.102 seconds
[2024-04-17T23:02:42.740+0700] {processor.py:161} INFO - Started process (PID=10770) to work on /home/newrey/airflow/airflow-env/lib/python3.10/site-packages/airflow/example_dags/example_subdag_operator.py
[2024-04-17T23:02:42.741+0700] {processor.py:830} INFO - Processing file /home/newrey/airflow/airflow-env/lib/python3.10/site-packages/airflow/example_dags/example_subdag_operator.py for tasks to queue
[2024-04-17T23:02:42.743+0700] {logging_mixin.py:188} INFO - [2024-04-17T23:02:42.743+0700] {dagbag.py:540} INFO - Filling up the DagBag from /home/newrey/airflow/airflow-env/lib/python3.10/site-packages/airflow/example_dags/example_subdag_operator.py
[2024-04-17T23:02:42.762+0700] {processor.py:840} INFO - DAG(s) 'example_subdag_operator.section-1', 'example_subdag_operator.section-2', 'example_subdag_operator' retrieved from /home/newrey/airflow/airflow-env/lib/python3.10/site-packages/airflow/example_dags/example_subdag_operator.py
[2024-04-17T23:02:42.779+0700] {logging_mixin.py:188} INFO - [2024-04-17T23:02:42.779+0700] {dag.py:3096} INFO - Sync 3 DAGs
[2024-04-17T23:02:42.802+0700] {logging_mixin.py:188} INFO - [2024-04-17T23:02:42.802+0700] {dag.py:3954} INFO - Setting next_dagrun for example_subdag_operator to 2022-01-01 00:00:00+00:00, run_after=2022-01-01 00:00:00+00:00
[2024-04-17T23:02:42.805+0700] {logging_mixin.py:188} INFO - [2024-04-17T23:02:42.805+0700] {dag.py:3954} INFO - Setting next_dagrun for example_subdag_operator.section-1 to None, run_after=None
[2024-04-17T23:02:42.806+0700] {logging_mixin.py:188} INFO - [2024-04-17T23:02:42.806+0700] {dag.py:3954} INFO - Setting next_dagrun for example_subdag_operator.section-2 to None, run_after=None
[2024-04-17T23:02:42.813+0700] {logging_mixin.py:188} INFO - [2024-04-17T23:02:42.812+0700] {dag.py:3096} INFO - Sync 2 DAGs
[2024-04-17T23:02:42.817+0700] {logging_mixin.py:188} INFO - [2024-04-17T23:02:42.817+0700] {dag.py:3954} INFO - Setting next_dagrun for example_subdag_operator.section-1 to None, run_after=None
[2024-04-17T23:02:42.817+0700] {logging_mixin.py:188} INFO - [2024-04-17T23:02:42.817+0700] {dag.py:3954} INFO - Setting next_dagrun for example_subdag_operator.section-2 to None, run_after=None
[2024-04-17T23:02:42.833+0700] {processor.py:183} INFO - Processing /home/newrey/airflow/airflow-env/lib/python3.10/site-packages/airflow/example_dags/example_subdag_operator.py took 0.102 seconds
[2024-04-17T23:03:33.038+0700] {processor.py:161} INFO - Started process (PID=10901) to work on /home/newrey/airflow/airflow-env/lib/python3.10/site-packages/airflow/example_dags/example_subdag_operator.py
[2024-04-17T23:03:33.041+0700] {processor.py:830} INFO - Processing file /home/newrey/airflow/airflow-env/lib/python3.10/site-packages/airflow/example_dags/example_subdag_operator.py for tasks to queue
[2024-04-17T23:03:33.044+0700] {logging_mixin.py:188} INFO - [2024-04-17T23:03:33.044+0700] {dagbag.py:540} INFO - Filling up the DagBag from /home/newrey/airflow/airflow-env/lib/python3.10/site-packages/airflow/example_dags/example_subdag_operator.py
[2024-04-17T23:03:33.077+0700] {processor.py:840} INFO - DAG(s) 'example_subdag_operator.section-1', 'example_subdag_operator.section-2', 'example_subdag_operator' retrieved from /home/newrey/airflow/airflow-env/lib/python3.10/site-packages/airflow/example_dags/example_subdag_operator.py
[2024-04-17T23:03:33.097+0700] {logging_mixin.py:188} INFO - [2024-04-17T23:03:33.097+0700] {dag.py:3096} INFO - Sync 3 DAGs
[2024-04-17T23:03:33.123+0700] {logging_mixin.py:188} INFO - [2024-04-17T23:03:33.122+0700] {dag.py:3954} INFO - Setting next_dagrun for example_subdag_operator to 2022-01-01 00:00:00+00:00, run_after=2022-01-01 00:00:00+00:00
[2024-04-17T23:03:33.130+0700] {logging_mixin.py:188} INFO - [2024-04-17T23:03:33.129+0700] {dag.py:3954} INFO - Setting next_dagrun for example_subdag_operator.section-1 to None, run_after=None
[2024-04-17T23:03:33.131+0700] {logging_mixin.py:188} INFO - [2024-04-17T23:03:33.131+0700] {dag.py:3954} INFO - Setting next_dagrun for example_subdag_operator.section-2 to None, run_after=None
[2024-04-17T23:03:33.139+0700] {logging_mixin.py:188} INFO - [2024-04-17T23:03:33.139+0700] {dag.py:3096} INFO - Sync 2 DAGs
[2024-04-17T23:03:33.145+0700] {logging_mixin.py:188} INFO - [2024-04-17T23:03:33.145+0700] {dag.py:3954} INFO - Setting next_dagrun for example_subdag_operator.section-1 to None, run_after=None
[2024-04-17T23:03:33.146+0700] {logging_mixin.py:188} INFO - [2024-04-17T23:03:33.145+0700] {dag.py:3954} INFO - Setting next_dagrun for example_subdag_operator.section-2 to None, run_after=None
[2024-04-17T23:03:33.167+0700] {processor.py:183} INFO - Processing /home/newrey/airflow/airflow-env/lib/python3.10/site-packages/airflow/example_dags/example_subdag_operator.py took 0.149 seconds
[2024-04-17T23:04:27.042+0700] {processor.py:161} INFO - Started process (PID=11043) to work on /home/newrey/airflow/airflow-env/lib/python3.10/site-packages/airflow/example_dags/example_subdag_operator.py
[2024-04-17T23:04:27.044+0700] {processor.py:830} INFO - Processing file /home/newrey/airflow/airflow-env/lib/python3.10/site-packages/airflow/example_dags/example_subdag_operator.py for tasks to queue
[2024-04-17T23:04:27.048+0700] {logging_mixin.py:188} INFO - [2024-04-17T23:04:27.047+0700] {dagbag.py:540} INFO - Filling up the DagBag from /home/newrey/airflow/airflow-env/lib/python3.10/site-packages/airflow/example_dags/example_subdag_operator.py
[2024-04-17T23:04:27.088+0700] {processor.py:840} INFO - DAG(s) 'example_subdag_operator.section-1', 'example_subdag_operator.section-2', 'example_subdag_operator' retrieved from /home/newrey/airflow/airflow-env/lib/python3.10/site-packages/airflow/example_dags/example_subdag_operator.py
[2024-04-17T23:04:27.112+0700] {logging_mixin.py:188} INFO - [2024-04-17T23:04:27.112+0700] {dag.py:3096} INFO - Sync 3 DAGs
[2024-04-17T23:04:27.138+0700] {logging_mixin.py:188} INFO - [2024-04-17T23:04:27.138+0700] {dag.py:3954} INFO - Setting next_dagrun for example_subdag_operator to 2022-01-01 00:00:00+00:00, run_after=2022-01-01 00:00:00+00:00
[2024-04-17T23:04:27.143+0700] {logging_mixin.py:188} INFO - [2024-04-17T23:04:27.142+0700] {dag.py:3954} INFO - Setting next_dagrun for example_subdag_operator.section-1 to None, run_after=None
[2024-04-17T23:04:27.144+0700] {logging_mixin.py:188} INFO - [2024-04-17T23:04:27.144+0700] {dag.py:3954} INFO - Setting next_dagrun for example_subdag_operator.section-2 to None, run_after=None
[2024-04-17T23:04:27.153+0700] {logging_mixin.py:188} INFO - [2024-04-17T23:04:27.152+0700] {dag.py:3096} INFO - Sync 2 DAGs
[2024-04-17T23:04:27.160+0700] {logging_mixin.py:188} INFO - [2024-04-17T23:04:27.159+0700] {dag.py:3954} INFO - Setting next_dagrun for example_subdag_operator.section-1 to None, run_after=None
[2024-04-17T23:04:27.160+0700] {logging_mixin.py:188} INFO - [2024-04-17T23:04:27.160+0700] {dag.py:3954} INFO - Setting next_dagrun for example_subdag_operator.section-2 to None, run_after=None
[2024-04-17T23:04:27.194+0700] {processor.py:183} INFO - Processing /home/newrey/airflow/airflow-env/lib/python3.10/site-packages/airflow/example_dags/example_subdag_operator.py took 0.164 seconds
[2024-04-17T23:05:22.584+0700] {processor.py:161} INFO - Started process (PID=11115) to work on /home/newrey/airflow/airflow-env/lib/python3.10/site-packages/airflow/example_dags/example_subdag_operator.py
[2024-04-17T23:05:22.587+0700] {processor.py:830} INFO - Processing file /home/newrey/airflow/airflow-env/lib/python3.10/site-packages/airflow/example_dags/example_subdag_operator.py for tasks to queue
[2024-04-17T23:05:22.590+0700] {logging_mixin.py:188} INFO - [2024-04-17T23:05:22.589+0700] {dagbag.py:540} INFO - Filling up the DagBag from /home/newrey/airflow/airflow-env/lib/python3.10/site-packages/airflow/example_dags/example_subdag_operator.py
[2024-04-17T23:05:22.621+0700] {processor.py:840} INFO - DAG(s) 'example_subdag_operator.section-1', 'example_subdag_operator.section-2', 'example_subdag_operator' retrieved from /home/newrey/airflow/airflow-env/lib/python3.10/site-packages/airflow/example_dags/example_subdag_operator.py
[2024-04-17T23:05:22.646+0700] {logging_mixin.py:188} INFO - [2024-04-17T23:05:22.645+0700] {dag.py:3096} INFO - Sync 3 DAGs
[2024-04-17T23:05:22.677+0700] {logging_mixin.py:188} INFO - [2024-04-17T23:05:22.676+0700] {dag.py:3954} INFO - Setting next_dagrun for example_subdag_operator to 2022-01-01 00:00:00+00:00, run_after=2022-01-01 00:00:00+00:00
[2024-04-17T23:05:22.682+0700] {logging_mixin.py:188} INFO - [2024-04-17T23:05:22.681+0700] {dag.py:3954} INFO - Setting next_dagrun for example_subdag_operator.section-1 to None, run_after=None
[2024-04-17T23:05:22.684+0700] {logging_mixin.py:188} INFO - [2024-04-17T23:05:22.683+0700] {dag.py:3954} INFO - Setting next_dagrun for example_subdag_operator.section-2 to None, run_after=None
[2024-04-17T23:05:22.693+0700] {logging_mixin.py:188} INFO - [2024-04-17T23:05:22.692+0700] {dag.py:3096} INFO - Sync 2 DAGs
[2024-04-17T23:05:22.699+0700] {logging_mixin.py:188} INFO - [2024-04-17T23:05:22.698+0700] {dag.py:3954} INFO - Setting next_dagrun for example_subdag_operator.section-1 to None, run_after=None
[2024-04-17T23:05:22.700+0700] {logging_mixin.py:188} INFO - [2024-04-17T23:05:22.699+0700] {dag.py:3954} INFO - Setting next_dagrun for example_subdag_operator.section-2 to None, run_after=None
[2024-04-17T23:05:22.724+0700] {processor.py:183} INFO - Processing /home/newrey/airflow/airflow-env/lib/python3.10/site-packages/airflow/example_dags/example_subdag_operator.py took 0.153 seconds
[2024-04-17T23:06:21.318+0700] {processor.py:161} INFO - Started process (PID=11250) to work on /home/newrey/airflow/airflow-env/lib/python3.10/site-packages/airflow/example_dags/example_subdag_operator.py
[2024-04-17T23:06:21.320+0700] {processor.py:830} INFO - Processing file /home/newrey/airflow/airflow-env/lib/python3.10/site-packages/airflow/example_dags/example_subdag_operator.py for tasks to queue
[2024-04-17T23:06:21.322+0700] {logging_mixin.py:188} INFO - [2024-04-17T23:06:21.322+0700] {dagbag.py:540} INFO - Filling up the DagBag from /home/newrey/airflow/airflow-env/lib/python3.10/site-packages/airflow/example_dags/example_subdag_operator.py
[2024-04-17T23:06:21.348+0700] {processor.py:840} INFO - DAG(s) 'example_subdag_operator.section-1', 'example_subdag_operator.section-2', 'example_subdag_operator' retrieved from /home/newrey/airflow/airflow-env/lib/python3.10/site-packages/airflow/example_dags/example_subdag_operator.py
[2024-04-17T23:06:21.373+0700] {logging_mixin.py:188} INFO - [2024-04-17T23:06:21.372+0700] {dag.py:3096} INFO - Sync 3 DAGs
[2024-04-17T23:06:21.404+0700] {logging_mixin.py:188} INFO - [2024-04-17T23:06:21.403+0700] {dag.py:3954} INFO - Setting next_dagrun for example_subdag_operator to 2022-01-01 00:00:00+00:00, run_after=2022-01-01 00:00:00+00:00
[2024-04-17T23:06:21.409+0700] {logging_mixin.py:188} INFO - [2024-04-17T23:06:21.409+0700] {dag.py:3954} INFO - Setting next_dagrun for example_subdag_operator.section-1 to None, run_after=None
[2024-04-17T23:06:21.410+0700] {logging_mixin.py:188} INFO - [2024-04-17T23:06:21.410+0700] {dag.py:3954} INFO - Setting next_dagrun for example_subdag_operator.section-2 to None, run_after=None
[2024-04-17T23:06:21.422+0700] {logging_mixin.py:188} INFO - [2024-04-17T23:06:21.421+0700] {dag.py:3096} INFO - Sync 2 DAGs
[2024-04-17T23:06:21.429+0700] {logging_mixin.py:188} INFO - [2024-04-17T23:06:21.429+0700] {dag.py:3954} INFO - Setting next_dagrun for example_subdag_operator.section-1 to None, run_after=None
[2024-04-17T23:06:21.430+0700] {logging_mixin.py:188} INFO - [2024-04-17T23:06:21.429+0700] {dag.py:3954} INFO - Setting next_dagrun for example_subdag_operator.section-2 to None, run_after=None
[2024-04-17T23:06:21.464+0700] {processor.py:183} INFO - Processing /home/newrey/airflow/airflow-env/lib/python3.10/site-packages/airflow/example_dags/example_subdag_operator.py took 0.157 seconds
