[2024-04-17T22:43:03.360+0700] {processor.py:161} INFO - Started process (PID=4730) to work on /home/newrey/airflow/airflow-env/lib/python3.10/site-packages/airflow/example_dags/example_branch_labels.py
[2024-04-17T22:43:03.361+0700] {processor.py:830} INFO - Processing file /home/newrey/airflow/airflow-env/lib/python3.10/site-packages/airflow/example_dags/example_branch_labels.py for tasks to queue
[2024-04-17T22:43:03.363+0700] {logging_mixin.py:188} INFO - [2024-04-17T22:43:03.362+0700] {dagbag.py:540} INFO - Filling up the DagBag from /home/newrey/airflow/airflow-env/lib/python3.10/site-packages/airflow/example_dags/example_branch_labels.py
[2024-04-17T22:43:03.372+0700] {processor.py:840} INFO - DAG(s) 'example_branch_labels' retrieved from /home/newrey/airflow/airflow-env/lib/python3.10/site-packages/airflow/example_dags/example_branch_labels.py
[2024-04-17T22:43:03.488+0700] {logging_mixin.py:188} INFO - [2024-04-17T22:43:03.487+0700] {dag.py:3096} INFO - Sync 1 DAGs
[2024-04-17T22:43:03.525+0700] {logging_mixin.py:188} INFO - [2024-04-17T22:43:03.525+0700] {dag.py:3954} INFO - Setting next_dagrun for example_branch_labels to 2024-04-16 00:00:00+00:00, run_after=2024-04-17 00:00:00+00:00
[2024-04-17T22:43:03.668+0700] {processor.py:183} INFO - Processing /home/newrey/airflow/airflow-env/lib/python3.10/site-packages/airflow/example_dags/example_branch_labels.py took 0.313 seconds
[2024-04-17T22:44:10.707+0700] {processor.py:161} INFO - Started process (PID=4922) to work on /home/newrey/airflow/airflow-env/lib/python3.10/site-packages/airflow/example_dags/example_branch_labels.py
[2024-04-17T22:44:10.709+0700] {processor.py:830} INFO - Processing file /home/newrey/airflow/airflow-env/lib/python3.10/site-packages/airflow/example_dags/example_branch_labels.py for tasks to queue
[2024-04-17T22:44:10.710+0700] {logging_mixin.py:188} INFO - [2024-04-17T22:44:10.710+0700] {dagbag.py:540} INFO - Filling up the DagBag from /home/newrey/airflow/airflow-env/lib/python3.10/site-packages/airflow/example_dags/example_branch_labels.py
[2024-04-17T22:44:10.722+0700] {processor.py:840} INFO - DAG(s) 'example_branch_labels' retrieved from /home/newrey/airflow/airflow-env/lib/python3.10/site-packages/airflow/example_dags/example_branch_labels.py
[2024-04-17T22:44:10.755+0700] {logging_mixin.py:188} INFO - [2024-04-17T22:44:10.754+0700] {dag.py:3096} INFO - Sync 1 DAGs
[2024-04-17T22:44:10.784+0700] {logging_mixin.py:188} INFO - [2024-04-17T22:44:10.784+0700] {dag.py:3954} INFO - Setting next_dagrun for example_branch_labels to 2024-04-16 00:00:00+00:00, run_after=2024-04-17 00:00:00+00:00
[2024-04-17T22:44:10.818+0700] {processor.py:183} INFO - Processing /home/newrey/airflow/airflow-env/lib/python3.10/site-packages/airflow/example_dags/example_branch_labels.py took 0.120 seconds
[2024-04-17T22:45:09.302+0700] {processor.py:161} INFO - Started process (PID=5046) to work on /home/newrey/airflow/airflow-env/lib/python3.10/site-packages/airflow/example_dags/example_branch_labels.py
[2024-04-17T22:45:09.303+0700] {processor.py:830} INFO - Processing file /home/newrey/airflow/airflow-env/lib/python3.10/site-packages/airflow/example_dags/example_branch_labels.py for tasks to queue
[2024-04-17T22:45:09.413+0700] {logging_mixin.py:188} INFO - [2024-04-17T22:45:09.413+0700] {dagbag.py:540} INFO - Filling up the DagBag from /home/newrey/airflow/airflow-env/lib/python3.10/site-packages/airflow/example_dags/example_branch_labels.py
[2024-04-17T22:45:09.420+0700] {processor.py:840} INFO - DAG(s) 'example_branch_labels' retrieved from /home/newrey/airflow/airflow-env/lib/python3.10/site-packages/airflow/example_dags/example_branch_labels.py
[2024-04-17T22:45:09.436+0700] {logging_mixin.py:188} INFO - [2024-04-17T22:45:09.436+0700] {dag.py:3096} INFO - Sync 1 DAGs
[2024-04-17T22:45:09.464+0700] {logging_mixin.py:188} INFO - [2024-04-17T22:45:09.464+0700] {dag.py:3954} INFO - Setting next_dagrun for example_branch_labels to 2024-04-16 00:00:00+00:00, run_after=2024-04-17 00:00:00+00:00
[2024-04-17T22:45:09.509+0700] {processor.py:183} INFO - Processing /home/newrey/airflow/airflow-env/lib/python3.10/site-packages/airflow/example_dags/example_branch_labels.py took 0.215 seconds
[2024-04-17T22:46:01.496+0700] {processor.py:161} INFO - Started process (PID=5172) to work on /home/newrey/airflow/airflow-env/lib/python3.10/site-packages/airflow/example_dags/example_branch_labels.py
[2024-04-17T22:46:01.500+0700] {processor.py:830} INFO - Processing file /home/newrey/airflow/airflow-env/lib/python3.10/site-packages/airflow/example_dags/example_branch_labels.py for tasks to queue
[2024-04-17T22:46:01.502+0700] {logging_mixin.py:188} INFO - [2024-04-17T22:46:01.502+0700] {dagbag.py:540} INFO - Filling up the DagBag from /home/newrey/airflow/airflow-env/lib/python3.10/site-packages/airflow/example_dags/example_branch_labels.py
[2024-04-17T22:46:01.509+0700] {processor.py:840} INFO - DAG(s) 'example_branch_labels' retrieved from /home/newrey/airflow/airflow-env/lib/python3.10/site-packages/airflow/example_dags/example_branch_labels.py
[2024-04-17T22:46:01.525+0700] {logging_mixin.py:188} INFO - [2024-04-17T22:46:01.525+0700] {dag.py:3096} INFO - Sync 1 DAGs
[2024-04-17T22:46:01.546+0700] {logging_mixin.py:188} INFO - [2024-04-17T22:46:01.546+0700] {dag.py:3954} INFO - Setting next_dagrun for example_branch_labels to 2024-04-16 00:00:00+00:00, run_after=2024-04-17 00:00:00+00:00
[2024-04-17T22:46:01.570+0700] {processor.py:183} INFO - Processing /home/newrey/airflow/airflow-env/lib/python3.10/site-packages/airflow/example_dags/example_branch_labels.py took 0.086 seconds
[2024-04-17T22:46:53.759+0700] {processor.py:161} INFO - Started process (PID=5290) to work on /home/newrey/airflow/airflow-env/lib/python3.10/site-packages/airflow/example_dags/example_branch_labels.py
[2024-04-17T22:46:53.760+0700] {processor.py:830} INFO - Processing file /home/newrey/airflow/airflow-env/lib/python3.10/site-packages/airflow/example_dags/example_branch_labels.py for tasks to queue
[2024-04-17T22:46:53.762+0700] {logging_mixin.py:188} INFO - [2024-04-17T22:46:53.761+0700] {dagbag.py:540} INFO - Filling up the DagBag from /home/newrey/airflow/airflow-env/lib/python3.10/site-packages/airflow/example_dags/example_branch_labels.py
[2024-04-17T22:46:53.770+0700] {processor.py:840} INFO - DAG(s) 'example_branch_labels' retrieved from /home/newrey/airflow/airflow-env/lib/python3.10/site-packages/airflow/example_dags/example_branch_labels.py
[2024-04-17T22:46:53.798+0700] {logging_mixin.py:188} INFO - [2024-04-17T22:46:53.797+0700] {dag.py:3096} INFO - Sync 1 DAGs
[2024-04-17T22:46:53.868+0700] {logging_mixin.py:188} INFO - [2024-04-17T22:46:53.867+0700] {dag.py:3954} INFO - Setting next_dagrun for example_branch_labels to 2024-04-16 00:00:00+00:00, run_after=2024-04-17 00:00:00+00:00
[2024-04-17T22:46:54.127+0700] {processor.py:183} INFO - Processing /home/newrey/airflow/airflow-env/lib/python3.10/site-packages/airflow/example_dags/example_branch_labels.py took 0.378 seconds
[2024-04-17T22:48:06.524+0700] {processor.py:161} INFO - Started process (PID=5937) to work on /home/newrey/airflow/airflow-env/lib/python3.10/site-packages/airflow/example_dags/example_branch_labels.py
[2024-04-17T22:48:06.525+0700] {processor.py:830} INFO - Processing file /home/newrey/airflow/airflow-env/lib/python3.10/site-packages/airflow/example_dags/example_branch_labels.py for tasks to queue
[2024-04-17T22:48:06.527+0700] {logging_mixin.py:188} INFO - [2024-04-17T22:48:06.527+0700] {dagbag.py:540} INFO - Filling up the DagBag from /home/newrey/airflow/airflow-env/lib/python3.10/site-packages/airflow/example_dags/example_branch_labels.py
[2024-04-17T22:48:06.535+0700] {processor.py:840} INFO - DAG(s) 'example_branch_labels' retrieved from /home/newrey/airflow/airflow-env/lib/python3.10/site-packages/airflow/example_dags/example_branch_labels.py
[2024-04-17T22:48:06.550+0700] {logging_mixin.py:188} INFO - [2024-04-17T22:48:06.550+0700] {dag.py:3096} INFO - Sync 1 DAGs
[2024-04-17T22:48:06.572+0700] {logging_mixin.py:188} INFO - [2024-04-17T22:48:06.571+0700] {dag.py:3954} INFO - Setting next_dagrun for example_branch_labels to 2024-04-16 00:00:00+00:00, run_after=2024-04-17 00:00:00+00:00
[2024-04-17T22:48:06.592+0700] {processor.py:183} INFO - Processing /home/newrey/airflow/airflow-env/lib/python3.10/site-packages/airflow/example_dags/example_branch_labels.py took 0.076 seconds
[2024-04-17T22:49:22.008+0700] {processor.py:161} INFO - Started process (PID=6400) to work on /home/newrey/airflow/airflow-env/lib/python3.10/site-packages/airflow/example_dags/example_branch_labels.py
[2024-04-17T22:49:22.009+0700] {processor.py:830} INFO - Processing file /home/newrey/airflow/airflow-env/lib/python3.10/site-packages/airflow/example_dags/example_branch_labels.py for tasks to queue
[2024-04-17T22:49:22.010+0700] {logging_mixin.py:188} INFO - [2024-04-17T22:49:22.010+0700] {dagbag.py:540} INFO - Filling up the DagBag from /home/newrey/airflow/airflow-env/lib/python3.10/site-packages/airflow/example_dags/example_branch_labels.py
[2024-04-17T22:49:22.017+0700] {processor.py:840} INFO - DAG(s) 'example_branch_labels' retrieved from /home/newrey/airflow/airflow-env/lib/python3.10/site-packages/airflow/example_dags/example_branch_labels.py
[2024-04-17T22:49:22.036+0700] {logging_mixin.py:188} INFO - [2024-04-17T22:49:22.036+0700] {dag.py:3096} INFO - Sync 1 DAGs
[2024-04-17T22:49:22.063+0700] {logging_mixin.py:188} INFO - [2024-04-17T22:49:22.062+0700] {dag.py:3954} INFO - Setting next_dagrun for example_branch_labels to 2024-04-16 00:00:00+00:00, run_after=2024-04-17 00:00:00+00:00
[2024-04-17T22:49:22.090+0700] {processor.py:183} INFO - Processing /home/newrey/airflow/airflow-env/lib/python3.10/site-packages/airflow/example_dags/example_branch_labels.py took 0.096 seconds
[2024-04-17T22:50:31.536+0700] {processor.py:161} INFO - Started process (PID=6624) to work on /home/newrey/airflow/airflow-env/lib/python3.10/site-packages/airflow/example_dags/example_branch_labels.py
[2024-04-17T22:50:31.538+0700] {processor.py:830} INFO - Processing file /home/newrey/airflow/airflow-env/lib/python3.10/site-packages/airflow/example_dags/example_branch_labels.py for tasks to queue
[2024-04-17T22:50:31.539+0700] {logging_mixin.py:188} INFO - [2024-04-17T22:50:31.539+0700] {dagbag.py:540} INFO - Filling up the DagBag from /home/newrey/airflow/airflow-env/lib/python3.10/site-packages/airflow/example_dags/example_branch_labels.py
[2024-04-17T22:50:31.550+0700] {processor.py:840} INFO - DAG(s) 'example_branch_labels' retrieved from /home/newrey/airflow/airflow-env/lib/python3.10/site-packages/airflow/example_dags/example_branch_labels.py
[2024-04-17T22:50:31.572+0700] {logging_mixin.py:188} INFO - [2024-04-17T22:50:31.572+0700] {dag.py:3096} INFO - Sync 1 DAGs
[2024-04-17T22:50:31.605+0700] {logging_mixin.py:188} INFO - [2024-04-17T22:50:31.604+0700] {dag.py:3954} INFO - Setting next_dagrun for example_branch_labels to 2024-04-16 00:00:00+00:00, run_after=2024-04-17 00:00:00+00:00
[2024-04-17T22:50:31.634+0700] {processor.py:183} INFO - Processing /home/newrey/airflow/airflow-env/lib/python3.10/site-packages/airflow/example_dags/example_branch_labels.py took 0.110 seconds
[2024-04-17T22:51:36.632+0700] {processor.py:161} INFO - Started process (PID=7303) to work on /home/newrey/airflow/airflow-env/lib/python3.10/site-packages/airflow/example_dags/example_branch_labels.py
[2024-04-17T22:51:36.637+0700] {processor.py:830} INFO - Processing file /home/newrey/airflow/airflow-env/lib/python3.10/site-packages/airflow/example_dags/example_branch_labels.py for tasks to queue
[2024-04-17T22:51:36.638+0700] {logging_mixin.py:188} INFO - [2024-04-17T22:51:36.638+0700] {dagbag.py:540} INFO - Filling up the DagBag from /home/newrey/airflow/airflow-env/lib/python3.10/site-packages/airflow/example_dags/example_branch_labels.py
[2024-04-17T22:51:36.644+0700] {processor.py:840} INFO - DAG(s) 'example_branch_labels' retrieved from /home/newrey/airflow/airflow-env/lib/python3.10/site-packages/airflow/example_dags/example_branch_labels.py
[2024-04-17T22:51:36.661+0700] {logging_mixin.py:188} INFO - [2024-04-17T22:51:36.660+0700] {dag.py:3096} INFO - Sync 1 DAGs
[2024-04-17T22:51:36.680+0700] {logging_mixin.py:188} INFO - [2024-04-17T22:51:36.680+0700] {dag.py:3954} INFO - Setting next_dagrun for example_branch_labels to 2024-04-16 00:00:00+00:00, run_after=2024-04-17 00:00:00+00:00
[2024-04-17T22:51:36.709+0700] {processor.py:183} INFO - Processing /home/newrey/airflow/airflow-env/lib/python3.10/site-packages/airflow/example_dags/example_branch_labels.py took 0.086 seconds
[2024-04-17T22:52:38.316+0700] {processor.py:161} INFO - Started process (PID=8098) to work on /home/newrey/airflow/airflow-env/lib/python3.10/site-packages/airflow/example_dags/example_branch_labels.py
[2024-04-17T22:52:38.318+0700] {processor.py:830} INFO - Processing file /home/newrey/airflow/airflow-env/lib/python3.10/site-packages/airflow/example_dags/example_branch_labels.py for tasks to queue
[2024-04-17T22:52:38.319+0700] {logging_mixin.py:188} INFO - [2024-04-17T22:52:38.319+0700] {dagbag.py:540} INFO - Filling up the DagBag from /home/newrey/airflow/airflow-env/lib/python3.10/site-packages/airflow/example_dags/example_branch_labels.py
[2024-04-17T22:52:38.325+0700] {processor.py:840} INFO - DAG(s) 'example_branch_labels' retrieved from /home/newrey/airflow/airflow-env/lib/python3.10/site-packages/airflow/example_dags/example_branch_labels.py
[2024-04-17T22:52:38.343+0700] {logging_mixin.py:188} INFO - [2024-04-17T22:52:38.343+0700] {dag.py:3096} INFO - Sync 1 DAGs
[2024-04-17T22:52:38.363+0700] {logging_mixin.py:188} INFO - [2024-04-17T22:52:38.363+0700] {dag.py:3954} INFO - Setting next_dagrun for example_branch_labels to 2024-04-16 00:00:00+00:00, run_after=2024-04-17 00:00:00+00:00
[2024-04-17T22:52:38.389+0700] {processor.py:183} INFO - Processing /home/newrey/airflow/airflow-env/lib/python3.10/site-packages/airflow/example_dags/example_branch_labels.py took 0.083 seconds
[2024-04-17T22:54:02.938+0700] {processor.py:161} INFO - Started process (PID=9122) to work on /home/newrey/airflow/airflow-env/lib/python3.10/site-packages/airflow/example_dags/example_branch_labels.py
[2024-04-17T22:54:02.941+0700] {processor.py:830} INFO - Processing file /home/newrey/airflow/airflow-env/lib/python3.10/site-packages/airflow/example_dags/example_branch_labels.py for tasks to queue
[2024-04-17T22:54:02.942+0700] {logging_mixin.py:188} INFO - [2024-04-17T22:54:02.942+0700] {dagbag.py:540} INFO - Filling up the DagBag from /home/newrey/airflow/airflow-env/lib/python3.10/site-packages/airflow/example_dags/example_branch_labels.py
[2024-04-17T22:54:02.948+0700] {processor.py:840} INFO - DAG(s) 'example_branch_labels' retrieved from /home/newrey/airflow/airflow-env/lib/python3.10/site-packages/airflow/example_dags/example_branch_labels.py
[2024-04-17T22:54:02.963+0700] {logging_mixin.py:188} INFO - [2024-04-17T22:54:02.963+0700] {dag.py:3096} INFO - Sync 1 DAGs
[2024-04-17T22:54:02.996+0700] {logging_mixin.py:188} INFO - [2024-04-17T22:54:02.995+0700] {dag.py:3954} INFO - Setting next_dagrun for example_branch_labels to 2024-04-16 00:00:00+00:00, run_after=2024-04-17 00:00:00+00:00
[2024-04-17T22:54:03.028+0700] {processor.py:183} INFO - Processing /home/newrey/airflow/airflow-env/lib/python3.10/site-packages/airflow/example_dags/example_branch_labels.py took 0.098 seconds
[2024-04-17T22:54:55.951+0700] {processor.py:161} INFO - Started process (PID=9254) to work on /home/newrey/airflow/airflow-env/lib/python3.10/site-packages/airflow/example_dags/example_branch_labels.py
[2024-04-17T22:54:55.953+0700] {processor.py:830} INFO - Processing file /home/newrey/airflow/airflow-env/lib/python3.10/site-packages/airflow/example_dags/example_branch_labels.py for tasks to queue
[2024-04-17T22:54:55.956+0700] {logging_mixin.py:188} INFO - [2024-04-17T22:54:55.955+0700] {dagbag.py:540} INFO - Filling up the DagBag from /home/newrey/airflow/airflow-env/lib/python3.10/site-packages/airflow/example_dags/example_branch_labels.py
[2024-04-17T22:54:55.964+0700] {processor.py:840} INFO - DAG(s) 'example_branch_labels' retrieved from /home/newrey/airflow/airflow-env/lib/python3.10/site-packages/airflow/example_dags/example_branch_labels.py
[2024-04-17T22:54:55.983+0700] {logging_mixin.py:188} INFO - [2024-04-17T22:54:55.982+0700] {dag.py:3096} INFO - Sync 1 DAGs
[2024-04-17T22:54:56.001+0700] {logging_mixin.py:188} INFO - [2024-04-17T22:54:56.001+0700] {dag.py:3954} INFO - Setting next_dagrun for example_branch_labels to 2024-04-16 00:00:00+00:00, run_after=2024-04-17 00:00:00+00:00
[2024-04-17T22:54:56.025+0700] {processor.py:183} INFO - Processing /home/newrey/airflow/airflow-env/lib/python3.10/site-packages/airflow/example_dags/example_branch_labels.py took 0.083 seconds
[2024-04-17T22:56:01.965+0700] {processor.py:161} INFO - Started process (PID=9416) to work on /home/newrey/airflow/airflow-env/lib/python3.10/site-packages/airflow/example_dags/example_branch_labels.py
[2024-04-17T22:56:01.967+0700] {processor.py:830} INFO - Processing file /home/newrey/airflow/airflow-env/lib/python3.10/site-packages/airflow/example_dags/example_branch_labels.py for tasks to queue
[2024-04-17T22:56:01.969+0700] {logging_mixin.py:188} INFO - [2024-04-17T22:56:01.968+0700] {dagbag.py:540} INFO - Filling up the DagBag from /home/newrey/airflow/airflow-env/lib/python3.10/site-packages/airflow/example_dags/example_branch_labels.py
[2024-04-17T22:56:01.975+0700] {processor.py:840} INFO - DAG(s) 'example_branch_labels' retrieved from /home/newrey/airflow/airflow-env/lib/python3.10/site-packages/airflow/example_dags/example_branch_labels.py
[2024-04-17T22:56:01.989+0700] {logging_mixin.py:188} INFO - [2024-04-17T22:56:01.989+0700] {dag.py:3096} INFO - Sync 1 DAGs
[2024-04-17T22:56:02.009+0700] {logging_mixin.py:188} INFO - [2024-04-17T22:56:02.008+0700] {dag.py:3954} INFO - Setting next_dagrun for example_branch_labels to 2024-04-16 00:00:00+00:00, run_after=2024-04-17 00:00:00+00:00
[2024-04-17T22:56:02.036+0700] {processor.py:183} INFO - Processing /home/newrey/airflow/airflow-env/lib/python3.10/site-packages/airflow/example_dags/example_branch_labels.py took 0.080 seconds
[2024-04-17T22:57:11.943+0700] {processor.py:161} INFO - Started process (PID=9565) to work on /home/newrey/airflow/airflow-env/lib/python3.10/site-packages/airflow/example_dags/example_branch_labels.py
[2024-04-17T22:57:11.944+0700] {processor.py:830} INFO - Processing file /home/newrey/airflow/airflow-env/lib/python3.10/site-packages/airflow/example_dags/example_branch_labels.py for tasks to queue
[2024-04-17T22:57:11.945+0700] {logging_mixin.py:188} INFO - [2024-04-17T22:57:11.945+0700] {dagbag.py:540} INFO - Filling up the DagBag from /home/newrey/airflow/airflow-env/lib/python3.10/site-packages/airflow/example_dags/example_branch_labels.py
[2024-04-17T22:57:11.952+0700] {processor.py:840} INFO - DAG(s) 'example_branch_labels' retrieved from /home/newrey/airflow/airflow-env/lib/python3.10/site-packages/airflow/example_dags/example_branch_labels.py
[2024-04-17T22:57:11.968+0700] {logging_mixin.py:188} INFO - [2024-04-17T22:57:11.967+0700] {dag.py:3096} INFO - Sync 1 DAGs
[2024-04-17T22:57:11.988+0700] {logging_mixin.py:188} INFO - [2024-04-17T22:57:11.988+0700] {dag.py:3954} INFO - Setting next_dagrun for example_branch_labels to 2024-04-16 00:00:00+00:00, run_after=2024-04-17 00:00:00+00:00
[2024-04-17T22:57:12.015+0700] {processor.py:183} INFO - Processing /home/newrey/airflow/airflow-env/lib/python3.10/site-packages/airflow/example_dags/example_branch_labels.py took 0.081 seconds
[2024-04-17T22:58:21.130+0700] {processor.py:161} INFO - Started process (PID=9793) to work on /home/newrey/airflow/airflow-env/lib/python3.10/site-packages/airflow/example_dags/example_branch_labels.py
[2024-04-17T22:58:21.133+0700] {processor.py:830} INFO - Processing file /home/newrey/airflow/airflow-env/lib/python3.10/site-packages/airflow/example_dags/example_branch_labels.py for tasks to queue
[2024-04-17T22:58:21.134+0700] {logging_mixin.py:188} INFO - [2024-04-17T22:58:21.134+0700] {dagbag.py:540} INFO - Filling up the DagBag from /home/newrey/airflow/airflow-env/lib/python3.10/site-packages/airflow/example_dags/example_branch_labels.py
[2024-04-17T22:58:21.140+0700] {processor.py:840} INFO - DAG(s) 'example_branch_labels' retrieved from /home/newrey/airflow/airflow-env/lib/python3.10/site-packages/airflow/example_dags/example_branch_labels.py
[2024-04-17T22:58:21.154+0700] {logging_mixin.py:188} INFO - [2024-04-17T22:58:21.154+0700] {dag.py:3096} INFO - Sync 1 DAGs
[2024-04-17T22:58:21.175+0700] {logging_mixin.py:188} INFO - [2024-04-17T22:58:21.175+0700] {dag.py:3954} INFO - Setting next_dagrun for example_branch_labels to 2024-04-16 00:00:00+00:00, run_after=2024-04-17 00:00:00+00:00
[2024-04-17T22:58:21.197+0700] {processor.py:183} INFO - Processing /home/newrey/airflow/airflow-env/lib/python3.10/site-packages/airflow/example_dags/example_branch_labels.py took 0.080 seconds
[2024-04-17T22:59:31.092+0700] {processor.py:161} INFO - Started process (PID=10132) to work on /home/newrey/airflow/airflow-env/lib/python3.10/site-packages/airflow/example_dags/example_branch_labels.py
[2024-04-17T22:59:31.094+0700] {processor.py:830} INFO - Processing file /home/newrey/airflow/airflow-env/lib/python3.10/site-packages/airflow/example_dags/example_branch_labels.py for tasks to queue
[2024-04-17T22:59:31.095+0700] {logging_mixin.py:188} INFO - [2024-04-17T22:59:31.095+0700] {dagbag.py:540} INFO - Filling up the DagBag from /home/newrey/airflow/airflow-env/lib/python3.10/site-packages/airflow/example_dags/example_branch_labels.py
[2024-04-17T22:59:31.102+0700] {processor.py:840} INFO - DAG(s) 'example_branch_labels' retrieved from /home/newrey/airflow/airflow-env/lib/python3.10/site-packages/airflow/example_dags/example_branch_labels.py
[2024-04-17T22:59:31.118+0700] {logging_mixin.py:188} INFO - [2024-04-17T22:59:31.117+0700] {dag.py:3096} INFO - Sync 1 DAGs
[2024-04-17T22:59:31.146+0700] {logging_mixin.py:188} INFO - [2024-04-17T22:59:31.146+0700] {dag.py:3954} INFO - Setting next_dagrun for example_branch_labels to 2024-04-16 00:00:00+00:00, run_after=2024-04-17 00:00:00+00:00
[2024-04-17T22:59:31.171+0700] {processor.py:183} INFO - Processing /home/newrey/airflow/airflow-env/lib/python3.10/site-packages/airflow/example_dags/example_branch_labels.py took 0.091 seconds
[2024-04-17T23:00:45.846+0700] {processor.py:161} INFO - Started process (PID=10432) to work on /home/newrey/airflow/airflow-env/lib/python3.10/site-packages/airflow/example_dags/example_branch_labels.py
[2024-04-17T23:00:45.847+0700] {processor.py:830} INFO - Processing file /home/newrey/airflow/airflow-env/lib/python3.10/site-packages/airflow/example_dags/example_branch_labels.py for tasks to queue
[2024-04-17T23:00:45.848+0700] {logging_mixin.py:188} INFO - [2024-04-17T23:00:45.848+0700] {dagbag.py:540} INFO - Filling up the DagBag from /home/newrey/airflow/airflow-env/lib/python3.10/site-packages/airflow/example_dags/example_branch_labels.py
[2024-04-17T23:00:45.855+0700] {processor.py:840} INFO - DAG(s) 'example_branch_labels' retrieved from /home/newrey/airflow/airflow-env/lib/python3.10/site-packages/airflow/example_dags/example_branch_labels.py
[2024-04-17T23:00:45.869+0700] {logging_mixin.py:188} INFO - [2024-04-17T23:00:45.868+0700] {dag.py:3096} INFO - Sync 1 DAGs
[2024-04-17T23:00:45.888+0700] {logging_mixin.py:188} INFO - [2024-04-17T23:00:45.887+0700] {dag.py:3954} INFO - Setting next_dagrun for example_branch_labels to 2024-04-16 00:00:00+00:00, run_after=2024-04-17 00:00:00+00:00
[2024-04-17T23:00:45.909+0700] {processor.py:183} INFO - Processing /home/newrey/airflow/airflow-env/lib/python3.10/site-packages/airflow/example_dags/example_branch_labels.py took 0.073 seconds
[2024-04-17T23:01:59.937+0700] {processor.py:161} INFO - Started process (PID=10583) to work on /home/newrey/airflow/airflow-env/lib/python3.10/site-packages/airflow/example_dags/example_branch_labels.py
[2024-04-17T23:01:59.938+0700] {processor.py:830} INFO - Processing file /home/newrey/airflow/airflow-env/lib/python3.10/site-packages/airflow/example_dags/example_branch_labels.py for tasks to queue
[2024-04-17T23:01:59.940+0700] {logging_mixin.py:188} INFO - [2024-04-17T23:01:59.939+0700] {dagbag.py:540} INFO - Filling up the DagBag from /home/newrey/airflow/airflow-env/lib/python3.10/site-packages/airflow/example_dags/example_branch_labels.py
[2024-04-17T23:01:59.958+0700] {processor.py:840} INFO - DAG(s) 'example_branch_labels' retrieved from /home/newrey/airflow/airflow-env/lib/python3.10/site-packages/airflow/example_dags/example_branch_labels.py
[2024-04-17T23:01:59.978+0700] {logging_mixin.py:188} INFO - [2024-04-17T23:01:59.978+0700] {dag.py:3096} INFO - Sync 1 DAGs
[2024-04-17T23:02:00.017+0700] {logging_mixin.py:188} INFO - [2024-04-17T23:02:00.016+0700] {dag.py:3954} INFO - Setting next_dagrun for example_branch_labels to 2024-04-16 00:00:00+00:00, run_after=2024-04-17 00:00:00+00:00
[2024-04-17T23:02:00.055+0700] {processor.py:183} INFO - Processing /home/newrey/airflow/airflow-env/lib/python3.10/site-packages/airflow/example_dags/example_branch_labels.py took 0.129 seconds
[2024-04-17T23:02:53.067+0700] {processor.py:161} INFO - Started process (PID=10780) to work on /home/newrey/airflow/airflow-env/lib/python3.10/site-packages/airflow/example_dags/example_branch_labels.py
[2024-04-17T23:02:53.070+0700] {processor.py:830} INFO - Processing file /home/newrey/airflow/airflow-env/lib/python3.10/site-packages/airflow/example_dags/example_branch_labels.py for tasks to queue
[2024-04-17T23:02:53.071+0700] {logging_mixin.py:188} INFO - [2024-04-17T23:02:53.071+0700] {dagbag.py:540} INFO - Filling up the DagBag from /home/newrey/airflow/airflow-env/lib/python3.10/site-packages/airflow/example_dags/example_branch_labels.py
[2024-04-17T23:02:53.077+0700] {processor.py:840} INFO - DAG(s) 'example_branch_labels' retrieved from /home/newrey/airflow/airflow-env/lib/python3.10/site-packages/airflow/example_dags/example_branch_labels.py
[2024-04-17T23:02:53.092+0700] {logging_mixin.py:188} INFO - [2024-04-17T23:02:53.092+0700] {dag.py:3096} INFO - Sync 1 DAGs
[2024-04-17T23:02:53.111+0700] {logging_mixin.py:188} INFO - [2024-04-17T23:02:53.111+0700] {dag.py:3954} INFO - Setting next_dagrun for example_branch_labels to 2024-04-16 00:00:00+00:00, run_after=2024-04-17 00:00:00+00:00
[2024-04-17T23:02:53.132+0700] {processor.py:183} INFO - Processing /home/newrey/airflow/airflow-env/lib/python3.10/site-packages/airflow/example_dags/example_branch_labels.py took 0.074 seconds
[2024-04-17T23:04:09.611+0700] {processor.py:161} INFO - Started process (PID=10964) to work on /home/newrey/airflow/airflow-env/lib/python3.10/site-packages/airflow/example_dags/example_branch_labels.py
[2024-04-17T23:04:09.624+0700] {processor.py:830} INFO - Processing file /home/newrey/airflow/airflow-env/lib/python3.10/site-packages/airflow/example_dags/example_branch_labels.py for tasks to queue
[2024-04-17T23:04:09.625+0700] {logging_mixin.py:188} INFO - [2024-04-17T23:04:09.625+0700] {dagbag.py:540} INFO - Filling up the DagBag from /home/newrey/airflow/airflow-env/lib/python3.10/site-packages/airflow/example_dags/example_branch_labels.py
[2024-04-17T23:04:09.636+0700] {processor.py:840} INFO - DAG(s) 'example_branch_labels' retrieved from /home/newrey/airflow/airflow-env/lib/python3.10/site-packages/airflow/example_dags/example_branch_labels.py
[2024-04-17T23:04:09.664+0700] {logging_mixin.py:188} INFO - [2024-04-17T23:04:09.664+0700] {dag.py:3096} INFO - Sync 1 DAGs
[2024-04-17T23:04:09.711+0700] {logging_mixin.py:188} INFO - [2024-04-17T23:04:09.711+0700] {dag.py:3954} INFO - Setting next_dagrun for example_branch_labels to 2024-04-16 00:00:00+00:00, run_after=2024-04-17 00:00:00+00:00
[2024-04-17T23:04:09.745+0700] {processor.py:183} INFO - Processing /home/newrey/airflow/airflow-env/lib/python3.10/site-packages/airflow/example_dags/example_branch_labels.py took 0.148 seconds
[2024-04-17T23:05:06.176+0700] {processor.py:161} INFO - Started process (PID=11097) to work on /home/newrey/airflow/airflow-env/lib/python3.10/site-packages/airflow/example_dags/example_branch_labels.py
[2024-04-17T23:05:06.180+0700] {processor.py:830} INFO - Processing file /home/newrey/airflow/airflow-env/lib/python3.10/site-packages/airflow/example_dags/example_branch_labels.py for tasks to queue
[2024-04-17T23:05:06.183+0700] {logging_mixin.py:188} INFO - [2024-04-17T23:05:06.182+0700] {dagbag.py:540} INFO - Filling up the DagBag from /home/newrey/airflow/airflow-env/lib/python3.10/site-packages/airflow/example_dags/example_branch_labels.py
[2024-04-17T23:05:06.194+0700] {processor.py:840} INFO - DAG(s) 'example_branch_labels' retrieved from /home/newrey/airflow/airflow-env/lib/python3.10/site-packages/airflow/example_dags/example_branch_labels.py
[2024-04-17T23:05:06.224+0700] {logging_mixin.py:188} INFO - [2024-04-17T23:05:06.223+0700] {dag.py:3096} INFO - Sync 1 DAGs
[2024-04-17T23:05:06.272+0700] {logging_mixin.py:188} INFO - [2024-04-17T23:05:06.272+0700] {dag.py:3954} INFO - Setting next_dagrun for example_branch_labels to 2024-04-16 00:00:00+00:00, run_after=2024-04-17 00:00:00+00:00
[2024-04-17T23:05:06.310+0700] {processor.py:183} INFO - Processing /home/newrey/airflow/airflow-env/lib/python3.10/site-packages/airflow/example_dags/example_branch_labels.py took 0.155 seconds
[2024-04-17T23:06:04.451+0700] {processor.py:161} INFO - Started process (PID=11233) to work on /home/newrey/airflow/airflow-env/lib/python3.10/site-packages/airflow/example_dags/example_branch_labels.py
[2024-04-17T23:06:04.455+0700] {processor.py:830} INFO - Processing file /home/newrey/airflow/airflow-env/lib/python3.10/site-packages/airflow/example_dags/example_branch_labels.py for tasks to queue
[2024-04-17T23:06:04.457+0700] {logging_mixin.py:188} INFO - [2024-04-17T23:06:04.456+0700] {dagbag.py:540} INFO - Filling up the DagBag from /home/newrey/airflow/airflow-env/lib/python3.10/site-packages/airflow/example_dags/example_branch_labels.py
[2024-04-17T23:06:04.470+0700] {processor.py:840} INFO - DAG(s) 'example_branch_labels' retrieved from /home/newrey/airflow/airflow-env/lib/python3.10/site-packages/airflow/example_dags/example_branch_labels.py
[2024-04-17T23:06:04.491+0700] {logging_mixin.py:188} INFO - [2024-04-17T23:06:04.490+0700] {dag.py:3096} INFO - Sync 1 DAGs
[2024-04-17T23:06:04.520+0700] {logging_mixin.py:188} INFO - [2024-04-17T23:06:04.520+0700] {dag.py:3954} INFO - Setting next_dagrun for example_branch_labels to 2024-04-16 00:00:00+00:00, run_after=2024-04-17 00:00:00+00:00
[2024-04-17T23:06:04.558+0700] {processor.py:183} INFO - Processing /home/newrey/airflow/airflow-env/lib/python3.10/site-packages/airflow/example_dags/example_branch_labels.py took 0.121 seconds
[2024-04-17T23:07:01.449+0700] {processor.py:161} INFO - Started process (PID=11367) to work on /home/newrey/airflow/airflow-env/lib/python3.10/site-packages/airflow/example_dags/example_branch_labels.py
[2024-04-17T23:07:01.470+0700] {processor.py:830} INFO - Processing file /home/newrey/airflow/airflow-env/lib/python3.10/site-packages/airflow/example_dags/example_branch_labels.py for tasks to queue
[2024-04-17T23:07:01.472+0700] {logging_mixin.py:188} INFO - [2024-04-17T23:07:01.472+0700] {dagbag.py:540} INFO - Filling up the DagBag from /home/newrey/airflow/airflow-env/lib/python3.10/site-packages/airflow/example_dags/example_branch_labels.py
[2024-04-17T23:07:01.483+0700] {processor.py:840} INFO - DAG(s) 'example_branch_labels' retrieved from /home/newrey/airflow/airflow-env/lib/python3.10/site-packages/airflow/example_dags/example_branch_labels.py
[2024-04-17T23:07:01.507+0700] {logging_mixin.py:188} INFO - [2024-04-17T23:07:01.507+0700] {dag.py:3096} INFO - Sync 1 DAGs
[2024-04-17T23:07:01.545+0700] {logging_mixin.py:188} INFO - [2024-04-17T23:07:01.544+0700] {dag.py:3954} INFO - Setting next_dagrun for example_branch_labels to 2024-04-16 00:00:00+00:00, run_after=2024-04-17 00:00:00+00:00
[2024-04-17T23:07:01.585+0700] {processor.py:183} INFO - Processing /home/newrey/airflow/airflow-env/lib/python3.10/site-packages/airflow/example_dags/example_branch_labels.py took 0.147 seconds
