[2024-04-17T22:43:03.836+0700] {processor.py:161} INFO - Started process (PID=4731) to work on /home/newrey/airflow/airflow-env/lib/python3.10/site-packages/airflow/example_dags/example_branch_day_of_week_operator.py
[2024-04-17T22:43:03.837+0700] {processor.py:830} INFO - Processing file /home/newrey/airflow/airflow-env/lib/python3.10/site-packages/airflow/example_dags/example_branch_day_of_week_operator.py for tasks to queue
[2024-04-17T22:43:03.838+0700] {logging_mixin.py:188} INFO - [2024-04-17T22:43:03.838+0700] {dagbag.py:540} INFO - Filling up the DagBag from /home/newrey/airflow/airflow-env/lib/python3.10/site-packages/airflow/example_dags/example_branch_day_of_week_operator.py
[2024-04-17T22:43:03.845+0700] {processor.py:840} INFO - DAG(s) 'example_weekday_branch_operator' retrieved from /home/newrey/airflow/airflow-env/lib/python3.10/site-packages/airflow/example_dags/example_branch_day_of_week_operator.py
[2024-04-17T22:43:03.940+0700] {logging_mixin.py:188} INFO - [2024-04-17T22:43:03.940+0700] {dag.py:3096} INFO - Sync 1 DAGs
[2024-04-17T22:43:03.959+0700] {logging_mixin.py:188} INFO - [2024-04-17T22:43:03.959+0700] {dag.py:3954} INFO - Setting next_dagrun for example_weekday_branch_operator to 2024-04-16 00:00:00+00:00, run_after=2024-04-17 00:00:00+00:00
[2024-04-17T22:43:04.076+0700] {processor.py:183} INFO - Processing /home/newrey/airflow/airflow-env/lib/python3.10/site-packages/airflow/example_dags/example_branch_day_of_week_operator.py took 0.246 seconds
[2024-04-17T22:44:11.960+0700] {processor.py:161} INFO - Started process (PID=4923) to work on /home/newrey/airflow/airflow-env/lib/python3.10/site-packages/airflow/example_dags/example_branch_day_of_week_operator.py
[2024-04-17T22:44:11.962+0700] {processor.py:830} INFO - Processing file /home/newrey/airflow/airflow-env/lib/python3.10/site-packages/airflow/example_dags/example_branch_day_of_week_operator.py for tasks to queue
[2024-04-17T22:44:11.964+0700] {logging_mixin.py:188} INFO - [2024-04-17T22:44:11.963+0700] {dagbag.py:540} INFO - Filling up the DagBag from /home/newrey/airflow/airflow-env/lib/python3.10/site-packages/airflow/example_dags/example_branch_day_of_week_operator.py
[2024-04-17T22:44:11.971+0700] {processor.py:840} INFO - DAG(s) 'example_weekday_branch_operator' retrieved from /home/newrey/airflow/airflow-env/lib/python3.10/site-packages/airflow/example_dags/example_branch_day_of_week_operator.py
[2024-04-17T22:44:11.985+0700] {logging_mixin.py:188} INFO - [2024-04-17T22:44:11.985+0700] {dag.py:3096} INFO - Sync 1 DAGs
[2024-04-17T22:44:12.004+0700] {logging_mixin.py:188} INFO - [2024-04-17T22:44:12.004+0700] {dag.py:3954} INFO - Setting next_dagrun for example_weekday_branch_operator to 2024-04-16 00:00:00+00:00, run_after=2024-04-17 00:00:00+00:00
[2024-04-17T22:44:12.031+0700] {processor.py:183} INFO - Processing /home/newrey/airflow/airflow-env/lib/python3.10/site-packages/airflow/example_dags/example_branch_day_of_week_operator.py took 0.079 seconds
[2024-04-17T22:45:10.659+0700] {processor.py:161} INFO - Started process (PID=5047) to work on /home/newrey/airflow/airflow-env/lib/python3.10/site-packages/airflow/example_dags/example_branch_day_of_week_operator.py
[2024-04-17T22:45:10.663+0700] {processor.py:830} INFO - Processing file /home/newrey/airflow/airflow-env/lib/python3.10/site-packages/airflow/example_dags/example_branch_day_of_week_operator.py for tasks to queue
[2024-04-17T22:45:10.769+0700] {logging_mixin.py:188} INFO - [2024-04-17T22:45:10.768+0700] {dagbag.py:540} INFO - Filling up the DagBag from /home/newrey/airflow/airflow-env/lib/python3.10/site-packages/airflow/example_dags/example_branch_day_of_week_operator.py
[2024-04-17T22:45:10.776+0700] {processor.py:840} INFO - DAG(s) 'example_weekday_branch_operator' retrieved from /home/newrey/airflow/airflow-env/lib/python3.10/site-packages/airflow/example_dags/example_branch_day_of_week_operator.py
[2024-04-17T22:45:10.791+0700] {logging_mixin.py:188} INFO - [2024-04-17T22:45:10.791+0700] {dag.py:3096} INFO - Sync 1 DAGs
[2024-04-17T22:45:10.813+0700] {logging_mixin.py:188} INFO - [2024-04-17T22:45:10.813+0700] {dag.py:3954} INFO - Setting next_dagrun for example_weekday_branch_operator to 2024-04-16 00:00:00+00:00, run_after=2024-04-17 00:00:00+00:00
[2024-04-17T22:45:10.840+0700] {processor.py:183} INFO - Processing /home/newrey/airflow/airflow-env/lib/python3.10/site-packages/airflow/example_dags/example_branch_day_of_week_operator.py took 0.188 seconds
[2024-04-17T22:46:02.632+0700] {processor.py:161} INFO - Started process (PID=5173) to work on /home/newrey/airflow/airflow-env/lib/python3.10/site-packages/airflow/example_dags/example_branch_day_of_week_operator.py
[2024-04-17T22:46:02.635+0700] {processor.py:830} INFO - Processing file /home/newrey/airflow/airflow-env/lib/python3.10/site-packages/airflow/example_dags/example_branch_day_of_week_operator.py for tasks to queue
[2024-04-17T22:46:02.636+0700] {logging_mixin.py:188} INFO - [2024-04-17T22:46:02.636+0700] {dagbag.py:540} INFO - Filling up the DagBag from /home/newrey/airflow/airflow-env/lib/python3.10/site-packages/airflow/example_dags/example_branch_day_of_week_operator.py
[2024-04-17T22:46:02.642+0700] {processor.py:840} INFO - DAG(s) 'example_weekday_branch_operator' retrieved from /home/newrey/airflow/airflow-env/lib/python3.10/site-packages/airflow/example_dags/example_branch_day_of_week_operator.py
[2024-04-17T22:46:02.658+0700] {logging_mixin.py:188} INFO - [2024-04-17T22:46:02.657+0700] {dag.py:3096} INFO - Sync 1 DAGs
[2024-04-17T22:46:02.677+0700] {logging_mixin.py:188} INFO - [2024-04-17T22:46:02.677+0700] {dag.py:3954} INFO - Setting next_dagrun for example_weekday_branch_operator to 2024-04-16 00:00:00+00:00, run_after=2024-04-17 00:00:00+00:00
[2024-04-17T22:46:02.700+0700] {processor.py:183} INFO - Processing /home/newrey/airflow/airflow-env/lib/python3.10/site-packages/airflow/example_dags/example_branch_day_of_week_operator.py took 0.078 seconds
[2024-04-17T22:46:54.296+0700] {processor.py:161} INFO - Started process (PID=5291) to work on /home/newrey/airflow/airflow-env/lib/python3.10/site-packages/airflow/example_dags/example_branch_day_of_week_operator.py
[2024-04-17T22:46:54.297+0700] {processor.py:830} INFO - Processing file /home/newrey/airflow/airflow-env/lib/python3.10/site-packages/airflow/example_dags/example_branch_day_of_week_operator.py for tasks to queue
[2024-04-17T22:46:54.298+0700] {logging_mixin.py:188} INFO - [2024-04-17T22:46:54.298+0700] {dagbag.py:540} INFO - Filling up the DagBag from /home/newrey/airflow/airflow-env/lib/python3.10/site-packages/airflow/example_dags/example_branch_day_of_week_operator.py
[2024-04-17T22:46:54.305+0700] {processor.py:840} INFO - DAG(s) 'example_weekday_branch_operator' retrieved from /home/newrey/airflow/airflow-env/lib/python3.10/site-packages/airflow/example_dags/example_branch_day_of_week_operator.py
[2024-04-17T22:46:54.322+0700] {logging_mixin.py:188} INFO - [2024-04-17T22:46:54.322+0700] {dag.py:3096} INFO - Sync 1 DAGs
[2024-04-17T22:46:54.347+0700] {logging_mixin.py:188} INFO - [2024-04-17T22:46:54.347+0700] {dag.py:3954} INFO - Setting next_dagrun for example_weekday_branch_operator to 2024-04-16 00:00:00+00:00, run_after=2024-04-17 00:00:00+00:00
[2024-04-17T22:46:54.377+0700] {processor.py:183} INFO - Processing /home/newrey/airflow/airflow-env/lib/python3.10/site-packages/airflow/example_dags/example_branch_day_of_week_operator.py took 0.092 seconds
[2024-04-17T22:48:07.661+0700] {processor.py:161} INFO - Started process (PID=5938) to work on /home/newrey/airflow/airflow-env/lib/python3.10/site-packages/airflow/example_dags/example_branch_day_of_week_operator.py
[2024-04-17T22:48:07.663+0700] {processor.py:830} INFO - Processing file /home/newrey/airflow/airflow-env/lib/python3.10/site-packages/airflow/example_dags/example_branch_day_of_week_operator.py for tasks to queue
[2024-04-17T22:48:07.664+0700] {logging_mixin.py:188} INFO - [2024-04-17T22:48:07.664+0700] {dagbag.py:540} INFO - Filling up the DagBag from /home/newrey/airflow/airflow-env/lib/python3.10/site-packages/airflow/example_dags/example_branch_day_of_week_operator.py
[2024-04-17T22:48:07.672+0700] {processor.py:840} INFO - DAG(s) 'example_weekday_branch_operator' retrieved from /home/newrey/airflow/airflow-env/lib/python3.10/site-packages/airflow/example_dags/example_branch_day_of_week_operator.py
[2024-04-17T22:48:07.687+0700] {logging_mixin.py:188} INFO - [2024-04-17T22:48:07.687+0700] {dag.py:3096} INFO - Sync 1 DAGs
[2024-04-17T22:48:07.707+0700] {logging_mixin.py:188} INFO - [2024-04-17T22:48:07.706+0700] {dag.py:3954} INFO - Setting next_dagrun for example_weekday_branch_operator to 2024-04-16 00:00:00+00:00, run_after=2024-04-17 00:00:00+00:00
[2024-04-17T22:48:07.730+0700] {processor.py:183} INFO - Processing /home/newrey/airflow/airflow-env/lib/python3.10/site-packages/airflow/example_dags/example_branch_day_of_week_operator.py took 0.077 seconds
[2024-04-17T22:49:22.338+0700] {processor.py:161} INFO - Started process (PID=6401) to work on /home/newrey/airflow/airflow-env/lib/python3.10/site-packages/airflow/example_dags/example_branch_day_of_week_operator.py
[2024-04-17T22:49:22.340+0700] {processor.py:830} INFO - Processing file /home/newrey/airflow/airflow-env/lib/python3.10/site-packages/airflow/example_dags/example_branch_day_of_week_operator.py for tasks to queue
[2024-04-17T22:49:22.341+0700] {logging_mixin.py:188} INFO - [2024-04-17T22:49:22.341+0700] {dagbag.py:540} INFO - Filling up the DagBag from /home/newrey/airflow/airflow-env/lib/python3.10/site-packages/airflow/example_dags/example_branch_day_of_week_operator.py
[2024-04-17T22:49:22.348+0700] {processor.py:840} INFO - DAG(s) 'example_weekday_branch_operator' retrieved from /home/newrey/airflow/airflow-env/lib/python3.10/site-packages/airflow/example_dags/example_branch_day_of_week_operator.py
[2024-04-17T22:49:22.365+0700] {logging_mixin.py:188} INFO - [2024-04-17T22:49:22.365+0700] {dag.py:3096} INFO - Sync 1 DAGs
[2024-04-17T22:49:22.386+0700] {logging_mixin.py:188} INFO - [2024-04-17T22:49:22.386+0700] {dag.py:3954} INFO - Setting next_dagrun for example_weekday_branch_operator to 2024-04-16 00:00:00+00:00, run_after=2024-04-17 00:00:00+00:00
[2024-04-17T22:49:22.422+0700] {processor.py:183} INFO - Processing /home/newrey/airflow/airflow-env/lib/python3.10/site-packages/airflow/example_dags/example_branch_day_of_week_operator.py took 0.095 seconds
[2024-04-17T22:50:32.785+0700] {processor.py:161} INFO - Started process (PID=6625) to work on /home/newrey/airflow/airflow-env/lib/python3.10/site-packages/airflow/example_dags/example_branch_day_of_week_operator.py
[2024-04-17T22:50:32.786+0700] {processor.py:830} INFO - Processing file /home/newrey/airflow/airflow-env/lib/python3.10/site-packages/airflow/example_dags/example_branch_day_of_week_operator.py for tasks to queue
[2024-04-17T22:50:32.788+0700] {logging_mixin.py:188} INFO - [2024-04-17T22:50:32.787+0700] {dagbag.py:540} INFO - Filling up the DagBag from /home/newrey/airflow/airflow-env/lib/python3.10/site-packages/airflow/example_dags/example_branch_day_of_week_operator.py
[2024-04-17T22:50:32.795+0700] {processor.py:840} INFO - DAG(s) 'example_weekday_branch_operator' retrieved from /home/newrey/airflow/airflow-env/lib/python3.10/site-packages/airflow/example_dags/example_branch_day_of_week_operator.py
[2024-04-17T22:50:32.813+0700] {logging_mixin.py:188} INFO - [2024-04-17T22:50:32.813+0700] {dag.py:3096} INFO - Sync 1 DAGs
[2024-04-17T22:50:32.835+0700] {logging_mixin.py:188} INFO - [2024-04-17T22:50:32.835+0700] {dag.py:3954} INFO - Setting next_dagrun for example_weekday_branch_operator to 2024-04-16 00:00:00+00:00, run_after=2024-04-17 00:00:00+00:00
[2024-04-17T22:50:32.858+0700] {processor.py:183} INFO - Processing /home/newrey/airflow/airflow-env/lib/python3.10/site-packages/airflow/example_dags/example_branch_day_of_week_operator.py took 0.083 seconds
[2024-04-17T22:52:09.502+0700] {processor.py:161} INFO - Started process (PID=7725) to work on /home/newrey/airflow/airflow-env/lib/python3.10/site-packages/airflow/example_dags/example_branch_day_of_week_operator.py
[2024-04-17T22:52:09.503+0700] {processor.py:830} INFO - Processing file /home/newrey/airflow/airflow-env/lib/python3.10/site-packages/airflow/example_dags/example_branch_day_of_week_operator.py for tasks to queue
[2024-04-17T22:52:09.505+0700] {logging_mixin.py:188} INFO - [2024-04-17T22:52:09.504+0700] {dagbag.py:540} INFO - Filling up the DagBag from /home/newrey/airflow/airflow-env/lib/python3.10/site-packages/airflow/example_dags/example_branch_day_of_week_operator.py
[2024-04-17T22:52:09.512+0700] {processor.py:840} INFO - DAG(s) 'example_weekday_branch_operator' retrieved from /home/newrey/airflow/airflow-env/lib/python3.10/site-packages/airflow/example_dags/example_branch_day_of_week_operator.py
[2024-04-17T22:52:09.532+0700] {logging_mixin.py:188} INFO - [2024-04-17T22:52:09.532+0700] {dag.py:3096} INFO - Sync 1 DAGs
[2024-04-17T22:52:09.564+0700] {logging_mixin.py:188} INFO - [2024-04-17T22:52:09.564+0700] {dag.py:3954} INFO - Setting next_dagrun for example_weekday_branch_operator to 2024-04-16 00:00:00+00:00, run_after=2024-04-17 00:00:00+00:00
[2024-04-17T22:52:09.589+0700] {processor.py:183} INFO - Processing /home/newrey/airflow/airflow-env/lib/python3.10/site-packages/airflow/example_dags/example_branch_day_of_week_operator.py took 0.095 seconds
[2024-04-17T22:53:04.340+0700] {processor.py:161} INFO - Started process (PID=8459) to work on /home/newrey/airflow/airflow-env/lib/python3.10/site-packages/airflow/example_dags/example_branch_day_of_week_operator.py
[2024-04-17T22:53:04.342+0700] {processor.py:830} INFO - Processing file /home/newrey/airflow/airflow-env/lib/python3.10/site-packages/airflow/example_dags/example_branch_day_of_week_operator.py for tasks to queue
[2024-04-17T22:53:04.343+0700] {logging_mixin.py:188} INFO - [2024-04-17T22:53:04.343+0700] {dagbag.py:540} INFO - Filling up the DagBag from /home/newrey/airflow/airflow-env/lib/python3.10/site-packages/airflow/example_dags/example_branch_day_of_week_operator.py
[2024-04-17T22:53:04.349+0700] {processor.py:840} INFO - DAG(s) 'example_weekday_branch_operator' retrieved from /home/newrey/airflow/airflow-env/lib/python3.10/site-packages/airflow/example_dags/example_branch_day_of_week_operator.py
[2024-04-17T22:53:04.364+0700] {logging_mixin.py:188} INFO - [2024-04-17T22:53:04.364+0700] {dag.py:3096} INFO - Sync 1 DAGs
[2024-04-17T22:53:04.388+0700] {logging_mixin.py:188} INFO - [2024-04-17T22:53:04.388+0700] {dag.py:3954} INFO - Setting next_dagrun for example_weekday_branch_operator to 2024-04-16 00:00:00+00:00, run_after=2024-04-17 00:00:00+00:00
[2024-04-17T22:53:04.413+0700] {processor.py:183} INFO - Processing /home/newrey/airflow/airflow-env/lib/python3.10/site-packages/airflow/example_dags/example_branch_day_of_week_operator.py took 0.082 seconds
[2024-04-17T22:54:04.231+0700] {processor.py:161} INFO - Started process (PID=9123) to work on /home/newrey/airflow/airflow-env/lib/python3.10/site-packages/airflow/example_dags/example_branch_day_of_week_operator.py
[2024-04-17T22:54:04.233+0700] {processor.py:830} INFO - Processing file /home/newrey/airflow/airflow-env/lib/python3.10/site-packages/airflow/example_dags/example_branch_day_of_week_operator.py for tasks to queue
[2024-04-17T22:54:04.234+0700] {logging_mixin.py:188} INFO - [2024-04-17T22:54:04.234+0700] {dagbag.py:540} INFO - Filling up the DagBag from /home/newrey/airflow/airflow-env/lib/python3.10/site-packages/airflow/example_dags/example_branch_day_of_week_operator.py
[2024-04-17T22:54:04.244+0700] {processor.py:840} INFO - DAG(s) 'example_weekday_branch_operator' retrieved from /home/newrey/airflow/airflow-env/lib/python3.10/site-packages/airflow/example_dags/example_branch_day_of_week_operator.py
[2024-04-17T22:54:04.265+0700] {logging_mixin.py:188} INFO - [2024-04-17T22:54:04.264+0700] {dag.py:3096} INFO - Sync 1 DAGs
[2024-04-17T22:54:04.292+0700] {logging_mixin.py:188} INFO - [2024-04-17T22:54:04.291+0700] {dag.py:3954} INFO - Setting next_dagrun for example_weekday_branch_operator to 2024-04-16 00:00:00+00:00, run_after=2024-04-17 00:00:00+00:00
[2024-04-17T22:54:04.326+0700] {processor.py:183} INFO - Processing /home/newrey/airflow/airflow-env/lib/python3.10/site-packages/airflow/example_dags/example_branch_day_of_week_operator.py took 0.104 seconds
[2024-04-17T22:54:56.175+0700] {processor.py:161} INFO - Started process (PID=9255) to work on /home/newrey/airflow/airflow-env/lib/python3.10/site-packages/airflow/example_dags/example_branch_day_of_week_operator.py
[2024-04-17T22:54:56.176+0700] {processor.py:830} INFO - Processing file /home/newrey/airflow/airflow-env/lib/python3.10/site-packages/airflow/example_dags/example_branch_day_of_week_operator.py for tasks to queue
[2024-04-17T22:54:56.178+0700] {logging_mixin.py:188} INFO - [2024-04-17T22:54:56.177+0700] {dagbag.py:540} INFO - Filling up the DagBag from /home/newrey/airflow/airflow-env/lib/python3.10/site-packages/airflow/example_dags/example_branch_day_of_week_operator.py
[2024-04-17T22:54:56.185+0700] {processor.py:840} INFO - DAG(s) 'example_weekday_branch_operator' retrieved from /home/newrey/airflow/airflow-env/lib/python3.10/site-packages/airflow/example_dags/example_branch_day_of_week_operator.py
[2024-04-17T22:54:56.200+0700] {logging_mixin.py:188} INFO - [2024-04-17T22:54:56.200+0700] {dag.py:3096} INFO - Sync 1 DAGs
[2024-04-17T22:54:56.220+0700] {logging_mixin.py:188} INFO - [2024-04-17T22:54:56.220+0700] {dag.py:3954} INFO - Setting next_dagrun for example_weekday_branch_operator to 2024-04-16 00:00:00+00:00, run_after=2024-04-17 00:00:00+00:00
[2024-04-17T22:54:56.246+0700] {processor.py:183} INFO - Processing /home/newrey/airflow/airflow-env/lib/python3.10/site-packages/airflow/example_dags/example_branch_day_of_week_operator.py took 0.083 seconds
[2024-04-17T22:56:02.534+0700] {processor.py:161} INFO - Started process (PID=9417) to work on /home/newrey/airflow/airflow-env/lib/python3.10/site-packages/airflow/example_dags/example_branch_day_of_week_operator.py
[2024-04-17T22:56:02.535+0700] {processor.py:830} INFO - Processing file /home/newrey/airflow/airflow-env/lib/python3.10/site-packages/airflow/example_dags/example_branch_day_of_week_operator.py for tasks to queue
[2024-04-17T22:56:02.537+0700] {logging_mixin.py:188} INFO - [2024-04-17T22:56:02.536+0700] {dagbag.py:540} INFO - Filling up the DagBag from /home/newrey/airflow/airflow-env/lib/python3.10/site-packages/airflow/example_dags/example_branch_day_of_week_operator.py
[2024-04-17T22:56:02.543+0700] {processor.py:840} INFO - DAG(s) 'example_weekday_branch_operator' retrieved from /home/newrey/airflow/airflow-env/lib/python3.10/site-packages/airflow/example_dags/example_branch_day_of_week_operator.py
[2024-04-17T22:56:02.559+0700] {logging_mixin.py:188} INFO - [2024-04-17T22:56:02.559+0700] {dag.py:3096} INFO - Sync 1 DAGs
[2024-04-17T22:56:02.587+0700] {logging_mixin.py:188} INFO - [2024-04-17T22:56:02.587+0700] {dag.py:3954} INFO - Setting next_dagrun for example_weekday_branch_operator to 2024-04-16 00:00:00+00:00, run_after=2024-04-17 00:00:00+00:00
[2024-04-17T22:56:02.615+0700] {processor.py:183} INFO - Processing /home/newrey/airflow/airflow-env/lib/python3.10/site-packages/airflow/example_dags/example_branch_day_of_week_operator.py took 0.090 seconds
[2024-04-17T22:57:12.504+0700] {processor.py:161} INFO - Started process (PID=9566) to work on /home/newrey/airflow/airflow-env/lib/python3.10/site-packages/airflow/example_dags/example_branch_day_of_week_operator.py
[2024-04-17T22:57:12.506+0700] {processor.py:830} INFO - Processing file /home/newrey/airflow/airflow-env/lib/python3.10/site-packages/airflow/example_dags/example_branch_day_of_week_operator.py for tasks to queue
[2024-04-17T22:57:12.508+0700] {logging_mixin.py:188} INFO - [2024-04-17T22:57:12.507+0700] {dagbag.py:540} INFO - Filling up the DagBag from /home/newrey/airflow/airflow-env/lib/python3.10/site-packages/airflow/example_dags/example_branch_day_of_week_operator.py
[2024-04-17T22:57:12.516+0700] {processor.py:840} INFO - DAG(s) 'example_weekday_branch_operator' retrieved from /home/newrey/airflow/airflow-env/lib/python3.10/site-packages/airflow/example_dags/example_branch_day_of_week_operator.py
[2024-04-17T22:57:12.535+0700] {logging_mixin.py:188} INFO - [2024-04-17T22:57:12.535+0700] {dag.py:3096} INFO - Sync 1 DAGs
[2024-04-17T22:57:12.560+0700] {logging_mixin.py:188} INFO - [2024-04-17T22:57:12.559+0700] {dag.py:3954} INFO - Setting next_dagrun for example_weekday_branch_operator to 2024-04-16 00:00:00+00:00, run_after=2024-04-17 00:00:00+00:00
[2024-04-17T22:57:12.587+0700] {processor.py:183} INFO - Processing /home/newrey/airflow/airflow-env/lib/python3.10/site-packages/airflow/example_dags/example_branch_day_of_week_operator.py took 0.094 seconds
[2024-04-17T22:58:22.272+0700] {processor.py:161} INFO - Started process (PID=9794) to work on /home/newrey/airflow/airflow-env/lib/python3.10/site-packages/airflow/example_dags/example_branch_day_of_week_operator.py
[2024-04-17T22:58:22.275+0700] {processor.py:830} INFO - Processing file /home/newrey/airflow/airflow-env/lib/python3.10/site-packages/airflow/example_dags/example_branch_day_of_week_operator.py for tasks to queue
[2024-04-17T22:58:22.278+0700] {logging_mixin.py:188} INFO - [2024-04-17T22:58:22.277+0700] {dagbag.py:540} INFO - Filling up the DagBag from /home/newrey/airflow/airflow-env/lib/python3.10/site-packages/airflow/example_dags/example_branch_day_of_week_operator.py
[2024-04-17T22:58:22.292+0700] {processor.py:840} INFO - DAG(s) 'example_weekday_branch_operator' retrieved from /home/newrey/airflow/airflow-env/lib/python3.10/site-packages/airflow/example_dags/example_branch_day_of_week_operator.py
[2024-04-17T22:58:22.310+0700] {logging_mixin.py:188} INFO - [2024-04-17T22:58:22.310+0700] {dag.py:3096} INFO - Sync 1 DAGs
[2024-04-17T22:58:22.336+0700] {logging_mixin.py:188} INFO - [2024-04-17T22:58:22.336+0700] {dag.py:3954} INFO - Setting next_dagrun for example_weekday_branch_operator to 2024-04-16 00:00:00+00:00, run_after=2024-04-17 00:00:00+00:00
[2024-04-17T22:58:22.359+0700] {processor.py:183} INFO - Processing /home/newrey/airflow/airflow-env/lib/python3.10/site-packages/airflow/example_dags/example_branch_day_of_week_operator.py took 0.097 seconds
[2024-04-17T22:59:32.230+0700] {processor.py:161} INFO - Started process (PID=10133) to work on /home/newrey/airflow/airflow-env/lib/python3.10/site-packages/airflow/example_dags/example_branch_day_of_week_operator.py
[2024-04-17T22:59:32.231+0700] {processor.py:830} INFO - Processing file /home/newrey/airflow/airflow-env/lib/python3.10/site-packages/airflow/example_dags/example_branch_day_of_week_operator.py for tasks to queue
[2024-04-17T22:59:32.232+0700] {logging_mixin.py:188} INFO - [2024-04-17T22:59:32.232+0700] {dagbag.py:540} INFO - Filling up the DagBag from /home/newrey/airflow/airflow-env/lib/python3.10/site-packages/airflow/example_dags/example_branch_day_of_week_operator.py
[2024-04-17T22:59:32.239+0700] {processor.py:840} INFO - DAG(s) 'example_weekday_branch_operator' retrieved from /home/newrey/airflow/airflow-env/lib/python3.10/site-packages/airflow/example_dags/example_branch_day_of_week_operator.py
[2024-04-17T22:59:32.254+0700] {logging_mixin.py:188} INFO - [2024-04-17T22:59:32.254+0700] {dag.py:3096} INFO - Sync 1 DAGs
[2024-04-17T22:59:32.278+0700] {logging_mixin.py:188} INFO - [2024-04-17T22:59:32.278+0700] {dag.py:3954} INFO - Setting next_dagrun for example_weekday_branch_operator to 2024-04-16 00:00:00+00:00, run_after=2024-04-17 00:00:00+00:00
[2024-04-17T22:59:32.306+0700] {processor.py:183} INFO - Processing /home/newrey/airflow/airflow-env/lib/python3.10/site-packages/airflow/example_dags/example_branch_day_of_week_operator.py took 0.085 seconds
[2024-04-17T23:00:46.991+0700] {processor.py:161} INFO - Started process (PID=10433) to work on /home/newrey/airflow/airflow-env/lib/python3.10/site-packages/airflow/example_dags/example_branch_day_of_week_operator.py
[2024-04-17T23:00:46.992+0700] {processor.py:830} INFO - Processing file /home/newrey/airflow/airflow-env/lib/python3.10/site-packages/airflow/example_dags/example_branch_day_of_week_operator.py for tasks to queue
[2024-04-17T23:00:46.994+0700] {logging_mixin.py:188} INFO - [2024-04-17T23:00:46.994+0700] {dagbag.py:540} INFO - Filling up the DagBag from /home/newrey/airflow/airflow-env/lib/python3.10/site-packages/airflow/example_dags/example_branch_day_of_week_operator.py
[2024-04-17T23:00:47.001+0700] {processor.py:840} INFO - DAG(s) 'example_weekday_branch_operator' retrieved from /home/newrey/airflow/airflow-env/lib/python3.10/site-packages/airflow/example_dags/example_branch_day_of_week_operator.py
[2024-04-17T23:00:47.018+0700] {logging_mixin.py:188} INFO - [2024-04-17T23:00:47.018+0700] {dag.py:3096} INFO - Sync 1 DAGs
[2024-04-17T23:00:47.042+0700] {logging_mixin.py:188} INFO - [2024-04-17T23:00:47.041+0700] {dag.py:3954} INFO - Setting next_dagrun for example_weekday_branch_operator to 2024-04-16 00:00:00+00:00, run_after=2024-04-17 00:00:00+00:00
[2024-04-17T23:00:47.069+0700] {processor.py:183} INFO - Processing /home/newrey/airflow/airflow-env/lib/python3.10/site-packages/airflow/example_dags/example_branch_day_of_week_operator.py took 0.087 seconds
[2024-04-17T23:02:01.176+0700] {processor.py:161} INFO - Started process (PID=10584) to work on /home/newrey/airflow/airflow-env/lib/python3.10/site-packages/airflow/example_dags/example_branch_day_of_week_operator.py
[2024-04-17T23:02:01.177+0700] {processor.py:830} INFO - Processing file /home/newrey/airflow/airflow-env/lib/python3.10/site-packages/airflow/example_dags/example_branch_day_of_week_operator.py for tasks to queue
[2024-04-17T23:02:01.179+0700] {logging_mixin.py:188} INFO - [2024-04-17T23:02:01.179+0700] {dagbag.py:540} INFO - Filling up the DagBag from /home/newrey/airflow/airflow-env/lib/python3.10/site-packages/airflow/example_dags/example_branch_day_of_week_operator.py
[2024-04-17T23:02:01.186+0700] {processor.py:840} INFO - DAG(s) 'example_weekday_branch_operator' retrieved from /home/newrey/airflow/airflow-env/lib/python3.10/site-packages/airflow/example_dags/example_branch_day_of_week_operator.py
[2024-04-17T23:02:01.200+0700] {logging_mixin.py:188} INFO - [2024-04-17T23:02:01.200+0700] {dag.py:3096} INFO - Sync 1 DAGs
[2024-04-17T23:02:01.221+0700] {logging_mixin.py:188} INFO - [2024-04-17T23:02:01.221+0700] {dag.py:3954} INFO - Setting next_dagrun for example_weekday_branch_operator to 2024-04-16 00:00:00+00:00, run_after=2024-04-17 00:00:00+00:00
[2024-04-17T23:02:01.243+0700] {processor.py:183} INFO - Processing /home/newrey/airflow/airflow-env/lib/python3.10/site-packages/airflow/example_dags/example_branch_day_of_week_operator.py took 0.076 seconds
[2024-04-17T23:03:16.480+0700] {processor.py:161} INFO - Started process (PID=10822) to work on /home/newrey/airflow/airflow-env/lib/python3.10/site-packages/airflow/example_dags/example_branch_day_of_week_operator.py
[2024-04-17T23:03:16.481+0700] {processor.py:830} INFO - Processing file /home/newrey/airflow/airflow-env/lib/python3.10/site-packages/airflow/example_dags/example_branch_day_of_week_operator.py for tasks to queue
[2024-04-17T23:03:16.483+0700] {logging_mixin.py:188} INFO - [2024-04-17T23:03:16.482+0700] {dagbag.py:540} INFO - Filling up the DagBag from /home/newrey/airflow/airflow-env/lib/python3.10/site-packages/airflow/example_dags/example_branch_day_of_week_operator.py
[2024-04-17T23:03:16.489+0700] {processor.py:840} INFO - DAG(s) 'example_weekday_branch_operator' retrieved from /home/newrey/airflow/airflow-env/lib/python3.10/site-packages/airflow/example_dags/example_branch_day_of_week_operator.py
[2024-04-17T23:03:16.503+0700] {logging_mixin.py:188} INFO - [2024-04-17T23:03:16.503+0700] {dag.py:3096} INFO - Sync 1 DAGs
[2024-04-17T23:03:16.527+0700] {logging_mixin.py:188} INFO - [2024-04-17T23:03:16.527+0700] {dag.py:3954} INFO - Setting next_dagrun for example_weekday_branch_operator to 2024-04-16 00:00:00+00:00, run_after=2024-04-17 00:00:00+00:00
[2024-04-17T23:03:16.549+0700] {processor.py:183} INFO - Processing /home/newrey/airflow/airflow-env/lib/python3.10/site-packages/airflow/example_dags/example_branch_day_of_week_operator.py took 0.079 seconds
[2024-04-17T23:04:10.926+0700] {processor.py:161} INFO - Started process (PID=10965) to work on /home/newrey/airflow/airflow-env/lib/python3.10/site-packages/airflow/example_dags/example_branch_day_of_week_operator.py
[2024-04-17T23:04:10.940+0700] {processor.py:830} INFO - Processing file /home/newrey/airflow/airflow-env/lib/python3.10/site-packages/airflow/example_dags/example_branch_day_of_week_operator.py for tasks to queue
[2024-04-17T23:04:10.942+0700] {logging_mixin.py:188} INFO - [2024-04-17T23:04:10.941+0700] {dagbag.py:540} INFO - Filling up the DagBag from /home/newrey/airflow/airflow-env/lib/python3.10/site-packages/airflow/example_dags/example_branch_day_of_week_operator.py
[2024-04-17T23:04:10.952+0700] {processor.py:840} INFO - DAG(s) 'example_weekday_branch_operator' retrieved from /home/newrey/airflow/airflow-env/lib/python3.10/site-packages/airflow/example_dags/example_branch_day_of_week_operator.py
[2024-04-17T23:04:10.973+0700] {logging_mixin.py:188} INFO - [2024-04-17T23:04:10.973+0700] {dag.py:3096} INFO - Sync 1 DAGs
[2024-04-17T23:04:11.018+0700] {logging_mixin.py:188} INFO - [2024-04-17T23:04:11.017+0700] {dag.py:3954} INFO - Setting next_dagrun for example_weekday_branch_operator to 2024-04-16 00:00:00+00:00, run_after=2024-04-17 00:00:00+00:00
[2024-04-17T23:04:11.046+0700] {processor.py:183} INFO - Processing /home/newrey/airflow/airflow-env/lib/python3.10/site-packages/airflow/example_dags/example_branch_day_of_week_operator.py took 0.130 seconds
[2024-04-17T23:05:07.412+0700] {processor.py:161} INFO - Started process (PID=11098) to work on /home/newrey/airflow/airflow-env/lib/python3.10/site-packages/airflow/example_dags/example_branch_day_of_week_operator.py
[2024-04-17T23:05:07.415+0700] {processor.py:830} INFO - Processing file /home/newrey/airflow/airflow-env/lib/python3.10/site-packages/airflow/example_dags/example_branch_day_of_week_operator.py for tasks to queue
[2024-04-17T23:05:07.417+0700] {logging_mixin.py:188} INFO - [2024-04-17T23:05:07.416+0700] {dagbag.py:540} INFO - Filling up the DagBag from /home/newrey/airflow/airflow-env/lib/python3.10/site-packages/airflow/example_dags/example_branch_day_of_week_operator.py
[2024-04-17T23:05:07.428+0700] {processor.py:840} INFO - DAG(s) 'example_weekday_branch_operator' retrieved from /home/newrey/airflow/airflow-env/lib/python3.10/site-packages/airflow/example_dags/example_branch_day_of_week_operator.py
[2024-04-17T23:05:07.451+0700] {logging_mixin.py:188} INFO - [2024-04-17T23:05:07.451+0700] {dag.py:3096} INFO - Sync 1 DAGs
[2024-04-17T23:05:07.480+0700] {logging_mixin.py:188} INFO - [2024-04-17T23:05:07.480+0700] {dag.py:3954} INFO - Setting next_dagrun for example_weekday_branch_operator to 2024-04-16 00:00:00+00:00, run_after=2024-04-17 00:00:00+00:00
[2024-04-17T23:05:07.513+0700] {processor.py:183} INFO - Processing /home/newrey/airflow/airflow-env/lib/python3.10/site-packages/airflow/example_dags/example_branch_day_of_week_operator.py took 0.113 seconds
[2024-04-17T23:06:05.316+0700] {processor.py:161} INFO - Started process (PID=11234) to work on /home/newrey/airflow/airflow-env/lib/python3.10/site-packages/airflow/example_dags/example_branch_day_of_week_operator.py
[2024-04-17T23:06:05.319+0700] {processor.py:830} INFO - Processing file /home/newrey/airflow/airflow-env/lib/python3.10/site-packages/airflow/example_dags/example_branch_day_of_week_operator.py for tasks to queue
[2024-04-17T23:06:05.321+0700] {logging_mixin.py:188} INFO - [2024-04-17T23:06:05.320+0700] {dagbag.py:540} INFO - Filling up the DagBag from /home/newrey/airflow/airflow-env/lib/python3.10/site-packages/airflow/example_dags/example_branch_day_of_week_operator.py
[2024-04-17T23:06:05.329+0700] {processor.py:840} INFO - DAG(s) 'example_weekday_branch_operator' retrieved from /home/newrey/airflow/airflow-env/lib/python3.10/site-packages/airflow/example_dags/example_branch_day_of_week_operator.py
[2024-04-17T23:06:05.348+0700] {logging_mixin.py:188} INFO - [2024-04-17T23:06:05.347+0700] {dag.py:3096} INFO - Sync 1 DAGs
[2024-04-17T23:06:05.399+0700] {logging_mixin.py:188} INFO - [2024-04-17T23:06:05.399+0700] {dag.py:3954} INFO - Setting next_dagrun for example_weekday_branch_operator to 2024-04-16 00:00:00+00:00, run_after=2024-04-17 00:00:00+00:00
[2024-04-17T23:06:05.432+0700] {processor.py:183} INFO - Processing /home/newrey/airflow/airflow-env/lib/python3.10/site-packages/airflow/example_dags/example_branch_day_of_week_operator.py took 0.126 seconds
[2024-04-17T23:07:02.704+0700] {processor.py:161} INFO - Started process (PID=11368) to work on /home/newrey/airflow/airflow-env/lib/python3.10/site-packages/airflow/example_dags/example_branch_day_of_week_operator.py
[2024-04-17T23:07:02.709+0700] {processor.py:830} INFO - Processing file /home/newrey/airflow/airflow-env/lib/python3.10/site-packages/airflow/example_dags/example_branch_day_of_week_operator.py for tasks to queue
[2024-04-17T23:07:02.711+0700] {logging_mixin.py:188} INFO - [2024-04-17T23:07:02.711+0700] {dagbag.py:540} INFO - Filling up the DagBag from /home/newrey/airflow/airflow-env/lib/python3.10/site-packages/airflow/example_dags/example_branch_day_of_week_operator.py
[2024-04-17T23:07:02.723+0700] {processor.py:840} INFO - DAG(s) 'example_weekday_branch_operator' retrieved from /home/newrey/airflow/airflow-env/lib/python3.10/site-packages/airflow/example_dags/example_branch_day_of_week_operator.py
[2024-04-17T23:07:02.752+0700] {logging_mixin.py:188} INFO - [2024-04-17T23:07:02.752+0700] {dag.py:3096} INFO - Sync 1 DAGs
[2024-04-17T23:07:02.797+0700] {logging_mixin.py:188} INFO - [2024-04-17T23:07:02.797+0700] {dag.py:3954} INFO - Setting next_dagrun for example_weekday_branch_operator to 2024-04-16 00:00:00+00:00, run_after=2024-04-17 00:00:00+00:00
[2024-04-17T23:07:02.844+0700] {processor.py:183} INFO - Processing /home/newrey/airflow/airflow-env/lib/python3.10/site-packages/airflow/example_dags/example_branch_day_of_week_operator.py took 0.154 seconds
