[2024-04-17T22:42:31.195+0700] {processor.py:161} INFO - Started process (PID=4514) to work on /home/newrey/airflow/airflow-env/lib/python3.10/site-packages/airflow/example_dags/example_sensors.py
[2024-04-17T22:42:31.195+0700] {processor.py:830} INFO - Processing file /home/newrey/airflow/airflow-env/lib/python3.10/site-packages/airflow/example_dags/example_sensors.py for tasks to queue
[2024-04-17T22:42:31.197+0700] {logging_mixin.py:188} INFO - [2024-04-17T22:42:31.196+0700] {dagbag.py:540} INFO - Filling up the DagBag from /home/newrey/airflow/airflow-env/lib/python3.10/site-packages/airflow/example_dags/example_sensors.py
[2024-04-17T22:42:31.205+0700] {processor.py:840} INFO - DAG(s) 'example_sensors' retrieved from /home/newrey/airflow/airflow-env/lib/python3.10/site-packages/airflow/example_dags/example_sensors.py
[2024-04-17T22:42:31.212+0700] {logging_mixin.py:188} INFO - [2024-04-17T22:42:31.211+0700] {dag.py:3096} INFO - Sync 1 DAGs
[2024-04-17T22:42:31.223+0700] {logging_mixin.py:188} INFO - [2024-04-17T22:42:31.223+0700] {dag.py:3954} INFO - Setting next_dagrun for example_sensors to None, run_after=None
[2024-04-17T22:42:31.248+0700] {processor.py:183} INFO - Processing /home/newrey/airflow/airflow-env/lib/python3.10/site-packages/airflow/example_dags/example_sensors.py took 0.060 seconds
[2024-04-17T22:43:27.799+0700] {processor.py:161} INFO - Started process (PID=4874) to work on /home/newrey/airflow/airflow-env/lib/python3.10/site-packages/airflow/example_dags/example_sensors.py
[2024-04-17T22:43:27.801+0700] {processor.py:830} INFO - Processing file /home/newrey/airflow/airflow-env/lib/python3.10/site-packages/airflow/example_dags/example_sensors.py for tasks to queue
[2024-04-17T22:43:27.803+0700] {logging_mixin.py:188} INFO - [2024-04-17T22:43:27.803+0700] {dagbag.py:540} INFO - Filling up the DagBag from /home/newrey/airflow/airflow-env/lib/python3.10/site-packages/airflow/example_dags/example_sensors.py
[2024-04-17T22:43:27.811+0700] {processor.py:840} INFO - DAG(s) 'example_sensors' retrieved from /home/newrey/airflow/airflow-env/lib/python3.10/site-packages/airflow/example_dags/example_sensors.py
[2024-04-17T22:43:27.994+0700] {logging_mixin.py:188} INFO - [2024-04-17T22:43:27.994+0700] {dag.py:3096} INFO - Sync 1 DAGs
[2024-04-17T22:43:28.003+0700] {logging_mixin.py:188} INFO - [2024-04-17T22:43:28.003+0700] {dag.py:3954} INFO - Setting next_dagrun for example_sensors to None, run_after=None
[2024-04-17T22:43:28.024+0700] {processor.py:183} INFO - Processing /home/newrey/airflow/airflow-env/lib/python3.10/site-packages/airflow/example_dags/example_sensors.py took 0.231 seconds
[2024-04-17T22:44:29.880+0700] {processor.py:161} INFO - Started process (PID=5003) to work on /home/newrey/airflow/airflow-env/lib/python3.10/site-packages/airflow/example_dags/example_sensors.py
[2024-04-17T22:44:29.883+0700] {processor.py:830} INFO - Processing file /home/newrey/airflow/airflow-env/lib/python3.10/site-packages/airflow/example_dags/example_sensors.py for tasks to queue
[2024-04-17T22:44:29.884+0700] {logging_mixin.py:188} INFO - [2024-04-17T22:44:29.884+0700] {dagbag.py:540} INFO - Filling up the DagBag from /home/newrey/airflow/airflow-env/lib/python3.10/site-packages/airflow/example_dags/example_sensors.py
[2024-04-17T22:44:29.894+0700] {processor.py:840} INFO - DAG(s) 'example_sensors' retrieved from /home/newrey/airflow/airflow-env/lib/python3.10/site-packages/airflow/example_dags/example_sensors.py
[2024-04-17T22:44:29.913+0700] {logging_mixin.py:188} INFO - [2024-04-17T22:44:29.913+0700] {dag.py:3096} INFO - Sync 1 DAGs
[2024-04-17T22:44:30.039+0700] {logging_mixin.py:188} INFO - [2024-04-17T22:44:30.039+0700] {dag.py:3954} INFO - Setting next_dagrun for example_sensors to None, run_after=None
[2024-04-17T22:44:30.209+0700] {processor.py:183} INFO - Processing /home/newrey/airflow/airflow-env/lib/python3.10/site-packages/airflow/example_dags/example_sensors.py took 0.337 seconds
[2024-04-17T22:45:25.524+0700] {processor.py:161} INFO - Started process (PID=5127) to work on /home/newrey/airflow/airflow-env/lib/python3.10/site-packages/airflow/example_dags/example_sensors.py
[2024-04-17T22:45:25.525+0700] {processor.py:830} INFO - Processing file /home/newrey/airflow/airflow-env/lib/python3.10/site-packages/airflow/example_dags/example_sensors.py for tasks to queue
[2024-04-17T22:45:25.526+0700] {logging_mixin.py:188} INFO - [2024-04-17T22:45:25.526+0700] {dagbag.py:540} INFO - Filling up the DagBag from /home/newrey/airflow/airflow-env/lib/python3.10/site-packages/airflow/example_dags/example_sensors.py
[2024-04-17T22:45:25.540+0700] {processor.py:840} INFO - DAG(s) 'example_sensors' retrieved from /home/newrey/airflow/airflow-env/lib/python3.10/site-packages/airflow/example_dags/example_sensors.py
[2024-04-17T22:45:25.568+0700] {logging_mixin.py:188} INFO - [2024-04-17T22:45:25.568+0700] {dag.py:3096} INFO - Sync 1 DAGs
[2024-04-17T22:45:25.586+0700] {logging_mixin.py:188} INFO - [2024-04-17T22:45:25.586+0700] {dag.py:3954} INFO - Setting next_dagrun for example_sensors to None, run_after=None
[2024-04-17T22:45:25.615+0700] {processor.py:183} INFO - Processing /home/newrey/airflow/airflow-env/lib/python3.10/site-packages/airflow/example_dags/example_sensors.py took 0.100 seconds
[2024-04-17T22:46:15.499+0700] {processor.py:161} INFO - Started process (PID=5190) to work on /home/newrey/airflow/airflow-env/lib/python3.10/site-packages/airflow/example_dags/example_sensors.py
[2024-04-17T22:46:15.501+0700] {processor.py:830} INFO - Processing file /home/newrey/airflow/airflow-env/lib/python3.10/site-packages/airflow/example_dags/example_sensors.py for tasks to queue
[2024-04-17T22:46:15.503+0700] {logging_mixin.py:188} INFO - [2024-04-17T22:46:15.502+0700] {dagbag.py:540} INFO - Filling up the DagBag from /home/newrey/airflow/airflow-env/lib/python3.10/site-packages/airflow/example_dags/example_sensors.py
[2024-04-17T22:46:15.510+0700] {processor.py:840} INFO - DAG(s) 'example_sensors' retrieved from /home/newrey/airflow/airflow-env/lib/python3.10/site-packages/airflow/example_dags/example_sensors.py
[2024-04-17T22:46:15.532+0700] {logging_mixin.py:188} INFO - [2024-04-17T22:46:15.531+0700] {dag.py:3096} INFO - Sync 1 DAGs
[2024-04-17T22:46:15.542+0700] {logging_mixin.py:188} INFO - [2024-04-17T22:46:15.542+0700] {dag.py:3954} INFO - Setting next_dagrun for example_sensors to None, run_after=None
[2024-04-17T22:46:15.566+0700] {processor.py:183} INFO - Processing /home/newrey/airflow/airflow-env/lib/python3.10/site-packages/airflow/example_dags/example_sensors.py took 0.081 seconds
[2024-04-17T22:47:05.268+0700] {processor.py:161} INFO - Started process (PID=5426) to work on /home/newrey/airflow/airflow-env/lib/python3.10/site-packages/airflow/example_dags/example_sensors.py
[2024-04-17T22:47:05.272+0700] {processor.py:830} INFO - Processing file /home/newrey/airflow/airflow-env/lib/python3.10/site-packages/airflow/example_dags/example_sensors.py for tasks to queue
[2024-04-17T22:47:05.274+0700] {logging_mixin.py:188} INFO - [2024-04-17T22:47:05.274+0700] {dagbag.py:540} INFO - Filling up the DagBag from /home/newrey/airflow/airflow-env/lib/python3.10/site-packages/airflow/example_dags/example_sensors.py
[2024-04-17T22:47:05.285+0700] {processor.py:840} INFO - DAG(s) 'example_sensors' retrieved from /home/newrey/airflow/airflow-env/lib/python3.10/site-packages/airflow/example_dags/example_sensors.py
[2024-04-17T22:47:05.306+0700] {logging_mixin.py:188} INFO - [2024-04-17T22:47:05.305+0700] {dag.py:3096} INFO - Sync 1 DAGs
[2024-04-17T22:47:05.317+0700] {logging_mixin.py:188} INFO - [2024-04-17T22:47:05.317+0700] {dag.py:3954} INFO - Setting next_dagrun for example_sensors to None, run_after=None
[2024-04-17T22:47:05.342+0700] {processor.py:183} INFO - Processing /home/newrey/airflow/airflow-env/lib/python3.10/site-packages/airflow/example_dags/example_sensors.py took 0.085 seconds
[2024-04-17T22:47:52.659+0700] {processor.py:161} INFO - Started process (PID=5741) to work on /home/newrey/airflow/airflow-env/lib/python3.10/site-packages/airflow/example_dags/example_sensors.py
[2024-04-17T22:47:52.660+0700] {processor.py:830} INFO - Processing file /home/newrey/airflow/airflow-env/lib/python3.10/site-packages/airflow/example_dags/example_sensors.py for tasks to queue
[2024-04-17T22:47:52.662+0700] {logging_mixin.py:188} INFO - [2024-04-17T22:47:52.662+0700] {dagbag.py:540} INFO - Filling up the DagBag from /home/newrey/airflow/airflow-env/lib/python3.10/site-packages/airflow/example_dags/example_sensors.py
[2024-04-17T22:47:52.672+0700] {processor.py:840} INFO - DAG(s) 'example_sensors' retrieved from /home/newrey/airflow/airflow-env/lib/python3.10/site-packages/airflow/example_dags/example_sensors.py
[2024-04-17T22:47:52.697+0700] {logging_mixin.py:188} INFO - [2024-04-17T22:47:52.697+0700] {dag.py:3096} INFO - Sync 1 DAGs
[2024-04-17T22:47:52.711+0700] {logging_mixin.py:188} INFO - [2024-04-17T22:47:52.711+0700] {dag.py:3954} INFO - Setting next_dagrun for example_sensors to None, run_after=None
[2024-04-17T22:47:52.738+0700] {processor.py:183} INFO - Processing /home/newrey/airflow/airflow-env/lib/python3.10/site-packages/airflow/example_dags/example_sensors.py took 0.088 seconds
[2024-04-17T22:48:41.520+0700] {processor.py:161} INFO - Started process (PID=6044) to work on /home/newrey/airflow/airflow-env/lib/python3.10/site-packages/airflow/example_dags/example_sensors.py
[2024-04-17T22:48:41.521+0700] {processor.py:830} INFO - Processing file /home/newrey/airflow/airflow-env/lib/python3.10/site-packages/airflow/example_dags/example_sensors.py for tasks to queue
[2024-04-17T22:48:41.522+0700] {logging_mixin.py:188} INFO - [2024-04-17T22:48:41.522+0700] {dagbag.py:540} INFO - Filling up the DagBag from /home/newrey/airflow/airflow-env/lib/python3.10/site-packages/airflow/example_dags/example_sensors.py
[2024-04-17T22:48:41.531+0700] {processor.py:840} INFO - DAG(s) 'example_sensors' retrieved from /home/newrey/airflow/airflow-env/lib/python3.10/site-packages/airflow/example_dags/example_sensors.py
[2024-04-17T22:48:41.553+0700] {logging_mixin.py:188} INFO - [2024-04-17T22:48:41.553+0700] {dag.py:3096} INFO - Sync 1 DAGs
[2024-04-17T22:48:41.566+0700] {logging_mixin.py:188} INFO - [2024-04-17T22:48:41.565+0700] {dag.py:3954} INFO - Setting next_dagrun for example_sensors to None, run_after=None
[2024-04-17T22:48:41.593+0700] {processor.py:183} INFO - Processing /home/newrey/airflow/airflow-env/lib/python3.10/site-packages/airflow/example_dags/example_sensors.py took 0.082 seconds
[2024-04-17T22:49:32.490+0700] {processor.py:161} INFO - Started process (PID=6483) to work on /home/newrey/airflow/airflow-env/lib/python3.10/site-packages/airflow/example_dags/example_sensors.py
[2024-04-17T22:49:32.491+0700] {processor.py:830} INFO - Processing file /home/newrey/airflow/airflow-env/lib/python3.10/site-packages/airflow/example_dags/example_sensors.py for tasks to queue
[2024-04-17T22:49:32.494+0700] {logging_mixin.py:188} INFO - [2024-04-17T22:49:32.493+0700] {dagbag.py:540} INFO - Filling up the DagBag from /home/newrey/airflow/airflow-env/lib/python3.10/site-packages/airflow/example_dags/example_sensors.py
[2024-04-17T22:49:32.501+0700] {processor.py:840} INFO - DAG(s) 'example_sensors' retrieved from /home/newrey/airflow/airflow-env/lib/python3.10/site-packages/airflow/example_dags/example_sensors.py
[2024-04-17T22:49:32.526+0700] {logging_mixin.py:188} INFO - [2024-04-17T22:49:32.525+0700] {dag.py:3096} INFO - Sync 1 DAGs
[2024-04-17T22:49:32.538+0700] {logging_mixin.py:188} INFO - [2024-04-17T22:49:32.538+0700] {dag.py:3954} INFO - Setting next_dagrun for example_sensors to None, run_after=None
[2024-04-17T22:49:32.561+0700] {processor.py:183} INFO - Processing /home/newrey/airflow/airflow-env/lib/python3.10/site-packages/airflow/example_dags/example_sensors.py took 0.086 seconds
[2024-04-17T22:50:20.298+0700] {processor.py:161} INFO - Started process (PID=6548) to work on /home/newrey/airflow/airflow-env/lib/python3.10/site-packages/airflow/example_dags/example_sensors.py
[2024-04-17T22:50:20.300+0700] {processor.py:830} INFO - Processing file /home/newrey/airflow/airflow-env/lib/python3.10/site-packages/airflow/example_dags/example_sensors.py for tasks to queue
[2024-04-17T22:50:20.302+0700] {logging_mixin.py:188} INFO - [2024-04-17T22:50:20.302+0700] {dagbag.py:540} INFO - Filling up the DagBag from /home/newrey/airflow/airflow-env/lib/python3.10/site-packages/airflow/example_dags/example_sensors.py
[2024-04-17T22:50:20.310+0700] {processor.py:840} INFO - DAG(s) 'example_sensors' retrieved from /home/newrey/airflow/airflow-env/lib/python3.10/site-packages/airflow/example_dags/example_sensors.py
[2024-04-17T22:50:20.333+0700] {logging_mixin.py:188} INFO - [2024-04-17T22:50:20.332+0700] {dag.py:3096} INFO - Sync 1 DAGs
[2024-04-17T22:50:20.345+0700] {logging_mixin.py:188} INFO - [2024-04-17T22:50:20.345+0700] {dag.py:3954} INFO - Setting next_dagrun for example_sensors to None, run_after=None
[2024-04-17T22:50:20.371+0700] {processor.py:183} INFO - Processing /home/newrey/airflow/airflow-env/lib/python3.10/site-packages/airflow/example_dags/example_sensors.py took 0.081 seconds
[2024-04-17T22:51:08.282+0700] {processor.py:161} INFO - Started process (PID=6869) to work on /home/newrey/airflow/airflow-env/lib/python3.10/site-packages/airflow/example_dags/example_sensors.py
[2024-04-17T22:51:08.285+0700] {processor.py:830} INFO - Processing file /home/newrey/airflow/airflow-env/lib/python3.10/site-packages/airflow/example_dags/example_sensors.py for tasks to queue
[2024-04-17T22:51:08.288+0700] {logging_mixin.py:188} INFO - [2024-04-17T22:51:08.287+0700] {dagbag.py:540} INFO - Filling up the DagBag from /home/newrey/airflow/airflow-env/lib/python3.10/site-packages/airflow/example_dags/example_sensors.py
[2024-04-17T22:51:08.301+0700] {processor.py:840} INFO - DAG(s) 'example_sensors' retrieved from /home/newrey/airflow/airflow-env/lib/python3.10/site-packages/airflow/example_dags/example_sensors.py
[2024-04-17T22:51:08.335+0700] {logging_mixin.py:188} INFO - [2024-04-17T22:51:08.335+0700] {dag.py:3096} INFO - Sync 1 DAGs
[2024-04-17T22:51:08.356+0700] {logging_mixin.py:188} INFO - [2024-04-17T22:51:08.355+0700] {dag.py:3954} INFO - Setting next_dagrun for example_sensors to None, run_after=None
[2024-04-17T22:51:08.392+0700] {processor.py:183} INFO - Processing /home/newrey/airflow/airflow-env/lib/python3.10/site-packages/airflow/example_dags/example_sensors.py took 0.129 seconds
[2024-04-17T22:51:50.006+0700] {processor.py:161} INFO - Started process (PID=7465) to work on /home/newrey/airflow/airflow-env/lib/python3.10/site-packages/airflow/example_dags/example_sensors.py
[2024-04-17T22:51:50.008+0700] {processor.py:830} INFO - Processing file /home/newrey/airflow/airflow-env/lib/python3.10/site-packages/airflow/example_dags/example_sensors.py for tasks to queue
[2024-04-17T22:51:50.009+0700] {logging_mixin.py:188} INFO - [2024-04-17T22:51:50.009+0700] {dagbag.py:540} INFO - Filling up the DagBag from /home/newrey/airflow/airflow-env/lib/python3.10/site-packages/airflow/example_dags/example_sensors.py
[2024-04-17T22:51:50.018+0700] {processor.py:840} INFO - DAG(s) 'example_sensors' retrieved from /home/newrey/airflow/airflow-env/lib/python3.10/site-packages/airflow/example_dags/example_sensors.py
[2024-04-17T22:51:50.039+0700] {logging_mixin.py:188} INFO - [2024-04-17T22:51:50.038+0700] {dag.py:3096} INFO - Sync 1 DAGs
[2024-04-17T22:51:50.049+0700] {logging_mixin.py:188} INFO - [2024-04-17T22:51:50.049+0700] {dag.py:3954} INFO - Setting next_dagrun for example_sensors to None, run_after=None
[2024-04-17T22:51:50.074+0700] {processor.py:183} INFO - Processing /home/newrey/airflow/airflow-env/lib/python3.10/site-packages/airflow/example_dags/example_sensors.py took 0.078 seconds
[2024-04-17T22:52:44.520+0700] {processor.py:161} INFO - Started process (PID=8198) to work on /home/newrey/airflow/airflow-env/lib/python3.10/site-packages/airflow/example_dags/example_sensors.py
[2024-04-17T22:52:44.522+0700] {processor.py:830} INFO - Processing file /home/newrey/airflow/airflow-env/lib/python3.10/site-packages/airflow/example_dags/example_sensors.py for tasks to queue
[2024-04-17T22:52:44.523+0700] {logging_mixin.py:188} INFO - [2024-04-17T22:52:44.523+0700] {dagbag.py:540} INFO - Filling up the DagBag from /home/newrey/airflow/airflow-env/lib/python3.10/site-packages/airflow/example_dags/example_sensors.py
[2024-04-17T22:52:44.531+0700] {processor.py:840} INFO - DAG(s) 'example_sensors' retrieved from /home/newrey/airflow/airflow-env/lib/python3.10/site-packages/airflow/example_dags/example_sensors.py
[2024-04-17T22:52:44.551+0700] {logging_mixin.py:188} INFO - [2024-04-17T22:52:44.551+0700] {dag.py:3096} INFO - Sync 1 DAGs
[2024-04-17T22:52:44.564+0700] {logging_mixin.py:188} INFO - [2024-04-17T22:52:44.564+0700] {dag.py:3954} INFO - Setting next_dagrun for example_sensors to None, run_after=None
[2024-04-17T22:52:44.592+0700] {processor.py:183} INFO - Processing /home/newrey/airflow/airflow-env/lib/python3.10/site-packages/airflow/example_dags/example_sensors.py took 0.080 seconds
[2024-04-17T22:53:36.130+0700] {processor.py:161} INFO - Started process (PID=8875) to work on /home/newrey/airflow/airflow-env/lib/python3.10/site-packages/airflow/example_dags/example_sensors.py
[2024-04-17T22:53:36.131+0700] {processor.py:830} INFO - Processing file /home/newrey/airflow/airflow-env/lib/python3.10/site-packages/airflow/example_dags/example_sensors.py for tasks to queue
[2024-04-17T22:53:36.133+0700] {logging_mixin.py:188} INFO - [2024-04-17T22:53:36.133+0700] {dagbag.py:540} INFO - Filling up the DagBag from /home/newrey/airflow/airflow-env/lib/python3.10/site-packages/airflow/example_dags/example_sensors.py
[2024-04-17T22:53:36.141+0700] {processor.py:840} INFO - DAG(s) 'example_sensors' retrieved from /home/newrey/airflow/airflow-env/lib/python3.10/site-packages/airflow/example_dags/example_sensors.py
[2024-04-17T22:53:36.163+0700] {logging_mixin.py:188} INFO - [2024-04-17T22:53:36.162+0700] {dag.py:3096} INFO - Sync 1 DAGs
[2024-04-17T22:53:36.174+0700] {logging_mixin.py:188} INFO - [2024-04-17T22:53:36.173+0700] {dag.py:3954} INFO - Setting next_dagrun for example_sensors to None, run_after=None
[2024-04-17T22:53:36.207+0700] {processor.py:183} INFO - Processing /home/newrey/airflow/airflow-env/lib/python3.10/site-packages/airflow/example_dags/example_sensors.py took 0.091 seconds
[2024-04-17T22:54:18.299+0700] {processor.py:161} INFO - Started process (PID=9152) to work on /home/newrey/airflow/airflow-env/lib/python3.10/site-packages/airflow/example_dags/example_sensors.py
[2024-04-17T22:54:18.301+0700] {processor.py:830} INFO - Processing file /home/newrey/airflow/airflow-env/lib/python3.10/site-packages/airflow/example_dags/example_sensors.py for tasks to queue
[2024-04-17T22:54:18.302+0700] {logging_mixin.py:188} INFO - [2024-04-17T22:54:18.302+0700] {dagbag.py:540} INFO - Filling up the DagBag from /home/newrey/airflow/airflow-env/lib/python3.10/site-packages/airflow/example_dags/example_sensors.py
[2024-04-17T22:54:18.310+0700] {processor.py:840} INFO - DAG(s) 'example_sensors' retrieved from /home/newrey/airflow/airflow-env/lib/python3.10/site-packages/airflow/example_dags/example_sensors.py
[2024-04-17T22:54:18.330+0700] {logging_mixin.py:188} INFO - [2024-04-17T22:54:18.329+0700] {dag.py:3096} INFO - Sync 1 DAGs
[2024-04-17T22:54:18.341+0700] {logging_mixin.py:188} INFO - [2024-04-17T22:54:18.341+0700] {dag.py:3954} INFO - Setting next_dagrun for example_sensors to None, run_after=None
[2024-04-17T22:54:18.364+0700] {processor.py:183} INFO - Processing /home/newrey/airflow/airflow-env/lib/python3.10/site-packages/airflow/example_dags/example_sensors.py took 0.072 seconds
[2024-04-17T22:55:07.615+0700] {processor.py:161} INFO - Started process (PID=9283) to work on /home/newrey/airflow/airflow-env/lib/python3.10/site-packages/airflow/example_dags/example_sensors.py
[2024-04-17T22:55:07.618+0700] {processor.py:830} INFO - Processing file /home/newrey/airflow/airflow-env/lib/python3.10/site-packages/airflow/example_dags/example_sensors.py for tasks to queue
[2024-04-17T22:55:07.620+0700] {logging_mixin.py:188} INFO - [2024-04-17T22:55:07.620+0700] {dagbag.py:540} INFO - Filling up the DagBag from /home/newrey/airflow/airflow-env/lib/python3.10/site-packages/airflow/example_dags/example_sensors.py
[2024-04-17T22:55:07.629+0700] {processor.py:840} INFO - DAG(s) 'example_sensors' retrieved from /home/newrey/airflow/airflow-env/lib/python3.10/site-packages/airflow/example_dags/example_sensors.py
[2024-04-17T22:55:07.651+0700] {logging_mixin.py:188} INFO - [2024-04-17T22:55:07.651+0700] {dag.py:3096} INFO - Sync 1 DAGs
[2024-04-17T22:55:07.663+0700] {logging_mixin.py:188} INFO - [2024-04-17T22:55:07.663+0700] {dag.py:3954} INFO - Setting next_dagrun for example_sensors to None, run_after=None
[2024-04-17T22:55:07.684+0700] {processor.py:183} INFO - Processing /home/newrey/airflow/airflow-env/lib/python3.10/site-packages/airflow/example_dags/example_sensors.py took 0.077 seconds
[2024-04-17T22:55:50.592+0700] {processor.py:161} INFO - Started process (PID=9405) to work on /home/newrey/airflow/airflow-env/lib/python3.10/site-packages/airflow/example_dags/example_sensors.py
[2024-04-17T22:55:50.593+0700] {processor.py:830} INFO - Processing file /home/newrey/airflow/airflow-env/lib/python3.10/site-packages/airflow/example_dags/example_sensors.py for tasks to queue
[2024-04-17T22:55:50.596+0700] {logging_mixin.py:188} INFO - [2024-04-17T22:55:50.595+0700] {dagbag.py:540} INFO - Filling up the DagBag from /home/newrey/airflow/airflow-env/lib/python3.10/site-packages/airflow/example_dags/example_sensors.py
[2024-04-17T22:55:50.621+0700] {processor.py:840} INFO - DAG(s) 'example_sensors' retrieved from /home/newrey/airflow/airflow-env/lib/python3.10/site-packages/airflow/example_dags/example_sensors.py
[2024-04-17T22:55:50.727+0700] {logging_mixin.py:188} INFO - [2024-04-17T22:55:50.726+0700] {dag.py:3096} INFO - Sync 1 DAGs
[2024-04-17T22:55:50.749+0700] {logging_mixin.py:188} INFO - [2024-04-17T22:55:50.748+0700] {dag.py:3954} INFO - Setting next_dagrun for example_sensors to None, run_after=None
[2024-04-17T22:55:50.782+0700] {processor.py:183} INFO - Processing /home/newrey/airflow/airflow-env/lib/python3.10/site-packages/airflow/example_dags/example_sensors.py took 0.200 seconds
[2024-04-17T22:56:39.456+0700] {processor.py:161} INFO - Started process (PID=9532) to work on /home/newrey/airflow/airflow-env/lib/python3.10/site-packages/airflow/example_dags/example_sensors.py
[2024-04-17T22:56:39.457+0700] {processor.py:830} INFO - Processing file /home/newrey/airflow/airflow-env/lib/python3.10/site-packages/airflow/example_dags/example_sensors.py for tasks to queue
[2024-04-17T22:56:39.458+0700] {logging_mixin.py:188} INFO - [2024-04-17T22:56:39.458+0700] {dagbag.py:540} INFO - Filling up the DagBag from /home/newrey/airflow/airflow-env/lib/python3.10/site-packages/airflow/example_dags/example_sensors.py
[2024-04-17T22:56:39.466+0700] {processor.py:840} INFO - DAG(s) 'example_sensors' retrieved from /home/newrey/airflow/airflow-env/lib/python3.10/site-packages/airflow/example_dags/example_sensors.py
[2024-04-17T22:56:39.487+0700] {logging_mixin.py:188} INFO - [2024-04-17T22:56:39.487+0700] {dag.py:3096} INFO - Sync 1 DAGs
[2024-04-17T22:56:39.499+0700] {logging_mixin.py:188} INFO - [2024-04-17T22:56:39.498+0700] {dag.py:3954} INFO - Setting next_dagrun for example_sensors to None, run_after=None
[2024-04-17T22:56:39.527+0700] {processor.py:183} INFO - Processing /home/newrey/airflow/airflow-env/lib/python3.10/site-packages/airflow/example_dags/example_sensors.py took 0.084 seconds
[2024-04-17T22:57:23.159+0700] {processor.py:161} INFO - Started process (PID=9594) to work on /home/newrey/airflow/airflow-env/lib/python3.10/site-packages/airflow/example_dags/example_sensors.py
[2024-04-17T22:57:23.161+0700] {processor.py:830} INFO - Processing file /home/newrey/airflow/airflow-env/lib/python3.10/site-packages/airflow/example_dags/example_sensors.py for tasks to queue
[2024-04-17T22:57:23.162+0700] {logging_mixin.py:188} INFO - [2024-04-17T22:57:23.162+0700] {dagbag.py:540} INFO - Filling up the DagBag from /home/newrey/airflow/airflow-env/lib/python3.10/site-packages/airflow/example_dags/example_sensors.py
[2024-04-17T22:57:23.169+0700] {processor.py:840} INFO - DAG(s) 'example_sensors' retrieved from /home/newrey/airflow/airflow-env/lib/python3.10/site-packages/airflow/example_dags/example_sensors.py
[2024-04-17T22:57:23.188+0700] {logging_mixin.py:188} INFO - [2024-04-17T22:57:23.188+0700] {dag.py:3096} INFO - Sync 1 DAGs
[2024-04-17T22:57:23.199+0700] {logging_mixin.py:188} INFO - [2024-04-17T22:57:23.199+0700] {dag.py:3954} INFO - Setting next_dagrun for example_sensors to None, run_after=None
[2024-04-17T22:57:23.228+0700] {processor.py:183} INFO - Processing /home/newrey/airflow/airflow-env/lib/python3.10/site-packages/airflow/example_dags/example_sensors.py took 0.078 seconds
[2024-04-17T22:58:09.811+0700] {processor.py:161} INFO - Started process (PID=9779) to work on /home/newrey/airflow/airflow-env/lib/python3.10/site-packages/airflow/example_dags/example_sensors.py
[2024-04-17T22:58:09.812+0700] {processor.py:830} INFO - Processing file /home/newrey/airflow/airflow-env/lib/python3.10/site-packages/airflow/example_dags/example_sensors.py for tasks to queue
[2024-04-17T22:58:09.813+0700] {logging_mixin.py:188} INFO - [2024-04-17T22:58:09.813+0700] {dagbag.py:540} INFO - Filling up the DagBag from /home/newrey/airflow/airflow-env/lib/python3.10/site-packages/airflow/example_dags/example_sensors.py
[2024-04-17T22:58:09.820+0700] {processor.py:840} INFO - DAG(s) 'example_sensors' retrieved from /home/newrey/airflow/airflow-env/lib/python3.10/site-packages/airflow/example_dags/example_sensors.py
[2024-04-17T22:58:09.841+0700] {logging_mixin.py:188} INFO - [2024-04-17T22:58:09.841+0700] {dag.py:3096} INFO - Sync 1 DAGs
[2024-04-17T22:58:09.854+0700] {logging_mixin.py:188} INFO - [2024-04-17T22:58:09.853+0700] {dag.py:3954} INFO - Setting next_dagrun for example_sensors to None, run_after=None
[2024-04-17T22:58:09.881+0700] {processor.py:183} INFO - Processing /home/newrey/airflow/airflow-env/lib/python3.10/site-packages/airflow/example_dags/example_sensors.py took 0.086 seconds
[2024-04-17T22:58:57.317+0700] {processor.py:161} INFO - Started process (PID=9970) to work on /home/newrey/airflow/airflow-env/lib/python3.10/site-packages/airflow/example_dags/example_sensors.py
[2024-04-17T22:58:57.319+0700] {processor.py:830} INFO - Processing file /home/newrey/airflow/airflow-env/lib/python3.10/site-packages/airflow/example_dags/example_sensors.py for tasks to queue
[2024-04-17T22:58:57.321+0700] {logging_mixin.py:188} INFO - [2024-04-17T22:58:57.321+0700] {dagbag.py:540} INFO - Filling up the DagBag from /home/newrey/airflow/airflow-env/lib/python3.10/site-packages/airflow/example_dags/example_sensors.py
[2024-04-17T22:58:57.330+0700] {processor.py:840} INFO - DAG(s) 'example_sensors' retrieved from /home/newrey/airflow/airflow-env/lib/python3.10/site-packages/airflow/example_dags/example_sensors.py
[2024-04-17T22:58:57.353+0700] {logging_mixin.py:188} INFO - [2024-04-17T22:58:57.352+0700] {dag.py:3096} INFO - Sync 1 DAGs
[2024-04-17T22:58:57.367+0700] {logging_mixin.py:188} INFO - [2024-04-17T22:58:57.367+0700] {dag.py:3954} INFO - Setting next_dagrun for example_sensors to None, run_after=None
[2024-04-17T22:58:57.394+0700] {processor.py:183} INFO - Processing /home/newrey/airflow/airflow-env/lib/python3.10/site-packages/airflow/example_dags/example_sensors.py took 0.084 seconds
[2024-04-17T22:59:43.014+0700] {processor.py:161} INFO - Started process (PID=10161) to work on /home/newrey/airflow/airflow-env/lib/python3.10/site-packages/airflow/example_dags/example_sensors.py
[2024-04-17T22:59:43.015+0700] {processor.py:830} INFO - Processing file /home/newrey/airflow/airflow-env/lib/python3.10/site-packages/airflow/example_dags/example_sensors.py for tasks to queue
[2024-04-17T22:59:43.016+0700] {logging_mixin.py:188} INFO - [2024-04-17T22:59:43.016+0700] {dagbag.py:540} INFO - Filling up the DagBag from /home/newrey/airflow/airflow-env/lib/python3.10/site-packages/airflow/example_dags/example_sensors.py
[2024-04-17T22:59:43.025+0700] {processor.py:840} INFO - DAG(s) 'example_sensors' retrieved from /home/newrey/airflow/airflow-env/lib/python3.10/site-packages/airflow/example_dags/example_sensors.py
[2024-04-17T22:59:43.047+0700] {logging_mixin.py:188} INFO - [2024-04-17T22:59:43.046+0700] {dag.py:3096} INFO - Sync 1 DAGs
[2024-04-17T22:59:43.062+0700] {logging_mixin.py:188} INFO - [2024-04-17T22:59:43.062+0700] {dag.py:3954} INFO - Setting next_dagrun for example_sensors to None, run_after=None
[2024-04-17T22:59:43.090+0700] {processor.py:183} INFO - Processing /home/newrey/airflow/airflow-env/lib/python3.10/site-packages/airflow/example_dags/example_sensors.py took 0.085 seconds
[2024-04-17T23:00:32.995+0700] {processor.py:161} INFO - Started process (PID=10414) to work on /home/newrey/airflow/airflow-env/lib/python3.10/site-packages/airflow/example_dags/example_sensors.py
[2024-04-17T23:00:32.997+0700] {processor.py:830} INFO - Processing file /home/newrey/airflow/airflow-env/lib/python3.10/site-packages/airflow/example_dags/example_sensors.py for tasks to queue
[2024-04-17T23:00:32.998+0700] {logging_mixin.py:188} INFO - [2024-04-17T23:00:32.998+0700] {dagbag.py:540} INFO - Filling up the DagBag from /home/newrey/airflow/airflow-env/lib/python3.10/site-packages/airflow/example_dags/example_sensors.py
[2024-04-17T23:00:33.005+0700] {processor.py:840} INFO - DAG(s) 'example_sensors' retrieved from /home/newrey/airflow/airflow-env/lib/python3.10/site-packages/airflow/example_dags/example_sensors.py
[2024-04-17T23:00:33.028+0700] {logging_mixin.py:188} INFO - [2024-04-17T23:00:33.027+0700] {dag.py:3096} INFO - Sync 1 DAGs
[2024-04-17T23:00:33.040+0700] {logging_mixin.py:188} INFO - [2024-04-17T23:00:33.040+0700] {dag.py:3954} INFO - Setting next_dagrun for example_sensors to None, run_after=None
[2024-04-17T23:00:33.066+0700] {processor.py:183} INFO - Processing /home/newrey/airflow/airflow-env/lib/python3.10/site-packages/airflow/example_dags/example_sensors.py took 0.088 seconds
[2024-04-17T23:01:24.704+0700] {processor.py:161} INFO - Started process (PID=10511) to work on /home/newrey/airflow/airflow-env/lib/python3.10/site-packages/airflow/example_dags/example_sensors.py
[2024-04-17T23:01:24.705+0700] {processor.py:830} INFO - Processing file /home/newrey/airflow/airflow-env/lib/python3.10/site-packages/airflow/example_dags/example_sensors.py for tasks to queue
[2024-04-17T23:01:24.707+0700] {logging_mixin.py:188} INFO - [2024-04-17T23:01:24.706+0700] {dagbag.py:540} INFO - Filling up the DagBag from /home/newrey/airflow/airflow-env/lib/python3.10/site-packages/airflow/example_dags/example_sensors.py
[2024-04-17T23:01:24.716+0700] {processor.py:840} INFO - DAG(s) 'example_sensors' retrieved from /home/newrey/airflow/airflow-env/lib/python3.10/site-packages/airflow/example_dags/example_sensors.py
[2024-04-17T23:01:24.734+0700] {logging_mixin.py:188} INFO - [2024-04-17T23:01:24.734+0700] {dag.py:3096} INFO - Sync 1 DAGs
[2024-04-17T23:01:24.746+0700] {logging_mixin.py:188} INFO - [2024-04-17T23:01:24.746+0700] {dag.py:3954} INFO - Setting next_dagrun for example_sensors to None, run_after=None
[2024-04-17T23:01:24.772+0700] {processor.py:183} INFO - Processing /home/newrey/airflow/airflow-env/lib/python3.10/site-packages/airflow/example_dags/example_sensors.py took 0.079 seconds
[2024-04-17T23:02:13.672+0700] {processor.py:161} INFO - Started process (PID=10613) to work on /home/newrey/airflow/airflow-env/lib/python3.10/site-packages/airflow/example_dags/example_sensors.py
[2024-04-17T23:02:13.673+0700] {processor.py:830} INFO - Processing file /home/newrey/airflow/airflow-env/lib/python3.10/site-packages/airflow/example_dags/example_sensors.py for tasks to queue
[2024-04-17T23:02:13.675+0700] {logging_mixin.py:188} INFO - [2024-04-17T23:02:13.675+0700] {dagbag.py:540} INFO - Filling up the DagBag from /home/newrey/airflow/airflow-env/lib/python3.10/site-packages/airflow/example_dags/example_sensors.py
[2024-04-17T23:02:13.689+0700] {processor.py:840} INFO - DAG(s) 'example_sensors' retrieved from /home/newrey/airflow/airflow-env/lib/python3.10/site-packages/airflow/example_dags/example_sensors.py
[2024-04-17T23:02:13.722+0700] {logging_mixin.py:188} INFO - [2024-04-17T23:02:13.721+0700] {dag.py:3096} INFO - Sync 1 DAGs
[2024-04-17T23:02:13.739+0700] {logging_mixin.py:188} INFO - [2024-04-17T23:02:13.739+0700] {dag.py:3954} INFO - Setting next_dagrun for example_sensors to None, run_after=None
[2024-04-17T23:02:13.774+0700] {processor.py:183} INFO - Processing /home/newrey/airflow/airflow-env/lib/python3.10/site-packages/airflow/example_dags/example_sensors.py took 0.111 seconds
[2024-04-17T23:03:06.164+0700] {processor.py:161} INFO - Started process (PID=10809) to work on /home/newrey/airflow/airflow-env/lib/python3.10/site-packages/airflow/example_dags/example_sensors.py
[2024-04-17T23:03:06.165+0700] {processor.py:830} INFO - Processing file /home/newrey/airflow/airflow-env/lib/python3.10/site-packages/airflow/example_dags/example_sensors.py for tasks to queue
[2024-04-17T23:03:06.166+0700] {logging_mixin.py:188} INFO - [2024-04-17T23:03:06.166+0700] {dagbag.py:540} INFO - Filling up the DagBag from /home/newrey/airflow/airflow-env/lib/python3.10/site-packages/airflow/example_dags/example_sensors.py
[2024-04-17T23:03:06.174+0700] {processor.py:840} INFO - DAG(s) 'example_sensors' retrieved from /home/newrey/airflow/airflow-env/lib/python3.10/site-packages/airflow/example_dags/example_sensors.py
[2024-04-17T23:03:06.195+0700] {logging_mixin.py:188} INFO - [2024-04-17T23:03:06.195+0700] {dag.py:3096} INFO - Sync 1 DAGs
[2024-04-17T23:03:06.208+0700] {logging_mixin.py:188} INFO - [2024-04-17T23:03:06.208+0700] {dag.py:3954} INFO - Setting next_dagrun for example_sensors to None, run_after=None
[2024-04-17T23:03:06.232+0700] {processor.py:183} INFO - Processing /home/newrey/airflow/airflow-env/lib/python3.10/site-packages/airflow/example_dags/example_sensors.py took 0.078 seconds
[2024-04-17T23:03:57.898+0700] {processor.py:161} INFO - Started process (PID=10945) to work on /home/newrey/airflow/airflow-env/lib/python3.10/site-packages/airflow/example_dags/example_sensors.py
[2024-04-17T23:03:57.901+0700] {processor.py:830} INFO - Processing file /home/newrey/airflow/airflow-env/lib/python3.10/site-packages/airflow/example_dags/example_sensors.py for tasks to queue
[2024-04-17T23:03:57.903+0700] {logging_mixin.py:188} INFO - [2024-04-17T23:03:57.903+0700] {dagbag.py:540} INFO - Filling up the DagBag from /home/newrey/airflow/airflow-env/lib/python3.10/site-packages/airflow/example_dags/example_sensors.py
[2024-04-17T23:03:57.914+0700] {processor.py:840} INFO - DAG(s) 'example_sensors' retrieved from /home/newrey/airflow/airflow-env/lib/python3.10/site-packages/airflow/example_dags/example_sensors.py
[2024-04-17T23:03:57.948+0700] {logging_mixin.py:188} INFO - [2024-04-17T23:03:57.947+0700] {dag.py:3096} INFO - Sync 1 DAGs
[2024-04-17T23:03:57.964+0700] {logging_mixin.py:188} INFO - [2024-04-17T23:03:57.964+0700] {dag.py:3954} INFO - Setting next_dagrun for example_sensors to None, run_after=None
[2024-04-17T23:03:57.996+0700] {processor.py:183} INFO - Processing /home/newrey/airflow/airflow-env/lib/python3.10/site-packages/airflow/example_dags/example_sensors.py took 0.110 seconds
[2024-04-17T23:04:52.390+0700] {processor.py:161} INFO - Started process (PID=11083) to work on /home/newrey/airflow/airflow-env/lib/python3.10/site-packages/airflow/example_dags/example_sensors.py
[2024-04-17T23:04:52.392+0700] {processor.py:830} INFO - Processing file /home/newrey/airflow/airflow-env/lib/python3.10/site-packages/airflow/example_dags/example_sensors.py for tasks to queue
[2024-04-17T23:04:52.394+0700] {logging_mixin.py:188} INFO - [2024-04-17T23:04:52.393+0700] {dagbag.py:540} INFO - Filling up the DagBag from /home/newrey/airflow/airflow-env/lib/python3.10/site-packages/airflow/example_dags/example_sensors.py
[2024-04-17T23:04:52.405+0700] {processor.py:840} INFO - DAG(s) 'example_sensors' retrieved from /home/newrey/airflow/airflow-env/lib/python3.10/site-packages/airflow/example_dags/example_sensors.py
[2024-04-17T23:04:52.436+0700] {logging_mixin.py:188} INFO - [2024-04-17T23:04:52.435+0700] {dag.py:3096} INFO - Sync 1 DAGs
[2024-04-17T23:04:52.455+0700] {logging_mixin.py:188} INFO - [2024-04-17T23:04:52.454+0700] {dag.py:3954} INFO - Setting next_dagrun for example_sensors to None, run_after=None
[2024-04-17T23:04:52.496+0700] {processor.py:183} INFO - Processing /home/newrey/airflow/airflow-env/lib/python3.10/site-packages/airflow/example_dags/example_sensors.py took 0.115 seconds
[2024-04-17T23:05:52.093+0700] {processor.py:161} INFO - Started process (PID=11217) to work on /home/newrey/airflow/airflow-env/lib/python3.10/site-packages/airflow/example_dags/example_sensors.py
[2024-04-17T23:05:52.108+0700] {processor.py:830} INFO - Processing file /home/newrey/airflow/airflow-env/lib/python3.10/site-packages/airflow/example_dags/example_sensors.py for tasks to queue
[2024-04-17T23:05:52.111+0700] {logging_mixin.py:188} INFO - [2024-04-17T23:05:52.110+0700] {dagbag.py:540} INFO - Filling up the DagBag from /home/newrey/airflow/airflow-env/lib/python3.10/site-packages/airflow/example_dags/example_sensors.py
[2024-04-17T23:05:52.129+0700] {processor.py:840} INFO - DAG(s) 'example_sensors' retrieved from /home/newrey/airflow/airflow-env/lib/python3.10/site-packages/airflow/example_dags/example_sensors.py
[2024-04-17T23:05:52.162+0700] {logging_mixin.py:188} INFO - [2024-04-17T23:05:52.161+0700] {dag.py:3096} INFO - Sync 1 DAGs
[2024-04-17T23:05:52.178+0700] {logging_mixin.py:188} INFO - [2024-04-17T23:05:52.177+0700] {dag.py:3954} INFO - Setting next_dagrun for example_sensors to None, run_after=None
[2024-04-17T23:05:52.227+0700] {processor.py:183} INFO - Processing /home/newrey/airflow/airflow-env/lib/python3.10/site-packages/airflow/example_dags/example_sensors.py took 0.155 seconds
[2024-04-17T23:06:49.505+0700] {processor.py:161} INFO - Started process (PID=11353) to work on /home/newrey/airflow/airflow-env/lib/python3.10/site-packages/airflow/example_dags/example_sensors.py
[2024-04-17T23:06:49.522+0700] {processor.py:830} INFO - Processing file /home/newrey/airflow/airflow-env/lib/python3.10/site-packages/airflow/example_dags/example_sensors.py for tasks to queue
[2024-04-17T23:06:49.524+0700] {logging_mixin.py:188} INFO - [2024-04-17T23:06:49.524+0700] {dagbag.py:540} INFO - Filling up the DagBag from /home/newrey/airflow/airflow-env/lib/python3.10/site-packages/airflow/example_dags/example_sensors.py
[2024-04-17T23:06:49.539+0700] {processor.py:840} INFO - DAG(s) 'example_sensors' retrieved from /home/newrey/airflow/airflow-env/lib/python3.10/site-packages/airflow/example_dags/example_sensors.py
[2024-04-17T23:06:49.576+0700] {logging_mixin.py:188} INFO - [2024-04-17T23:06:49.575+0700] {dag.py:3096} INFO - Sync 1 DAGs
[2024-04-17T23:06:49.596+0700] {logging_mixin.py:188} INFO - [2024-04-17T23:06:49.596+0700] {dag.py:3954} INFO - Setting next_dagrun for example_sensors to None, run_after=None
[2024-04-17T23:06:49.647+0700] {processor.py:183} INFO - Processing /home/newrey/airflow/airflow-env/lib/python3.10/site-packages/airflow/example_dags/example_sensors.py took 0.179 seconds
