[2024-04-17T22:43:06.547+0700] {processor.py:161} INFO - Started process (PID=4758) to work on /home/newrey/airflow/airflow-env/lib/python3.10/site-packages/airflow/example_dags/example_branch_python_dop_operator_3.py
[2024-04-17T22:43:06.548+0700] {processor.py:830} INFO - Processing file /home/newrey/airflow/airflow-env/lib/python3.10/site-packages/airflow/example_dags/example_branch_python_dop_operator_3.py for tasks to queue
[2024-04-17T22:43:06.550+0700] {logging_mixin.py:188} INFO - [2024-04-17T22:43:06.549+0700] {dagbag.py:540} INFO - Filling up the DagBag from /home/newrey/airflow/airflow-env/lib/python3.10/site-packages/airflow/example_dags/example_branch_python_dop_operator_3.py
[2024-04-17T22:43:06.565+0700] {processor.py:840} INFO - DAG(s) 'example_branch_dop_operator_v3' retrieved from /home/newrey/airflow/airflow-env/lib/python3.10/site-packages/airflow/example_dags/example_branch_python_dop_operator_3.py
[2024-04-17T22:43:06.891+0700] {logging_mixin.py:188} INFO - [2024-04-17T22:43:06.890+0700] {dag.py:3096} INFO - Sync 1 DAGs
[2024-04-17T22:43:06.976+0700] {logging_mixin.py:188} INFO - [2024-04-17T22:43:06.974+0700] {dag.py:3954} INFO - Setting next_dagrun for example_branch_dop_operator_v3 to 2024-04-17 15:42:00+00:00, run_after=2024-04-17 15:43:00+00:00
[2024-04-17T22:43:07.193+0700] {processor.py:183} INFO - Processing /home/newrey/airflow/airflow-env/lib/python3.10/site-packages/airflow/example_dags/example_branch_python_dop_operator_3.py took 0.660 seconds
[2024-04-17T22:44:14.015+0700] {processor.py:161} INFO - Started process (PID=4925) to work on /home/newrey/airflow/airflow-env/lib/python3.10/site-packages/airflow/example_dags/example_branch_python_dop_operator_3.py
[2024-04-17T22:44:14.018+0700] {processor.py:830} INFO - Processing file /home/newrey/airflow/airflow-env/lib/python3.10/site-packages/airflow/example_dags/example_branch_python_dop_operator_3.py for tasks to queue
[2024-04-17T22:44:14.020+0700] {logging_mixin.py:188} INFO - [2024-04-17T22:44:14.019+0700] {dagbag.py:540} INFO - Filling up the DagBag from /home/newrey/airflow/airflow-env/lib/python3.10/site-packages/airflow/example_dags/example_branch_python_dop_operator_3.py
[2024-04-17T22:44:14.028+0700] {processor.py:840} INFO - DAG(s) 'example_branch_dop_operator_v3' retrieved from /home/newrey/airflow/airflow-env/lib/python3.10/site-packages/airflow/example_dags/example_branch_python_dop_operator_3.py
[2024-04-17T22:44:14.044+0700] {logging_mixin.py:188} INFO - [2024-04-17T22:44:14.044+0700] {dag.py:3096} INFO - Sync 1 DAGs
[2024-04-17T22:44:14.072+0700] {logging_mixin.py:188} INFO - [2024-04-17T22:44:14.072+0700] {dag.py:3954} INFO - Setting next_dagrun for example_branch_dop_operator_v3 to 2024-04-17 15:43:00+00:00, run_after=2024-04-17 15:44:00+00:00
[2024-04-17T22:44:14.095+0700] {processor.py:183} INFO - Processing /home/newrey/airflow/airflow-env/lib/python3.10/site-packages/airflow/example_dags/example_branch_python_dop_operator_3.py took 0.094 seconds
[2024-04-17T22:45:12.397+0700] {processor.py:161} INFO - Started process (PID=5049) to work on /home/newrey/airflow/airflow-env/lib/python3.10/site-packages/airflow/example_dags/example_branch_python_dop_operator_3.py
[2024-04-17T22:45:12.398+0700] {processor.py:830} INFO - Processing file /home/newrey/airflow/airflow-env/lib/python3.10/site-packages/airflow/example_dags/example_branch_python_dop_operator_3.py for tasks to queue
[2024-04-17T22:45:12.399+0700] {logging_mixin.py:188} INFO - [2024-04-17T22:45:12.399+0700] {dagbag.py:540} INFO - Filling up the DagBag from /home/newrey/airflow/airflow-env/lib/python3.10/site-packages/airflow/example_dags/example_branch_python_dop_operator_3.py
[2024-04-17T22:45:12.406+0700] {processor.py:840} INFO - DAG(s) 'example_branch_dop_operator_v3' retrieved from /home/newrey/airflow/airflow-env/lib/python3.10/site-packages/airflow/example_dags/example_branch_python_dop_operator_3.py
[2024-04-17T22:45:12.418+0700] {logging_mixin.py:188} INFO - [2024-04-17T22:45:12.418+0700] {dag.py:3096} INFO - Sync 1 DAGs
[2024-04-17T22:45:12.442+0700] {logging_mixin.py:188} INFO - [2024-04-17T22:45:12.441+0700] {dag.py:3954} INFO - Setting next_dagrun for example_branch_dop_operator_v3 to 2024-04-17 15:44:00+00:00, run_after=2024-04-17 15:45:00+00:00
[2024-04-17T22:45:12.477+0700] {processor.py:183} INFO - Processing /home/newrey/airflow/airflow-env/lib/python3.10/site-packages/airflow/example_dags/example_branch_python_dop_operator_3.py took 0.193 seconds
[2024-04-17T22:46:03.934+0700] {processor.py:161} INFO - Started process (PID=5175) to work on /home/newrey/airflow/airflow-env/lib/python3.10/site-packages/airflow/example_dags/example_branch_python_dop_operator_3.py
[2024-04-17T22:46:03.937+0700] {processor.py:830} INFO - Processing file /home/newrey/airflow/airflow-env/lib/python3.10/site-packages/airflow/example_dags/example_branch_python_dop_operator_3.py for tasks to queue
[2024-04-17T22:46:03.939+0700] {logging_mixin.py:188} INFO - [2024-04-17T22:46:03.938+0700] {dagbag.py:540} INFO - Filling up the DagBag from /home/newrey/airflow/airflow-env/lib/python3.10/site-packages/airflow/example_dags/example_branch_python_dop_operator_3.py
[2024-04-17T22:46:03.950+0700] {processor.py:840} INFO - DAG(s) 'example_branch_dop_operator_v3' retrieved from /home/newrey/airflow/airflow-env/lib/python3.10/site-packages/airflow/example_dags/example_branch_python_dop_operator_3.py
[2024-04-17T22:46:03.969+0700] {logging_mixin.py:188} INFO - [2024-04-17T22:46:03.969+0700] {dag.py:3096} INFO - Sync 1 DAGs
[2024-04-17T22:46:03.995+0700] {logging_mixin.py:188} INFO - [2024-04-17T22:46:03.995+0700] {dag.py:3954} INFO - Setting next_dagrun for example_branch_dop_operator_v3 to 2024-04-17 15:45:00+00:00, run_after=2024-04-17 15:46:00+00:00
[2024-04-17T22:46:04.020+0700] {processor.py:183} INFO - Processing /home/newrey/airflow/airflow-env/lib/python3.10/site-packages/airflow/example_dags/example_branch_python_dop_operator_3.py took 0.096 seconds
[2024-04-17T22:47:19.121+0700] {processor.py:161} INFO - Started process (PID=5445) to work on /home/newrey/airflow/airflow-env/lib/python3.10/site-packages/airflow/example_dags/example_branch_python_dop_operator_3.py
[2024-04-17T22:47:19.123+0700] {processor.py:830} INFO - Processing file /home/newrey/airflow/airflow-env/lib/python3.10/site-packages/airflow/example_dags/example_branch_python_dop_operator_3.py for tasks to queue
[2024-04-17T22:47:19.124+0700] {logging_mixin.py:188} INFO - [2024-04-17T22:47:19.124+0700] {dagbag.py:540} INFO - Filling up the DagBag from /home/newrey/airflow/airflow-env/lib/python3.10/site-packages/airflow/example_dags/example_branch_python_dop_operator_3.py
[2024-04-17T22:47:19.131+0700] {processor.py:840} INFO - DAG(s) 'example_branch_dop_operator_v3' retrieved from /home/newrey/airflow/airflow-env/lib/python3.10/site-packages/airflow/example_dags/example_branch_python_dop_operator_3.py
[2024-04-17T22:47:19.145+0700] {logging_mixin.py:188} INFO - [2024-04-17T22:47:19.145+0700] {dag.py:3096} INFO - Sync 1 DAGs
[2024-04-17T22:47:19.171+0700] {logging_mixin.py:188} INFO - [2024-04-17T22:47:19.171+0700] {dag.py:3954} INFO - Setting next_dagrun for example_branch_dop_operator_v3 to 2024-04-17 15:46:00+00:00, run_after=2024-04-17 15:47:00+00:00
[2024-04-17T22:47:19.195+0700] {processor.py:183} INFO - Processing /home/newrey/airflow/airflow-env/lib/python3.10/site-packages/airflow/example_dags/example_branch_python_dop_operator_3.py took 0.084 seconds
[2024-04-17T22:48:29.155+0700] {processor.py:161} INFO - Started process (PID=6024) to work on /home/newrey/airflow/airflow-env/lib/python3.10/site-packages/airflow/example_dags/example_branch_python_dop_operator_3.py
[2024-04-17T22:48:29.156+0700] {processor.py:830} INFO - Processing file /home/newrey/airflow/airflow-env/lib/python3.10/site-packages/airflow/example_dags/example_branch_python_dop_operator_3.py for tasks to queue
[2024-04-17T22:48:29.158+0700] {logging_mixin.py:188} INFO - [2024-04-17T22:48:29.157+0700] {dagbag.py:540} INFO - Filling up the DagBag from /home/newrey/airflow/airflow-env/lib/python3.10/site-packages/airflow/example_dags/example_branch_python_dop_operator_3.py
[2024-04-17T22:48:29.165+0700] {processor.py:840} INFO - DAG(s) 'example_branch_dop_operator_v3' retrieved from /home/newrey/airflow/airflow-env/lib/python3.10/site-packages/airflow/example_dags/example_branch_python_dop_operator_3.py
[2024-04-17T22:48:29.178+0700] {logging_mixin.py:188} INFO - [2024-04-17T22:48:29.178+0700] {dag.py:3096} INFO - Sync 1 DAGs
[2024-04-17T22:48:29.205+0700] {logging_mixin.py:188} INFO - [2024-04-17T22:48:29.205+0700] {dag.py:3954} INFO - Setting next_dagrun for example_branch_dop_operator_v3 to 2024-04-17 15:47:00+00:00, run_after=2024-04-17 15:48:00+00:00
[2024-04-17T22:48:29.230+0700] {processor.py:183} INFO - Processing /home/newrey/airflow/airflow-env/lib/python3.10/site-packages/airflow/example_dags/example_branch_python_dop_operator_3.py took 0.083 seconds
[2024-04-17T22:49:23.828+0700] {processor.py:161} INFO - Started process (PID=6403) to work on /home/newrey/airflow/airflow-env/lib/python3.10/site-packages/airflow/example_dags/example_branch_python_dop_operator_3.py
[2024-04-17T22:49:23.829+0700] {processor.py:830} INFO - Processing file /home/newrey/airflow/airflow-env/lib/python3.10/site-packages/airflow/example_dags/example_branch_python_dop_operator_3.py for tasks to queue
[2024-04-17T22:49:23.831+0700] {logging_mixin.py:188} INFO - [2024-04-17T22:49:23.830+0700] {dagbag.py:540} INFO - Filling up the DagBag from /home/newrey/airflow/airflow-env/lib/python3.10/site-packages/airflow/example_dags/example_branch_python_dop_operator_3.py
[2024-04-17T22:49:23.840+0700] {processor.py:840} INFO - DAG(s) 'example_branch_dop_operator_v3' retrieved from /home/newrey/airflow/airflow-env/lib/python3.10/site-packages/airflow/example_dags/example_branch_python_dop_operator_3.py
[2024-04-17T22:49:23.860+0700] {logging_mixin.py:188} INFO - [2024-04-17T22:49:23.860+0700] {dag.py:3096} INFO - Sync 1 DAGs
[2024-04-17T22:49:23.895+0700] {logging_mixin.py:188} INFO - [2024-04-17T22:49:23.895+0700] {dag.py:3954} INFO - Setting next_dagrun for example_branch_dop_operator_v3 to 2024-04-17 15:48:00+00:00, run_after=2024-04-17 15:49:00+00:00
[2024-04-17T22:49:23.934+0700] {processor.py:183} INFO - Processing /home/newrey/airflow/airflow-env/lib/python3.10/site-packages/airflow/example_dags/example_branch_python_dop_operator_3.py took 0.116 seconds
[2024-04-17T22:50:33.576+0700] {processor.py:161} INFO - Started process (PID=6627) to work on /home/newrey/airflow/airflow-env/lib/python3.10/site-packages/airflow/example_dags/example_branch_python_dop_operator_3.py
[2024-04-17T22:50:33.578+0700] {processor.py:830} INFO - Processing file /home/newrey/airflow/airflow-env/lib/python3.10/site-packages/airflow/example_dags/example_branch_python_dop_operator_3.py for tasks to queue
[2024-04-17T22:50:33.579+0700] {logging_mixin.py:188} INFO - [2024-04-17T22:50:33.579+0700] {dagbag.py:540} INFO - Filling up the DagBag from /home/newrey/airflow/airflow-env/lib/python3.10/site-packages/airflow/example_dags/example_branch_python_dop_operator_3.py
[2024-04-17T22:50:33.590+0700] {processor.py:840} INFO - DAG(s) 'example_branch_dop_operator_v3' retrieved from /home/newrey/airflow/airflow-env/lib/python3.10/site-packages/airflow/example_dags/example_branch_python_dop_operator_3.py
[2024-04-17T22:50:33.606+0700] {logging_mixin.py:188} INFO - [2024-04-17T22:50:33.606+0700] {dag.py:3096} INFO - Sync 1 DAGs
[2024-04-17T22:50:33.641+0700] {logging_mixin.py:188} INFO - [2024-04-17T22:50:33.640+0700] {dag.py:3954} INFO - Setting next_dagrun for example_branch_dop_operator_v3 to 2024-04-17 15:49:00+00:00, run_after=2024-04-17 15:50:00+00:00
[2024-04-17T22:50:33.678+0700] {processor.py:183} INFO - Processing /home/newrey/airflow/airflow-env/lib/python3.10/site-packages/airflow/example_dags/example_branch_python_dop_operator_3.py took 0.113 seconds
[2024-04-17T22:52:11.190+0700] {processor.py:161} INFO - Started process (PID=7727) to work on /home/newrey/airflow/airflow-env/lib/python3.10/site-packages/airflow/example_dags/example_branch_python_dop_operator_3.py
[2024-04-17T22:52:11.191+0700] {processor.py:830} INFO - Processing file /home/newrey/airflow/airflow-env/lib/python3.10/site-packages/airflow/example_dags/example_branch_python_dop_operator_3.py for tasks to queue
[2024-04-17T22:52:11.192+0700] {logging_mixin.py:188} INFO - [2024-04-17T22:52:11.192+0700] {dagbag.py:540} INFO - Filling up the DagBag from /home/newrey/airflow/airflow-env/lib/python3.10/site-packages/airflow/example_dags/example_branch_python_dop_operator_3.py
[2024-04-17T22:52:11.200+0700] {processor.py:840} INFO - DAG(s) 'example_branch_dop_operator_v3' retrieved from /home/newrey/airflow/airflow-env/lib/python3.10/site-packages/airflow/example_dags/example_branch_python_dop_operator_3.py
[2024-04-17T22:52:11.214+0700] {logging_mixin.py:188} INFO - [2024-04-17T22:52:11.214+0700] {dag.py:3096} INFO - Sync 1 DAGs
[2024-04-17T22:52:11.241+0700] {logging_mixin.py:188} INFO - [2024-04-17T22:52:11.241+0700] {dag.py:3954} INFO - Setting next_dagrun for example_branch_dop_operator_v3 to 2024-04-17 15:51:00+00:00, run_after=2024-04-17 15:52:00+00:00
[2024-04-17T22:52:11.266+0700] {processor.py:183} INFO - Processing /home/newrey/airflow/airflow-env/lib/python3.10/site-packages/airflow/example_dags/example_branch_python_dop_operator_3.py took 0.086 seconds
[2024-04-17T22:53:06.100+0700] {processor.py:161} INFO - Started process (PID=8461) to work on /home/newrey/airflow/airflow-env/lib/python3.10/site-packages/airflow/example_dags/example_branch_python_dop_operator_3.py
[2024-04-17T22:53:06.101+0700] {processor.py:830} INFO - Processing file /home/newrey/airflow/airflow-env/lib/python3.10/site-packages/airflow/example_dags/example_branch_python_dop_operator_3.py for tasks to queue
[2024-04-17T22:53:06.102+0700] {logging_mixin.py:188} INFO - [2024-04-17T22:53:06.102+0700] {dagbag.py:540} INFO - Filling up the DagBag from /home/newrey/airflow/airflow-env/lib/python3.10/site-packages/airflow/example_dags/example_branch_python_dop_operator_3.py
[2024-04-17T22:53:06.111+0700] {processor.py:840} INFO - DAG(s) 'example_branch_dop_operator_v3' retrieved from /home/newrey/airflow/airflow-env/lib/python3.10/site-packages/airflow/example_dags/example_branch_python_dop_operator_3.py
[2024-04-17T22:53:06.128+0700] {logging_mixin.py:188} INFO - [2024-04-17T22:53:06.128+0700] {dag.py:3096} INFO - Sync 1 DAGs
[2024-04-17T22:53:06.161+0700] {logging_mixin.py:188} INFO - [2024-04-17T22:53:06.161+0700] {dag.py:3954} INFO - Setting next_dagrun for example_branch_dop_operator_v3 to 2024-04-17 15:52:00+00:00, run_after=2024-04-17 15:53:00+00:00
[2024-04-17T22:53:06.188+0700] {processor.py:183} INFO - Processing /home/newrey/airflow/airflow-env/lib/python3.10/site-packages/airflow/example_dags/example_branch_python_dop_operator_3.py took 0.095 seconds
[2024-04-17T22:54:31.158+0700] {processor.py:161} INFO - Started process (PID=9229) to work on /home/newrey/airflow/airflow-env/lib/python3.10/site-packages/airflow/example_dags/example_branch_python_dop_operator_3.py
[2024-04-17T22:54:31.159+0700] {processor.py:830} INFO - Processing file /home/newrey/airflow/airflow-env/lib/python3.10/site-packages/airflow/example_dags/example_branch_python_dop_operator_3.py for tasks to queue
[2024-04-17T22:54:31.160+0700] {logging_mixin.py:188} INFO - [2024-04-17T22:54:31.160+0700] {dagbag.py:540} INFO - Filling up the DagBag from /home/newrey/airflow/airflow-env/lib/python3.10/site-packages/airflow/example_dags/example_branch_python_dop_operator_3.py
[2024-04-17T22:54:31.167+0700] {processor.py:840} INFO - DAG(s) 'example_branch_dop_operator_v3' retrieved from /home/newrey/airflow/airflow-env/lib/python3.10/site-packages/airflow/example_dags/example_branch_python_dop_operator_3.py
[2024-04-17T22:54:31.183+0700] {logging_mixin.py:188} INFO - [2024-04-17T22:54:31.183+0700] {dag.py:3096} INFO - Sync 1 DAGs
[2024-04-17T22:54:31.208+0700] {logging_mixin.py:188} INFO - [2024-04-17T22:54:31.208+0700] {dag.py:3954} INFO - Setting next_dagrun for example_branch_dop_operator_v3 to 2024-04-17 15:53:00+00:00, run_after=2024-04-17 15:54:00+00:00
[2024-04-17T22:54:31.232+0700] {processor.py:183} INFO - Processing /home/newrey/airflow/airflow-env/lib/python3.10/site-packages/airflow/example_dags/example_branch_python_dop_operator_3.py took 0.086 seconds
[2024-04-17T22:55:33.962+0700] {processor.py:161} INFO - Started process (PID=9373) to work on /home/newrey/airflow/airflow-env/lib/python3.10/site-packages/airflow/example_dags/example_branch_python_dop_operator_3.py
[2024-04-17T22:55:33.963+0700] {processor.py:830} INFO - Processing file /home/newrey/airflow/airflow-env/lib/python3.10/site-packages/airflow/example_dags/example_branch_python_dop_operator_3.py for tasks to queue
[2024-04-17T22:55:33.964+0700] {logging_mixin.py:188} INFO - [2024-04-17T22:55:33.964+0700] {dagbag.py:540} INFO - Filling up the DagBag from /home/newrey/airflow/airflow-env/lib/python3.10/site-packages/airflow/example_dags/example_branch_python_dop_operator_3.py
[2024-04-17T22:55:33.972+0700] {processor.py:840} INFO - DAG(s) 'example_branch_dop_operator_v3' retrieved from /home/newrey/airflow/airflow-env/lib/python3.10/site-packages/airflow/example_dags/example_branch_python_dop_operator_3.py
[2024-04-17T22:55:33.989+0700] {logging_mixin.py:188} INFO - [2024-04-17T22:55:33.988+0700] {dag.py:3096} INFO - Sync 1 DAGs
[2024-04-17T22:55:34.014+0700] {logging_mixin.py:188} INFO - [2024-04-17T22:55:34.014+0700] {dag.py:3954} INFO - Setting next_dagrun for example_branch_dop_operator_v3 to 2024-04-17 15:54:00+00:00, run_after=2024-04-17 15:55:00+00:00
[2024-04-17T22:55:34.036+0700] {processor.py:183} INFO - Processing /home/newrey/airflow/airflow-env/lib/python3.10/site-packages/airflow/example_dags/example_branch_python_dop_operator_3.py took 0.083 seconds
[2024-04-17T22:56:27.321+0700] {processor.py:161} INFO - Started process (PID=9504) to work on /home/newrey/airflow/airflow-env/lib/python3.10/site-packages/airflow/example_dags/example_branch_python_dop_operator_3.py
[2024-04-17T22:56:27.324+0700] {processor.py:830} INFO - Processing file /home/newrey/airflow/airflow-env/lib/python3.10/site-packages/airflow/example_dags/example_branch_python_dop_operator_3.py for tasks to queue
[2024-04-17T22:56:27.325+0700] {logging_mixin.py:188} INFO - [2024-04-17T22:56:27.325+0700] {dagbag.py:540} INFO - Filling up the DagBag from /home/newrey/airflow/airflow-env/lib/python3.10/site-packages/airflow/example_dags/example_branch_python_dop_operator_3.py
[2024-04-17T22:56:27.335+0700] {processor.py:840} INFO - DAG(s) 'example_branch_dop_operator_v3' retrieved from /home/newrey/airflow/airflow-env/lib/python3.10/site-packages/airflow/example_dags/example_branch_python_dop_operator_3.py
[2024-04-17T22:56:27.349+0700] {logging_mixin.py:188} INFO - [2024-04-17T22:56:27.349+0700] {dag.py:3096} INFO - Sync 1 DAGs
[2024-04-17T22:56:27.371+0700] {logging_mixin.py:188} INFO - [2024-04-17T22:56:27.371+0700] {dag.py:3954} INFO - Setting next_dagrun for example_branch_dop_operator_v3 to 2024-04-17 15:55:00+00:00, run_after=2024-04-17 15:56:00+00:00
[2024-04-17T22:56:27.398+0700] {processor.py:183} INFO - Processing /home/newrey/airflow/airflow-env/lib/python3.10/site-packages/airflow/example_dags/example_branch_python_dop_operator_3.py took 0.086 seconds
[2024-04-17T22:57:34.162+0700] {processor.py:161} INFO - Started process (PID=9728) to work on /home/newrey/airflow/airflow-env/lib/python3.10/site-packages/airflow/example_dags/example_branch_python_dop_operator_3.py
[2024-04-17T22:57:34.163+0700] {processor.py:830} INFO - Processing file /home/newrey/airflow/airflow-env/lib/python3.10/site-packages/airflow/example_dags/example_branch_python_dop_operator_3.py for tasks to queue
[2024-04-17T22:57:34.165+0700] {logging_mixin.py:188} INFO - [2024-04-17T22:57:34.164+0700] {dagbag.py:540} INFO - Filling up the DagBag from /home/newrey/airflow/airflow-env/lib/python3.10/site-packages/airflow/example_dags/example_branch_python_dop_operator_3.py
[2024-04-17T22:57:34.173+0700] {processor.py:840} INFO - DAG(s) 'example_branch_dop_operator_v3' retrieved from /home/newrey/airflow/airflow-env/lib/python3.10/site-packages/airflow/example_dags/example_branch_python_dop_operator_3.py
[2024-04-17T22:57:34.190+0700] {logging_mixin.py:188} INFO - [2024-04-17T22:57:34.190+0700] {dag.py:3096} INFO - Sync 1 DAGs
[2024-04-17T22:57:34.227+0700] {logging_mixin.py:188} INFO - [2024-04-17T22:57:34.227+0700] {dag.py:3954} INFO - Setting next_dagrun for example_branch_dop_operator_v3 to 2024-04-17 15:56:00+00:00, run_after=2024-04-17 15:57:00+00:00
[2024-04-17T22:57:34.257+0700] {processor.py:183} INFO - Processing /home/newrey/airflow/airflow-env/lib/python3.10/site-packages/airflow/example_dags/example_branch_python_dop_operator_3.py took 0.105 seconds
[2024-04-17T22:58:45.122+0700] {processor.py:161} INFO - Started process (PID=9942) to work on /home/newrey/airflow/airflow-env/lib/python3.10/site-packages/airflow/example_dags/example_branch_python_dop_operator_3.py
[2024-04-17T22:58:45.123+0700] {processor.py:830} INFO - Processing file /home/newrey/airflow/airflow-env/lib/python3.10/site-packages/airflow/example_dags/example_branch_python_dop_operator_3.py for tasks to queue
[2024-04-17T22:58:45.124+0700] {logging_mixin.py:188} INFO - [2024-04-17T22:58:45.124+0700] {dagbag.py:540} INFO - Filling up the DagBag from /home/newrey/airflow/airflow-env/lib/python3.10/site-packages/airflow/example_dags/example_branch_python_dop_operator_3.py
[2024-04-17T22:58:45.133+0700] {processor.py:840} INFO - DAG(s) 'example_branch_dop_operator_v3' retrieved from /home/newrey/airflow/airflow-env/lib/python3.10/site-packages/airflow/example_dags/example_branch_python_dop_operator_3.py
[2024-04-17T22:58:45.146+0700] {logging_mixin.py:188} INFO - [2024-04-17T22:58:45.146+0700] {dag.py:3096} INFO - Sync 1 DAGs
[2024-04-17T22:58:45.169+0700] {logging_mixin.py:188} INFO - [2024-04-17T22:58:45.168+0700] {dag.py:3954} INFO - Setting next_dagrun for example_branch_dop_operator_v3 to 2024-04-17 15:57:00+00:00, run_after=2024-04-17 15:58:00+00:00
[2024-04-17T22:58:45.192+0700] {processor.py:183} INFO - Processing /home/newrey/airflow/airflow-env/lib/python3.10/site-packages/airflow/example_dags/example_branch_python_dop_operator_3.py took 0.079 seconds
[2024-04-17T22:59:55.728+0700] {processor.py:161} INFO - Started process (PID=10175) to work on /home/newrey/airflow/airflow-env/lib/python3.10/site-packages/airflow/example_dags/example_branch_python_dop_operator_3.py
[2024-04-17T22:59:55.729+0700] {processor.py:830} INFO - Processing file /home/newrey/airflow/airflow-env/lib/python3.10/site-packages/airflow/example_dags/example_branch_python_dop_operator_3.py for tasks to queue
[2024-04-17T22:59:55.730+0700] {logging_mixin.py:188} INFO - [2024-04-17T22:59:55.730+0700] {dagbag.py:540} INFO - Filling up the DagBag from /home/newrey/airflow/airflow-env/lib/python3.10/site-packages/airflow/example_dags/example_branch_python_dop_operator_3.py
[2024-04-17T22:59:55.741+0700] {processor.py:840} INFO - DAG(s) 'example_branch_dop_operator_v3' retrieved from /home/newrey/airflow/airflow-env/lib/python3.10/site-packages/airflow/example_dags/example_branch_python_dop_operator_3.py
[2024-04-17T22:59:55.756+0700] {logging_mixin.py:188} INFO - [2024-04-17T22:59:55.755+0700] {dag.py:3096} INFO - Sync 1 DAGs
[2024-04-17T22:59:55.781+0700] {logging_mixin.py:188} INFO - [2024-04-17T22:59:55.781+0700] {dag.py:3954} INFO - Setting next_dagrun for example_branch_dop_operator_v3 to 2024-04-17 15:58:00+00:00, run_after=2024-04-17 15:59:00+00:00
[2024-04-17T22:59:55.806+0700] {processor.py:183} INFO - Processing /home/newrey/airflow/airflow-env/lib/python3.10/site-packages/airflow/example_dags/example_branch_python_dop_operator_3.py took 0.091 seconds
[2024-04-17T23:01:09.848+0700] {processor.py:161} INFO - Started process (PID=10455) to work on /home/newrey/airflow/airflow-env/lib/python3.10/site-packages/airflow/example_dags/example_branch_python_dop_operator_3.py
[2024-04-17T23:01:09.850+0700] {processor.py:830} INFO - Processing file /home/newrey/airflow/airflow-env/lib/python3.10/site-packages/airflow/example_dags/example_branch_python_dop_operator_3.py for tasks to queue
[2024-04-17T23:01:09.852+0700] {logging_mixin.py:188} INFO - [2024-04-17T23:01:09.851+0700] {dagbag.py:540} INFO - Filling up the DagBag from /home/newrey/airflow/airflow-env/lib/python3.10/site-packages/airflow/example_dags/example_branch_python_dop_operator_3.py
[2024-04-17T23:01:09.859+0700] {processor.py:840} INFO - DAG(s) 'example_branch_dop_operator_v3' retrieved from /home/newrey/airflow/airflow-env/lib/python3.10/site-packages/airflow/example_dags/example_branch_python_dop_operator_3.py
[2024-04-17T23:01:09.872+0700] {logging_mixin.py:188} INFO - [2024-04-17T23:01:09.872+0700] {dag.py:3096} INFO - Sync 1 DAGs
[2024-04-17T23:01:09.896+0700] {logging_mixin.py:188} INFO - [2024-04-17T23:01:09.896+0700] {dag.py:3954} INFO - Setting next_dagrun for example_branch_dop_operator_v3 to 2024-04-17 16:00:00+00:00, run_after=2024-04-17 16:01:00+00:00
[2024-04-17T23:01:09.918+0700] {processor.py:183} INFO - Processing /home/newrey/airflow/airflow-env/lib/python3.10/site-packages/airflow/example_dags/example_branch_python_dop_operator_3.py took 0.084 seconds
[2024-04-17T23:02:25.168+0700] {processor.py:161} INFO - Started process (PID=10653) to work on /home/newrey/airflow/airflow-env/lib/python3.10/site-packages/airflow/example_dags/example_branch_python_dop_operator_3.py
[2024-04-17T23:02:25.242+0700] {processor.py:830} INFO - Processing file /home/newrey/airflow/airflow-env/lib/python3.10/site-packages/airflow/example_dags/example_branch_python_dop_operator_3.py for tasks to queue
[2024-04-17T23:02:25.245+0700] {logging_mixin.py:188} INFO - [2024-04-17T23:02:25.244+0700] {dagbag.py:540} INFO - Filling up the DagBag from /home/newrey/airflow/airflow-env/lib/python3.10/site-packages/airflow/example_dags/example_branch_python_dop_operator_3.py
[2024-04-17T23:02:25.267+0700] {processor.py:840} INFO - DAG(s) 'example_branch_dop_operator_v3' retrieved from /home/newrey/airflow/airflow-env/lib/python3.10/site-packages/airflow/example_dags/example_branch_python_dop_operator_3.py
[2024-04-17T23:02:25.330+0700] {logging_mixin.py:188} INFO - [2024-04-17T23:02:25.330+0700] {dag.py:3096} INFO - Sync 1 DAGs
[2024-04-17T23:02:25.462+0700] {logging_mixin.py:188} INFO - [2024-04-17T23:02:25.461+0700] {dag.py:3954} INFO - Setting next_dagrun for example_branch_dop_operator_v3 to 2024-04-17 16:01:00+00:00, run_after=2024-04-17 16:02:00+00:00
[2024-04-17T23:02:25.705+0700] {processor.py:183} INFO - Processing /home/newrey/airflow/airflow-env/lib/python3.10/site-packages/airflow/example_dags/example_branch_python_dop_operator_3.py took 0.583 seconds
[2024-04-17T23:03:17.873+0700] {processor.py:161} INFO - Started process (PID=10824) to work on /home/newrey/airflow/airflow-env/lib/python3.10/site-packages/airflow/example_dags/example_branch_python_dop_operator_3.py
[2024-04-17T23:03:17.875+0700] {processor.py:830} INFO - Processing file /home/newrey/airflow/airflow-env/lib/python3.10/site-packages/airflow/example_dags/example_branch_python_dop_operator_3.py for tasks to queue
[2024-04-17T23:03:17.876+0700] {logging_mixin.py:188} INFO - [2024-04-17T23:03:17.876+0700] {dagbag.py:540} INFO - Filling up the DagBag from /home/newrey/airflow/airflow-env/lib/python3.10/site-packages/airflow/example_dags/example_branch_python_dop_operator_3.py
[2024-04-17T23:03:17.885+0700] {processor.py:840} INFO - DAG(s) 'example_branch_dop_operator_v3' retrieved from /home/newrey/airflow/airflow-env/lib/python3.10/site-packages/airflow/example_dags/example_branch_python_dop_operator_3.py
[2024-04-17T23:03:17.898+0700] {logging_mixin.py:188} INFO - [2024-04-17T23:03:17.898+0700] {dag.py:3096} INFO - Sync 1 DAGs
[2024-04-17T23:03:17.920+0700] {logging_mixin.py:188} INFO - [2024-04-17T23:03:17.920+0700] {dag.py:3954} INFO - Setting next_dagrun for example_branch_dop_operator_v3 to 2024-04-17 16:02:00+00:00, run_after=2024-04-17 16:03:00+00:00
[2024-04-17T23:03:17.942+0700] {processor.py:183} INFO - Processing /home/newrey/airflow/airflow-env/lib/python3.10/site-packages/airflow/example_dags/example_branch_python_dop_operator_3.py took 0.079 seconds
[2024-04-17T23:04:35.827+0700] {processor.py:161} INFO - Started process (PID=11052) to work on /home/newrey/airflow/airflow-env/lib/python3.10/site-packages/airflow/example_dags/example_branch_python_dop_operator_3.py
[2024-04-17T23:04:35.836+0700] {processor.py:830} INFO - Processing file /home/newrey/airflow/airflow-env/lib/python3.10/site-packages/airflow/example_dags/example_branch_python_dop_operator_3.py for tasks to queue
[2024-04-17T23:04:35.838+0700] {logging_mixin.py:188} INFO - [2024-04-17T23:04:35.838+0700] {dagbag.py:540} INFO - Filling up the DagBag from /home/newrey/airflow/airflow-env/lib/python3.10/site-packages/airflow/example_dags/example_branch_python_dop_operator_3.py
[2024-04-17T23:04:35.850+0700] {processor.py:840} INFO - DAG(s) 'example_branch_dop_operator_v3' retrieved from /home/newrey/airflow/airflow-env/lib/python3.10/site-packages/airflow/example_dags/example_branch_python_dop_operator_3.py
[2024-04-17T23:04:35.870+0700] {logging_mixin.py:188} INFO - [2024-04-17T23:04:35.869+0700] {dag.py:3096} INFO - Sync 1 DAGs
[2024-04-17T23:04:35.905+0700] {logging_mixin.py:188} INFO - [2024-04-17T23:04:35.905+0700] {dag.py:3954} INFO - Setting next_dagrun for example_branch_dop_operator_v3 to 2024-04-17 16:03:00+00:00, run_after=2024-04-17 16:04:00+00:00
[2024-04-17T23:04:35.937+0700] {processor.py:183} INFO - Processing /home/newrey/airflow/airflow-env/lib/python3.10/site-packages/airflow/example_dags/example_branch_python_dop_operator_3.py took 0.122 seconds
[2024-04-17T23:05:32.590+0700] {processor.py:161} INFO - Started process (PID=11185) to work on /home/newrey/airflow/airflow-env/lib/python3.10/site-packages/airflow/example_dags/example_branch_python_dop_operator_3.py
[2024-04-17T23:05:32.594+0700] {processor.py:830} INFO - Processing file /home/newrey/airflow/airflow-env/lib/python3.10/site-packages/airflow/example_dags/example_branch_python_dop_operator_3.py for tasks to queue
[2024-04-17T23:05:32.598+0700] {logging_mixin.py:188} INFO - [2024-04-17T23:05:32.597+0700] {dagbag.py:540} INFO - Filling up the DagBag from /home/newrey/airflow/airflow-env/lib/python3.10/site-packages/airflow/example_dags/example_branch_python_dop_operator_3.py
[2024-04-17T23:05:32.616+0700] {processor.py:840} INFO - DAG(s) 'example_branch_dop_operator_v3' retrieved from /home/newrey/airflow/airflow-env/lib/python3.10/site-packages/airflow/example_dags/example_branch_python_dop_operator_3.py
[2024-04-17T23:05:32.652+0700] {logging_mixin.py:188} INFO - [2024-04-17T23:05:32.652+0700] {dag.py:3096} INFO - Sync 1 DAGs
[2024-04-17T23:05:32.711+0700] {logging_mixin.py:188} INFO - [2024-04-17T23:05:32.710+0700] {dag.py:3954} INFO - Setting next_dagrun for example_branch_dop_operator_v3 to 2024-04-17 16:04:00+00:00, run_after=2024-04-17 16:05:00+00:00
[2024-04-17T23:05:32.783+0700] {processor.py:183} INFO - Processing /home/newrey/airflow/airflow-env/lib/python3.10/site-packages/airflow/example_dags/example_branch_python_dop_operator_3.py took 0.208 seconds
[2024-04-17T23:06:30.237+0700] {processor.py:161} INFO - Started process (PID=11319) to work on /home/newrey/airflow/airflow-env/lib/python3.10/site-packages/airflow/example_dags/example_branch_python_dop_operator_3.py
[2024-04-17T23:06:30.246+0700] {processor.py:830} INFO - Processing file /home/newrey/airflow/airflow-env/lib/python3.10/site-packages/airflow/example_dags/example_branch_python_dop_operator_3.py for tasks to queue
[2024-04-17T23:06:30.249+0700] {logging_mixin.py:188} INFO - [2024-04-17T23:06:30.248+0700] {dagbag.py:540} INFO - Filling up the DagBag from /home/newrey/airflow/airflow-env/lib/python3.10/site-packages/airflow/example_dags/example_branch_python_dop_operator_3.py
[2024-04-17T23:06:30.262+0700] {processor.py:840} INFO - DAG(s) 'example_branch_dop_operator_v3' retrieved from /home/newrey/airflow/airflow-env/lib/python3.10/site-packages/airflow/example_dags/example_branch_python_dop_operator_3.py
[2024-04-17T23:06:30.296+0700] {logging_mixin.py:188} INFO - [2024-04-17T23:06:30.295+0700] {dag.py:3096} INFO - Sync 1 DAGs
[2024-04-17T23:06:30.344+0700] {logging_mixin.py:188} INFO - [2024-04-17T23:06:30.344+0700] {dag.py:3954} INFO - Setting next_dagrun for example_branch_dop_operator_v3 to 2024-04-17 16:05:00+00:00, run_after=2024-04-17 16:06:00+00:00
[2024-04-17T23:06:30.375+0700] {processor.py:183} INFO - Processing /home/newrey/airflow/airflow-env/lib/python3.10/site-packages/airflow/example_dags/example_branch_python_dop_operator_3.py took 0.160 seconds
