[2024-04-17T22:43:15.907+0700] {processor.py:161} INFO - Started process (PID=4802) to work on /home/newrey/airflow/airflow-env/lib/python3.10/site-packages/airflow/example_dags/example_bash_operator.py
[2024-04-17T22:43:15.908+0700] {processor.py:830} INFO - Processing file /home/newrey/airflow/airflow-env/lib/python3.10/site-packages/airflow/example_dags/example_bash_operator.py for tasks to queue
[2024-04-17T22:43:15.911+0700] {logging_mixin.py:188} INFO - [2024-04-17T22:43:15.910+0700] {dagbag.py:540} INFO - Filling up the DagBag from /home/newrey/airflow/airflow-env/lib/python3.10/site-packages/airflow/example_dags/example_bash_operator.py
[2024-04-17T22:43:15.922+0700] {processor.py:840} INFO - DAG(s) 'example_bash_operator' retrieved from /home/newrey/airflow/airflow-env/lib/python3.10/site-packages/airflow/example_dags/example_bash_operator.py
[2024-04-17T22:43:16.051+0700] {logging_mixin.py:188} INFO - [2024-04-17T22:43:16.050+0700] {dag.py:3096} INFO - Sync 1 DAGs
[2024-04-17T22:43:16.165+0700] {logging_mixin.py:188} INFO - [2024-04-17T22:43:16.165+0700] {dag.py:3954} INFO - Setting next_dagrun for example_bash_operator to 2024-04-16 00:00:00+00:00, run_after=2024-04-17 00:00:00+00:00
[2024-04-17T22:43:16.190+0700] {processor.py:183} INFO - Processing /home/newrey/airflow/airflow-env/lib/python3.10/site-packages/airflow/example_dags/example_bash_operator.py took 0.289 seconds
[2024-04-17T22:44:22.756+0700] {processor.py:161} INFO - Started process (PID=4933) to work on /home/newrey/airflow/airflow-env/lib/python3.10/site-packages/airflow/example_dags/example_bash_operator.py
[2024-04-17T22:44:22.757+0700] {processor.py:830} INFO - Processing file /home/newrey/airflow/airflow-env/lib/python3.10/site-packages/airflow/example_dags/example_bash_operator.py for tasks to queue
[2024-04-17T22:44:22.759+0700] {logging_mixin.py:188} INFO - [2024-04-17T22:44:22.759+0700] {dagbag.py:540} INFO - Filling up the DagBag from /home/newrey/airflow/airflow-env/lib/python3.10/site-packages/airflow/example_dags/example_bash_operator.py
[2024-04-17T22:44:22.770+0700] {processor.py:840} INFO - DAG(s) 'example_bash_operator' retrieved from /home/newrey/airflow/airflow-env/lib/python3.10/site-packages/airflow/example_dags/example_bash_operator.py
[2024-04-17T22:44:22.792+0700] {logging_mixin.py:188} INFO - [2024-04-17T22:44:22.792+0700] {dag.py:3096} INFO - Sync 1 DAGs
[2024-04-17T22:44:22.900+0700] {logging_mixin.py:188} INFO - [2024-04-17T22:44:22.900+0700] {dag.py:3954} INFO - Setting next_dagrun for example_bash_operator to 2024-04-16 00:00:00+00:00, run_after=2024-04-17 00:00:00+00:00
[2024-04-17T22:44:22.926+0700] {processor.py:183} INFO - Processing /home/newrey/airflow/airflow-env/lib/python3.10/site-packages/airflow/example_dags/example_bash_operator.py took 0.177 seconds
[2024-04-17T22:45:44.482+0700] {processor.py:161} INFO - Started process (PID=5152) to work on /home/newrey/airflow/airflow-env/lib/python3.10/site-packages/airflow/example_dags/example_bash_operator.py
[2024-04-17T22:45:44.484+0700] {processor.py:830} INFO - Processing file /home/newrey/airflow/airflow-env/lib/python3.10/site-packages/airflow/example_dags/example_bash_operator.py for tasks to queue
[2024-04-17T22:45:44.485+0700] {logging_mixin.py:188} INFO - [2024-04-17T22:45:44.485+0700] {dagbag.py:540} INFO - Filling up the DagBag from /home/newrey/airflow/airflow-env/lib/python3.10/site-packages/airflow/example_dags/example_bash_operator.py
[2024-04-17T22:45:44.495+0700] {processor.py:840} INFO - DAG(s) 'example_bash_operator' retrieved from /home/newrey/airflow/airflow-env/lib/python3.10/site-packages/airflow/example_dags/example_bash_operator.py
[2024-04-17T22:45:44.525+0700] {logging_mixin.py:188} INFO - [2024-04-17T22:45:44.525+0700] {dag.py:3096} INFO - Sync 1 DAGs
[2024-04-17T22:45:44.546+0700] {logging_mixin.py:188} INFO - [2024-04-17T22:45:44.546+0700] {dag.py:3954} INFO - Setting next_dagrun for example_bash_operator to 2024-04-16 00:00:00+00:00, run_after=2024-04-17 00:00:00+00:00
[2024-04-17T22:45:44.569+0700] {processor.py:183} INFO - Processing /home/newrey/airflow/airflow-env/lib/python3.10/site-packages/airflow/example_dags/example_bash_operator.py took 0.098 seconds
[2024-04-17T22:46:56.603+0700] {processor.py:161} INFO - Started process (PID=5295) to work on /home/newrey/airflow/airflow-env/lib/python3.10/site-packages/airflow/example_dags/example_bash_operator.py
[2024-04-17T22:46:56.605+0700] {processor.py:830} INFO - Processing file /home/newrey/airflow/airflow-env/lib/python3.10/site-packages/airflow/example_dags/example_bash_operator.py for tasks to queue
[2024-04-17T22:46:56.607+0700] {logging_mixin.py:188} INFO - [2024-04-17T22:46:56.606+0700] {dagbag.py:540} INFO - Filling up the DagBag from /home/newrey/airflow/airflow-env/lib/python3.10/site-packages/airflow/example_dags/example_bash_operator.py
[2024-04-17T22:46:56.623+0700] {processor.py:840} INFO - DAG(s) 'example_bash_operator' retrieved from /home/newrey/airflow/airflow-env/lib/python3.10/site-packages/airflow/example_dags/example_bash_operator.py
[2024-04-17T22:46:56.656+0700] {logging_mixin.py:188} INFO - [2024-04-17T22:46:56.656+0700] {dag.py:3096} INFO - Sync 1 DAGs
[2024-04-17T22:46:56.680+0700] {logging_mixin.py:188} INFO - [2024-04-17T22:46:56.680+0700] {dag.py:3954} INFO - Setting next_dagrun for example_bash_operator to 2024-04-16 00:00:00+00:00, run_after=2024-04-17 00:00:00+00:00
[2024-04-17T22:46:56.706+0700] {processor.py:183} INFO - Processing /home/newrey/airflow/airflow-env/lib/python3.10/site-packages/airflow/example_dags/example_bash_operator.py took 0.113 seconds
[2024-04-17T22:48:09.398+0700] {processor.py:161} INFO - Started process (PID=5940) to work on /home/newrey/airflow/airflow-env/lib/python3.10/site-packages/airflow/example_dags/example_bash_operator.py
[2024-04-17T22:48:09.400+0700] {processor.py:830} INFO - Processing file /home/newrey/airflow/airflow-env/lib/python3.10/site-packages/airflow/example_dags/example_bash_operator.py for tasks to queue
[2024-04-17T22:48:09.401+0700] {logging_mixin.py:188} INFO - [2024-04-17T22:48:09.401+0700] {dagbag.py:540} INFO - Filling up the DagBag from /home/newrey/airflow/airflow-env/lib/python3.10/site-packages/airflow/example_dags/example_bash_operator.py
[2024-04-17T22:48:09.412+0700] {processor.py:840} INFO - DAG(s) 'example_bash_operator' retrieved from /home/newrey/airflow/airflow-env/lib/python3.10/site-packages/airflow/example_dags/example_bash_operator.py
[2024-04-17T22:48:09.439+0700] {logging_mixin.py:188} INFO - [2024-04-17T22:48:09.439+0700] {dag.py:3096} INFO - Sync 1 DAGs
[2024-04-17T22:48:09.459+0700] {logging_mixin.py:188} INFO - [2024-04-17T22:48:09.459+0700] {dag.py:3954} INFO - Setting next_dagrun for example_bash_operator to 2024-04-16 00:00:00+00:00, run_after=2024-04-17 00:00:00+00:00
[2024-04-17T22:48:09.486+0700] {processor.py:183} INFO - Processing /home/newrey/airflow/airflow-env/lib/python3.10/site-packages/airflow/example_dags/example_bash_operator.py took 0.100 seconds
[2024-04-17T22:49:25.087+0700] {processor.py:161} INFO - Started process (PID=6466) to work on /home/newrey/airflow/airflow-env/lib/python3.10/site-packages/airflow/example_dags/example_bash_operator.py
[2024-04-17T22:49:25.089+0700] {processor.py:830} INFO - Processing file /home/newrey/airflow/airflow-env/lib/python3.10/site-packages/airflow/example_dags/example_bash_operator.py for tasks to queue
[2024-04-17T22:49:25.090+0700] {logging_mixin.py:188} INFO - [2024-04-17T22:49:25.090+0700] {dagbag.py:540} INFO - Filling up the DagBag from /home/newrey/airflow/airflow-env/lib/python3.10/site-packages/airflow/example_dags/example_bash_operator.py
[2024-04-17T22:49:25.100+0700] {processor.py:840} INFO - DAG(s) 'example_bash_operator' retrieved from /home/newrey/airflow/airflow-env/lib/python3.10/site-packages/airflow/example_dags/example_bash_operator.py
[2024-04-17T22:49:25.135+0700] {logging_mixin.py:188} INFO - [2024-04-17T22:49:25.135+0700] {dag.py:3096} INFO - Sync 1 DAGs
[2024-04-17T22:49:25.159+0700] {logging_mixin.py:188} INFO - [2024-04-17T22:49:25.158+0700] {dag.py:3954} INFO - Setting next_dagrun for example_bash_operator to 2024-04-16 00:00:00+00:00, run_after=2024-04-17 00:00:00+00:00
[2024-04-17T22:49:25.190+0700] {processor.py:183} INFO - Processing /home/newrey/airflow/airflow-env/lib/python3.10/site-packages/airflow/example_dags/example_bash_operator.py took 0.115 seconds
[2024-04-17T22:50:34.819+0700] {processor.py:161} INFO - Started process (PID=6630) to work on /home/newrey/airflow/airflow-env/lib/python3.10/site-packages/airflow/example_dags/example_bash_operator.py
[2024-04-17T22:50:34.821+0700] {processor.py:830} INFO - Processing file /home/newrey/airflow/airflow-env/lib/python3.10/site-packages/airflow/example_dags/example_bash_operator.py for tasks to queue
[2024-04-17T22:50:34.822+0700] {logging_mixin.py:188} INFO - [2024-04-17T22:50:34.822+0700] {dagbag.py:540} INFO - Filling up the DagBag from /home/newrey/airflow/airflow-env/lib/python3.10/site-packages/airflow/example_dags/example_bash_operator.py
[2024-04-17T22:50:34.834+0700] {processor.py:840} INFO - DAG(s) 'example_bash_operator' retrieved from /home/newrey/airflow/airflow-env/lib/python3.10/site-packages/airflow/example_dags/example_bash_operator.py
[2024-04-17T22:50:34.856+0700] {logging_mixin.py:188} INFO - [2024-04-17T22:50:34.856+0700] {dag.py:3096} INFO - Sync 1 DAGs
[2024-04-17T22:50:34.876+0700] {logging_mixin.py:188} INFO - [2024-04-17T22:50:34.875+0700] {dag.py:3954} INFO - Setting next_dagrun for example_bash_operator to 2024-04-16 00:00:00+00:00, run_after=2024-04-17 00:00:00+00:00
[2024-04-17T22:50:34.899+0700] {processor.py:183} INFO - Processing /home/newrey/airflow/airflow-env/lib/python3.10/site-packages/airflow/example_dags/example_bash_operator.py took 0.089 seconds
[2024-04-17T22:52:16.362+0700] {processor.py:161} INFO - Started process (PID=7792) to work on /home/newrey/airflow/airflow-env/lib/python3.10/site-packages/airflow/example_dags/example_bash_operator.py
[2024-04-17T22:52:16.366+0700] {processor.py:830} INFO - Processing file /home/newrey/airflow/airflow-env/lib/python3.10/site-packages/airflow/example_dags/example_bash_operator.py for tasks to queue
[2024-04-17T22:52:16.368+0700] {logging_mixin.py:188} INFO - [2024-04-17T22:52:16.368+0700] {dagbag.py:540} INFO - Filling up the DagBag from /home/newrey/airflow/airflow-env/lib/python3.10/site-packages/airflow/example_dags/example_bash_operator.py
[2024-04-17T22:52:16.382+0700] {processor.py:840} INFO - DAG(s) 'example_bash_operator' retrieved from /home/newrey/airflow/airflow-env/lib/python3.10/site-packages/airflow/example_dags/example_bash_operator.py
[2024-04-17T22:52:16.408+0700] {logging_mixin.py:188} INFO - [2024-04-17T22:52:16.408+0700] {dag.py:3096} INFO - Sync 1 DAGs
[2024-04-17T22:52:16.443+0700] {logging_mixin.py:188} INFO - [2024-04-17T22:52:16.442+0700] {dag.py:3954} INFO - Setting next_dagrun for example_bash_operator to 2024-04-16 00:00:00+00:00, run_after=2024-04-17 00:00:00+00:00
[2024-04-17T22:52:16.555+0700] {processor.py:183} INFO - Processing /home/newrey/airflow/airflow-env/lib/python3.10/site-packages/airflow/example_dags/example_bash_operator.py took 0.204 seconds
[2024-04-17T22:53:33.476+0700] {processor.py:161} INFO - Started process (PID=8812) to work on /home/newrey/airflow/airflow-env/lib/python3.10/site-packages/airflow/example_dags/example_bash_operator.py
[2024-04-17T22:53:33.477+0700] {processor.py:830} INFO - Processing file /home/newrey/airflow/airflow-env/lib/python3.10/site-packages/airflow/example_dags/example_bash_operator.py for tasks to queue
[2024-04-17T22:53:33.479+0700] {logging_mixin.py:188} INFO - [2024-04-17T22:53:33.478+0700] {dagbag.py:540} INFO - Filling up the DagBag from /home/newrey/airflow/airflow-env/lib/python3.10/site-packages/airflow/example_dags/example_bash_operator.py
[2024-04-17T22:53:33.491+0700] {processor.py:840} INFO - DAG(s) 'example_bash_operator' retrieved from /home/newrey/airflow/airflow-env/lib/python3.10/site-packages/airflow/example_dags/example_bash_operator.py
[2024-04-17T22:53:33.523+0700] {logging_mixin.py:188} INFO - [2024-04-17T22:53:33.523+0700] {dag.py:3096} INFO - Sync 1 DAGs
[2024-04-17T22:53:33.561+0700] {logging_mixin.py:188} INFO - [2024-04-17T22:53:33.561+0700] {dag.py:3954} INFO - Setting next_dagrun for example_bash_operator to 2024-04-16 00:00:00+00:00, run_after=2024-04-17 00:00:00+00:00
[2024-04-17T22:53:33.606+0700] {processor.py:183} INFO - Processing /home/newrey/airflow/airflow-env/lib/python3.10/site-packages/airflow/example_dags/example_bash_operator.py took 0.139 seconds
[2024-04-17T22:54:36.465+0700] {processor.py:161} INFO - Started process (PID=9234) to work on /home/newrey/airflow/airflow-env/lib/python3.10/site-packages/airflow/example_dags/example_bash_operator.py
[2024-04-17T22:54:36.467+0700] {processor.py:830} INFO - Processing file /home/newrey/airflow/airflow-env/lib/python3.10/site-packages/airflow/example_dags/example_bash_operator.py for tasks to queue
[2024-04-17T22:54:36.469+0700] {logging_mixin.py:188} INFO - [2024-04-17T22:54:36.468+0700] {dagbag.py:540} INFO - Filling up the DagBag from /home/newrey/airflow/airflow-env/lib/python3.10/site-packages/airflow/example_dags/example_bash_operator.py
[2024-04-17T22:54:36.480+0700] {processor.py:840} INFO - DAG(s) 'example_bash_operator' retrieved from /home/newrey/airflow/airflow-env/lib/python3.10/site-packages/airflow/example_dags/example_bash_operator.py
[2024-04-17T22:54:36.510+0700] {logging_mixin.py:188} INFO - [2024-04-17T22:54:36.510+0700] {dag.py:3096} INFO - Sync 1 DAGs
[2024-04-17T22:54:36.529+0700] {logging_mixin.py:188} INFO - [2024-04-17T22:54:36.528+0700] {dag.py:3954} INFO - Setting next_dagrun for example_bash_operator to 2024-04-16 00:00:00+00:00, run_after=2024-04-17 00:00:00+00:00
[2024-04-17T22:54:36.550+0700] {processor.py:183} INFO - Processing /home/newrey/airflow/airflow-env/lib/python3.10/site-packages/airflow/example_dags/example_bash_operator.py took 0.094 seconds
[2024-04-17T22:55:39.125+0700] {processor.py:161} INFO - Started process (PID=9378) to work on /home/newrey/airflow/airflow-env/lib/python3.10/site-packages/airflow/example_dags/example_bash_operator.py
[2024-04-17T22:55:39.127+0700] {processor.py:830} INFO - Processing file /home/newrey/airflow/airflow-env/lib/python3.10/site-packages/airflow/example_dags/example_bash_operator.py for tasks to queue
[2024-04-17T22:55:39.128+0700] {logging_mixin.py:188} INFO - [2024-04-17T22:55:39.128+0700] {dagbag.py:540} INFO - Filling up the DagBag from /home/newrey/airflow/airflow-env/lib/python3.10/site-packages/airflow/example_dags/example_bash_operator.py
[2024-04-17T22:55:39.137+0700] {processor.py:840} INFO - DAG(s) 'example_bash_operator' retrieved from /home/newrey/airflow/airflow-env/lib/python3.10/site-packages/airflow/example_dags/example_bash_operator.py
[2024-04-17T22:55:39.158+0700] {logging_mixin.py:188} INFO - [2024-04-17T22:55:39.158+0700] {dag.py:3096} INFO - Sync 1 DAGs
[2024-04-17T22:55:39.177+0700] {logging_mixin.py:188} INFO - [2024-04-17T22:55:39.177+0700] {dag.py:3954} INFO - Setting next_dagrun for example_bash_operator to 2024-04-16 00:00:00+00:00, run_after=2024-04-17 00:00:00+00:00
[2024-04-17T22:55:39.201+0700] {processor.py:183} INFO - Processing /home/newrey/airflow/airflow-env/lib/python3.10/site-packages/airflow/example_dags/example_bash_operator.py took 0.086 seconds
[2024-04-17T22:56:51.467+0700] {processor.py:161} INFO - Started process (PID=9545) to work on /home/newrey/airflow/airflow-env/lib/python3.10/site-packages/airflow/example_dags/example_bash_operator.py
[2024-04-17T22:56:51.468+0700] {processor.py:830} INFO - Processing file /home/newrey/airflow/airflow-env/lib/python3.10/site-packages/airflow/example_dags/example_bash_operator.py for tasks to queue
[2024-04-17T22:56:51.469+0700] {logging_mixin.py:188} INFO - [2024-04-17T22:56:51.469+0700] {dagbag.py:540} INFO - Filling up the DagBag from /home/newrey/airflow/airflow-env/lib/python3.10/site-packages/airflow/example_dags/example_bash_operator.py
[2024-04-17T22:56:51.478+0700] {processor.py:840} INFO - DAG(s) 'example_bash_operator' retrieved from /home/newrey/airflow/airflow-env/lib/python3.10/site-packages/airflow/example_dags/example_bash_operator.py
[2024-04-17T22:56:51.509+0700] {logging_mixin.py:188} INFO - [2024-04-17T22:56:51.509+0700] {dag.py:3096} INFO - Sync 1 DAGs
[2024-04-17T22:56:51.531+0700] {logging_mixin.py:188} INFO - [2024-04-17T22:56:51.530+0700] {dag.py:3954} INFO - Setting next_dagrun for example_bash_operator to 2024-04-16 00:00:00+00:00, run_after=2024-04-17 00:00:00+00:00
[2024-04-17T22:56:51.555+0700] {processor.py:183} INFO - Processing /home/newrey/airflow/airflow-env/lib/python3.10/site-packages/airflow/example_dags/example_bash_operator.py took 0.105 seconds
[2024-04-17T22:57:58.955+0700] {processor.py:161} INFO - Started process (PID=9752) to work on /home/newrey/airflow/airflow-env/lib/python3.10/site-packages/airflow/example_dags/example_bash_operator.py
[2024-04-17T22:57:58.956+0700] {processor.py:830} INFO - Processing file /home/newrey/airflow/airflow-env/lib/python3.10/site-packages/airflow/example_dags/example_bash_operator.py for tasks to queue
[2024-04-17T22:57:58.958+0700] {logging_mixin.py:188} INFO - [2024-04-17T22:57:58.958+0700] {dagbag.py:540} INFO - Filling up the DagBag from /home/newrey/airflow/airflow-env/lib/python3.10/site-packages/airflow/example_dags/example_bash_operator.py
[2024-04-17T22:57:58.969+0700] {processor.py:840} INFO - DAG(s) 'example_bash_operator' retrieved from /home/newrey/airflow/airflow-env/lib/python3.10/site-packages/airflow/example_dags/example_bash_operator.py
[2024-04-17T22:57:58.992+0700] {logging_mixin.py:188} INFO - [2024-04-17T22:57:58.991+0700] {dag.py:3096} INFO - Sync 1 DAGs
[2024-04-17T22:57:59.014+0700] {logging_mixin.py:188} INFO - [2024-04-17T22:57:59.014+0700] {dag.py:3954} INFO - Setting next_dagrun for example_bash_operator to 2024-04-16 00:00:00+00:00, run_after=2024-04-17 00:00:00+00:00
[2024-04-17T22:57:59.040+0700] {processor.py:183} INFO - Processing /home/newrey/airflow/airflow-env/lib/python3.10/site-packages/airflow/example_dags/example_bash_operator.py took 0.093 seconds
[2024-04-17T22:59:09.090+0700] {processor.py:161} INFO - Started process (PID=9983) to work on /home/newrey/airflow/airflow-env/lib/python3.10/site-packages/airflow/example_dags/example_bash_operator.py
[2024-04-17T22:59:09.092+0700] {processor.py:830} INFO - Processing file /home/newrey/airflow/airflow-env/lib/python3.10/site-packages/airflow/example_dags/example_bash_operator.py for tasks to queue
[2024-04-17T22:59:09.093+0700] {logging_mixin.py:188} INFO - [2024-04-17T22:59:09.093+0700] {dagbag.py:540} INFO - Filling up the DagBag from /home/newrey/airflow/airflow-env/lib/python3.10/site-packages/airflow/example_dags/example_bash_operator.py
[2024-04-17T22:59:09.103+0700] {processor.py:840} INFO - DAG(s) 'example_bash_operator' retrieved from /home/newrey/airflow/airflow-env/lib/python3.10/site-packages/airflow/example_dags/example_bash_operator.py
[2024-04-17T22:59:09.125+0700] {logging_mixin.py:188} INFO - [2024-04-17T22:59:09.124+0700] {dag.py:3096} INFO - Sync 1 DAGs
[2024-04-17T22:59:09.146+0700] {logging_mixin.py:188} INFO - [2024-04-17T22:59:09.146+0700] {dag.py:3954} INFO - Setting next_dagrun for example_bash_operator to 2024-04-16 00:00:00+00:00, run_after=2024-04-17 00:00:00+00:00
[2024-04-17T22:59:09.171+0700] {processor.py:183} INFO - Processing /home/newrey/airflow/airflow-env/lib/python3.10/site-packages/airflow/example_dags/example_bash_operator.py took 0.089 seconds
[2024-04-17T23:00:21.672+0700] {processor.py:161} INFO - Started process (PID=10263) to work on /home/newrey/airflow/airflow-env/lib/python3.10/site-packages/airflow/example_dags/example_bash_operator.py
[2024-04-17T23:00:21.673+0700] {processor.py:830} INFO - Processing file /home/newrey/airflow/airflow-env/lib/python3.10/site-packages/airflow/example_dags/example_bash_operator.py for tasks to queue
[2024-04-17T23:00:21.675+0700] {logging_mixin.py:188} INFO - [2024-04-17T23:00:21.674+0700] {dagbag.py:540} INFO - Filling up the DagBag from /home/newrey/airflow/airflow-env/lib/python3.10/site-packages/airflow/example_dags/example_bash_operator.py
[2024-04-17T23:00:21.685+0700] {processor.py:840} INFO - DAG(s) 'example_bash_operator' retrieved from /home/newrey/airflow/airflow-env/lib/python3.10/site-packages/airflow/example_dags/example_bash_operator.py
[2024-04-17T23:00:21.708+0700] {logging_mixin.py:188} INFO - [2024-04-17T23:00:21.708+0700] {dag.py:3096} INFO - Sync 1 DAGs
[2024-04-17T23:00:21.730+0700] {logging_mixin.py:188} INFO - [2024-04-17T23:00:21.730+0700] {dag.py:3954} INFO - Setting next_dagrun for example_bash_operator to 2024-04-16 00:00:00+00:00, run_after=2024-04-17 00:00:00+00:00
[2024-04-17T23:00:21.753+0700] {processor.py:183} INFO - Processing /home/newrey/airflow/airflow-env/lib/python3.10/site-packages/airflow/example_dags/example_bash_operator.py took 0.092 seconds
[2024-04-17T23:01:38.056+0700] {processor.py:161} INFO - Started process (PID=10562) to work on /home/newrey/airflow/airflow-env/lib/python3.10/site-packages/airflow/example_dags/example_bash_operator.py
[2024-04-17T23:01:38.058+0700] {processor.py:830} INFO - Processing file /home/newrey/airflow/airflow-env/lib/python3.10/site-packages/airflow/example_dags/example_bash_operator.py for tasks to queue
[2024-04-17T23:01:38.059+0700] {logging_mixin.py:188} INFO - [2024-04-17T23:01:38.059+0700] {dagbag.py:540} INFO - Filling up the DagBag from /home/newrey/airflow/airflow-env/lib/python3.10/site-packages/airflow/example_dags/example_bash_operator.py
[2024-04-17T23:01:38.069+0700] {processor.py:840} INFO - DAG(s) 'example_bash_operator' retrieved from /home/newrey/airflow/airflow-env/lib/python3.10/site-packages/airflow/example_dags/example_bash_operator.py
[2024-04-17T23:01:38.091+0700] {logging_mixin.py:188} INFO - [2024-04-17T23:01:38.090+0700] {dag.py:3096} INFO - Sync 1 DAGs
[2024-04-17T23:01:38.111+0700] {logging_mixin.py:188} INFO - [2024-04-17T23:01:38.111+0700] {dag.py:3954} INFO - Setting next_dagrun for example_bash_operator to 2024-04-16 00:00:00+00:00, run_after=2024-04-17 00:00:00+00:00
[2024-04-17T23:01:38.137+0700] {processor.py:183} INFO - Processing /home/newrey/airflow/airflow-env/lib/python3.10/site-packages/airflow/example_dags/example_bash_operator.py took 0.092 seconds
[2024-04-17T23:02:55.459+0700] {processor.py:161} INFO - Started process (PID=10782) to work on /home/newrey/airflow/airflow-env/lib/python3.10/site-packages/airflow/example_dags/example_bash_operator.py
[2024-04-17T23:02:55.461+0700] {processor.py:830} INFO - Processing file /home/newrey/airflow/airflow-env/lib/python3.10/site-packages/airflow/example_dags/example_bash_operator.py for tasks to queue
[2024-04-17T23:02:55.463+0700] {logging_mixin.py:188} INFO - [2024-04-17T23:02:55.462+0700] {dagbag.py:540} INFO - Filling up the DagBag from /home/newrey/airflow/airflow-env/lib/python3.10/site-packages/airflow/example_dags/example_bash_operator.py
[2024-04-17T23:02:55.472+0700] {processor.py:840} INFO - DAG(s) 'example_bash_operator' retrieved from /home/newrey/airflow/airflow-env/lib/python3.10/site-packages/airflow/example_dags/example_bash_operator.py
[2024-04-17T23:02:55.496+0700] {logging_mixin.py:188} INFO - [2024-04-17T23:02:55.495+0700] {dag.py:3096} INFO - Sync 1 DAGs
[2024-04-17T23:02:55.518+0700] {logging_mixin.py:188} INFO - [2024-04-17T23:02:55.518+0700] {dag.py:3954} INFO - Setting next_dagrun for example_bash_operator to 2024-04-16 00:00:00+00:00, run_after=2024-04-17 00:00:00+00:00
[2024-04-17T23:02:55.542+0700] {processor.py:183} INFO - Processing /home/newrey/airflow/airflow-env/lib/python3.10/site-packages/airflow/example_dags/example_bash_operator.py took 0.091 seconds
[2024-04-17T23:04:14.045+0700] {processor.py:161} INFO - Started process (PID=10968) to work on /home/newrey/airflow/airflow-env/lib/python3.10/site-packages/airflow/example_dags/example_bash_operator.py
[2024-04-17T23:04:14.052+0700] {processor.py:830} INFO - Processing file /home/newrey/airflow/airflow-env/lib/python3.10/site-packages/airflow/example_dags/example_bash_operator.py for tasks to queue
[2024-04-17T23:04:14.053+0700] {logging_mixin.py:188} INFO - [2024-04-17T23:04:14.053+0700] {dagbag.py:540} INFO - Filling up the DagBag from /home/newrey/airflow/airflow-env/lib/python3.10/site-packages/airflow/example_dags/example_bash_operator.py
[2024-04-17T23:04:14.072+0700] {processor.py:840} INFO - DAG(s) 'example_bash_operator' retrieved from /home/newrey/airflow/airflow-env/lib/python3.10/site-packages/airflow/example_dags/example_bash_operator.py
[2024-04-17T23:04:14.146+0700] {logging_mixin.py:188} INFO - [2024-04-17T23:04:14.145+0700] {dag.py:3096} INFO - Sync 1 DAGs
[2024-04-17T23:04:14.180+0700] {logging_mixin.py:188} INFO - [2024-04-17T23:04:14.179+0700] {dag.py:3954} INFO - Setting next_dagrun for example_bash_operator to 2024-04-16 00:00:00+00:00, run_after=2024-04-17 00:00:00+00:00
[2024-04-17T23:04:14.263+0700] {processor.py:183} INFO - Processing /home/newrey/airflow/airflow-env/lib/python3.10/site-packages/airflow/example_dags/example_bash_operator.py took 0.231 seconds
[2024-04-17T23:05:38.247+0700] {processor.py:161} INFO - Started process (PID=11190) to work on /home/newrey/airflow/airflow-env/lib/python3.10/site-packages/airflow/example_dags/example_bash_operator.py
[2024-04-17T23:05:38.250+0700] {processor.py:830} INFO - Processing file /home/newrey/airflow/airflow-env/lib/python3.10/site-packages/airflow/example_dags/example_bash_operator.py for tasks to queue
[2024-04-17T23:05:38.252+0700] {logging_mixin.py:188} INFO - [2024-04-17T23:05:38.251+0700] {dagbag.py:540} INFO - Filling up the DagBag from /home/newrey/airflow/airflow-env/lib/python3.10/site-packages/airflow/example_dags/example_bash_operator.py
[2024-04-17T23:05:38.268+0700] {processor.py:840} INFO - DAG(s) 'example_bash_operator' retrieved from /home/newrey/airflow/airflow-env/lib/python3.10/site-packages/airflow/example_dags/example_bash_operator.py
[2024-04-17T23:05:38.299+0700] {logging_mixin.py:188} INFO - [2024-04-17T23:05:38.299+0700] {dag.py:3096} INFO - Sync 1 DAGs
[2024-04-17T23:05:38.326+0700] {logging_mixin.py:188} INFO - [2024-04-17T23:05:38.326+0700] {dag.py:3954} INFO - Setting next_dagrun for example_bash_operator to 2024-04-16 00:00:00+00:00, run_after=2024-04-17 00:00:00+00:00
[2024-04-17T23:05:38.365+0700] {processor.py:183} INFO - Processing /home/newrey/airflow/airflow-env/lib/python3.10/site-packages/airflow/example_dags/example_bash_operator.py took 0.127 seconds
[2024-04-17T23:06:36.575+0700] {processor.py:161} INFO - Started process (PID=11324) to work on /home/newrey/airflow/airflow-env/lib/python3.10/site-packages/airflow/example_dags/example_bash_operator.py
[2024-04-17T23:06:36.576+0700] {processor.py:830} INFO - Processing file /home/newrey/airflow/airflow-env/lib/python3.10/site-packages/airflow/example_dags/example_bash_operator.py for tasks to queue
[2024-04-17T23:06:36.578+0700] {logging_mixin.py:188} INFO - [2024-04-17T23:06:36.577+0700] {dagbag.py:540} INFO - Filling up the DagBag from /home/newrey/airflow/airflow-env/lib/python3.10/site-packages/airflow/example_dags/example_bash_operator.py
[2024-04-17T23:06:36.594+0700] {processor.py:840} INFO - DAG(s) 'example_bash_operator' retrieved from /home/newrey/airflow/airflow-env/lib/python3.10/site-packages/airflow/example_dags/example_bash_operator.py
[2024-04-17T23:06:36.628+0700] {logging_mixin.py:188} INFO - [2024-04-17T23:06:36.628+0700] {dag.py:3096} INFO - Sync 1 DAGs
[2024-04-17T23:06:36.661+0700] {logging_mixin.py:188} INFO - [2024-04-17T23:06:36.661+0700] {dag.py:3954} INFO - Setting next_dagrun for example_bash_operator to 2024-04-16 00:00:00+00:00, run_after=2024-04-17 00:00:00+00:00
[2024-04-17T23:06:36.693+0700] {processor.py:183} INFO - Processing /home/newrey/airflow/airflow-env/lib/python3.10/site-packages/airflow/example_dags/example_bash_operator.py took 0.128 seconds
