[2024-04-17T22:42:28.903+0700] {processor.py:161} INFO - Started process (PID=4452) to work on /home/newrey/airflow/airflow-env/lib/python3.10/site-packages/airflow/example_dags/example_task_group_decorator.py
[2024-04-17T22:42:28.904+0700] {processor.py:830} INFO - Processing file /home/newrey/airflow/airflow-env/lib/python3.10/site-packages/airflow/example_dags/example_task_group_decorator.py for tasks to queue
[2024-04-17T22:42:28.905+0700] {logging_mixin.py:188} INFO - [2024-04-17T22:42:28.905+0700] {dagbag.py:540} INFO - Filling up the DagBag from /home/newrey/airflow/airflow-env/lib/python3.10/site-packages/airflow/example_dags/example_task_group_decorator.py
[2024-04-17T22:42:28.919+0700] {processor.py:840} INFO - DAG(s) 'example_task_group_decorator' retrieved from /home/newrey/airflow/airflow-env/lib/python3.10/site-packages/airflow/example_dags/example_task_group_decorator.py
[2024-04-17T22:42:28.925+0700] {logging_mixin.py:188} INFO - [2024-04-17T22:42:28.925+0700] {dag.py:3096} INFO - Sync 1 DAGs
[2024-04-17T22:42:28.943+0700] {logging_mixin.py:188} INFO - [2024-04-17T22:42:28.943+0700] {dag.py:3954} INFO - Setting next_dagrun for example_task_group_decorator to 2024-04-16 00:00:00+00:00, run_after=2024-04-17 00:00:00+00:00
[2024-04-17T22:42:28.967+0700] {processor.py:183} INFO - Processing /home/newrey/airflow/airflow-env/lib/python3.10/site-packages/airflow/example_dags/example_task_group_decorator.py took 0.069 seconds
[2024-04-17T22:43:25.097+0700] {processor.py:161} INFO - Started process (PID=4872) to work on /home/newrey/airflow/airflow-env/lib/python3.10/site-packages/airflow/example_dags/example_task_group_decorator.py
[2024-04-17T22:43:25.099+0700] {processor.py:830} INFO - Processing file /home/newrey/airflow/airflow-env/lib/python3.10/site-packages/airflow/example_dags/example_task_group_decorator.py for tasks to queue
[2024-04-17T22:43:25.101+0700] {logging_mixin.py:188} INFO - [2024-04-17T22:43:25.101+0700] {dagbag.py:540} INFO - Filling up the DagBag from /home/newrey/airflow/airflow-env/lib/python3.10/site-packages/airflow/example_dags/example_task_group_decorator.py
[2024-04-17T22:43:25.117+0700] {processor.py:840} INFO - DAG(s) 'example_task_group_decorator' retrieved from /home/newrey/airflow/airflow-env/lib/python3.10/site-packages/airflow/example_dags/example_task_group_decorator.py
[2024-04-17T22:43:25.302+0700] {logging_mixin.py:188} INFO - [2024-04-17T22:43:25.302+0700] {dag.py:3096} INFO - Sync 1 DAGs
[2024-04-17T22:43:25.319+0700] {logging_mixin.py:188} INFO - [2024-04-17T22:43:25.319+0700] {dag.py:3954} INFO - Setting next_dagrun for example_task_group_decorator to 2024-04-16 00:00:00+00:00, run_after=2024-04-17 00:00:00+00:00
[2024-04-17T22:43:25.339+0700] {processor.py:183} INFO - Processing /home/newrey/airflow/airflow-env/lib/python3.10/site-packages/airflow/example_dags/example_task_group_decorator.py took 0.248 seconds
[2024-04-17T22:44:28.292+0700] {processor.py:161} INFO - Started process (PID=5001) to work on /home/newrey/airflow/airflow-env/lib/python3.10/site-packages/airflow/example_dags/example_task_group_decorator.py
[2024-04-17T22:44:28.295+0700] {processor.py:830} INFO - Processing file /home/newrey/airflow/airflow-env/lib/python3.10/site-packages/airflow/example_dags/example_task_group_decorator.py for tasks to queue
[2024-04-17T22:44:28.297+0700] {logging_mixin.py:188} INFO - [2024-04-17T22:44:28.296+0700] {dagbag.py:540} INFO - Filling up the DagBag from /home/newrey/airflow/airflow-env/lib/python3.10/site-packages/airflow/example_dags/example_task_group_decorator.py
[2024-04-17T22:44:28.310+0700] {processor.py:840} INFO - DAG(s) 'example_task_group_decorator' retrieved from /home/newrey/airflow/airflow-env/lib/python3.10/site-packages/airflow/example_dags/example_task_group_decorator.py
[2024-04-17T22:44:28.334+0700] {logging_mixin.py:188} INFO - [2024-04-17T22:44:28.334+0700] {dag.py:3096} INFO - Sync 1 DAGs
[2024-04-17T22:44:28.440+0700] {logging_mixin.py:188} INFO - [2024-04-17T22:44:28.439+0700] {dag.py:3954} INFO - Setting next_dagrun for example_task_group_decorator to 2024-04-16 00:00:00+00:00, run_after=2024-04-17 00:00:00+00:00
[2024-04-17T22:44:28.466+0700] {processor.py:183} INFO - Processing /home/newrey/airflow/airflow-env/lib/python3.10/site-packages/airflow/example_dags/example_task_group_decorator.py took 0.182 seconds
[2024-04-17T22:45:23.016+0700] {processor.py:161} INFO - Started process (PID=5065) to work on /home/newrey/airflow/airflow-env/lib/python3.10/site-packages/airflow/example_dags/example_task_group_decorator.py
[2024-04-17T22:45:23.017+0700] {processor.py:830} INFO - Processing file /home/newrey/airflow/airflow-env/lib/python3.10/site-packages/airflow/example_dags/example_task_group_decorator.py for tasks to queue
[2024-04-17T22:45:23.019+0700] {logging_mixin.py:188} INFO - [2024-04-17T22:45:23.018+0700] {dagbag.py:540} INFO - Filling up the DagBag from /home/newrey/airflow/airflow-env/lib/python3.10/site-packages/airflow/example_dags/example_task_group_decorator.py
[2024-04-17T22:45:23.035+0700] {processor.py:840} INFO - DAG(s) 'example_task_group_decorator' retrieved from /home/newrey/airflow/airflow-env/lib/python3.10/site-packages/airflow/example_dags/example_task_group_decorator.py
[2024-04-17T22:45:23.063+0700] {logging_mixin.py:188} INFO - [2024-04-17T22:45:23.062+0700] {dag.py:3096} INFO - Sync 1 DAGs
[2024-04-17T22:45:23.086+0700] {logging_mixin.py:188} INFO - [2024-04-17T22:45:23.086+0700] {dag.py:3954} INFO - Setting next_dagrun for example_task_group_decorator to 2024-04-16 00:00:00+00:00, run_after=2024-04-17 00:00:00+00:00
[2024-04-17T22:45:23.113+0700] {processor.py:183} INFO - Processing /home/newrey/airflow/airflow-env/lib/python3.10/site-packages/airflow/example_dags/example_task_group_decorator.py took 0.107 seconds
[2024-04-17T22:46:13.197+0700] {processor.py:161} INFO - Started process (PID=5188) to work on /home/newrey/airflow/airflow-env/lib/python3.10/site-packages/airflow/example_dags/example_task_group_decorator.py
[2024-04-17T22:46:13.199+0700] {processor.py:830} INFO - Processing file /home/newrey/airflow/airflow-env/lib/python3.10/site-packages/airflow/example_dags/example_task_group_decorator.py for tasks to queue
[2024-04-17T22:46:13.200+0700] {logging_mixin.py:188} INFO - [2024-04-17T22:46:13.200+0700] {dagbag.py:540} INFO - Filling up the DagBag from /home/newrey/airflow/airflow-env/lib/python3.10/site-packages/airflow/example_dags/example_task_group_decorator.py
[2024-04-17T22:46:13.213+0700] {processor.py:840} INFO - DAG(s) 'example_task_group_decorator' retrieved from /home/newrey/airflow/airflow-env/lib/python3.10/site-packages/airflow/example_dags/example_task_group_decorator.py
[2024-04-17T22:46:13.235+0700] {logging_mixin.py:188} INFO - [2024-04-17T22:46:13.235+0700] {dag.py:3096} INFO - Sync 1 DAGs
[2024-04-17T22:46:13.253+0700] {logging_mixin.py:188} INFO - [2024-04-17T22:46:13.253+0700] {dag.py:3954} INFO - Setting next_dagrun for example_task_group_decorator to 2024-04-16 00:00:00+00:00, run_after=2024-04-17 00:00:00+00:00
[2024-04-17T22:46:13.274+0700] {processor.py:183} INFO - Processing /home/newrey/airflow/airflow-env/lib/python3.10/site-packages/airflow/example_dags/example_task_group_decorator.py took 0.086 seconds
[2024-04-17T22:47:03.861+0700] {processor.py:161} INFO - Started process (PID=5424) to work on /home/newrey/airflow/airflow-env/lib/python3.10/site-packages/airflow/example_dags/example_task_group_decorator.py
[2024-04-17T22:47:03.862+0700] {processor.py:830} INFO - Processing file /home/newrey/airflow/airflow-env/lib/python3.10/site-packages/airflow/example_dags/example_task_group_decorator.py for tasks to queue
[2024-04-17T22:47:03.864+0700] {logging_mixin.py:188} INFO - [2024-04-17T22:47:03.863+0700] {dagbag.py:540} INFO - Filling up the DagBag from /home/newrey/airflow/airflow-env/lib/python3.10/site-packages/airflow/example_dags/example_task_group_decorator.py
[2024-04-17T22:47:03.879+0700] {processor.py:840} INFO - DAG(s) 'example_task_group_decorator' retrieved from /home/newrey/airflow/airflow-env/lib/python3.10/site-packages/airflow/example_dags/example_task_group_decorator.py
[2024-04-17T22:47:03.902+0700] {logging_mixin.py:188} INFO - [2024-04-17T22:47:03.901+0700] {dag.py:3096} INFO - Sync 1 DAGs
[2024-04-17T22:47:03.922+0700] {logging_mixin.py:188} INFO - [2024-04-17T22:47:03.922+0700] {dag.py:3954} INFO - Setting next_dagrun for example_task_group_decorator to 2024-04-16 00:00:00+00:00, run_after=2024-04-17 00:00:00+00:00
[2024-04-17T22:47:03.945+0700] {processor.py:183} INFO - Processing /home/newrey/airflow/airflow-env/lib/python3.10/site-packages/airflow/example_dags/example_task_group_decorator.py took 0.093 seconds
[2024-04-17T22:47:50.847+0700] {processor.py:161} INFO - Started process (PID=5739) to work on /home/newrey/airflow/airflow-env/lib/python3.10/site-packages/airflow/example_dags/example_task_group_decorator.py
[2024-04-17T22:47:50.849+0700] {processor.py:830} INFO - Processing file /home/newrey/airflow/airflow-env/lib/python3.10/site-packages/airflow/example_dags/example_task_group_decorator.py for tasks to queue
[2024-04-17T22:47:50.851+0700] {logging_mixin.py:188} INFO - [2024-04-17T22:47:50.850+0700] {dagbag.py:540} INFO - Filling up the DagBag from /home/newrey/airflow/airflow-env/lib/python3.10/site-packages/airflow/example_dags/example_task_group_decorator.py
[2024-04-17T22:47:50.864+0700] {processor.py:840} INFO - DAG(s) 'example_task_group_decorator' retrieved from /home/newrey/airflow/airflow-env/lib/python3.10/site-packages/airflow/example_dags/example_task_group_decorator.py
[2024-04-17T22:47:50.882+0700] {logging_mixin.py:188} INFO - [2024-04-17T22:47:50.882+0700] {dag.py:3096} INFO - Sync 1 DAGs
[2024-04-17T22:47:50.904+0700] {logging_mixin.py:188} INFO - [2024-04-17T22:47:50.904+0700] {dag.py:3954} INFO - Setting next_dagrun for example_task_group_decorator to 2024-04-16 00:00:00+00:00, run_after=2024-04-17 00:00:00+00:00
[2024-04-17T22:47:50.929+0700] {processor.py:183} INFO - Processing /home/newrey/airflow/airflow-env/lib/python3.10/site-packages/airflow/example_dags/example_task_group_decorator.py took 0.091 seconds
[2024-04-17T22:48:39.117+0700] {processor.py:161} INFO - Started process (PID=6042) to work on /home/newrey/airflow/airflow-env/lib/python3.10/site-packages/airflow/example_dags/example_task_group_decorator.py
[2024-04-17T22:48:39.118+0700] {processor.py:830} INFO - Processing file /home/newrey/airflow/airflow-env/lib/python3.10/site-packages/airflow/example_dags/example_task_group_decorator.py for tasks to queue
[2024-04-17T22:48:39.119+0700] {logging_mixin.py:188} INFO - [2024-04-17T22:48:39.119+0700] {dagbag.py:540} INFO - Filling up the DagBag from /home/newrey/airflow/airflow-env/lib/python3.10/site-packages/airflow/example_dags/example_task_group_decorator.py
[2024-04-17T22:48:39.131+0700] {processor.py:840} INFO - DAG(s) 'example_task_group_decorator' retrieved from /home/newrey/airflow/airflow-env/lib/python3.10/site-packages/airflow/example_dags/example_task_group_decorator.py
[2024-04-17T22:48:39.150+0700] {logging_mixin.py:188} INFO - [2024-04-17T22:48:39.150+0700] {dag.py:3096} INFO - Sync 1 DAGs
[2024-04-17T22:48:39.170+0700] {logging_mixin.py:188} INFO - [2024-04-17T22:48:39.170+0700] {dag.py:3954} INFO - Setting next_dagrun for example_task_group_decorator to 2024-04-16 00:00:00+00:00, run_after=2024-04-17 00:00:00+00:00
[2024-04-17T22:48:39.196+0700] {processor.py:183} INFO - Processing /home/newrey/airflow/airflow-env/lib/python3.10/site-packages/airflow/example_dags/example_task_group_decorator.py took 0.087 seconds
[2024-04-17T22:49:30.946+0700] {processor.py:161} INFO - Started process (PID=6481) to work on /home/newrey/airflow/airflow-env/lib/python3.10/site-packages/airflow/example_dags/example_task_group_decorator.py
[2024-04-17T22:49:30.948+0700] {processor.py:830} INFO - Processing file /home/newrey/airflow/airflow-env/lib/python3.10/site-packages/airflow/example_dags/example_task_group_decorator.py for tasks to queue
[2024-04-17T22:49:30.949+0700] {logging_mixin.py:188} INFO - [2024-04-17T22:49:30.949+0700] {dagbag.py:540} INFO - Filling up the DagBag from /home/newrey/airflow/airflow-env/lib/python3.10/site-packages/airflow/example_dags/example_task_group_decorator.py
[2024-04-17T22:49:30.964+0700] {processor.py:840} INFO - DAG(s) 'example_task_group_decorator' retrieved from /home/newrey/airflow/airflow-env/lib/python3.10/site-packages/airflow/example_dags/example_task_group_decorator.py
[2024-04-17T22:49:30.986+0700] {logging_mixin.py:188} INFO - [2024-04-17T22:49:30.986+0700] {dag.py:3096} INFO - Sync 1 DAGs
[2024-04-17T22:49:31.011+0700] {logging_mixin.py:188} INFO - [2024-04-17T22:49:31.011+0700] {dag.py:3954} INFO - Setting next_dagrun for example_task_group_decorator to 2024-04-16 00:00:00+00:00, run_after=2024-04-17 00:00:00+00:00
[2024-04-17T22:49:31.035+0700] {processor.py:183} INFO - Processing /home/newrey/airflow/airflow-env/lib/python3.10/site-packages/airflow/example_dags/example_task_group_decorator.py took 0.100 seconds
[2024-04-17T22:50:17.897+0700] {processor.py:161} INFO - Started process (PID=6546) to work on /home/newrey/airflow/airflow-env/lib/python3.10/site-packages/airflow/example_dags/example_task_group_decorator.py
[2024-04-17T22:50:17.898+0700] {processor.py:830} INFO - Processing file /home/newrey/airflow/airflow-env/lib/python3.10/site-packages/airflow/example_dags/example_task_group_decorator.py for tasks to queue
[2024-04-17T22:50:17.900+0700] {logging_mixin.py:188} INFO - [2024-04-17T22:50:17.899+0700] {dagbag.py:540} INFO - Filling up the DagBag from /home/newrey/airflow/airflow-env/lib/python3.10/site-packages/airflow/example_dags/example_task_group_decorator.py
[2024-04-17T22:50:17.913+0700] {processor.py:840} INFO - DAG(s) 'example_task_group_decorator' retrieved from /home/newrey/airflow/airflow-env/lib/python3.10/site-packages/airflow/example_dags/example_task_group_decorator.py
[2024-04-17T22:50:17.932+0700] {logging_mixin.py:188} INFO - [2024-04-17T22:50:17.932+0700] {dag.py:3096} INFO - Sync 1 DAGs
[2024-04-17T22:50:17.955+0700] {logging_mixin.py:188} INFO - [2024-04-17T22:50:17.955+0700] {dag.py:3954} INFO - Setting next_dagrun for example_task_group_decorator to 2024-04-16 00:00:00+00:00, run_after=2024-04-17 00:00:00+00:00
[2024-04-17T22:50:17.977+0700] {processor.py:183} INFO - Processing /home/newrey/airflow/airflow-env/lib/python3.10/site-packages/airflow/example_dags/example_task_group_decorator.py took 0.088 seconds
[2024-04-17T22:51:05.762+0700] {processor.py:161} INFO - Started process (PID=6832) to work on /home/newrey/airflow/airflow-env/lib/python3.10/site-packages/airflow/example_dags/example_task_group_decorator.py
[2024-04-17T22:51:05.763+0700] {processor.py:830} INFO - Processing file /home/newrey/airflow/airflow-env/lib/python3.10/site-packages/airflow/example_dags/example_task_group_decorator.py for tasks to queue
[2024-04-17T22:51:05.765+0700] {logging_mixin.py:188} INFO - [2024-04-17T22:51:05.764+0700] {dagbag.py:540} INFO - Filling up the DagBag from /home/newrey/airflow/airflow-env/lib/python3.10/site-packages/airflow/example_dags/example_task_group_decorator.py
[2024-04-17T22:51:05.782+0700] {processor.py:840} INFO - DAG(s) 'example_task_group_decorator' retrieved from /home/newrey/airflow/airflow-env/lib/python3.10/site-packages/airflow/example_dags/example_task_group_decorator.py
[2024-04-17T22:51:05.805+0700] {logging_mixin.py:188} INFO - [2024-04-17T22:51:05.805+0700] {dag.py:3096} INFO - Sync 1 DAGs
[2024-04-17T22:51:05.828+0700] {logging_mixin.py:188} INFO - [2024-04-17T22:51:05.828+0700] {dag.py:3954} INFO - Setting next_dagrun for example_task_group_decorator to 2024-04-16 00:00:00+00:00, run_after=2024-04-17 00:00:00+00:00
[2024-04-17T22:51:05.853+0700] {processor.py:183} INFO - Processing /home/newrey/airflow/airflow-env/lib/python3.10/site-packages/airflow/example_dags/example_task_group_decorator.py took 0.102 seconds
[2024-04-17T22:51:48.060+0700] {processor.py:161} INFO - Started process (PID=7428) to work on /home/newrey/airflow/airflow-env/lib/python3.10/site-packages/airflow/example_dags/example_task_group_decorator.py
[2024-04-17T22:51:48.063+0700] {processor.py:830} INFO - Processing file /home/newrey/airflow/airflow-env/lib/python3.10/site-packages/airflow/example_dags/example_task_group_decorator.py for tasks to queue
[2024-04-17T22:51:48.064+0700] {logging_mixin.py:188} INFO - [2024-04-17T22:51:48.064+0700] {dagbag.py:540} INFO - Filling up the DagBag from /home/newrey/airflow/airflow-env/lib/python3.10/site-packages/airflow/example_dags/example_task_group_decorator.py
[2024-04-17T22:51:48.078+0700] {processor.py:840} INFO - DAG(s) 'example_task_group_decorator' retrieved from /home/newrey/airflow/airflow-env/lib/python3.10/site-packages/airflow/example_dags/example_task_group_decorator.py
[2024-04-17T22:51:48.098+0700] {logging_mixin.py:188} INFO - [2024-04-17T22:51:48.098+0700] {dag.py:3096} INFO - Sync 1 DAGs
[2024-04-17T22:51:48.119+0700] {logging_mixin.py:188} INFO - [2024-04-17T22:51:48.119+0700] {dag.py:3954} INFO - Setting next_dagrun for example_task_group_decorator to 2024-04-16 00:00:00+00:00, run_after=2024-04-17 00:00:00+00:00
[2024-04-17T22:51:48.149+0700] {processor.py:183} INFO - Processing /home/newrey/airflow/airflow-env/lib/python3.10/site-packages/airflow/example_dags/example_task_group_decorator.py took 0.098 seconds
[2024-04-17T22:52:25.453+0700] {processor.py:161} INFO - Started process (PID=7937) to work on /home/newrey/airflow/airflow-env/lib/python3.10/site-packages/airflow/example_dags/example_task_group_decorator.py
[2024-04-17T22:52:25.454+0700] {processor.py:830} INFO - Processing file /home/newrey/airflow/airflow-env/lib/python3.10/site-packages/airflow/example_dags/example_task_group_decorator.py for tasks to queue
[2024-04-17T22:52:25.455+0700] {logging_mixin.py:188} INFO - [2024-04-17T22:52:25.455+0700] {dagbag.py:540} INFO - Filling up the DagBag from /home/newrey/airflow/airflow-env/lib/python3.10/site-packages/airflow/example_dags/example_task_group_decorator.py
[2024-04-17T22:52:25.471+0700] {processor.py:840} INFO - DAG(s) 'example_task_group_decorator' retrieved from /home/newrey/airflow/airflow-env/lib/python3.10/site-packages/airflow/example_dags/example_task_group_decorator.py
[2024-04-17T22:52:25.498+0700] {logging_mixin.py:188} INFO - [2024-04-17T22:52:25.497+0700] {dag.py:3096} INFO - Sync 1 DAGs
[2024-04-17T22:52:25.520+0700] {logging_mixin.py:188} INFO - [2024-04-17T22:52:25.519+0700] {dag.py:3954} INFO - Setting next_dagrun for example_task_group_decorator to 2024-04-16 00:00:00+00:00, run_after=2024-04-17 00:00:00+00:00
[2024-04-17T22:52:25.547+0700] {processor.py:183} INFO - Processing /home/newrey/airflow/airflow-env/lib/python3.10/site-packages/airflow/example_dags/example_task_group_decorator.py took 0.104 seconds
[2024-04-17T22:53:15.635+0700] {processor.py:161} INFO - Started process (PID=8611) to work on /home/newrey/airflow/airflow-env/lib/python3.10/site-packages/airflow/example_dags/example_task_group_decorator.py
[2024-04-17T22:53:15.636+0700] {processor.py:830} INFO - Processing file /home/newrey/airflow/airflow-env/lib/python3.10/site-packages/airflow/example_dags/example_task_group_decorator.py for tasks to queue
[2024-04-17T22:53:15.638+0700] {logging_mixin.py:188} INFO - [2024-04-17T22:53:15.637+0700] {dagbag.py:540} INFO - Filling up the DagBag from /home/newrey/airflow/airflow-env/lib/python3.10/site-packages/airflow/example_dags/example_task_group_decorator.py
[2024-04-17T22:53:15.655+0700] {processor.py:840} INFO - DAG(s) 'example_task_group_decorator' retrieved from /home/newrey/airflow/airflow-env/lib/python3.10/site-packages/airflow/example_dags/example_task_group_decorator.py
[2024-04-17T22:53:15.679+0700] {logging_mixin.py:188} INFO - [2024-04-17T22:53:15.678+0700] {dag.py:3096} INFO - Sync 1 DAGs
[2024-04-17T22:53:15.699+0700] {logging_mixin.py:188} INFO - [2024-04-17T22:53:15.699+0700] {dag.py:3954} INFO - Setting next_dagrun for example_task_group_decorator to 2024-04-16 00:00:00+00:00, run_after=2024-04-17 00:00:00+00:00
[2024-04-17T22:53:15.727+0700] {processor.py:183} INFO - Processing /home/newrey/airflow/airflow-env/lib/python3.10/site-packages/airflow/example_dags/example_task_group_decorator.py took 0.099 seconds
[2024-04-17T22:54:16.003+0700] {processor.py:161} INFO - Started process (PID=9150) to work on /home/newrey/airflow/airflow-env/lib/python3.10/site-packages/airflow/example_dags/example_task_group_decorator.py
[2024-04-17T22:54:16.005+0700] {processor.py:830} INFO - Processing file /home/newrey/airflow/airflow-env/lib/python3.10/site-packages/airflow/example_dags/example_task_group_decorator.py for tasks to queue
[2024-04-17T22:54:16.006+0700] {logging_mixin.py:188} INFO - [2024-04-17T22:54:16.006+0700] {dagbag.py:540} INFO - Filling up the DagBag from /home/newrey/airflow/airflow-env/lib/python3.10/site-packages/airflow/example_dags/example_task_group_decorator.py
[2024-04-17T22:54:16.019+0700] {processor.py:840} INFO - DAG(s) 'example_task_group_decorator' retrieved from /home/newrey/airflow/airflow-env/lib/python3.10/site-packages/airflow/example_dags/example_task_group_decorator.py
[2024-04-17T22:54:16.045+0700] {logging_mixin.py:188} INFO - [2024-04-17T22:54:16.045+0700] {dag.py:3096} INFO - Sync 1 DAGs
[2024-04-17T22:54:16.065+0700] {logging_mixin.py:188} INFO - [2024-04-17T22:54:16.065+0700] {dag.py:3954} INFO - Setting next_dagrun for example_task_group_decorator to 2024-04-16 00:00:00+00:00, run_after=2024-04-17 00:00:00+00:00
[2024-04-17T22:54:16.091+0700] {processor.py:183} INFO - Processing /home/newrey/airflow/airflow-env/lib/python3.10/site-packages/airflow/example_dags/example_task_group_decorator.py took 0.097 seconds
[2024-04-17T22:55:05.212+0700] {processor.py:161} INFO - Started process (PID=9281) to work on /home/newrey/airflow/airflow-env/lib/python3.10/site-packages/airflow/example_dags/example_task_group_decorator.py
[2024-04-17T22:55:05.213+0700] {processor.py:830} INFO - Processing file /home/newrey/airflow/airflow-env/lib/python3.10/site-packages/airflow/example_dags/example_task_group_decorator.py for tasks to queue
[2024-04-17T22:55:05.214+0700] {logging_mixin.py:188} INFO - [2024-04-17T22:55:05.214+0700] {dagbag.py:540} INFO - Filling up the DagBag from /home/newrey/airflow/airflow-env/lib/python3.10/site-packages/airflow/example_dags/example_task_group_decorator.py
[2024-04-17T22:55:05.234+0700] {processor.py:840} INFO - DAG(s) 'example_task_group_decorator' retrieved from /home/newrey/airflow/airflow-env/lib/python3.10/site-packages/airflow/example_dags/example_task_group_decorator.py
[2024-04-17T22:55:05.253+0700] {logging_mixin.py:188} INFO - [2024-04-17T22:55:05.253+0700] {dag.py:3096} INFO - Sync 1 DAGs
[2024-04-17T22:55:05.272+0700] {logging_mixin.py:188} INFO - [2024-04-17T22:55:05.271+0700] {dag.py:3954} INFO - Setting next_dagrun for example_task_group_decorator to 2024-04-16 00:00:00+00:00, run_after=2024-04-17 00:00:00+00:00
[2024-04-17T22:55:05.301+0700] {processor.py:183} INFO - Processing /home/newrey/airflow/airflow-env/lib/python3.10/site-packages/airflow/example_dags/example_task_group_decorator.py took 0.099 seconds
[2024-04-17T22:55:48.867+0700] {processor.py:161} INFO - Started process (PID=9403) to work on /home/newrey/airflow/airflow-env/lib/python3.10/site-packages/airflow/example_dags/example_task_group_decorator.py
[2024-04-17T22:55:48.868+0700] {processor.py:830} INFO - Processing file /home/newrey/airflow/airflow-env/lib/python3.10/site-packages/airflow/example_dags/example_task_group_decorator.py for tasks to queue
[2024-04-17T22:55:48.870+0700] {logging_mixin.py:188} INFO - [2024-04-17T22:55:48.869+0700] {dagbag.py:540} INFO - Filling up the DagBag from /home/newrey/airflow/airflow-env/lib/python3.10/site-packages/airflow/example_dags/example_task_group_decorator.py
[2024-04-17T22:55:48.882+0700] {processor.py:840} INFO - DAG(s) 'example_task_group_decorator' retrieved from /home/newrey/airflow/airflow-env/lib/python3.10/site-packages/airflow/example_dags/example_task_group_decorator.py
[2024-04-17T22:55:48.903+0700] {logging_mixin.py:188} INFO - [2024-04-17T22:55:48.902+0700] {dag.py:3096} INFO - Sync 1 DAGs
[2024-04-17T22:55:48.923+0700] {logging_mixin.py:188} INFO - [2024-04-17T22:55:48.922+0700] {dag.py:3954} INFO - Setting next_dagrun for example_task_group_decorator to 2024-04-16 00:00:00+00:00, run_after=2024-04-17 00:00:00+00:00
[2024-04-17T22:55:48.946+0700] {processor.py:183} INFO - Processing /home/newrey/airflow/airflow-env/lib/python3.10/site-packages/airflow/example_dags/example_task_group_decorator.py took 0.088 seconds
[2024-04-17T22:56:37.158+0700] {processor.py:161} INFO - Started process (PID=9530) to work on /home/newrey/airflow/airflow-env/lib/python3.10/site-packages/airflow/example_dags/example_task_group_decorator.py
[2024-04-17T22:56:37.159+0700] {processor.py:830} INFO - Processing file /home/newrey/airflow/airflow-env/lib/python3.10/site-packages/airflow/example_dags/example_task_group_decorator.py for tasks to queue
[2024-04-17T22:56:37.161+0700] {logging_mixin.py:188} INFO - [2024-04-17T22:56:37.160+0700] {dagbag.py:540} INFO - Filling up the DagBag from /home/newrey/airflow/airflow-env/lib/python3.10/site-packages/airflow/example_dags/example_task_group_decorator.py
[2024-04-17T22:56:37.173+0700] {processor.py:840} INFO - DAG(s) 'example_task_group_decorator' retrieved from /home/newrey/airflow/airflow-env/lib/python3.10/site-packages/airflow/example_dags/example_task_group_decorator.py
[2024-04-17T22:56:37.195+0700] {logging_mixin.py:188} INFO - [2024-04-17T22:56:37.194+0700] {dag.py:3096} INFO - Sync 1 DAGs
[2024-04-17T22:56:37.215+0700] {logging_mixin.py:188} INFO - [2024-04-17T22:56:37.214+0700] {dag.py:3954} INFO - Setting next_dagrun for example_task_group_decorator to 2024-04-16 00:00:00+00:00, run_after=2024-04-17 00:00:00+00:00
[2024-04-17T22:56:37.240+0700] {processor.py:183} INFO - Processing /home/newrey/airflow/airflow-env/lib/python3.10/site-packages/airflow/example_dags/example_task_group_decorator.py took 0.096 seconds
[2024-04-17T22:57:22.262+0700] {processor.py:161} INFO - Started process (PID=9592) to work on /home/newrey/airflow/airflow-env/lib/python3.10/site-packages/airflow/example_dags/example_task_group_decorator.py
[2024-04-17T22:57:22.265+0700] {processor.py:830} INFO - Processing file /home/newrey/airflow/airflow-env/lib/python3.10/site-packages/airflow/example_dags/example_task_group_decorator.py for tasks to queue
[2024-04-17T22:57:22.267+0700] {logging_mixin.py:188} INFO - [2024-04-17T22:57:22.267+0700] {dagbag.py:540} INFO - Filling up the DagBag from /home/newrey/airflow/airflow-env/lib/python3.10/site-packages/airflow/example_dags/example_task_group_decorator.py
[2024-04-17T22:57:22.287+0700] {processor.py:840} INFO - DAG(s) 'example_task_group_decorator' retrieved from /home/newrey/airflow/airflow-env/lib/python3.10/site-packages/airflow/example_dags/example_task_group_decorator.py
[2024-04-17T22:57:22.308+0700] {logging_mixin.py:188} INFO - [2024-04-17T22:57:22.307+0700] {dag.py:3096} INFO - Sync 1 DAGs
[2024-04-17T22:57:22.330+0700] {logging_mixin.py:188} INFO - [2024-04-17T22:57:22.330+0700] {dag.py:3954} INFO - Setting next_dagrun for example_task_group_decorator to 2024-04-16 00:00:00+00:00, run_after=2024-04-17 00:00:00+00:00
[2024-04-17T22:57:22.352+0700] {processor.py:183} INFO - Processing /home/newrey/airflow/airflow-env/lib/python3.10/site-packages/airflow/example_dags/example_task_group_decorator.py took 0.099 seconds
[2024-04-17T22:58:08.293+0700] {processor.py:161} INFO - Started process (PID=9777) to work on /home/newrey/airflow/airflow-env/lib/python3.10/site-packages/airflow/example_dags/example_task_group_decorator.py
[2024-04-17T22:58:08.294+0700] {processor.py:830} INFO - Processing file /home/newrey/airflow/airflow-env/lib/python3.10/site-packages/airflow/example_dags/example_task_group_decorator.py for tasks to queue
[2024-04-17T22:58:08.296+0700] {logging_mixin.py:188} INFO - [2024-04-17T22:58:08.295+0700] {dagbag.py:540} INFO - Filling up the DagBag from /home/newrey/airflow/airflow-env/lib/python3.10/site-packages/airflow/example_dags/example_task_group_decorator.py
[2024-04-17T22:58:08.309+0700] {processor.py:840} INFO - DAG(s) 'example_task_group_decorator' retrieved from /home/newrey/airflow/airflow-env/lib/python3.10/site-packages/airflow/example_dags/example_task_group_decorator.py
[2024-04-17T22:58:08.329+0700] {logging_mixin.py:188} INFO - [2024-04-17T22:58:08.328+0700] {dag.py:3096} INFO - Sync 1 DAGs
[2024-04-17T22:58:08.349+0700] {logging_mixin.py:188} INFO - [2024-04-17T22:58:08.348+0700] {dag.py:3954} INFO - Setting next_dagrun for example_task_group_decorator to 2024-04-16 00:00:00+00:00, run_after=2024-04-17 00:00:00+00:00
[2024-04-17T22:58:08.372+0700] {processor.py:183} INFO - Processing /home/newrey/airflow/airflow-env/lib/python3.10/site-packages/airflow/example_dags/example_task_group_decorator.py took 0.088 seconds
[2024-04-17T22:58:55.290+0700] {processor.py:161} INFO - Started process (PID=9968) to work on /home/newrey/airflow/airflow-env/lib/python3.10/site-packages/airflow/example_dags/example_task_group_decorator.py
[2024-04-17T22:58:55.292+0700] {processor.py:830} INFO - Processing file /home/newrey/airflow/airflow-env/lib/python3.10/site-packages/airflow/example_dags/example_task_group_decorator.py for tasks to queue
[2024-04-17T22:58:55.295+0700] {logging_mixin.py:188} INFO - [2024-04-17T22:58:55.294+0700] {dagbag.py:540} INFO - Filling up the DagBag from /home/newrey/airflow/airflow-env/lib/python3.10/site-packages/airflow/example_dags/example_task_group_decorator.py
[2024-04-17T22:58:55.328+0700] {processor.py:840} INFO - DAG(s) 'example_task_group_decorator' retrieved from /home/newrey/airflow/airflow-env/lib/python3.10/site-packages/airflow/example_dags/example_task_group_decorator.py
[2024-04-17T22:58:55.355+0700] {logging_mixin.py:188} INFO - [2024-04-17T22:58:55.355+0700] {dag.py:3096} INFO - Sync 1 DAGs
[2024-04-17T22:58:55.396+0700] {logging_mixin.py:188} INFO - [2024-04-17T22:58:55.395+0700] {dag.py:3954} INFO - Setting next_dagrun for example_task_group_decorator to 2024-04-16 00:00:00+00:00, run_after=2024-04-17 00:00:00+00:00
[2024-04-17T22:58:55.470+0700] {processor.py:183} INFO - Processing /home/newrey/airflow/airflow-env/lib/python3.10/site-packages/airflow/example_dags/example_task_group_decorator.py took 0.202 seconds
[2024-04-17T22:59:41.296+0700] {processor.py:161} INFO - Started process (PID=10159) to work on /home/newrey/airflow/airflow-env/lib/python3.10/site-packages/airflow/example_dags/example_task_group_decorator.py
[2024-04-17T22:59:41.297+0700] {processor.py:830} INFO - Processing file /home/newrey/airflow/airflow-env/lib/python3.10/site-packages/airflow/example_dags/example_task_group_decorator.py for tasks to queue
[2024-04-17T22:59:41.298+0700] {logging_mixin.py:188} INFO - [2024-04-17T22:59:41.298+0700] {dagbag.py:540} INFO - Filling up the DagBag from /home/newrey/airflow/airflow-env/lib/python3.10/site-packages/airflow/example_dags/example_task_group_decorator.py
[2024-04-17T22:59:41.314+0700] {processor.py:840} INFO - DAG(s) 'example_task_group_decorator' retrieved from /home/newrey/airflow/airflow-env/lib/python3.10/site-packages/airflow/example_dags/example_task_group_decorator.py
[2024-04-17T22:59:41.335+0700] {logging_mixin.py:188} INFO - [2024-04-17T22:59:41.335+0700] {dag.py:3096} INFO - Sync 1 DAGs
[2024-04-17T22:59:41.358+0700] {logging_mixin.py:188} INFO - [2024-04-17T22:59:41.357+0700] {dag.py:3954} INFO - Setting next_dagrun for example_task_group_decorator to 2024-04-16 00:00:00+00:00, run_after=2024-04-17 00:00:00+00:00
[2024-04-17T22:59:41.382+0700] {processor.py:183} INFO - Processing /home/newrey/airflow/airflow-env/lib/python3.10/site-packages/airflow/example_dags/example_task_group_decorator.py took 0.097 seconds
[2024-04-17T23:00:30.595+0700] {processor.py:161} INFO - Started process (PID=10412) to work on /home/newrey/airflow/airflow-env/lib/python3.10/site-packages/airflow/example_dags/example_task_group_decorator.py
[2024-04-17T23:00:30.596+0700] {processor.py:830} INFO - Processing file /home/newrey/airflow/airflow-env/lib/python3.10/site-packages/airflow/example_dags/example_task_group_decorator.py for tasks to queue
[2024-04-17T23:00:30.599+0700] {logging_mixin.py:188} INFO - [2024-04-17T23:00:30.598+0700] {dagbag.py:540} INFO - Filling up the DagBag from /home/newrey/airflow/airflow-env/lib/python3.10/site-packages/airflow/example_dags/example_task_group_decorator.py
[2024-04-17T23:00:30.613+0700] {processor.py:840} INFO - DAG(s) 'example_task_group_decorator' retrieved from /home/newrey/airflow/airflow-env/lib/python3.10/site-packages/airflow/example_dags/example_task_group_decorator.py
[2024-04-17T23:00:30.638+0700] {logging_mixin.py:188} INFO - [2024-04-17T23:00:30.638+0700] {dag.py:3096} INFO - Sync 1 DAGs
[2024-04-17T23:00:30.660+0700] {logging_mixin.py:188} INFO - [2024-04-17T23:00:30.660+0700] {dag.py:3954} INFO - Setting next_dagrun for example_task_group_decorator to 2024-04-16 00:00:00+00:00, run_after=2024-04-17 00:00:00+00:00
[2024-04-17T23:00:30.686+0700] {processor.py:183} INFO - Processing /home/newrey/airflow/airflow-env/lib/python3.10/site-packages/airflow/example_dags/example_task_group_decorator.py took 0.099 seconds
[2024-04-17T23:01:22.300+0700] {processor.py:161} INFO - Started process (PID=10484) to work on /home/newrey/airflow/airflow-env/lib/python3.10/site-packages/airflow/example_dags/example_task_group_decorator.py
[2024-04-17T23:01:22.301+0700] {processor.py:830} INFO - Processing file /home/newrey/airflow/airflow-env/lib/python3.10/site-packages/airflow/example_dags/example_task_group_decorator.py for tasks to queue
[2024-04-17T23:01:22.303+0700] {logging_mixin.py:188} INFO - [2024-04-17T23:01:22.302+0700] {dagbag.py:540} INFO - Filling up the DagBag from /home/newrey/airflow/airflow-env/lib/python3.10/site-packages/airflow/example_dags/example_task_group_decorator.py
[2024-04-17T23:01:22.318+0700] {processor.py:840} INFO - DAG(s) 'example_task_group_decorator' retrieved from /home/newrey/airflow/airflow-env/lib/python3.10/site-packages/airflow/example_dags/example_task_group_decorator.py
[2024-04-17T23:01:22.340+0700] {logging_mixin.py:188} INFO - [2024-04-17T23:01:22.340+0700] {dag.py:3096} INFO - Sync 1 DAGs
[2024-04-17T23:01:22.362+0700] {logging_mixin.py:188} INFO - [2024-04-17T23:01:22.361+0700] {dag.py:3954} INFO - Setting next_dagrun for example_task_group_decorator to 2024-04-16 00:00:00+00:00, run_after=2024-04-17 00:00:00+00:00
[2024-04-17T23:01:22.388+0700] {processor.py:183} INFO - Processing /home/newrey/airflow/airflow-env/lib/python3.10/site-packages/airflow/example_dags/example_task_group_decorator.py took 0.096 seconds
[2024-04-17T23:02:11.378+0700] {processor.py:161} INFO - Started process (PID=10611) to work on /home/newrey/airflow/airflow-env/lib/python3.10/site-packages/airflow/example_dags/example_task_group_decorator.py
[2024-04-17T23:02:11.380+0700] {processor.py:830} INFO - Processing file /home/newrey/airflow/airflow-env/lib/python3.10/site-packages/airflow/example_dags/example_task_group_decorator.py for tasks to queue
[2024-04-17T23:02:11.382+0700] {logging_mixin.py:188} INFO - [2024-04-17T23:02:11.382+0700] {dagbag.py:540} INFO - Filling up the DagBag from /home/newrey/airflow/airflow-env/lib/python3.10/site-packages/airflow/example_dags/example_task_group_decorator.py
[2024-04-17T23:02:11.395+0700] {processor.py:840} INFO - DAG(s) 'example_task_group_decorator' retrieved from /home/newrey/airflow/airflow-env/lib/python3.10/site-packages/airflow/example_dags/example_task_group_decorator.py
[2024-04-17T23:02:11.417+0700] {logging_mixin.py:188} INFO - [2024-04-17T23:02:11.416+0700] {dag.py:3096} INFO - Sync 1 DAGs
[2024-04-17T23:02:11.437+0700] {logging_mixin.py:188} INFO - [2024-04-17T23:02:11.437+0700] {dag.py:3954} INFO - Setting next_dagrun for example_task_group_decorator to 2024-04-16 00:00:00+00:00, run_after=2024-04-17 00:00:00+00:00
[2024-04-17T23:02:11.458+0700] {processor.py:183} INFO - Processing /home/newrey/airflow/airflow-env/lib/python3.10/site-packages/airflow/example_dags/example_task_group_decorator.py took 0.090 seconds
[2024-04-17T23:03:03.878+0700] {processor.py:161} INFO - Started process (PID=10807) to work on /home/newrey/airflow/airflow-env/lib/python3.10/site-packages/airflow/example_dags/example_task_group_decorator.py
[2024-04-17T23:03:03.881+0700] {processor.py:830} INFO - Processing file /home/newrey/airflow/airflow-env/lib/python3.10/site-packages/airflow/example_dags/example_task_group_decorator.py for tasks to queue
[2024-04-17T23:03:03.882+0700] {logging_mixin.py:188} INFO - [2024-04-17T23:03:03.882+0700] {dagbag.py:540} INFO - Filling up the DagBag from /home/newrey/airflow/airflow-env/lib/python3.10/site-packages/airflow/example_dags/example_task_group_decorator.py
[2024-04-17T23:03:03.896+0700] {processor.py:840} INFO - DAG(s) 'example_task_group_decorator' retrieved from /home/newrey/airflow/airflow-env/lib/python3.10/site-packages/airflow/example_dags/example_task_group_decorator.py
[2024-04-17T23:03:03.916+0700] {logging_mixin.py:188} INFO - [2024-04-17T23:03:03.916+0700] {dag.py:3096} INFO - Sync 1 DAGs
[2024-04-17T23:03:03.938+0700] {logging_mixin.py:188} INFO - [2024-04-17T23:03:03.937+0700] {dag.py:3954} INFO - Setting next_dagrun for example_task_group_decorator to 2024-04-16 00:00:00+00:00, run_after=2024-04-17 00:00:00+00:00
[2024-04-17T23:03:03.963+0700] {processor.py:183} INFO - Processing /home/newrey/airflow/airflow-env/lib/python3.10/site-packages/airflow/example_dags/example_task_group_decorator.py took 0.094 seconds
[2024-04-17T23:03:55.397+0700] {processor.py:161} INFO - Started process (PID=10943) to work on /home/newrey/airflow/airflow-env/lib/python3.10/site-packages/airflow/example_dags/example_task_group_decorator.py
[2024-04-17T23:03:55.400+0700] {processor.py:830} INFO - Processing file /home/newrey/airflow/airflow-env/lib/python3.10/site-packages/airflow/example_dags/example_task_group_decorator.py for tasks to queue
[2024-04-17T23:03:55.402+0700] {logging_mixin.py:188} INFO - [2024-04-17T23:03:55.402+0700] {dagbag.py:540} INFO - Filling up the DagBag from /home/newrey/airflow/airflow-env/lib/python3.10/site-packages/airflow/example_dags/example_task_group_decorator.py
[2024-04-17T23:03:55.424+0700] {processor.py:840} INFO - DAG(s) 'example_task_group_decorator' retrieved from /home/newrey/airflow/airflow-env/lib/python3.10/site-packages/airflow/example_dags/example_task_group_decorator.py
[2024-04-17T23:03:55.456+0700] {logging_mixin.py:188} INFO - [2024-04-17T23:03:55.456+0700] {dag.py:3096} INFO - Sync 1 DAGs
[2024-04-17T23:03:55.492+0700] {logging_mixin.py:188} INFO - [2024-04-17T23:03:55.492+0700] {dag.py:3954} INFO - Setting next_dagrun for example_task_group_decorator to 2024-04-16 00:00:00+00:00, run_after=2024-04-17 00:00:00+00:00
[2024-04-17T23:03:55.529+0700] {processor.py:183} INFO - Processing /home/newrey/airflow/airflow-env/lib/python3.10/site-packages/airflow/example_dags/example_task_group_decorator.py took 0.144 seconds
[2024-04-17T23:04:51.112+0700] {processor.py:161} INFO - Started process (PID=11081) to work on /home/newrey/airflow/airflow-env/lib/python3.10/site-packages/airflow/example_dags/example_task_group_decorator.py
[2024-04-17T23:04:51.119+0700] {processor.py:830} INFO - Processing file /home/newrey/airflow/airflow-env/lib/python3.10/site-packages/airflow/example_dags/example_task_group_decorator.py for tasks to queue
[2024-04-17T23:04:51.121+0700] {logging_mixin.py:188} INFO - [2024-04-17T23:04:51.120+0700] {dagbag.py:540} INFO - Filling up the DagBag from /home/newrey/airflow/airflow-env/lib/python3.10/site-packages/airflow/example_dags/example_task_group_decorator.py
[2024-04-17T23:04:51.185+0700] {processor.py:840} INFO - DAG(s) 'example_task_group_decorator' retrieved from /home/newrey/airflow/airflow-env/lib/python3.10/site-packages/airflow/example_dags/example_task_group_decorator.py
[2024-04-17T23:04:51.265+0700] {logging_mixin.py:188} INFO - [2024-04-17T23:04:51.265+0700] {dag.py:3096} INFO - Sync 1 DAGs
[2024-04-17T23:04:51.324+0700] {logging_mixin.py:188} INFO - [2024-04-17T23:04:51.324+0700] {dag.py:3954} INFO - Setting next_dagrun for example_task_group_decorator to 2024-04-16 00:00:00+00:00, run_after=2024-04-17 00:00:00+00:00
[2024-04-17T23:04:51.386+0700] {processor.py:183} INFO - Processing /home/newrey/airflow/airflow-env/lib/python3.10/site-packages/airflow/example_dags/example_task_group_decorator.py took 0.294 seconds
[2024-04-17T23:05:49.711+0700] {processor.py:161} INFO - Started process (PID=11215) to work on /home/newrey/airflow/airflow-env/lib/python3.10/site-packages/airflow/example_dags/example_task_group_decorator.py
[2024-04-17T23:05:49.714+0700] {processor.py:830} INFO - Processing file /home/newrey/airflow/airflow-env/lib/python3.10/site-packages/airflow/example_dags/example_task_group_decorator.py for tasks to queue
[2024-04-17T23:05:49.717+0700] {logging_mixin.py:188} INFO - [2024-04-17T23:05:49.716+0700] {dagbag.py:540} INFO - Filling up the DagBag from /home/newrey/airflow/airflow-env/lib/python3.10/site-packages/airflow/example_dags/example_task_group_decorator.py
[2024-04-17T23:05:49.754+0700] {processor.py:840} INFO - DAG(s) 'example_task_group_decorator' retrieved from /home/newrey/airflow/airflow-env/lib/python3.10/site-packages/airflow/example_dags/example_task_group_decorator.py
[2024-04-17T23:05:49.793+0700] {logging_mixin.py:188} INFO - [2024-04-17T23:05:49.793+0700] {dag.py:3096} INFO - Sync 1 DAGs
[2024-04-17T23:05:49.834+0700] {logging_mixin.py:188} INFO - [2024-04-17T23:05:49.834+0700] {dag.py:3954} INFO - Setting next_dagrun for example_task_group_decorator to 2024-04-16 00:00:00+00:00, run_after=2024-04-17 00:00:00+00:00
[2024-04-17T23:05:49.871+0700] {processor.py:183} INFO - Processing /home/newrey/airflow/airflow-env/lib/python3.10/site-packages/airflow/example_dags/example_task_group_decorator.py took 0.175 seconds
[2024-04-17T23:06:46.947+0700] {processor.py:161} INFO - Started process (PID=11351) to work on /home/newrey/airflow/airflow-env/lib/python3.10/site-packages/airflow/example_dags/example_task_group_decorator.py
[2024-04-17T23:06:46.949+0700] {processor.py:830} INFO - Processing file /home/newrey/airflow/airflow-env/lib/python3.10/site-packages/airflow/example_dags/example_task_group_decorator.py for tasks to queue
[2024-04-17T23:06:46.951+0700] {logging_mixin.py:188} INFO - [2024-04-17T23:06:46.951+0700] {dagbag.py:540} INFO - Filling up the DagBag from /home/newrey/airflow/airflow-env/lib/python3.10/site-packages/airflow/example_dags/example_task_group_decorator.py
[2024-04-17T23:06:46.970+0700] {processor.py:840} INFO - DAG(s) 'example_task_group_decorator' retrieved from /home/newrey/airflow/airflow-env/lib/python3.10/site-packages/airflow/example_dags/example_task_group_decorator.py
[2024-04-17T23:06:47.009+0700] {logging_mixin.py:188} INFO - [2024-04-17T23:06:47.009+0700] {dag.py:3096} INFO - Sync 1 DAGs
[2024-04-17T23:06:47.037+0700] {logging_mixin.py:188} INFO - [2024-04-17T23:06:47.037+0700] {dag.py:3954} INFO - Setting next_dagrun for example_task_group_decorator to 2024-04-16 00:00:00+00:00, run_after=2024-04-17 00:00:00+00:00
[2024-04-17T23:06:47.069+0700] {processor.py:183} INFO - Processing /home/newrey/airflow/airflow-env/lib/python3.10/site-packages/airflow/example_dags/example_task_group_decorator.py took 0.135 seconds
