[2024-04-17T22:42:56.168+0700] {processor.py:161} INFO - Started process (PID=4601) to work on /home/newrey/airflow/airflow-env/lib/python3.10/site-packages/airflow/example_dags/example_skip_dag.py
[2024-04-17T22:42:56.170+0700] {processor.py:830} INFO - Processing file /home/newrey/airflow/airflow-env/lib/python3.10/site-packages/airflow/example_dags/example_skip_dag.py for tasks to queue
[2024-04-17T22:42:56.171+0700] {logging_mixin.py:188} INFO - [2024-04-17T22:42:56.171+0700] {dagbag.py:540} INFO - Filling up the DagBag from /home/newrey/airflow/airflow-env/lib/python3.10/site-packages/airflow/example_dags/example_skip_dag.py
[2024-04-17T22:42:56.181+0700] {processor.py:840} INFO - DAG(s) 'example_skip_dag' retrieved from /home/newrey/airflow/airflow-env/lib/python3.10/site-packages/airflow/example_dags/example_skip_dag.py
[2024-04-17T22:42:56.308+0700] {logging_mixin.py:188} INFO - [2024-04-17T22:42:56.307+0700] {dag.py:3096} INFO - Sync 1 DAGs
[2024-04-17T22:42:56.326+0700] {logging_mixin.py:188} INFO - [2024-04-17T22:42:56.326+0700] {dag.py:3954} INFO - Setting next_dagrun for example_skip_dag to 2024-04-16 00:00:00+00:00, run_after=2024-04-17 00:00:00+00:00
[2024-04-17T22:42:56.456+0700] {processor.py:183} INFO - Processing /home/newrey/airflow/airflow-env/lib/python3.10/site-packages/airflow/example_dags/example_skip_dag.py took 0.296 seconds
[2024-04-17T22:44:03.847+0700] {processor.py:161} INFO - Started process (PID=4913) to work on /home/newrey/airflow/airflow-env/lib/python3.10/site-packages/airflow/example_dags/example_skip_dag.py
[2024-04-17T22:44:03.849+0700] {processor.py:830} INFO - Processing file /home/newrey/airflow/airflow-env/lib/python3.10/site-packages/airflow/example_dags/example_skip_dag.py for tasks to queue
[2024-04-17T22:44:03.850+0700] {logging_mixin.py:188} INFO - [2024-04-17T22:44:03.850+0700] {dagbag.py:540} INFO - Filling up the DagBag from /home/newrey/airflow/airflow-env/lib/python3.10/site-packages/airflow/example_dags/example_skip_dag.py
[2024-04-17T22:44:03.857+0700] {processor.py:840} INFO - DAG(s) 'example_skip_dag' retrieved from /home/newrey/airflow/airflow-env/lib/python3.10/site-packages/airflow/example_dags/example_skip_dag.py
[2024-04-17T22:44:03.874+0700] {logging_mixin.py:188} INFO - [2024-04-17T22:44:03.874+0700] {dag.py:3096} INFO - Sync 1 DAGs
[2024-04-17T22:44:03.894+0700] {logging_mixin.py:188} INFO - [2024-04-17T22:44:03.894+0700] {dag.py:3954} INFO - Setting next_dagrun for example_skip_dag to 2024-04-16 00:00:00+00:00, run_after=2024-04-17 00:00:00+00:00
[2024-04-17T22:44:03.916+0700] {processor.py:183} INFO - Processing /home/newrey/airflow/airflow-env/lib/python3.10/site-packages/airflow/example_dags/example_skip_dag.py took 0.076 seconds
[2024-04-17T22:45:01.875+0700] {processor.py:161} INFO - Started process (PID=5033) to work on /home/newrey/airflow/airflow-env/lib/python3.10/site-packages/airflow/example_dags/example_skip_dag.py
[2024-04-17T22:45:01.876+0700] {processor.py:830} INFO - Processing file /home/newrey/airflow/airflow-env/lib/python3.10/site-packages/airflow/example_dags/example_skip_dag.py for tasks to queue
[2024-04-17T22:45:01.877+0700] {logging_mixin.py:188} INFO - [2024-04-17T22:45:01.877+0700] {dagbag.py:540} INFO - Filling up the DagBag from /home/newrey/airflow/airflow-env/lib/python3.10/site-packages/airflow/example_dags/example_skip_dag.py
[2024-04-17T22:45:01.883+0700] {processor.py:840} INFO - DAG(s) 'example_skip_dag' retrieved from /home/newrey/airflow/airflow-env/lib/python3.10/site-packages/airflow/example_dags/example_skip_dag.py
[2024-04-17T22:45:01.991+0700] {logging_mixin.py:188} INFO - [2024-04-17T22:45:01.990+0700] {dag.py:3096} INFO - Sync 1 DAGs
[2024-04-17T22:45:02.013+0700] {logging_mixin.py:188} INFO - [2024-04-17T22:45:02.013+0700] {dag.py:3954} INFO - Setting next_dagrun for example_skip_dag to 2024-04-16 00:00:00+00:00, run_after=2024-04-17 00:00:00+00:00
[2024-04-17T22:45:02.040+0700] {processor.py:183} INFO - Processing /home/newrey/airflow/airflow-env/lib/python3.10/site-packages/airflow/example_dags/example_skip_dag.py took 0.173 seconds
[2024-04-17T22:45:55.939+0700] {processor.py:161} INFO - Started process (PID=5163) to work on /home/newrey/airflow/airflow-env/lib/python3.10/site-packages/airflow/example_dags/example_skip_dag.py
[2024-04-17T22:45:55.941+0700] {processor.py:830} INFO - Processing file /home/newrey/airflow/airflow-env/lib/python3.10/site-packages/airflow/example_dags/example_skip_dag.py for tasks to queue
[2024-04-17T22:45:55.943+0700] {logging_mixin.py:188} INFO - [2024-04-17T22:45:55.942+0700] {dagbag.py:540} INFO - Filling up the DagBag from /home/newrey/airflow/airflow-env/lib/python3.10/site-packages/airflow/example_dags/example_skip_dag.py
[2024-04-17T22:45:55.948+0700] {processor.py:840} INFO - DAG(s) 'example_skip_dag' retrieved from /home/newrey/airflow/airflow-env/lib/python3.10/site-packages/airflow/example_dags/example_skip_dag.py
[2024-04-17T22:45:55.964+0700] {logging_mixin.py:188} INFO - [2024-04-17T22:45:55.964+0700] {dag.py:3096} INFO - Sync 1 DAGs
[2024-04-17T22:45:55.986+0700] {logging_mixin.py:188} INFO - [2024-04-17T22:45:55.986+0700] {dag.py:3954} INFO - Setting next_dagrun for example_skip_dag to 2024-04-16 00:00:00+00:00, run_after=2024-04-17 00:00:00+00:00
[2024-04-17T22:45:56.008+0700] {processor.py:183} INFO - Processing /home/newrey/airflow/airflow-env/lib/python3.10/site-packages/airflow/example_dags/example_skip_dag.py took 0.084 seconds
[2024-04-17T22:46:47.422+0700] {processor.py:161} INFO - Started process (PID=5281) to work on /home/newrey/airflow/airflow-env/lib/python3.10/site-packages/airflow/example_dags/example_skip_dag.py
[2024-04-17T22:46:47.423+0700] {processor.py:830} INFO - Processing file /home/newrey/airflow/airflow-env/lib/python3.10/site-packages/airflow/example_dags/example_skip_dag.py for tasks to queue
[2024-04-17T22:46:47.424+0700] {logging_mixin.py:188} INFO - [2024-04-17T22:46:47.424+0700] {dagbag.py:540} INFO - Filling up the DagBag from /home/newrey/airflow/airflow-env/lib/python3.10/site-packages/airflow/example_dags/example_skip_dag.py
[2024-04-17T22:46:47.429+0700] {processor.py:840} INFO - DAG(s) 'example_skip_dag' retrieved from /home/newrey/airflow/airflow-env/lib/python3.10/site-packages/airflow/example_dags/example_skip_dag.py
[2024-04-17T22:46:47.443+0700] {logging_mixin.py:188} INFO - [2024-04-17T22:46:47.443+0700] {dag.py:3096} INFO - Sync 1 DAGs
[2024-04-17T22:46:47.463+0700] {logging_mixin.py:188} INFO - [2024-04-17T22:46:47.463+0700] {dag.py:3954} INFO - Setting next_dagrun for example_skip_dag to 2024-04-16 00:00:00+00:00, run_after=2024-04-17 00:00:00+00:00
[2024-04-17T22:46:47.495+0700] {processor.py:183} INFO - Processing /home/newrey/airflow/airflow-env/lib/python3.10/site-packages/airflow/example_dags/example_skip_dag.py took 0.083 seconds
[2024-04-17T22:47:37.569+0700] {processor.py:161} INFO - Started process (PID=5653) to work on /home/newrey/airflow/airflow-env/lib/python3.10/site-packages/airflow/example_dags/example_skip_dag.py
[2024-04-17T22:47:37.572+0700] {processor.py:830} INFO - Processing file /home/newrey/airflow/airflow-env/lib/python3.10/site-packages/airflow/example_dags/example_skip_dag.py for tasks to queue
[2024-04-17T22:47:37.576+0700] {logging_mixin.py:188} INFO - [2024-04-17T22:47:37.575+0700] {dagbag.py:540} INFO - Filling up the DagBag from /home/newrey/airflow/airflow-env/lib/python3.10/site-packages/airflow/example_dags/example_skip_dag.py
[2024-04-17T22:47:37.585+0700] {processor.py:840} INFO - DAG(s) 'example_skip_dag' retrieved from /home/newrey/airflow/airflow-env/lib/python3.10/site-packages/airflow/example_dags/example_skip_dag.py
[2024-04-17T22:47:37.614+0700] {logging_mixin.py:188} INFO - [2024-04-17T22:47:37.613+0700] {dag.py:3096} INFO - Sync 1 DAGs
[2024-04-17T22:47:37.650+0700] {logging_mixin.py:188} INFO - [2024-04-17T22:47:37.649+0700] {dag.py:3954} INFO - Setting next_dagrun for example_skip_dag to 2024-04-16 00:00:00+00:00, run_after=2024-04-17 00:00:00+00:00
[2024-04-17T22:47:37.732+0700] {processor.py:183} INFO - Processing /home/newrey/airflow/airflow-env/lib/python3.10/site-packages/airflow/example_dags/example_skip_dag.py took 0.186 seconds
[2024-04-17T22:48:26.079+0700] {processor.py:161} INFO - Started process (PID=6017) to work on /home/newrey/airflow/airflow-env/lib/python3.10/site-packages/airflow/example_dags/example_skip_dag.py
[2024-04-17T22:48:26.080+0700] {processor.py:830} INFO - Processing file /home/newrey/airflow/airflow-env/lib/python3.10/site-packages/airflow/example_dags/example_skip_dag.py for tasks to queue
[2024-04-17T22:48:26.081+0700] {logging_mixin.py:188} INFO - [2024-04-17T22:48:26.081+0700] {dagbag.py:540} INFO - Filling up the DagBag from /home/newrey/airflow/airflow-env/lib/python3.10/site-packages/airflow/example_dags/example_skip_dag.py
[2024-04-17T22:48:26.087+0700] {processor.py:840} INFO - DAG(s) 'example_skip_dag' retrieved from /home/newrey/airflow/airflow-env/lib/python3.10/site-packages/airflow/example_dags/example_skip_dag.py
[2024-04-17T22:48:26.102+0700] {logging_mixin.py:188} INFO - [2024-04-17T22:48:26.102+0700] {dag.py:3096} INFO - Sync 1 DAGs
[2024-04-17T22:48:26.122+0700] {logging_mixin.py:188} INFO - [2024-04-17T22:48:26.122+0700] {dag.py:3954} INFO - Setting next_dagrun for example_skip_dag to 2024-04-16 00:00:00+00:00, run_after=2024-04-17 00:00:00+00:00
[2024-04-17T22:48:26.145+0700] {processor.py:183} INFO - Processing /home/newrey/airflow/airflow-env/lib/python3.10/site-packages/airflow/example_dags/example_skip_dag.py took 0.076 seconds
[2024-04-17T22:49:16.914+0700] {processor.py:161} INFO - Started process (PID=6393) to work on /home/newrey/airflow/airflow-env/lib/python3.10/site-packages/airflow/example_dags/example_skip_dag.py
[2024-04-17T22:49:16.917+0700] {processor.py:830} INFO - Processing file /home/newrey/airflow/airflow-env/lib/python3.10/site-packages/airflow/example_dags/example_skip_dag.py for tasks to queue
[2024-04-17T22:49:16.918+0700] {logging_mixin.py:188} INFO - [2024-04-17T22:49:16.918+0700] {dagbag.py:540} INFO - Filling up the DagBag from /home/newrey/airflow/airflow-env/lib/python3.10/site-packages/airflow/example_dags/example_skip_dag.py
[2024-04-17T22:49:16.923+0700] {processor.py:840} INFO - DAG(s) 'example_skip_dag' retrieved from /home/newrey/airflow/airflow-env/lib/python3.10/site-packages/airflow/example_dags/example_skip_dag.py
[2024-04-17T22:49:16.941+0700] {logging_mixin.py:188} INFO - [2024-04-17T22:49:16.941+0700] {dag.py:3096} INFO - Sync 1 DAGs
[2024-04-17T22:49:16.972+0700] {logging_mixin.py:188} INFO - [2024-04-17T22:49:16.971+0700] {dag.py:3954} INFO - Setting next_dagrun for example_skip_dag to 2024-04-16 00:00:00+00:00, run_after=2024-04-17 00:00:00+00:00
[2024-04-17T22:49:16.999+0700] {processor.py:183} INFO - Processing /home/newrey/airflow/airflow-env/lib/python3.10/site-packages/airflow/example_dags/example_skip_dag.py took 0.098 seconds
[2024-04-17T22:50:07.489+0700] {processor.py:161} INFO - Started process (PID=6520) to work on /home/newrey/airflow/airflow-env/lib/python3.10/site-packages/airflow/example_dags/example_skip_dag.py
[2024-04-17T22:50:07.490+0700] {processor.py:830} INFO - Processing file /home/newrey/airflow/airflow-env/lib/python3.10/site-packages/airflow/example_dags/example_skip_dag.py for tasks to queue
[2024-04-17T22:50:07.491+0700] {logging_mixin.py:188} INFO - [2024-04-17T22:50:07.491+0700] {dagbag.py:540} INFO - Filling up the DagBag from /home/newrey/airflow/airflow-env/lib/python3.10/site-packages/airflow/example_dags/example_skip_dag.py
[2024-04-17T22:50:07.496+0700] {processor.py:840} INFO - DAG(s) 'example_skip_dag' retrieved from /home/newrey/airflow/airflow-env/lib/python3.10/site-packages/airflow/example_dags/example_skip_dag.py
[2024-04-17T22:50:07.514+0700] {logging_mixin.py:188} INFO - [2024-04-17T22:50:07.513+0700] {dag.py:3096} INFO - Sync 1 DAGs
[2024-04-17T22:50:07.539+0700] {logging_mixin.py:188} INFO - [2024-04-17T22:50:07.538+0700] {dag.py:3954} INFO - Setting next_dagrun for example_skip_dag to 2024-04-16 00:00:00+00:00, run_after=2024-04-17 00:00:00+00:00
[2024-04-17T22:50:07.562+0700] {processor.py:183} INFO - Processing /home/newrey/airflow/airflow-env/lib/python3.10/site-packages/airflow/example_dags/example_skip_dag.py took 0.084 seconds
[2024-04-17T22:51:25.452+0700] {processor.py:161} INFO - Started process (PID=7084) to work on /home/newrey/airflow/airflow-env/lib/python3.10/site-packages/airflow/example_dags/example_skip_dag.py
[2024-04-17T22:51:25.455+0700] {processor.py:830} INFO - Processing file /home/newrey/airflow/airflow-env/lib/python3.10/site-packages/airflow/example_dags/example_skip_dag.py for tasks to queue
[2024-04-17T22:51:25.456+0700] {logging_mixin.py:188} INFO - [2024-04-17T22:51:25.456+0700] {dagbag.py:540} INFO - Filling up the DagBag from /home/newrey/airflow/airflow-env/lib/python3.10/site-packages/airflow/example_dags/example_skip_dag.py
[2024-04-17T22:51:25.461+0700] {processor.py:840} INFO - DAG(s) 'example_skip_dag' retrieved from /home/newrey/airflow/airflow-env/lib/python3.10/site-packages/airflow/example_dags/example_skip_dag.py
[2024-04-17T22:51:25.482+0700] {logging_mixin.py:188} INFO - [2024-04-17T22:51:25.481+0700] {dag.py:3096} INFO - Sync 1 DAGs
[2024-04-17T22:51:25.515+0700] {logging_mixin.py:188} INFO - [2024-04-17T22:51:25.515+0700] {dag.py:3954} INFO - Setting next_dagrun for example_skip_dag to 2024-04-16 00:00:00+00:00, run_after=2024-04-17 00:00:00+00:00
[2024-04-17T22:51:25.550+0700] {processor.py:183} INFO - Processing /home/newrey/airflow/airflow-env/lib/python3.10/site-packages/airflow/example_dags/example_skip_dag.py took 0.106 seconds
[2024-04-17T22:52:34.304+0700] {processor.py:161} INFO - Started process (PID=8066) to work on /home/newrey/airflow/airflow-env/lib/python3.10/site-packages/airflow/example_dags/example_skip_dag.py
[2024-04-17T22:52:34.305+0700] {processor.py:830} INFO - Processing file /home/newrey/airflow/airflow-env/lib/python3.10/site-packages/airflow/example_dags/example_skip_dag.py for tasks to queue
[2024-04-17T22:52:34.307+0700] {logging_mixin.py:188} INFO - [2024-04-17T22:52:34.306+0700] {dagbag.py:540} INFO - Filling up the DagBag from /home/newrey/airflow/airflow-env/lib/python3.10/site-packages/airflow/example_dags/example_skip_dag.py
[2024-04-17T22:52:34.312+0700] {processor.py:840} INFO - DAG(s) 'example_skip_dag' retrieved from /home/newrey/airflow/airflow-env/lib/python3.10/site-packages/airflow/example_dags/example_skip_dag.py
[2024-04-17T22:52:34.331+0700] {logging_mixin.py:188} INFO - [2024-04-17T22:52:34.331+0700] {dag.py:3096} INFO - Sync 1 DAGs
[2024-04-17T22:52:34.356+0700] {logging_mixin.py:188} INFO - [2024-04-17T22:52:34.356+0700] {dag.py:3954} INFO - Setting next_dagrun for example_skip_dag to 2024-04-16 00:00:00+00:00, run_after=2024-04-17 00:00:00+00:00
[2024-04-17T22:52:34.384+0700] {processor.py:183} INFO - Processing /home/newrey/airflow/airflow-env/lib/python3.10/site-packages/airflow/example_dags/example_skip_dag.py took 0.088 seconds
[2024-04-17T22:53:25.715+0700] {processor.py:161} INFO - Started process (PID=8742) to work on /home/newrey/airflow/airflow-env/lib/python3.10/site-packages/airflow/example_dags/example_skip_dag.py
[2024-04-17T22:53:25.716+0700] {processor.py:830} INFO - Processing file /home/newrey/airflow/airflow-env/lib/python3.10/site-packages/airflow/example_dags/example_skip_dag.py for tasks to queue
[2024-04-17T22:53:25.718+0700] {logging_mixin.py:188} INFO - [2024-04-17T22:53:25.717+0700] {dagbag.py:540} INFO - Filling up the DagBag from /home/newrey/airflow/airflow-env/lib/python3.10/site-packages/airflow/example_dags/example_skip_dag.py
[2024-04-17T22:53:25.723+0700] {processor.py:840} INFO - DAG(s) 'example_skip_dag' retrieved from /home/newrey/airflow/airflow-env/lib/python3.10/site-packages/airflow/example_dags/example_skip_dag.py
[2024-04-17T22:53:25.740+0700] {logging_mixin.py:188} INFO - [2024-04-17T22:53:25.740+0700] {dag.py:3096} INFO - Sync 1 DAGs
[2024-04-17T22:53:25.765+0700] {logging_mixin.py:188} INFO - [2024-04-17T22:53:25.764+0700] {dag.py:3954} INFO - Setting next_dagrun for example_skip_dag to 2024-04-16 00:00:00+00:00, run_after=2024-04-17 00:00:00+00:00
[2024-04-17T22:53:25.790+0700] {processor.py:183} INFO - Processing /home/newrey/airflow/airflow-env/lib/python3.10/site-packages/airflow/example_dags/example_skip_dag.py took 0.085 seconds
[2024-04-17T22:54:25.876+0700] {processor.py:161} INFO - Started process (PID=9221) to work on /home/newrey/airflow/airflow-env/lib/python3.10/site-packages/airflow/example_dags/example_skip_dag.py
[2024-04-17T22:54:25.879+0700] {processor.py:830} INFO - Processing file /home/newrey/airflow/airflow-env/lib/python3.10/site-packages/airflow/example_dags/example_skip_dag.py for tasks to queue
[2024-04-17T22:54:25.881+0700] {logging_mixin.py:188} INFO - [2024-04-17T22:54:25.880+0700] {dagbag.py:540} INFO - Filling up the DagBag from /home/newrey/airflow/airflow-env/lib/python3.10/site-packages/airflow/example_dags/example_skip_dag.py
[2024-04-17T22:54:25.888+0700] {processor.py:840} INFO - DAG(s) 'example_skip_dag' retrieved from /home/newrey/airflow/airflow-env/lib/python3.10/site-packages/airflow/example_dags/example_skip_dag.py
[2024-04-17T22:54:25.903+0700] {logging_mixin.py:188} INFO - [2024-04-17T22:54:25.903+0700] {dag.py:3096} INFO - Sync 1 DAGs
[2024-04-17T22:54:25.921+0700] {logging_mixin.py:188} INFO - [2024-04-17T22:54:25.920+0700] {dag.py:3954} INFO - Setting next_dagrun for example_skip_dag to 2024-04-16 00:00:00+00:00, run_after=2024-04-17 00:00:00+00:00
[2024-04-17T22:54:25.942+0700] {processor.py:183} INFO - Processing /home/newrey/airflow/airflow-env/lib/python3.10/site-packages/airflow/example_dags/example_skip_dag.py took 0.075 seconds
[2024-04-17T22:55:15.515+0700] {processor.py:161} INFO - Started process (PID=9292) to work on /home/newrey/airflow/airflow-env/lib/python3.10/site-packages/airflow/example_dags/example_skip_dag.py
[2024-04-17T22:55:15.517+0700] {processor.py:830} INFO - Processing file /home/newrey/airflow/airflow-env/lib/python3.10/site-packages/airflow/example_dags/example_skip_dag.py for tasks to queue
[2024-04-17T22:55:15.519+0700] {logging_mixin.py:188} INFO - [2024-04-17T22:55:15.518+0700] {dagbag.py:540} INFO - Filling up the DagBag from /home/newrey/airflow/airflow-env/lib/python3.10/site-packages/airflow/example_dags/example_skip_dag.py
[2024-04-17T22:55:15.524+0700] {processor.py:840} INFO - DAG(s) 'example_skip_dag' retrieved from /home/newrey/airflow/airflow-env/lib/python3.10/site-packages/airflow/example_dags/example_skip_dag.py
[2024-04-17T22:55:15.538+0700] {logging_mixin.py:188} INFO - [2024-04-17T22:55:15.538+0700] {dag.py:3096} INFO - Sync 1 DAGs
[2024-04-17T22:55:15.558+0700] {logging_mixin.py:188} INFO - [2024-04-17T22:55:15.558+0700] {dag.py:3954} INFO - Setting next_dagrun for example_skip_dag to 2024-04-16 00:00:00+00:00, run_after=2024-04-17 00:00:00+00:00
[2024-04-17T22:55:15.581+0700] {processor.py:183} INFO - Processing /home/newrey/airflow/airflow-env/lib/python3.10/site-packages/airflow/example_dags/example_skip_dag.py took 0.075 seconds
[2024-04-17T22:56:22.788+0700] {processor.py:161} INFO - Started process (PID=9436) to work on /home/newrey/airflow/airflow-env/lib/python3.10/site-packages/airflow/example_dags/example_skip_dag.py
[2024-04-17T22:56:22.792+0700] {processor.py:830} INFO - Processing file /home/newrey/airflow/airflow-env/lib/python3.10/site-packages/airflow/example_dags/example_skip_dag.py for tasks to queue
[2024-04-17T22:56:22.794+0700] {logging_mixin.py:188} INFO - [2024-04-17T22:56:22.793+0700] {dagbag.py:540} INFO - Filling up the DagBag from /home/newrey/airflow/airflow-env/lib/python3.10/site-packages/airflow/example_dags/example_skip_dag.py
[2024-04-17T22:56:22.802+0700] {processor.py:840} INFO - DAG(s) 'example_skip_dag' retrieved from /home/newrey/airflow/airflow-env/lib/python3.10/site-packages/airflow/example_dags/example_skip_dag.py
[2024-04-17T22:56:22.833+0700] {logging_mixin.py:188} INFO - [2024-04-17T22:56:22.833+0700] {dag.py:3096} INFO - Sync 1 DAGs
[2024-04-17T22:56:22.877+0700] {logging_mixin.py:188} INFO - [2024-04-17T22:56:22.876+0700] {dag.py:3954} INFO - Setting next_dagrun for example_skip_dag to 2024-04-16 00:00:00+00:00, run_after=2024-04-17 00:00:00+00:00
[2024-04-17T22:56:22.934+0700] {processor.py:183} INFO - Processing /home/newrey/airflow/airflow-env/lib/python3.10/site-packages/airflow/example_dags/example_skip_dag.py took 0.165 seconds
[2024-04-17T22:57:09.652+0700] {processor.py:161} INFO - Started process (PID=9563) to work on /home/newrey/airflow/airflow-env/lib/python3.10/site-packages/airflow/example_dags/example_skip_dag.py
[2024-04-17T22:57:09.654+0700] {processor.py:830} INFO - Processing file /home/newrey/airflow/airflow-env/lib/python3.10/site-packages/airflow/example_dags/example_skip_dag.py for tasks to queue
[2024-04-17T22:57:09.655+0700] {logging_mixin.py:188} INFO - [2024-04-17T22:57:09.655+0700] {dagbag.py:540} INFO - Filling up the DagBag from /home/newrey/airflow/airflow-env/lib/python3.10/site-packages/airflow/example_dags/example_skip_dag.py
[2024-04-17T22:57:09.660+0700] {processor.py:840} INFO - DAG(s) 'example_skip_dag' retrieved from /home/newrey/airflow/airflow-env/lib/python3.10/site-packages/airflow/example_dags/example_skip_dag.py
[2024-04-17T22:57:09.675+0700] {logging_mixin.py:188} INFO - [2024-04-17T22:57:09.674+0700] {dag.py:3096} INFO - Sync 1 DAGs
[2024-04-17T22:57:09.692+0700] {logging_mixin.py:188} INFO - [2024-04-17T22:57:09.692+0700] {dag.py:3954} INFO - Setting next_dagrun for example_skip_dag to 2024-04-16 00:00:00+00:00, run_after=2024-04-17 00:00:00+00:00
[2024-04-17T22:57:09.715+0700] {processor.py:183} INFO - Processing /home/newrey/airflow/airflow-env/lib/python3.10/site-packages/airflow/example_dags/example_skip_dag.py took 0.076 seconds
[2024-04-17T22:58:18.288+0700] {processor.py:161} INFO - Started process (PID=9787) to work on /home/newrey/airflow/airflow-env/lib/python3.10/site-packages/airflow/example_dags/example_skip_dag.py
[2024-04-17T22:58:18.291+0700] {processor.py:830} INFO - Processing file /home/newrey/airflow/airflow-env/lib/python3.10/site-packages/airflow/example_dags/example_skip_dag.py for tasks to queue
[2024-04-17T22:58:18.292+0700] {logging_mixin.py:188} INFO - [2024-04-17T22:58:18.292+0700] {dagbag.py:540} INFO - Filling up the DagBag from /home/newrey/airflow/airflow-env/lib/python3.10/site-packages/airflow/example_dags/example_skip_dag.py
[2024-04-17T22:58:18.297+0700] {processor.py:840} INFO - DAG(s) 'example_skip_dag' retrieved from /home/newrey/airflow/airflow-env/lib/python3.10/site-packages/airflow/example_dags/example_skip_dag.py
[2024-04-17T22:58:18.315+0700] {logging_mixin.py:188} INFO - [2024-04-17T22:58:18.314+0700] {dag.py:3096} INFO - Sync 1 DAGs
[2024-04-17T22:58:18.335+0700] {logging_mixin.py:188} INFO - [2024-04-17T22:58:18.334+0700] {dag.py:3954} INFO - Setting next_dagrun for example_skip_dag to 2024-04-16 00:00:00+00:00, run_after=2024-04-17 00:00:00+00:00
[2024-04-17T22:58:18.358+0700] {processor.py:183} INFO - Processing /home/newrey/airflow/airflow-env/lib/python3.10/site-packages/airflow/example_dags/example_skip_dag.py took 0.087 seconds
[2024-04-17T22:59:27.339+0700] {processor.py:161} INFO - Started process (PID=10126) to work on /home/newrey/airflow/airflow-env/lib/python3.10/site-packages/airflow/example_dags/example_skip_dag.py
[2024-04-17T22:59:27.341+0700] {processor.py:830} INFO - Processing file /home/newrey/airflow/airflow-env/lib/python3.10/site-packages/airflow/example_dags/example_skip_dag.py for tasks to queue
[2024-04-17T22:59:27.342+0700] {logging_mixin.py:188} INFO - [2024-04-17T22:59:27.342+0700] {dagbag.py:540} INFO - Filling up the DagBag from /home/newrey/airflow/airflow-env/lib/python3.10/site-packages/airflow/example_dags/example_skip_dag.py
[2024-04-17T22:59:27.347+0700] {processor.py:840} INFO - DAG(s) 'example_skip_dag' retrieved from /home/newrey/airflow/airflow-env/lib/python3.10/site-packages/airflow/example_dags/example_skip_dag.py
[2024-04-17T22:59:27.363+0700] {logging_mixin.py:188} INFO - [2024-04-17T22:59:27.362+0700] {dag.py:3096} INFO - Sync 1 DAGs
[2024-04-17T22:59:27.385+0700] {logging_mixin.py:188} INFO - [2024-04-17T22:59:27.384+0700] {dag.py:3954} INFO - Setting next_dagrun for example_skip_dag to 2024-04-16 00:00:00+00:00, run_after=2024-04-17 00:00:00+00:00
[2024-04-17T22:59:27.408+0700] {processor.py:183} INFO - Processing /home/newrey/airflow/airflow-env/lib/python3.10/site-packages/airflow/example_dags/example_skip_dag.py took 0.076 seconds
[2024-04-17T23:00:16.625+0700] {processor.py:161} INFO - Started process (PID=10257) to work on /home/newrey/airflow/airflow-env/lib/python3.10/site-packages/airflow/example_dags/example_skip_dag.py
[2024-04-17T23:00:16.655+0700] {processor.py:830} INFO - Processing file /home/newrey/airflow/airflow-env/lib/python3.10/site-packages/airflow/example_dags/example_skip_dag.py for tasks to queue
[2024-04-17T23:00:16.658+0700] {logging_mixin.py:188} INFO - [2024-04-17T23:00:16.657+0700] {dagbag.py:540} INFO - Filling up the DagBag from /home/newrey/airflow/airflow-env/lib/python3.10/site-packages/airflow/example_dags/example_skip_dag.py
[2024-04-17T23:00:16.667+0700] {processor.py:840} INFO - DAG(s) 'example_skip_dag' retrieved from /home/newrey/airflow/airflow-env/lib/python3.10/site-packages/airflow/example_dags/example_skip_dag.py
[2024-04-17T23:00:16.728+0700] {logging_mixin.py:188} INFO - [2024-04-17T23:00:16.728+0700] {dag.py:3096} INFO - Sync 1 DAGs
[2024-04-17T23:00:16.791+0700] {logging_mixin.py:188} INFO - [2024-04-17T23:00:16.791+0700] {dag.py:3954} INFO - Setting next_dagrun for example_skip_dag to 2024-04-16 00:00:00+00:00, run_after=2024-04-17 00:00:00+00:00
[2024-04-17T23:00:16.881+0700] {processor.py:183} INFO - Processing /home/newrey/airflow/airflow-env/lib/python3.10/site-packages/airflow/example_dags/example_skip_dag.py took 0.278 seconds
[2024-04-17T23:01:07.553+0700] {processor.py:161} INFO - Started process (PID=10453) to work on /home/newrey/airflow/airflow-env/lib/python3.10/site-packages/airflow/example_dags/example_skip_dag.py
[2024-04-17T23:01:07.554+0700] {processor.py:830} INFO - Processing file /home/newrey/airflow/airflow-env/lib/python3.10/site-packages/airflow/example_dags/example_skip_dag.py for tasks to queue
[2024-04-17T23:01:07.555+0700] {logging_mixin.py:188} INFO - [2024-04-17T23:01:07.555+0700] {dagbag.py:540} INFO - Filling up the DagBag from /home/newrey/airflow/airflow-env/lib/python3.10/site-packages/airflow/example_dags/example_skip_dag.py
[2024-04-17T23:01:07.560+0700] {processor.py:840} INFO - DAG(s) 'example_skip_dag' retrieved from /home/newrey/airflow/airflow-env/lib/python3.10/site-packages/airflow/example_dags/example_skip_dag.py
[2024-04-17T23:01:07.575+0700] {logging_mixin.py:188} INFO - [2024-04-17T23:01:07.575+0700] {dag.py:3096} INFO - Sync 1 DAGs
[2024-04-17T23:01:07.593+0700] {logging_mixin.py:188} INFO - [2024-04-17T23:01:07.593+0700] {dag.py:3954} INFO - Setting next_dagrun for example_skip_dag to 2024-04-16 00:00:00+00:00, run_after=2024-04-17 00:00:00+00:00
[2024-04-17T23:01:07.621+0700] {processor.py:183} INFO - Processing /home/newrey/airflow/airflow-env/lib/python3.10/site-packages/airflow/example_dags/example_skip_dag.py took 0.077 seconds
[2024-04-17T23:01:58.312+0700] {processor.py:161} INFO - Started process (PID=10581) to work on /home/newrey/airflow/airflow-env/lib/python3.10/site-packages/airflow/example_dags/example_skip_dag.py
[2024-04-17T23:01:58.313+0700] {processor.py:830} INFO - Processing file /home/newrey/airflow/airflow-env/lib/python3.10/site-packages/airflow/example_dags/example_skip_dag.py for tasks to queue
[2024-04-17T23:01:58.314+0700] {logging_mixin.py:188} INFO - [2024-04-17T23:01:58.314+0700] {dagbag.py:540} INFO - Filling up the DagBag from /home/newrey/airflow/airflow-env/lib/python3.10/site-packages/airflow/example_dags/example_skip_dag.py
[2024-04-17T23:01:58.321+0700] {processor.py:840} INFO - DAG(s) 'example_skip_dag' retrieved from /home/newrey/airflow/airflow-env/lib/python3.10/site-packages/airflow/example_dags/example_skip_dag.py
[2024-04-17T23:01:58.337+0700] {logging_mixin.py:188} INFO - [2024-04-17T23:01:58.337+0700] {dag.py:3096} INFO - Sync 1 DAGs
[2024-04-17T23:01:58.355+0700] {logging_mixin.py:188} INFO - [2024-04-17T23:01:58.355+0700] {dag.py:3954} INFO - Setting next_dagrun for example_skip_dag to 2024-04-16 00:00:00+00:00, run_after=2024-04-17 00:00:00+00:00
[2024-04-17T23:01:58.384+0700] {processor.py:183} INFO - Processing /home/newrey/airflow/airflow-env/lib/python3.10/site-packages/airflow/example_dags/example_skip_dag.py took 0.080 seconds
[2024-04-17T23:02:48.737+0700] {processor.py:161} INFO - Started process (PID=10776) to work on /home/newrey/airflow/airflow-env/lib/python3.10/site-packages/airflow/example_dags/example_skip_dag.py
[2024-04-17T23:02:48.738+0700] {processor.py:830} INFO - Processing file /home/newrey/airflow/airflow-env/lib/python3.10/site-packages/airflow/example_dags/example_skip_dag.py for tasks to queue
[2024-04-17T23:02:48.739+0700] {logging_mixin.py:188} INFO - [2024-04-17T23:02:48.739+0700] {dagbag.py:540} INFO - Filling up the DagBag from /home/newrey/airflow/airflow-env/lib/python3.10/site-packages/airflow/example_dags/example_skip_dag.py
[2024-04-17T23:02:48.744+0700] {processor.py:840} INFO - DAG(s) 'example_skip_dag' retrieved from /home/newrey/airflow/airflow-env/lib/python3.10/site-packages/airflow/example_dags/example_skip_dag.py
[2024-04-17T23:02:48.758+0700] {logging_mixin.py:188} INFO - [2024-04-17T23:02:48.758+0700] {dag.py:3096} INFO - Sync 1 DAGs
[2024-04-17T23:02:48.780+0700] {logging_mixin.py:188} INFO - [2024-04-17T23:02:48.780+0700] {dag.py:3954} INFO - Setting next_dagrun for example_skip_dag to 2024-04-16 00:00:00+00:00, run_after=2024-04-17 00:00:00+00:00
[2024-04-17T23:02:48.802+0700] {processor.py:183} INFO - Processing /home/newrey/airflow/airflow-env/lib/python3.10/site-packages/airflow/example_dags/example_skip_dag.py took 0.075 seconds
[2024-04-17T23:03:39.745+0700] {processor.py:161} INFO - Started process (PID=10909) to work on /home/newrey/airflow/airflow-env/lib/python3.10/site-packages/airflow/example_dags/example_skip_dag.py
[2024-04-17T23:03:39.748+0700] {processor.py:830} INFO - Processing file /home/newrey/airflow/airflow-env/lib/python3.10/site-packages/airflow/example_dags/example_skip_dag.py for tasks to queue
[2024-04-17T23:03:39.751+0700] {logging_mixin.py:188} INFO - [2024-04-17T23:03:39.750+0700] {dagbag.py:540} INFO - Filling up the DagBag from /home/newrey/airflow/airflow-env/lib/python3.10/site-packages/airflow/example_dags/example_skip_dag.py
[2024-04-17T23:03:39.761+0700] {processor.py:840} INFO - DAG(s) 'example_skip_dag' retrieved from /home/newrey/airflow/airflow-env/lib/python3.10/site-packages/airflow/example_dags/example_skip_dag.py
[2024-04-17T23:03:39.781+0700] {logging_mixin.py:188} INFO - [2024-04-17T23:03:39.780+0700] {dag.py:3096} INFO - Sync 1 DAGs
[2024-04-17T23:03:39.805+0700] {logging_mixin.py:188} INFO - [2024-04-17T23:03:39.805+0700] {dag.py:3954} INFO - Setting next_dagrun for example_skip_dag to 2024-04-16 00:00:00+00:00, run_after=2024-04-17 00:00:00+00:00
[2024-04-17T23:03:39.836+0700] {processor.py:183} INFO - Processing /home/newrey/airflow/airflow-env/lib/python3.10/site-packages/airflow/example_dags/example_skip_dag.py took 0.109 seconds
[2024-04-17T23:04:33.138+0700] {processor.py:161} INFO - Started process (PID=11049) to work on /home/newrey/airflow/airflow-env/lib/python3.10/site-packages/airflow/example_dags/example_skip_dag.py
[2024-04-17T23:04:33.141+0700] {processor.py:830} INFO - Processing file /home/newrey/airflow/airflow-env/lib/python3.10/site-packages/airflow/example_dags/example_skip_dag.py for tasks to queue
[2024-04-17T23:04:33.142+0700] {logging_mixin.py:188} INFO - [2024-04-17T23:04:33.142+0700] {dagbag.py:540} INFO - Filling up the DagBag from /home/newrey/airflow/airflow-env/lib/python3.10/site-packages/airflow/example_dags/example_skip_dag.py
[2024-04-17T23:04:33.149+0700] {processor.py:840} INFO - DAG(s) 'example_skip_dag' retrieved from /home/newrey/airflow/airflow-env/lib/python3.10/site-packages/airflow/example_dags/example_skip_dag.py
[2024-04-17T23:04:33.172+0700] {logging_mixin.py:188} INFO - [2024-04-17T23:04:33.172+0700] {dag.py:3096} INFO - Sync 1 DAGs
[2024-04-17T23:04:33.198+0700] {logging_mixin.py:188} INFO - [2024-04-17T23:04:33.198+0700] {dag.py:3954} INFO - Setting next_dagrun for example_skip_dag to 2024-04-16 00:00:00+00:00, run_after=2024-04-17 00:00:00+00:00
[2024-04-17T23:04:33.230+0700] {processor.py:183} INFO - Processing /home/newrey/airflow/airflow-env/lib/python3.10/site-packages/airflow/example_dags/example_skip_dag.py took 0.104 seconds
[2024-04-17T23:05:28.919+0700] {processor.py:161} INFO - Started process (PID=11181) to work on /home/newrey/airflow/airflow-env/lib/python3.10/site-packages/airflow/example_dags/example_skip_dag.py
[2024-04-17T23:05:28.923+0700] {processor.py:830} INFO - Processing file /home/newrey/airflow/airflow-env/lib/python3.10/site-packages/airflow/example_dags/example_skip_dag.py for tasks to queue
[2024-04-17T23:05:28.925+0700] {logging_mixin.py:188} INFO - [2024-04-17T23:05:28.924+0700] {dagbag.py:540} INFO - Filling up the DagBag from /home/newrey/airflow/airflow-env/lib/python3.10/site-packages/airflow/example_dags/example_skip_dag.py
[2024-04-17T23:05:28.932+0700] {processor.py:840} INFO - DAG(s) 'example_skip_dag' retrieved from /home/newrey/airflow/airflow-env/lib/python3.10/site-packages/airflow/example_dags/example_skip_dag.py
[2024-04-17T23:05:28.954+0700] {logging_mixin.py:188} INFO - [2024-04-17T23:05:28.953+0700] {dag.py:3096} INFO - Sync 1 DAGs
[2024-04-17T23:05:28.983+0700] {logging_mixin.py:188} INFO - [2024-04-17T23:05:28.983+0700] {dag.py:3954} INFO - Setting next_dagrun for example_skip_dag to 2024-04-16 00:00:00+00:00, run_after=2024-04-17 00:00:00+00:00
[2024-04-17T23:05:29.014+0700] {processor.py:183} INFO - Processing /home/newrey/airflow/airflow-env/lib/python3.10/site-packages/airflow/example_dags/example_skip_dag.py took 0.109 seconds
[2024-04-17T23:06:27.592+0700] {processor.py:161} INFO - Started process (PID=11316) to work on /home/newrey/airflow/airflow-env/lib/python3.10/site-packages/airflow/example_dags/example_skip_dag.py
[2024-04-17T23:06:27.600+0700] {processor.py:830} INFO - Processing file /home/newrey/airflow/airflow-env/lib/python3.10/site-packages/airflow/example_dags/example_skip_dag.py for tasks to queue
[2024-04-17T23:06:27.601+0700] {logging_mixin.py:188} INFO - [2024-04-17T23:06:27.601+0700] {dagbag.py:540} INFO - Filling up the DagBag from /home/newrey/airflow/airflow-env/lib/python3.10/site-packages/airflow/example_dags/example_skip_dag.py
[2024-04-17T23:06:27.610+0700] {processor.py:840} INFO - DAG(s) 'example_skip_dag' retrieved from /home/newrey/airflow/airflow-env/lib/python3.10/site-packages/airflow/example_dags/example_skip_dag.py
[2024-04-17T23:06:27.642+0700] {logging_mixin.py:188} INFO - [2024-04-17T23:06:27.642+0700] {dag.py:3096} INFO - Sync 1 DAGs
[2024-04-17T23:06:27.674+0700] {logging_mixin.py:188} INFO - [2024-04-17T23:06:27.674+0700] {dag.py:3954} INFO - Setting next_dagrun for example_skip_dag to 2024-04-16 00:00:00+00:00, run_after=2024-04-17 00:00:00+00:00
[2024-04-17T23:06:27.706+0700] {processor.py:183} INFO - Processing /home/newrey/airflow/airflow-env/lib/python3.10/site-packages/airflow/example_dags/example_skip_dag.py took 0.126 seconds
