[2024-04-17T22:42:57.701+0700] {processor.py:161} INFO - Started process (PID=4665) to work on /home/newrey/airflow/airflow-env/lib/python3.10/site-packages/airflow/example_dags/plugins/workday.py
[2024-04-17T22:42:57.708+0700] {processor.py:830} INFO - Processing file /home/newrey/airflow/airflow-env/lib/python3.10/site-packages/airflow/example_dags/plugins/workday.py for tasks to queue
[2024-04-17T22:42:57.715+0700] {logging_mixin.py:188} INFO - [2024-04-17T22:42:57.714+0700] {dagbag.py:540} INFO - Filling up the DagBag from /home/newrey/airflow/airflow-env/lib/python3.10/site-packages/airflow/example_dags/plugins/workday.py
[2024-04-17T22:42:57.718+0700] {logging_mixin.py:188} INFO - [2024-04-17T22:42:57.718+0700] {workday.py:41} WARNING - Could not import pandas. Holidays will not be considered.
[2024-04-17T22:42:57.719+0700] {processor.py:842} WARNING - No viable dags retrieved from /home/newrey/airflow/airflow-env/lib/python3.10/site-packages/airflow/example_dags/plugins/workday.py
[2024-04-17T22:42:57.848+0700] {processor.py:183} INFO - Processing /home/newrey/airflow/airflow-env/lib/python3.10/site-packages/airflow/example_dags/plugins/workday.py took 0.165 seconds
[2024-04-17T22:44:04.990+0700] {processor.py:161} INFO - Started process (PID=4914) to work on /home/newrey/airflow/airflow-env/lib/python3.10/site-packages/airflow/example_dags/plugins/workday.py
[2024-04-17T22:44:04.991+0700] {processor.py:830} INFO - Processing file /home/newrey/airflow/airflow-env/lib/python3.10/site-packages/airflow/example_dags/plugins/workday.py for tasks to queue
[2024-04-17T22:44:04.994+0700] {logging_mixin.py:188} INFO - [2024-04-17T22:44:04.993+0700] {dagbag.py:540} INFO - Filling up the DagBag from /home/newrey/airflow/airflow-env/lib/python3.10/site-packages/airflow/example_dags/plugins/workday.py
[2024-04-17T22:44:05.394+0700] {processor.py:842} WARNING - No viable dags retrieved from /home/newrey/airflow/airflow-env/lib/python3.10/site-packages/airflow/example_dags/plugins/workday.py
[2024-04-17T22:44:05.400+0700] {processor.py:183} INFO - Processing /home/newrey/airflow/airflow-env/lib/python3.10/site-packages/airflow/example_dags/plugins/workday.py took 0.417 seconds
[2024-04-17T22:45:03.125+0700] {processor.py:161} INFO - Started process (PID=5034) to work on /home/newrey/airflow/airflow-env/lib/python3.10/site-packages/airflow/example_dags/plugins/workday.py
[2024-04-17T22:45:03.126+0700] {processor.py:830} INFO - Processing file /home/newrey/airflow/airflow-env/lib/python3.10/site-packages/airflow/example_dags/plugins/workday.py for tasks to queue
[2024-04-17T22:45:03.128+0700] {logging_mixin.py:188} INFO - [2024-04-17T22:45:03.128+0700] {dagbag.py:540} INFO - Filling up the DagBag from /home/newrey/airflow/airflow-env/lib/python3.10/site-packages/airflow/example_dags/plugins/workday.py
[2024-04-17T22:45:03.779+0700] {processor.py:842} WARNING - No viable dags retrieved from /home/newrey/airflow/airflow-env/lib/python3.10/site-packages/airflow/example_dags/plugins/workday.py
[2024-04-17T22:45:03.809+0700] {processor.py:183} INFO - Processing /home/newrey/airflow/airflow-env/lib/python3.10/site-packages/airflow/example_dags/plugins/workday.py took 0.691 seconds
[2024-04-17T22:45:56.661+0700] {processor.py:161} INFO - Started process (PID=5164) to work on /home/newrey/airflow/airflow-env/lib/python3.10/site-packages/airflow/example_dags/plugins/workday.py
[2024-04-17T22:45:56.662+0700] {processor.py:830} INFO - Processing file /home/newrey/airflow/airflow-env/lib/python3.10/site-packages/airflow/example_dags/plugins/workday.py for tasks to queue
[2024-04-17T22:45:56.663+0700] {logging_mixin.py:188} INFO - [2024-04-17T22:45:56.663+0700] {dagbag.py:540} INFO - Filling up the DagBag from /home/newrey/airflow/airflow-env/lib/python3.10/site-packages/airflow/example_dags/plugins/workday.py
[2024-04-17T22:45:56.965+0700] {processor.py:842} WARNING - No viable dags retrieved from /home/newrey/airflow/airflow-env/lib/python3.10/site-packages/airflow/example_dags/plugins/workday.py
[2024-04-17T22:45:56.974+0700] {processor.py:183} INFO - Processing /home/newrey/airflow/airflow-env/lib/python3.10/site-packages/airflow/example_dags/plugins/workday.py took 0.328 seconds
[2024-04-17T22:46:48.569+0700] {processor.py:161} INFO - Started process (PID=5282) to work on /home/newrey/airflow/airflow-env/lib/python3.10/site-packages/airflow/example_dags/plugins/workday.py
[2024-04-17T22:46:48.570+0700] {processor.py:830} INFO - Processing file /home/newrey/airflow/airflow-env/lib/python3.10/site-packages/airflow/example_dags/plugins/workday.py for tasks to queue
[2024-04-17T22:46:48.572+0700] {logging_mixin.py:188} INFO - [2024-04-17T22:46:48.571+0700] {dagbag.py:540} INFO - Filling up the DagBag from /home/newrey/airflow/airflow-env/lib/python3.10/site-packages/airflow/example_dags/plugins/workday.py
[2024-04-17T22:46:48.892+0700] {processor.py:842} WARNING - No viable dags retrieved from /home/newrey/airflow/airflow-env/lib/python3.10/site-packages/airflow/example_dags/plugins/workday.py
[2024-04-17T22:46:48.903+0700] {processor.py:183} INFO - Processing /home/newrey/airflow/airflow-env/lib/python3.10/site-packages/airflow/example_dags/plugins/workday.py took 0.343 seconds
[2024-04-17T22:47:38.818+0700] {processor.py:161} INFO - Started process (PID=5654) to work on /home/newrey/airflow/airflow-env/lib/python3.10/site-packages/airflow/example_dags/plugins/workday.py
[2024-04-17T22:47:38.828+0700] {processor.py:830} INFO - Processing file /home/newrey/airflow/airflow-env/lib/python3.10/site-packages/airflow/example_dags/plugins/workday.py for tasks to queue
[2024-04-17T22:47:38.831+0700] {logging_mixin.py:188} INFO - [2024-04-17T22:47:38.830+0700] {dagbag.py:540} INFO - Filling up the DagBag from /home/newrey/airflow/airflow-env/lib/python3.10/site-packages/airflow/example_dags/plugins/workday.py
[2024-04-17T22:47:39.303+0700] {processor.py:842} WARNING - No viable dags retrieved from /home/newrey/airflow/airflow-env/lib/python3.10/site-packages/airflow/example_dags/plugins/workday.py
[2024-04-17T22:47:39.326+0700] {processor.py:183} INFO - Processing /home/newrey/airflow/airflow-env/lib/python3.10/site-packages/airflow/example_dags/plugins/workday.py took 0.516 seconds
[2024-04-17T22:48:27.221+0700] {processor.py:161} INFO - Started process (PID=6018) to work on /home/newrey/airflow/airflow-env/lib/python3.10/site-packages/airflow/example_dags/plugins/workday.py
[2024-04-17T22:48:27.224+0700] {processor.py:830} INFO - Processing file /home/newrey/airflow/airflow-env/lib/python3.10/site-packages/airflow/example_dags/plugins/workday.py for tasks to queue
[2024-04-17T22:48:27.225+0700] {logging_mixin.py:188} INFO - [2024-04-17T22:48:27.225+0700] {dagbag.py:540} INFO - Filling up the DagBag from /home/newrey/airflow/airflow-env/lib/python3.10/site-packages/airflow/example_dags/plugins/workday.py
[2024-04-17T22:48:27.543+0700] {processor.py:842} WARNING - No viable dags retrieved from /home/newrey/airflow/airflow-env/lib/python3.10/site-packages/airflow/example_dags/plugins/workday.py
[2024-04-17T22:48:27.552+0700] {processor.py:183} INFO - Processing /home/newrey/airflow/airflow-env/lib/python3.10/site-packages/airflow/example_dags/plugins/workday.py took 0.342 seconds
[2024-04-17T22:49:18.157+0700] {processor.py:161} INFO - Started process (PID=6394) to work on /home/newrey/airflow/airflow-env/lib/python3.10/site-packages/airflow/example_dags/plugins/workday.py
[2024-04-17T22:49:18.159+0700] {processor.py:830} INFO - Processing file /home/newrey/airflow/airflow-env/lib/python3.10/site-packages/airflow/example_dags/plugins/workday.py for tasks to queue
[2024-04-17T22:49:18.163+0700] {logging_mixin.py:188} INFO - [2024-04-17T22:49:18.162+0700] {dagbag.py:540} INFO - Filling up the DagBag from /home/newrey/airflow/airflow-env/lib/python3.10/site-packages/airflow/example_dags/plugins/workday.py
[2024-04-17T22:49:18.594+0700] {processor.py:842} WARNING - No viable dags retrieved from /home/newrey/airflow/airflow-env/lib/python3.10/site-packages/airflow/example_dags/plugins/workday.py
[2024-04-17T22:49:18.605+0700] {processor.py:183} INFO - Processing /home/newrey/airflow/airflow-env/lib/python3.10/site-packages/airflow/example_dags/plugins/workday.py took 0.461 seconds
[2024-04-17T22:50:08.639+0700] {processor.py:161} INFO - Started process (PID=6521) to work on /home/newrey/airflow/airflow-env/lib/python3.10/site-packages/airflow/example_dags/plugins/workday.py
[2024-04-17T22:50:08.640+0700] {processor.py:830} INFO - Processing file /home/newrey/airflow/airflow-env/lib/python3.10/site-packages/airflow/example_dags/plugins/workday.py for tasks to queue
[2024-04-17T22:50:08.642+0700] {logging_mixin.py:188} INFO - [2024-04-17T22:50:08.642+0700] {dagbag.py:540} INFO - Filling up the DagBag from /home/newrey/airflow/airflow-env/lib/python3.10/site-packages/airflow/example_dags/plugins/workday.py
[2024-04-17T22:50:08.935+0700] {processor.py:842} WARNING - No viable dags retrieved from /home/newrey/airflow/airflow-env/lib/python3.10/site-packages/airflow/example_dags/plugins/workday.py
[2024-04-17T22:50:08.943+0700] {processor.py:183} INFO - Processing /home/newrey/airflow/airflow-env/lib/python3.10/site-packages/airflow/example_dags/plugins/workday.py took 0.313 seconds
[2024-04-17T22:51:29.486+0700] {processor.py:161} INFO - Started process (PID=7166) to work on /home/newrey/airflow/airflow-env/lib/python3.10/site-packages/airflow/example_dags/plugins/workday.py
[2024-04-17T22:51:29.487+0700] {processor.py:830} INFO - Processing file /home/newrey/airflow/airflow-env/lib/python3.10/site-packages/airflow/example_dags/plugins/workday.py for tasks to queue
[2024-04-17T22:51:29.489+0700] {logging_mixin.py:188} INFO - [2024-04-17T22:51:29.488+0700] {dagbag.py:540} INFO - Filling up the DagBag from /home/newrey/airflow/airflow-env/lib/python3.10/site-packages/airflow/example_dags/plugins/workday.py
[2024-04-17T22:51:29.865+0700] {processor.py:842} WARNING - No viable dags retrieved from /home/newrey/airflow/airflow-env/lib/python3.10/site-packages/airflow/example_dags/plugins/workday.py
[2024-04-17T22:51:29.875+0700] {processor.py:183} INFO - Processing /home/newrey/airflow/airflow-env/lib/python3.10/site-packages/airflow/example_dags/plugins/workday.py took 0.400 seconds
[2024-04-17T22:52:35.476+0700] {processor.py:161} INFO - Started process (PID=8067) to work on /home/newrey/airflow/airflow-env/lib/python3.10/site-packages/airflow/example_dags/plugins/workday.py
[2024-04-17T22:52:35.477+0700] {processor.py:830} INFO - Processing file /home/newrey/airflow/airflow-env/lib/python3.10/site-packages/airflow/example_dags/plugins/workday.py for tasks to queue
[2024-04-17T22:52:35.479+0700] {logging_mixin.py:188} INFO - [2024-04-17T22:52:35.479+0700] {dagbag.py:540} INFO - Filling up the DagBag from /home/newrey/airflow/airflow-env/lib/python3.10/site-packages/airflow/example_dags/plugins/workday.py
[2024-04-17T22:52:35.790+0700] {processor.py:842} WARNING - No viable dags retrieved from /home/newrey/airflow/airflow-env/lib/python3.10/site-packages/airflow/example_dags/plugins/workday.py
[2024-04-17T22:52:35.797+0700] {processor.py:183} INFO - Processing /home/newrey/airflow/airflow-env/lib/python3.10/site-packages/airflow/example_dags/plugins/workday.py took 0.334 seconds
[2024-04-17T22:53:26.877+0700] {processor.py:161} INFO - Started process (PID=8743) to work on /home/newrey/airflow/airflow-env/lib/python3.10/site-packages/airflow/example_dags/plugins/workday.py
[2024-04-17T22:53:26.878+0700] {processor.py:830} INFO - Processing file /home/newrey/airflow/airflow-env/lib/python3.10/site-packages/airflow/example_dags/plugins/workday.py for tasks to queue
[2024-04-17T22:53:26.880+0700] {logging_mixin.py:188} INFO - [2024-04-17T22:53:26.880+0700] {dagbag.py:540} INFO - Filling up the DagBag from /home/newrey/airflow/airflow-env/lib/python3.10/site-packages/airflow/example_dags/plugins/workday.py
[2024-04-17T22:53:27.254+0700] {processor.py:842} WARNING - No viable dags retrieved from /home/newrey/airflow/airflow-env/lib/python3.10/site-packages/airflow/example_dags/plugins/workday.py
[2024-04-17T22:53:27.263+0700] {processor.py:183} INFO - Processing /home/newrey/airflow/airflow-env/lib/python3.10/site-packages/airflow/example_dags/plugins/workday.py took 0.396 seconds
[2024-04-17T22:54:26.314+0700] {processor.py:161} INFO - Started process (PID=9222) to work on /home/newrey/airflow/airflow-env/lib/python3.10/site-packages/airflow/example_dags/plugins/workday.py
[2024-04-17T22:54:26.315+0700] {processor.py:830} INFO - Processing file /home/newrey/airflow/airflow-env/lib/python3.10/site-packages/airflow/example_dags/plugins/workday.py for tasks to queue
[2024-04-17T22:54:26.316+0700] {logging_mixin.py:188} INFO - [2024-04-17T22:54:26.316+0700] {dagbag.py:540} INFO - Filling up the DagBag from /home/newrey/airflow/airflow-env/lib/python3.10/site-packages/airflow/example_dags/plugins/workday.py
[2024-04-17T22:54:26.646+0700] {processor.py:842} WARNING - No viable dags retrieved from /home/newrey/airflow/airflow-env/lib/python3.10/site-packages/airflow/example_dags/plugins/workday.py
[2024-04-17T22:54:26.653+0700] {processor.py:183} INFO - Processing /home/newrey/airflow/airflow-env/lib/python3.10/site-packages/airflow/example_dags/plugins/workday.py took 0.349 seconds
[2024-04-17T22:55:16.661+0700] {processor.py:161} INFO - Started process (PID=9293) to work on /home/newrey/airflow/airflow-env/lib/python3.10/site-packages/airflow/example_dags/plugins/workday.py
[2024-04-17T22:55:16.663+0700] {processor.py:830} INFO - Processing file /home/newrey/airflow/airflow-env/lib/python3.10/site-packages/airflow/example_dags/plugins/workday.py for tasks to queue
[2024-04-17T22:55:16.664+0700] {logging_mixin.py:188} INFO - [2024-04-17T22:55:16.664+0700] {dagbag.py:540} INFO - Filling up the DagBag from /home/newrey/airflow/airflow-env/lib/python3.10/site-packages/airflow/example_dags/plugins/workday.py
[2024-04-17T22:55:16.953+0700] {processor.py:842} WARNING - No viable dags retrieved from /home/newrey/airflow/airflow-env/lib/python3.10/site-packages/airflow/example_dags/plugins/workday.py
[2024-04-17T22:55:16.960+0700] {processor.py:183} INFO - Processing /home/newrey/airflow/airflow-env/lib/python3.10/site-packages/airflow/example_dags/plugins/workday.py took 0.309 seconds
[2024-04-17T22:56:23.873+0700] {processor.py:161} INFO - Started process (PID=9437) to work on /home/newrey/airflow/airflow-env/lib/python3.10/site-packages/airflow/example_dags/plugins/workday.py
[2024-04-17T22:56:23.875+0700] {processor.py:830} INFO - Processing file /home/newrey/airflow/airflow-env/lib/python3.10/site-packages/airflow/example_dags/plugins/workday.py for tasks to queue
[2024-04-17T22:56:23.877+0700] {logging_mixin.py:188} INFO - [2024-04-17T22:56:23.876+0700] {dagbag.py:540} INFO - Filling up the DagBag from /home/newrey/airflow/airflow-env/lib/python3.10/site-packages/airflow/example_dags/plugins/workday.py
[2024-04-17T22:56:24.185+0700] {processor.py:842} WARNING - No viable dags retrieved from /home/newrey/airflow/airflow-env/lib/python3.10/site-packages/airflow/example_dags/plugins/workday.py
[2024-04-17T22:56:24.193+0700] {processor.py:183} INFO - Processing /home/newrey/airflow/airflow-env/lib/python3.10/site-packages/airflow/example_dags/plugins/workday.py took 0.330 seconds
[2024-04-17T22:57:29.799+0700] {processor.py:161} INFO - Started process (PID=9686) to work on /home/newrey/airflow/airflow-env/lib/python3.10/site-packages/airflow/example_dags/plugins/workday.py
[2024-04-17T22:57:29.801+0700] {processor.py:830} INFO - Processing file /home/newrey/airflow/airflow-env/lib/python3.10/site-packages/airflow/example_dags/plugins/workday.py for tasks to queue
[2024-04-17T22:57:29.802+0700] {logging_mixin.py:188} INFO - [2024-04-17T22:57:29.802+0700] {dagbag.py:540} INFO - Filling up the DagBag from /home/newrey/airflow/airflow-env/lib/python3.10/site-packages/airflow/example_dags/plugins/workday.py
[2024-04-17T22:57:30.142+0700] {processor.py:842} WARNING - No viable dags retrieved from /home/newrey/airflow/airflow-env/lib/python3.10/site-packages/airflow/example_dags/plugins/workday.py
[2024-04-17T22:57:30.150+0700] {processor.py:183} INFO - Processing /home/newrey/airflow/airflow-env/lib/python3.10/site-packages/airflow/example_dags/plugins/workday.py took 0.360 seconds
[2024-04-17T22:58:19.424+0700] {processor.py:161} INFO - Started process (PID=9788) to work on /home/newrey/airflow/airflow-env/lib/python3.10/site-packages/airflow/example_dags/plugins/workday.py
[2024-04-17T22:58:19.425+0700] {processor.py:830} INFO - Processing file /home/newrey/airflow/airflow-env/lib/python3.10/site-packages/airflow/example_dags/plugins/workday.py for tasks to queue
[2024-04-17T22:58:19.427+0700] {logging_mixin.py:188} INFO - [2024-04-17T22:58:19.426+0700] {dagbag.py:540} INFO - Filling up the DagBag from /home/newrey/airflow/airflow-env/lib/python3.10/site-packages/airflow/example_dags/plugins/workday.py
[2024-04-17T22:58:19.741+0700] {processor.py:842} WARNING - No viable dags retrieved from /home/newrey/airflow/airflow-env/lib/python3.10/site-packages/airflow/example_dags/plugins/workday.py
[2024-04-17T22:58:19.749+0700] {processor.py:183} INFO - Processing /home/newrey/airflow/airflow-env/lib/python3.10/site-packages/airflow/example_dags/plugins/workday.py took 0.333 seconds
[2024-04-17T22:59:28.496+0700] {processor.py:161} INFO - Started process (PID=10127) to work on /home/newrey/airflow/airflow-env/lib/python3.10/site-packages/airflow/example_dags/plugins/workday.py
[2024-04-17T22:59:28.497+0700] {processor.py:830} INFO - Processing file /home/newrey/airflow/airflow-env/lib/python3.10/site-packages/airflow/example_dags/plugins/workday.py for tasks to queue
[2024-04-17T22:59:28.499+0700] {logging_mixin.py:188} INFO - [2024-04-17T22:59:28.499+0700] {dagbag.py:540} INFO - Filling up the DagBag from /home/newrey/airflow/airflow-env/lib/python3.10/site-packages/airflow/example_dags/plugins/workday.py
[2024-04-17T22:59:28.801+0700] {processor.py:842} WARNING - No viable dags retrieved from /home/newrey/airflow/airflow-env/lib/python3.10/site-packages/airflow/example_dags/plugins/workday.py
[2024-04-17T22:59:28.810+0700] {processor.py:183} INFO - Processing /home/newrey/airflow/airflow-env/lib/python3.10/site-packages/airflow/example_dags/plugins/workday.py took 0.325 seconds
[2024-04-17T23:00:41.588+0700] {processor.py:161} INFO - Started process (PID=10424) to work on /home/newrey/airflow/airflow-env/lib/python3.10/site-packages/airflow/example_dags/plugins/workday.py
[2024-04-17T23:00:41.589+0700] {processor.py:830} INFO - Processing file /home/newrey/airflow/airflow-env/lib/python3.10/site-packages/airflow/example_dags/plugins/workday.py for tasks to queue
[2024-04-17T23:00:41.591+0700] {logging_mixin.py:188} INFO - [2024-04-17T23:00:41.591+0700] {dagbag.py:540} INFO - Filling up the DagBag from /home/newrey/airflow/airflow-env/lib/python3.10/site-packages/airflow/example_dags/plugins/workday.py
[2024-04-17T23:00:41.932+0700] {processor.py:842} WARNING - No viable dags retrieved from /home/newrey/airflow/airflow-env/lib/python3.10/site-packages/airflow/example_dags/plugins/workday.py
[2024-04-17T23:00:41.941+0700] {processor.py:183} INFO - Processing /home/newrey/airflow/airflow-env/lib/python3.10/site-packages/airflow/example_dags/plugins/workday.py took 0.366 seconds
[2024-04-17T23:01:32.601+0700] {processor.py:161} INFO - Started process (PID=10554) to work on /home/newrey/airflow/airflow-env/lib/python3.10/site-packages/airflow/example_dags/plugins/workday.py
[2024-04-17T23:01:32.602+0700] {processor.py:830} INFO - Processing file /home/newrey/airflow/airflow-env/lib/python3.10/site-packages/airflow/example_dags/plugins/workday.py for tasks to queue
[2024-04-17T23:01:32.604+0700] {logging_mixin.py:188} INFO - [2024-04-17T23:01:32.603+0700] {dagbag.py:540} INFO - Filling up the DagBag from /home/newrey/airflow/airflow-env/lib/python3.10/site-packages/airflow/example_dags/plugins/workday.py
[2024-04-17T23:01:32.921+0700] {processor.py:842} WARNING - No viable dags retrieved from /home/newrey/airflow/airflow-env/lib/python3.10/site-packages/airflow/example_dags/plugins/workday.py
[2024-04-17T23:01:32.932+0700] {processor.py:183} INFO - Processing /home/newrey/airflow/airflow-env/lib/python3.10/site-packages/airflow/example_dags/plugins/workday.py took 0.340 seconds
[2024-04-17T23:02:23.336+0700] {processor.py:161} INFO - Started process (PID=10623) to work on /home/newrey/airflow/airflow-env/lib/python3.10/site-packages/airflow/example_dags/plugins/workday.py
[2024-04-17T23:02:23.337+0700] {processor.py:830} INFO - Processing file /home/newrey/airflow/airflow-env/lib/python3.10/site-packages/airflow/example_dags/plugins/workday.py for tasks to queue
[2024-04-17T23:02:23.339+0700] {logging_mixin.py:188} INFO - [2024-04-17T23:02:23.338+0700] {dagbag.py:540} INFO - Filling up the DagBag from /home/newrey/airflow/airflow-env/lib/python3.10/site-packages/airflow/example_dags/plugins/workday.py
[2024-04-17T23:02:23.823+0700] {processor.py:842} WARNING - No viable dags retrieved from /home/newrey/airflow/airflow-env/lib/python3.10/site-packages/airflow/example_dags/plugins/workday.py
[2024-04-17T23:02:23.845+0700] {processor.py:183} INFO - Processing /home/newrey/airflow/airflow-env/lib/python3.10/site-packages/airflow/example_dags/plugins/workday.py took 0.519 seconds
[2024-04-17T23:03:14.775+0700] {processor.py:161} INFO - Started process (PID=10817) to work on /home/newrey/airflow/airflow-env/lib/python3.10/site-packages/airflow/example_dags/plugins/workday.py
[2024-04-17T23:03:14.777+0700] {processor.py:830} INFO - Processing file /home/newrey/airflow/airflow-env/lib/python3.10/site-packages/airflow/example_dags/plugins/workday.py for tasks to queue
[2024-04-17T23:03:14.779+0700] {logging_mixin.py:188} INFO - [2024-04-17T23:03:14.779+0700] {dagbag.py:540} INFO - Filling up the DagBag from /home/newrey/airflow/airflow-env/lib/python3.10/site-packages/airflow/example_dags/plugins/workday.py
[2024-04-17T23:03:15.073+0700] {processor.py:842} WARNING - No viable dags retrieved from /home/newrey/airflow/airflow-env/lib/python3.10/site-packages/airflow/example_dags/plugins/workday.py
[2024-04-17T23:03:15.081+0700] {processor.py:183} INFO - Processing /home/newrey/airflow/airflow-env/lib/python3.10/site-packages/airflow/example_dags/plugins/workday.py took 0.318 seconds
[2024-04-17T23:04:05.675+0700] {processor.py:161} INFO - Started process (PID=10958) to work on /home/newrey/airflow/airflow-env/lib/python3.10/site-packages/airflow/example_dags/plugins/workday.py
[2024-04-17T23:04:05.678+0700] {processor.py:830} INFO - Processing file /home/newrey/airflow/airflow-env/lib/python3.10/site-packages/airflow/example_dags/plugins/workday.py for tasks to queue
[2024-04-17T23:04:05.680+0700] {logging_mixin.py:188} INFO - [2024-04-17T23:04:05.680+0700] {dagbag.py:540} INFO - Filling up the DagBag from /home/newrey/airflow/airflow-env/lib/python3.10/site-packages/airflow/example_dags/plugins/workday.py
[2024-04-17T23:04:06.094+0700] {processor.py:842} WARNING - No viable dags retrieved from /home/newrey/airflow/airflow-env/lib/python3.10/site-packages/airflow/example_dags/plugins/workday.py
[2024-04-17T23:04:06.107+0700] {processor.py:183} INFO - Processing /home/newrey/airflow/airflow-env/lib/python3.10/site-packages/airflow/example_dags/plugins/workday.py took 0.442 seconds
[2024-04-17T23:05:02.068+0700] {processor.py:161} INFO - Started process (PID=11091) to work on /home/newrey/airflow/airflow-env/lib/python3.10/site-packages/airflow/example_dags/plugins/workday.py
[2024-04-17T23:05:02.072+0700] {processor.py:830} INFO - Processing file /home/newrey/airflow/airflow-env/lib/python3.10/site-packages/airflow/example_dags/plugins/workday.py for tasks to queue
[2024-04-17T23:05:02.076+0700] {logging_mixin.py:188} INFO - [2024-04-17T23:05:02.075+0700] {dagbag.py:540} INFO - Filling up the DagBag from /home/newrey/airflow/airflow-env/lib/python3.10/site-packages/airflow/example_dags/plugins/workday.py
[2024-04-17T23:05:02.648+0700] {processor.py:842} WARNING - No viable dags retrieved from /home/newrey/airflow/airflow-env/lib/python3.10/site-packages/airflow/example_dags/plugins/workday.py
[2024-04-17T23:05:02.656+0700] {processor.py:183} INFO - Processing /home/newrey/airflow/airflow-env/lib/python3.10/site-packages/airflow/example_dags/plugins/workday.py took 0.614 seconds
[2024-04-17T23:06:01.319+0700] {processor.py:161} INFO - Started process (PID=11227) to work on /home/newrey/airflow/airflow-env/lib/python3.10/site-packages/airflow/example_dags/plugins/workday.py
[2024-04-17T23:06:01.321+0700] {processor.py:830} INFO - Processing file /home/newrey/airflow/airflow-env/lib/python3.10/site-packages/airflow/example_dags/plugins/workday.py for tasks to queue
[2024-04-17T23:06:01.323+0700] {logging_mixin.py:188} INFO - [2024-04-17T23:06:01.323+0700] {dagbag.py:540} INFO - Filling up the DagBag from /home/newrey/airflow/airflow-env/lib/python3.10/site-packages/airflow/example_dags/plugins/workday.py
[2024-04-17T23:06:01.754+0700] {processor.py:842} WARNING - No viable dags retrieved from /home/newrey/airflow/airflow-env/lib/python3.10/site-packages/airflow/example_dags/plugins/workday.py
[2024-04-17T23:06:01.764+0700] {processor.py:183} INFO - Processing /home/newrey/airflow/airflow-env/lib/python3.10/site-packages/airflow/example_dags/plugins/workday.py took 0.458 seconds
[2024-04-17T23:06:57.491+0700] {processor.py:161} INFO - Started process (PID=11361) to work on /home/newrey/airflow/airflow-env/lib/python3.10/site-packages/airflow/example_dags/plugins/workday.py
[2024-04-17T23:06:57.494+0700] {processor.py:830} INFO - Processing file /home/newrey/airflow/airflow-env/lib/python3.10/site-packages/airflow/example_dags/plugins/workday.py for tasks to queue
[2024-04-17T23:06:57.498+0700] {logging_mixin.py:188} INFO - [2024-04-17T23:06:57.497+0700] {dagbag.py:540} INFO - Filling up the DagBag from /home/newrey/airflow/airflow-env/lib/python3.10/site-packages/airflow/example_dags/plugins/workday.py
[2024-04-17T23:06:58.052+0700] {processor.py:842} WARNING - No viable dags retrieved from /home/newrey/airflow/airflow-env/lib/python3.10/site-packages/airflow/example_dags/plugins/workday.py
[2024-04-17T23:06:58.062+0700] {processor.py:183} INFO - Processing /home/newrey/airflow/airflow-env/lib/python3.10/site-packages/airflow/example_dags/plugins/workday.py took 0.587 seconds
